=~=~=~=~=~=~=~=~=~=~=~= PuTTY log 2021.12.09 18:50:05 =~=~=~=~=~=~=~=~=~=~=~=
135947.50,291.25,68865.98,306.63
135329.56,291.35,69075.15,306.56
135483.88,291.33,68935.65,306.60
136412.08,291.18,69214.88,306.51
135021.25,291.40,68796.38,306.65
134405.95,291.50,68865.98,306.63
136722.36,291.13,69075.15,306.56
135638.31,291.30,68796.38,306.65
135329.56,291.35,68796.38,306.65
135483.88,291.33,68449.20,306.77
133945.59,291.57,69214.88,306.51
135483.88,291.33,69705.77,306.34
136257.13,291.20,68726.83,306.68
135021.25,291.40,69144.98,306.53
135021.25,291.40,68657.34,306.70
135329.56,291.35,69144.98,306.53
135021.25,291.40,69565.22,306.39
134713.39,291.45,68657.34,306.70
134867.27,291.42,69075.15,306.56
134713.39,291.45,69214.88,306.51
134098.95,291.55,68657.34,306.70
135329.56,291.35,68726.83,306.68
134867.27,291.42,68796.38,306.65
134252.39,291.52,69144.98,306.53
134713.39,291.45,68865.98,306.63
135638.31,291.30,68865.98,306.63
134098.95,291.55,69075.15,306.56
134098.95,291.55,69005.36,306.58
135483.88,291.33,68657.34,306.70
135021.25,291.40,68865.98,306.63
135329.56,291.35,68796.38,306.65
133792.39,291.60,68587.89,306.73
136412.08,291.18,69214.88,306.51
135947.50,291.25,68657.34,306.70
135638.31,291.30,68657.34,306.70
135021.25,291.40,68935.65,306.60
134867.27,291.42,68587.89,306.73
133945.59,291.57,68518.52,306.75
136722.36,291.13,69214.88,306.51
135021.25,291.40,68865.98,306.63
136102.23,291.23,68865.98,306.63
135175.36,291.37,68935.65,306.60
134867.27,291.42,68796.38,306.65
134098.95,291.55,68310.73,306.82
135021.25,291.40,69075.15,306.56
133945.59,291.57,68241.58,306.85
134098.95,291.55,68726.83,306.68
135638.31,291.30,68103.45,306.89
135638.31,291.30,68379.93,306.80
135638.31,291.30,68657.34,306.70
134098.95,291.55,68103.45,306.89
136412.08,291.18,68865.98,306.63
134867.27,291.42,68587.89,306.73
134713.39,291.45,68241.58,306.85
135483.88,291.33,68449.20,306.77
134098.95,291.55,68310.73,306.82
135021.25,291.40,68379.93,306.80
135947.50,291.25,68034.47,306.92
133792.39,291.60,67965.55,306.94
135483.88,291.33,68034.47,306.92
135638.31,291.30,67827.88,306.99
135792.84,291.28,68449.20,306.77
134252.39,291.52,68241.58,306.85
136567.17,291.15,68587.89,306.73
134098.95,291.55,68449.20,306.77
135947.50,291.25,68241.58,306.85
135947.50,291.25,68310.73,306.82
134098.95,291.55,68172.48,306.87
135638.31,291.30,68449.20,306.77
134867.27,291.42,68241.58,306.85
135021.25,291.40,67827.88,306.99
135021.25,291.40,68379.93,306.80
133486.25,291.65,67690.41,307.04
134252.39,291.52,68379.93,306.80
134252.39,291.52,68379.93,306.80
134867.27,291.42,68518.52,306.75
136412.08,291.18,68518.52,306.75
134713.39,291.45,68241.58,306.85
136412.08,291.18,68310.73,306.82
135947.50,291.25,68657.34,306.70
134098.95,291.55,68310.73,306.82
134098.95,291.55,68449.20,306.77
135175.36,291.37,68587.89,306.73
133486.25,291.65,68034.47,306.92
134867.27,291.42,68657.34,306.70
135947.50,291.25,68449.20,306.77
136257.13,291.20,68935.65,306.60
133945.59,291.57,68449.20,306.77
135638.31,291.30,68657.34,306.70
134405.95,291.50,68518.52,306.75
135175.36,291.37,68935.65,306.60
134713.39,291.45,68449.20,306.77
134252.39,291.52,68518.52,306.75
135483.88,291.33,68518.52,306.75
134098.95,291.55,68518.52,306.75
135329.56,291.35,68935.65,306.60
134405.95,291.50,68449.20,306.77
135329.56,291.35,68657.34,306.70
134098.95,291.55,68449.20,306.77
135947.50,291.25,69214.88,306.51
135638.31,291.30,68449.20,306.77
135792.84,291.28,68865.98,306.63
135021.25,291.40,68379.93,306.80
134867.27,291.42,68796.38,306.65
134252.39,291.52,68449.20,306.77
136102.23,291.23,68935.65,306.60
135021.25,291.40,68935.65,306.60
134098.95,291.55,68518.52,306.75
135483.88,291.33,68865.98,306.63
134252.39,291.52,68172.48,306.87
135021.25,291.40,68587.89,306.73
134867.27,291.42,68657.34,306.70
136102.23,291.23,68587.89,306.73
133945.59,291.57,68379.93,306.80
134713.39,291.45,68379.93,306.80
135021.25,291.40,68657.34,306.70
136102.23,291.23,69075.15,306.56
134867.27,291.42,69354.84,306.46
135021.25,291.40,68796.38,306.65
134405.95,291.50,68865.98,306.63
135021.25,291.40,68726.83,306.68
134405.95,291.50,68379.93,306.80
135329.56,291.35,68657.34,306.70
133945.59,291.57,68518.52,306.75
135021.25,291.40,68379.93,306.80
135792.84,291.28,68657.34,306.70
134713.39,291.45,68587.89,306.73
134252.39,291.52,68241.58,306.85
134252.39,291.52,68657.34,306.70
134098.95,291.55,68449.20,306.77
134867.27,291.42,68657.34,306.70
135483.88,291.33,68310.73,306.82
134252.39,291.52,68449.20,306.77
133792.39,291.60,68449.20,306.77
133945.59,291.57,68518.52,306.75
135021.25,291.40,69075.15,306.56
133945.59,291.57,68518.52,306.75
134713.39,291.45,68796.38,306.65
135792.84,291.28,69144.98,306.53
133639.25,291.62,68518.52,306.75
135021.25,291.40,68587.89,306.73
134713.39,291.45,68935.65,306.60
133792.39,291.60,68657.34,306.70
134252.39,291.52,68379.93,306.80
134405.95,291.50,68449.20,306.77
134405.95,291.50,68310.73,306.82
135947.50,291.25,68657.34,306.70
134867.27,291.42,68310.73,306.82
135638.31,291.30,68726.83,306.68
136102.23,291.23,68587.89,306.73
133945.59,291.57,68796.38,306.65
134405.95,291.50,68657.34,306.70
133945.59,291.57,67827.88,306.99
134405.95,291.50,68657.34,306.70
134405.95,291.50,68379.93,306.80
133945.59,291.57,68310.73,306.82
134867.27,291.42,68518.52,306.75
134713.39,291.45,68657.34,306.70
135638.31,291.30,68796.38,306.65
134098.95,291.55,68449.20,306.77
134713.39,291.45,68172.48,306.87
134098.95,291.55,68657.34,306.70
133945.59,291.57,68449.20,306.77
134713.39,291.45,68587.89,306.73
134098.95,291.55,68034.47,306.92
134405.95,291.50,68657.34,306.70
135329.56,291.35,68587.89,306.73
133945.59,291.57,67965.55,306.94
133945.59,291.57,68379.93,306.80
135638.31,291.30,68103.45,306.89
134252.39,291.52,68103.45,306.89
134098.95,291.55,68310.73,306.82
135329.56,291.35,68172.48,306.87
133945.59,291.57,68449.20,306.77
134713.39,291.45,68310.73,306.82
134252.39,291.52,68034.47,306.92
134559.59,291.47,67690.41,307.04
135329.56,291.35,67965.55,306.94
134405.95,291.50,68310.73,306.82
134098.95,291.55,68449.20,306.77
134252.39,291.52,68103.45,306.89
134098.95,291.55,68241.58,306.85
136567.17,291.15,68103.45,306.89
133945.59,291.57,68310.73,306.82
133945.59,291.57,68449.20,306.77
133792.39,291.60,68726.83,306.68
135638.31,291.30,67827.88,306.99
135329.56,291.35,68449.20,306.77
133792.39,291.60,68379.93,306.80
134713.39,291.45,68657.34,306.70
133945.59,291.57,68379.93,306.80
134252.39,291.52,68518.52,306.75
135329.56,291.35,68449.20,306.77
133945.59,291.57,68310.73,306.82
135021.25,291.40,68379.93,306.80
135483.88,291.33,67965.55,306.94
134713.39,291.45,68518.52,306.75
134559.59,291.47,68657.34,306.70
134252.39,291.52,67416.20,307.14
135638.31,291.30,68518.52,306.75
135021.25,291.40,68449.20,306.77
134713.39,291.45,68379.93,306.80
133945.59,291.57,68379.93,306.80
135483.88,291.33,68379.93,306.80
133945.59,291.57,66666.66,307.40
136412.08,291.18,68310.73,306.82
132875.28,291.74,67759.11,307.01
135947.50,291.25,68449.20,306.77
133945.59,291.57,67484.66,307.11
135021.25,291.40,67827.88,306.99
134252.39,291.52,67827.88,306.99
133945.59,291.57,67553.19,307.09
134252.39,291.52,67965.55,306.94
133945.59,291.57,68310.73,306.82
135021.25,291.40,67690.41,307.04
134252.39,291.52,68310.73,306.82
134252.39,291.52,67553.19,307.09
133945.59,291.57,67553.19,307.09
134559.59,291.47,67553.19,307.09
134405.95,291.50,67553.19,307.09
134252.39,291.52,67484.66,307.11
134098.95,291.55,67416.20,307.14
135638.31,291.30,67965.55,306.94
133792.39,291.60,67690.41,307.04
134867.27,291.42,67759.11,307.01
134098.95,291.55,67279.41,307.18
135329.56,291.35,68034.47,306.92
135021.25,291.40,67690.41,307.04
135329.56,291.35,67827.88,306.99
134252.39,291.52,67484.66,307.11
134713.39,291.45,68034.47,306.92
134098.95,291.55,67621.78,307.06
134405.95,291.50,67759.11,307.01
133792.39,291.60,67621.78,307.06
134713.39,291.45,67553.19,307.09
133945.59,291.57,67553.19,307.09
134713.39,291.45,67553.19,307.09
134098.95,291.55,67759.11,307.01
134867.27,291.42,67484.66,307.11
134098.95,291.55,67690.41,307.04
135483.88,291.33,67896.68,306.97
133945.59,291.57,67690.41,307.04
134252.39,291.52,67690.41,307.04
134713.39,291.45,67416.20,307.14
134405.95,291.50,67965.55,306.94
133945.59,291.57,67553.19,307.09
135329.56,291.35,68449.20,306.77
133639.25,291.62,67690.41,307.04
134559.59,291.47,68103.45,306.89
134098.95,291.55,67416.20,307.14
134713.39,291.45,68103.45,306.89
135021.25,291.40,67827.88,306.99
132570.44,291.79,68103.45,306.89
135483.88,291.33,67827.88,306.99
134252.39,291.52,67690.41,307.04
134098.95,291.55,68103.45,306.89
134867.27,291.42,67142.85,307.23
134867.27,291.42,67347.77,307.16
133945.59,291.57,68241.58,306.85
133945.59,291.57,68172.48,306.87
134098.95,291.55,68241.58,306.85
134559.59,291.47,67690.41,307.04
135638.31,291.30,68310.73,306.82
133945.59,291.57,67690.41,307.04
134252.39,291.52,68103.45,306.89
134713.39,291.45,68310.73,306.82
133945.59,291.57,68103.45,306.89
134098.95,291.55,68518.52,306.75
133945.59,291.57,68034.47,306.92
135021.25,291.40,68034.47,306.92
133486.25,291.65,67759.11,307.01
135021.25,291.40,68241.58,306.85
133945.59,291.57,67965.55,306.94
133180.55,291.69,67690.41,307.04
134405.95,291.50,68379.93,306.80
134098.95,291.55,67965.55,306.94
133027.84,291.72,67690.41,307.04
134098.95,291.55,67690.41,307.04
134252.39,291.52,66598.87,307.43
134405.95,291.50,67827.88,306.99
133945.59,291.57,67690.41,307.04
134405.95,291.50,67759.11,307.01
133945.59,291.57,68103.45,306.89
133945.59,291.57,68587.89,306.73
133486.25,291.65,67827.88,306.99
135483.88,291.33,68449.20,306.77
133639.25,291.62,68034.47,306.92
134252.39,291.52,68587.89,306.73
133792.39,291.60,67827.88,306.99
133945.59,291.57,68241.58,306.85
134405.95,291.50,68034.47,306.92
133945.59,291.57,68449.20,306.77
133792.39,291.60,67827.88,306.99
133792.39,291.60,67827.88,306.99
134252.39,291.52,67690.41,307.04
135021.25,291.40,68172.48,306.87
133945.59,291.57,67827.88,306.99
134405.95,291.50,68310.73,306.82
133945.59,291.57,67416.20,307.14
133792.39,291.60,67759.11,307.01
133486.25,291.65,67827.88,306.99
134713.39,291.45,68449.20,306.77
132570.44,291.79,67484.66,307.11
134559.59,291.47,68310.73,306.82
133792.39,291.60,67553.19,307.09
133945.59,291.57,67553.19,307.09
134713.39,291.45,68379.93,306.80
133945.59,291.57,67759.11,307.01
134098.95,291.55,68103.45,306.89
133486.25,291.65,67553.19,307.09
134098.95,291.55,67553.19,307.09
133639.25,291.62,67553.19,307.09
133792.39,291.60,67759.11,307.01
134252.39,291.52,67553.19,307.09
133945.59,291.57,67965.55,306.94
134252.39,291.52,67347.77,307.16
133945.59,291.57,67347.77,307.16
134098.95,291.55,67347.77,307.16
133945.59,291.57,67347.77,307.16
134867.27,291.42,67965.55,306.94
133333.33,291.67,67347.77,307.16
133945.59,291.57,67347.77,307.16
134405.95,291.50,67347.77,307.16
134867.27,291.42,67484.66,307.11
133792.39,291.60,67553.19,307.09
133792.39,291.60,67279.41,307.18
134713.39,291.45,67211.11,307.21
134405.95,291.50,67347.77,307.16
133945.59,291.57,67416.20,307.14
133945.59,291.57,66734.53,307.38
133945.59,291.57,66260.66,307.55
134405.95,291.50,67484.66,307.11
133945.59,291.57,67347.77,307.16
133180.55,291.69,67416.20,307.14
134252.39,291.52,67347.77,307.16
133945.59,291.57,66734.53,307.38
133639.25,291.62,67211.11,307.21
133486.25,291.65,67347.77,307.16
135638.31,291.30,67621.78,307.06
133792.39,291.60,67279.41,307.18
134098.95,291.55,67347.77,307.16
134867.27,291.42,68310.73,306.82
134713.39,291.45,67416.20,307.14
135329.56,291.35,67553.19,307.09
133639.25,291.62,67690.41,307.04
134405.95,291.50,67416.20,307.14
134713.39,291.45,67347.77,307.16
134405.95,291.50,68103.45,306.89
134098.95,291.55,67484.66,307.11
134405.95,291.50,67416.20,307.14
134867.27,291.42,67347.77,307.16
136567.17,291.15,67279.41,307.18
133792.39,291.60,66938.45,307.31
133639.25,291.62,67347.77,307.16
133945.59,291.57,67347.77,307.16
133945.59,291.57,67347.77,307.16
133945.59,291.57,67347.77,307.16
133945.59,291.57,67211.11,307.21
133945.59,291.57,67279.41,307.18
135329.56,291.35,67347.77,307.16
133945.59,291.57,67279.41,307.18
133945.59,291.57,67347.77,307.16
133486.25,291.65,66938.45,307.31
132570.44,291.79,67211.11,307.21
133945.59,291.57,67279.41,307.18
132875.28,291.74,67279.41,307.18
133945.59,291.57,67211.11,307.21
133027.84,291.72,66666.66,307.40
133945.59,291.57,67347.77,307.16
134559.59,291.47,67142.85,307.23
134713.39,291.45,67006.53,307.28
133945.59,291.57,67006.53,307.28
135021.25,291.40,66938.45,307.31
133333.33,291.67,66395.77,307.50
134405.95,291.50,67211.11,307.21
133180.55,291.69,66734.53,307.38
133945.59,291.57,66463.41,307.48
133180.55,291.69,66870.42,307.33
133792.39,291.60,66531.11,307.45
133945.59,291.57,67006.53,307.28
134713.39,291.45,67142.85,307.23
132875.28,291.74,66598.87,307.43
134098.95,291.55,67347.77,307.16
133180.55,291.69,67211.11,307.21
133486.25,291.65,66734.53,307.38
134713.39,291.45,66531.11,307.45
134098.95,291.55,66666.66,307.40
133945.59,291.57,66531.11,307.45
134405.95,291.50,66734.53,307.38
133486.25,291.65,66870.42,307.33
134405.95,291.50,66598.87,307.43
133333.33,291.67,66802.45,307.35
133639.25,291.62,66938.45,307.31
133486.25,291.65,66666.66,307.40
133333.33,291.67,66260.66,307.55
134405.95,291.50,67279.41,307.18
134405.95,291.50,66463.41,307.48
133180.55,291.69,66598.87,307.43
133945.59,291.57,67142.85,307.23
133180.55,291.69,67211.11,307.21
133945.59,291.57,67347.77,307.16
132570.44,291.79,67006.53,307.28
134098.95,291.55,66058.40,307.62
135638.31,291.30,66395.77,307.50
133792.39,291.60,67211.11,307.21
134098.95,291.55,67279.41,307.18
133945.59,291.57,67416.20,307.14
133792.39,291.60,67006.53,307.28
133792.39,291.60,66938.45,307.31
134405.95,291.50,67416.20,307.14
133486.25,291.65,67142.85,307.23
133333.33,291.67,67142.85,307.23
133945.59,291.57,67142.85,307.23
133792.39,291.60,67347.77,307.16
133027.84,291.72,67347.77,307.16
134252.39,291.52,67006.53,307.28
133639.25,291.62,67279.41,307.18
134098.95,291.55,67142.85,307.23
134405.95,291.50,66938.45,307.31
133486.25,291.65,67347.77,307.16
133945.59,291.57,66938.45,307.31
133945.59,291.57,67279.41,307.18
134867.27,291.42,67690.41,307.04
133792.39,291.60,67347.77,307.16
129095.36,292.37,67347.77,307.16
132570.44,291.79,67006.53,307.28
134405.95,291.50,67347.77,307.16
134252.39,291.52,67416.20,307.14
134098.95,291.55,67347.77,307.16
134098.95,291.55,67553.19,307.09
134713.39,291.45,67347.77,307.16
133792.39,291.60,67416.20,307.14
133792.39,291.60,67347.77,307.16
133945.59,291.57,67074.66,307.26
133945.59,291.57,67347.77,307.16
131962.03,291.89,67484.66,307.11
133027.84,291.72,67347.77,307.16
134867.27,291.42,67074.66,307.26
134559.59,291.47,67416.20,307.14
133945.59,291.57,67416.20,307.14
133945.59,291.57,67759.11,307.01
134713.39,291.45,67142.85,307.23
133792.39,291.60,67279.41,307.18
133945.59,291.57,67484.66,307.11
133486.25,291.65,66870.42,307.33
133945.59,291.57,67279.41,307.18
133792.39,291.60,67074.66,307.26
134713.39,291.45,67279.41,307.18
133945.59,291.57,67279.41,307.18
133639.25,291.62,67142.85,307.23
133027.84,291.72,67006.53,307.28
134098.95,291.55,66870.42,307.33
132570.44,291.79,66802.45,307.35
133945.59,291.57,66395.77,307.50
133639.25,291.62,67142.85,307.23
133027.84,291.72,67279.41,307.18
134713.39,291.45,67347.77,307.16
133792.39,291.60,66870.42,307.33
133486.25,291.65,67074.66,307.26
134405.95,291.50,66870.42,307.33
133486.25,291.65,66666.66,307.40
134559.59,291.47,67006.53,307.28
133945.59,291.57,66734.53,307.38
133027.84,291.72,66328.19,307.53
133945.59,291.57,66395.77,307.50
134713.39,291.45,66666.66,307.40
132570.44,291.79,66395.77,307.50
133180.55,291.69,66734.53,307.38
133945.59,291.57,66870.42,307.33
134098.95,291.55,67142.85,307.23
134559.59,291.47,66328.19,307.53
133945.59,291.57,66058.40,307.62
133180.55,291.69,66870.42,307.33
134252.39,291.52,66938.45,307.31
133945.59,291.57,66395.77,307.50
133792.39,291.60,66666.66,307.40
133945.59,291.57,66260.66,307.55
133945.59,291.57,66734.53,307.38
133792.39,291.60,66598.87,307.43
133639.25,291.62,66260.66,307.55
133792.39,291.60,66328.19,307.53
134098.95,291.55,66463.41,307.48
134713.39,291.45,67006.53,307.28
133639.25,291.62,66666.66,307.40
133486.25,291.65,66531.11,307.45
133639.25,291.62,66058.40,307.62
134098.95,291.55,66531.11,307.45
133486.25,291.65,66058.40,307.62
133945.59,291.57,66666.66,307.40
133945.59,291.57,66734.53,307.38
132875.28,291.74,66598.87,307.43
133945.59,291.57,66125.76,307.60
132875.28,291.74,66328.19,307.53
133486.25,291.65,66328.19,307.53
133945.59,291.57,66328.19,307.53
132875.28,291.74,66260.66,307.55
134252.39,291.52,65856.62,307.70
133639.25,291.62,66058.40,307.62
133180.55,291.69,66395.77,307.50
133945.59,291.57,66395.77,307.50
133180.55,291.69,66328.19,307.53
132875.28,291.74,66125.76,307.60
133333.33,291.67,66193.19,307.57
134713.39,291.45,66125.76,307.60
133945.59,291.57,66193.19,307.57
134252.39,291.52,66328.19,307.53
131810.19,291.92,66328.19,307.53
133486.25,291.65,66328.19,307.53
133486.25,291.65,65991.08,307.65
133027.84,291.72,66598.87,307.43
133792.39,291.60,66260.66,307.55
133486.25,291.65,65991.08,307.65
133333.33,291.67,66531.11,307.45
132570.44,291.79,66395.77,307.50
133945.59,291.57,66463.41,307.48
133945.59,291.57,66734.53,307.38
134098.95,291.55,67484.66,307.11
133945.59,291.57,66193.19,307.57
132570.44,291.79,67006.53,307.28
133945.59,291.57,66463.41,307.48
133792.39,291.60,66734.53,307.38
133333.33,291.67,67006.53,307.28
132418.16,291.82,66463.41,307.48
133792.39,291.60,67006.53,307.28
133945.59,291.57,67142.85,307.23
133792.39,291.60,66666.66,307.40
133180.55,291.69,66666.66,307.40
133180.55,291.69,67142.85,307.23
134252.39,291.52,67279.41,307.18
132266.02,291.84,66870.42,307.33
133945.59,291.57,67211.11,307.21
133945.59,291.57,67006.53,307.28
133945.59,291.57,66870.42,307.33
134098.95,291.55,67006.53,307.28
135021.25,291.40,67279.41,307.18
133333.33,291.67,67142.85,307.23
134559.59,291.47,67279.41,307.18
133486.25,291.65,67142.85,307.23
132113.97,291.87,66802.45,307.35
133639.25,291.62,67621.78,307.06
132875.28,291.74,67211.11,307.21
133486.25,291.65,66666.66,307.40
133945.59,291.57,67347.77,307.16
132266.02,291.84,66328.19,307.53
133792.39,291.60,67416.20,307.14
133792.39,291.60,67553.19,307.09
132266.02,291.84,67074.66,307.26
132875.28,291.74,67347.77,307.16
133945.59,291.57,67416.20,307.14
133945.59,291.57,67006.53,307.28
132418.16,291.82,66938.45,307.31
133486.25,291.65,67279.41,307.18
133945.59,291.57,67416.20,307.14
133945.59,291.57,67279.41,307.18
133639.25,291.62,67142.85,307.23
133945.59,291.57,67279.41,307.18
133792.39,291.60,67142.85,307.23
133945.59,291.57,67142.85,307.23
133945.59,291.57,67142.85,307.23
133792.39,291.60,66598.87,307.43
134098.95,291.55,67347.77,307.16
133180.55,291.69,66734.53,307.38
133486.25,291.65,67211.11,307.21
134405.95,291.50,67347.77,307.16
133180.55,291.69,66734.53,307.38
133945.59,291.57,67484.66,307.11
133639.25,291.62,67347.77,307.16
132418.16,291.82,67006.53,307.28
135638.31,291.30,67006.53,307.28
133180.55,291.69,67347.77,307.16
133639.25,291.62,67347.77,307.16
133945.59,291.57,66734.53,307.38
130750.36,292.09,67347.77,307.16
133945.59,291.57,67006.53,307.28
132875.28,291.74,67484.66,307.11
133486.25,291.65,66598.87,307.43
133945.59,291.57,67006.53,307.28
133945.59,291.57,67211.11,307.21
133945.59,291.57,67347.77,307.16
133333.33,291.67,67211.11,307.21
135483.88,291.33,67279.41,307.18
133792.39,291.60,66938.45,307.31
133945.59,291.57,67006.53,307.28
134713.39,291.45,67347.77,307.16
133792.39,291.60,67484.66,307.11
134713.39,291.45,67211.11,307.21
133486.25,291.65,67553.19,307.09
133027.84,291.72,67416.20,307.14
135021.25,291.40,67211.11,307.21
133180.55,291.69,66734.53,307.38
133027.84,291.72,67211.11,307.21
134098.95,291.55,67211.11,307.21
132418.16,291.82,66938.45,307.31
133945.59,291.57,67347.77,307.16
133945.59,291.57,67279.41,307.18
133333.33,291.67,66802.45,307.35
133945.59,291.57,66395.77,307.50
134559.59,291.47,66598.87,307.43
134252.39,291.52,66734.53,307.38
133945.59,291.57,67347.77,307.16
132570.44,291.79,66938.45,307.31
133792.39,291.60,66734.53,307.38
133945.59,291.57,66531.11,307.45
133180.55,291.69,66802.45,307.35
133945.59,291.57,66938.45,307.31
133792.39,291.60,67347.77,307.16
132875.28,291.74,66058.40,307.62
133639.25,291.62,66734.53,307.38
133945.59,291.57,67074.66,307.26
133792.39,291.60,67142.85,307.23
132570.44,291.79,66938.45,307.31
133486.25,291.65,67347.77,307.16
133792.39,291.60,67074.66,307.26
132418.16,291.82,67142.85,307.23
133945.59,291.57,67142.85,307.23
133945.59,291.57,67211.11,307.21
133180.55,291.69,67279.41,307.18
131962.03,291.89,67074.66,307.26
134252.39,291.52,67279.41,307.18
133945.59,291.57,67142.85,307.23
132418.16,291.82,66328.19,307.53
134098.95,291.55,67006.53,307.28
132570.44,291.79,66598.87,307.43
133027.84,291.72,67006.53,307.28
133639.25,291.62,66870.42,307.33
131810.19,291.92,66463.41,307.48
133945.59,291.57,67006.53,307.28
131658.48,291.94,66870.42,307.33
134252.39,291.52,66734.53,307.38
134098.95,291.55,66328.19,307.53
133945.59,291.57,67006.53,307.28
133027.84,291.72,66531.11,307.45
133945.59,291.57,67006.53,307.28
132875.28,291.74,66598.87,307.43
133792.39,291.60,66395.77,307.50
133639.25,291.62,67006.53,307.28
133486.25,291.65,64987.92,308.01
133792.39,291.60,66734.53,307.38
133945.59,291.57,67074.66,307.26
133639.25,291.62,66395.77,307.50
133639.25,291.62,66870.42,307.33
133486.25,291.65,66531.11,307.45
134098.95,291.55,66734.53,307.38
133945.59,291.57,66734.53,307.38
133945.59,291.57,66870.42,307.33
132266.02,291.84,66734.53,307.38
131962.03,291.89,66260.66,307.55
133792.39,291.60,66260.66,307.55
132722.80,291.77,66463.41,307.48
131810.19,291.92,66463.41,307.48
133945.59,291.57,66193.19,307.57
133792.39,291.60,66260.66,307.55
133639.25,291.62,67006.53,307.28
133333.33,291.67,66193.19,307.57
133486.25,291.65,66193.19,307.57
133639.25,291.62,66328.19,307.53
133027.84,291.72,66193.19,307.57
133945.59,291.57,66193.19,307.57
133180.55,291.69,64855.07,308.06
133180.55,291.69,66598.87,307.43
133486.25,291.65,66395.77,307.50
132113.97,291.87,66463.41,307.48
133639.25,291.62,66870.42,307.33
133792.39,291.60,66870.42,307.33
133486.25,291.65,66463.41,307.48
133027.84,291.72,67211.11,307.21
133945.59,291.57,66463.41,307.48
131810.19,291.92,67006.53,307.28
133945.59,291.57,67006.53,307.28
133945.59,291.57,66938.45,307.31
133639.25,291.62,67142.85,307.23
132875.28,291.74,66395.77,307.50
133945.59,291.57,67142.85,307.23
133945.59,291.57,66734.53,307.38
131962.03,291.89,67211.11,307.21
133180.55,291.69,66870.42,307.33
133333.33,291.67,66260.66,307.55
133945.59,291.57,66734.53,307.38
132570.44,291.79,66734.53,307.38
132418.16,291.82,67074.66,307.26
134098.95,291.55,66870.42,307.33
132418.16,291.82,66395.77,307.50
134098.95,291.55,66938.45,307.31
134098.95,291.55,66734.53,307.38
133486.25,291.65,66734.53,307.38
133180.55,291.69,66328.19,307.53
131962.03,291.89,66193.19,307.57
133486.25,291.65,66193.19,307.57
133027.84,291.72,65856.62,307.70
132875.28,291.74,66193.19,307.57
134098.95,291.55,66870.42,307.33
132875.28,291.74,66598.87,307.43
133333.33,291.67,67074.66,307.26
133333.33,291.67,66531.11,307.45
133486.25,291.65,66058.40,307.62
133945.59,291.57,66193.19,307.57
132266.02,291.84,66125.76,307.60
133945.59,291.57,66328.19,307.53
133486.25,291.65,66463.41,307.48
133486.25,291.65,66193.19,307.57
130750.36,292.09,66395.77,307.50
134713.39,291.45,66463.41,307.48
133027.84,291.72,66193.19,307.57
134098.95,291.55,66666.66,307.40
132570.44,291.79,66193.19,307.57
133945.59,291.57,66463.41,307.48
133792.39,291.60,66058.40,307.62
133945.59,291.57,66328.19,307.53
131810.19,291.92,66193.19,307.57
133486.25,291.65,66328.19,307.53
129996.51,292.22,66193.19,307.57
134252.39,291.52,66463.41,307.48
133945.59,291.57,66734.53,307.38
133792.39,291.60,65923.83,307.67
133333.33,291.67,66328.19,307.53
133333.33,291.67,66328.19,307.53
133180.55,291.69,66058.40,307.62
133945.59,291.57,66328.19,307.53
134559.59,291.47,66598.87,307.43
132875.28,291.74,66193.19,307.57
134405.95,291.50,66666.66,307.40
133792.39,291.60,65923.83,307.67
133945.59,291.57,66193.19,307.57
133945.59,291.57,66870.42,307.33
133945.59,291.57,66870.42,307.33
131810.19,291.92,66463.41,307.48
133333.33,291.67,66193.19,307.57
133027.84,291.72,67142.85,307.23
133945.59,291.57,66598.87,307.43
133945.59,291.57,66463.41,307.48
133333.33,291.67,66870.42,307.33
133027.84,291.72,66870.42,307.33
133639.25,291.62,66598.87,307.43
133792.39,291.60,66870.42,307.33
133027.84,291.72,66734.53,307.38
133945.59,291.57,67211.11,307.21
133180.55,291.69,66802.45,307.35
134098.95,291.55,66598.87,307.43
132418.16,291.82,66734.53,307.38
133945.59,291.57,66734.53,307.38
131962.03,291.89,66598.87,307.43
133945.59,291.57,66870.42,307.33
131658.48,291.94,67006.53,307.28
134405.95,291.50,67006.53,307.28
133639.25,291.62,66938.45,307.31
133945.59,291.57,67347.77,307.16
131962.03,291.89,66938.45,307.31
133639.25,291.62,67347.77,307.16
131962.03,291.89,66870.42,307.33
133945.59,291.57,67142.85,307.23
132875.28,291.74,67142.85,307.23
134713.39,291.45,66666.66,307.40
132875.28,291.74,66531.11,307.45
133333.33,291.67,67211.11,307.21
133945.59,291.57,67006.53,307.28
133486.25,291.65,67211.11,307.21
132722.80,291.77,67074.66,307.26
133945.59,291.57,67347.77,307.16
133792.39,291.60,66531.11,307.45
133945.59,291.57,67006.53,307.28
132113.97,291.87,66870.42,307.33
133945.59,291.57,66666.66,307.40
133027.84,291.72,67142.85,307.23
134098.95,291.55,66463.41,307.48
133333.33,291.67,67211.11,307.21
133180.55,291.69,67211.11,307.21
134098.95,291.55,67347.77,307.16
133792.39,291.60,67006.53,307.28
133945.59,291.57,67142.85,307.23
132418.16,291.82,66531.11,307.45
133792.39,291.60,67006.53,307.28
132570.44,291.79,67211.11,307.21
132266.02,291.84,67006.53,307.28
132875.28,291.74,66870.42,307.33
134559.59,291.47,67211.11,307.21
132418.16,291.82,67006.53,307.28
132570.44,291.79,66734.53,307.38
133945.59,291.57,67279.41,307.18
133945.59,291.57,67142.85,307.23
133945.59,291.57,67211.11,307.21
131658.48,291.94,66531.11,307.45
134098.95,291.55,67211.11,307.21
133180.55,291.69,66870.42,307.33
129996.51,292.22,66870.42,307.33
131203.94,292.02,66938.45,307.31
133486.25,291.65,66870.42,307.33
133486.25,291.65,67279.41,307.18
133792.39,291.60,67006.53,307.28
133180.55,291.69,66666.66,307.40
132266.02,291.84,67142.85,307.23
133945.59,291.57,67006.53,307.28
133945.59,291.57,67279.41,307.18
134098.95,291.55,67347.77,307.16
133945.59,291.57,66666.66,307.40
133333.33,291.67,66938.45,307.31
132875.28,291.74,67006.53,307.28
132266.02,291.84,66734.53,307.38
134252.39,291.52,67142.85,307.23
133792.39,291.60,66802.45,307.35
133027.84,291.72,67211.11,307.21
132722.80,291.77,67006.53,307.28
133945.59,291.57,67416.20,307.14
133945.59,291.57,67211.11,307.21
131810.19,291.92,67142.85,307.23
133792.39,291.60,67006.53,307.28
134867.27,291.42,67416.20,307.14
132875.28,291.74,67279.41,307.18
133333.33,291.67,67416.20,307.14
133639.25,291.62,66531.11,307.45
133486.25,291.65,67142.85,307.23
133792.39,291.60,67347.77,307.16
132570.44,291.79,66598.87,307.43
134098.95,291.55,67211.11,307.21
133180.55,291.69,67142.85,307.23
133486.25,291.65,67006.53,307.28
133180.55,291.69,67279.41,307.18
133945.59,291.57,67347.77,307.16
132875.28,291.74,66531.11,307.45
133945.59,291.57,67347.77,307.16
132570.44,291.79,67142.85,307.23
133333.33,291.67,66734.53,307.38
131506.86,291.97,66938.45,307.31
134713.39,291.45,67416.20,307.14
131810.19,291.92,67279.41,307.18
132113.97,291.87,66938.45,307.31
133945.59,291.57,67142.85,307.23
133333.33,291.67,67211.11,307.21
133792.39,291.60,67142.85,307.23
133180.55,291.69,66938.45,307.31
134098.95,291.55,67347.77,307.16
132418.16,291.82,66870.42,307.33
133945.59,291.57,67006.53,307.28
132875.28,291.74,66938.45,307.31
131658.48,291.94,67142.85,307.23
132875.28,291.74,66734.53,307.38
134252.39,291.52,67279.41,307.18
132266.02,291.84,66938.45,307.31
133486.25,291.65,67074.66,307.26
133945.59,291.57,67279.41,307.18
132570.44,291.79,66734.53,307.38
133639.25,291.62,67211.11,307.21
133639.25,291.62,67142.85,307.23
131810.19,291.92,67211.11,307.21
133945.59,291.57,67416.20,307.14
131810.19,291.92,65187.57,307.94
133945.59,291.57,65856.62,307.70
133792.39,291.60,67006.53,307.28
133639.25,291.62,67142.85,307.23
132570.44,291.79,66395.77,307.50
133792.39,291.60,66734.53,307.38
131658.48,291.94,66328.19,307.53
133945.59,291.57,66598.87,307.43
133639.25,291.62,67142.85,307.23
132722.80,291.77,66734.53,307.38
133792.39,291.60,66395.77,307.50
133486.25,291.65,66463.41,307.48
133792.39,291.60,66463.41,307.48
132266.02,291.84,66666.66,307.40
133945.59,291.57,67211.11,307.21
132418.16,291.82,66463.41,307.48
133792.39,291.60,66598.87,307.43
133792.39,291.60,66260.66,307.55
132570.44,291.79,66463.41,307.48
133639.25,291.62,66260.66,307.55
132875.28,291.74,66734.53,307.38
132875.28,291.74,66666.66,307.40
132113.97,291.87,66193.19,307.57
133486.25,291.65,66328.19,307.53
133027.84,291.72,66193.19,307.57
133639.25,291.62,66328.19,307.53
132266.02,291.84,66463.41,307.48
131810.19,291.92,66193.19,307.57
131658.48,291.94,66193.19,307.57
133792.39,291.60,66598.87,307.43
132570.44,291.79,66463.41,307.48
131810.19,291.92,65789.48,307.72
133792.39,291.60,66598.87,307.43
130599.38,292.12,65588.36,307.79
133180.55,291.69,66531.11,307.45
133792.39,291.60,66395.77,307.50
133792.39,291.60,66328.19,307.53
133333.33,291.67,66125.76,307.60
133945.59,291.57,66328.19,307.53
132570.44,291.79,66193.19,307.57
133027.84,291.72,65923.83,307.67
132570.44,291.79,66193.19,307.57
133792.39,291.60,66058.40,307.62
133486.25,291.65,65655.34,307.77
133792.39,291.60,66193.19,307.57
133180.55,291.69,66193.19,307.57
133486.25,291.65,65923.83,307.67
133945.59,291.57,66328.19,307.53
132266.02,291.84,65254.23,307.92
133486.25,291.65,66395.77,307.50
132266.02,291.84,66058.40,307.62
133180.55,291.69,66260.66,307.55
132418.16,291.82,65655.34,307.77
133792.39,291.60,65856.62,307.70
132570.44,291.79,66193.19,307.57
132570.44,291.79,65856.62,307.70
133486.25,291.65,66328.19,307.53
133333.33,291.67,66328.19,307.53
133945.59,291.57,66260.66,307.55
132266.02,291.84,66193.19,307.57
133486.25,291.65,65991.08,307.65
133945.59,291.57,66734.53,307.38
132418.16,291.82,66395.77,307.50
133027.84,291.72,66193.19,307.57
134252.39,291.52,66260.66,307.55
132266.02,291.84,65923.83,307.67
133180.55,291.69,66395.77,307.50
132266.02,291.84,66395.77,307.50
133027.84,291.72,66395.77,307.50
133792.39,291.60,66395.77,307.50
132266.02,291.84,66193.19,307.57
134098.95,291.55,66734.53,307.38
133486.25,291.65,66193.19,307.57
133945.59,291.57,66598.87,307.43
132113.97,291.87,66328.19,307.53
133945.59,291.57,67142.85,307.23
133180.55,291.69,66463.41,307.48
133792.39,291.60,66395.77,307.50
133180.55,291.69,66598.87,307.43
133027.84,291.72,66598.87,307.43
131052.65,292.04,67142.85,307.23
133486.25,291.65,66193.19,307.57
132570.44,291.79,66531.11,307.45
133945.59,291.57,66463.41,307.48
133945.59,291.57,66666.66,307.40
132113.97,291.87,66328.19,307.53
133945.59,291.57,66734.53,307.38
132266.02,291.84,67142.85,307.23
131962.03,291.89,67347.77,307.16
129095.36,292.37,66666.66,307.40
133180.55,291.69,66328.19,307.53
133180.55,291.69,66734.53,307.38
132570.44,291.79,66463.41,307.48
133180.55,291.69,66125.76,307.60
133333.33,291.67,66463.41,307.48
133180.55,291.69,66395.77,307.50
133027.84,291.72,66531.11,307.45
132266.02,291.84,65856.62,307.70
132266.02,291.84,66260.66,307.55
133945.59,291.57,66260.66,307.55
132875.28,291.74,66125.76,307.60
133486.25,291.65,66125.76,307.60
132570.44,291.79,66058.40,307.62
132266.02,291.84,66260.66,307.55
133027.84,291.72,66193.19,307.57
132266.02,291.84,65991.08,307.65
133180.55,291.69,66058.40,307.62
131658.48,291.94,65655.34,307.77
133945.59,291.57,65588.36,307.79
134098.95,291.55,66260.66,307.55
132113.97,291.87,65521.42,307.82
131506.86,291.97,65923.83,307.67
132570.44,291.79,65991.08,307.65
132418.16,291.82,65991.08,307.65
133180.55,291.69,66193.19,307.57
132113.97,291.87,65923.83,307.67
134098.95,291.55,66328.19,307.53
131203.94,292.02,65521.42,307.82
133792.39,291.60,65991.08,307.65
132266.02,291.84,66463.41,307.48
131962.03,291.89,65789.48,307.72
134098.95,291.55,66395.77,307.50
131962.03,291.89,65856.62,307.70
133486.25,291.65,66125.76,307.60
132875.28,291.74,66463.41,307.48
131962.03,291.89,66058.40,307.62
133486.25,291.65,66666.66,307.40
133333.33,291.67,66125.76,307.60
133945.59,291.57,66734.53,307.38
131052.65,292.04,65991.08,307.65
133180.55,291.69,66260.66,307.55
133180.55,291.69,66463.41,307.48
132266.02,291.84,66193.19,307.57
133792.39,291.60,66734.53,307.38
132875.28,291.74,66531.11,307.45
133792.39,291.60,66598.87,307.43
132570.44,291.79,66598.87,307.43
134559.59,291.47,66463.41,307.48
133180.55,291.69,66463.41,307.48
131355.34,291.99,66328.19,307.53
133945.59,291.57,66260.66,307.55
133027.84,291.72,65923.83,307.67
132418.16,291.82,66463.41,307.48
132570.44,291.79,66395.77,307.50
133792.39,291.60,66395.77,307.50
132570.44,291.79,66463.41,307.48
132570.44,291.79,66734.53,307.38
132875.28,291.74,66260.66,307.55
131658.48,291.94,66328.19,307.53
132875.28,291.74,66531.11,307.45
133180.55,291.69,66463.41,307.48
131962.03,291.89,66938.45,307.31
131810.19,291.92,66666.66,307.40
132418.16,291.82,66260.66,307.55
133486.25,291.65,66328.19,307.53
133486.25,291.65,66395.77,307.50
133792.39,291.60,66531.11,307.45
132266.02,291.84,66463.41,307.48
133486.25,291.65,66328.19,307.53
132418.16,291.82,67006.53,307.28
133333.33,291.67,66260.66,307.55
132875.28,291.74,66598.87,307.43
132418.16,291.82,66463.41,307.48
132418.16,291.82,66463.41,307.48
132570.44,291.79,66395.77,307.50
133792.39,291.60,66938.45,307.31
131658.48,291.94,67142.85,307.23
133792.39,291.60,66666.66,307.40
131810.19,291.92,66328.19,307.53
133486.25,291.65,66734.53,307.38
131658.48,291.94,66260.66,307.55
133945.59,291.57,65923.83,307.67
133639.25,291.62,66531.11,307.45
131962.03,291.89,66058.40,307.62
133180.55,291.69,66395.77,307.50
133180.55,291.69,66260.66,307.55
133180.55,291.69,65789.48,307.72
132418.16,291.82,66328.19,307.53
133027.84,291.72,66058.40,307.62
133486.25,291.65,66734.53,307.38
133180.55,291.69,66193.19,307.57
133027.84,291.72,66598.87,307.43
132875.28,291.74,66598.87,307.43
132418.16,291.82,66193.19,307.57
132570.44,291.79,66328.19,307.53
133639.25,291.62,66598.87,307.43
133027.84,291.72,66463.41,307.48
133027.84,291.72,66193.19,307.57
132875.28,291.74,66058.40,307.62
132266.02,291.84,66193.19,307.57
133486.25,291.65,66260.66,307.55
132570.44,291.79,66328.19,307.53
133333.33,291.67,65923.83,307.67
131658.48,291.94,66531.11,307.45
133486.25,291.65,66193.19,307.57
132875.28,291.74,66598.87,307.43
131810.19,291.92,66058.40,307.62
133639.25,291.62,66463.41,307.48
132266.02,291.84,66802.45,307.35
131962.03,291.89,66463.41,307.48
133792.39,291.60,66938.45,307.31
132266.02,291.84,66328.19,307.53
133639.25,291.62,66666.66,307.40
132570.44,291.79,66531.11,307.45
134098.95,291.55,66734.53,307.38
131658.48,291.94,66395.77,307.50
132570.44,291.79,66734.53,307.38
133945.59,291.57,66463.41,307.48
133486.25,291.65,66463.41,307.48
131203.94,292.02,66328.19,307.53
132570.44,291.79,66870.42,307.33
132266.02,291.84,66395.77,307.50
132418.16,291.82,66395.77,307.50
132266.02,291.84,66328.19,307.53
130750.36,292.09,66666.66,307.40
132266.02,291.84,66328.19,307.53
132875.28,291.74,67006.53,307.28
132418.16,291.82,66395.77,307.50
133945.59,291.57,66463.41,307.48
132266.02,291.84,66598.87,307.43
133945.59,291.57,66598.87,307.43
133486.25,291.65,66260.66,307.55
133180.55,291.69,66328.19,307.53
133180.55,291.69,66531.11,307.45
132875.28,291.74,66328.19,307.53
133792.39,291.60,66734.53,307.38
132266.02,291.84,66598.87,307.43
133486.25,291.65,66938.45,307.31
133639.25,291.62,66328.19,307.53
133027.84,291.72,66598.87,307.43
133792.39,291.60,67074.66,307.26
132570.44,291.79,66463.41,307.48
133486.25,291.65,66734.53,307.38
132570.44,291.79,66598.87,307.43
133639.25,291.62,67142.85,307.23
132266.02,291.84,66666.66,307.40
133486.25,291.65,66666.66,307.40
133945.59,291.57,66463.41,307.48
131355.34,291.99,66598.87,307.43
133027.84,291.72,66463.41,307.48
133486.25,291.65,66666.66,307.40
132875.28,291.74,66193.19,307.57
133027.84,291.72,66463.41,307.48
133027.84,291.72,66666.66,307.40
131810.19,291.92,65655.34,307.77
133486.25,291.65,67142.85,307.23
133333.33,291.67,66734.53,307.38
133945.59,291.57,66463.41,307.48
132570.44,291.79,66328.19,307.53
133486.25,291.65,66598.87,307.43
131810.19,291.92,66734.53,307.38
133792.39,291.60,66598.87,307.43
134252.39,291.52,66328.19,307.53
133945.59,291.57,67211.11,307.21
133180.55,291.69,66260.66,307.55
132875.28,291.74,66260.66,307.55
133792.39,291.60,66734.53,307.38
132570.44,291.79,67006.53,307.28
133945.59,291.57,66193.19,307.57
132570.44,291.79,66463.41,307.48
133639.25,291.62,66598.87,307.43
131810.19,291.92,66531.11,307.45
133486.25,291.65,66870.42,307.33
133639.25,291.62,66531.11,307.45
132570.44,291.79,66598.87,307.43
133945.59,291.57,66598.87,307.43
132418.16,291.82,66058.40,307.62
132418.16,291.82,66328.19,307.53
131810.19,291.92,66125.76,307.60
132570.44,291.79,65856.62,307.70
133945.59,291.57,66260.66,307.55
132570.44,291.79,66395.77,307.50
131962.03,291.89,66328.19,307.53
132418.16,291.82,65923.83,307.67
133792.39,291.60,66125.76,307.60
132418.16,291.82,66193.19,307.57
132418.16,291.82,66260.66,307.55
133486.25,291.65,66125.76,307.60
133792.39,291.60,66058.40,307.62
133180.55,291.69,66125.76,307.60
133639.25,291.62,66193.19,307.57
132570.44,291.79,65923.83,307.67
133180.55,291.69,65789.48,307.72
132875.28,291.74,65856.62,307.70
133180.55,291.69,66260.66,307.55
131810.19,291.92,65856.62,307.70
133945.59,291.57,66666.66,307.40
131962.03,291.89,65588.36,307.79
133180.55,291.69,66193.19,307.57
132266.02,291.84,65789.48,307.72
133180.55,291.69,65655.34,307.77
133792.39,291.60,65387.72,307.87
133486.25,291.65,65923.83,307.67
132266.02,291.84,65588.36,307.79
133945.59,291.57,65789.48,307.72
133486.25,291.65,65521.42,307.82
133945.59,291.57,63017.52,308.76
132266.02,291.84,65254.23,307.92
133639.25,291.62,65923.83,307.67
132113.97,291.87,65320.95,307.89
133486.25,291.65,66058.40,307.62
132570.44,291.79,65320.95,307.89
132875.28,291.74,65387.72,307.87
132570.44,291.79,65923.83,307.67
132266.02,291.84,65655.34,307.77
132570.44,291.79,65588.36,307.79
132570.44,291.79,65387.72,307.87
133639.25,291.62,66125.76,307.60
133792.39,291.60,65856.62,307.70
132113.97,291.87,65454.55,307.84
132266.02,291.84,65254.23,307.92
133792.39,291.60,65387.72,307.87
133945.59,291.57,65387.72,307.87
133792.39,291.60,65320.95,307.89
131810.19,291.92,65387.72,307.87
132875.28,291.74,65789.48,307.72
132570.44,291.79,65387.72,307.87
131962.03,291.89,65187.57,307.94
133945.59,291.57,65789.48,307.72
131810.19,291.92,65187.57,307.94
131962.03,291.89,65254.23,307.92
132418.16,291.82,65320.95,307.89
132113.97,291.87,65991.08,307.65
132570.44,291.79,65187.57,307.94
132570.44,291.79,65454.55,307.84
132266.02,291.84,65856.62,307.70
132875.28,291.74,65120.96,307.97
133945.59,291.57,64987.92,308.01
133639.25,291.62,65789.48,307.72
133333.33,291.67,65454.55,307.84
131810.19,291.92,65320.95,307.89
133945.59,291.57,65722.38,307.74
131962.03,291.89,65120.96,307.97
133486.25,291.65,65187.57,307.94
131810.19,291.92,65655.34,307.77
133027.84,291.72,65789.48,307.72
131962.03,291.89,65923.83,307.67
133792.39,291.60,65856.62,307.70
132875.28,291.74,65991.08,307.65
132570.44,291.79,65789.48,307.72
131810.19,291.92,65856.62,307.70
133027.84,291.72,66058.40,307.62
132266.02,291.84,65655.34,307.77
133486.25,291.65,66125.76,307.60
133639.25,291.62,66193.19,307.57
132570.44,291.79,66328.19,307.53
132418.16,291.82,66058.40,307.62
132113.97,291.87,66125.76,307.60
132570.44,291.79,65187.57,307.94
131658.48,291.94,66193.19,307.57
133486.25,291.65,66193.19,307.57
133180.55,291.69,66058.40,307.62
133333.33,291.67,65923.83,307.67
132418.16,291.82,65789.48,307.72
133945.59,291.57,66260.66,307.55
133180.55,291.69,66193.19,307.57
133027.84,291.72,66058.40,307.62
133333.33,291.67,66193.19,307.57
132570.44,291.79,66058.40,307.62
131810.19,291.92,66193.19,307.57
133945.59,291.57,65923.83,307.67
133486.25,291.65,66328.19,307.53
131658.48,291.94,65588.36,307.79
133945.59,291.57,66058.40,307.62
131810.19,291.92,66193.19,307.57
133639.25,291.62,65923.83,307.67
132875.28,291.74,65856.62,307.70
133945.59,291.57,66125.76,307.60
131810.19,291.92,65789.48,307.72
133486.25,291.65,65856.62,307.70
131203.94,292.02,65655.34,307.77
133027.84,291.72,65789.48,307.72
133180.55,291.69,65923.83,307.67
132418.16,291.82,65588.36,307.79
133486.25,291.65,65588.36,307.79
132266.02,291.84,65187.57,307.94
133180.55,291.69,65387.72,307.87
132875.28,291.74,65521.42,307.82
133180.55,291.69,65521.42,307.82
132418.16,291.82,65187.57,307.94
133027.84,291.72,65588.36,307.79
132875.28,291.74,65320.95,307.89
133180.55,291.69,65856.62,307.70
132875.28,291.74,64987.92,308.01
133333.33,291.67,65655.34,307.77
132418.16,291.82,65320.95,307.89
132418.16,291.82,65187.57,307.94
133792.39,291.60,65655.34,307.77
132570.44,291.79,65254.23,307.92
133027.84,291.72,65254.23,307.92
132570.44,291.79,65187.57,307.94
133180.55,291.69,65387.72,307.87
132266.02,291.84,65789.48,307.72
132266.02,291.84,65856.62,307.70
133180.55,291.69,65521.42,307.82
132266.02,291.84,65521.42,307.82
133333.33,291.67,65387.72,307.87
132570.44,291.79,65254.23,307.92
133639.25,291.62,65655.34,307.77
133180.55,291.69,65588.36,307.79
133639.25,291.62,65254.23,307.92
131203.94,292.02,65991.08,307.65
132875.28,291.74,66260.66,307.55
132266.02,291.84,65521.42,307.82
131658.48,291.94,65991.08,307.65
133027.84,291.72,65521.42,307.82
132266.02,291.84,65923.83,307.67
133945.59,291.57,65856.62,307.70
133333.33,291.67,65856.62,307.70
132418.16,291.82,66328.19,307.53
132418.16,291.82,65856.62,307.70
133486.25,291.65,65655.34,307.77
132266.02,291.84,66328.19,307.53
132875.28,291.74,65923.83,307.67
131962.03,291.89,65856.62,307.70
133486.25,291.65,65923.83,307.67
131052.65,292.04,65722.38,307.74
133180.55,291.69,66260.66,307.55
133027.84,291.72,66666.66,307.40
131658.48,291.94,65789.48,307.72
133027.84,291.72,66058.40,307.62
132570.44,291.79,65387.72,307.87
132570.44,291.79,66058.40,307.62
133945.59,291.57,66395.77,307.50
133639.25,291.62,65856.62,307.70
132418.16,291.82,66328.19,307.53
133180.55,291.69,66463.41,307.48
132266.02,291.84,66058.40,307.62
132266.02,291.84,65923.83,307.67
133027.84,291.72,65923.83,307.67
132418.16,291.82,66598.87,307.43
133180.55,291.69,66125.76,307.60
132418.16,291.82,66125.76,307.60
133945.59,291.57,66328.19,307.53
131658.48,291.94,66328.19,307.53
133792.39,291.60,66395.77,307.50
133639.25,291.62,66328.19,307.53
130599.38,292.12,65588.36,307.79
133486.25,291.65,66328.19,307.53
133639.25,291.62,66734.53,307.38
132266.02,291.84,65856.62,307.70
132875.28,291.74,66395.77,307.50
132875.28,291.74,66328.19,307.53
132266.02,291.84,66058.40,307.62
131506.86,291.97,66260.66,307.55
132875.28,291.74,66463.41,307.48
133027.84,291.72,66328.19,307.53
132418.16,291.82,66395.77,307.50
131355.34,291.99,66734.53,307.38
132570.44,291.79,66125.76,307.60
131810.19,291.92,66058.40,307.62
133792.39,291.60,66328.19,307.53
132570.44,291.79,66531.11,307.45
133792.39,291.60,66193.19,307.57
133180.55,291.69,65991.08,307.65
132722.80,291.77,66463.41,307.48
131506.86,291.97,66666.66,307.40
132722.80,291.77,66328.19,307.53
131506.86,291.97,66328.19,307.53
133792.39,291.60,66260.66,307.55
131658.48,291.94,66058.40,307.62
133486.25,291.65,65856.62,307.70
132875.28,291.74,66395.77,307.50
132570.44,291.79,66260.66,307.55
133792.39,291.60,66666.66,307.40
132875.28,291.74,65923.83,307.67
133639.25,291.62,66058.40,307.62
131810.19,291.92,66125.76,307.60
132875.28,291.74,66260.66,307.55
131962.03,291.89,65789.48,307.72
133945.59,291.57,65521.42,307.82
132570.44,291.79,65655.34,307.77
132418.16,291.82,65655.34,307.77
132570.44,291.79,65588.36,307.79
133486.25,291.65,65856.62,307.70
132266.02,291.84,65387.72,307.87
133333.33,291.67,65789.48,307.72
133486.25,291.65,65856.62,307.70
132570.44,291.79,65655.34,307.77
132875.28,291.74,65387.72,307.87
133180.55,291.69,65521.42,307.82
131810.19,291.92,65521.42,307.82
133945.59,291.57,65521.42,307.82
132266.02,291.84,65387.72,307.87
133792.39,291.60,65387.72,307.87
131203.94,292.02,65320.95,307.89
133180.55,291.69,65521.42,307.82
133792.39,291.60,65991.08,307.65
133027.84,291.72,65187.57,307.94
133027.84,291.72,65387.72,307.87
133486.25,291.65,65254.23,307.92
133486.25,291.65,65387.72,307.87
131052.65,292.04,65588.36,307.79
133180.55,291.69,65856.62,307.70
131810.19,291.92,65387.72,307.87
131962.03,291.89,65588.36,307.79
132266.02,291.84,65588.36,307.79
132266.02,291.84,65923.83,307.67
132570.44,291.79,65588.36,307.79
130599.38,292.12,65588.36,307.79
133180.55,291.69,65521.42,307.82
131506.86,291.97,65655.34,307.77
133792.39,291.60,65521.42,307.82
131810.19,291.92,66193.19,307.57
132875.28,291.74,66058.40,307.62
131355.34,291.99,66125.76,307.60
131810.19,291.92,65187.57,307.94
132418.16,291.82,65923.83,307.67
131962.03,291.89,65387.72,307.87
133333.33,291.67,65454.55,307.84
131355.34,291.99,65856.62,307.70
132266.02,291.84,66193.19,307.57
133486.25,291.65,65856.62,307.70
133486.25,291.65,66666.66,307.40
131658.48,291.94,65320.95,307.89
133792.39,291.60,65991.08,307.65
131052.65,292.04,65655.34,307.77
133639.25,291.62,66193.19,307.57
132875.28,291.74,65789.48,307.72
133792.39,291.60,66870.42,307.33
132570.44,291.79,65789.48,307.72
132266.02,291.84,65991.08,307.65
133486.25,291.65,65655.34,307.77
132418.16,291.82,66058.40,307.62
132418.16,291.82,65923.83,307.67
132570.44,291.79,66125.76,307.60
132113.97,291.87,65588.36,307.79
133486.25,291.65,66125.76,307.60
132570.44,291.79,65923.83,307.67
131506.86,291.97,65856.62,307.70
131810.19,291.92,66870.42,307.33
133639.25,291.62,66058.40,307.62
131962.03,291.89,65588.36,307.79
133792.39,291.60,66058.40,307.62
133945.59,291.57,65655.34,307.77
130599.38,292.12,64987.92,308.01
133486.25,291.65,65521.42,307.82
133333.33,291.67,65521.42,307.82
130599.38,292.12,65521.42,307.82
131962.03,291.89,65856.62,307.70
132875.28,291.74,65923.83,307.67
131203.94,292.02,64325.84,308.26
133792.39,291.60,66193.19,307.57
133027.84,291.72,65187.57,307.94
133027.84,291.72,65655.34,307.77
132418.16,291.82,65588.36,307.79
133027.84,291.72,65320.95,307.89
132570.44,291.79,65187.57,307.94
132266.02,291.84,65320.95,307.89
132113.97,291.87,65789.48,307.72
133945.59,291.57,65254.23,307.92
132266.02,291.84,65187.57,307.94
136257.13,291.20,65320.95,307.89
131810.19,291.92,65521.42,307.82
133486.25,291.65,65387.72,307.87
131203.94,292.02,65254.23,307.92
132875.28,291.74,65187.57,307.94
133180.55,291.69,65320.95,307.89
132570.44,291.79,65187.57,307.94
131962.03,291.89,65187.57,307.94
131962.03,291.89,65387.72,307.87
133486.25,291.65,65789.48,307.72
129545.47,292.29,64194.06,308.31
133180.55,291.69,65588.36,307.79
131962.03,291.89,65187.57,307.94
133486.25,291.65,65187.57,307.94
131962.03,291.89,65187.57,307.94
132875.28,291.74,65655.34,307.77
132266.02,291.84,65187.57,307.94
132418.16,291.82,65521.42,307.82
131658.48,291.94,65254.23,307.92
133486.25,291.65,65387.72,307.87
133639.25,291.62,65521.42,307.82
133486.25,291.65,65254.23,307.92
131355.34,291.99,65187.57,307.94
133027.84,291.72,65254.23,307.92
131962.03,291.89,65054.41,307.99
133180.55,291.69,65187.57,307.94
131203.94,292.02,65187.57,307.94
132875.28,291.74,65254.23,307.92
132570.44,291.79,64921.47,308.04
133639.25,291.62,65320.95,307.89
132113.97,291.87,65387.72,307.87
132875.28,291.74,65454.55,307.84
131658.48,291.94,65320.95,307.89
133486.25,291.65,65187.57,307.94
132113.97,291.87,64987.92,308.01
132570.44,291.79,65320.95,307.89
131962.03,291.89,64987.92,308.01
133945.59,291.57,65254.23,307.92
132570.44,291.79,65187.57,307.94
133180.55,291.69,65187.57,307.94
132875.28,291.74,65187.57,307.94
133945.59,291.57,65187.57,307.94
132418.16,291.82,65187.57,307.94
133027.84,291.72,65187.57,307.94
132570.44,291.79,65320.95,307.89
131506.86,291.97,65054.41,307.99
132875.28,291.74,64855.07,308.06
132875.28,291.74,64855.07,308.06
132570.44,291.79,65187.57,307.94
132570.44,291.79,64855.07,308.06
132570.44,291.79,65187.57,307.94
133180.55,291.69,65387.72,307.87
130901.44,292.07,65187.57,307.94
132875.28,291.74,65254.23,307.92
131658.48,291.94,64855.07,308.06
133027.84,291.72,65254.23,307.92
132570.44,291.79,65320.95,307.89
131962.03,291.89,65187.57,307.94
132266.02,291.84,65187.57,307.94
133639.25,291.62,65454.55,307.84
131658.48,291.94,65387.72,307.87
133792.39,291.60,65588.36,307.79
131810.19,291.92,65187.57,307.94
133486.25,291.65,65521.42,307.82
133180.55,291.69,65454.55,307.84
132113.97,291.87,65588.36,307.79
132875.28,291.74,65187.57,307.94
131355.34,291.99,65588.36,307.79
133486.25,291.65,65923.83,307.67
132113.97,291.87,65588.36,307.79
131203.94,292.02,65387.72,307.87
133945.59,291.57,66058.40,307.62
132113.97,291.87,65655.34,307.77
132570.44,291.79,65722.38,307.74
133945.59,291.57,66395.77,307.50
131355.34,291.99,65588.36,307.79
131962.03,291.89,65655.34,307.77
132113.97,291.87,65521.42,307.82
131810.19,291.92,65655.34,307.77
132418.16,291.82,65655.34,307.77
132418.16,291.82,65387.72,307.87
132266.02,291.84,65588.36,307.79
132418.16,291.82,65923.83,307.67
131355.34,291.99,65521.42,307.82
133639.25,291.62,65856.62,307.70
131658.48,291.94,65387.72,307.87
131810.19,291.92,65120.96,307.97
134252.39,291.52,65454.55,307.84
130750.36,292.09,65187.57,307.94
131962.03,291.89,65521.42,307.82
132418.16,291.82,65655.34,307.77
133180.55,291.69,65454.55,307.84
131962.03,291.89,65588.36,307.79
132266.02,291.84,65320.95,307.89
132570.44,291.79,65454.55,307.84
132570.44,291.79,65254.23,307.92
131810.19,291.92,65187.57,307.94
132875.28,291.74,65655.34,307.77
132266.02,291.84,65187.57,307.94
131658.48,291.94,65187.57,307.94
133180.55,291.69,65120.96,307.97
131658.48,291.94,65320.95,307.89
131810.19,291.92,65521.42,307.82
133333.33,291.67,65655.34,307.77
133486.25,291.65,65722.38,307.74
132266.02,291.84,65187.57,307.94
133027.84,291.72,65655.34,307.77
132570.44,291.79,65320.95,307.89
132418.16,291.82,65320.95,307.89
133945.59,291.57,65991.08,307.65
133333.33,291.67,66058.40,307.62
133180.55,291.69,65454.55,307.84
132570.44,291.79,65655.34,307.77
131810.19,291.92,65254.23,307.92
133180.55,291.69,65923.83,307.67
131962.03,291.89,65521.42,307.82
131658.48,291.94,65521.42,307.82
133180.55,291.69,65655.34,307.77
130901.44,292.07,65655.34,307.77
132418.16,291.82,66058.40,307.62
132875.28,291.74,66125.76,307.60
132418.16,291.82,65856.62,307.70
131962.03,291.89,65187.57,307.94
133945.59,291.57,66125.76,307.60
131506.86,291.97,65655.34,307.77
131355.34,291.99,65521.42,307.82
133945.59,291.57,66058.40,307.62
131506.86,291.97,65454.55,307.84
131355.34,291.99,65923.83,307.67
133945.59,291.57,66058.40,307.62
131810.19,291.92,66058.40,307.62
133792.39,291.60,65655.34,307.77
131962.03,291.89,65923.83,307.67
132570.44,291.79,65789.48,307.72
132570.44,291.79,66734.53,307.38
131506.86,291.97,65856.62,307.70
131506.86,291.97,65722.38,307.74
131962.03,291.89,65521.42,307.82
131962.03,291.89,65387.72,307.87
132418.16,291.82,65588.36,307.79
130750.36,292.09,65789.48,307.72
131962.03,291.89,65454.55,307.84
131810.19,291.92,65320.95,307.89
131355.34,291.99,65254.23,307.92
132266.02,291.84,66260.66,307.55
130599.38,292.12,65588.36,307.79
131052.65,292.04,65387.72,307.87
133027.84,291.72,65655.34,307.77
132875.28,291.74,65521.42,307.82
131355.34,291.99,65320.95,307.89
132266.02,291.84,65655.34,307.77
132418.16,291.82,65320.95,307.89
132570.44,291.79,65187.57,307.94
132570.44,291.79,65521.42,307.82
131962.03,291.89,65521.42,307.82
132418.16,291.82,65054.41,307.99
131658.48,291.94,65856.62,307.70
132266.02,291.84,65521.42,307.82
133639.25,291.62,65454.55,307.84
132113.97,291.87,65789.48,307.72
131506.86,291.97,65856.62,307.70
130901.44,292.07,65187.57,307.94
133333.33,291.67,65923.83,307.67
132570.44,291.79,65655.34,307.77
132875.28,291.74,65856.62,307.70
133486.25,291.65,65722.38,307.74
131962.03,291.89,65655.34,307.77
132570.44,291.79,65923.83,307.67
133486.25,291.65,66260.66,307.55
132570.44,291.79,65320.95,307.89
132418.16,291.82,65856.62,307.70
131962.03,291.89,66058.40,307.62
131052.65,292.04,65521.42,307.82
133333.33,291.67,66058.40,307.62
131810.19,291.92,65387.72,307.87
133486.25,291.65,66125.76,307.60
132266.02,291.84,65588.36,307.79
133180.55,291.69,66125.76,307.60
132570.44,291.79,65655.34,307.77
132570.44,291.79,65655.34,307.77
131355.34,291.99,65387.72,307.87
133792.39,291.60,66058.40,307.62
131203.94,292.02,65856.62,307.70
133486.25,291.65,66125.76,307.60
132418.16,291.82,66260.66,307.55
132266.02,291.84,66058.40,307.62
130901.44,292.07,66125.76,307.60
131658.48,291.94,65588.36,307.79
131355.34,291.99,65789.48,307.72
133945.59,291.57,66125.76,307.60
131355.34,291.99,65655.34,307.77
132570.44,291.79,66193.19,307.57
132266.02,291.84,66125.76,307.60
132266.02,291.84,65923.83,307.67
132266.02,291.84,65923.83,307.67
131810.19,291.92,65454.55,307.84
133027.84,291.72,65187.57,307.94
129695.70,292.27,66328.19,307.53
132266.02,291.84,65187.57,307.94
133333.33,291.67,66463.41,307.48
133333.33,291.67,65856.62,307.70
133027.84,291.72,66125.76,307.60
131962.03,291.89,65991.08,307.65
131962.03,291.89,65991.08,307.65
132266.02,291.84,66193.19,307.57
132418.16,291.82,65856.62,307.70
133027.84,291.72,66125.76,307.60
131355.34,291.99,65254.23,307.92
133792.39,291.60,66125.76,307.60
132570.44,291.79,65923.83,307.67
134252.39,291.52,66395.77,307.50
133027.84,291.72,65991.08,307.65
133792.39,291.60,66193.19,307.57
132570.44,291.79,65923.83,307.67
132418.16,291.82,65655.34,307.77
132266.02,291.84,65856.62,307.70
132418.16,291.82,65789.48,307.72
131658.48,291.94,66058.40,307.62
133792.39,291.60,66193.19,307.57
130750.36,292.09,65991.08,307.65
133027.84,291.72,66058.40,307.62
130901.44,292.07,65789.48,307.72
132570.44,291.79,66058.40,307.62
132418.16,291.82,65991.08,307.65
133180.55,291.69,65923.83,307.67
132418.16,291.82,65789.48,307.72
131810.19,291.92,65923.83,307.67
130901.44,292.07,66734.53,307.38
131355.34,291.99,65856.62,307.70
133027.84,291.72,66193.19,307.57
132875.28,291.74,66328.19,307.53
131052.65,292.04,65320.95,307.89
133180.55,291.69,66125.76,307.60
131810.19,291.92,66125.76,307.60
132266.02,291.84,65856.62,307.70
131355.34,291.99,65856.62,307.70
131810.19,291.92,65187.57,307.94
131962.03,291.89,65923.83,307.67
131810.19,291.92,65655.34,307.77
131810.19,291.92,66125.76,307.60
132570.44,291.79,65789.48,307.72
131506.86,291.97,65923.83,307.67
131506.86,291.97,65588.36,307.79
132570.44,291.79,66328.19,307.53
132266.02,291.84,65521.42,307.82
132875.28,291.74,66193.19,307.57
131355.34,291.99,65923.83,307.67
131658.48,291.94,66193.19,307.57
132266.02,291.84,65991.08,307.65
131355.34,291.99,65187.57,307.94
132266.02,291.84,66395.77,307.50
132266.02,291.84,66260.66,307.55
132570.44,291.79,66395.77,307.50
131810.19,291.92,65923.83,307.67
132570.44,291.79,66260.66,307.55
131810.19,291.92,65856.62,307.70
132875.28,291.74,65655.34,307.77
132570.44,291.79,65923.83,307.67
132875.28,291.74,66058.40,307.62
131506.86,291.97,65655.34,307.77
133027.84,291.72,65521.42,307.82
133180.55,291.69,66058.40,307.62
130599.38,292.12,65521.42,307.82
131810.19,291.92,65923.83,307.67
131810.19,291.92,65789.48,307.72
131810.19,291.92,65588.36,307.79
133792.39,291.60,65655.34,307.77
131203.94,292.02,66125.76,307.60
133945.59,291.57,66125.76,307.60
131658.48,291.94,65856.62,307.70
131658.48,291.94,66193.19,307.57
132875.28,291.74,66058.40,307.62
133486.25,291.65,65789.48,307.72
133027.84,291.72,66058.40,307.62
130901.44,292.07,65856.62,307.70
133945.59,291.57,66193.19,307.57
131506.86,291.97,65856.62,307.70
131810.19,291.92,66125.76,307.60
132570.44,291.79,65320.95,307.89
133639.25,291.62,66193.19,307.57
132875.28,291.74,66125.76,307.60
133792.39,291.60,66463.41,307.48
131810.19,291.92,65454.55,307.84
132418.16,291.82,66193.19,307.57
133180.55,291.69,65923.83,307.67
129095.36,292.37,65856.62,307.70
133180.55,291.69,66125.76,307.60
132418.16,291.82,66058.40,307.62
131052.65,292.04,65521.42,307.82
133027.84,291.72,65521.42,307.82
133486.25,291.65,65320.95,307.89
131810.19,291.92,65588.36,307.79
131355.34,291.99,65856.62,307.70
132266.02,291.84,66125.76,307.60
133027.84,291.72,65454.55,307.84
133792.39,291.60,66125.76,307.60
133486.25,291.65,65521.42,307.82
131203.94,292.02,66058.40,307.62
132266.02,291.84,66193.19,307.57
132266.02,291.84,66058.40,307.62
132418.16,291.82,65454.55,307.84
133027.84,291.72,65991.08,307.65
131810.19,291.92,66193.19,307.57
131810.19,291.92,65923.83,307.67
133180.55,291.69,66193.19,307.57
132418.16,291.82,66193.19,307.57
131506.86,291.97,65521.42,307.82
131658.48,291.94,65789.48,307.72
133027.84,291.72,66058.40,307.62
131810.19,291.92,66125.76,307.60
131355.34,291.99,65655.34,307.77
133486.25,291.65,66125.76,307.60
132875.28,291.74,65923.83,307.67
133180.55,291.69,66395.77,307.50
131658.48,291.94,65655.34,307.77
132113.97,291.87,65521.42,307.82
132266.02,291.84,66058.40,307.62
132875.28,291.74,65923.83,307.67
131355.34,291.99,65856.62,307.70
133027.84,291.72,65923.83,307.67
131658.48,291.94,66125.76,307.60
131203.94,292.02,66125.76,307.60
131506.86,291.97,66058.40,307.62
131506.86,291.97,65991.08,307.65
133180.55,291.69,66260.66,307.55
132113.97,291.87,66125.76,307.60
132570.44,291.79,66125.76,307.60
131506.86,291.97,65856.62,307.70
131962.03,291.89,66193.19,307.57
131962.03,291.89,65856.62,307.70
131962.03,291.89,65655.34,307.77
131506.86,291.97,66125.76,307.60
131810.19,291.92,65789.48,307.72
132266.02,291.84,66260.66,307.55
132875.28,291.74,65387.72,307.87
132113.97,291.87,65923.83,307.67
131810.19,291.92,65923.83,307.67
132266.02,291.84,65187.57,307.94
131052.65,292.04,65454.55,307.84
131810.19,291.92,65655.34,307.77
133486.25,291.65,66058.40,307.62
131658.48,291.94,65856.62,307.70
132418.16,291.82,65856.62,307.70
132266.02,291.84,65454.55,307.84
132875.28,291.74,66058.40,307.62
131658.48,291.94,66125.76,307.60
132418.16,291.82,66260.66,307.55
131658.48,291.94,65521.42,307.82
132266.02,291.84,65521.42,307.82
132418.16,291.82,65521.42,307.82
131506.86,291.97,65521.42,307.82
132113.97,291.87,65856.62,307.70
131810.19,291.92,65187.57,307.94
132875.28,291.74,65655.34,307.77
133486.25,291.65,65387.72,307.87
133333.33,291.67,65655.34,307.77
132266.02,291.84,65454.55,307.84
131355.34,291.99,65254.23,307.92
132266.02,291.84,65187.57,307.94
132266.02,291.84,65187.57,307.94
133486.25,291.65,65054.41,307.99
131355.34,291.99,65187.57,307.94
130599.38,292.12,65254.23,307.92
131810.19,291.92,65254.23,307.92
133027.84,291.72,65120.96,307.97
132875.28,291.74,65187.57,307.94
131506.86,291.97,65387.72,307.87
132418.16,291.82,65254.23,307.92
132418.16,291.82,65187.57,307.94
131962.03,291.89,65521.42,307.82
131658.48,291.94,65387.72,307.87
133027.84,291.72,65320.95,307.89
131962.03,291.89,65387.72,307.87
131810.19,291.92,65588.36,307.79
131810.19,291.92,65187.57,307.94
133027.84,291.72,65387.72,307.87
131203.94,292.02,65320.95,307.89
132113.97,291.87,65320.95,307.89
132875.28,291.74,65588.36,307.79
133486.25,291.65,65521.42,307.82
132570.44,291.79,65387.72,307.87
131506.86,291.97,65254.23,307.92
132875.28,291.74,65521.42,307.82
131658.48,291.94,65789.48,307.72
133027.84,291.72,65254.23,307.92
131962.03,291.89,65655.34,307.77
132266.02,291.84,65789.48,307.72
131052.65,292.04,65454.55,307.84
131962.03,291.89,65655.34,307.77
132570.44,291.79,65789.48,307.72
132418.16,291.82,65655.34,307.77
131506.86,291.97,65387.72,307.87
131658.48,291.94,65521.42,307.82
133027.84,291.72,66193.19,307.57
131810.19,291.92,65588.36,307.79
131962.03,291.89,65655.34,307.77
131810.19,291.92,65655.34,307.77
131506.86,291.97,65387.72,307.87
1