=~=~=~=~=~=~=~=~=~=~=~= PuTTY log 2021.12.09 18:46:16 =~=~=~=~=~=~=~=~=~=~=~=
140322.59,290.57,72058.82,305.55
140007.17,290.62,72566.38,305.39
140164.81,290.60,73223.35,305.18
142065.48,290.31,72639.12,305.36
140796.56,290.50,71842.22,305.62
139692.22,290.67,72639.12,305.36
140954.78,290.48,72058.82,305.55
138436.84,290.86,72930.74,305.27
140480.45,290.55,72930.74,305.27
139220.59,290.74,72275.98,305.48
140007.17,290.62,72639.12,305.36
140480.45,290.55,72639.12,305.36
140480.45,290.55,72058.82,305.55
139692.22,290.67,72711.95,305.34
139849.63,290.65,72203.53,305.51
140796.56,290.50,72857.75,305.29
140322.59,290.57,72348.49,305.46
139692.22,290.67,72493.68,305.41
140954.78,290.48,72930.74,305.27
140638.47,290.53,72493.68,305.41
139377.69,290.72,73003.80,305.25
140638.47,290.53,72348.49,305.46
141430.11,290.41,72639.12,305.36
140007.17,290.62,72784.81,305.32
141430.11,290.41,72058.82,305.55
140322.59,290.57,72348.49,305.46
139849.63,290.65,72203.53,305.51
138906.75,290.79,72639.12,305.36
141113.09,290.45,72639.12,305.36
138906.75,290.79,72493.68,305.41
139063.64,290.77,72493.68,305.41
139220.59,290.74,72857.75,305.29
139849.63,290.65,72275.98,305.48
140007.17,290.62,72711.95,305.34
139849.63,290.65,72203.53,305.51
140954.78,290.48,72930.74,305.27
139377.69,290.72,72566.38,305.39
139063.64,290.77,72058.82,305.55
139692.22,290.67,72857.75,305.29
139849.63,290.65,72421.06,305.44
139220.59,290.74,72275.98,305.48
140796.56,290.50,72348.49,305.46
140007.17,290.62,72203.53,305.51
139063.64,290.77,72058.82,305.55
140796.56,290.50,72348.49,305.46
141271.56,290.43,73003.80,305.25
138750.02,290.81,72930.74,305.27
140322.59,290.57,72930.74,305.27
140638.47,290.53,72275.98,305.48
138436.84,290.86,72639.12,305.36
140480.45,290.55,72930.74,305.27
140007.17,290.62,72203.53,305.51
139063.64,290.77,72348.49,305.46
139692.22,290.67,72784.81,305.32
140638.47,290.53,72930.74,305.27
139377.69,290.72,72203.53,305.51
139220.59,290.74,72131.16,305.53
141271.56,290.43,72784.81,305.32
138906.75,290.79,71842.22,305.62
139063.64,290.77,72930.74,305.27
139063.64,290.77,72275.98,305.48
140007.17,290.62,72784.81,305.32
139063.64,290.77,71842.22,305.62
138906.75,290.79,72203.53,305.51
139063.64,290.77,72348.49,305.46
140007.17,290.62,72275.98,305.48
138906.75,290.79,71842.22,305.62
141430.11,290.41,72348.49,305.46
139377.69,290.72,71842.22,305.62
138906.75,290.79,71986.55,305.58
139849.63,290.65,71842.22,305.62
140480.45,290.55,72203.53,305.51
141430.11,290.41,71842.22,305.62
139692.22,290.67,71842.22,305.62
139377.69,290.72,72058.82,305.55
140007.17,290.62,71842.22,305.62
138906.75,290.79,71770.13,305.65
141271.56,290.43,72203.53,305.51
139220.59,290.74,71482.41,305.74
140480.45,290.55,71842.22,305.62
140480.45,290.55,71770.13,305.65
140007.17,290.62,71842.22,305.62
139849.63,290.65,71842.22,305.62
138906.75,290.79,71842.22,305.62
140480.45,290.55,71842.22,305.62
139063.64,290.77,71842.22,305.62
139063.64,290.77,72203.53,305.51
138750.02,290.81,71986.55,305.58
138906.75,290.79,71914.35,305.60
139534.89,290.69,71986.55,305.58
139377.69,290.72,71842.22,305.62
138906.75,290.79,71842.22,305.62
140796.56,290.50,72348.49,305.46
138906.75,290.79,71842.22,305.62
139063.64,290.77,72058.82,305.55
138436.84,290.86,71842.22,305.62
138436.84,290.86,71842.22,305.62
140007.17,290.62,72348.49,305.46
139692.22,290.67,71842.22,305.62
138593.36,290.84,72058.82,305.55
140322.59,290.57,72639.12,305.36
139692.22,290.67,71986.55,305.58
141588.80,290.38,72203.53,305.51
139849.63,290.65,72131.16,305.53
140954.78,290.48,71986.55,305.58
140007.17,290.62,72348.49,305.46
140007.17,290.62,71986.55,305.58
141271.56,290.43,72131.16,305.53
139849.63,290.65,72348.49,305.46
138906.75,290.79,71986.55,305.58
139377.69,290.72,71914.35,305.60
139849.63,290.65,72131.16,305.53
138750.02,290.81,72275.98,305.48
140322.59,290.57,72203.53,305.51
139849.63,290.65,71986.55,305.58
140480.45,290.55,71842.22,305.62
138906.75,290.79,72058.82,305.55
140954.78,290.48,71842.22,305.62
139063.64,290.77,71914.35,305.60
139849.63,290.65,71842.22,305.62
138906.75,290.79,72131.16,305.53
139220.59,290.74,71986.55,305.58
140322.59,290.57,71698.12,305.67
139692.22,290.67,72131.16,305.53
138906.75,290.79,71770.13,305.65
139377.69,290.72,72275.98,305.48
139220.59,290.74,71842.22,305.62
140007.17,290.62,72275.98,305.48
139692.22,290.67,72203.53,305.51
140322.59,290.57,71986.55,305.58
141113.09,290.45,72275.98,305.48
138906.75,290.79,71986.55,305.58
139692.22,290.67,71698.12,305.67
141113.09,290.45,72058.82,305.55
138593.36,290.84,71842.22,305.62
140164.81,290.60,72493.68,305.41
140322.59,290.57,71914.35,305.60
139692.22,290.67,71986.55,305.58
139692.22,290.67,71842.22,305.62
139220.59,290.74,71842.22,305.62
141113.09,290.45,72058.82,305.55
138280.41,290.89,71195.66,305.84
139692.22,290.67,72203.53,305.51
138593.36,290.84,72058.82,305.55
138906.75,290.79,72784.81,305.32
138906.75,290.79,71770.13,305.65
139692.22,290.67,72058.82,305.55
140322.59,290.57,72058.82,305.55
140007.17,290.62,72566.38,305.39
141113.09,290.45,71914.35,305.60
138906.75,290.79,72275.98,305.48
139377.69,290.72,71842.22,305.62
140322.59,290.57,71914.35,305.60
138906.75,290.79,71842.22,305.62
139377.69,290.72,71842.22,305.62
139692.22,290.67,71914.35,305.60
138750.02,290.81,71554.25,305.72
139534.89,290.69,71770.13,305.65
138906.75,290.79,71770.13,305.65
139220.59,290.74,71554.25,305.72
139377.69,290.72,71842.22,305.62
139220.59,290.74,71626.16,305.70
139377.69,290.72,71842.22,305.62
139377.69,290.72,71698.12,305.67
138906.75,290.79,71842.22,305.62
139849.63,290.65,71842.22,305.62
138906.75,290.79,71914.35,305.60
138906.75,290.79,71842.22,305.62
138906.75,290.79,71842.22,305.62
140007.17,290.62,72275.98,305.48
138436.84,290.86,71482.41,305.74
139220.59,290.74,71986.55,305.58
139377.69,290.72,71698.12,305.67
140322.59,290.57,72566.38,305.39
138906.75,290.79,71842.22,305.62
140480.45,290.55,71842.22,305.62
138906.75,290.79,71770.13,305.65
140007.17,290.62,72275.98,305.48
139692.22,290.67,71842.22,305.62
139377.69,290.72,71986.55,305.58
139377.69,290.72,71698.12,305.67
139063.64,290.77,71842.22,305.62
139063.64,290.77,71626.16,305.70
139692.22,290.67,71770.13,305.65
139220.59,290.74,71770.13,305.65
139692.22,290.67,71842.22,305.62
139692.22,290.67,71842.22,305.62
139849.63,290.65,71770.13,305.65
140007.17,290.62,72131.16,305.53
139849.63,290.65,71554.25,305.72
139063.64,290.77,71626.16,305.70
138750.02,290.81,72058.82,305.55
139063.64,290.77,71626.16,305.70
139377.69,290.72,71986.55,305.58
138906.75,290.79,71842.22,305.62
140007.17,290.62,71770.13,305.65
139534.89,290.69,72131.16,305.53
139692.22,290.67,71842.22,305.62
138593.36,290.84,71842.22,305.62
140164.81,290.60,71842.22,305.62
138750.02,290.81,71842.22,305.62
139220.59,290.74,71842.22,305.62
139063.64,290.77,71842.22,305.62
139063.64,290.77,71842.22,305.62
139220.59,290.74,71626.16,305.70
139063.64,290.77,71842.22,305.62
140007.17,290.62,71914.35,305.60
139849.63,290.65,71770.13,305.65
139849.63,290.65,71554.25,305.72
140480.45,290.55,71842.22,305.62
139377.69,290.72,71842.22,305.62
138906.75,290.79,71842.22,305.62
139849.63,290.65,71338.92,305.79
140954.78,290.48,72348.49,305.46
138906.75,290.79,71842.22,305.62
141271.56,290.43,71914.35,305.60
138906.75,290.79,71914.35,305.60
139377.69,290.72,72348.49,305.46
140322.59,290.57,72275.98,305.48
138906.75,290.79,71842.22,305.62
140480.45,290.55,71842.22,305.62
138593.36,290.84,71914.35,305.60
140322.59,290.57,71842.22,305.62
139849.63,290.65,71842.22,305.62
138280.41,290.89,71770.13,305.65
139220.59,290.74,72058.82,305.55
139377.69,290.72,71914.35,305.60
139692.22,290.67,71914.35,305.60
138906.75,290.79,71842.22,305.62
138906.75,290.79,71770.13,305.65
140007.17,290.62,71842.22,305.62
139849.63,290.65,71842.22,305.62
138906.75,290.79,71986.55,305.58
139063.64,290.77,71842.22,305.62
139534.89,290.69,71842.22,305.62
139692.22,290.67,71842.22,305.62
138593.36,290.84,71770.13,305.65
139849.63,290.65,71986.55,305.58
138906.75,290.79,71842.22,305.62
139692.22,290.67,71842.22,305.62
140954.78,290.48,71842.22,305.62
139063.64,290.77,71842.22,305.62
140007.17,290.62,72058.82,305.55
140007.17,290.62,72348.49,305.46
139692.22,290.67,71986.55,305.58
139849.63,290.65,71914.35,305.60
139692.22,290.67,71842.22,305.62
139063.64,290.77,71842.22,305.62
139849.63,290.65,71626.16,305.70
139220.59,290.74,71770.13,305.65
138906.75,290.79,71482.41,305.74
140007.17,290.62,71770.13,305.65
140007.17,290.62,71698.12,305.67
138906.75,290.79,71842.22,305.62
141588.80,290.38,71770.13,305.65
138906.75,290.79,71842.22,305.62
140007.17,290.62,71052.64,305.89
140954.78,290.48,71842.22,305.62
139220.59,290.74,71410.63,305.77
139849.63,290.65,71698.12,305.67
139220.59,290.74,71195.66,305.84
138906.75,290.79,71842.22,305.62
139377.69,290.72,71626.16,305.70
140007.17,290.62,71052.64,305.89
140480.45,290.55,72203.53,305.51
139063.64,290.77,71554.25,305.72
140638.47,290.53,71842.22,305.62
139534.89,290.69,71482.41,305.74
139849.63,290.65,71482.41,305.74
138124.13,290.91,71770.13,305.65
138750.02,290.81,71842.22,305.62
140954.78,290.48,71842.22,305.62
139692.22,290.67,71770.13,305.65
139849.63,290.65,71770.13,305.65
139534.89,290.69,71410.63,305.77
139692.22,290.67,71842.22,305.62
139220.59,290.74,71842.22,305.62
138906.75,290.79,71482.41,305.74
138906.75,290.79,71986.55,305.58
138436.84,290.86,71770.13,305.65
138906.75,290.79,71770.13,305.65
139849.63,290.65,71914.35,305.60
140954.78,290.48,72058.82,305.55
138750.02,290.81,71842.22,305.62
139377.69,290.72,71698.12,305.67
139377.69,290.72,71842.22,305.62
140007.17,290.62,72203.53,305.51
139063.64,290.77,71842.22,305.62
140322.59,290.57,71626.16,305.70
139063.64,290.77,71626.16,305.70
140480.45,290.55,71770.13,305.65
138750.02,290.81,71770.13,305.65
139849.63,290.65,71842.22,305.62
140322.59,290.57,71842.22,305.62
139692.22,290.67,71410.63,305.77
140638.47,290.53,71842.22,305.62
139063.64,290.77,71626.16,305.70
140322.59,290.57,71914.35,305.60
138906.75,290.79,71698.12,305.67
139377.69,290.72,71482.41,305.74
138906.75,290.79,71195.66,305.84
138906.75,290.79,71195.66,305.84
138906.75,290.79,71770.13,305.65
139063.64,290.77,71410.63,305.77
139377.69,290.72,71842.22,305.62
138906.75,290.79,71842.22,305.62
139849.63,290.65,71770.13,305.65
140007.17,290.62,71986.55,305.58
138906.75,290.79,71842.22,305.62
140480.45,290.55,71626.16,305.70
138906.75,290.79,71698.12,305.67
139534.89,290.69,71338.92,305.79
139220.59,290.74,71842.22,305.62
138593.36,290.84,71698.12,305.67
140480.45,290.55,71770.13,305.65
139692.22,290.67,71842.22,305.62
138906.75,290.79,71842.22,305.62
139534.89,290.69,71626.16,305.70
138906.75,290.79,71195.66,305.84
139692.22,290.67,71842.22,305.62
139220.59,290.74,71482.41,305.74
138593.36,290.84,70553.94,306.05
140796.56,290.50,71482.41,305.74
138906.75,290.79,71698.12,305.67
140480.45,290.55,71626.16,305.70
139220.59,290.74,71842.22,305.62
139849.63,290.65,71554.25,305.72
139063.64,290.77,71842.22,305.62
140007.17,290.62,71842.22,305.62
140007.17,290.62,71914.35,305.60
139220.59,290.74,71914.35,305.60
138906.75,290.79,70838.55,305.96
138593.36,290.84,71842.22,305.62
139220.59,290.74,71770.13,305.65
138906.75,290.79,71914.35,305.60
138436.84,290.86,71842.22,305.62
139849.63,290.65,72203.53,305.51
139849.63,290.65,71554.25,305.72
138906.75,290.79,71124.11,305.86
140480.45,290.55,71770.13,305.65
138906.75,290.79,71842.22,305.62
138436.84,290.86,71842.22,305.62
139692.22,290.67,71986.55,305.58
137500.02,291.01,71842.22,305.62
138750.02,290.81,71482.41,305.74
138906.75,290.79,71842.22,305.62
138906.75,290.79,71770.13,305.65
139377.69,290.72,71770.13,305.65
138906.75,290.79,71482.41,305.74
138906.75,290.79,71698.12,305.67
138593.36,290.84,71698.12,305.67
138906.75,290.79,71842.22,305.62
138906.75,290.79,71698.12,305.67
138750.02,290.81,71770.13,305.65
138906.75,290.79,71914.35,305.60
139849.63,290.65,71842.22,305.62
139220.59,290.74,71842.22,305.62
139692.22,290.67,71842.22,305.62
138124.13,290.91,71770.13,305.65
140480.45,290.55,71842.22,305.62
139377.69,290.72,71626.16,305.70
139377.69,290.72,71698.12,305.67
138906.75,290.79,71698.12,305.67
138906.75,290.79,70341.10,306.13
139534.89,290.69,71482.41,305.74
141588.80,290.38,71842.22,305.62
139063.64,290.77,71626.16,305.70
139692.22,290.67,71842.22,305.62
138906.75,290.79,71626.16,305.70
136412.08,291.18,71842.22,305.62
138906.75,290.79,71482.41,305.74
139692.22,290.67,71626.16,305.70
140954.78,290.48,71842.22,305.62
138593.36,290.84,71482.41,305.74
139692.22,290.67,71842.22,305.62
138593.36,290.84,71770.13,305.65
139849.63,290.65,72275.98,305.48
140007.17,290.62,72203.53,305.51
139063.64,290.77,71770.13,305.65
140638.47,290.53,71554.25,305.72
138593.36,290.84,71124.11,305.86
138906.75,290.79,71842.22,305.62
138593.36,290.84,71410.63,305.77
138906.75,290.79,71338.92,305.79
135947.50,291.25,71338.92,305.79
139849.63,290.65,69917.01,306.27
139849.63,290.65,71698.12,305.67
139377.69,290.72,71482.41,305.74
138906.75,290.79,71338.92,305.79
138906.75,290.79,71338.92,305.79
140007.17,290.62,71698.12,305.67
139220.59,290.74,71124.11,305.86
139377.69,290.72,71052.64,305.89
138436.84,290.86,71338.92,305.79
140322.59,290.57,70411.98,306.10
138436.84,290.86,71052.64,305.89
139534.89,290.69,71124.11,305.86
139220.59,290.74,70767.30,305.98
139063.64,290.77,70696.12,306.01
139220.59,290.74,70981.21,305.91
140480.45,290.55,70838.55,305.96
138906.75,290.79,70625.01,306.03
137811.84,290.96,70981.21,305.91
139377.69,290.72,70767.30,305.98
139063.64,290.77,70625.01,306.03
139220.59,290.74,70909.84,305.93
138593.36,290.84,70767.30,305.98
139692.22,290.67,70909.84,305.93
139063.64,290.77,71124.11,305.86
138906.75,290.79,70767.30,305.98
139534.89,290.69,70767.30,305.98
139063.64,290.77,69987.55,306.24
138906.75,290.79,70909.84,305.93
139063.64,290.77,70767.30,305.98
140322.59,290.57,71554.25,305.72
138124.13,290.91,70696.12,306.01
140007.17,290.62,70838.55,305.96
139692.22,290.67,70909.84,305.93
139063.64,290.77,70411.98,306.10
138906.75,290.79,71052.64,305.89
138906.75,290.79,70838.55,305.96
139692.22,290.67,70767.30,305.98
138906.75,290.79,70909.84,305.93
140007.17,290.62,70909.84,305.93
138750.02,290.81,70909.84,305.93
139063.64,290.77,71195.66,305.84
139063.64,290.77,70696.12,306.01
140954.78,290.48,70981.21,305.91
138280.41,290.89,70341.10,306.13
139220.59,290.74,70341.10,306.13
139220.59,290.74,70838.55,305.96
139063.64,290.77,70767.30,305.98
140638.47,290.53,70767.30,305.98
140322.59,290.57,70625.01,306.03
138906.75,290.79,70625.01,306.03
138906.75,290.79,69565.22,306.39
138750.02,290.81,70767.30,305.98
139692.22,290.67,71124.11,305.86
138280.41,290.89,70838.55,305.96
139692.22,290.67,71124.11,305.86
138750.02,290.81,70909.84,305.93
139063.64,290.77,70482.93,306.08
139377.69,290.72,71195.66,305.84
139849.63,290.65,71482.41,305.74
136722.36,291.13,70838.55,305.96
139849.63,290.65,71195.66,305.84
139063.64,290.77,71195.66,305.84
139849.63,290.65,71124.11,305.86
139849.63,290.65,71338.92,305.79
138906.75,290.79,70767.30,305.98
139220.59,290.74,71482.41,305.74
138906.75,290.79,71410.63,305.77
139692.22,290.67,70482.93,306.08
139063.64,290.77,71482.41,305.74
139692.22,290.67,71052.64,305.89
138906.75,290.79,70838.55,305.96
139692.22,290.67,70625.01,306.03
138436.84,290.86,70981.21,305.91
139063.64,290.77,70696.12,306.01
139220.59,290.74,70696.12,306.01
138906.75,290.79,70767.30,305.98
139220.59,290.74,70553.94,306.05
139692.22,290.67,70767.30,305.98
139534.89,290.69,71124.11,305.86
139220.59,290.74,70767.30,305.98
139692.22,290.67,70553.94,306.05
138906.75,290.79,70625.01,306.03
139063.64,290.77,71052.64,305.89
137967.92,290.94,71195.66,305.84
138906.75,290.79,70625.01,306.03
139063.64,290.77,70696.12,306.01
140007.17,290.62,70625.01,306.03
139377.69,290.72,71124.11,305.86
138906.75,290.79,70341.10,306.13
138906.75,290.79,70838.55,305.96
138906.75,290.79,70625.01,306.03
139692.22,290.67,70909.84,305.93
139692.22,290.67,70981.21,305.91
139692.22,290.67,70341.10,306.13
138906.75,290.79,70767.30,305.98
138906.75,290.79,70625.01,306.03
138593.36,290.84,70625.01,306.03
140007.17,290.62,70625.01,306.03
139220.59,290.74,70696.12,306.01
139849.63,290.65,70625.01,306.03
138906.75,290.79,70553.94,306.05
139534.89,290.69,70767.30,305.98
138750.02,290.81,70058.14,306.22
140954.78,290.48,70767.30,305.98
139220.59,290.74,70981.21,305.91
139063.64,290.77,71052.64,305.89
139063.64,290.77,70909.84,305.93
138906.75,290.79,70838.55,305.96
140322.59,290.57,70625.01,306.03
139377.69,290.72,70767.30,305.98
139849.63,290.65,71554.25,305.72
137967.92,290.94,71124.11,305.86
139063.64,290.77,70838.55,305.96
138906.75,290.79,70909.84,305.93
138906.75,290.79,71626.16,305.70
138906.75,290.79,71338.92,305.79
139692.22,290.67,71124.11,305.86
139063.64,290.77,71124.11,305.86
138906.75,290.79,70625.01,306.03
139692.22,290.67,71124.11,305.86
138593.36,290.84,70838.55,305.96
139220.59,290.74,70767.30,305.98
139849.63,290.65,70696.12,306.01
140322.59,290.57,71052.64,305.89
138436.84,290.86,70625.01,306.03
138436.84,290.86,70696.12,306.01
138906.75,290.79,70909.84,305.93
139220.59,290.74,70767.30,305.98
138906.75,290.79,71195.66,305.84
138906.75,290.79,70767.30,305.98
139220.59,290.74,70838.55,305.96
138750.02,290.81,70625.01,306.03
139377.69,290.72,71195.66,305.84
138593.36,290.84,70625.01,306.03
138906.75,290.79,70482.93,306.08
138906.75,290.79,70767.30,305.98
138906.75,290.79,70270.27,306.15
140007.17,290.62,70696.12,306.01
138906.75,290.79,70553.94,306.05
138906.75,290.79,70058.14,306.22
138750.02,290.81,70341.10,306.13
139063.64,290.77,70696.12,306.01
140638.47,290.53,70625.01,306.03
138906.75,290.79,70270.27,306.15
140638.47,290.53,70341.10,306.13
138906.75,290.79,70341.10,306.13
138436.84,290.86,71052.64,305.89
138906.75,290.79,70553.94,306.05
139063.64,290.77,70058.14,306.22
138906.75,290.79,70553.94,306.05
138906.75,290.79,70625.01,306.03
139692.22,290.67,70482.93,306.08
138593.36,290.84,70411.98,306.10
139534.89,290.69,70696.12,306.01
139063.64,290.77,70482.93,306.08
138906.75,290.79,70767.30,305.98
139063.64,290.77,70625.01,306.03
140164.81,290.60,70909.84,305.93
138750.02,290.81,70838.55,305.96
140480.45,290.55,71052.64,305.89
139063.64,290.77,70909.84,305.93
139377.69,290.72,70696.12,306.01
139220.59,290.74,70838.55,305.96
139220.59,290.74,70696.12,306.01
139534.89,290.69,70411.98,306.10
139063.64,290.77,71195.66,305.84
141588.80,290.38,71482.41,305.74
138906.75,290.79,70341.10,306.13
140638.47,290.53,71124.11,305.86
140954.78,290.48,71410.63,305.77
140796.56,290.50,71410.63,305.77
138593.36,290.84,71124.11,305.86
139377.69,290.72,71842.22,305.62
138436.84,290.86,71195.66,305.84
139534.89,290.69,71842.22,305.62
139377.69,290.72,71410.63,305.77
137811.84,290.96,71410.63,305.77
137811.84,290.96,71482.41,305.74
139220.59,290.74,71410.63,305.77
139063.64,290.77,70909.84,305.93
139377.69,290.72,71482.41,305.74
138906.75,290.79,70553.94,306.05
139692.22,290.67,71482.41,305.74
139063.64,290.77,70767.30,305.98
139220.59,290.74,71914.35,305.60
139849.63,290.65,70909.84,305.93
140322.59,290.57,71770.13,305.65
138906.75,290.79,71698.12,305.67
137967.92,290.94,70482.93,306.08
139377.69,290.72,70058.14,306.22
139063.64,290.77,70981.21,305.91
138906.75,290.79,71482.41,305.74
138593.36,290.84,71124.11,305.86
139063.64,290.77,71052.64,305.89
139377.69,290.72,70482.93,306.08
138436.84,290.86,70909.84,305.93
138906.75,290.79,71052.64,305.89
139534.89,290.69,70199.51,306.17
140164.81,290.60,71482.41,305.74
137967.92,290.94,71482.41,305.74
138593.36,290.84,70625.01,306.03
139063.64,290.77,71195.66,305.84
138906.75,290.79,71554.25,305.72
138906.75,290.79,71052.64,305.89
138750.02,290.81,71626.16,305.70
137811.84,290.96,70767.30,305.98
139220.59,290.74,71482.41,305.74
138750.02,290.81,71698.12,305.67
139063.64,290.77,70909.84,305.93
139377.69,290.72,71410.63,305.77
139220.59,290.74,71195.66,305.84
139377.69,290.72,70909.84,305.93
139692.22,290.67,71410.63,305.77
139220.59,290.74,71338.92,305.79
138280.41,290.89,70696.12,306.01
139377.69,290.72,71626.16,305.70
139849.63,290.65,71410.63,305.77
138906.75,290.79,71052.64,305.89
139692.22,290.67,71482.41,305.74
138436.84,290.86,71626.16,305.70
138906.75,290.79,71842.22,305.62
138906.75,290.79,71410.63,305.77
138906.75,290.79,70199.51,306.17
138906.75,290.79,71052.64,305.89
138750.02,290.81,71986.55,305.58
139220.59,290.74,71482.41,305.74
138593.36,290.84,71770.13,305.65
138906.75,290.79,71338.92,305.79
138906.75,290.79,71124.11,305.86
139063.64,290.77,71698.12,305.67
138906.75,290.79,71195.66,305.84
139220.59,290.74,71410.63,305.77
140322.59,290.57,71554.25,305.72
138906.75,290.79,70909.84,305.93
138906.75,290.79,71482.41,305.74
138436.84,290.86,71124.11,305.86
139692.22,290.67,71842.22,305.62
139534.89,290.69,71482.41,305.74
138906.75,290.79,72203.53,305.51
138906.75,290.79,70909.84,305.93
138906.75,290.79,71410.63,305.77
139063.64,290.77,70981.21,305.91
138906.75,290.79,71410.63,305.77
138906.75,290.79,71052.64,305.89
139849.63,290.65,71842.22,305.62
138906.75,290.79,71124.11,305.86
139220.59,290.74,71482.41,305.74
138906.75,290.79,71124.11,305.86
138750.02,290.81,71195.66,305.84
138906.75,290.79,71698.12,305.67
138906.75,290.79,70981.21,305.91
139063.64,290.77,71410.63,305.77
138906.75,290.79,71626.16,305.70
138593.36,290.84,71482.41,305.74
138593.36,290.84,70838.55,305.96
139377.69,290.72,71124.11,305.86
138906.75,290.79,71482.41,305.74
139063.64,290.77,71482.41,305.74
138750.02,290.81,71195.66,305.84
138906.75,290.79,71842.22,305.62
139377.69,290.72,71626.16,305.70
139692.22,290.67,71770.13,305.65
139377.69,290.72,71410.63,305.77
140007.17,290.62,71482.41,305.74
138906.75,290.79,71052.64,305.89
137188.63,291.06,71482.41,305.74
140007.17,290.62,71698.12,305.67
140322.59,290.57,71482.41,305.74
139063.64,290.77,71482.41,305.74
137500.02,291.01,70553.94,306.05
138906.75,290.79,69635.46,306.36
137967.92,290.94,71338.92,305.79
138906.75,290.79,71770.13,305.65
138750.02,290.81,71410.63,305.77
138906.75,290.79,71626.16,305.70
136567.17,291.15,70838.55,305.96
139534.89,290.69,71842.22,305.62
139377.69,290.72,71052.64,305.89
138906.75,290.79,71410.63,305.77
138906.75,290.79,71052.64,305.89
139377.69,290.72,71698.12,305.67
138906.75,290.79,70838.55,305.96
139063.64,290.77,71052.64,305.89
138906.75,290.79,71482.41,305.74
138750.02,290.81,71052.64,305.89
138906.75,290.79,71052.64,305.89
138906.75,290.79,70909.84,305.93
138906.75,290.79,70909.84,305.93
138750.02,290.81,70482.93,306.08
137967.92,290.94,70909.84,305.93
138906.75,290.79,70767.30,305.98
139063.64,290.77,70838.55,305.96
138750.02,290.81,69776.12,306.32
138906.75,290.79,70838.55,305.96
139692.22,290.67,71410.63,305.77
137967.92,290.94,70838.55,305.96
140322.59,290.57,71338.92,305.79
139063.64,290.77,70981.21,305.91
138906.75,290.79,70981.21,305.91
138593.36,290.84,71195.66,305.84
138906.75,290.79,70482.93,306.08
139063.64,290.77,70909.84,305.93
139534.89,290.69,70909.84,305.93
138906.75,290.79,71267.26,305.82
138906.75,290.79,71482.41,305.74
139220.59,290.74,70767.30,305.98
138906.75,290.79,71052.64,305.89
139377.69,290.72,71052.64,305.89
140638.47,290.53,71770.13,305.65
138906.75,290.79,70838.55,305.96
138750.02,290.81,70909.84,305.93
139692.22,290.67,70909.84,305.93
139377.69,290.72,70625.01,306.03
138906.75,290.79,70909.84,305.93
138906.75,290.79,71338.92,305.79
138906.75,290.79,71195.66,305.84
138436.84,290.86,71338.92,305.79
138124.13,290.91,71052.64,305.89
138280.41,290.89,70341.10,306.13
138906.75,290.79,71482.41,305.74
138750.02,290.81,71410.63,305.77
140007.17,290.62,70696.12,306.01
137188.63,291.06,71195.66,305.84
140007.17,290.62,71482.41,305.74
139377.69,290.72,71124.11,305.86
138280.41,290.89,71195.66,305.84
137811.84,290.96,70482.93,306.08
137967.92,290.94,70482.93,306.08
138750.02,290.81,71482.41,305.74
138906.75,290.79,71124.11,305.86
139220.59,290.74,71195.66,305.84
138750.02,290.81,71195.66,305.84
139063.64,290.77,71195.66,305.84
137500.02,291.01,71052.64,305.89
139692.22,290.67,71052.64,305.89
138906.75,290.79,70696.12,306.01
138906.75,290.79,71124.11,305.86
139692.22,290.67,71195.66,305.84
137500.02,291.01,71124.11,305.86
138750.02,290.81,71124.11,305.86
139063.64,290.77,71482.41,305.74
137967.92,290.94,71338.92,305.79
138593.36,290.84,71195.66,305.84
140164.81,290.60,71842.22,305.62
138436.84,290.86,71195.66,305.84
138906.75,290.79,71338.92,305.79
138906.75,290.79,71052.64,305.89
138124.13,290.91,71914.35,305.60
139692.22,290.67,71124.11,305.86
138906.75,290.79,71195.66,305.84
138593.36,290.84,71626.16,305.70
139849.63,290.65,70981.21,305.91
140796.56,290.50,71842.22,305.62
137811.84,290.96,70838.55,305.96
140007.17,290.62,71338.92,305.79
138593.36,290.84,71124.11,305.86
139849.63,290.65,71338.92,305.79
138124.13,290.91,71195.66,305.84
140322.59,290.57,71626.16,305.70
138906.75,290.79,71052.64,305.89
138436.84,290.86,71195.66,305.84
138750.02,290.81,71338.92,305.79
139063.64,290.77,70767.30,305.98
137188.63,291.06,71052.64,305.89
138593.36,290.84,71195.66,305.84
137967.92,290.94,70838.55,305.96
139692.22,290.67,71482.41,305.74
138436.84,290.86,70767.30,305.98
138593.36,290.84,72275.98,305.48
138124.13,290.91,71124.11,305.86
138750.02,290.81,71195.66,305.84
138906.75,290.79,71195.66,305.84
137967.92,290.94,71195.66,305.84
138593.36,290.84,70909.84,305.93
140322.59,290.57,71482.41,305.74
138906.75,290.79,70838.55,305.96
137188.63,291.06,70696.12,306.01
138593.36,290.84,71124.11,305.86
139377.69,290.72,70909.84,305.93
138906.75,290.79,70199.51,306.17
138906.75,290.79,71052.64,305.89
139849.63,290.65,71124.11,305.86
138906.75,290.79,70482.93,306.08
139377.69,290.72,71410.63,305.77
138906.75,290.79,70838.55,305.96
139534.89,290.69,71554.25,305.72
140480.45,290.55,71698.12,305.67
138593.36,290.84,71195.66,305.84
139063.64,290.77,70909.84,305.93
140007.17,290.62,71698.12,305.67
138906.75,290.79,71195.66,305.84
138906.75,290.79,71124.11,305.86
138906.75,290.79,71124.11,305.86
139377.69,290.72,70696.12,306.01
139063.64,290.77,71052.64,305.89
139692.22,290.67,71338.92,305.79
138906.75,290.79,71410.63,305.77
138436.84,290.86,70909.84,305.93
140638.47,290.53,71482.41,305.74
138906.75,290.79,71052.64,305.89
138436.84,290.86,70981.21,305.91
136877.69,291.11,71338.92,305.79
138436.84,290.86,70909.84,305.93
139063.64,290.77,71195.66,305.84
139220.59,290.74,71052.64,305.89
139063.64,290.77,70767.30,305.98
139063.64,290.77,71842.22,305.62
138906.75,290.79,71410.63,305.77
139849.63,290.65,71554.25,305.72
138750.02,290.81,71338.92,305.79
140638.47,290.53,70411.98,306.10
139377.69,290.72,71124.11,305.86
138436.84,290.86,70553.94,306.05
139692.22,290.67,71124.11,305.86
138750.02,290.81,70838.55,305.96
139849.63,290.65,71338.92,305.79
139220.59,290.74,70838.55,305.96
138906.75,290.79,70838.55,305.96
138906.75,290.79,71267.26,305.82
137967.92,290.94,70838.55,305.96
138750.02,290.81,70482.93,306.08
138906.75,290.79,70553.94,306.05
139220.59,290.74,71052.64,305.89
138906.75,290.79,71410.63,305.77
138750.02,290.81,70838.55,305.96
140480.45,290.55,71410.63,305.77
138906.75,290.79,71195.66,305.84
138750.02,290.81,70909.84,305.93
138906.75,290.79,71410.63,305.77
139063.64,290.77,70696.12,306.01
139063.64,290.77,71482.41,305.74
138750.02,290.81,71195.66,305.84
140480.45,290.55,71195.66,305.84
139063.64,290.77,70696.12,306.01
139849.63,290.65,71338.92,305.79
138593.36,290.84,70909.84,305.93
139692.22,290.67,70981.21,305.91
138593.36,290.84,71124.11,305.86
138436.84,290.86,70767.30,305.98
139063.64,290.77,70838.55,305.96
140007.17,290.62,70696.12,306.01
138593.36,290.84,71410.63,305.77
136567.17,291.15,70553.94,306.05
139220.59,290.74,70625.01,306.03
137811.84,290.96,70553.94,306.05
140480.45,290.55,69987.55,306.24
138906.75,290.79,70553.94,306.05
138750.02,290.81,70838.55,305.96
138906.75,290.79,70482.93,306.08
139849.63,290.65,69846.54,306.29
139377.69,290.72,70270.27,306.15
138906.75,290.79,70767.30,305.98
139377.69,290.72,70696.12,306.01
138906.75,290.79,70767.30,305.98
137811.84,290.96,70270.27,306.15
139377.69,290.72,70199.51,306.17
138750.02,290.81,70199.51,306.17
138906.75,290.79,70270.27,306.15
138436.84,290.86,70058.14,306.22
139063.64,290.77,70553.94,306.05
138906.75,290.79,69776.12,306.32
138906.75,290.79,70058.14,306.22
138906.75,290.79,70199.51,306.17
138906.75,290.79,70270.27,306.15
138906.75,290.79,69776.12,306.32
137811.84,290.96,70199.51,306.17
139377.69,290.72,70270.27,306.15
138593.36,290.84,69987.55,306.24
138906.75,290.79,70270.27,306.15
138906.75,290.79,69776.12,306.32
139063.64,290.77,70270.27,306.15
139692.22,290.67,69987.55,306.24
138750.02,290.81,70482.93,306.08
140480.45,290.55,69495.03,306.41
139220.59,290.74,70058.14,306.22
138906.75,290.79,70411.98,306.10
138906.75,290.79,69565.22,306.39
137033.08,291.08,70341.10,306.13
140480.45,290.55,70625.01,306.03
138593.36,290.84,70341.10,306.13
137500.02,291.01,71195.66,305.84
136877.69,291.11,69705.77,306.34
140007.17,290.62,70482.93,306.08
138436.84,290.86,70199.51,306.17
138436.84,290.86,70838.55,305.96
138436.84,290.86,70341.10,306.13
139849.63,290.65,70341.10,306.13
138593.36,290.84,70341.10,306.13
138906.75,290.79,70553.94,306.05
138124.13,290.91,70199.51,306.17
140322.59,290.57,70553.94,306.05
138750.02,290.81,70270.27,306.15
139220.59,290.74,70838.55,305.96
138906.75,290.79,69705.77,306.34
138906.75,290.79,70767.30,305.98
137344.25,291.03,70696.12,306.01
140322.59,290.57,70767.30,305.98
138280.41,290.89,71124.11,305.86
138593.36,290.84,70909.84,305.93
138906.75,290.79,70838.55,305.96
139220.59,290.74,70767.30,305.98
138906.75,290.79,70341.10,306.13
139692.22,290.67,70767.30,305.98
138124.13,290.91,70341.10,306.13
140007.17,290.62,71052.64,305.89
139692.22,290.67,70625.01,306.03
138906.75,290.79,70625.01,306.03
138124.13,290.91,70909.84,305.93
139063.64,290.77,71052.64,305.89
138906.75,290.79,70909.84,305.93
137500.02,291.01,70482.93,306.08
138906.75,290.79,70696.12,306.01
138906.75,290.79,70696.12,306.01
138906.75,290.79,70767.30,305.98
138906.75,290.79,70625.01,306.03
139849.63,290.65,70696.12,306.01
137500.02,291.01,70625.01,306.03
140322.59,290.57,70909.84,305.93
138750.02,290.81,70199.51,306.17
139692.22,290.67,71124.11,305.86
139220.59,290.74,70482.93,306.08
138906.75,290.79,70909.84,305.93
138750.02,290.81,70553.94,306.05
138906.75,290.79,70909.84,305.93
138750.02,290.81,69565.22,306.39
139063.64,290.77,70696.12,306.01
138906.75,290.79,71052.64,305.89
139849.63,290.65,70696.12,306.01
138906.75,290.79,70696.12,306.01
138906.75,290.79,70625.01,306.03
139063.64,290.77,71052.64,305.89
138750.02,290.81,70767.30,305.98
139377.69,290.72,71338.92,305.79
138906.75,290.79,70696.12,306.01
139534.89,290.69,71052.64,305.89
138906.75,290.79,70981.21,305.91
136877.69,291.11,70696.12,306.01
138906.75,290.79,71195.66,305.84
137967.92,290.94,70909.84,305.93
139220.59,290.74,71052.64,305.89
138124.13,290.91,70625.01,306.03
139063.64,290.77,71124.11,305.86
138593.36,290.84,70767.30,305.98
138906.75,290.79,71195.66,305.84
139220.59,290.74,70553.94,306.05
139534.89,290.69,71338.92,305.79
138280.41,290.89,70553.94,306.05
140638.47,290.53,71195.66,305.84
138280.41,290.89,70341.10,306.13
139220.59,290.74,71052.64,305.89
138280.41,290.89,70767.30,305.98
138906.75,290.79,71052.64,305.89
138906.75,290.79,70767.30,305.98
139220.59,290.74,71052.64,305.89
139692.22,290.67,70696.12,306.01
139063.64,290.77,70696.12,306.01
138906.75,290.79,70482.93,306.08
139063.64,290.77,71124.11,305.86
140480.45,290.55,71195.66,305.84
138906.75,290.79,70838.55,305.96
138906.75,290.79,70553.94,306.05
137500.02,291.01,70909.84,305.93
139849.63,290.65,70767.30,305.98
138906.75,290.79,70767.30,305.98
138906.75,290.79,70909.84,305.93
138906.75,290.79,70625.01,306.03
139849.63,290.65,71338.92,305.79
138750.02,290.81,70767.30,305.98
138750.02,290.81,70696.12,306.01
138906.75,290.79,70838.55,305.96
138593.36,290.84,70696.12,306.01
137967.92,290.94,70909.84,305.93
138750.02,290.81,71338.92,305.79
138906.75,290.79,70696.12,306.01
138124.13,290.91,71338.92,305.79
138906.75,290.79,71124.11,305.86
137344.25,291.03,70058.14,306.22
139220.59,290.74,71124.11,305.86
139063.64,290.77,70909.84,305.93
138750.02,290.81,70767.30,305.98
138593.36,290.84,71124.11,305.86
138593.36,290.84,70482.93,306.08
138906.75,290.79,70838.55,305.96
139692.22,290.67,70909.84,305.93
139063.64,290.77,70767.30,305.98
139220.59,290.74,71626.16,305.70
138750.02,290.81,70553.94,306.05
138906.75,290.79,71482.41,305.74
138906.75,290.79,70625.01,306.03
138906.75,290.79,70909.84,305.93
138436.84,290.86,70482.93,306.08
137967.92,290.94,70838.55,305.96
139063.64,290.77,70482.93,306.08
136877.69,291.11,70625.01,306.03
139063.64,290.77,70058.14,306.22
138906.75,290.79,70553.94,306.05
139849.63,290.65,70482.93,306.08
138906.75,290.79,68657.34,306.70
139063.64,290.77,70909.84,305.93
138906.75,290.79,70553.94,306.05
139377.69,290.72,70838.55,305.96
138906.75,290.79,70838.55,305.96
138906.75,290.79,69987.55,306.24
138906.75,290.79,70767.30,305.98
138436.84,290.86,70909.84,305.93
138750.02,290.81,70199.51,306.17
138750.02,290.81,71338.92,305.79
137655.86,290.98,70625.01,306.03
139220.59,290.74,70981.21,305.91
137811.84,290.96,71052.64,305.89
139220.59,290.74,70696.12,306.01
138906.75,290.79,70767.30,305.98
138750.02,290.81,70909.84,305.93
138750.02,290.81,70482.93,306.08
138906.75,290.79,70767.30,305.98
138906.75,290.79,70696.12,306.01
139063.64,290.77,70341.10,306.13
139849.63,290.65,70625.01,306.03
137811.84,290.96,69705.77,306.34
136722.36,291.13,70058.14,306.22
137500.02,291.01,70625.01,306.03
138906.75,290.79,69987.55,306.24
138906.75,290.79,70838.55,305.96
138750.02,290.81,70270.27,306.15
138906.75,290.79,70909.84,305.93
138124.13,290.91,70270.27,306.15
140954.78,290.48,70838.55,305.96
139220.59,290.74,70909.84,305.93
138906.75,290.79,70696.12,306.01
138906.75,290.79,70909.84,305.93
136877.69,291.11,70767.30,305.98
139849.63,290.65,70838.55,305.96
139377.69,290.72,70341.10,306.13
139534.89,290.69,70625.01,306.03
138280.41,290.89,70625.01,306.03
139692.22,290.67,71052.64,305.89
139377.69,290.72,70838.55,305.96
138906.75,290.79,70767.30,305.98
138906.75,290.79,70625.01,306.03
139534.89,290.69,71124.11,305.86
138436.84,290.86,70270.27,306.15
138906.75,290.79,71124.11,305.86
139534.89,290.69,70625.01,306.03
137967.92,290.94,70553.94,306.05
139692.22,290.67,70909.84,305.93
138906.75,290.79,71410.63,305.77
138906.75,290.79,70767.30,305.98
137500.02,291.01,70909.84,305.93
139377.69,290.72,71052.64,305.89
138906.75,290.79,70838.55,305.96
137655.86,290.98,70909.84,305.93
138593.36,290.84,70341.10,306.13
137967.92,290.94,70909.84,305.93
138906.75,290.79,70625.01,306.03
138436.84,290.86,70838.55,305.96
139063.64,290.77,70199.51,306.17
138906.75,290.79,70553.94,306.05
139063.64,290.77,70909.84,305.93
138750.02,290.81,70909.84,305.93
139220.59,290.74,70909.84,305.93
138906.75,290.79,70270.27,306.15
137811.84,290.96,70696.12,306.01
138906.75,290.79,70625.01,306.03
138436.84,290.86,70625.01,306.03
138906.75,290.79,70838.55,305.96
137967.92,290.94,70625.01,306.03
138124.13,290.91,71195.66,305.84
138906.75,290.79,70767.30,305.98
137188.63,291.06,70058.14,306.22
138436.84,290.86,70696.12,306.01
138593.36,290.84,69565.22,306.39
138593.36,290.84,70058.14,306.22
139063.64,290.77,70625.01,306.03
139063.64,290.77,70696.12,306.01
139063.64,290.77,70838.55,305.96
137188.63,291.06,70696.12,306.01
139063.64,290.77,70981.21,305.91
137967.92,290.94,70981.21,305.91
139063.64,290.77,70909.84,305.93
138750.02,290.81,70625.01,306.03
138750.02,290.81,70767.30,305.98
139063.64,290.77,70482.93,306.08
138436.84,290.86,71052.64,305.89
139220.59,290.74,70696.12,306.01
138436.84,290.86,70838.55,305.96
140322.59,290.57,71124.11,305.86
138436.84,290.86,70199.51,306.17
138124.13,290.91,70482.93,306.08
139220.59,290.74,70838.55,305.96
137188.63,291.06,70838.55,305.96
139220.59,290.74,70482.93,306.08
137967.92,290.94,70482.93,306.08
139063.64,290.77,70767.30,305.98
138593.36,290.84,69565.22,306.39
139692.22,290.67,70270.27,306.15
138906.75,290.79,70270.27,306.15
138906.75,290.79,70696.12,306.01
138280.41,290.89,70270.27,306.15
138906.75,290.79,70696.12,306.01
138906.75,290.79,70341.10,306.13
138906.75,290.79,70625.01,306.03
138906.75,290.79,70482.93,306.08
139377.69,290.72,70696.12,306.01
139377.69,290.72,70482.93,306.08
139377.69,290.72,71195.66,305.84
138906.75,290.79,69917.01,306.27
137811.84,290.96,70553.94,306.05
139063.64,290.77,70625.01,306.03
139377.69,290.72,70553.94,306.05
138750.02,290.81,70270.27,306.15
139063.64,290.77,70341.10,306.13
138436.84,290.86,70553.94,306.05
139063.64,290.77,70909.84,305.93
139849.63,290.65,70767.30,305.98
138750.02,290.81,70482.93,306.08
138906.75,290.79,70767.30,305.98
138436.84,290.86,70270.27,306.15
138906.75,290.79,70482.93,306.08
138906.75,290.79,70625.01,306.03
138906.75,290.79,70625.01,306.03
138593.36,290.84,70482.93,306.08
139063.64,290.77,70625.01,306.03
138750.02,290.81,70553.94,306.05
139220.59,290.74,70482.93,306.08
138906.75,290.79,70696.12,306.01
138906.75,290.79,70482.93,306.08
139534.89,290.69,70482.93,306.08
139377.69,290.72,71052.64,305.89
135947.50,291.25,71124.11,305.86
139220.59,290.74,71124.11,305.86
137967.92,290.94,70553.94,306.05
140322.59,290.57,69917.01,306.27
137967.92,290.94,70553.94,306.05
138280.41,290.89,70909.84,305.93
138124.13,290.91,70553.94,306.05
139534.89,290.69,70767.30,305.98
138906.75,290.79,70482.93,306.08
138906.75,290.79,70625.01,306.03
137811.84,290.96,70482.93,306.08
139377.69,290.72,70767.30,305.98
138906.75,290.79,70411.98,306.10
139692.22,290.67,70838.55,305.96
138280.41,290.89,70625.01,306.03
138750.02,290.81,70767.30,305.98
138436.84,290.86,70838.55,305.96
137967.92,290.94,70696.12,306.01
139063.64,290.77,70696.12,306.01
138593.36,290.84,70767.30,305.98
138906.75,290.79,71195.66,305.84
138906.75,290.79,71124.11,305.86
138593.36,290.84,70909.84,305.93
138593.36,290.84,70696.12,306.01
139220.59,290.74,70767.30,305.98
138750.02,290.81,70767.30,305.98
138906.75,290.79,70625.01,306.03
138906.75,290.79,70767.30,305.98
138906.75,290.79,70767.30,305.98
138906.75,290.79,70482.93,306.08
139063.64,290.77,70341.10,306.13
138906.75,290.79,70625.01,306.03
138906.75,290.79,70270.27,306.15
138906.75,290.79,70482.93,306.08
139220.59,290.74,70270.27,306.15
138750.02,290.81,70767.30,305.98
137344.25,291.03,69987.55,306.24
137811.84,290.96,71052.64,305.89
138593.36,290.84,70838.55,305.96
138436.84,290.86,70199.51,306.17
137344.25,291.03,70128.79,306.20
138906.75,290.79,70767.30,305.98
138280.41,290.89,70553.94,306.05
138750.02,290.81,70482.93,306.08
138906.75,290.79,70696.12,306.01
138906.75,290.79,70553.94,306.05
138280.41,290.89,70058.14,306.22
138906.75,290.79,70981.21,305.91
136722.36,291.13,70199.51,306.17
139534.89,290.69,70696.12,306.01
138124.13,290.91,70625.01,306.03
137967.92,290.94,69635.46,306.36
137967.92,290.94,70767.30,305.98
138906.75,290.79,70270.27,306.15
138906.75,290.79,70767.30,305.98
138436.84,290.86,70553.94,306.05
138906.75,290.79,70981.21,305.91
137500.02,291.01,70058.14,306.22
138906.75,290.79,71052.64,305.89
137500.02,291.01,70482.93,306.08
139063.64,290.77,70909.84,305.93
138124.13,290.91,70625.01,306.03
139063.64,290.77,69565.22,306.39
138124.13,290.91,70058.14,306.22
138436.84,290.86,70482.93,306.08
138906.75,290.79,70696.12,306.01
138750.02,290.81,70553.94,306.05
137500.02,291.01,70341.10,306.13
138280.41,290.89,70909.84,305.93
139534.89,290.69,69917.01,306.27
138750.02,290.81,70482.93,306.08
138593.36,290.84,71052.64,305.89
138750.02,290.81,69987.55,306.24
138593.36,290.84,70341.10,306.13
141113.09,290.45,70838.55,305.96
137188.63,291.06,70341.10,306.13
138280.41,290.89,70767.30,305.98
138906.75,290.79,70625.01,306.03
137967.92,290.94,70058.14,306.22
138906.75,290.79,70625.01,306.03
139220.59,290.74,70625.01,306.03
138906.75,290.79,69776.12,306.32
137967.92,290.94,69917.01,306.27
139063.64,290.77,70696.12,306.01
138906.75,290.79,70058.14,306.22
138280.41,290.89,69917.01,306.27
136567.17,291.15,69987.55,306.24
138906.75,290.79,70058.14,306.22
138906.75,290.79,70482.93,306.08
138906.75,290.79,70482.93,306.08
138124.13,290.91,69705.77,306.34
138750.02,290.81,70482.93,306.08
137811.84,290.96,69635.46,306.36
138906.75,290.79,69987.55,306.24
137033.08,291.08,69705.77,306.34
138436.84,290.86,69987.55,306.24
138906.75,290.79,70482.93,306.08
137811.84,290.96,69846.54,306.29
138906.75,290.79,70270.27,306.15
138906.75,290.79,70199.51,306.17
140007.17,290.62,70625.01,306.03
138593.36,290.84,70058.14,306.22
139849.63,290.65,70482.93,306.08
138906.75,290.79,69424.91,306.44
139377.69,290.72,70838.55,305.96
137811.84,290.96,70553.94,306.05
138593.36,290.84,70058.14,306.22
139692.22,290.67,70696.12,306.01
138906.75,290.79,70199.51,306.17
137188.63,291.06,70341.10,306.13
138906.75,290.79,70625.01,306.03
138750.02,290.81,70553.94,306.05
136877.69,291.11,70625.01,306.03
138436.84,290.86,71052.64,305.89
137655.86,290.98,70341.10,306.13
139063.64,290.77,70128.79,306.20
139063.64,290.77,70482.93,306.08
138593.36,290.84,70341.10,306.13
138906.75,290.79,70625.01,306.03
138593.36,290.84,70270.27,306.15
138906.75,290.79,71052.64,305.89
138906.75,290.79,70482.93,306.08
139377.69,290.72,70625.01,306.03
138750.02,290.81,70767.30,305.98
138436.84,290.86,71410.63,305.77
138436.84,290.86,70270.27,306.15
138593.36,290.84,69917.01,306.27
138906.75,290.79,70767.30,305.98
138750.02,290.81,70341.10,306.13
139377.69,290.72,70625.01,306.03
139692.22,290.67,70696.12,306.01
138906.75,290.79,70696.12,306.01
138750.02,290.81,70553.94,306.05
138906.75,290.79,70767.30,305.98
138906.75,290.79,70553.94,306.05
138124.13,290.91,70270.27,306.15
138906.75,290.79,70482.93,306.08
138906.75,290.79,70270.27,306.15
138750.02,290.81,70341.10,306.13
140322.59,290.57,70696.12,306.01
137811.84,290.96,69705.77,306.34
138906.75,290.79,70270.27,306.15
137188.63,291.06,70411.98,306.10
138906.75,290.79,70767.30,305.98
138593.36,290.84,70270.27,306.15
139692.22,290.67,70909.84,305.93
137500.02,291.01,70482.93,306.08
139377.69,290.72,70767.30,305.98
138124.13,290.91,70199.51,306.17
138436.84,290.86,70981.21,305.91
138906.75,290.79,70838.55,305.96
139063.64,290.77,70838.55,305.96
138436.84,290.86,70482.93,306.08
137344.25,291.03,70482.93,306.08
138593.36,290.84,70058.14,306.22
138593.36,290.84,70058.14,306.22
138750.02,290.81,69635.46,306.36
138124.13,290.91,70411.98,306.10
138750.02,290.81,70838.55,305.96
137500.02,291.01,70199.51,306.17
138124.13,290.91,70058.14,306.22
137967.92,290.94,70482.93,306.08
138124.13,290.91,70553.94,306.05
138906.75,290.79,70482.93,306.08
138750.02,290.81,69705.77,306.34
139377.69,290.72,70767.30,305.98
138593.36,290.84,69987.55,306.24
137967.92,290.94,70909.84,305.93
137967.92,290.94,70909.84,305.93
138906.75,290.79,70625.01,306.03
138593.36,290.84,70838.55,305.96
138436.84,290.86,70341.10,306.13
138436.84,290.86,70838.55,305.96
138124.13,290.91,70199.51,306.17
139063.64,290.77,70696.12,306.01
139849.63,290.65,70553.94,306.05
138124.13,290.91,71842.22,305.62
136722.36,291.13,69635.46,306.36
140480.45,290.55,71124.11,305.86
138906.75,290.79,70696.12,306.01
138593.36,290.84,70482.93,306.08
138906.75,290.79,70341.10,306.13
137967.92,290.94,70553.94,306.05
138906.75,290.79,70553.94,306.05
138906.75,290.79,70767.30,305.98
138750.02,290.81,70270.27,306.15
138906.75,290.79,71052.64,305.89
138750.02,290.81,70696.12,306.01
136877.69,291.11,71124.11,305.86
137811.84,290.96,70199.51,306.17
138906.75,290.79,70696.12,306.01
138593.36,290.84,70909.84,305.93
138906.75,290.79,70696.12,306.01
138280.41,290.89,70270.27,306.15
138750.02,290.81,70341.10,306.13
137344.25,291.03,70341.10,306.13
138906.75,290.79,71052.64,305.89
137811.84,290.96,69987.55,306.24
136257.13,291.20,70482.93,306.08
137188.63,291.06,70128.79,306.20
137967.92,290.94,70482.93,306.08
138436.84,290.86,70696.12,306.01
138124.13,290.91,70482.93,306.08
138436.84,290.86,69987.55,306.24
139063.64,290.77,70625.01,306.03
139063.64,290.77,70553.94,306.05
138436.84,290.86,70058.14,306.22
138906.75,290.79,70767.30,305.98
137811.84,290.96,70482.93,306.08
138436.84,290.86,70482.93,306.08
138124.13,290.91,70199.51,306.17
137967.92,290.94,70553.94,306.05
138906.75,290.79,70553.94,306.05
138124.13,290.91,70341.10,306.13
139377.69,290.72,69987.55,306.24
138436.84,290.86,70553.94,306.05
138906.75,290.79,70553.94,306.05
138280.41,290.89,70553.94,306.05
138750.02,290.81,69635.46,306.36
137500.02,291.01,70553.94,306.05
137500.02,291.01,70553.94,306.05
138906.75,290.79,70270.27,306.15
139220.59,290.74,70767.30,305.98
138593.36,290.84,70270.27,306.15
138593.36,290.84,70625.01,306.03
139220.59,290.74,70482.93,306.08
138906.75,290.79,70767.30,305.98
138906.75,290.79,70767.30,305.98
138280.41,290.89,69565.22,306.39
134713.39,291.45,70341.10,306.13
140007.17,290.62,70696.12,306.01
138906.75,290.79,69987.55,306.24
138593.36,290.84,70199.51,306.17
139220.59,290.74,70767.30,305.98
138436.84,290.86,70625.01,306.03
138436.84,290.86,70838.55,305.96
138124.13,290.91,70482.93,306.08
138750.02,290.81,69987.55,306.24
138124.13,290.91,70270.27,306.15
139692.22,290.67,70482.93,306.08
136412.08,291.18,70411.98,306.10
138750.02,290.81,70482.93,306.08
138750.02,290.81,70411.98,306.10
138750.02,290.81,70411.98,306.10
137500.02,291.01,70341.10,306.13
138906.75,290.79,70199.51,306.17
138906.75,290.79,70625.01,306.03
137811.84,290.96,70058.14,306.22
138124.13,290.91,70482.93,306.08
139377.69,290.72,69917.01,306.27
138906.75,290.79,70767.30,305.98
139377.69,290.72,70199.51,306.17
136412.08,291.18,70128.79,306.20
138906.75,290.79,70625.01,306.03
137811.84,290.96,70341.10,306.13
139063.64,290.77,70909.84,305.93
138906.75,290.79,70341.10,306.13
137344.25,291.03,70625.01,306.03
137967.92,290.94,70482.93,306.08
138280.41,290.89,70625.01,306.03
138906.75,290.79,70482.93,306.08
137811.84,290.96,70411.98,306.10
137967.92,290.94,70058.14,306.22
137188.63,291.06,70058.14,306.22
138906.75,290.79,70270.27,306.15
136722.36,291.13,70341.10,306.13
138906.75,290.79,70767.30,305.98
138280.41,290.89,70270.27,306.15
138906.75,290.79,70909.84,305.93
139692.22,290.67,70553.94,306.05
138906.75,290.79,70199.51,306.17
136567.17,291.15,70341.10,306.13
137344.25,291.03,70411.98,306.10
138436.84,290.86,70341.10,306.13
137188.63,291.06,70696.12,306.01
138750.02,290.81,70553.94,306.05
138906.75,290.79,70553.94,306.05
139377.69,290.72,70553.94,306.05
138436.84,290.86,70411.98,306.10
138436.84,290.86,70270.27,306.15
138906.75,290.79,70838.55,305.96
137500.02,291.01,70553.94,306.05
138906.75,290.79,70482.93,306.08
138593.36,290.84,70625.01,306.03
138750.02,290.81,70058.14,306.22
138906.75,290.79,70270.27,306.15
138436.84,290.86,70341.10,306.13
138593.36,290.84,70058.14,306.22
138906.75,290.79,70696.12,306.01
138906.75,290.79,70553.94,306.05
138906.75,290.79,70553.94,306.05
139063.64,290.77,71052.64,305.89
138593.36,290.84,70482.93,306.08
136877.69,291.11,70199.51,306.17
138280.41,290.89,70553.94,306.05
138436.84,290.86,70553.94,306.05
138436.84,290.86,70270.27,306.15
139063.64,290.77,69987.55,306.24
138436.84,290.86,70341.10,306.13
139063.64,290.77,70553.94,306.05
137811.84,290.96,70128.79,306.20
139692.22,290.67,69776.12,306.32
138436.84,290.86,69565.22,306.39
139534.89,290.69,70341.10,306.13
136877.69,291.11,69776.12,306.32
138906.75,290.79,70696.12,306.01
137188.63,291.06,70341.10,306.13
139377.69,290.72,70270.27,306.15
138906.75,290.79,70625.01,306.03
137188.63,291.06,70767.30,305.98
139220.59,290.74,70411.98,306.10
137967.92,290.94,70270.27,306.15
138436.84,290.86,70625.01,306.03
137811.84,290.96,69565.22,306.39
137967.92,290.94,70553.94,306.05
138906.75,290.79,70199.51,306.17
138124.13,290.91,70767.30,305.98
138906.75,290.79,70767.30,305.98
139377.69,290.72,70625.01,306.03
138906.75,290.79,70625.01,306.03
138906.75,290.79,70553.94,306.05
138436.84,290.86,70696.12,306.01
138906.75,290.79,70838.55,305.96
137344.25,291.03,70270.27,306.15
138750.02,290.81,70482.93,306.08
138436.84,290.86,70482.93,306.08
138280.41,290.89,70696.12,306.01
137344.25,291.03,70058.14,306.22
139220.59,290.74,70553.94,306.05
137344.25,291.03,70482.93,306.08
137967.92,290.94,70270.27,306.15
138124.13,290.91,69987.55,306.24
138906.75,290.79,70767.30,305.98
138750.02,290.81,70270.27,306.15
138750.02,290.81,70696.12,306.01
138436.84,290.86,70625.01,306.03
138750.02,290.81,70767.30,305.98
138124.13,290.91,70058.14,306.22
138750.02,290.81,70696.12,306.01
137967.92,290.94,70058.14,306.22
139377.69,290.72,70482.93,306.08
138124.13,290.91,70625.01,306.03
138906.75,290.79,70838.55,305.96
138906.75,290.79,70341.10,306.13
138906.75,290.79,70482.93,306.08
138906.75,290.79,70482.93,306.08
138906.75,290.79,70553.94,306.05
139063.64,290.77,71124.11,305.86
137188.63,291.06,70270.27,306.15
136567.17,291.15,70482.93,306.08
137500.02,291.01,70767.30,305.98
137188.63,291.06,70341.10,306.13
138436.84,290.86,70553.94,306.05
138436.84,290.86,69495.03,306.41
140638.47,290.53,69917.01,306.27
138906.75,290.79,70625.01,306.03
138124.13,290.91,70270.27,306.15
139220.59,290.74,70696.12,306.01
138124.13,290.91,70341.10,306.13
138593.36,290.84,70058.14,306.22
138906.75,290.79,70482.93,306.08
138124.13,290.91,70058.14,306.22
138280.41,290.89,70696.12,306.01
138906.75,290.79,70411.98,306.10
137344.25,291.03,71052.64,305.89
140638.47,290.53,70838.55,305.96
137655.86,290.98,70553.94,306.05
138593.36,290.84,70625.01,306.03
138593.36,290.84,70411.98,306.10
137344.25,291.03,69776.12,306.32
138750.02,290.81,70625.01,306.03
138436.84,290.86,70270.27,306.15
139220.59,290.74,70696.12,306.01
138593.36,290.84,70270.27,306.15
138750.02,290.81,69987.55,306.24
139063.64,290.77,70411.98,306.10
136567.17,291.15,70058.14,306.22
139534.89,290.69,70411.98,306.10
138906.75,290.79,69917.01,306.27
138906.75,290.79,70270.27,306.15
139063.64,290.77,70199.51,306.17
138750.02,290.81,69987.55,306.24
138436.84,290.86,70270.27,306.15
138436.84,290.86,70482.93,306.08
138906.75,290.79,70058.14,306.22
137188.63,291.06,69635.46,306.36
138906.75,290.79,70625.01,306.03
138280.41,290.89,70058.14,306.22
138436.84,290.86,69917.01,306.27
138906.75,290.79,69565.22,306.39
138750.02,290.81,70411.98,306.10
139220.59,290.74,70270.27,306.15
137967.92,290.94,69917.01,306.27
138436.84,290.86,70625.01,306.03
137188.63,291.06,70058.14,306.22
138906.75,290.79,70838.55,305.96
138906.75,290.79,69987.55,306.24
138906.75,290.79,70625.01,306.03
138436.84,290.86,70058.14,306.22
139692.22,290.67,70341.10,306.13
138124.13,290.91,70909.84,305.93
139063.64,290.77,70482.93,306.08
138593.36,290.84,69846.54,306.29
138906.75,290.79,70058.14,306.22
139220.59,290.74,70553.94,306.05
139377.69,290.72,70341.10,306.13
138906.75,290.79,70270.27,306.15
138906.75,290.79,70270.27,306.15
138906.75,290.79,70199.51,306.17
138750.02,290.81,69776.12,306.32
138750.02,290.81,70199.51,306.17
137344.25,291.03,70482.93,306.08
138906.75,290.79,70270.27,306.15
138124.13,290.91,70553.94,306.05
139377.69,290.72,70411.98,306.10
138906.75,290.79,69846.54,306.29
138436.84,290.86,70058.14,306.22
138906.75,290.79,70199.51,306.17
138750.02,290.81,70058.14,306.22
137500.02,291.01,70482.93,306.08
138906.75,290.79,70199.51,306.17
139063.64,290.77,69917.01,306.27
138906.75,290.79,70553.94,306.05
138593.36,290.84,70625.01,306.03
138436.84,290.86,69917.01,306.27
137811.84,290.96,70270.27,306.15
140007.17,290.62,70909.84,305.93
138906.75,290.79,70696.12,306.01
139063.64,290.77,70341.10,306.13
138906.75,290.79,70199.51,306.17
137500.02,291.01,69987.55,306.24
138280.41,290.89,70696.12,306.01
137811.84,290.96,70058.14,306.22
137188.63,291.06,69635.46,306.36
138280.41,290.89,70199.51,306.17
139063.64,290.77,70058.14,306.22
138906.75,290.79,70058.14,306.22
138906.75,290.79,70411.98,306.10
138124.13,290.91,70553.94,306.05
136722.36,291.13,70058.14,306.22
138593.36,290.84,70199.51,306.17
138124.13,290.91,70128.79,306.20
138906.75,290.79,70270.27,306.15
138436.84,290.86,70341.10,306.13
138906.75,290.79,70341.10,306.13
138436.84,290.86,70270.27,306.15
138906.75,290.79,70553.94,306.05
138593.36,290.84,70341.10,306.13
138593.36,290.84,70767.30,305.98
139692.22,290.67,70696.12,306.01
138750.02,290.81,70625.01,306.03
138124.13,290.91,70696.12,306.01
138750.02,290.81,71410.63,305.77
138906.75,290.79,70058.14,306.22
138436.84,290.86,70270.27,306.15
138906.75,290.79,70553.94,306.05
138906.75,290.79,70341.10,306.13
138906.75,290.79,70553.94,306.05
138124.13,290.91,70058.14,306.22
137500.02,291.01,70696.12,306.01
138906.75,290.79,70767.30,305.98
138750.02,290.81,70411.98,306.10
138750.02,290.81,71052.64,305.89
138906.75,290.79,70482.93,306.08
137188.63,291.06,70553.94,306.05
137500.02,291.01,70199.51,306.17
139849.63,290.65,70411.98,306.10
138750.02,290.81,70482.93,306.08
138750.02,290.81,71052.64,305.89
138750.02,290.81,70625.01,306.03
137344.25,291.03,70058.14,306.22
137811.84,290.96,70696.12,306.01
138906.75,290.79,70696.12,306.01
138280.41,290.89,70482.93,306.08
139692.22,290.67,70341.10,306.13
138906.75,290.79,70767.30,305.98
139377.69,290.72,70696.12,306.01
138280.41,290.89,70625.01,306.03
138593.36,290.84,70767.30,305.98
137967.92,290.94,70411.98,306.10
138436.84,290.86,70270.27,306.15
138750.02,290.81,70058.14,306.22
138436.84,290.86,70058.14,306.22
138906.75,290.79,70058.14,306.22
140480.45,290.55,69846.54,306.29
138124.13,290.91,69635.46,306.36
138906.75,290.79,69635.46,306.36
138593.36,290.84,70341.10,306.13
138750.02,290.81,70058.14,306.22
139063.64,290.77,69987.55,306.24
138906.75,290.79,69987.55,306.24
138750.02,290.81,70058.14,306.22
138906.75,290.79,69917.01,306.27
138906.75,290.79,69987.55,306.24
138750.02,290.81,69917.01,306.27
138124.13,290.91,69987.55,306.24
140007.17,290.62,70270.27,306.15
137967.92,290.94,69776.12,306.32
138124.13,290.91,69846.54,306.29
138906.75,290.79,70270.27,306.15
138436.84,290.86,70058.14,306.22
138750.02,290.81,70270.27,306.15
138750.02,290.81,69776.12,306.32
137500.02,291.01,70199.51,306.17
139063.64,290.77,69917.01,306.27
138906.75,290.79,70411.98,306.10
138906.75,290.79,69917.01,306.27
138906.75,290.79,70058.14,306.22
138280.41,290.89,69987.55,306.24
138436.84,290.86,69917.01,306.27
138436.84,290.86,69635.46,306.36
138906.75,290.79,70553.94,306.05
138750.02,290.81,70270.27,306.15
137967.92,290.94,69776.12,306.32
138436.84,290.86,70058.14,306.22
138436.84,290.86,70199.51,306.17
138750.02,290.81,70270.27,306.15
138124.13,290.91,69917.01,306.27
137967.92,290.94,70270.27,306.15
138906.75,290.79,69987.55,306.24
138436.84,290.86,69987.55,306.24
138436.84,290.86,69987.55,306.24
138906.75,290.79,69846.54,306.29
137500.02,291.01,69565.22,306.39
138750.02,290.81,69635.46,306.36
138436.84,290.86,70058.14,306.22
139063.64,290.77,69705.77,306.34
138906.75,290.79,69846.54,306.29
137967.92,290.94,69495.03,306.41
138750.02,290.81,69635.46,306.36
138593.36,290.84,69565.22,306.39
139063.64,290.77,69635.46,306.36
137811.84,290.96,69635.46,306.36
138906.75,290.79,69705.77,306.34
137344.25,291.03,69495.03,306.41
138436.84,290.86,69705.77,306.34
140007.17,290.62,69354.84,306.46
137188.63,291.06,69987.55,306.24
139063.64,290.77,69776.12,306.32
138906.75,290.79,69776.12,306.32
138593.36,290.84,70199.51,306.17
137967.92,290.94,69565.22,306.39
138906.75,290.79,69705.77,306.34
138124.13,290.91,69846.54,306.29
138750.02,290.81,70058.14,306.22
138906.75,290.79,70058.14,306.22
138280.41,290.89,69987.55,306.24
138124.13,290.91,69917.01,306.27
138750.02,290.81,69565.22,306.39
138906.75,290.79,70270.27,306.15
137033.08,291.08,69565.22,306.39
138906.75,290.79,69917.01,306.27
138124.13,290.91,69495.03,306.41
139220.59,290.74,70058.14,306.22
137811.84,290.96,69565.22,306.39
138906.75,290.79,69776.12,306.32
138124.13,290.91,69565.22,306.39
138906.75,290.79,70058.14,306.22
137811.84,290.96,69705.77,306.34
138124.13,290.91,69705.77,306.34
137811.84,290.96,69565.22,306.39
138750.02,290.81,69565.22,306.39
138593.36,290.84,70058.14,306.22
138124.13,290.91,70058.14,306.22
137967.92,290.94,69705.77,306.34
137967.92,290.94,69565.22,306.39
138124.13,290.91,69565.22,306.39
138280.41,290.89,69705.77,306.34
137967.92,290.94,69776.12,306.32
138436.84,290.86,70128.79,306.20
138906.75,290.79,69354.84,306.46
137967.92,290.94,70482.93,306.08
137967.92,290.94,69565.22,306.39
138124.13,290.91,70270.27,306.15
138750.02,290.81,69565.22,306.39
138593.36,290.84,69987.55,306.24
137188.63,291.06,69917.01,306.27
138124.13,290.91,69565.22,306.39
138124.13,290.91,69565.22,306.39
138124.13,290.91,70270.27,306.15
138124.13,290.91,70199.51,306.17
138436.84,290.86,69635.46,306.36
138906.75,290.79,69565.22,306.39
138906.75,290.79,69635.46,306.36
137967.92,290.94,70482.93,306.08
137500.02,291.01,69917.01,306.27
139377.69,290.72,69987.55,306.24
138750.02,290.81,71338.92,305.79
138906.75,290.79,69917.01,306.27
138906.75,290.79,69565.22,306.39
138593.36,290.84,70058.14,306.22
137188.63,291.06,69987.55,306.24
138906.75,290.79,69565.22,306.39
138906.75,290.79,69565.22,306.39
138750.02,290.81,70058.14,306.22
138436.84,290.86,70058.14,306.22
138436.84,290.86,70199.51,306.17
137033.08,291.08,69705.77,306.34
138906.75,290.79,70838.55,305.96
138436.84,290.86,70341.10,306.13
138593.36,290.84,69987.55,306.24
138124.13,290.91,69776.12,306.32
139692.22,290.67,70199.51,306.17
138436.84,290.86,69776.12,306.32
138593.36,290.84,70482.93,306.08
138906.75,290.79,70270.27,306.15
138906.75,290.79,70482.93,306.08
139063.64,290.77,70058.14,306.22
138436.84,290.86,69776.12,306.32
140007.17,290.62,70199.51,306.17
137344.25,291.03,70270.27,306.15
138436.84,290.86,70341.10,306.13
138906.75,290.79,69635.46,306.36
138906.75,290.79,70767.30,305.98
138906.75,290.79,70625.01,306.03
138280.41,290.89,70199.51,306.17
138906.75,290.79,70199.51,306.17
138906.75,290.79,70058.14,306.22
139692.22,290.67,70270.27,306.15
138124.13,290.91,70270.27,306.15
138906.75,290.79,70270.27,306.15
138436.84,290.86,70270.27,306.15
139692.22,290.67,70482.93,306.08
138906.75,290.79,69987.55,306.24
137811.84,290.96,70199.51,306.17
138906.75,290.79,70199.51,306.17
138750.02,290.81,69987.55,306.24
136412.08,291.18,69987.55,306.24
138906.75,290.79,70341.10,306.13
138906.75,290.79,69776.12,306.32
138906.75,290.79,70341.10,306.13
138906.75,290.79,70058.14,306.22
137967.92,290.94,70199.51,306.17
138124.13,290.91,69565.22,306.39
139849.63,290.65,70341.10,306.13
138906.75,290.79,69987.55,306.24
138906.75,290.79,70696.12,306.01
137967.92,290.94,69776.12,306.32
138906.75,290.79,70199.51,306.17
138906.75,290.79,70058.14,306.22
138906.75,290.79,69987.55,306.24
137344.25,291.03,69565.22,306.39
138750.02,290.81,69776.12,306.32
138906.75,290.79,70270.27,306.15
137344.25,291.03,69705.77,306.34
138906.75,290.79,69565.22,306.39
138593.36,290.84,69846.54,306.29
138906.75,290.79,69987.55,306.24
138906.75,290.79,70270.27,306.15
138436.84,290.86,70199.51,306.17
138436.84,290.86,70341.10,306.13
139377.69,290.72,70199.51,306.17
138280.41,290.89,70199.51,306.17
137967.92,290.94,70058.14,306.22
137811.84,290.96,69776.12,306.32
138906.75,290.79,70199.51,306.17
138906.75,290.79,69846.54,306.29
137500.02,291.01,69917.01,306.27
137188.63,291.06,69776.12,306.32
139377.69,290.72,70341.10,306.13
138436.84,290.86,70058.14,306.22
137500.02,291.01,70625.01,306.03
138593.36,290.84,69565.22,306.39
138906.75,290.79,70341.10,306.13
137967.92,290.94,69776.12,306.32
138750.02,290.81,70058.14,306.22
137500.02,291.01,70411.98,306.10
138593.36,290.84,70341.10,306.13
136722.36,291.13,69565.22,306.39
139220.59,290.74,69917.01,306.27
138436.84,290.86,70199.51,306.17
139692.22,290.67,71124.11,305.86
137344.25,291.03,69917.01,306.27
138124.13,290.91,70058.14,306.22
138906.75,290.79,70058.14,306.22
140007.17,290.62,70270.27,306.15
137967.92,290.94,69565.22,306.39
138906.75,290.79,69917.01,306.27
139063.64,290.77,70199.51,306.17
138750.02,290.81,69987.55,306.24
138750.02,290.81,69565.22,306.39
139220.59,290.74,70482.93,306.08
138906.75,290.79,70058.14,306.22
139063.64,290.77,69917.01,306.27
138906.75,290.79,69705.77,306.34
137811.84,290.96,70058.14,306.22
139220.59,290.74,70128.79,306.20
137500.02,291.01,70270.27,306.15
136877.69,291.11,69917.01,306.27
137967.92,290.94,70058.14,306.22
138906.75,290.79,70058.14,306.22
138593.36,290.84,69705.77,306.34
139220.59,290.74,70482.93,306.08
1