=~=~=~=~=~=~=~=~=~=~=~= PuTTY log 2021.12.09 17:40:06 =~=~=~=~=~=~=~=~=~=~=~=
150000.02,289.15,41793.63,319.00
149177.33,289.27,41891.89,318.94
149506.05,289.22,41597.52,319.12
149013.17,289.29,41941.08,318.91
150000.02,289.15,42039.55,318.84
149177.33,289.27,41941.08,318.91
149177.33,289.27,42236.89,318.72
148685.19,289.34,42236.89,318.72
148194.09,289.41,41744.55,319.03
149835.22,289.18,41990.29,318.87
150660.33,289.06,41597.52,319.12
148849.09,289.32,41793.63,319.00
150000.02,289.15,41499.66,319.18
149670.59,289.20,41793.63,319.00
149013.17,289.29,41548.57,319.15
150164.91,289.13,41597.52,319.12
149177.33,289.27,41450.78,319.21
148849.09,289.32,41450.78,319.21
149177.33,289.27,41548.57,319.15
149177.33,289.27,41646.49,319.09
151322.58,288.97,41744.55,319.03
149506.05,289.22,41450.78,319.21
150329.92,289.11,41499.66,319.18
149835.22,289.18,41499.66,319.18
150164.91,289.13,41695.50,319.06
150329.92,289.11,41548.57,319.15
149341.64,289.25,41450.78,319.21
150329.92,289.11,41450.78,319.21
150329.92,289.11,41499.66,319.18
149670.59,289.20,41304.35,319.30
149177.33,289.27,41304.35,319.30
149670.59,289.20,41158.22,319.39
149341.64,289.25,41353.12,319.27
150825.69,289.04,41158.22,319.39
149670.59,289.20,41109.58,319.42
148849.09,289.32,41450.78,319.21
150000.02,289.15,41450.78,319.21
149506.05,289.22,41450.78,319.21
149013.17,289.29,41401.94,319.24
149177.33,289.27,41450.78,319.21
150825.69,289.04,41304.35,319.30
149341.64,289.25,41353.12,319.27
149670.59,289.20,41499.66,319.18
149177.33,289.27,41597.52,319.12
149506.05,289.22,41450.78,319.21
151322.58,288.97,41450.78,319.21
150000.02,289.15,41450.78,319.21
149177.33,289.27,41450.78,319.21
150825.69,289.04,41450.78,319.21
150329.92,289.11,41450.78,319.21
149670.59,289.20,41353.12,319.27
150000.02,289.15,41450.78,319.21
151322.58,288.97,41597.52,319.12
150660.33,289.06,41597.52,319.12
150329.92,289.11,41548.57,319.15
150000.02,289.15,41499.66,319.18
149341.64,289.25,41401.94,319.24
149177.33,289.27,42138.15,318.78
150991.20,289.02,41401.94,319.24
150000.02,289.15,41695.50,319.06
151488.42,288.95,41990.29,318.87
149506.05,289.22,41744.55,319.03
150329.92,289.11,42138.15,318.78
150164.91,289.13,41990.29,318.87
149013.17,289.29,41793.63,319.00
149177.33,289.27,41695.50,319.06
148849.09,289.32,41941.08,318.91
148685.19,289.34,41990.29,318.87
150495.05,289.09,41990.29,318.87
149177.33,289.27,41990.29,318.87
150000.02,289.15,41695.50,319.06
150329.92,289.11,42187.50,318.75
149177.33,289.27,41990.29,318.87
150991.20,289.02,42138.15,318.78
149506.05,289.22,42138.15,318.78
149013.17,289.29,42088.83,318.81
149177.33,289.27,42138.15,318.78
150164.91,289.13,42138.15,318.78
150660.33,289.06,42138.15,318.78
150000.02,289.15,42187.50,318.75
150660.33,289.06,41793.63,319.00
149835.22,289.18,42138.15,318.78
150000.02,289.15,42335.77,318.66
149670.59,289.20,42187.50,318.75
150329.92,289.11,42286.31,318.69
149506.05,289.22,42236.89,318.72
148849.09,289.32,42286.31,318.69
150825.69,289.04,42286.31,318.69
149670.59,289.20,42236.89,318.72
149177.33,289.27,42286.31,318.69
150329.92,289.11,41793.63,319.00
150991.20,289.02,42187.50,318.75
150164.91,289.13,42088.83,318.81
150329.92,289.11,42832.23,318.36
150660.33,289.06,42236.89,318.72
149341.64,289.25,42286.31,318.69
149670.59,289.20,42187.50,318.75
150660.33,289.06,42236.89,318.72
149341.64,289.25,42138.15,318.78
150000.02,289.15,42236.89,318.72
150000.02,289.15,42335.77,318.66
149835.22,289.18,42187.50,318.75
150991.20,289.02,42335.77,318.66
150991.20,289.02,42286.31,318.69
149341.64,289.25,42385.26,318.63
150000.02,289.15,42138.15,318.78
150991.20,289.02,42732.66,318.42
150164.91,289.13,42236.89,318.72
150164.91,289.13,42187.50,318.75
150825.69,289.04,42484.35,318.57
148685.19,289.34,42385.26,318.63
149670.59,289.20,42385.26,318.63
149506.05,289.22,42732.66,318.42
151156.81,288.99,42286.31,318.69
152319.59,288.83,42484.35,318.57
150000.02,289.15,42385.26,318.63
150329.92,289.11,42385.26,318.63
150991.20,289.02,42583.57,318.51
150329.92,289.11,42385.26,318.63
150329.92,289.11,42484.35,318.57
151986.77,288.88,42533.94,318.54
149013.17,289.29,42385.26,318.63
151654.42,288.92,42633.23,318.48
150329.92,289.11,42782.43,318.39
150495.05,289.09,42533.94,318.54
150329.92,289.11,42533.94,318.54
151488.42,288.95,42682.93,318.45
151156.81,288.99,42682.93,318.45
149177.33,289.27,42533.94,318.54
152153.11,288.85,42782.43,318.39
150329.92,289.11,42882.07,318.33
150164.91,289.13,42732.66,318.42
150991.20,289.02,42484.35,318.57
150164.91,289.13,42533.94,318.54
149506.05,289.22,42335.77,318.66
148685.19,289.34,42236.89,318.72
150660.33,289.06,42385.26,318.63
150329.92,289.11,41793.63,319.00
150329.92,289.11,42138.15,318.78
151654.42,288.92,42335.77,318.66
150164.91,289.13,42187.50,318.75
150660.33,289.06,42187.50,318.75
151322.58,288.97,42138.15,318.78
151322.58,288.97,41793.63,319.00
150164.91,289.13,42236.89,318.72
151986.77,288.88,42484.35,318.57
151654.42,288.92,42187.50,318.75
150000.02,289.15,41891.89,318.94
149177.33,289.27,42236.89,318.72
151322.58,288.97,42335.77,318.66
149670.59,289.20,42484.35,318.57
151322.58,288.97,42385.26,318.63
150329.92,289.11,42385.26,318.63
150660.33,289.06,42286.31,318.69
150000.02,289.15,42236.89,318.72
151322.58,288.97,42782.43,318.39
150000.02,289.15,42385.26,318.63
149506.05,289.22,42286.31,318.69
150991.20,289.02,42484.35,318.57
149506.05,289.22,42782.43,318.39
149013.17,289.29,42286.31,318.69
151488.42,288.95,42385.26,318.63
150000.02,289.15,42484.35,318.57
150660.33,289.06,42385.26,318.63
151156.81,288.99,42385.26,318.63
149177.33,289.27,42484.35,318.57
150000.02,289.15,42286.31,318.69
151322.58,288.97,42583.57,318.51
149670.59,289.20,42583.57,318.51
150991.20,289.02,42533.94,318.54
152319.59,288.83,42782.43,318.39
149670.59,289.20,42385.26,318.63
150991.20,289.02,42583.57,318.51
150825.69,289.04,42882.07,318.33
150164.91,289.13,42533.94,318.54
149835.22,289.18,42931.94,318.31
150164.91,289.13,42882.07,318.33
150660.33,289.06,42832.23,318.36
151488.42,288.95,42682.93,318.45
151156.81,288.99,42732.66,318.42
151156.81,288.99,42732.66,318.42
151820.53,288.90,42882.07,318.33
151820.53,288.90,42882.07,318.33
152153.11,288.85,42782.43,318.39
149670.59,289.20,42782.43,318.39
151488.42,288.95,42882.07,318.33
151654.42,288.92,42981.85,318.28
150164.91,289.13,42782.43,318.39
149835.22,289.18,42583.57,318.51
152652.92,288.78,41450.78,319.21
153488.36,288.67,42583.57,318.51
150660.33,289.06,42484.35,318.57
150164.91,289.13,42484.35,318.57
150991.20,289.02,42088.83,318.81
151986.77,288.88,42138.15,318.78
151654.42,288.92,42385.26,318.63
150164.91,289.13,42335.77,318.66
150825.69,289.04,42385.26,318.63
151488.42,288.95,42138.15,318.78
152153.11,288.85,42385.26,318.63
151986.77,288.88,42533.94,318.54
149670.59,289.20,42187.50,318.75
150660.33,289.06,42187.50,318.75
152652.92,288.78,42583.57,318.51
153488.36,288.67,42187.50,318.75
150660.33,289.06,42088.83,318.81
151488.42,288.95,42286.31,318.69
152153.11,288.85,42138.15,318.78
153488.36,288.67,42187.50,318.75
150825.69,289.04,41990.29,318.87
150825.69,289.04,42385.26,318.63
152819.75,288.76,42434.79,318.60
150825.69,289.04,42236.89,318.72
151488.42,288.95,42187.50,318.75
152153.11,288.85,42434.79,318.60
151820.53,288.90,42434.79,318.60
150164.91,289.13,42187.50,318.75
151322.58,288.97,42533.94,318.54
150329.92,289.11,42385.26,318.63
150991.20,289.02,42533.94,318.54
150825.69,289.04,42682.93,318.45
150825.69,289.04,42533.94,318.54
151156.81,288.99,42533.94,318.54
151488.42,288.95,42732.66,318.42
149506.05,289.22,42583.57,318.51
151488.42,288.95,42484.35,318.57
150825.69,289.04,42682.93,318.45
150825.69,289.04,42732.66,318.42
151986.77,288.88,42782.43,318.39
150495.05,289.09,42732.66,318.42
148849.09,289.32,42931.94,318.31
152986.75,288.74,43031.79,318.25
152153.11,288.85,42832.23,318.36
151322.58,288.97,42732.66,318.42
150991.20,289.02,43131.77,318.19
150329.92,289.11,42981.85,318.28
150825.69,289.04,42931.94,318.31
152819.75,288.76,42931.94,318.31
151986.77,288.88,42931.94,318.31
151820.53,288.90,42981.85,318.28
152319.59,288.83,42981.85,318.28
149341.64,289.25,42931.94,318.31
151156.81,288.99,42882.07,318.33
151488.42,288.95,43181.82,318.16
150329.92,289.11,42782.43,318.39
150991.20,289.02,43031.79,318.25
153488.36,288.67,42882.07,318.33
149177.33,289.27,42882.07,318.33
151654.42,288.92,42981.85,318.28
152652.92,288.78,43181.82,318.16
150329.92,289.11,43031.79,318.25
150991.20,289.02,43031.79,318.25
150991.20,289.02,43031.79,318.25
152486.19,288.81,43031.79,318.25
150825.69,289.04,43031.79,318.25
150825.69,289.04,42981.85,318.28
152319.59,288.83,43031.79,318.25
151654.42,288.92,43332.17,318.07
149506.05,289.22,42782.43,318.39
151986.77,288.88,42981.85,318.28
150329.92,289.11,43081.77,318.22
150825.69,289.04,43081.77,318.22
149670.59,289.20,42981.85,318.28
152819.75,288.76,42981.85,318.28
150660.33,289.06,42981.85,318.28
150329.92,289.11,42882.07,318.33
151654.42,288.92,43031.79,318.25
150991.20,289.02,42782.43,318.39
150329.92,289.11,42533.94,318.54
150991.20,289.02,43031.79,318.25
150825.69,289.04,42931.94,318.31
153823.42,288.62,42732.66,318.42
150000.02,289.15,42583.57,318.51
151986.77,288.88,42236.89,318.72
151654.42,288.92,42484.35,318.57
151322.58,288.97,42533.94,318.54
152319.59,288.83,42385.26,318.63
151488.42,288.95,42385.26,318.63
149835.22,289.18,42286.31,318.69
151488.42,288.95,42088.83,318.81
151986.77,288.88,42385.26,318.63
151654.42,288.92,42187.50,318.75
152319.59,288.83,42138.15,318.78
151322.58,288.97,42138.15,318.78
152986.75,288.74,42385.26,318.63
151654.42,288.92,42187.50,318.75
151820.53,288.90,42335.77,318.66
151156.81,288.99,42236.89,318.72
150991.20,289.02,42385.26,318.63
152153.11,288.85,42832.23,318.36
149506.05,289.22,42484.35,318.57
150660.33,289.06,42583.57,318.51
153321.05,288.69,42583.57,318.51
152319.59,288.83,42732.66,318.42
149835.22,289.18,42782.43,318.39
151322.58,288.97,42583.57,318.51
151820.53,288.90,42832.23,318.36
150164.91,289.13,42533.94,318.54
150660.33,289.06,42782.43,318.39
152652.92,288.78,43031.79,318.25
152652.92,288.78,42484.35,318.57
150991.20,289.02,42732.66,318.42
151820.53,288.90,42533.94,318.54
152986.75,288.74,42882.07,318.33
151488.42,288.95,42981.85,318.28
152986.75,288.74,42981.85,318.28
150991.20,289.02,42732.66,318.42
151322.58,288.97,42882.07,318.33
151820.53,288.90,42782.43,318.39
151820.53,288.90,42335.77,318.66
152986.75,288.74,42782.43,318.39
151986.77,288.88,42484.35,318.57
151986.77,288.88,42682.93,318.45
151488.42,288.95,42335.77,318.66
152319.59,288.83,42385.26,318.63
151986.77,288.88,42138.15,318.78
151820.53,288.90,42286.31,318.69
150329.92,289.11,42682.93,318.45
151820.53,288.90,42533.94,318.54
151820.53,288.90,42385.26,318.63
152652.92,288.78,41646.49,319.09
151488.42,288.95,42286.31,318.69
153488.36,288.67,42236.89,318.72
151820.53,288.90,41990.29,318.87
151986.77,288.88,42583.57,318.51
151654.42,288.92,42335.77,318.66
150825.69,289.04,42236.89,318.72
151820.53,288.90,42187.50,318.75
153321.05,288.69,42236.89,318.72
151654.42,288.92,41990.29,318.87
151654.42,288.92,41695.50,319.06
150991.20,289.02,42088.83,318.81
151488.42,288.95,41793.63,319.00
152986.75,288.74,41793.63,319.00
151322.58,288.97,42088.83,318.81
152819.75,288.76,42187.50,318.75
151986.77,288.88,41990.29,318.87
152153.11,288.85,41891.89,318.94
152153.11,288.85,41941.08,318.91
151986.77,288.88,42088.83,318.81
152652.92,288.78,42138.15,318.78
152652.92,288.78,42385.26,318.63
152153.11,288.85,42138.15,318.78
151488.42,288.95,42236.89,318.72
150660.33,289.06,42335.77,318.66
151322.58,288.97,42533.94,318.54
152153.11,288.85,42286.31,318.69
152153.11,288.85,42832.23,318.36
151488.42,288.95,42583.57,318.51
153321.05,288.69,42583.57,318.51
152986.75,288.74,42484.35,318.57
151322.58,288.97,42434.79,318.60
153488.36,288.67,42633.23,318.48
150660.33,289.06,42583.57,318.51
151986.77,288.88,42583.57,318.51
152986.75,288.74,42682.93,318.45
150660.33,289.06,43181.82,318.16
152986.75,288.74,42732.66,318.42
150991.20,289.02,42583.57,318.51
151322.58,288.97,42782.43,318.39
150991.20,289.02,42782.43,318.39
151820.53,288.90,42732.66,318.42
154326.94,288.55,42782.43,318.39
153321.05,288.69,43282.02,318.10
150660.33,289.06,42882.07,318.33
151820.53,288.90,42931.94,318.31
151322.58,288.97,43382.36,318.04
151986.77,288.88,42187.50,318.75
152486.19,288.81,43031.79,318.25
151488.42,288.95,42981.85,318.28
152319.59,288.83,42981.85,318.28
151986.77,288.88,42931.94,318.31
152319.59,288.83,42782.43,318.39
152986.75,288.74,42583.57,318.51
151322.58,288.97,42682.93,318.45
151654.42,288.92,42931.94,318.31
151322.58,288.97,42583.57,318.51
151322.58,288.97,42434.79,318.60
152486.19,288.81,42533.94,318.54
153321.05,288.69,42583.57,318.51
151986.77,288.88,42385.26,318.63
151820.53,288.90,42484.35,318.57
152652.92,288.78,42484.35,318.57
153655.84,288.65,42583.57,318.51
151488.42,288.95,42682.93,318.45
152652.92,288.78,42583.57,318.51
153655.84,288.65,42732.66,318.42
150991.20,289.02,42931.94,318.31
151156.81,288.99,42583.57,318.51
151156.81,288.99,43031.79,318.25
150991.20,289.02,42931.94,318.31
151654.42,288.92,42931.94,318.31
151488.42,288.95,43031.79,318.25
152319.59,288.83,43031.79,318.25
152819.75,288.76,42782.43,318.39
151986.77,288.88,43081.77,318.22
151322.58,288.97,42782.43,318.39
152652.92,288.78,43131.77,318.19
151820.53,288.90,43031.79,318.25
151488.42,288.95,43081.77,318.22
152652.92,288.78,43081.77,318.22
152153.11,288.85,43181.82,318.16
151820.53,288.90,42882.07,318.33
153488.36,288.67,43282.02,318.10
152652.92,288.78,43031.79,318.25
150991.20,289.02,43031.79,318.25
152986.75,288.74,42981.85,318.28
153655.84,288.65,43031.79,318.25
151654.42,288.92,43131.77,318.19
151820.53,288.90,42882.07,318.33
153488.36,288.67,43081.77,318.22
151654.42,288.92,43031.79,318.25
151488.42,288.95,43081.77,318.22
152986.75,288.74,43081.77,318.22
152986.75,288.74,43382.36,318.04
151986.77,288.88,43031.79,318.25
152652.92,288.78,43382.36,318.04
152652.92,288.78,43382.36,318.04
152153.11,288.85,43081.77,318.22
151654.42,288.92,43382.36,318.04
153991.14,288.60,43684.21,317.86
153321.05,288.69,43382.36,318.04
152819.75,288.76,43332.17,318.07
152819.75,288.76,43231.90,318.13
152153.11,288.85,43081.77,318.22
151488.42,288.95,42981.85,318.28
150991.20,289.02,43031.79,318.25
151986.77,288.88,43031.79,318.25
154158.97,288.58,43031.79,318.25
152319.59,288.83,42882.07,318.33
151654.42,288.92,42782.43,318.39
152986.75,288.74,42981.85,318.28
152153.11,288.85,42583.57,318.51
152319.59,288.83,42981.85,318.28
151986.77,288.88,42882.07,318.33
149670.59,289.20,42484.35,318.57
153655.84,288.65,43031.79,318.25
151322.58,288.97,42882.07,318.33
152319.59,288.83,43081.77,318.22
153655.84,288.65,43482.83,317.98
151322.58,288.97,43031.79,318.25
152652.92,288.78,43031.79,318.25
151820.53,288.90,43081.77,318.22
152486.19,288.81,43031.79,318.25
152486.19,288.81,43081.77,318.22
153321.05,288.69,43031.79,318.25
152652.92,288.78,42981.85,318.28
152319.59,288.83,43181.82,318.16
151654.42,288.92,43181.82,318.16
153153.81,288.72,43131.77,318.19
153321.05,288.69,42981.85,318.28
151986.77,288.88,43031.79,318.25
152819.75,288.76,43131.77,318.19
151488.42,288.95,43081.77,318.22
153488.36,288.67,43282.02,318.10
153655.84,288.65,43031.79,318.25
152153.11,288.85,43031.79,318.25
150164.91,289.13,43081.77,318.22
152986.75,288.74,42931.94,318.31
153655.84,288.65,43081.77,318.22
152986.75,288.74,42138.15,318.78
151488.42,288.95,42782.43,318.39
153488.36,288.67,42981.85,318.28
152986.75,288.74,42981.85,318.28
152486.19,288.81,42981.85,318.28
151820.53,288.90,42682.93,318.45
151322.58,288.97,42931.94,318.31
152819.75,288.76,43031.79,318.25
153321.05,288.69,42931.94,318.31
152486.19,288.81,42931.94,318.31
153488.36,288.67,43081.77,318.22
152153.11,288.85,42981.85,318.28
151654.42,288.92,43031.79,318.25
151986.77,288.88,42981.85,318.28
151986.77,288.88,43031.79,318.25
153655.84,288.65,43081.77,318.22
151322.58,288.97,43031.79,318.25
152153.11,288.85,43031.79,318.25
152652.92,288.78,43031.79,318.25
150825.69,289.04,43131.77,318.19
154158.97,288.58,43282.02,318.10
152986.75,288.74,43181.82,318.16
154495.00,288.53,43181.82,318.16
153655.84,288.65,43181.82,318.16
152986.75,288.74,43131.77,318.19
151488.42,288.95,42782.43,318.39
152819.75,288.76,43181.82,318.16
154158.97,288.58,43181.82,318.16
153488.36,288.67,42931.94,318.31
152486.19,288.81,43031.79,318.25
154663.22,288.51,43131.77,318.19
153991.14,288.60,43332.17,318.07
152319.59,288.83,43081.77,318.22
151654.42,288.92,43031.79,318.25
153655.84,288.65,43081.77,318.22
151488.42,288.95,43081.77,318.22
152986.75,288.74,43031.79,318.25
152986.75,288.74,43131.77,318.19
153655.84,288.65,43382.36,318.04
152652.92,288.78,43181.82,318.16
154158.97,288.58,43031.79,318.25
153321.05,288.69,43081.77,318.22
153488.36,288.67,42981.85,318.28
153488.36,288.67,43081.77,318.22
151986.77,288.88,42981.85,318.28
152819.75,288.76,43332.17,318.07
153153.81,288.72,43081.77,318.22
152319.59,288.83,43583.45,317.92
154326.94,288.55,43332.17,318.07
152652.92,288.78,43282.02,318.10
151820.53,288.90,43282.02,318.10
154326.94,288.55,43482.83,317.98
153823.42,288.62,43382.36,318.04
152986.75,288.74,43332.17,318.07
152652.92,288.78,43432.58,318.01
154158.97,288.58,43533.12,317.95
151986.77,288.88,43181.82,318.16
152986.75,288.74,43432.58,318.01
153655.84,288.65,43382.36,318.04
152652.92,288.78,43181.82,318.16
152319.59,288.83,43482.83,317.98
154326.94,288.55,43382.36,318.04
152652.92,288.78,43181.82,318.16
152319.59,288.83,43533.12,317.95
152819.75,288.76,43533.12,317.95
152986.75,288.74,43282.02,318.10
151820.53,288.90,43583.45,317.92
153655.84,288.65,43734.65,317.83
152486.19,288.81,43533.12,317.95
153321.05,288.69,43482.83,317.98
153991.14,288.60,43583.45,317.92
152986.75,288.74,43734.65,317.83
152652.92,288.78,43583.45,317.92
153321.05,288.69,43583.45,317.92
154495.00,288.53,43684.21,317.86
152486.19,288.81,43583.45,317.92
152319.59,288.83,43785.11,317.80
152819.75,288.76,43936.73,317.71
151820.53,288.90,43181.82,318.16
151986.77,288.88,43382.36,318.04
152986.75,288.74,43684.21,317.86
153991.14,288.60,43533.12,317.95
152986.75,288.74,43684.21,317.86
154326.94,288.55,43684.21,317.86
152153.11,288.85,43583.45,317.92
153991.14,288.60,43533.12,317.95
154495.00,288.53,43684.21,317.86
152819.75,288.76,43382.36,318.04
153321.05,288.69,43987.34,317.68
154326.94,288.55,43181.82,318.16
152819.75,288.76,42931.94,318.31
153488.36,288.67,43031.79,318.25
152486.19,288.81,43031.79,318.25
153655.84,288.65,43382.36,318.04
153655.84,288.65,43382.36,318.04
152819.75,288.76,43382.36,318.04
153488.36,288.67,43332.17,318.07
153823.42,288.62,43332.17,318.07
151986.77,288.88,43181.82,318.16
153655.84,288.65,43533.12,317.95
152986.75,288.74,43533.12,317.95
151986.77,288.88,43031.79,318.25
153655.84,288.65,43382.36,318.04
153823.42,288.62,43382.36,318.04
153655.84,288.65,43282.02,318.10
154663.22,288.51,43583.45,317.92
154158.97,288.58,43181.82,318.16
151986.77,288.88,43785.11,317.80
154158.97,288.58,43785.11,317.80
153321.05,288.69,43936.73,317.71
153488.36,288.67,43734.65,317.83
153655.84,288.65,43734.65,317.83
153655.84,288.65,43482.83,317.98
154495.00,288.53,43936.73,317.71
152652.92,288.78,43533.12,317.95
153488.36,288.67,43734.65,317.83
154158.97,288.58,43936.73,317.71
154495.00,288.53,43987.34,317.68
152986.75,288.74,43785.11,317.80
152986.75,288.74,43785.11,317.80
152153.11,288.85,43633.82,317.89
153321.05,288.69,43583.45,317.92
154326.94,288.55,43633.82,317.89
152652.92,288.78,43482.83,317.98
152986.75,288.74,43684.21,317.86
154326.94,288.55,43785.11,317.80
152652.92,288.78,43482.83,317.98
152986.75,288.74,43382.36,318.04
154158.97,288.58,43987.34,317.68
153321.05,288.69,43633.82,317.89
152486.19,288.81,43734.65,317.83
152986.75,288.74,43987.34,317.68
152986.75,288.74,43583.45,317.92
151820.53,288.90,43583.45,317.92
154495.00,288.53,44088.67,317.62
153991.14,288.60,43583.45,317.92
153655.84,288.65,43785.11,317.80
152652.92,288.78,43785.11,317.80
153655.84,288.65,43684.21,317.86
152652.92,288.78,43886.16,317.74
153991.14,288.60,43936.73,317.71
151986.77,288.88,43081.77,318.22
152819.75,288.76,43734.65,317.83
152819.75,288.76,43785.11,317.80
153823.42,288.62,43785.11,317.80
151654.42,288.92,43684.21,317.86
152319.59,288.83,43734.65,317.83
152986.75,288.74,43684.21,317.86
153823.42,288.62,43785.11,317.80
152319.59,288.83,43684.21,317.86
153655.84,288.65,43533.12,317.95
153655.84,288.65,44190.14,317.57
152319.59,288.83,43684.21,317.86
152652.92,288.78,43936.73,317.71
153991.14,288.60,43684.21,317.86
154158.97,288.58,43382.36,318.04
152652.92,288.78,43332.17,318.07
152652.92,288.78,43785.11,317.80
154495.00,288.53,43936.73,317.71
154663.22,288.51,44088.67,317.62
152652.92,288.78,44139.39,317.60
152986.75,288.74,44088.67,317.62
153991.14,288.60,44088.67,317.62
153655.84,288.65,43684.21,317.86
152819.75,288.76,43734.65,317.83
153823.42,288.62,43382.36,318.04
152819.75,288.76,43835.62,317.77
152819.75,288.76,43886.16,317.74
153488.36,288.67,44037.99,317.65
152819.75,288.76,43886.16,317.74
151820.53,288.90,43684.21,317.86
153655.84,288.65,43886.16,317.74
152986.75,288.74,44240.93,317.54
152319.59,288.83,43684.21,317.86
153321.05,288.69,43886.16,317.74
153321.05,288.69,44139.39,317.60
152819.75,288.76,43987.34,317.68
152986.75,288.74,43785.11,317.80
154158.97,288.58,43936.73,317.71
152319.59,288.83,44088.67,317.62
153655.84,288.65,43987.34,317.68
152986.75,288.74,43936.73,317.71
154158.97,288.58,43886.16,317.74
153655.84,288.65,43987.34,317.68
152986.75,288.74,43886.16,317.74
153488.36,288.67,43533.12,317.95
154495.00,288.53,43987.34,317.68
153321.05,288.69,43936.73,317.71
153655.84,288.65,44088.67,317.62
152319.59,288.83,43886.16,317.74
153321.05,288.69,43936.73,317.71
154495.00,288.53,44088.67,317.62
154158.97,288.58,43886.16,317.74
151986.77,288.88,44088.67,317.62
154495.00,288.53,44088.67,317.62
153321.05,288.69,44139.39,317.60
153488.36,288.67,43785.11,317.80
154326.94,288.55,44088.67,317.62
152319.59,288.83,43886.16,317.74
153991.14,288.60,44190.14,317.57
153991.14,288.60,44190.14,317.57
151488.42,288.95,43785.11,317.80
153991.14,288.60,43886.16,317.74
154495.00,288.53,43734.65,317.83
150991.20,289.02,43533.12,317.95
153488.36,288.67,43583.45,317.92
152986.75,288.74,43633.82,317.89
153488.36,288.67,43785.11,317.80
152652.92,288.78,43533.12,317.95
153321.05,288.69,43382.36,318.04
154495.00,288.53,43282.02,318.10
154495.00,288.53,43181.82,318.16
152986.75,288.74,43181.82,318.16
154158.97,288.58,43282.02,318.10
152153.11,288.85,43181.82,318.16
152319.59,288.83,43332.17,318.07
153655.84,288.65,43231.90,318.13
153823.42,288.62,43282.02,318.10
152486.19,288.81,43332.17,318.07
151654.42,288.92,43282.02,318.10
152652.92,288.78,43332.17,318.07
153991.14,288.60,43583.45,317.92
152153.11,288.85,43282.02,318.10
153823.42,288.62,43382.36,318.04
153488.36,288.67,43533.12,317.95
153488.36,288.67,43583.45,317.92
153655.84,288.65,43987.34,317.68
153823.42,288.62,43533.12,317.95
152486.19,288.81,43583.45,317.92
154326.94,288.55,43583.45,317.92
153488.36,288.67,43583.45,317.92
152986.75,288.74,43734.65,317.83
154326.94,288.55,43734.65,317.83
154495.00,288.53,43633.82,317.89
151986.77,288.88,43482.83,317.98
152319.59,288.83,43583.45,317.92
152986.75,288.74,43886.16,317.74
153823.42,288.62,43684.21,317.86
153991.14,288.60,43785.11,317.80
152153.11,288.85,43382.36,318.04
152652.92,288.78,43684.21,317.86
154495.00,288.53,43785.11,317.80
154326.94,288.55,43987.34,317.68
151488.42,288.95,43785.11,317.80
153823.42,288.62,43785.11,317.80
153655.84,288.65,43785.11,317.80
153991.14,288.60,43583.45,317.92
152153.11,288.85,43835.62,317.77
152819.75,288.76,43583.45,317.92
153655.84,288.65,43886.16,317.74
154495.00,288.53,43583.45,317.92
152819.75,288.76,43936.73,317.71
151820.53,288.90,43785.11,317.80
152819.75,288.76,43785.11,317.80
154663.22,288.51,43886.16,317.74
154326.94,288.55,44546.42,317.36
155000.02,288.46,43734.65,317.83
152819.75,288.76,43533.12,317.95
153655.84,288.65,43785.11,317.80
153488.36,288.67,43987.34,317.68
154326.94,288.55,43987.34,317.68
155168.58,288.44,43684.21,317.86
153488.36,288.67,43684.21,317.86
153655.84,288.65,43785.11,317.80
154326.94,288.55,43987.34,317.68
152153.11,288.85,43734.65,317.83
155675.08,288.37,42385.26,318.63
153823.42,288.62,43987.34,317.68
152652.92,288.78,43785.11,317.80
154158.97,288.58,43583.45,317.92
153823.42,288.62,43734.65,317.83
153488.36,288.67,43936.73,317.71
154495.00,288.53,43987.34,317.68
154326.94,288.55,43886.16,317.74
153321.05,288.69,43785.11,317.80
152319.59,288.83,43987.34,317.68
153488.36,288.67,43785.11,317.80
152153.11,288.85,43785.11,317.80
154495.00,288.53,44088.67,317.62
154663.22,288.51,43785.11,317.80
153321.05,288.69,43987.34,317.68
154326.94,288.55,43633.82,317.89
154326.94,288.55,43987.34,317.68
152819.75,288.76,43734.65,317.83
153488.36,288.67,43684.21,317.86
154158.97,288.58,43785.11,317.80
153655.84,288.65,43684.21,317.86
154495.00,288.53,43734.65,317.83
154495.00,288.53,43684.21,317.86
152652.92,288.78,43382.36,318.04
154495.00,288.53,43684.21,317.86
153991.14,288.60,43533.12,317.95
152819.75,288.76,43583.45,317.92
154326.94,288.55,43684.21,317.86
152986.75,288.74,43684.21,317.86
151820.53,288.90,43583.45,317.92
153823.42,288.62,44037.99,317.65
152819.75,288.76,43987.34,317.68
152652.92,288.78,43734.65,317.83
153321.05,288.69,43734.65,317.83
154158.97,288.58,43785.11,317.80
152652.92,288.78,43785.11,317.80
154326.94,288.55,43785.11,317.80
154326.94,288.55,43886.16,317.74
153991.14,288.60,43684.21,317.86
152819.75,288.76,43583.45,317.92
154495.00,288.53,43936.73,317.71
154495.00,288.53,43684.21,317.86
152819.75,288.76,43785.11,317.80
152819.75,288.76,43583.45,317.92
153823.42,288.62,43533.12,317.95
153321.05,288.69,43633.82,317.89
153655.84,288.65,43785.11,317.80
153655.84,288.65,43684.21,317.86
153991.14,288.60,43583.45,317.92
153655.84,288.65,43684.21,317.86
152819.75,288.76,43131.77,318.19
153655.84,288.65,42236.89,318.72
152819.75,288.76,42782.43,318.39
152319.59,288.83,43282.02,318.10
154158.97,288.58,43131.77,318.19
152652.92,288.78,43332.17,318.07
154495.00,288.53,43583.45,317.92
151654.42,288.92,43131.77,318.19
154495.00,288.53,43031.79,318.25
154495.00,288.53,43231.90,318.13
153321.05,288.69,43482.83,317.98
154326.94,288.55,43181.82,318.16
153488.36,288.67,43131.77,318.19
151654.42,288.92,43181.82,318.16
154158.97,288.58,43533.12,317.95
154158.97,288.58,43332.17,318.07
153321.05,288.69,43282.02,318.10
154663.22,288.51,43684.21,317.86
154326.94,288.55,43382.36,318.04
152652.92,288.78,43583.45,317.92
154495.00,288.53,43533.12,317.95
153488.36,288.67,43785.11,317.80
152319.59,288.83,43734.65,317.83
154663.22,288.51,43633.82,317.89
153991.14,288.60,43684.21,317.86
153321.05,288.69,43785.11,317.80
153321.05,288.69,43282.02,318.10
153991.14,288.60,43533.12,317.95
153823.42,288.62,43533.12,317.95
153488.36,288.67,43583.45,317.92
154326.94,288.55,43734.65,317.83
153655.84,288.65,43684.21,317.86
154158.97,288.58,43886.16,317.74
153991.14,288.60,43081.77,318.22
153655.84,288.65,43684.21,317.86
151654.42,288.92,43583.45,317.92
154495.00,288.53,43886.16,317.74
152986.75,288.74,43633.82,317.89
151654.42,288.92,43785.11,317.80
154495.00,288.53,43835.62,317.77
152986.75,288.74,43785.11,317.80
154158.97,288.58,43987.34,317.68
153321.05,288.69,43936.73,317.71
152319.59,288.83,43282.02,318.10
154326.94,288.55,43835.62,317.77
151322.58,288.97,43382.36,318.04
154158.97,288.58,43835.62,317.77
154495.00,288.53,43936.73,317.71
153655.84,288.65,43684.21,317.86
153655.84,288.65,44037.99,317.65
153823.42,288.62,43987.34,317.68
152652.92,288.78,43987.34,317.68
154158.97,288.58,44037.99,317.65
153991.14,288.60,43886.16,317.74
153321.05,288.69,43835.62,317.77
154326.94,288.55,43987.34,317.68
152153.11,288.85,43886.16,317.74
152986.75,288.74,43835.62,317.77
152819.75,288.76,43785.11,317.80
153153.81,288.72,43785.11,317.80
153655.84,288.65,44139.39,317.60
155337.31,288.42,44088.67,317.62
152986.75,288.74,43936.73,317.71
154495.00,288.53,44037.99,317.65
155337.31,288.42,44088.67,317.62
152319.59,288.83,44088.67,317.62
153655.84,288.65,43936.73,317.71
153991.14,288.60,44139.39,317.60
153991.14,288.60,43987.34,317.68
152986.75,288.74,43987.34,317.68
155000.02,288.46,44393.51,317.45
154495.00,288.53,44088.67,317.62
154326.94,288.55,44342.62,317.48
154495.00,288.53,44037.99,317.65
154326.94,288.55,43987.34,317.68
154326.94,288.55,44139.39,317.60
154495.00,288.53,43987.34,317.68
153488.36,288.67,43987.34,317.68
153991.14,288.60,44393.51,317.45
154326.94,288.55,44291.76,317.51
153991.14,288.60,43886.16,317.74
152486.19,288.81,44190.14,317.57
154495.00,288.53,44342.62,317.48
152652.92,288.78,44088.67,317.62
153823.42,288.62,44190.14,317.57
154158.97,288.58,44088.67,317.62
154326.94,288.55,44139.39,317.60
153991.14,288.60,43886.16,317.74
152986.75,288.74,44088.67,317.62
156013.38,288.33,44088.67,317.62
149670.59,289.20,43987.34,317.68
152986.75,288.74,44190.14,317.57
154158.97,288.58,43987.34,317.68
154326.94,288.55,43987.34,317.68
153655.84,288.65,44495.42,317.39
154158.97,288.58,44444.45,317.42
154495.00,288.53,43231.90,318.13
152319.59,288.83,44037.99,317.65
154495.00,288.53,44291.76,317.51
154495.00,288.53,43835.62,317.77
155506.13,288.39,43886.16,317.74
154663.22,288.51,44139.39,317.60
154158.97,288.58,43785.11,317.80
154326.94,288.55,43987.34,317.68
154158.97,288.58,44088.67,317.62
152986.75,288.74,44139.39,317.60
154495.00,288.53,43987.34,317.68
154495.00,288.53,44190.14,317.57
154495.00,288.53,44139.39,317.60
156521.75,288.26,44495.42,317.39
152153.11,288.85,44190.14,317.57
152819.75,288.76,44190.14,317.57
153991.14,288.60,44139.39,317.60
153655.84,288.65,44088.67,317.62
154495.00,288.53,44190.14,317.57
154495.00,288.53,43936.73,317.71
154326.94,288.55,44088.67,317.62
154495.00,288.53,44190.14,317.57
154158.97,288.58,43332.17,318.07
153991.14,288.60,43987.34,317.68
153488.36,288.67,43785.11,317.80
154663.22,288.51,44291.76,317.51
153991.14,288.60,44088.67,317.62
154326.94,288.55,44393.51,317.45
154663.22,288.51,44240.93,317.54
154495.00,288.53,44342.62,317.48
155506.13,288.39,43987.34,317.68
152986.75,288.74,44342.62,317.48
154831.55,288.49,44597.46,317.33
153991.14,288.60,43987.34,317.68
154663.22,288.51,44393.51,317.45
154326.94,288.55,44240.93,317.54
152652.92,288.78,44291.76,317.51
153655.84,288.65,44393.51,317.45
152819.75,288.76,43936.73,317.71
154158.97,288.58,44291.76,317.51
154495.00,288.53,44648.54,317.30
153655.84,288.65,44393.51,317.45
154495.00,288.53,44342.62,317.48
154831.55,288.49,44393.51,317.45
152486.19,288.81,44648.54,317.30
154663.22,288.51,44291.76,317.51
154495.00,288.53,44088.67,317.62
152652.92,288.78,44291.76,317.51
153488.36,288.67,43987.34,317.68
154663.22,288.51,44393.51,317.45
153488.36,288.67,44393.51,317.45
154495.00,288.53,44190.14,317.57
155337.31,288.42,44546.42,317.36
153655.84,288.65,44190.14,317.57
154326.94,288.55,44393.51,317.45
155000.02,288.46,44597.46,317.33
153823.42,288.62,43785.11,317.80
154495.00,288.53,44495.42,317.39
155506.13,288.39,44291.76,317.51
153655.84,288.65,44190.14,317.57
155337.31,288.42,44190.14,317.57
154158.97,288.58,44088.67,317.62
154158.97,288.58,43785.11,317.80
154495.00,288.53,44495.42,317.39
153991.14,288.60,44190.14,317.57
152819.75,288.76,44190.14,317.57
155000.02,288.46,44393.51,317.45
154158.97,288.58,43081.77,318.22
154326.94,288.55,44495.42,317.39
154326.94,288.55,44190.14,317.57
152652.92,288.78,44190.14,317.57
154495.00,288.53,44088.67,317.62
154831.55,288.49,43886.16,317.74
153823.42,288.62,44342.62,317.48
153655.84,288.65,44088.67,317.62
154158.97,288.58,44393.51,317.45
153991.14,288.60,44699.65,317.27
154495.00,288.53,44546.42,317.36
155337.31,288.42,44648.54,317.30
153321.05,288.69,44291.76,317.51
154495.00,288.53,44342.62,317.48
154663.22,288.51,44342.62,317.48
154326.94,288.55,44495.42,317.39
153991.14,288.60,44139.39,317.60
155000.02,288.46,44495.42,317.39
154158.97,288.58,44546.42,317.36
154495.00,288.53,44495.42,317.39
154326.94,288.55,43987.34,317.68
155337.31,288.42,44648.54,317.30
152986.75,288.74,44444.45,317.42
154495.00,288.53,44393.51,317.45
155000.02,288.46,44648.54,317.30
154495.00,288.53,44597.46,317.33
153991.14,288.60,44342.62,317.48
154495.00,288.53,44546.42,317.36
155000.02,288.46,44291.76,317.51
154158.97,288.58,44393.51,317.45
152819.75,288.76,44088.67,317.62
154495.00,288.53,43835.62,317.77
154326.94,288.55,44190.14,317.57
152986.75,288.74,43987.34,317.68
154495.00,288.53,44190.14,317.57
154663.22,288.51,44546.42,317.36
152819.75,288.76,44495.42,317.39
155000.02,288.46,44342.62,317.48
154326.94,288.55,44291.76,317.51
155000.02,288.46,44393.51,317.45
152486.19,288.81,44495.42,317.39
154495.00,288.53,43987.34,317.68
154495.00,288.53,44291.76,317.51
154326.94,288.55,43886.16,317.74
154663.22,288.51,44342.62,317.48
154326.94,288.55,44495.42,317.39
154495.00,288.53,44393.51,317.45
154495.00,288.53,44648.54,317.30
154495.00,288.53,44393.51,317.45
154495.00,288.53,44495.42,317.39
154326.94,288.55,44291.76,317.51
154831.55,288.49,43886.16,317.74
154831.55,288.49,44444.45,317.42
154495.00,288.53,44495.42,317.39
152153.11,288.85,44444.45,317.42
154831.55,288.49,44393.51,317.45
155000.02,288.46,44139.39,317.60
153655.84,288.65,44342.62,317.48
154495.00,288.53,44342.62,317.48
154831.55,288.49,44546.42,317.36
152486.19,288.81,44342.62,317.48
154831.55,288.49,44495.42,317.39
151488.42,288.95,44648.54,317.30
154495.00,288.53,44546.42,317.36
155337.31,288.42,44546.42,317.36
153321.05,288.69,43987.34,317.68
153488.36,288.67,44495.42,317.39
154663.22,288.51,44139.39,317.60
154495.00,288.53,44393.51,317.45
154326.94,288.55,44342.62,317.48
154495.00,288.53,44597.46,317.33
154495.00,288.53,44495.42,317.39
154158.97,288.58,44648.54,317.30
154326.94,288.55,44597.46,317.33
154158.97,288.58,44546.42,317.36
154495.00,288.53,44291.76,317.51
154495.00,288.53,44291.76,317.51
154495.00,288.53,44597.46,317.33
154663.22,288.51,44546.42,317.36
154495.00,288.53,44342.62,317.48
154663.22,288.51,44444.45,317.42
155000.02,288.46,44393.51,317.45
154158.97,288.58,43936.73,317.71
155675.08,288.37,43936.73,317.71
154495.00,288.53,44088.67,317.62
154831.55,288.49,44139.39,317.60
155337.31,288.42,43835.62,317.77
152986.75,288.74,43936.73,317.71
154495.00,288.53,43987.34,317.68
154495.00,288.53,43987.34,317.68
153655.84,288.65,43987.34,317.68
155337.31,288.42,44393.51,317.45
154495.00,288.53,43785.11,317.80
153488.36,288.67,44088.67,317.62
154495.00,288.53,44088.67,317.62
154158.97,288.58,44393.51,317.45
154158.97,288.58,44190.14,317.57
154495.00,288.53,44190.14,317.57
154663.22,288.51,43987.34,317.68
154495.00,288.53,44190.14,317.57
154663.22,288.51,44190.14,317.57
154158.97,288.58,44190.14,317.57
153488.36,288.67,43734.65,317.83
154495.00,288.53,44139.39,317.60
152986.75,288.74,43886.16,317.74
154326.94,288.55,43785.11,317.80
153488.36,288.67,43936.73,317.71
154495.00,288.53,44088.67,317.62
153321.05,288.69,43886.16,317.74
154495.00,288.53,44037.99,317.65
153655.84,288.65,44037.99,317.65
155168.58,288.44,43936.73,317.71
153991.14,288.60,43886.16,317.74
154326.94,288.55,44037.99,317.65
154831.55,288.49,44139.39,317.60
155506.13,288.39,44291.76,317.51
153655.84,288.65,43886.16,317.74
154495.00,288.53,44190.14,317.57
154495.00,288.53,44342.62,317.48
154495.00,288.53,44342.62,317.48
153488.36,288.67,44037.99,317.65
154158.97,288.58,44139.39,317.60
154495.00,288.53,44342.62,317.48
155000.02,288.46,44139.39,317.60
154495.00,288.53,44291.76,317.51
153991.14,288.60,44393.51,317.45
153655.84,288.65,44190.14,317.57
155337.31,288.42,44190.14,317.57
154495.00,288.53,44495.42,317.39
153488.36,288.67,44291.76,317.51
152986.75,288.74,44190.14,317.57
154663.22,288.51,44190.14,317.57
154495.00,288.53,44393.51,317.45
154495.00,288.53,44393.51,317.45
154663.22,288.51,44495.42,317.39
155675.08,288.37,44546.42,317.36
152986.75,288.74,44393.51,317.45
154158.97,288.58,44495.42,317.39
155337.31,288.42,44393.51,317.45
154495.00,288.53,44037.99,317.65
154495.00,288.53,44393.51,317.45
154495.00,288.53,44190.14,317.57
154326.94,288.55,44342.62,317.48
154663.22,288.51,44139.39,317.60
154158.97,288.58,44393.51,317.45
153991.14,288.60,44393.51,317.45
153991.14,288.60,44342.62,317.48
154663.22,288.51,44393.51,317.45
155337.31,288.42,44495.42,317.39
153488.36,288.67,44648.54,317.30
152986.75,288.74,44546.42,317.36
154663.22,288.51,44750.80,317.24
154326.94,288.55,44597.46,317.33
154495.00,288.53,44393.51,317.45
153655.84,288.65,44546.42,317.36
153991.14,288.60,45470.69,316.84
155000.02,288.46,43886.16,317.74
154326.94,288.55,44648.54,317.30
154158.97,288.58,44546.42,317.36
154495.00,288.53,44291.76,317.51
154663.22,288.51,44546.42,317.36
154663.22,288.51,44393.51,317.45
154831.55,288.49,44495.42,317.39
153321.05,288.69,44597.46,317.33
154326.94,288.55,44648.54,317.30
154495.00,288.53,43886.16,317.74
154495.00,288.53,44648.54,317.30
154495.00,288.53,44597.46,317.33
154831.55,288.49,44546.42,317.36
153321.05,288.69,44088.67,317.62
156521.75,288.26,44648.54,317.30
154495.00,288.53,44546.42,317.36
154158.97,288.58,44495.42,317.39
154495.00,288.53,44597.46,317.33
153823.42,288.62,44495.42,317.39
154326.94,288.55,44699.65,317.27
155000.02,288.46,44444.45,317.42
152986.75,288.74,44393.51,317.45
154663.22,288.51,44546.42,317.36
154831.55,288.49,44648.54,317.30
153655.84,288.65,44495.42,317.39
154495.00,288.53,44546.42,317.36
154495.00,288.53,44291.76,317.51
154326.94,288.55,44393.51,317.45
152986.75,288.74,44088.67,317.62
154495.00,288.53,44393.51,317.45
154495.00,288.53,44648.54,317.30
151820.53,288.90,44546.42,317.36
156861.28,288.21,44648.54,317.30
154663.22,288.51,44495.42,317.39
153655.84,288.65,44393.51,317.45
155000.02,288.46,44597.46,317.33
152986.75,288.74,44546.42,317.36
155000.02,288.46,44648.54,317.30
153991.14,288.60,44444.45,317.42
154831.55,288.49,44546.42,317.36
154831.55,288.49,44444.45,317.42
155000.02,288.46,43633.82,317.89
152652.92,288.78,44648.54,317.30
155168.58,288.44,44597.46,317.33
154326.94,288.55,44291.76,317.51
154495.00,288.53,44801.98,317.22
153655.84,288.65,44495.42,317.39
154663.22,288.51,44546.42,317.36
153321.05,288.69,43987.34,317.68
154495.00,288.53,44342.62,317.48
154495.00,288.53,44597.46,317.33
155000.02,288.46,44139.39,317.60
153655.84,288.65,44342.62,317.48
154663.22,288.51,44495.42,317.39
153823.42,288.62,44699.65,317.27
154831.55,288.49,44597.46,317.33
151986.77,288.88,44597.46,317.33
154663.22,288.51,44597.46,317.33
155000.02,288.46,44190.14,317.57
154326.94,288.55,44495.42,317.39
154495.00,288.53,44190.14,317.57
155000.02,288.46,44597.46,317.33
153655.84,288.65,45470.69,316.84
154495.00,288.53,44597.46,317.33
154495.00,288.53,44495.42,317.39
154495.00,288.53,44495.42,317.39
154495.00,288.53,44597.46,317.33
154663.22,288.51,44597.46,317.33
155000.02,288.46,44597.46,317.33
154158.97,288.58,44648.54,317.30
155506.13,288.39,43835.62,317.77
152986.75,288.74,44648.54,317.30
154495.00,288.53,43987.34,317.68
154495.00,288.53,44648.54,317.30
154663.22,288.51,44546.42,317.36
155168.58,288.44,44546.42,317.36
154831.55,288.49,44546.42,317.36
155168.58,288.44,44495.42,317.39
153655.84,288.65,44393.51,317.45
155000.02,288.46,44546.42,317.36
153655.84,288.65,44648.54,317.30
154326.94,288.55,44495.42,317.39
154495.00,288.53,44546.42,317.36
157201.34,288.17,44495.42,317.39
156861.28,288.21,43533.12,317.95
155000.02,288.46,44190.14,317.57
154663.22,288.51,44546.42,317.36
156352.16,288.28,44495.42,317.39
152319.59,288.83,44291.76,317.51
154495.00,288.53,44495.42,317.39
154663.22,288.51,44393.51,317.45
155844.16,288.35,44648.54,317.30
154495.00,288.53,44597.46,317.33
154495.00,288.53,43886.16,317.74
156691.47,288.23,44648.54,317.30
156182.69,288.30,44648.54,317.30
154495.00,288.53,44342.62,317.48
155000.02,288.46,44648.54,317.30
155844.16,288.35,44495.42,317.39
154495.00,288.53,44190.14,317.57
154495.00,288.53,44648.54,317.30
155000.02,288.46,44648.54,317.30
152986.75,288.74,44393.51,317.45
155337.31,288.42,44648.54,317.30
157031.27,288.19,45161.29,317.01
152986.75,288.74,44291.76,317.51
155000.02,288.46,44495.42,317.39
155506.13,288.39,44444.45,317.42
154326.94,288.55,44291.76,317.51
153321.05,288.69,44139.39,317.60
155675.08,288.37,44495.42,317.39
155337.31,288.42,44190.14,317.57
153991.14,288.60,43785.11,317.80
154663.22,288.51,44088.67,317.62
154326.94,288.55,44393.51,317.45
153655.84,288.65,43886.16,317.74
153823.42,288.62,44037.99,317.65
155000.02,288.46,44393.51,317.45
154495.00,288.53,43835.62,317.77
154158.97,288.58,43987.34,317.68
154326.94,288.55,44088.67,317.62
154495.00,288.53,44088.67,317.62
154831.55,288.49,44291.76,317.51
153655.84,288.65,43886.16,317.74
154495.00,288.53,44342.62,317.48
154326.94,288.55,44597.46,317.33
153991.14,288.60,44190.14,317.57
154831.55,288.49,44342.62,317.48
156013.38,288.33,44393.51,317.45
154663.22,288.51,43936.73,317.71
154663.22,288.51,44088.67,317.62
155168.58,288.44,44393.51,317.45
154495.00,288.53,44342.62,317.48
154326.94,288.55,44393.51,317.45
155168.58,288.44,44342.62,317.48
154158.97,288.58,44139.39,317.60
153991.14,288.60,44291.76,317.51
155000.02,288.46,44648.54,317.30
154495.00,288.53,44393.51,317.45
154495.00,288.53,44190.14,317.57
154663.22,288.51,44546.42,317.36
154495.00,288.53,44648.54,317.30
154495.00,288.53,44444.45,317.42
155506.13,288.39,44648.54,317.30
154831.55,288.49,44648.54,317.30
153655.84,288.65,44597.46,317.33
154495.00,288.53,44393.51,317.45
155675.08,288.37,44393.51,317.45
155506.13,288.39,44597.46,317.33
154495.00,288.53,44495.42,317.39
153991.14,288.60,44393.51,317.45
154663.22,288.51,44393.51,317.45
154831.55,288.49,44342.62,317.48
155506.13,288.39,44139.39,317.60
155337.31,288.42,44139.39,317.60
154495.00,288.53,43987.34,317.68
155675.08,288.37,44139.39,317.60
153823.42,288.62,44088.67,317.62
156182.69,288.30,44444.45,317.42
155000.02,288.46,44393.51,317.45
153823.42,288.62,43785.11,317.80
156691.47,288.23,44088.67,317.62
154663.22,288.51,44291.76,317.51
154158.97,288.58,44139.39,317.60
154495.00,288.53,44190.14,317.57
156521.75,288.26,44139.39,317.60
153488.36,288.67,44088.67,317.62
156013.38,288.33,43886.16,317.74
154831.55,288.49,44444.45,317.42
154495.00,288.53,44139.39,317.60
155000.02,288.46,44393.51,317.45
154831.55,288.49,44393.51,317.45
155506.13,288.39,44393.51,317.45
155337.31,288.42,44393.51,317.45
155675.08,288.37,44597.46,317.33
154831.55,288.49,44546.42,317.36
153655.84,288.65,44139.39,317.60
155675.08,288.37,44190.14,317.57
155000.02,288.46,44190.14,317.57
155337.31,288.42,44342.62,317.48
154495.00,288.53,44291.76,317.51
156352.16,288.28,44546.42,317.36
154663.22,288.51,44393.51,317.45
155000.02,288.46,44495.42,317.39
154326.94,288.55,44648.54,317.30
155000.02,288.46,44597.46,317.33
154326.94,288.55,44546.42,317.36
154495.00,288.53,44495.42,317.39
154495.00,288.53,43785.11,317.80
154663.22,288.51,44546.42,317.36
154495.00,288.53,44139.39,317.60
155844.16,288.35,44342.62,317.48
154495.00,288.53,44546.42,317.36
155000.02,288.46,44546.42,317.36
154495.00,288.53,44139.39,317.60
154495.00,288.53,44190.14,317.57
156352.16,288.28,44546.42,317.36
154831.55,288.49,43987.34,317.68
155506.13,288.39,44444.45,317.42
155337.31,288.42,44597.46,317.33
155000.02,288.46,44393.51,317.45
155000.02,288.46,44190.14,317.57
154158.97,288.58,44393.51,317.45
152652.92,288.78,44342.62,317.48
154495.00,288.53,44190.14,317.57
155000.02,288.46,44291.76,317.51
153655.84,288.65,44291.76,317.51
154326.94,288.55,44139.39,317.60
155675.08,288.37,44393.51,317.45
154158.97,288.58,44291.76,317.51
155000.02,288.46,44546.42,317.36
156013.38,288.33,44699.65,317.27
154663.22,288.51,44495.42,317.39
154495.00,288.53,44444.45,317.42
154831.55,288.49,44495.42,317.39
155337.31,288.42,44546.42,317.36
155506.13,288.39,44750.80,317.24
156691.47,288.23,44597.46,317.33
154158.97,288.58,44648.54,317.30
153488.36,288.67,44393.51,317.45
154495.00,288.53,44495.42,317.39
155337.31,288.42,44139.39,317.60
155675.08,288.37,44495.42,317.39
156013.38,288.33,44393.51,317.45
155000.02,288.46,44342.62,317.48
154495.00,288.53,44088.67,317.62
153991.14,288.60,44597.46,317.33
155506.13,288.39,44495.42,317.39
155000.02,288.46,44495.42,317.39
153655.84,288.65,44342.62,317.48
155000.02,288.46,44597.46,317.33
155337.31,288.42,44801.98,317.22
154495.00,288.53,44648.54,317.30
154158.97,288.58,44546.42,317.36
154495.00,288.53,44648.54,317.30
155506.13,288.39,44393.51,317.45
155675.08,288.37,44393.51,317.45
155168.58,288.44,44597.46,317.33
153655.84,288.65,44393.51,317.45
154495.00,288.53,44648.54,317.30
155675.08,288.37,44648.54,317.30
154326.94,288.55,44597.46,317.33
154158.97,288.58,44648.54,317.30
155000.02,288.46,44495.42,317.39
155337.31,288.42,44801.98,317.22
154495.00,288.53,44648.54,317.30
154495.00,288.53,44648.54,317.30
155000.02,288.46,44495.42,317.39
155337.31,288.42,44597.46,317.33
154831.55,288.49,44444.45,317.42
155337.31,288.42,44495.42,317.39
154831.55,288.49,44648.54,317.30
154495.00,288.53,44291.76,317.51
154326.94,288.55,44546.42,317.36
156013.38,288.33,44546.42,317.36
154663.22,288.51,44648.54,317.30
154326.94,288.55,44648.54,317.30
156182.69,288.30,44648.54,317.30
154158.97,288.58,44393.51,317.45
154663.22,288.51,44597.46,317.33
155168.58,288.44,44648.54,317.30
154158.97,288.58,44648.54,317.30
155337.31,288.42,44597.46,317.33
154663.22,288.51,44393.51,317.45
154663.22,288.51,44648.54,317.30
154495.00,288.53,44648.54,317.30
154495.00,288.53,44444.45,317.42
154663.22,288.51,44597.46,317.33
155506.13,288.39,44648.54,317.30
154495.00,288.53,44495.42,317.39
154495.00,288.53,44699.65,317.27
154831.55,288.49,44648.54,317.30
154495.00,288.53,44648.54,317.30
154495.00,288.53,44648.54,317.30
156013.38,288.33,44648.54,317.30
153991.14,288.60,45470.69,316.84
154831.55,288.49,44648.54,317.30
156182.69,288.30,44648.54,317.30
154495.00,288.53,44597.46,317.33
154495.00,288.53,44393.51,317.45
155506.13,288.39,44648.54,317.30
154495.00,288.53,44495.42,317.39
154326.94,288.55,44546.42,317.36
154495.00,288.53,44648.54,317.30
155675.08,288.37,44342.62,317.48
154326.94,288.55,43785.11,317.80
154495.00,288.53,44546.42,317.36
154495.00,288.53,44088.67,317.62
156013.38,288.33,44546.42,317.36
154495.00,288.53,44240.93,317.54
155000.02,288.46,44190.14,317.57
154495.00,288.53,44291.76,317.51
154831.55,288.49,44393.51,317.45
155506.13,288.39,44342.62,317.48
154831.55,288.49,44190.14,317.57
155675.08,288.37,44393.51,317.45
155000.02,288.46,44342.62,317.48
154158.97,288.58,44088.67,317.62
155000.02,288.46,44393.51,317.45
155337.31,288.42,43785.11,317.80
155506.13,288.39,43886.16,317.74
154495.00,288.53,43987.34,317.68
153655.84,288.65,43684.21,317.86
153991.14,288.60,43987.34,317.68
154831.55,288.49,44190.14,317.57
154495.00,288.53,44088.67,317.62
154495.00,288.53,44088.67,317.62
155675.08,288.37,44190.14,317.57
153991.14,288.60,43886.16,317.74
153655.84,288.65,43734.65,317.83
156182.69,288.30,43886.16,317.74
155337.31,288.42,43633.82,317.89
153991.14,288.60,43785.11,317.80
155168.58,288.44,43936.73,317.71
152153.11,288.85,43583.45,317.92
155000.02,288.46,43583.45,317.92
155000.02,288.46,43684.21,317.86
153153.81,288.72,43886.16,317.74
155337.31,288.42,43734.65,317.83
154326.94,288.55,43936.73,317.71
156352.16,288.28,43987.34,317.68
155506.13,288.39,43886.16,317.74
153991.14,288.60,43886.16,317.74
154158.97,288.58,43886.16,317.74
155675.08,288.37,44139.39,317.60
155000.02,288.46,44088.67,317.62
154663.22,288.51,44088.67,317.62
155168.58,288.44,44342.62,317.48
153655.84,288.65,44190.14,317.57
155000.02,288.46,44342.62,317.48
153991.14,288.60,44342.62,317.48
154495.00,288.53,44139.39,317.60
156013.38,288.33,44546.42,317.36
154663.22,288.51,44495.42,317.39
154495.00,288.53,44291.76,317.51
157201.34,288.17,44546.42,317.36
154158.97,288.58,44190.14,317.57
154495.00,288.53,44393.51,317.45
155506.13,288.39,44342.62,317.48
154495.00,288.53,44190.14,317.57
154326.94,288.55,44342.62,317.48
154831.55,288.49,44495.42,317.39
155337.31,288.42,44342.62,317.48
154831.55,288.49,44139.39,317.60
154663.22,288.51,44648.54,317.30
155337.31,288.42,44393.51,317.45
154831.55,288.49,44444.45,317.42
154326.94,288.55,44393.51,317.45
154831.55,288.49,43583.45,317.92
156182.69,288.30,44597.46,317.33
154326.94,288.55,44190.14,317.57
154326.94,288.55,44444.45,317.42
155337.31,288.42,44546.42,317.36
155337.31,288.42,44342.62,317.48
154495.00,288.53,44393.51,317.45
155506.13,288.39,44495.42,317.39
154495.00,288.53,44546.42,317.36
156861.28,288.21,44393.51,317.45
154663.22,288.51,44904.46,317.16
152986.75,288.74,44342.62,317.48
154831.55,288.49,44393.51,317.45
155000.02,288.46,44393.51,317.45
155000.02,288.46,44495.42,317.39
154495.00,288.53,44495.42,317.39
154495.00,288.53,44342.62,317.48
157201.34,288.17,44546.42,317.36
155000.02,288.46,44648.54,317.30
154495.00,288.53,44444.45,317.42
155337.31,288.42,44393.51,317.45
154831.55,288.49,44546.42,317.36
155337.31,288.42,44342.62,317.48
155506.13,288.39,44648.54,317.30
154495.00,288.53,44597.46,317.33
154326.94,288.55,44495.42,317.39
154495.00,288.53,44291.76,317.51
154495.00,288.53,44139.39,317.60
153991.14,288.60,44139.39,317.60
154326.94,288.55,44240.93,317.54
155675.08,288.37,44342.62,317.48
154495.00,288.53,44495.42,317.39
155675.08,288.37,44597.46,317.33
156182.69,288.30,44495.42,317.39
154495.00,288.53,44342.62,317.48
155506.13,288.39,44444.45,317.42
154495.00,288.53,44342.62,317.48
153823.42,288.62,44291.76,317.51
154495.00,288.53,44139.39,317.60
154495.00,288.53,44495.42,317.39
154831.55,288.49,44190.14,317.57
154831.55,288.49,44495.42,317.39
154495.00,288.53,44444.45,317.42
154663.22,288.51,44597.46,317.33
155000.02,288.46,44393.51,317.45
154495.00,288.53,44546.42,317.36
153991.14,288.60,44190.14,317.57
154495.00,288.53,44495.42,317.39
155337.31,288.42,44495.42,317.39
154495.00,288.53,44597.46,317.33
154495.00,288.53,44393.51,317.45
155337.31,288.42,44546.42,317.36
154831.55,288.49,44444.45,317.42
156182.69,288.30,44597.46,317.33
155337.31,288.42,44597.46,317.33
153991.14,288.60,44546.42,317.36
155168.58,288.44,44597.46,317.33
154495.00,288.53,44495.42,317.39
156013.38,288.33,44597.46,317.33
156013.38,288.33,44648.54,317.30
154495.00,288.53,44495.42,317.39
155506.13,288.39,44393.51,317.45
155506.13,288.39,44648.54,317.30
154495.00,288.53,44597.46,317.33
153655.84,288.65,44546.42,317.36
155000.02,288.46,44597.46,317.33
154831.55,288.49,44648.54,317.30
155000.02,288.46,44648.54,317.30
154326.94,288.55,44648.54,317.30
156691.47,288.23,44546.42,317.36
156352.16,288.28,44801.98,317.22
154495.00,288.53,44648.54,317.30
154495.00,288.53,44546.42,317.36
156013.38,288.33,44648.54,317.30
154495.00,288.53,43936.73,317.71
154326.94,288.55,44648.54,317.30
154831.55,288.49,44648.54,317.30
155506.13,288.39,44648.54,317.30
155675.08,288.37,44648.54,317.30
154495.00,288.53,44853.21,317.19
154495.00,288.53,44444.45,317.42
155337.31,288.42,44648.54,317.30
154831.55,288.49,44597.46,317.33
153991.14,288.60,44750.80,317.24
156182.69,288.30,43785.11,317.80
155168.58,288.44,44801.98,317.22
154663.22,288.51,44648.54,317.30
156352.16,288.28,44853.21,317.19
153321.05,288.69,44648.54,317.30
155337.31,288.42,44750.80,317.24
155000.02,288.46,44750.80,317.24
155675.08,288.37,44699.65,317.27
155000.02,288.46,44699.65,317.27
155000.02,288.46,44648.54,317.30
154831.55,288.49,45109.86,317.04
155506.13,288.39,44546.42,317.36
156352.16,288.28,44597.46,317.33
154495.00,288.53,44648.54,317.30
156013.38,288.33,44801.98,317.22
156691.47,288.23,45007.09,317.10
154495.00,288.53,44190.14,317.57
156691.47,288.23,44853.21,317.19
154495.00,288.53,44648.54,317.30
155000.02,288.46,44648.54,317.30
154495.00,288.53,44750.80,317.24
154158.97,288.58,43633.82,317.89
155000.02,288.46,44648.54,317.30
154495.00,288.53,44648.54,317.30
154495.00,288.53,44597.46,317.33
155506.13,288.39,44393.51,317.45
155337.31,288.42,44648.54,317.30
154495.00,288.53,44546.42,317.36
154663.22,288.51,44597.46,317.33
156691.47,288.23,44801.98,317.22
153991.14,288.60,44648.54,317.30
155000.02,288.46,44699.65,317.27
154326.94,288.55,44801.98,317.22
154495.00,288.53,44648.54,317.30
154495.00,288.53,44648.54,317.30
154495.00,288.53,44648.54,317.30
155506.13,288.39,44648.54,317.30
156352.16,288.28,44648.54,317.30
155506.13,288.39,44648.54,317.30
154663.22,288.51,44648.54,317.30
153991.14,288.60,44597.46,317.33
155000.02,288.46,44597.46,317.33
154663.22,288.51,44546.42,317.36
155675.08,288.37,44904.46,317.16
155506.13,288.39,44853.21,317.19
154495.00,288.53,44597.46,317.33
156861.28,288.21,45161.29,317.01
156013.38,288.33,44904.46,317.16
154663.22,288.51,44648.54,317.30
154831.55,288.49,44546.42,317.36
155506.13,288.39,44801.98,317.22
154831.55,288.49,44801.98,317.22
156861.28,288.21,44801.98,317.22
155000.02,288.46,44648.54,317.30
156691.47,288.23,44648.54,317.30
155337.31,288.42,44904.46,317.16
154831.55,288.49,44801.98,317.22
154326.94,288.55,44648.54,317.30
156352.16,288.28,44801.98,317.22
154326.94,288.55,44853.21,317.19
155506.13,288.39,44648.54,317.30
154158.97,288.58,44648.54,317.30
157201.34,288.17,44648.54,317.30
156691.47,288.23,44801.98,317.22
154495.00,288.53,44546.42,317.36
154495.00,288.53,44648.54,317.30
156352.16,288.28,44648.54,317.30
154663.22,288.51,44648.54,317.30
155000.02,288.46,44648.54,317.30
154495.00,288.53,44597.46,317.33
156182.69,288.30,44648.54,317.30
155337.31,288.42,44648.54,317.30
152486.19,288.81,44648.54,317.30
155337.31,288.42,44597.46,317.33
154495.00,288.53,44853.21,317.19
153655.84,288.65,44444.45,317.42
157371.56,288.14,44495.42,317.39
154495.00,288.53,44648.54,317.30
155506.13,288.39,44495.42,317.39
154663.22,288.51,44597.46,317.33
154831.55,288.49,44699.65,317.27
154495.00,288.53,44342.62,317.48
155337.31,288.42,44291.76,317.51
155844.16,288.35,43785.11,317.80
152819.75,288.76,44648.54,317.30
154495.00,288.53,44648.54,317.30
153991.14,288.60,44648.54,317.30
155337.31,288.42,44597.46,317.33
154495.00,288.53,44597.46,317.33
154158.97,288.58,44648.54,317.30
155675.08,288.37,44648.54,317.30
155337.31,288.42,44444.45,317.42
154663.22,288.51,44342.62,317.48
156013.38,288.33,44648.54,317.30
153655.84,288.65,44546.42,317.36
156691.47,288.23,44699.65,317.27
156182.69,288.30,44750.80,317.24
155000.02,288.46,44291.76,317.51
156013.38,288.33,44699.65,317.27
154495.00,288.53,44495.42,317.39
155168.58,288.44,44699.65,317.27
155675.08,288.37,44648.54,317.30
155337.31,288.42,44648.54,317.30
155337.31,288.42,44648.54,317.30
152153.11,288.85,44699.65,317.27
155000.02,288.46,44597.46,317.33
155675.08,288.37,44597.46,317.33
154663.22,288.51,44648.54,317.30
154495.00,288.53,44648.54,317.30
156352.16,288.28,44648.54,317.30
155168.58,288.44,44597.46,317.33
154495.00,288.53,44648.54,317.30
154495.00,288.53,44597.46,317.33
157201.34,288.17,44904.46,317.16
155168.58,288.44,44546.42,317.36
154495.00,288.53,44648.54,317.30
154831.55,288.49,44955.75,317.13
155675.08,288.37,44648.54,317.30
154663.22,288.51,44648.54,317.30
154495.00,288.53,44648.54,317.30
154663.22,288.51,44648.54,317.30
155168.58,288.44,44750.80,317.24
155000.02,288.46,44597.46,317.33
154495.00,288.53,44648.54,317.30
154495.00,288.53,44648.54,317.30
155506.13,288.39,44801.98,317.22
155168.58,288.44,44648.54,317.30
156352.16,288.28,44648.54,317.30
155168.58,288.44,44546.42,317.36
155000.02,288.46,44393.51,317.45
154831.55,288.49,44495.42,317.39
155000.02,288.46,44597.46,317.33
154495.00,288.53,44597.46,317.33
156352.16,288.28,44699.65,317.27
155675.08,288.37,44546.42,317.36
155337.31,288.42,44597.46,317.33
154663.22,288.51,44546.42,317.36
154495.00,288.53,44597.46,317.33
155675.08,288.37,44546.42,317.36
155168.58,288.44,44393.51,317.45
158224.55,288.03,44393.51,317.45
155000.02,288.46,44495.42,317.39
154495.00,288.53,44190.14,317.57
155675.08,288.37,44393.51,317.45
154495.00,288.53,44393.51,317.45
154495.00,288.53,44597.46,317.33
155000.02,288.46,44037.99,317.65
154495.00,288.53,44139.39,317.60
155337.31,288.42,44546.42,317.36
156182.69,288.30,44139.39,317.60
154663.22,288.51,44190.14,317.57
154495.00,288.53,44648.54,317.30
155675.08,288.37,44495.42,317.39
155675.08,288.37,44597.46,317.33
154495.00,288.53,44597.46,317.33
154495.00,288.53,44495.42,317.39
156691.47,288.23,44342.62,317.48
155675.08,288.37,44648.54,317.30
155168.58,288.44,44750.80,317.24
154495.00,288.53,44597.46,317.33
155675.08,288.37,44597.46,317.33
154495.00,288.53,44597.46,317.33
154663.22,288.51,44648.54,317.30
155675.08,288.37,44648.54,317.30
154495.00,288.53,44648.54,317.30
156691.47,288.23,44648.54,317.30
154663.22,288.51,44648.54,317.30
156861.28,288.21,44139.39,317.60
153488.36,288.67,44597.46,317.33
155337.31,288.42,44648.54,317.30
154158.97,288.58,44648.54,317.30
154326.94,288.55,44648.54,317.30
155337.31,288.42,44648.54,317.30
154663.22,288.51,44750.80,317.24
154663.22,288.51,44648.54,317.30
154663.22,288.51,44597.46,317.33
157031.27,288.19,44648.54,317.30
154831.55,288.49,44597.46,317.33
154663.22,288.51,44750.80,317.24
154831.55,288.49,44495.42,317.39
154495.00,288.53,44801.98,317.22
154663.22,288.51,44648.54,317.30
157201.34,288.17,44699.65,317.27
154326.94,288.55,44291.76,317.51
154158.97,288.58,44648.54,317.30
155675.08,288.37,44648.54,317.30
153655.84,288.65,44648.54,317.30
156521.75,288.26,44648.54,317.30
154495.00,288.53,44648.54,317.30
155000.02,288.46,44648.54,317.30
156521.75,288.26,44393.51,317.45
1