=~=~=~=~=~=~=~=~=~=~=~= PuTTY log 2021.12.09 17:36:01 =~=~=~=~=~=~=~=~=~=~=~=
139377.69,290.72,37739.66,321.65
140480.45,290.55,37554.59,321.77
140954.78,290.48,37416.11,321.87
140007.17,290.62,37231.91,322.00
139692.22,290.67,37370.01,321.90
140638.47,290.53,37554.59,321.77
140480.45,290.55,37370.01,321.90
140480.45,290.55,37185.93,322.03
142383.88,290.26,37739.66,321.65
140954.78,290.48,37693.34,321.68
139849.63,290.65,37416.11,321.87
141271.56,290.43,36910.73,322.23
140954.78,290.48,37048.20,322.13
141113.09,290.45,37416.11,321.87
140954.78,290.48,37693.34,321.68
140796.56,290.50,37600.81,321.74
142224.64,290.29,37416.11,321.87
140954.78,290.48,37600.81,321.74
140322.59,290.57,37554.59,321.77
139220.59,290.74,37370.01,321.90
139849.63,290.65,37693.34,321.68
139692.22,290.67,36910.73,322.23
140480.45,290.55,37878.79,321.55
140322.59,290.57,37925.23,321.52
141271.56,290.43,38251.18,321.29
140638.47,290.53,37786.00,321.61
141430.11,290.41,37925.23,321.52
142543.23,290.24,37878.79,321.55
140954.78,290.48,37971.70,321.49
140322.59,290.57,37786.00,321.61
140638.47,290.53,37786.00,321.61
141906.48,290.33,37971.70,321.49
140954.78,290.48,37925.23,321.52
140480.45,290.55,37647.06,321.71
139534.89,290.69,37925.23,321.52
140638.47,290.53,37786.00,321.61
140322.59,290.57,37693.34,321.68
140796.56,290.50,37878.79,321.55
140322.59,290.57,37878.79,321.55
140954.78,290.48,37693.34,321.68
141588.80,290.38,37832.38,321.58
140954.78,290.48,37786.00,321.61
139377.69,290.72,37878.79,321.55
139377.69,290.72,37647.06,321.71
140007.17,290.62,37693.34,321.68
140954.78,290.48,37925.23,321.52
141588.80,290.38,38251.18,321.29
141113.09,290.45,38251.18,321.29
139220.59,290.74,37647.06,321.71
140322.59,290.57,37786.00,321.61
141430.11,290.41,37971.70,321.49
141747.58,290.36,37786.00,321.61
140007.17,290.62,37878.79,321.55
140007.17,290.62,37786.00,321.61
140480.45,290.55,37739.66,321.65
140796.56,290.50,37739.66,321.65
141430.11,290.41,37739.66,321.65
139534.89,290.69,37971.70,321.49
139692.22,290.67,37878.79,321.55
141271.56,290.43,37786.00,321.61
142224.64,290.29,38064.73,321.42
140007.17,290.62,37786.00,321.61
140480.45,290.55,37693.34,321.68
141271.56,290.43,38157.90,321.36
140638.47,290.53,37925.23,321.52
140954.78,290.48,38111.30,321.39
141906.48,290.33,38157.90,321.36
141113.09,290.45,37693.34,321.68
139692.22,290.67,37925.23,321.52
140954.78,290.48,37971.70,321.49
141271.56,290.43,37971.70,321.49
140638.47,290.53,37971.70,321.49
138906.75,290.79,38204.52,321.33
139692.22,290.67,37878.79,321.55
141906.48,290.33,38111.30,321.39
141271.56,290.43,37971.70,321.49
139849.63,290.65,38111.30,321.39
141271.56,290.43,38064.73,321.42
140322.59,290.57,38157.90,321.36
140638.47,290.53,38251.18,321.29
141906.48,290.33,38297.87,321.26
140954.78,290.48,38251.18,321.29
140638.47,290.53,38344.60,321.23
140954.78,290.48,38672.54,321.01
140322.59,290.57,38391.35,321.20
139220.59,290.74,38297.87,321.26
140480.45,290.55,38438.14,321.17
141271.56,290.43,38344.60,321.23
139849.63,290.65,38391.35,321.20
141747.58,290.36,38344.60,321.23
140007.17,290.62,38344.60,321.23
140638.47,290.53,38344.60,321.23
140480.45,290.55,38344.60,321.23
141113.09,290.45,38251.18,321.29
139692.22,290.67,38344.60,321.23
141271.56,290.43,38391.35,321.20
140954.78,290.48,38344.60,321.23
140954.78,290.48,38344.60,321.23
140322.59,290.57,38391.35,321.20
139377.69,290.72,38391.35,321.20
141271.56,290.43,38391.35,321.20
141271.56,290.43,38344.60,321.23
140954.78,290.48,38344.60,321.23
139377.69,290.72,38391.35,321.20
141113.09,290.45,38391.35,321.20
140638.47,290.53,38531.80,321.10
140638.47,290.53,38907.74,320.85
140954.78,290.48,38391.35,321.20
139377.69,290.72,38297.87,321.26
139849.63,290.65,38297.87,321.26
141113.09,290.45,38391.35,321.20
139692.22,290.67,38344.60,321.23
141430.11,290.41,38391.35,321.20
141271.56,290.43,38484.96,321.13
140638.47,290.53,37600.81,321.74
140638.47,290.53,38391.35,321.20
140480.45,290.55,38531.80,321.10
141430.11,290.41,38344.60,321.23
141113.09,290.45,38251.18,321.29
140954.78,290.48,38344.60,321.23
141113.09,290.45,38344.60,321.23
140480.45,290.55,38391.35,321.20
141113.09,290.45,38064.73,321.42
142383.88,290.26,38531.80,321.10
140322.59,290.57,38344.60,321.23
140638.47,290.53,38438.14,321.17
141588.80,290.38,38391.35,321.20
139063.64,290.77,38157.90,321.36
139692.22,290.67,38064.73,321.42
141271.56,290.43,38391.35,321.20
141430.11,290.41,38344.60,321.23
140796.56,290.50,38391.35,321.20
141271.56,290.43,38438.14,321.17
141113.09,290.45,38531.80,321.10
139849.63,290.65,38438.14,321.17
139692.22,290.67,37739.66,321.65
141747.58,290.36,38391.35,321.20
140954.78,290.48,38438.14,321.17
140954.78,290.48,38531.80,321.10
141430.11,290.41,38625.60,321.04
140638.47,290.53,38813.56,320.91
140954.78,290.48,38625.60,321.04
141906.48,290.33,38860.63,320.88
141113.09,290.45,38813.56,320.91
141113.09,290.45,38625.60,321.04
140638.47,290.53,38625.60,321.04
140007.17,290.62,38719.52,320.98
140480.45,290.55,38860.63,320.88
141430.11,290.41,38625.60,321.04
141271.56,290.43,38813.56,320.91
140954.78,290.48,38954.87,320.82
141430.11,290.41,38766.52,320.94
139220.59,290.74,38672.54,321.01
141906.48,290.33,38860.63,320.88
141747.58,290.36,38907.74,320.85
140954.78,290.48,38391.35,321.20
140480.45,290.55,38860.63,320.88
141113.09,290.45,38719.52,320.98
138906.75,290.79,38860.63,320.88
141113.09,290.45,38578.68,321.07
141271.56,290.43,38625.60,321.04
140954.78,290.48,38719.52,320.98
140322.59,290.57,38391.35,321.20
140480.45,290.55,38438.14,321.17
140638.47,290.53,38484.96,321.13
140638.47,290.53,38391.35,321.20
141747.58,290.36,38719.52,320.98
140638.47,290.53,38484.96,321.13
141113.09,290.45,38484.96,321.13
140007.17,290.62,38391.35,321.20
141271.56,290.43,38391.35,321.20
140954.78,290.48,38578.68,321.07
140480.45,290.55,38391.35,321.20
141430.11,290.41,38625.60,321.04
140480.45,290.55,38438.14,321.17
140796.56,290.50,38391.35,321.20
141588.80,290.38,38391.35,321.20
141113.09,290.45,39285.72,320.60
140007.17,290.62,38391.35,321.20
140638.47,290.53,38391.35,321.20
141113.09,290.45,38391.35,321.20
141113.09,290.45,38344.60,321.23
140638.47,290.53,38438.14,321.17
140954.78,290.48,38391.35,321.20
139220.59,290.74,38672.54,321.01
142543.23,290.24,38531.80,321.10
141113.09,290.45,38391.35,321.20
139692.22,290.67,38531.80,321.10
141906.48,290.33,38719.52,320.98
141906.48,290.33,38578.68,321.07
141271.56,290.43,38438.14,321.17
140007.17,290.62,38484.96,321.13
140638.47,290.53,38531.80,321.10
141113.09,290.45,38766.52,320.94
139849.63,290.65,38484.96,321.13
139692.22,290.67,38719.52,320.98
140796.56,290.50,38860.63,320.88
140954.78,290.48,38954.87,320.82
140954.78,290.48,38672.54,321.01
139377.69,290.72,38625.60,321.04
141430.11,290.41,39002.04,320.79
140954.78,290.48,38813.56,320.91
141271.56,290.43,39096.47,320.72
140638.47,290.53,38860.63,320.88
141113.09,290.45,38719.52,320.98
142224.64,290.29,39002.04,320.79
140954.78,290.48,39096.47,320.72
140954.78,290.48,38907.74,320.85
139849.63,290.65,38251.18,321.29
143341.77,290.12,37925.23,321.52
140638.47,290.53,38578.68,321.07
140638.47,290.53,38860.63,320.88
141271.56,290.43,38813.56,320.91
139377.69,290.72,38860.63,320.88
141588.80,290.38,39096.47,320.72
143341.77,290.12,39096.47,320.72
139849.63,290.65,38625.60,321.04
140954.78,290.48,38531.80,321.10
140480.45,290.55,38719.52,320.98
141113.09,290.45,39002.04,320.79
141588.80,290.38,38954.87,320.82
141271.56,290.43,38860.63,320.88
141747.58,290.36,39049.24,320.76
141747.58,290.36,39191.03,320.66
140322.59,290.57,38813.56,320.91
140007.17,290.62,38907.74,320.85
141430.11,290.41,38860.63,320.88
141271.56,290.43,39143.73,320.69
141271.56,290.43,38719.52,320.98
139063.64,290.77,38438.14,321.17
141113.09,290.45,38672.54,321.01
139377.69,290.72,38813.56,320.91
139692.22,290.67,38531.80,321.10
141113.09,290.45,38860.63,320.88
141430.11,290.41,39191.03,320.66
140480.45,290.55,39002.04,320.79
141271.56,290.43,38719.52,320.98
140322.59,290.57,39002.04,320.79
140322.59,290.57,39002.04,320.79
140796.56,290.50,38860.63,320.88
141113.09,290.45,39856.56,320.22
142383.88,290.26,39096.47,320.72
140796.56,290.50,39002.04,320.79
141271.56,290.43,39049.24,320.76
140480.45,290.55,39049.24,320.76
139377.69,290.72,38860.63,320.88
140480.45,290.55,39143.73,320.69
141906.48,290.33,38907.74,320.85
139849.63,290.65,38954.87,320.82
140954.78,290.48,39002.04,320.79
141906.48,290.33,39096.47,320.72
141271.56,290.43,39143.73,320.69
141113.09,290.45,39049.24,320.76
139534.89,290.69,39002.04,320.79
141430.11,290.41,39096.47,320.72
142383.88,290.26,39285.72,320.60
140007.17,290.62,39096.47,320.72
141747.58,290.36,39191.03,320.66
141747.58,290.36,39143.73,320.69
141430.11,290.41,39191.03,320.66
141430.11,290.41,39285.72,320.60
141588.80,290.38,39904.34,320.19
141588.80,290.38,39238.36,320.63
141588.80,290.38,39191.03,320.66
139692.22,290.67,39238.36,320.63
142224.64,290.29,39761.09,320.29
141271.56,290.43,39285.72,320.60
139849.63,290.65,39143.73,320.69
141588.80,290.38,39191.03,320.66
141113.09,290.45,39427.99,320.50
140796.56,290.50,39285.72,320.60
141113.09,290.45,39380.53,320.54
141906.48,290.33,39380.53,320.54
141430.11,290.41,39475.48,320.47
141113.09,290.45,39427.99,320.50
141113.09,290.45,39427.99,320.50
141430.11,290.41,39570.55,320.41
141271.56,290.43,39475.48,320.47
142543.23,290.24,39427.99,320.50
140007.17,290.62,39427.99,320.50
141430.11,290.41,39285.72,320.60
140954.78,290.48,39238.36,320.63
142862.31,290.19,39618.14,320.38
141906.48,290.33,39570.55,320.41
140322.59,290.57,39475.48,320.47
140480.45,290.55,39049.24,320.76
141271.56,290.43,39475.48,320.47
141906.48,290.33,39475.48,320.47
140480.45,290.55,39380.53,320.54
140954.78,290.48,39238.36,320.63
142224.64,290.29,39191.03,320.66
140954.78,290.48,39380.53,320.54
140796.56,290.50,39570.55,320.41
139063.64,290.77,39475.48,320.47
142224.64,290.29,39713.41,320.32
141906.48,290.33,39570.55,320.41
140796.56,290.50,39427.99,320.50
140954.78,290.48,39238.36,320.63
142383.88,290.26,39665.76,320.35
140954.78,290.48,39713.41,320.32
140480.45,290.55,39285.72,320.60
140480.45,290.55,39618.14,320.38
140480.45,290.55,39238.36,320.63
140638.47,290.53,39761.09,320.29
141430.11,290.41,38907.74,320.85
141271.56,290.43,39427.99,320.50
141906.48,290.33,39761.09,320.29
140638.47,290.53,39380.53,320.54
141430.11,290.41,39618.14,320.38
141430.11,290.41,39380.53,320.54
141906.48,290.33,39427.99,320.50
141747.58,290.36,39856.56,320.22
140954.78,290.48,39665.76,320.35
141588.80,290.38,39904.34,320.19
140954.78,290.48,39856.56,320.22
141747.58,290.36,39761.09,320.29
139849.63,290.65,39904.34,320.19
141747.58,290.36,39143.73,320.69
141588.80,290.38,39952.16,320.16
140480.45,290.55,39665.76,320.35
139534.89,290.69,39475.48,320.47
143022.00,290.17,39904.34,320.19
141113.09,290.45,40047.88,320.10
140480.45,290.55,39904.34,320.19
141430.11,290.41,39618.14,320.38
140638.47,290.53,39904.34,320.19
141430.11,290.41,40000.00,320.13
143661.97,290.07,40047.88,320.10
141271.56,290.43,40047.88,320.10
139849.63,290.65,39856.56,320.22
140954.78,290.48,39904.34,320.19
141588.80,290.38,40239.73,319.97
141906.48,290.33,39665.76,320.35
141588.80,290.38,39904.34,320.19
141588.80,290.38,38954.87,320.82
141271.56,290.43,39761.09,320.29
141271.56,290.43,39761.09,320.29
140007.17,290.62,39904.34,320.19
141906.48,290.33,39856.56,320.22
142383.88,290.26,40000.00,320.13
140638.47,290.53,39904.34,320.19
139692.22,290.67,39856.56,320.22
140638.47,290.53,39952.16,320.16
142065.48,290.31,40095.79,320.07
143982.66,290.02,40047.88,320.10
140954.78,290.48,39952.16,320.16
138906.75,290.79,39904.34,320.19
141113.09,290.45,39904.34,320.19
141271.56,290.43,39952.16,320.16
140638.47,290.53,40047.88,320.10
143022.00,290.17,39761.09,320.29
141271.56,290.43,39808.81,320.25
140954.78,290.48,39904.34,320.19
140638.47,290.53,39904.34,320.19
140322.59,290.57,39761.09,320.29
141271.56,290.43,39856.56,320.22
141906.48,290.33,39952.16,320.16
141588.80,290.38,39856.56,320.22
141113.09,290.45,40000.00,320.13
143661.97,290.07,39904.34,320.19
142383.88,290.26,39904.34,320.19
140638.47,290.53,39761.09,320.29
142383.88,290.26,40047.88,320.10
141906.48,290.33,40047.88,320.10
140954.78,290.48,39904.34,320.19
140638.47,290.53,39952.16,320.16
142383.88,290.26,40000.00,320.13
143022.00,290.17,39904.34,320.19
139063.64,290.77,39761.09,320.29
141271.56,290.43,40191.72,320.01
142543.23,290.24,39952.16,320.16
141906.48,290.33,39952.16,320.16
140638.47,290.53,40528.49,319.79
139534.89,290.69,39665.76,320.35
140007.17,290.62,39808.81,320.25
142224.64,290.29,39904.34,320.19
142224.64,290.29,39570.55,320.41
140007.17,290.62,39856.56,320.22
141747.58,290.36,39904.34,320.19
142224.64,290.29,40000.00,320.13
141906.48,290.33,39904.34,320.19
141747.58,290.36,39761.09,320.29
141588.80,290.38,39808.81,320.25
142383.88,290.26,39904.34,320.19
142383.88,290.26,39904.34,320.19
140954.78,290.48,39904.34,320.19
142224.64,290.29,39952.16,320.16
141906.48,290.33,39952.16,320.16
140007.17,290.62,39808.81,320.25
141271.56,290.43,39904.34,320.19
141747.58,290.36,39952.16,320.16
142543.23,290.24,39427.99,320.50
141430.11,290.41,40191.72,320.01
142065.48,290.31,39904.34,320.19
141113.09,290.45,39952.16,320.16
140638.47,290.53,40191.72,320.01
141588.80,290.38,39904.34,320.19
139849.63,290.65,40000.00,320.13
144143.19,290.00,40095.79,320.07
141906.48,290.33,40191.72,320.01
140638.47,290.53,40047.88,320.10
141430.11,290.41,40191.72,320.01
138906.75,290.79,40239.73,319.97
141588.80,290.38,40480.28,319.82
143022.00,290.17,40239.73,319.97
141588.80,290.38,39904.34,320.19
142065.48,290.31,40000.00,320.13
141747.58,290.36,39904.34,320.19
140007.17,290.62,39952.16,320.16
142224.64,290.29,39952.16,320.16
140480.45,290.55,40335.85,319.91
141271.56,290.43,40335.85,319.91
140954.78,290.48,40047.88,320.10
141271.56,290.43,40335.85,319.91
140954.78,290.48,40432.10,319.85
141747.58,290.36,40239.73,319.97
141588.80,290.38,40239.73,319.97
141430.11,290.41,40528.49,319.79
141588.80,290.38,40191.72,320.01
142383.88,290.26,40432.10,319.85
141271.56,290.43,40143.74,320.04
142224.64,290.29,40818.43,319.61
141430.11,290.41,40239.73,319.97
140954.78,290.48,40528.49,319.79
141747.58,290.36,40191.72,320.01
140007.17,290.62,40432.10,319.85
140796.56,290.50,40239.73,319.97
141271.56,290.43,40383.96,319.88
141588.80,290.38,40383.96,319.88
141588.80,290.38,40625.00,319.73
141588.80,290.38,40239.73,319.97
140796.56,290.50,40432.10,319.85
143181.83,290.14,40335.85,319.91
140954.78,290.48,41401.94,319.24
143982.66,290.02,40625.00,319.73
142543.23,290.24,40191.72,320.01
141430.11,290.41,40191.72,320.01
141271.56,290.43,40191.72,320.01
142224.64,290.29,40095.79,320.07
141588.80,290.38,40191.72,320.01
140954.78,290.48,40191.72,320.01
140480.45,290.55,40239.73,319.97
140796.56,290.50,39952.16,320.16
140954.78,290.48,40383.96,319.88
142224.64,290.29,40625.00,319.73
141747.58,290.36,40432.10,319.85
141747.58,290.36,40383.96,319.88
141271.56,290.43,39952.16,320.16
142383.88,290.26,40576.73,319.76
141588.80,290.38,40239.73,319.97
141271.56,290.43,40528.49,319.79
141747.58,290.36,40432.10,319.85
140322.59,290.57,40191.72,320.01
140638.47,290.53,40480.28,319.82
141906.48,290.33,40625.00,319.73
142862.31,290.19,40625.00,319.73
142543.23,290.24,40528.49,319.79
142383.88,290.26,40721.65,319.67
142065.48,290.31,40432.10,319.85
140007.17,290.62,40335.85,319.91
140322.59,290.57,40383.96,319.88
142065.48,290.31,40528.49,319.79
142543.23,290.24,40721.65,319.67
141906.48,290.33,40480.28,319.82
139220.59,290.74,40191.72,320.01
141113.09,290.45,40432.10,319.85
141906.48,290.33,40721.65,319.67
141906.48,290.33,40528.49,319.79
141113.09,290.45,40528.49,319.79
141906.48,290.33,40432.10,319.85
140638.47,290.53,40528.49,319.79
141588.80,290.38,40383.96,319.88
141588.80,290.38,40528.49,319.79
142862.31,290.19,40576.73,319.76
141747.58,290.36,40528.49,319.79
142224.64,290.29,40480.28,319.82
142383.88,290.26,40721.65,319.67
141906.48,290.33,40576.73,319.76
141588.80,290.38,40383.96,319.88
140638.47,290.53,40432.10,319.85
140954.78,290.48,40625.00,319.73
142224.64,290.29,40625.00,319.73
143022.00,290.17,40480.28,319.82
140638.47,290.53,40432.10,319.85
140796.56,290.50,40528.49,319.79
143022.00,290.17,40625.00,319.73
141588.80,290.38,40770.02,319.64
140638.47,290.53,40432.10,319.85
140796.56,290.50,40721.65,319.67
141430.11,290.41,40625.00,319.73
141588.80,290.38,40432.10,319.85
141747.58,290.36,40528.49,319.79
142543.23,290.24,40721.65,319.67
142383.88,290.26,40625.00,319.73
140796.56,290.50,41206.90,319.36
142224.64,290.29,40673.31,319.70
143022.00,290.17,40770.02,319.64
141113.09,290.45,40721.65,319.67
141271.56,290.43,40721.65,319.67
140322.59,290.57,40625.00,319.73
142543.23,290.24,41012.40,319.48
143181.83,290.14,41109.58,319.42
142383.88,290.26,40963.86,319.51
141588.80,290.38,40770.02,319.64
141430.11,290.41,40625.00,319.73
140638.47,290.53,40239.73,319.97
143341.77,290.12,40625.00,319.73
142224.64,290.29,40770.02,319.64
140638.47,290.53,40963.86,319.51
141747.58,290.36,41206.90,319.36
142862.31,290.19,41206.90,319.36
142065.48,290.31,41158.22,319.39
141747.58,290.36,40963.86,319.51
141430.11,290.41,40963.86,319.51
140796.56,290.50,41109.58,319.42
141588.80,290.38,41206.90,319.36
142224.64,290.29,40432.10,319.85
140796.56,290.50,40770.02,319.64
141271.56,290.43,41012.40,319.48
141906.48,290.33,41012.40,319.48
142065.48,290.31,40866.87,319.57
141906.48,290.33,40721.65,319.67
141747.58,290.36,40915.35,319.54
143341.77,290.12,41012.40,319.48
141747.58,290.36,40915.35,319.54
141906.48,290.33,40770.02,319.64
142224.64,290.29,41012.40,319.48
142862.31,290.19,40915.35,319.54
141430.11,290.41,40818.43,319.61
141747.58,290.36,40721.65,319.67
142065.48,290.31,40818.43,319.61
142065.48,290.31,40721.65,319.67
142383.88,290.26,40818.43,319.61
141747.58,290.36,40818.43,319.61
141113.09,290.45,40818.43,319.61
141113.09,290.45,41158.22,319.39
143181.83,290.14,40625.00,319.73
141906.48,290.33,41255.61,319.33
140322.59,290.57,40721.65,319.67
140954.78,290.48,40673.31,319.70
141271.56,290.43,41109.58,319.42
141747.58,290.36,40770.02,319.64
142065.48,290.31,40770.02,319.64
142065.48,290.31,40625.00,319.73
142383.88,290.26,40963.86,319.51
141430.11,290.41,40915.35,319.54
142383.88,290.26,40576.73,319.76
140007.17,290.62,40866.87,319.57
140954.78,290.48,40770.02,319.64
142543.23,290.24,41109.58,319.42
143341.77,290.12,41206.90,319.36
141588.80,290.38,40915.35,319.54
140954.78,290.48,40770.02,319.64
140954.78,290.48,40770.02,319.64
141747.58,290.36,41012.40,319.48
142383.88,290.26,41206.90,319.36
142543.23,290.24,40721.65,319.67
141113.09,290.45,40721.65,319.67
141430.11,290.41,40625.00,319.73
140638.47,290.53,40770.02,319.64
139377.69,290.72,40528.49,319.79
142224.64,290.29,40915.35,319.54
142383.88,290.26,40915.35,319.54
141588.80,290.38,41012.40,319.48
143181.83,290.14,40818.43,319.61
142224.64,290.29,40721.65,319.67
141588.80,290.38,40963.86,319.51
141588.80,290.38,40866.87,319.57
140954.78,290.48,40770.02,319.64
141906.48,290.33,41304.35,319.30
143022.00,290.17,41109.58,319.42
140480.45,290.55,40915.35,319.54
141271.56,290.43,40915.35,319.54
142383.88,290.26,40625.00,319.73
141588.80,290.38,40721.65,319.67
141906.48,290.33,41353.12,319.27
142224.64,290.29,41109.58,319.42
140638.47,290.53,41353.12,319.27
140480.45,290.55,41158.22,319.39
141588.80,290.38,40866.87,319.57
140638.47,290.53,40866.87,319.57
141747.58,290.36,41206.90,319.36
142065.48,290.31,40818.43,319.61
141430.11,290.41,40818.43,319.61
141747.58,290.36,41012.40,319.48
143341.77,290.12,41109.58,319.42
143181.83,290.14,41206.90,319.36
142543.23,290.24,40721.65,319.67
140796.56,290.50,40625.00,319.73
141747.58,290.36,41158.22,319.39
143022.00,290.17,40721.65,319.67
141906.48,290.33,40915.35,319.54
141906.48,290.33,40915.35,319.54
141906.48,290.33,40721.65,319.67
141113.09,290.45,40770.02,319.64
142862.31,290.19,40915.35,319.54
141747.58,290.36,40818.43,319.61
141747.58,290.36,40866.87,319.57
141906.48,290.33,40963.86,319.51
139692.22,290.67,41012.40,319.48
142224.64,290.29,41158.22,319.39
143181.83,290.14,40963.86,319.51
142065.48,290.31,41206.90,319.36
141113.09,290.45,40915.35,319.54
141747.58,290.36,40963.86,319.51
142065.48,290.31,40915.35,319.54
142543.23,290.24,40770.02,319.64
143022.00,290.17,40866.87,319.57
141113.09,290.45,40915.35,319.54
142224.64,290.29,40963.86,319.51
144625.41,289.93,41304.35,319.30
143822.27,290.05,41109.58,319.42
142543.23,290.24,40963.86,319.51
141271.56,290.43,40721.65,319.67
140480.45,290.55,40673.31,319.70
141588.80,290.38,40770.02,319.64
141747.58,290.36,41012.40,319.48
141747.58,290.36,40915.35,319.54
142862.31,290.19,40770.02,319.64
142224.64,290.29,40866.87,319.57
138906.75,290.79,40625.00,319.73
141906.48,290.33,40625.00,319.73
143661.97,290.07,40673.31,319.70
141430.11,290.41,40528.49,319.79
141113.09,290.45,40625.00,319.73
140480.45,290.55,40818.43,319.61
141588.80,290.38,40432.10,319.85
143181.83,290.14,40576.73,319.76
143022.00,290.17,40576.73,319.76
142224.64,290.29,40576.73,319.76
143341.77,290.12,40625.00,319.73
142224.64,290.29,40915.35,319.54
141747.58,290.36,40818.43,319.61
141113.09,290.45,40721.65,319.67
140954.78,290.48,40625.00,319.73
140796.56,290.50,40625.00,319.73
141588.80,290.38,40818.43,319.61
141430.11,290.41,40721.65,319.67
141747.58,290.36,40963.86,319.51
142065.48,290.31,40770.02,319.64
141906.48,290.33,40721.65,319.67
139377.69,290.72,40770.02,319.64
141271.56,290.43,40818.43,319.61
142543.23,290.24,40866.87,319.57
141430.11,290.41,40721.65,319.67
141588.80,290.38,40770.02,319.64
143501.81,290.10,40915.35,319.54
139063.64,290.77,40673.31,319.70
141430.11,290.41,40915.35,319.54
142862.31,290.19,41012.40,319.48
140796.56,290.50,41401.94,319.24
142224.64,290.29,40770.02,319.64
143181.83,290.14,40576.73,319.76
141588.80,290.38,40770.02,319.64
141906.48,290.33,40963.86,319.51
142543.23,290.24,40625.00,319.73
141430.11,290.41,40625.00,319.73
143022.00,290.17,40818.43,319.61
142543.23,290.24,40673.31,319.70
141588.80,290.38,40818.43,319.61
142383.88,290.26,40721.65,319.67
142224.64,290.29,40625.00,319.73
143022.00,290.17,40721.65,319.67
141430.11,290.41,40673.31,319.70
141588.80,290.38,40915.35,319.54
141906.48,290.33,40721.65,319.67
141430.11,290.41,40576.73,319.76
142543.23,290.24,40915.35,319.54
142224.64,290.29,40673.31,319.70
141271.56,290.43,40673.31,319.70
142065.48,290.31,40673.31,319.70
142862.31,290.19,40721.65,319.67
143982.66,290.02,40963.86,319.51
140638.47,290.53,40625.00,319.73
142065.48,290.31,40818.43,319.61
142065.48,290.31,40673.31,319.70
143181.83,290.14,40770.02,319.64
141906.48,290.33,40721.65,319.67
141113.09,290.45,40383.96,319.88
141588.80,290.38,40721.65,319.67
143022.00,290.17,40191.72,320.01
142543.23,290.24,40625.00,319.73
140638.47,290.53,40721.65,319.67
140638.47,290.53,40963.86,319.51
142543.23,290.24,40770.02,319.64
142224.64,290.29,40625.00,319.73
142543.23,290.24,40915.35,319.54
141747.58,290.36,40915.35,319.54
141588.80,290.38,40673.31,319.70
143501.81,290.10,40770.02,319.64
141271.56,290.43,40721.65,319.67
141906.48,290.33,40625.00,319.73
141747.58,290.36,40673.31,319.70
142543.23,290.24,39952.16,320.16
142383.88,290.26,40576.73,319.76
141271.56,290.43,40625.00,319.73
140638.47,290.53,40576.73,319.76
143661.97,290.07,40818.43,319.61
143022.00,290.17,40721.65,319.67
141747.58,290.36,40770.02,319.64
142383.88,290.26,40576.73,319.76
141906.48,290.33,40915.35,319.54
142224.64,290.29,40818.43,319.61
141430.11,290.41,40383.96,319.88
141430.11,290.41,40528.49,319.79
141747.58,290.36,40673.31,319.70
142065.48,290.31,40625.00,319.73
141906.48,290.33,40576.73,319.76
141588.80,290.38,40770.02,319.64
143982.66,290.02,40239.73,319.97
143982.66,290.02,40915.35,319.54
143022.00,290.17,40625.00,319.73
143022.00,290.17,40625.00,319.73
141588.80,290.38,41109.58,319.42
142224.64,290.29,39856.56,320.22
141430.11,290.41,40673.31,319.70
141430.11,290.41,40721.65,319.67
140954.78,290.48,40721.65,319.67
143181.83,290.14,40770.02,319.64
143181.83,290.14,40818.43,319.61
141271.56,290.43,40866.87,319.57
141271.56,290.43,40625.00,319.73
140954.78,290.48,40963.86,319.51
141430.11,290.41,40625.00,319.73
142383.88,290.26,40915.35,319.54
143822.27,290.05,40963.86,319.51
139849.63,290.65,40818.43,319.61
142224.64,290.29,40915.35,319.54
141588.80,290.38,40915.35,319.54
141747.58,290.36,40818.43,319.61
142862.31,290.19,40818.43,319.61
140480.45,290.55,40625.00,319.73
141588.80,290.38,40915.35,319.54
141747.58,290.36,40963.86,319.51
141430.11,290.41,40528.49,319.79
141747.58,290.36,40721.65,319.67
142224.64,290.29,40963.86,319.51
141747.58,290.36,40818.43,319.61
141747.58,290.36,40721.65,319.67
144143.19,290.00,41109.58,319.42
141588.80,290.38,41109.58,319.42
141430.11,290.41,40915.35,319.54
143661.97,290.07,41450.78,319.21
141430.11,290.41,41012.40,319.48
142065.48,290.31,41353.12,319.27
141271.56,290.43,40625.00,319.73
142543.23,290.24,41109.58,319.42
142224.64,290.29,40721.65,319.67
141747.58,290.36,41158.22,319.39
142862.31,290.19,41012.40,319.48
143181.83,290.14,40963.86,319.51
141113.09,290.45,40818.43,319.61
140638.47,290.53,40818.43,319.61
141747.58,290.36,40770.02,319.64
143661.97,290.07,41109.58,319.42
142224.64,290.29,41109.58,319.42
141906.48,290.33,41206.90,319.36
142543.23,290.24,41304.35,319.30
141747.58,290.36,41012.40,319.48
141588.80,290.38,41206.90,319.36
143181.83,290.14,41401.94,319.24
140954.78,290.48,41450.78,319.21
143022.00,290.17,41450.78,319.21
141906.48,290.33,41255.61,319.33
141906.48,290.33,41206.90,319.36
143181.83,290.14,41450.78,319.21
142383.88,290.26,41109.58,319.42
141906.48,290.33,41401.94,319.24
141906.48,290.33,41401.94,319.24
141906.48,290.33,41401.94,319.24
141271.56,290.43,41450.78,319.21
143661.97,290.07,41597.52,319.12
141588.80,290.38,41450.78,319.21
143022.00,290.17,41353.12,319.27
141747.58,290.36,41450.78,319.21
142224.64,290.29,41450.78,319.21
143661.97,290.07,41450.78,319.21
141430.11,290.41,41304.35,319.30
141906.48,290.33,41450.78,319.21
141430.11,290.41,41401.94,319.24
141430.11,290.41,41353.12,319.27
140480.45,290.55,41401.94,319.24
141588.80,290.38,41548.57,319.15
143022.00,290.17,41450.78,319.21
140007.17,290.62,41450.78,319.21
140480.45,290.55,41450.78,319.21
141271.56,290.43,41450.78,319.21
143022.00,290.17,41548.57,319.15
143822.27,290.05,41499.66,319.18
140480.45,290.55,41353.12,319.27
141430.11,290.41,41450.78,319.21
141113.09,290.45,41548.57,319.15
143181.83,290.14,41695.50,319.06
142543.23,290.24,41793.63,319.00
141906.48,290.33,41450.78,319.21
142065.48,290.31,41548.57,319.15
142862.31,290.19,41744.55,319.03
141747.58,290.36,41499.66,319.18
141271.56,290.43,41597.52,319.12
141588.80,290.38,41646.49,319.09
143822.27,290.05,41450.78,319.21
141588.80,290.38,41597.52,319.12
142224.64,290.29,41793.63,319.00
142383.88,290.26,41695.50,319.06
142862.31,290.19,41597.52,319.12
140322.59,290.57,41744.55,319.03
140954.78,290.48,41597.52,319.12
142543.23,290.24,41695.50,319.06
143022.00,290.17,41941.08,318.91
142224.64,290.29,41450.78,319.21
141747.58,290.36,41695.50,319.06
143181.83,290.14,41499.66,319.18
142862.31,290.19,41695.50,319.06
142543.23,290.24,41744.55,319.03
142543.23,290.24,41597.52,319.12
142383.88,290.26,41450.78,319.21
140638.47,290.53,41548.57,319.15
141588.80,290.38,41012.40,319.48
143022.00,290.17,41695.50,319.06
142543.23,290.24,41450.78,319.21
142224.64,290.29,41450.78,319.21
141747.58,290.36,41450.78,319.21
141588.80,290.38,41450.78,319.21
141430.11,290.41,41450.78,319.21
142065.48,290.31,41744.55,319.03
143022.00,290.17,41450.78,319.21
141588.80,290.38,41401.94,319.24
140638.47,290.53,41597.52,319.12
142383.88,290.26,41499.66,319.18
141588.80,290.38,41450.78,319.21
141271.56,290.43,41401.94,319.24
143022.00,290.17,41450.78,319.21
142383.88,290.26,41548.57,319.15
141430.11,290.41,41548.57,319.15
141430.11,290.41,41548.57,319.15
142383.88,290.26,41548.57,319.15
141588.80,290.38,41499.66,319.18
143661.97,290.07,41695.50,319.06
142383.88,290.26,41695.50,319.06
141588.80,290.38,41499.66,319.18
141747.58,290.36,41450.78,319.21
142383.88,290.26,41744.55,319.03
141271.56,290.43,41450.78,319.21
140480.45,290.55,41499.66,319.18
140007.17,290.62,41597.52,319.12
140480.45,290.55,41401.94,319.24
142862.31,290.19,41450.78,319.21
141588.80,290.38,41499.66,319.18
142862.31,290.19,41744.55,319.03
141588.80,290.38,41548.57,319.15
143022.00,290.17,41597.52,319.12
141588.80,290.38,41450.78,319.21
140954.78,290.48,41597.52,319.12
141271.56,290.43,41548.57,319.15
141271.56,290.43,41450.78,319.21
143181.83,290.14,41450.78,319.21
141747.58,290.36,41304.35,319.30
141588.80,290.38,41744.55,319.03
143022.00,290.17,41206.90,319.36
140954.78,290.48,41499.66,319.18
142702.70,290.21,41597.52,319.12
142862.31,290.19,41450.78,319.21
142543.23,290.24,41401.94,319.24
142702.70,290.21,41450.78,319.21
142224.64,290.29,41499.66,319.18
141430.11,290.41,41304.35,319.30
142224.64,290.29,41548.57,319.15
142862.31,290.19,41401.94,319.24
141747.58,290.36,41499.66,319.18
143661.97,290.07,41450.78,319.21
142543.23,290.24,40963.86,319.51
141588.80,290.38,41450.78,319.21
141747.58,290.36,41401.94,319.24
142543.23,290.24,41597.52,319.12
141271.56,290.43,41206.90,319.36
142383.88,290.26,41499.66,319.18
143022.00,290.17,41401.94,319.24
141430.11,290.41,41206.90,319.36
141588.80,290.38,41401.94,319.24
142224.64,290.29,41450.78,319.21
143181.83,290.14,41304.35,319.30
140638.47,290.53,41401.94,319.24
143181.83,290.14,41450.78,319.21
142383.88,290.26,41646.49,319.09
142543.23,290.24,41450.78,319.21
142065.48,290.31,41353.12,319.27
141588.80,290.38,41450.78,319.21
142543.23,290.24,41499.66,319.18
143661.97,290.07,41548.57,319.15
141271.56,290.43,41401.94,319.24
143181.83,290.14,41499.66,319.18
141747.58,290.36,41548.57,319.15
141588.80,290.38,41206.90,319.36
143822.27,290.05,41548.57,319.15
142702.70,290.21,41401.94,319.24
144143.19,290.00,41206.90,319.36
142383.88,290.26,41450.78,319.21
140954.78,290.48,41401.94,319.24
142224.64,290.29,41401.94,319.24
141588.80,290.38,41450.78,319.21
143181.83,290.14,41353.12,319.27
143022.00,290.17,41548.57,319.15
141113.09,290.45,41499.66,319.18
140480.45,290.55,41597.52,319.12
141906.48,290.33,41450.78,319.21
143661.97,290.07,41744.55,319.03
142224.64,290.29,41793.63,319.00
141271.56,290.43,41450.78,319.21
142543.23,290.24,41793.63,319.00
142862.31,290.19,41695.50,319.06
143982.66,290.02,42039.55,318.84
141906.48,290.33,41793.63,319.00
141588.80,290.38,41793.63,319.00
142543.23,290.24,41695.50,319.06
140322.59,290.57,41499.66,319.18
139692.22,290.67,41450.78,319.21
141588.80,290.38,41206.90,319.36
142383.88,290.26,41450.78,319.21
143022.00,290.17,41891.89,318.94
142383.88,290.26,41548.57,319.15
141430.11,290.41,41597.52,319.12
141747.58,290.36,41499.66,319.18
140796.56,290.50,41597.52,319.12
143022.00,290.17,41793.63,319.00
142383.88,290.26,41744.55,319.03
142702.70,290.21,41646.49,319.09
141747.58,290.36,41793.63,319.00
140638.47,290.53,41499.66,319.18
143982.66,290.02,41499.66,319.18
143181.83,290.14,41450.78,319.21
141906.48,290.33,41695.50,319.06
141271.56,290.43,41695.50,319.06
143022.00,290.17,41499.66,319.18
142383.88,290.26,41499.66,319.18
142383.88,290.26,41401.94,319.24
140638.47,290.53,41744.55,319.03
142383.88,290.26,42782.43,318.39
141747.58,290.36,41548.57,319.15
141430.11,290.41,41450.78,319.21
142065.48,290.31,41548.57,319.15
141430.11,290.41,41793.63,319.00
141588.80,290.38,41990.29,318.87
142224.64,290.29,41695.50,319.06
143822.27,290.05,41450.78,319.21
141588.80,290.38,41597.52,319.12
140322.59,290.57,41695.50,319.06
142862.31,290.19,41695.50,319.06
142862.31,290.19,41206.90,319.36
142383.88,290.26,41450.78,319.21
143661.97,290.07,41941.08,318.91
141747.58,290.36,41499.66,319.18
141906.48,290.33,41744.55,319.03
141588.80,290.38,42138.15,318.78
143022.00,290.17,42088.83,318.81
141747.58,290.36,41597.52,319.12
142383.88,290.26,41891.89,318.94
143181.83,290.14,41695.50,319.06
141906.48,290.33,41597.52,319.12
140954.78,290.48,41744.55,319.03
141906.48,290.33,41744.55,319.03
143181.83,290.14,42187.50,318.75
141588.80,290.38,41695.50,319.06
140322.59,290.57,42088.83,318.81
143982.66,290.02,41793.63,319.00
142543.23,290.24,41990.29,318.87
142224.64,290.29,42187.50,318.75
141747.58,290.36,41941.08,318.91
141747.58,290.36,41941.08,318.91
141906.48,290.33,41990.29,318.87
142224.64,290.29,42187.50,318.75
140480.45,290.55,42187.50,318.75
141906.48,290.33,41842.75,318.97
143341.77,290.12,41941.08,318.91
141906.48,290.33,41891.89,318.94
142383.88,290.26,41990.29,318.87
142862.31,290.19,41990.29,318.87
141906.48,290.33,41891.89,318.94
142543.23,290.24,41793.63,319.00
143181.83,290.14,41597.52,319.12
141271.56,290.43,41891.89,318.94
143982.66,290.02,41450.78,319.21
141430.11,290.41,41744.55,319.03
143822.27,290.05,41941.08,318.91
141747.58,290.36,42088.83,318.81
140954.78,290.48,41597.52,319.12
141588.80,290.38,41941.08,318.91
142702.70,290.21,42088.83,318.81
142224.64,290.29,41499.66,319.18
142383.88,290.26,41941.08,318.91
143022.00,290.17,41401.94,319.24
142383.88,290.26,41842.75,318.97
141747.58,290.36,41793.63,319.00
143341.77,290.12,41597.52,319.12
143181.83,290.14,41793.63,319.00
142224.64,290.29,41941.08,318.91
142862.31,290.19,41793.63,319.00
141906.48,290.33,41891.89,318.94
143661.97,290.07,41744.55,319.03
143822.27,290.05,41597.52,319.12
141747.58,290.36,41744.55,319.03
143022.00,290.17,41548.57,319.15
141906.48,290.33,41548.57,319.15
143022.00,290.17,41744.55,319.03
142383.88,290.26,41695.50,319.06
140638.47,290.53,41450.78,319.21
143022.00,290.17,41450.78,319.21
142543.23,290.24,41450.78,319.21
141747.58,290.36,41450.78,319.21
141588.80,290.38,41548.57,319.15
142065.48,290.31,41450.78,319.21
144143.19,290.00,41450.78,319.21
142224.64,290.29,41450.78,319.21
143341.77,290.12,41499.66,319.18
140954.78,290.48,41695.50,319.06
142224.64,290.29,41450.78,319.21
142224.64,290.29,41401.94,319.24
142224.64,290.29,41450.78,319.21
142862.31,290.19,41548.57,319.15
142065.48,290.31,41450.78,319.21
142224.64,290.29,41450.78,319.21
142383.88,290.26,41597.52,319.12
141430.11,290.41,41450.78,319.21
141747.58,290.36,41401.94,319.24
143181.83,290.14,41597.52,319.12
142862.31,290.19,41450.78,319.21
142065.48,290.31,41206.90,319.36
141906.48,290.33,41353.12,319.27
141271.56,290.43,41401.94,319.24
143822.27,290.05,41401.94,319.24
142224.64,290.29,41450.78,319.21
141906.48,290.33,41450.78,319.21
141271.56,290.43,41401.94,319.24
143501.81,290.10,41353.12,319.27
141588.80,290.38,41450.78,319.21
143022.00,290.17,41450.78,319.21
142862.31,290.19,41450.78,319.21
141271.56,290.43,41450.78,319.21
141271.56,290.43,41450.78,319.21
141747.58,290.36,41401.94,319.24
142224.64,290.29,41450.78,319.21
141906.48,290.33,41450.78,319.21
142224.64,290.29,41353.12,319.27
143661.97,290.07,41597.52,319.12
142383.88,290.26,41401.94,319.24
142383.88,290.26,41401.94,319.24
142224.64,290.29,41353.12,319.27
142224.64,290.29,41450.78,319.21
142543.23,290.24,41499.66,319.18
143022.00,290.17,41499.66,319.18
143501.81,290.10,41450.78,319.21
141906.48,290.33,41450.78,319.21
141113.09,290.45,41450.78,319.21
143022.00,290.17,41304.35,319.30
143181.83,290.14,41450.78,319.21
143501.81,290.10,41255.61,319.33
141113.09,290.45,41450.78,319.21
141430.11,290.41,41206.90,319.36
142383.88,290.26,41401.94,319.24
140638.47,290.53,40963.86,319.51
141430.11,290.41,41401.94,319.24
143501.81,290.10,41353.12,319.27
142383.88,290.26,41109.58,319.42
141271.56,290.43,41012.40,319.48
140638.47,290.53,41206.90,319.36
142383.88,290.26,41353.12,319.27
142702.70,290.21,41450.78,319.21
141430.11,290.41,41401.94,319.24
141906.48,290.33,41353.12,319.27
141906.48,290.33,41353.12,319.27
142065.48,290.31,41450.78,319.21
143022.00,290.17,41450.78,319.21
141271.56,290.43,41401.94,319.24
141588.80,290.38,41401.94,319.24
142224.64,290.29,41158.22,319.39
140954.78,290.48,41304.35,319.30
142543.23,290.24,41206.90,319.36
142543.23,290.24,41450.78,319.21
142383.88,290.26,41353.12,319.27
144303.80,289.98,41206.90,319.36
143181.83,290.14,41012.40,319.48
141747.58,290.36,41450.78,319.21
141747.58,290.36,41401.94,319.24
143341.77,290.12,40818.43,319.61
141906.48,290.33,41255.61,319.33
142383.88,290.26,41450.78,319.21
141747.58,290.36,41450.78,319.21
139692.22,290.67,41401.94,319.24
141747.58,290.36,41401.94,319.24
143181.83,290.14,41450.78,319.21
142065.48,290.31,41353.12,319.27
141430.11,290.41,41353.12,319.27
141906.48,290.33,41206.90,319.36
142224.64,290.29,41401.94,319.24
143022.00,290.17,41450.78,319.21
142862.31,290.19,41450.78,319.21
142543.23,290.24,41353.12,319.27
143022.00,290.17,41353.12,319.27
142065.48,290.31,41450.78,319.21
141271.56,290.43,41304.35,319.30
142383.88,290.26,41401.94,319.24
142862.31,290.19,41353.12,319.27
141430.11,290.41,41499.66,319.18
141588.80,290.38,41499.66,319.18
142224.64,290.29,41401.94,319.24
141906.48,290.33,41450.78,319.21
142543.23,290.24,41255.61,319.33
142383.88,290.26,41597.52,319.12
142543.23,290.24,41401.94,319.24
143181.83,290.14,41597.52,319.12
141906.48,290.33,41597.52,319.12
142224.64,290.29,41450.78,319.21
142383.88,290.26,41548.57,319.15
143501.81,290.10,41597.52,319.12
143661.97,290.07,41450.78,319.21
141747.58,290.36,41499.66,319.18
141906.48,290.33,41499.66,319.18
142702.70,290.21,41548.57,319.15
141113.09,290.45,41744.55,319.03
141588.80,290.38,41646.49,319.09
140638.47,290.53,41499.66,319.18
141747.58,290.36,41450.78,319.21
141906.48,290.33,41793.63,319.00
143022.00,290.17,41646.49,319.09
143661.97,290.07,41891.89,318.94
142383.88,290.26,42088.83,318.81
142224.64,290.29,41646.49,319.09
142224.64,290.29,41548.57,319.15
142224.64,290.29,41499.66,319.18
141906.48,290.33,41793.63,319.00
140954.78,290.48,41548.57,319.15
143501.81,290.10,41793.63,319.00
141747.58,290.36,41793.63,319.00
141906.48,290.33,41891.89,318.94
143022.00,290.17,41695.50,319.06
141588.80,290.38,42187.50,318.75
142543.23,290.24,41548.57,319.15
143181.83,290.14,41597.52,319.12
141747.58,290.36,41891.89,318.94
143341.77,290.12,41891.89,318.94
143982.66,290.02,41744.55,319.03
141747.58,290.36,41548.57,319.15
141588.80,290.38,41695.50,319.06
141430.11,290.41,41548.57,319.15
141588.80,290.38,41646.49,319.09
142543.23,290.24,41891.89,318.94
143982.66,290.02,41353.12,319.27
143181.83,290.14,41646.49,319.09
143181.83,290.14,41499.66,319.18
141906.48,290.33,41450.78,319.21
141271.56,290.43,41450.78,319.21
142543.23,290.24,41450.78,319.21
141588.80,290.38,41499.66,319.18
142383.88,290.26,41450.78,319.21
142543.23,290.24,41450.78,319.21
142383.88,290.26,41793.63,319.00
141430.11,290.41,41450.78,319.21
142224.64,290.29,41450.78,319.21
140638.47,290.53,41450.78,319.21
141271.56,290.43,41450.78,319.21
142224.64,290.29,41450.78,319.21
143822.27,290.05,41450.78,319.21
142383.88,290.26,41499.66,319.18
143181.83,290.14,41450.78,319.21
142702.70,290.21,41499.66,319.18
143181.83,290.14,41548.57,319.15
141430.11,290.41,41597.52,319.12
142383.88,290.26,41401.94,319.24
142543.23,290.24,41597.52,319.12
142383.88,290.26,41450.78,319.21
141588.80,290.38,41499.66,319.18
142383.88,290.26,41353.12,319.27
140954.78,290.48,41646.49,319.09
143022.00,290.17,41597.52,319.12
142543.23,290.24,41450.78,319.21
141747.58,290.36,41450.78,319.21
142862.31,290.19,41499.66,319.18
143982.66,290.02,41499.66,319.18
141271.56,290.43,41499.66,319.18
139692.22,290.67,41450.78,319.21
141747.58,290.36,41499.66,319.18
142543.23,290.24,41450.78,319.21
143982.66,290.02,41450.78,319.21
142065.48,290.31,41695.50,319.06
140796.56,290.50,41499.66,319.18
143181.83,290.14,41597.52,319.12
142224.64,290.29,41597.52,319.12
142543.23,290.24,41548.57,319.15
142862.31,290.19,41499.66,319.18
141271.56,290.43,41499.66,319.18
142702.70,290.21,41450.78,319.21
143982.66,290.02,41793.63,319.00
143022.00,290.17,41744.55,319.03
142383.88,290.26,41793.63,319.00
140007.17,290.62,41450.78,319.21
142383.88,290.26,41695.50,319.06
143661.97,290.07,41793.63,319.00
143022.00,290.17,41597.52,319.12
142065.48,290.31,41744.55,319.03
142543.23,290.24,41793.63,319.00
141588.80,290.38,41646.49,319.09
142224.64,290.29,41597.52,319.12
142862.31,290.19,41499.66,319.18
142543.23,290.24,41597.52,319.12
142224.64,290.29,41548.57,319.15
142224.64,290.29,41695.50,319.06
143501.81,290.10,41695.50,319.06
141588.80,290.38,41597.52,319.12
141747.58,290.36,41744.55,319.03
142383.88,290.26,41597.52,319.12
141588.80,290.38,41695.50,319.06
143181.83,290.14,41990.29,318.87
142543.23,290.24,41793.63,319.00
144786.39,289.91,41941.08,318.91
141906.48,290.33,41744.55,319.03
140480.45,290.55,41450.78,319.21
142065.48,290.31,41891.89,318.94
143022.00,290.17,41891.89,318.94
143501.81,290.10,41793.63,319.00
141747.58,290.36,41941.08,318.91
142702.70,290.21,41597.52,319.12
141588.80,290.38,41793.63,319.00
143982.66,290.02,41695.50,319.06
142383.88,290.26,41597.52,319.12
141588.80,290.38,41941.08,318.91
141113.09,290.45,41793.63,319.00
141271.56,290.43,41941.08,318.91
142065.48,290.31,41793.63,319.00
142224.64,290.29,41793.63,319.00
141906.48,290.33,41793.63,319.00
141430.11,290.41,41891.89,318.94
141588.80,290.38,41990.29,318.87
143022.00,290.17,41793.63,319.00
141271.56,290.43,41891.89,318.94
140007.17,290.62,41990.29,318.87
143181.83,290.14,41891.89,318.94
141430.11,290.41,41990.29,318.87
142543.23,290.24,42138.15,318.78
142862.31,290.19,41990.29,318.87
141271.56,290.43,41990.29,318.87
141588.80,290.38,41891.89,318.94
141906.48,290.33,41990.29,318.87
142224.64,290.29,41793.63,319.00
141113.09,290.45,42088.83,318.81
140007.17,290.62,41990.29,318.87
142543.23,290.24,41695.50,319.06
143822.27,290.05,42187.50,318.75
141430.11,290.41,41891.89,318.94
141747.58,290.36,41793.63,319.00
142383.88,290.26,41990.29,318.87
143661.97,290.07,42187.50,318.75
141906.48,290.33,42138.15,318.78
141588.80,290.38,41990.29,318.87
143181.83,290.14,41990.29,318.87
143982.66,290.02,41597.52,319.12
142383.88,290.26,41941.08,318.91
142065.48,290.31,41990.29,318.87
141747.58,290.36,42039.55,318.84
143022.00,290.17,42138.15,318.78
141906.48,290.33,42286.31,318.69
143501.81,290.10,42236.89,318.72
141906.48,290.33,41793.63,319.00
141906.48,290.33,41744.55,319.03
142383.88,290.26,42088.83,318.81
142862.31,290.19,42088.83,318.81
141906.48,290.33,42385.26,318.63
141906.48,290.33,42088.83,318.81
143022.00,290.17,41941.08,318.91
141747.58,290.36,41695.50,319.06
143022.00,290.17,41744.55,319.03
141906.48,290.33,41990.29,318.87
141271.56,290.43,41597.52,319.12
143181.83,290.14,41695.50,319.06
143181.83,290.14,41793.63,319.00
142224.64,290.29,41450.78,319.21
141430.11,290.41,42187.50,318.75
142383.88,290.26,41597.52,319.12
142224.64,290.29,41990.29,318.87
143022.00,290.17,41990.29,318.87
140480.45,290.55,41597.52,319.12
142543.23,290.24,41793.63,319.00
142543.23,290.24,42138.15,318.78
143661.97,290.07,41990.29,318.87
143982.66,290.02,41990.29,318.87
143982.66,290.02,41990.29,318.87
141906.48,290.33,42088.83,318.81
141747.58,290.36,41695.50,319.06
142383.88,290.26,41744.55,319.03
143181.83,290.14,42088.83,318.81
143822.27,290.05,41744.55,319.03
140954.78,290.48,41548.57,319.15
142224.64,290.29,41744.55,319.03
143501.81,290.10,42088.83,318.81
141271.56,290.43,42187.50,318.75
142224.64,290.29,41941.08,318.91
141747.58,290.36,41891.89,318.94
142383.88,290.26,41744.55,319.03
142543.23,290.24,41990.29,318.87
143181.83,290.14,41941.08,318.91
141588.80,290.38,41793.63,319.00
142543.23,290.24,41793.63,319.00
142383.88,290.26,41891.89,318.94
141906.48,290.33,41990.29,318.87
141906.48,290.33,42187.50,318.75
143501.81,290.10,41990.29,318.87
141747.58,290.36,41891.89,318.94
143022.00,290.17,41401.94,319.24
143181.83,290.14,41990.29,318.87
143181.83,290.14,41744.55,319.03
141588.80,290.38,41499.66,319.18
143022.00,290.17,41646.49,319.09
142862.31,290.19,41891.89,318.94
143341.77,290.12,42187.50,318.75
142543.23,290.24,42187.50,318.75
142383.88,290.26,41793.63,319.00
142862.31,290.19,41793.63,319.00
142543.23,290.24,41695.50,319.06
141747.58,290.36,41353.12,319.27
143022.00,290.17,41990.29,318.87
142862.31,290.19,42236.89,318.72
142862.31,290.19,42088.83,318.81
143661.97,290.07,41990.29,318.87
143022.00,290.17,41793.63,319.00
141906.48,290.33,41891.89,318.94
142383.88,290.26,41990.29,318.87
143982.66,290.02,42138.15,318.78
143181.83,290.14,41646.49,319.09
140007.17,290.62,42039.55,318.84
143022.00,290.17,41793.63,319.00
143181.83,290.14,41695.50,319.06
140954.78,290.48,41744.55,319.03
143982.66,290.02,41646.49,319.09
141588.80,290.38,41744.55,319.03
142224.64,290.29,41744.55,319.03
143501.81,290.10,41891.89,318.94
141747.58,290.36,41793.63,319.00
143022.00,290.17,41450.78,319.21
142383.88,290.26,42088.83,318.81
141430.11,290.41,41353.12,319.27
143982.66,290.02,41891.89,318.94
142383.88,290.26,41695.50,319.06
140954.78,290.48,41793.63,319.00
142383.88,290.26,41499.66,319.18
142224.64,290.29,41744.55,319.03
143181.83,290.14,41695.50,319.06
142383.88,290.26,41744.55,319.03
141747.58,290.36,41646.49,319.09
142224.64,290.29,41744.55,319.03
141906.48,290.33,42088.83,318.81
142862.31,290.19,41744.55,319.03
143982.66,290.02,41597.52,319.12
143982.66,290.02,41941.08,318.91
143181.83,290.14,41941.08,318.91
142224.64,290.29,41695.50,319.06
142543.23,290.24,41941.08,318.91
142543.23,290.24,41695.50,319.06
143181.83,290.14,41744.55,319.03
143181.83,290.14,41941.08,318.91
141430.11,290.41,42187.50,318.75
141906.48,290.33,42138.15,318.78
142862.31,290.19,41990.29,318.87
141271.56,290.43,42187.50,318.75
141271.56,290.43,41990.29,318.87
141430.11,290.41,41793.63,319.00
142224.64,290.29,41941.08,318.91
142543.23,290.24,42286.31,318.69
143341.77,290.12,42335.77,318.66
143822.27,290.05,42138.15,318.78
141271.56,290.43,42981.85,318.28
142862.31,290.19,42088.83,318.81
141430.11,290.41,42138.15,318.78
142065.48,290.31,42187.50,318.75
143181.83,290.14,42138.15,318.78
143022.00,290.17,42335.77,318.66
142224.64,290.29,42533.94,318.54
141430.11,290.41,42187.50,318.75
141906.48,290.33,42286.31,318.69
143181.83,290.14,42533.94,318.54
143181.83,290.14,42286.31,318.69
143501.81,290.10,42335.77,318.66
141588.80,290.38,42533.94,318.54
143022.00,290.17,42484.35,318.57
142383.88,290.26,42484.35,318.57
141747.58,290.36,42187.50,318.75
141588.80,290.38,42286.31,318.69
143661.97,290.07,42434.79,318.60
143181.83,290.14,42138.15,318.78
140480.45,290.55,42533.94,318.54
142065.48,290.31,42187.50,318.75
141906.48,290.33,42732.66,318.42
143181.83,290.14,42682.93,318.45
142224.64,290.29,42385.26,318.63
141113.09,290.45,42385.26,318.63
141906.48,290.33,42682.93,318.45
143982.66,290.02,42583.57,318.51
143022.00,290.17,42682.93,318.45
142383.88,290.26,42286.31,318.69
141113.09,290.45,42236.89,318.72
141906.48,290.33,42583.57,318.51
141906.48,290.33,42385.26,318.63
142224.64,290.29,42583.57,318.51
142065.48,290.31,42832.23,318.36
141588.80,290.38,42583.57,318.51
143501.81,290.10,42533.94,318.54
143022.00,290.17,42782.43,318.39
142543.23,290.24,42782.43,318.39
142543.23,290.24,42882.07,318.33
143022.00,290.17,42484.35,318.57
142224.64,290.29,42832.23,318.36
141906.48,290.33,42583.57,318.51
142702.70,290.21,43031.79,318.25
143982.66,290.02,42286.31,318.69
143501.81,290.10,42533.94,318.54
140007.17,290.62,42583.57,318.51
141271.56,290.43,42335.77,318.66
143822.27,290.05,42682.93,318.45
143661.97,290.07,42832.23,318.36
141271.56,290.43,42286.31,318.69
142224.64,290.29,42335.77,318.66
142383.88,290.26,42732.66,318.42
143822.27,290.05,42583.57,318.51
141113.09,290.45,42484.35,318.57
141906.48,290.33,42533.94,318.54
141906.48,290.33,42434.79,318.60
143501.81,290.10,42732.66,318.42
142065.48,290.31,42434.79,318.60
142862.31,290.19,42484.35,318.57
143501.81,290.10,42782.43,318.39
142383.88,290.26,42931.94,318.31
141747.58,290.36,42682.93,318.45
142224.64,290.29,43031.79,318.25
142862.31,290.19,42732.66,318.42
142862.31,290.19,42583.57,318.51
143341.77,290.12,43031.79,318.25
143501.81,290.10,42981.85,318.28
141747.58,290.36,42782.43,318.39
143022.00,290.17,42732.66,318.42
143022.00,290.17,42882.07,318.33
143661.97,290.07,42882.07,318.33
141430.11,290.41,42782.43,318.39
143181.83,290.14,42882.07,318.33
142862.31,290.19,42931.94,318.31
142224.64,290.29,43031.79,318.25
143822.27,290.05,42882.07,318.33
142543.23,290.24,42583.57,318.51
141588.80,290.38,42583.57,318.51
142543.23,290.24,42484.35,318.57
141906.48,290.33,42832.23,318.36
141271.56,290.43,42484.35,318.57
141906.48,290.33,42732.66,318.42
143341.77,290.12,42533.94,318.54
141906.48,290.33,42533.94,318.54
141747.58,290.36,42682.93,318.45
143022.00,290.17,42782.43,318.39
143181.83,290.14,42583.57,318.51
142224.64,290.29,42782.43,318.39
142862.31,290.19,42782.43,318.39
143022.00,290.17,42981.85,318.28
140638.47,290.53,42484.35,318.57
141747.58,290.36,42981.85,318.28
142862.31,290.19,43031.79,318.25
140007.17,290.62,43031.79,318.25
143181.83,290.14,42434.79,318.60
141906.48,290.33,42981.85,318.28
142224.64,290.29,42981.85,318.28
141430.11,290.41,42782.43,318.39
141430.11,290.41,42981.85,318.28
142224.64,290.29,42832.23,318.36
143022.00,290.17,43031.79,318.25
142383.88,290.26,42682.93,318.45
142224.64,290.29,42882.07,318.33
142543.23,290.24,42981.85,318.28
141271.56,290.43,43181.82,318.16
142065.48,290.31,43031.79,318.25
142543.23,290.24,43031.79,318.25
141906.48,290.33,42981.85,318.28
141588.80,290.38,42981.85,318.28
141588.80,290.38,42882.07,318.33
142543.23,290.24,43031.79,318.25
142543.23,290.24,43031.79,318.25
141588.80,290.38,42782.43,318.39
141747.58,290.36,43031.79,318.25
143661.97,290.07,43031.79,318.25
141588.80,290.38,42187.50,318.75
142383.88,290.26,42782.43,318.39
142702.70,290.21,42882.07,318.33
142065.48,290.31,43031.79,318.25
141588.80,290.38,42882.07,318.33
143022.00,290.17,43031.79,318.25
142543.23,290.24,42981.85,318.28
141430.11,290.41,42583.57,318.51
142543.23,290.24,43031.79,318.25
141747.58,290.36,42981.85,318.28
143181.83,290.14,42981.85,318.28
141588.80,290.38,42583.57,318.51
143341.77,290.12,42981.85,318.28
143022.00,290.17,42931.94,318.31
143501.81,290.10,42882.07,318.33
141906.48,290.33,43031.79,318.25
142383.88,290.26,42981.85,318.28
143341.77,290.12,43031.79,318.25
141906.48,290.33,42931.94,318.31
142383.88,290.26,42782.43,318.39
141747.58,290.36,42931.94,318.31
141747.58,290.36,43031.79,318.25
143022.00,290.17,43131.77,318.19
143022.00,290.17,42981.85,318.28
141588.80,290.38,42732.66,318.42
141430.11,290.41,42732.66,318.42
142543.23,290.24,42931.94,318.31
143501.81,290.10,42981.85,318.28
141588.80,290.38,43031.79,318.25
143501.81,290.10,42981.85,318.28
141430.11,290.41,42981.85,318.28
141430.11,290.41,42931.94,318.31
141271.56,290.43,42981.85,318.28
142543.23,290.24,43031.79,318.25
143822.27,290.05,43031.79,318.25
142543.23,290.24,43031.79,318.25
143982.66,290.02,43131.77,318.19
144947.48,289.88,43181.82,318.16
141588.80,290.38,43031.79,318.25
142065.48,290.31,42931.94,318.31
141747.58,290.36,43031.79,318.25
141747.58,290.36,43081.77,318.22
143341.77,290.12,42583.57,318.51
143982.66,290.02,43031.79,318.25
143501.81,290.10,42782.43,318.39
142224.64,290.29,42782.43,318.39
141588.80,290.38,43031.79,318.25
143822.27,290.05,43031.79,318.25
141430.11,290.41,42931.94,318.31
141113.09,290.45,42931.94,318.31
143501.81,290.10,42931.94,318.31
141588.80,290.38,43131.77,318.19
141430.11,290.41,43031.79,318.25
143822.27,290.05,42583.57,318.51
141588.80,290.38,43031.79,318.25
142862.31,290.19,43081.77,318.22
142383.88,290.26,42633.23,318.48
142543.23,290.24,42882.07,318.33
143022.00,290.17,42583.57,318.51
141113.09,290.45,42981.85,318.28
142224.64,290.29,42782.43,318.39
143661.97,290.07,43031.79,318.25
143982.66,290.02,42732.66,318.42
141271.56,290.43,43031.79,318.25
143022.00,290.17,43031.79,318.25
142543.23,290.24,43131.77,318.19
142065.48,290.31,43031.79,318.25
143822.27,290.05,43181.82,318.16
142224.64,290.29,42981.85,318.28
139377.69,290.72,43031.79,318.25
141430.11,290.41,43031.79,318.25
141747.58,290.36,43031.79,318.25
144786.39,289.91,43081.77,318.22
142862.31,290.19,43031.79,318.25
141747.58,290.36,43282.02,318.10
141588.80,290.38,43031.79,318.25
143501.81,290.10,43131.77,318.19
143982.66,290.02,43282.02,318.10
143022.00,290.17,43031.79,318.25
142543.23,290.24,43231.90,318.13
141588.80,290.38,43031.79,318.25
142383.88,290.26,43031.79,318.25
143022.00,290.17,43282.02,318.10
142224.64,290.29,43131.77,318.19
143501.81,290.10,43031.79,318.25
142383.88,290.26,43181.82,318.16
141747.58,290.36,42832.23,318.36
143661.97,290.07,43131.77,318.19
141271.56,290.43,43181.82,318.16
142543.23,290.24,43332.17,318.07
143822.27,290.05,43131.77,318.19
142862.31,290.19,43031.79,318.25
141906.48,290.33,43181.82,318.16
142862.31,290.19,43282.02,318.10
141906.48,290.33,43031.79,318.25
141747.58,290.36,43181.82,318.16
143022.00,290.17,43081.77,318.22
141588.80,290.38,42981.85,318.28
141430.11,290.41,43131.77,318.19
143501.81,290.10,42088.83,318.81
142065.48,290.31,43081.77,318.22
142224.64,290.29,43181.82,318.16
143181.83,290.14,43131.77,318.19
143181.83,290.14,43282.02,318.10
142543.23,290.24,43081.77,318.22
142383.88,290.26,43031.79,318.25
142543.23,290.24,43081.77,318.22
143022.00,290.17,43081.77,318.22
142383.88,290.26,43131.77,318.19
141906.48,290.33,42782.43,318.39
143022.00,290.17,43031.79,318.25
143341.77,290.12,43081.77,318.22
142543.23,290.24,43031.79,318.25
141588.80,290.38,42882.07,318.33
143501.81,290.10,43081.77,318.22
143022.00,290.17,43081.77,318.22
141113.09,290.45,43131.77,318.19
141588.80,290.38,43081.77,318.22
143181.83,290.14,43031.79,318.25
143181.83,290.14,43282.02,318.10
143181.83,290.14,43131.77,318.19
142065.48,290.31,43031.79,318.25
143181.83,290.14,42981.85,318.28
143661.97,290.07,43031.79,318.25
142543.23,290.24,43031.79,318.25
142543.23,290.24,42931.94,318.31
143982.66,290.02,43231.90,318.13
142543.23,290.24,43031.79,318.25
142862.31,290.19,42981.85,318.28
142543.23,290.24,43181.82,318.16
144464.56,289.95,42981.85,318.28
142383.88,290.26,43081.77,318.22
143022.00,290.17,43031.79,318.25
141747.58,290.36,43181.82,318.16
142543.23,290.24,43031.79,318.25
143501.81,290.10,43031.79,318.25
141588.80,290.38,42981.85,318.28
142862.31,290.19,43081.77,318.22
143501.81,290.10,43031.79,318.25
141271.56,290.43,43031.79,318.25
142862.31,290.19,43131.77,318.19
142862.31,290.19,43031.79,318.25
141906.48,290.33,43031.79,318.25
143181.83,290.14,43031.79,318.25
141906.48,290.33,42981.85,318.28
142065.48,290.31,43031.79,318.25
143822.27,290.05,43031.79,318.25
142543.23,290.24,43031.79,318.25
142224.64,290.29,43031.79,318.25
143501.81,290.10,43031.79,318.25
141588.80,290.38,43031.79,318.25
143022.00,290.17,42385.26,318.63
143181.83,290.14,43181.82,318.16
142224.64,290.29,43031.79,318.25
141588.80,290.38,43031.79,318.25
142543.23,290.24,43181.82,318.16
143822.27,290.05,43282.02,318.10
141906.48,290.33,43131.77,318.19
142224.64,290.29,43282.02,318.10
143661.97,290.07,43382.36,318.04
142383.88,290.26,43231.90,318.13
141906.48,290.33,43181.82,318.16
143022.00,290.17,43181.82,318.16
142543.23,290.24,43282.02,318.10
143501.81,290.10,43282.02,318.10
141747.58,290.36,43684.21,317.86
141906.48,290.33,43482.83,317.98
143181.83,290.14,43332.17,318.07
143341.77,290.12,43282.02,318.10
143341.77,290.12,43231.90,318.13
142862.31,290.19,43332.17,318.07
141747.58,290.36,43081.77,318.22
142543.23,290.24,43282.02,318.10
143661.97,290.07,43231.90,318.13
142383.88,290.26,43936.73,317.71
141430.11,290.41,43131.77,318.19
143022.00,290.17,43031.79,318.25
142862.31,290.19,43131.77,318.19
143181.83,290.14,43131.77,318.19
142702.70,290.21,43482.83,317.98
143501.81,290.10,43332.17,318.07
143982.66,290.02,43382.36,318.04
142862.31,290.19,43332.17,318.07
143661.97,290.07,43031.79,318.25
142224.64,290.29,43181.82,318.16
143341.77,290.12,43031.79,318.25
143181.83,290.14,43231.90,318.13
143181.83,290.14,43181.82,318.16
141747.58,290.36,43131.77,318.19
143661.97,290.07,43282.02,318.10
142065.48,290.31,43131.77,318.19
143501.81,290.10,43482.83,317.98
141588.80,290.38,42732.66,318.42
143181.83,290.14,43785.11,317.80
143982.66,290.02,43533.12,317.95
142224.64,290.29,43332.17,318.07
142543.23,290.24,43533.12,317.95
143341.77,290.12,43332.17,318.07
142383.88,290.26,43382.36,318.04
143181.83,290.14,43633.82,317.89
143982.66,290.02,43382.36,318.04
143022.00,290.17,43332.17,318.07
142065.48,290.31,43282.02,318.10
143982.66,290.02,43231.90,318.13
142383.88,290.26,43332.17,318.07
142383.88,290.26,43181.82,318.16
142224.64,290.29,43282.02,318.10
143982.66,290.02,43533.12,317.95
143661.97,290.07,43282.02,318.10
142224.64,290.29,43282.02,318.10
143982.66,290.02,43332.17,318.07
142383.88,290.26,43382.36,318.04
142224.64,290.29,43031.79,318.25
140638.47,290.53,43181.82,318.16
141113.09,290.45,43282.02,318.10
143501.81,290.10,43332.17,318.07
142543.23,290.24,43382.36,318.04
142383.88,290.26,43131.77,318.19
142543.23,290.24,43533.12,317.95
143661.97,290.07,43785.11,317.80
143022.00,290.17,43332.17,318.07
142383.88,290.26,43382.36,318.04
143501.81,290.10,43382.36,318.04
142065.48,290.31,43332.17,318.07
143022.00,290.17,43382.36,318.04
143181.83,290.14,43583.45,317.92
142543.23,290.24,43181.82,318.16
143341.77,290.12,43382.36,318.04
142383.88,290.26,43282.02,318.10
142862.31,290.19,43031.79,318.25
141747.58,290.36,43382.36,318.04
143181.83,290.14,43382.36,318.04
143022.00,290.17,43382.36,318.04
142862.31,290.19,43533.12,317.95
141906.48,290.33,43031.79,318.25
141906.48,290.33,43382.36,318.04
142224.64,290.29,43583.45,317.92
142543.23,290.24,43382.36,318.04
142543.23,290.24,43382.36,318.04
141747.58,290.36,43332.17,318.07
143661.97,290.07,43583.45,317.92
143501.81,290.10,43734.65,317.83
143822.27,290.05,43382.36,318.04
142383.88,290.26,43332.17,318.07
141906.48,290.33,43081.77,318.22
141906.48,290.33,43131.77,318.19
142543.23,290.24,43181.82,318.16
142383.88,290.26,43533.12,317.95
141588.80,290.38,43533.12,317.95
142862.31,290.19,43382.36,318.04
142543.23,290.24,43583.45,317.92
143661.97,290.07,43583.45,317.92
142702.70,290.21,43332.17,318.07
142224.64,290.29,43181.82,318.16
142543.23,290.24,43282.02,318.10
143822.27,290.05,43382.36,318.04
141747.58,290.36,43785.11,317.80
141906.48,290.33,43382.36,318.04
142383.88,290.26,43583.45,317.92
142543.23,290.24,43734.65,317.83
142862.31,290.19,43181.82,318.16
143982.66,290.02,43785.11,317.80
143501.81,290.10,43482.83,317.98
143341.77,290.12,43583.45,317.92
141747.58,290.36,43583.45,317.92
141430.11,290.41,43734.65,317.83
140954.78,290.48,43282.02,318.10
142543.23,290.24,43583.45,317.92
142224.64,290.29,43282.02,318.10
142383.88,290.26,43482.83,317.98
142543.23,290.24,43382.36,318.04
142224.64,290.29,43131.77,318.19
142383.88,290.26,43382.36,318.04
142224.64,290.29,42981.85,318.28
143022.00,290.17,43633.82,317.89
143181.83,290.14,43131.77,318.19
142383.88,290.26,43131.77,318.19
142543.23,290.24,43131.77,318.19
141906.48,290.33,43382.36,318.04
142383.88,290.26,43131.77,318.19
143022.00,290.17,43081.77,318.22
142224.64,290.29,42981.85,318.28
143822.27,290.05,43282.02,318.10
142543.23,290.24,42981.85,318.28
141430.11,290.41,43081.77,318.22
142224.64,290.29,43231.90,318.13
144947.48,289.88,43181.82,318.16
142383.88,290.26,43081.77,318.22
142065.48,290.31,43081.77,318.22
142224.64,290.29,43031.79,318.25
143982.66,290.02,43332.17,318.07
143822.27,290.05,43081.77,318.22
141906.48,290.33,43131.77,318.19
143341.77,290.12,43231.90,318.13
143982.66,290.02,43181.82,318.16
142383.88,290.26,43181.82,318.16
143022.00,290.17,42682.93,318.45
142383.88,290.26,42533.94,318.54
142543.23,290.24,43181.82,318.16
143501.81,290.10,43382.36,318.04
141906.48,290.33,43382.36,318.04
143022.00,290.17,43181.82,318.16
143181.83,290.14,43181.82,318.16
142543.23,290.24,43081.77,318.22
143982.66,290.02,43332.17,318.07
143661.97,290.07,43332.17,318.07
143181.83,290.14,43131.77,318.19
143501.81,290.10,43382.36,318.04
143341.77,290.12,43131.77,318.19
143501.81,290.10,43181.82,318.16
142383.88,290.26,43131.77,318.19
143982.66,290.02,43332.17,318.07
143501.81,290.10,43282.02,318.10
143022.00,290.17,43081.77,318.22
141906.48,290.33,43332.17,318.07
143982.66,290.02,43533.12,317.95
143022.00,290.17,43081.77,318.22
141747.58,290.36,43081.77,318.22
141906.48,290.33,42931.94,318.31
142702.70,290.21,43031.79,318.25
143022.00,290.17,43382.36,318.04
143661.97,290.07,43181.82,318.16
1