=~=~=~=~=~=~=~=~=~=~=~= PuTTY log 2021.12.09 16:50:46 =~=~=~=~=~=~=~=~=~=~=~=
196966.03,283.50,98497.33,298.34
197771.48,283.42,98497.33,298.34
196363.63,283.56,98209.09,298.41
195362.92,283.67,98689.95,298.30
195962.84,283.61,98017.41,298.45
196966.03,283.50,98882.95,298.25
196966.03,283.50,97539.80,298.56
196966.03,283.50,97730.57,298.52
198175.20,283.38,98497.33,298.34
196966.03,283.50,98113.20,298.43
196564.28,283.54,98017.41,298.45
198175.20,283.38,98593.60,298.32
196163.19,283.58,98497.33,298.34
195762.72,283.63,98497.33,298.34
195562.72,283.65,98497.33,298.34
194366.19,283.77,98401.16,298.36
195962.84,283.61,98593.60,298.32
195962.84,283.61,98401.16,298.36
197569.86,283.44,97444.55,298.58
195762.72,283.63,96969.70,298.69
197569.86,283.44,97826.08,298.49
197771.48,283.42,98497.33,298.34
196765.06,283.52,98497.33,298.34
195562.72,283.65,98401.16,298.36
195562.72,283.65,98497.33,298.34
196564.28,283.54,98497.33,298.34
198781.97,283.32,98497.33,298.34
195962.84,283.61,98497.33,298.34
196765.06,283.52,98401.16,298.36
196966.03,283.50,99561.41,298.10
198377.28,283.36,98305.08,298.38
198175.20,283.38,98497.33,298.34
198175.20,283.38,99464.20,298.12
197771.48,283.42,97444.55,298.58
196163.19,283.58,98497.33,298.34
196765.06,283.52,98497.33,298.34
195562.72,283.65,98401.16,298.36
196966.03,283.50,98497.33,298.34
195762.72,283.63,98305.08,298.38
195762.72,283.63,97826.08,298.49
196966.03,283.50,98401.16,298.36
195962.84,283.61,97826.08,298.49
195762.72,283.63,98209.09,298.41
197368.44,283.46,98401.16,298.36
196966.03,283.50,98017.41,298.45
195362.92,283.67,98401.16,298.36
195362.92,283.67,98305.08,298.38
195562.72,283.65,98497.33,298.34
195562.72,283.65,97826.08,298.49
195562.72,283.65,98401.16,298.36
196163.19,283.58,98017.41,298.45
195962.84,283.61,98497.33,298.34
197368.44,283.46,97539.80,298.56
195562.72,283.65,98209.09,298.41
196966.03,283.50,98113.20,298.43
197771.48,283.42,97444.55,298.58
199390.25,283.25,98497.33,298.34
200611.27,283.13,98305.08,298.38
196966.03,283.50,98209.09,298.41
195962.84,283.61,97921.71,298.47
196564.28,283.54,98401.16,298.36
197368.44,283.46,98017.41,298.45
194764.39,283.73,97539.80,298.56
195962.84,283.61,97539.80,298.56
196564.28,283.54,98017.41,298.45
195562.72,283.65,98305.08,298.38
197368.44,283.46,98786.41,298.27
196564.28,283.54,98305.08,298.38
198377.28,283.36,98305.08,298.38
197973.23,283.40,98497.33,298.34
195562.72,283.65,97539.80,298.56
195962.84,283.61,98209.09,298.41
196966.03,283.50,97539.80,298.56
198781.97,283.32,98593.60,298.32
198984.58,283.29,98497.33,298.34
197771.48,283.42,98497.33,298.34
197368.44,283.46,98786.41,298.27
198175.20,283.38,98305.08,298.38
198984.58,283.29,98497.33,298.34
197569.86,283.44,98209.09,298.41
198175.20,283.38,97635.14,298.54
197368.44,283.46,98497.33,298.34
196564.28,283.54,98497.33,298.34
198175.20,283.38,97635.14,298.54
195762.72,283.63,98017.41,298.45
195762.72,283.63,98305.08,298.38
197569.86,283.44,98497.33,298.34
196765.06,283.52,98497.33,298.34
195562.72,283.65,98593.60,298.32
197368.44,283.46,98401.16,298.36
196564.28,283.54,98305.08,298.38
198781.97,283.32,98497.33,298.34
197569.86,283.44,98979.59,298.23
197368.44,283.46,97826.08,298.49
197771.48,283.42,98497.33,298.34
195962.84,283.61,98113.20,298.43
195762.72,283.63,98593.60,298.32
195163.23,283.69,97921.71,298.47
195762.72,283.63,98497.33,298.34
196564.28,283.54,97254.33,298.63
197569.86,283.44,98113.20,298.43
195562.72,283.65,97921.71,298.47
195562.72,283.65,98305.08,298.38
196765.06,283.52,98497.33,298.34
194764.39,283.73,98305.08,298.38
196163.19,283.58,98113.20,298.43
195562.72,283.65,98113.20,298.43
195562.72,283.65,97826.08,298.49
197771.48,283.42,98497.33,298.34
195762.72,283.63,98497.33,298.34
196564.28,283.54,98979.59,298.23
196765.06,283.52,98497.33,298.34
197771.48,283.42,98497.33,298.34
195562.72,283.65,98017.41,298.45
197368.44,283.46,98497.33,298.34
196765.06,283.52,98497.33,298.34
196966.03,283.50,98113.20,298.43
196765.06,283.52,98497.33,298.34
198377.28,283.36,98593.60,298.32
197569.86,283.44,98689.95,298.30
198984.58,283.29,99076.32,298.21
196765.06,283.52,98017.41,298.45
196966.03,283.50,98497.33,298.34
197368.44,283.46,98593.60,298.32
197771.48,283.42,98305.08,298.38
197771.48,283.42,98497.33,298.34
198175.20,283.38,98305.08,298.38
198175.20,283.38,98113.20,298.43
196163.19,283.58,98305.08,298.38
196163.19,283.58,98209.09,298.41
197973.23,283.40,98497.33,298.34
196765.06,283.52,98593.60,298.32
195362.92,283.67,96685.88,298.76
195562.72,283.65,97921.71,298.47
196765.06,283.52,98497.33,298.34
195562.72,283.65,98401.16,298.36
196765.06,283.52,97921.71,298.47
195962.84,283.61,97730.57,298.52
196163.19,283.58,98305.08,298.38
197771.48,283.42,98497.33,298.34
197973.23,283.40,98497.33,298.34
196163.19,283.58,98497.33,298.34
196163.19,283.58,97539.80,298.56
197368.44,283.46,98497.33,298.34
196966.03,283.50,98305.08,298.38
196163.19,283.58,98497.33,298.34
196564.28,283.54,97539.80,298.56
195762.72,283.63,98209.09,298.41
195562.72,283.65,98497.33,298.34
194963.75,283.71,98113.20,298.43
195163.23,283.69,97444.55,298.58
195962.84,283.61,98497.33,298.34
195163.23,283.69,97539.80,298.56
194366.19,283.77,97921.71,298.47
195562.72,283.65,98017.41,298.45
195562.72,283.65,98017.41,298.45
196163.19,283.58,98305.08,298.38
196765.06,283.52,98497.33,298.34
196966.03,283.50,98209.09,298.41
196564.28,283.54,98305.08,298.38
196163.19,283.58,98593.60,298.32
195762.72,283.63,98497.33,298.34
195562.72,283.65,98305.08,298.38
195762.72,283.63,98017.41,298.45
195962.84,283.61,98209.09,298.41
195562.72,283.65,98689.95,298.30
195962.84,283.61,98017.41,298.45
196564.28,283.54,98497.33,298.34
196363.63,283.56,98497.33,298.34
196765.06,283.52,98305.08,298.38
195362.92,283.67,98209.09,298.41
195562.72,283.65,98497.33,298.34
195762.72,283.63,98593.60,298.32
195962.84,283.61,98017.41,298.45
195562.72,283.65,97826.08,298.49
195962.84,283.61,98209.09,298.41
195562.72,283.65,97444.55,298.58
195762.72,283.63,98689.95,298.30
196163.19,283.58,98209.09,298.41
196363.63,283.56,98017.41,298.45
195562.72,283.65,97635.14,298.54
195562.72,283.65,98305.08,298.38
196966.03,283.50,98305.08,298.38
196163.19,283.58,97826.08,298.49
196564.28,283.54,98401.16,298.36
195562.72,283.65,98209.09,298.41
196564.28,283.54,98497.33,298.34
195562.72,283.65,98497.33,298.34
195163.23,283.69,97444.55,298.58
196163.19,283.58,97921.71,298.47
196966.03,283.50,98497.33,298.34
195562.72,283.65,98113.20,298.43
195762.72,283.63,98497.33,298.34
195762.72,283.63,97921.71,298.47
194963.75,283.71,97539.80,298.56
195762.72,283.63,97921.71,298.47
197771.48,283.42,97254.33,298.63
196564.28,283.54,98786.41,298.27
196966.03,283.50,98786.41,298.27
196966.03,283.50,98593.60,298.32
196966.03,283.50,98497.33,298.34
195562.72,283.65,98017.41,298.45
195163.23,283.69,98017.41,298.45
195562.72,283.65,98209.09,298.41
196765.06,283.52,98497.33,298.34
197368.44,283.46,98497.33,298.34
196163.19,283.58,99464.20,298.12
197771.48,283.42,98497.33,298.34
197771.48,283.42,97444.55,298.58
195962.84,283.61,98497.33,298.34
195562.72,283.65,97921.71,298.47
195562.72,283.65,98209.09,298.41
196564.28,283.54,98497.33,298.34
196765.06,283.52,98017.41,298.45
197368.44,283.46,98401.16,298.36
194565.23,283.75,97444.55,298.58
195362.92,283.67,97064.48,298.67
198175.20,283.38,98305.08,298.38
195362.92,283.67,98113.20,298.43
195562.72,283.65,98497.33,298.34
195362.92,283.67,97539.80,298.56
195562.72,283.65,98497.33,298.34
195762.72,283.63,98497.33,298.34
194963.75,283.71,99076.32,298.21
195962.84,283.61,97921.71,298.47
197569.86,283.44,98786.41,298.27
196765.06,283.52,98305.08,298.38
194963.75,283.71,98497.33,298.34
196163.19,283.58,99173.14,298.19
195562.72,283.65,97635.14,298.54
195962.84,283.61,98209.09,298.41
196163.19,283.58,98497.33,298.34
195562.72,283.65,98497.33,298.34
194963.75,283.71,98497.33,298.34
195562.72,283.65,98017.41,298.45
195962.84,283.61,98209.09,298.41
195562.72,283.65,98017.41,298.45
194366.19,283.77,97254.33,298.63
196564.28,283.54,97444.55,298.58
195362.92,283.67,98497.33,298.34
195562.72,283.65,98209.09,298.41
195362.92,283.67,98017.41,298.45
196564.28,283.54,98113.20,298.43
196765.06,283.52,98497.33,298.34
195562.72,283.65,98305.08,298.38
195163.23,283.69,98497.33,298.34
196966.03,283.50,98401.16,298.36
194366.19,283.77,98017.41,298.45
194565.23,283.75,98209.09,298.41
196363.63,283.56,97921.71,298.47
196765.06,283.52,98497.33,298.34
196966.03,283.50,99173.14,298.19
195762.72,283.63,98305.08,298.38
195762.72,283.63,97349.41,298.61
195562.72,283.65,96969.70,298.69
195562.72,283.65,98305.08,298.38
195562.72,283.65,97635.14,298.54
193571.72,283.86,98209.09,298.41
194366.19,283.77,98497.33,298.34
195562.72,283.65,98113.20,298.43
196163.19,283.58,98497.33,298.34
196363.63,283.56,98497.33,298.34
195562.72,283.65,98305.08,298.38
196163.19,283.58,98305.08,298.38
195562.72,283.65,98401.16,298.36
196564.28,283.54,98113.20,298.43
196163.19,283.58,98017.41,298.45
196163.19,283.58,98497.33,298.34
195962.84,283.61,98209.09,298.41
193571.72,283.86,98209.09,298.41
194963.75,283.71,96969.70,298.69
194565.23,283.75,98113.20,298.43
193770.11,283.83,98017.41,298.45
194366.19,283.77,98209.09,298.41
195562.72,283.65,98401.16,298.36
195762.72,283.63,98497.33,298.34
196966.03,283.50,98209.09,298.41
195962.84,283.61,98017.41,298.45
195562.72,283.65,97826.08,298.49
194764.39,283.73,98017.41,298.45
195562.72,283.65,98305.08,298.38
195362.92,283.67,98209.09,298.41
191400.02,284.09,97539.80,298.56
194565.23,283.75,97635.14,298.54
195163.23,283.69,97539.80,298.56
194167.36,283.79,98017.41,298.45
195163.23,283.69,98113.20,298.43
195762.72,283.63,98209.09,298.41
194565.23,283.75,97921.71,298.47
194565.23,283.75,97826.08,298.49
194366.19,283.77,97159.38,298.65
194963.75,283.71,98497.33,298.34
192582.22,283.96,98113.20,298.43
195362.92,283.67,98017.41,298.45
196765.06,283.52,98497.33,298.34
194565.23,283.75,98305.08,298.38
194764.39,283.73,98305.08,298.38
195962.84,283.61,97826.08,298.49
195562.72,283.65,98497.33,298.34
195562.72,283.65,98401.16,298.36
196163.19,283.58,97826.08,298.49
194963.75,283.71,98305.08,298.38
195762.72,283.63,98497.33,298.34
194963.75,283.71,99658.70,298.08
195562.72,283.65,98209.09,298.41
194167.36,283.79,97826.08,298.49
195762.72,283.63,98305.08,298.38
195562.72,283.65,97826.08,298.49
195762.72,283.63,98497.33,298.34
195562.72,283.65,98593.60,298.32
196163.19,283.58,98497.33,298.34
195362.92,283.67,98209.09,298.41
195562.72,283.65,98401.16,298.36
195562.72,283.65,97826.08,298.49
195562.72,283.65,98497.33,298.34
196564.28,283.54,98497.33,298.34
195562.72,283.65,98017.41,298.45
195362.92,283.67,98113.20,298.43
194565.23,283.75,98209.09,298.41
195562.72,283.65,98305.08,298.38
195562.72,283.65,98401.16,298.36
195762.72,283.63,97635.14,298.54
195562.72,283.65,98497.33,298.34
197569.86,283.44,97921.71,298.47
196966.03,283.50,98497.33,298.34
195362.92,283.67,98017.41,298.45
195962.84,283.61,98497.33,298.34
194366.19,283.77,98017.41,298.45
195762.72,283.63,98497.33,298.34
195562.72,283.65,98305.08,298.38
195962.84,283.61,97826.08,298.49
196765.06,283.52,98497.33,298.34
196564.28,283.54,98497.33,298.34
195163.23,283.69,98497.33,298.34
195562.72,283.65,99173.14,298.19
195562.72,283.65,97921.71,298.47
196163.19,283.58,98017.41,298.45
194565.23,283.75,98497.33,298.34
195562.72,283.65,98017.41,298.45
194565.23,283.75,97254.33,298.63
193175.42,283.90,97064.48,298.67
195163.23,283.69,97349.41,298.61
195562.72,283.65,98497.33,298.34
195962.84,283.61,98401.16,298.36
195163.23,283.69,97349.41,298.61
198175.20,283.38,98209.09,298.41
194167.36,283.79,97539.80,298.56
195562.72,283.65,98305.08,298.38
193373.52,283.88,98017.41,298.45
190419.16,284.19,97159.38,298.65
194565.23,283.75,97635.14,298.54
195962.84,283.61,98497.33,298.34
195562.72,283.65,98593.60,298.32
194565.23,283.75,97826.08,298.49
194963.75,283.71,97539.80,298.56
194366.19,283.77,96497.12,298.80
192582.22,283.96,97349.41,298.61
193571.72,283.86,97826.08,298.49
195962.84,283.61,98497.33,298.34
195562.72,283.65,97826.08,298.49
194167.36,283.79,97921.71,298.47
192384.77,283.98,98017.41,298.45
194366.19,283.77,97254.33,298.63
193770.11,283.83,97921.71,298.47
193571.72,283.86,97921.71,298.47
192779.78,283.94,97635.14,298.54
193770.11,283.83,98305.08,298.38
195562.72,283.65,98401.16,298.36
196564.28,283.54,97064.48,298.67
195163.23,283.69,97730.57,298.52
194565.23,283.75,97826.08,298.49
192977.55,283.92,97921.71,298.47
194366.19,283.77,97159.38,298.65
193571.72,283.86,97635.14,298.54
193571.72,283.86,96969.70,298.69
194167.36,283.79,97539.80,298.56
194366.19,283.77,97539.80,298.56
194565.23,283.75,98401.16,298.36
193770.11,283.83,98305.08,298.38
195163.23,283.69,98497.33,298.34
194366.19,283.77,98497.33,298.34
194366.19,283.77,97444.55,298.58
193770.11,283.83,98209.09,298.41
194764.39,283.73,98401.16,298.36
193175.42,283.90,97539.80,298.56
194366.19,283.77,98113.20,298.43
195762.72,283.63,98497.33,298.34
196163.19,283.58,99173.14,298.19
195562.72,283.65,98786.41,298.27
192977.55,283.92,97635.14,298.54
193175.42,283.90,97539.80,298.56
195362.92,283.67,98401.16,298.36
195163.23,283.69,98017.41,298.45
193968.64,283.81,97826.08,298.49
195362.92,283.67,98593.60,298.32
194167.36,283.79,97444.55,298.58
193770.11,283.83,97539.80,298.56
196163.19,283.58,98305.08,298.38
198175.20,283.38,98401.16,298.36
193770.11,283.83,98305.08,298.38
193770.11,283.83,98305.08,298.38
194565.23,283.75,97254.33,298.63
193571.72,283.86,97826.08,298.49
193571.72,283.86,98305.08,298.38
193571.72,283.86,97159.38,298.65
192779.78,283.94,97826.08,298.49
195362.92,283.67,98305.08,298.38
194366.19,283.77,98305.08,298.38
193175.42,283.90,98979.59,298.23
194366.19,283.77,97635.14,298.54
193571.72,283.86,98401.16,298.36
194565.23,283.75,98305.08,298.38
195762.72,283.63,98497.33,298.34
194167.36,283.79,98497.33,298.34
195562.72,283.65,98305.08,298.38
193571.72,283.86,98593.60,298.32
197167.13,283.48,98017.41,298.45
195362.92,283.67,98305.08,298.38
194366.19,283.77,97826.08,298.49
195163.23,283.69,97064.48,298.67
195562.72,283.65,98305.08,298.38
194565.23,283.75,97921.71,298.47
192582.22,283.96,98017.41,298.45
194764.39,283.73,98401.16,298.36
193770.11,283.83,98497.33,298.34
193571.72,283.86,98017.41,298.45
193571.72,283.86,97635.14,298.54
193373.52,283.88,98017.41,298.45
192384.77,283.98,97444.55,298.58
192582.22,283.96,98401.16,298.36
194565.23,283.75,97921.71,298.47
194366.19,283.77,97826.08,298.49
194167.36,283.79,98017.41,298.45
194167.36,283.79,98113.20,298.43
194366.19,283.77,98209.09,298.41
193373.52,283.88,98305.08,298.38
193175.42,283.90,97921.71,298.47
192384.77,283.98,98497.33,298.34
194167.36,283.79,98113.20,298.43
192187.52,284.00,98305.08,298.38
194565.23,283.75,96969.70,298.69
193770.11,283.83,97921.71,298.47
194565.23,283.75,97064.48,298.67
194963.75,283.71,97635.14,298.54
195362.92,283.67,98497.33,298.34
195562.72,283.65,98497.33,298.34
194963.75,283.71,98497.33,298.34
194366.19,283.77,98209.09,298.41
195163.23,283.69,98401.16,298.36
194565.23,283.75,98209.09,298.41
193770.11,283.83,98209.09,298.41
195562.72,283.65,98882.95,298.25
194366.19,283.77,97921.71,298.47
192384.77,283.98,97921.71,298.47
193571.72,283.86,97635.14,298.54
194963.75,283.71,98497.33,298.34
195362.92,283.67,98497.33,298.34
195762.72,283.63,98497.33,298.34
195562.72,283.65,98113.20,298.43
193373.52,283.88,98113.20,298.43
192384.77,283.98,98497.33,298.34
194366.19,283.77,96969.70,298.69
193373.52,283.88,98017.41,298.45
194366.19,283.77,97539.80,298.56
194366.19,283.77,97730.57,298.52
194167.36,283.79,97444.55,298.58
193770.11,283.83,98497.33,298.34
193770.11,283.83,98113.20,298.43
195562.72,283.65,98305.08,298.38
192384.77,283.98,97826.08,298.49
192977.55,283.92,97826.08,298.49
192779.78,283.94,98113.20,298.43
192384.77,283.98,97635.14,298.54
194167.36,283.79,98017.41,298.45
192384.77,283.98,98209.09,298.41
194366.19,283.77,98209.09,298.41
195562.72,283.65,98401.16,298.36
195562.72,283.65,97921.71,298.47
194565.23,283.75,98305.08,298.38
193571.72,283.86,98113.20,298.43
193571.72,283.86,97635.14,298.54
192384.77,283.98,98113.20,298.43
192977.55,283.92,98401.16,298.36
193373.52,283.88,97349.41,298.61
192384.77,283.98,97064.48,298.67
195163.23,283.69,98209.09,298.41
193373.52,283.88,97921.71,298.47
192977.55,283.92,97349.41,298.61
192384.77,283.98,97539.80,298.56
194167.36,283.79,98017.41,298.45
193373.52,283.88,97635.14,298.54
194565.23,283.75,97349.41,298.61
193373.52,283.88,98113.20,298.43
192384.77,283.98,97064.48,298.67
193571.72,283.86,97730.57,298.52
192384.77,283.98,97826.08,298.49
192779.78,283.94,97254.33,298.63
193373.52,283.88,97635.14,298.54
194366.19,283.77,97921.71,298.47
192977.55,283.92,98017.41,298.45
194963.75,283.71,97921.71,298.47
194963.75,283.71,98017.41,298.45
194565.23,283.75,98017.41,298.45
195562.72,283.65,97254.33,298.63
194366.19,283.77,98209.09,298.41
195962.84,283.61,98497.33,298.34
194565.23,283.75,98209.09,298.41
195163.23,283.69,98689.95,298.30
195762.72,283.63,97921.71,298.47
194366.19,283.77,99076.32,298.21
195163.23,283.69,98401.16,298.36
194565.23,283.75,98497.33,298.34
195562.72,283.65,97539.80,298.56
194565.23,283.75,97635.14,298.54
193770.11,283.83,98401.16,298.36
194565.23,283.75,98017.41,298.45
193770.11,283.83,98497.33,298.34
194963.75,283.71,98497.33,298.34
192779.78,283.94,98593.60,298.32
193770.11,283.83,98497.33,298.34
193373.52,283.88,98497.33,298.34
194963.75,283.71,97539.80,298.56
195362.92,283.67,98497.33,298.34
193571.72,283.86,97635.14,298.54
193571.72,283.86,98209.09,298.41
193175.42,283.90,98401.16,298.36
194565.23,283.75,97730.57,298.52
194366.19,283.77,98209.09,298.41
194764.39,283.73,96875.00,298.72
194167.36,283.79,98497.33,298.34
194963.75,283.71,98401.16,298.36
191990.39,284.02,98209.09,298.41
193571.72,283.86,98497.33,298.34
193571.72,283.86,98401.16,298.36
192187.52,284.00,98209.09,298.41
191990.39,284.02,98113.20,298.43
194366.19,283.77,97921.71,298.47
194167.36,283.79,98497.33,298.34
194764.39,283.73,98497.33,298.34
193571.72,283.86,98401.16,298.36
193373.52,283.88,98209.09,298.41
193968.64,283.81,98497.33,298.34
195362.92,283.67,98497.33,298.34
194167.36,283.79,97826.08,298.49
191990.39,284.02,97159.38,298.65
192384.77,283.98,98017.41,298.45
194167.36,283.79,97539.80,298.56
191990.39,284.02,97921.71,298.47
192779.78,283.94,97635.14,298.54
192977.55,283.92,98017.41,298.45
193571.72,283.86,97826.08,298.49
194167.36,283.79,98401.16,298.36
193373.52,283.88,98305.08,298.38
192977.55,283.92,98401.16,298.36
193770.11,283.83,98305.08,298.38
192582.22,283.96,98113.20,298.43
192384.77,283.98,97921.71,298.47
193571.72,283.86,98209.09,298.41
192977.55,283.92,98497.33,298.34
194963.75,283.71,98401.16,298.36
191793.44,284.04,98401.16,298.36
193770.11,283.83,98497.33,298.34
199187.31,283.27,98497.33,298.34
195362.92,283.67,98593.60,298.32
194963.75,283.71,97635.14,298.54
193571.72,283.86,97921.71,298.47
195562.72,283.65,98593.60,298.32
194565.23,283.75,98593.60,298.32
191793.44,284.04,97826.08,298.49
192977.55,283.92,96969.70,298.69
194565.23,283.75,98497.33,298.34
192187.52,284.00,98209.09,298.41
193175.42,283.90,100735.31,297.84
196966.03,283.50,98113.20,298.43
193373.52,283.88,98113.20,298.43
192384.77,283.98,97349.41,298.61
193175.42,283.90,98017.41,298.45
195362.92,283.67,98401.16,298.36
192779.78,283.94,98017.41,298.45
195163.23,283.69,98305.08,298.38
195362.92,283.67,98497.33,298.34
194963.75,283.71,98305.08,298.38
195163.23,283.69,98497.33,298.34
194963.75,283.71,98497.33,298.34
193770.11,283.83,98017.41,298.45
194565.23,283.75,98497.33,298.34
194565.23,283.75,98305.08,298.38
193770.11,283.83,98305.08,298.38
195562.72,283.65,98497.33,298.34
194167.36,283.79,98305.08,298.38
194565.23,283.75,98113.20,298.43
193373.52,283.88,98209.09,298.41
192582.22,283.96,97635.14,298.54
194764.39,283.73,98113.20,298.43
194565.23,283.75,98401.16,298.36
193373.52,283.88,97539.80,298.56
194963.75,283.71,98305.08,298.38
193770.11,283.83,98113.20,298.43
193770.11,283.83,98497.33,298.34
194565.23,283.75,98113.20,298.43
193373.52,283.88,98305.08,298.38
195562.72,283.65,98497.33,298.34
195562.72,283.65,98497.33,298.34
194366.19,283.77,98209.09,298.41
194366.19,283.77,98401.16,298.36
194167.36,283.79,98497.33,298.34
193175.42,283.90,98305.08,298.38
193770.11,283.83,98209.09,298.41
192977.55,283.92,97921.71,298.47
192582.22,283.96,98017.41,298.45
195562.72,283.65,98305.08,298.38
195362.92,283.67,98497.33,298.34
195163.23,283.69,98497.33,298.34
195362.92,283.67,98497.33,298.34
192977.55,283.92,98305.08,298.38
192977.55,283.92,98401.16,298.36
195163.23,283.69,98497.33,298.34
194963.75,283.71,98305.08,298.38
192779.78,283.94,97826.08,298.49
192582.22,283.96,97826.08,298.49
195562.72,283.65,98497.33,298.34
194963.75,283.71,98209.09,298.41
196163.19,283.58,98209.09,298.41
193373.52,283.88,97826.08,298.49
194963.75,283.71,98497.33,298.34
193373.52,283.88,98497.33,298.34
192582.22,283.96,97730.57,298.52
194565.23,283.75,98497.33,298.34
194565.23,283.75,98305.08,298.38
193770.11,283.83,98305.08,298.38
193770.11,283.83,98497.33,298.34
194565.23,283.75,98305.08,298.38
193373.52,283.88,98113.20,298.43
195562.72,283.65,98497.33,298.34
195562.72,283.65,98689.95,298.30
194167.36,283.79,98497.33,298.34
197368.44,283.46,96969.70,298.69
192977.55,283.92,97826.08,298.49
193373.52,283.88,98209.09,298.41
194167.36,283.79,98209.09,298.41
194366.19,283.77,98401.16,298.36
195562.72,283.65,98497.33,298.34
195562.72,283.65,98497.33,298.34
194963.75,283.71,98497.33,298.34
194565.23,283.75,98401.16,298.36
192977.55,283.92,98209.09,298.41
192384.77,283.98,98305.08,298.38
194963.75,283.71,98401.16,298.36
194963.75,283.71,98497.33,298.34
193770.11,283.83,98017.41,298.45
195562.72,283.65,98497.33,298.34
195562.72,283.65,98497.33,298.34
193571.72,283.86,97826.08,298.49
194366.19,283.77,98209.09,298.41
193770.11,283.83,97635.14,298.54
192384.77,283.98,98017.41,298.45
193373.52,283.88,98401.16,298.36
193571.72,283.86,98497.33,298.34
192977.55,283.92,97921.71,298.47
194764.39,283.73,98497.33,298.34
195562.72,283.65,98497.33,298.34
194565.23,283.75,97826.08,298.49
194963.75,283.71,98401.16,298.36
195762.72,283.63,98497.33,298.34
194565.23,283.75,98497.33,298.34
195562.72,283.65,98497.33,298.34
194565.23,283.75,98497.33,298.34
193373.52,283.88,98497.33,298.34
192977.55,283.92,97921.71,298.47
193770.11,283.83,98017.41,298.45
195562.72,283.65,98017.41,298.45
194366.19,283.77,98209.09,298.41
192977.55,283.92,97921.71,298.47
194366.19,283.77,98401.16,298.36
192779.78,283.94,98017.41,298.45
194565.23,283.75,98401.16,298.36
193770.11,283.83,98209.09,298.41
194963.75,283.71,98209.09,298.41
194167.36,283.79,98786.41,298.27
192384.77,283.98,98497.33,298.34
194963.75,283.71,97826.08,298.49
193373.52,283.88,98401.16,298.36
192977.55,283.92,97539.80,298.56
194167.36,283.79,97635.14,298.54
193373.52,283.88,97921.71,298.47
195362.92,283.67,98497.33,298.34
192977.55,283.92,98113.20,298.43
194565.23,283.75,98497.33,298.34
195163.23,283.69,98401.16,298.36
191990.39,284.02,97921.71,298.47
192582.22,283.96,98209.09,298.41
192582.22,283.96,97921.71,298.47
192582.22,283.96,97921.71,298.47
193175.42,283.90,97921.71,298.47
192779.78,283.94,97921.71,298.47
193968.64,283.81,98305.08,298.38
192977.55,283.92,97921.71,298.47
192977.55,283.92,97921.71,298.47
193571.72,283.86,97826.08,298.49
195562.72,283.65,98593.60,298.32
197368.44,283.46,98401.16,298.36
195362.92,283.67,98497.33,298.34
193373.52,283.88,98209.09,298.41
191990.39,284.02,97254.33,298.63
193770.11,283.83,98401.16,298.36
194366.19,283.77,98305.08,298.38
194565.23,283.75,98497.33,298.34
193770.11,283.83,97921.71,298.47
193571.72,283.86,97539.80,298.56
195762.72,283.63,98497.33,298.34
194366.19,283.77,99561.41,298.10
194963.75,283.71,97826.08,298.49
192582.22,283.96,97635.14,298.54
192779.78,283.94,98017.41,298.45
194963.75,283.71,98689.95,298.30
193373.52,283.88,98305.08,298.38
194167.36,283.79,97539.80,298.56
192384.77,283.98,98305.08,298.38
194167.36,283.79,98497.33,298.34
193770.11,283.83,98401.16,298.36
194366.19,283.77,97730.57,298.52
196363.63,283.56,98401.16,298.36
193175.42,283.90,98017.41,298.45
192384.77,283.98,97730.57,298.52
195362.92,283.67,98497.33,298.34
195562.72,283.65,98497.33,298.34
195962.84,283.61,97921.71,298.47
195163.23,283.69,98497.33,298.34
196564.28,283.54,98882.95,298.25
194565.23,283.75,98497.33,298.34
193571.72,283.86,98113.20,298.43
192384.77,283.98,96308.73,298.85
194167.36,283.79,98017.41,298.45
193571.72,283.86,97539.80,298.56
194167.36,283.79,97921.71,298.47
190615.03,284.17,98017.41,298.45
193373.52,283.88,97539.80,298.56
195163.23,283.69,98497.33,298.34
194366.19,283.77,98497.33,298.34
194963.75,283.71,98305.08,298.38
194764.39,283.73,98593.60,298.32
194963.75,283.71,98497.33,298.34
194565.23,283.75,98305.08,298.38
192779.78,283.94,98017.41,298.45
194565.23,283.75,98593.60,298.32
194366.19,283.77,98497.33,298.34
194565.23,283.75,98497.33,298.34
195163.23,283.69,99076.32,298.21
194565.23,283.75,98786.41,298.27
192779.78,283.94,98305.08,298.38
192977.55,283.92,97921.71,298.47
193770.11,283.83,98401.16,298.36
194167.36,283.79,97349.41,298.61
194963.75,283.71,98497.33,298.34
194963.75,283.71,98497.33,298.34
193571.72,283.86,98497.33,298.34
195562.72,283.65,98882.95,298.25
194565.23,283.75,98017.41,298.45
192977.55,283.92,98689.95,298.30
192779.78,283.94,97921.71,298.47
193175.42,283.90,98017.41,298.45
193571.72,283.86,98497.33,298.34
192582.22,283.96,98113.20,298.43
194963.75,283.71,98209.09,298.41
192582.22,283.96,98497.33,298.34
192779.78,283.94,98689.95,298.30
193770.11,283.83,98497.33,298.34
193373.52,283.88,98497.33,298.34
194565.23,283.75,98497.33,298.34
194963.75,283.71,98882.95,298.25
192582.22,283.96,98497.33,298.34
192384.77,283.98,98209.09,298.41
194963.75,283.71,98497.33,298.34
192977.55,283.92,98497.33,298.34
193770.11,283.83,98497.33,298.34
192582.22,283.96,98017.41,298.45
192582.22,283.96,98305.08,298.38
192384.77,283.98,98497.33,298.34
194963.75,283.71,98593.60,298.32
195562.72,283.65,98497.33,298.34
193770.11,283.83,98497.33,298.34
194963.75,283.71,98497.33,298.34
192582.22,283.96,98017.41,298.45
192384.77,283.98,97921.71,298.47
192384.77,283.98,95933.02,298.94
192582.22,283.96,98497.33,298.34
192582.22,283.96,97921.71,298.47
193175.42,283.90,98017.41,298.45
193571.72,283.86,98017.41,298.45
194167.36,283.79,98497.33,298.34
194565.23,283.75,98497.33,298.34
194366.19,283.77,98593.60,298.32
195562.72,283.65,98497.33,298.34
193770.11,283.83,98497.33,298.34
195362.92,283.67,98401.16,298.36
192779.78,283.94,98497.33,298.34
193770.11,283.83,98113.20,298.43
191400.02,284.09,98209.09,298.41
192187.52,284.00,97826.08,298.49
191793.44,284.04,98209.09,298.41
192977.55,283.92,98305.08,298.38
193373.52,283.88,98305.08,298.38
192977.55,283.92,97539.80,298.56
192977.55,283.92,97635.14,298.54
192384.77,283.98,98113.20,298.43
193373.52,283.88,97444.55,298.58
193175.42,283.90,98305.08,298.38
194565.23,283.75,98497.33,298.34
194167.36,283.79,98497.33,298.34
194167.36,283.79,98497.33,298.34
192384.77,283.98,98113.20,298.43
192977.55,283.92,98305.08,298.38
195562.72,283.65,98497.33,298.34
194764.39,283.73,98786.41,298.27
194366.19,283.77,98593.60,298.32
193373.52,283.88,98017.41,298.45
193175.42,283.90,97730.57,298.52
193175.42,283.90,98497.33,298.34
192779.78,283.94,98497.33,298.34
194963.75,283.71,98305.08,298.38
193770.11,283.83,98497.33,298.34
194565.23,283.75,98497.33,298.34
192977.55,283.92,98689.95,298.30
193571.72,283.86,98786.41,298.27
194366.19,283.77,98401.16,298.36
192384.77,283.98,98305.08,298.38
192582.22,283.96,98497.33,298.34
192779.78,283.94,97349.41,298.61
191596.64,284.07,98017.41,298.45
193571.72,283.86,98209.09,298.41
192187.52,284.00,97730.57,298.52
193373.52,283.88,98113.20,298.43
192384.77,283.98,98497.33,298.34
192779.78,283.94,98305.08,298.38
192384.77,283.98,97921.71,298.47
194963.75,283.71,98593.60,298.32
193770.11,283.83,98497.33,298.34
194366.19,283.77,99561.41,298.10
193373.52,283.88,97921.71,298.47
194167.36,283.79,98305.08,298.38
192779.78,283.94,98209.09,298.41
192977.55,283.92,97921.71,298.47
190811.03,284.15,97921.71,298.47
192187.52,284.00,98209.09,298.41
192779.78,283.94,97826.08,298.49
192779.78,283.94,97159.38,298.65
191990.39,284.02,98209.09,298.41
193968.64,283.81,98497.33,298.34
193373.52,283.88,98017.41,298.45
193770.11,283.83,98401.16,298.36
193571.72,283.86,98209.09,298.41
192977.55,283.92,98305.08,298.38
192779.78,283.94,98305.08,298.38
191990.39,284.02,97349.41,298.61
192384.77,283.98,98017.41,298.45
192779.78,283.94,97826.08,298.49
191400.02,284.09,97444.55,298.58
192779.78,283.94,97539.80,298.56
192384.77,283.98,97254.33,298.63
194565.23,283.75,98209.09,298.41
193770.11,283.83,98401.16,298.36
193373.52,283.88,98017.41,298.45
194565.23,283.75,98113.20,298.43
193770.11,283.83,98017.41,298.45
193770.11,283.83,97635.14,298.54
192779.78,283.94,98113.20,298.43
192977.55,283.92,98209.09,298.41
194764.39,283.73,98113.20,298.43
194764.39,283.73,97826.08,298.49
195562.72,283.65,98497.33,298.34
193770.11,283.83,97539.80,298.56
192384.77,283.98,97921.71,298.47
191793.44,284.04,97921.71,298.47
193770.11,283.83,97921.71,298.47
193175.42,283.90,98497.33,298.34
191793.44,284.04,97539.80,298.56
191400.02,284.09,97349.41,298.61
191990.39,284.02,97159.38,298.65
192977.55,283.92,97539.80,298.56
192582.22,283.96,98017.41,298.45
193175.42,283.90,98401.16,298.36
192779.78,283.94,97921.71,298.47
192384.77,283.98,97444.55,298.58
193373.52,283.88,97826.08,298.49
191990.39,284.02,97159.38,298.65
191990.39,284.02,97826.08,298.49
193571.72,283.86,97730.57,298.52
192384.77,283.98,97826.08,298.49
194366.19,283.77,98497.33,298.34
192977.55,283.92,98497.33,298.34
193770.11,283.83,97539.80,298.56
194565.23,283.75,98401.16,298.36
195562.72,283.65,98497.33,298.34
192779.78,283.94,98497.33,298.34
193770.11,283.83,98209.09,298.41
196966.03,283.50,98497.33,298.34
192187.52,284.00,98305.08,298.38
194565.23,283.75,98209.09,298.41
194963.75,283.71,98401.16,298.36
191990.39,284.02,98305.08,298.38
193373.52,283.88,98113.20,298.43
192977.55,283.92,98209.09,298.41
192384.77,283.98,97921.71,298.47
191203.52,284.11,98209.09,298.41
191793.44,284.04,97349.41,298.61
192779.78,283.94,97826.08,298.49
190419.16,284.19,98017.41,298.45
193373.52,283.88,98786.41,298.27
193373.52,283.88,98113.20,298.43
191400.02,284.09,98017.41,298.45
192187.52,284.00,97826.08,298.49
192384.77,283.98,98305.08,298.38
191793.44,284.04,98017.41,298.45
191400.02,284.09,98209.09,298.41
192384.77,283.98,97921.71,298.47
193770.11,283.83,97826.08,298.49
193770.11,283.83,98979.59,298.23
194167.36,283.79,98497.33,298.34
192187.52,284.00,98497.33,298.34
193571.72,283.86,98497.33,298.34
192582.22,283.96,98209.09,298.41
191990.39,284.02,98017.41,298.45
195163.23,283.69,97635.14,298.54
192977.55,283.92,98113.20,298.43
192582.22,283.96,97539.80,298.56
192977.55,283.92,98209.09,298.41
193175.42,283.90,98497.33,298.34
192977.55,283.92,98209.09,298.41
192582.22,283.96,98401.16,298.36
196765.06,283.52,98786.41,298.27
194963.75,283.71,98017.41,298.45
194565.23,283.75,98401.16,298.36
193373.52,283.88,98497.33,298.34
192384.77,283.98,98497.33,298.34
194167.36,283.79,98497.33,298.34
193373.52,283.88,98017.41,298.45
193571.72,283.86,98497.33,298.34
195362.92,283.67,98786.41,298.27
193968.64,283.81,97444.55,298.58
192779.78,283.94,97921.71,298.47
192779.78,283.94,98305.08,298.38
192977.55,283.92,97921.71,298.47
192977.55,283.92,97826.08,298.49
192977.55,283.92,98305.08,298.38
195362.92,283.67,98497.33,298.34
193373.52,283.88,98401.16,298.36
192582.22,283.96,98209.09,298.41
194366.19,283.77,98593.60,298.32
194366.19,283.77,98305.08,298.38
191203.52,284.11,97826.08,298.49
191400.02,284.09,98113.20,298.43
192977.55,283.92,98401.16,298.36
192384.77,283.98,98401.16,298.36
193373.52,283.88,98979.59,298.23
193571.72,283.86,97635.14,298.54
193968.64,283.81,98017.41,298.45
193175.42,283.90,97826.08,298.49
194366.19,283.77,98497.33,298.34
192779.78,283.94,97539.80,298.56
192977.55,283.92,97539.80,298.56
193571.72,283.86,98017.41,298.45
192187.52,284.00,98497.33,298.34
193175.42,283.90,97921.71,298.47
191793.44,284.04,98017.41,298.45
191793.44,284.04,97921.71,298.47
192977.55,283.92,97349.41,298.61
192977.55,283.92,97730.57,298.52
194565.23,283.75,98209.09,298.41
193571.72,283.86,98209.09,298.41
193770.11,283.83,96969.70,298.69
192977.55,283.92,98497.33,298.34
195562.72,283.65,98305.08,298.38
192384.77,283.98,97254.33,298.63
192384.77,283.98,98497.33,298.34
192977.55,283.92,98113.20,298.43
192384.77,283.98,97635.14,298.54
193373.52,283.88,97635.14,298.54
193571.72,283.86,98497.33,298.34
193770.11,283.83,98401.16,298.36
191990.39,284.02,98497.33,298.34
194565.23,283.75,96875.00,298.72
192384.77,283.98,97159.38,298.65
191793.44,284.04,97444.55,298.58
192384.77,283.98,98497.33,298.34
192384.77,283.98,98113.20,298.43
191793.44,284.04,97826.08,298.49
191793.44,284.04,98017.41,298.45
192384.77,283.98,97826.08,298.49
194366.19,283.77,97826.08,298.49
193373.52,283.88,98017.41,298.45
193770.11,283.83,97635.14,298.54
194366.19,283.77,98497.33,298.34
192384.77,283.98,97635.14,298.54
195163.23,283.69,98305.08,298.38
194366.19,283.77,98497.33,298.34
194764.39,283.73,98017.41,298.45
193571.72,283.86,98017.41,298.45
193770.11,283.83,98689.95,298.30
193571.72,283.86,98209.09,298.41
192779.78,283.94,97064.48,298.67
191990.39,284.02,95465.41,299.05
192977.55,283.92,98401.16,298.36
191400.02,284.09,98209.09,298.41
195362.92,283.67,98497.33,298.34
193373.52,283.88,98305.08,298.38
192977.55,283.92,98401.16,298.36
193373.52,283.88,98209.09,298.41
193770.11,283.83,98497.33,298.34
194565.23,283.75,98017.41,298.45
192779.78,283.94,98209.09,298.41
194963.75,283.71,98017.41,298.45
193770.11,283.83,97539.80,298.56
192384.77,283.98,97159.38,298.65
193770.11,283.83,98305.08,298.38
194565.23,283.75,97635.14,298.54
193373.52,283.88,98401.16,298.36
193373.52,283.88,97921.71,298.47
193571.72,283.86,98593.60,298.32
192779.78,283.94,98305.08,298.38
193373.52,283.88,98017.41,298.45
192977.55,283.92,98497.33,298.34
192384.77,283.98,97921.71,298.47
195562.72,283.65,98497.33,298.34
194764.39,283.73,98593.60,298.32
193571.72,283.86,98497.33,298.34
192187.52,284.00,98305.08,298.38
191400.02,284.09,97826.08,298.49
193373.52,283.88,98689.95,298.30
191400.02,284.09,98497.33,298.34
192384.77,283.98,98017.41,298.45
193373.52,283.88,98305.08,298.38
192779.78,283.94,98497.33,298.34
194167.36,283.79,98497.33,298.34
192582.22,283.96,98497.33,298.34
192384.77,283.98,98593.60,298.32
192384.77,283.98,98497.33,298.34
192977.55,283.92,98401.16,298.36
191990.39,284.02,98689.95,298.30
192582.22,283.96,98305.08,298.38
192977.55,283.92,98593.60,298.32
193571.72,283.86,98209.09,298.41
193175.42,283.90,98497.33,298.34
192384.77,283.98,98497.33,298.34
189832.55,284.25,98401.16,298.36
191990.39,284.02,98209.09,298.41
192384.77,283.98,98017.41,298.45
193571.72,283.86,98497.33,298.34
193770.11,283.83,98497.33,298.34
193571.72,283.86,98497.33,298.34
192582.22,283.96,98497.33,298.34
191596.64,284.07,98209.09,298.41
192384.77,283.98,98497.33,298.34
192384.77,283.98,98113.20,298.43
191793.44,284.04,98305.08,298.38
193770.11,283.83,98209.09,298.41
192582.22,283.96,98497.33,298.34
192384.77,283.98,98209.09,298.41
193571.72,283.86,98497.33,298.34
192384.77,283.98,98497.33,298.34
192977.55,283.92,98497.33,298.34
193770.11,283.83,98497.33,298.34
192779.78,283.94,98497.33,298.34
193770.11,283.83,98497.33,298.34
193373.52,283.88,98593.60,298.32
193571.72,283.86,98497.33,298.34
192384.77,283.98,98497.33,298.34
192779.78,283.94,98209.09,298.41
192779.78,283.94,98305.08,298.38
193373.52,283.88,98305.08,298.38
193770.11,283.83,98497.33,298.34
193571.72,283.86,98113.20,298.43
194963.75,283.71,98401.16,298.36
192779.78,283.94,98497.33,298.34
193373.52,283.88,98497.33,298.34
193770.11,283.83,98786.41,298.27
192582.22,283.96,98497.33,298.34
192779.78,283.94,98401.16,298.36
193373.52,283.88,98401.16,298.36
190615.03,284.17,97444.55,298.58
193770.11,283.83,97826.08,298.49
192779.78,283.94,98209.09,298.41
193175.42,283.90,98689.95,298.30
191990.39,284.02,97730.57,298.52
192187.52,284.00,98017.41,298.45
192187.52,284.00,98401.16,298.36
195362.92,283.67,99076.32,298.21
192384.77,283.98,97921.71,298.47
191990.39,284.02,98017.41,298.45
192977.55,283.92,98209.09,298.41
192384.77,283.98,98497.33,298.34
195362.92,283.67,98497.33,298.34
192779.78,283.94,98786.41,298.27
191990.39,284.02,98113.20,298.43
193373.52,283.88,97826.08,298.49
192187.52,284.00,98305.08,298.38
192187.52,284.00,98209.09,298.41
194565.23,283.75,98401.16,298.36
194366.19,283.77,98401.16,298.36
192779.78,283.94,97921.71,298.47
193770.11,283.83,98497.33,298.34
191990.39,284.02,98497.33,298.34
191793.44,284.04,97826.08,298.49
192384.77,283.98,97444.55,298.58
192779.78,283.94,97921.71,298.47
192582.22,283.96,98305.08,298.38
192187.52,284.00,97826.08,298.49
192384.77,283.98,96402.88,298.83
191596.64,284.07,98497.33,298.34
195362.92,283.67,98689.95,298.30
192977.55,283.92,98497.33,298.34
191400.02,284.09,98497.33,298.34
192977.55,283.92,98497.33,298.34
194167.36,283.79,98401.16,298.36
191793.44,284.04,99173.14,298.19
192187.52,284.00,98497.33,298.34
192977.55,283.92,98017.41,298.45
191400.02,284.09,97635.14,298.54
192384.77,283.98,96969.70,298.69
193770.11,283.83,98979.59,298.23
193175.42,283.90,98401.16,298.36
192187.52,284.00,98593.60,298.32
192187.52,284.00,98497.33,298.34
192582.22,283.96,98401.16,298.36
190223.48,284.21,97444.55,298.58
192187.52,284.00,98305.08,298.38
191596.64,284.07,98017.41,298.45
191793.44,284.04,98497.33,298.34
191990.39,284.02,98593.60,298.32
194764.39,283.73,96591.45,298.78
193175.42,283.90,98497.33,298.34
191990.39,284.02,98497.33,298.34
192384.77,283.98,98305.08,298.38
191793.44,284.04,98497.33,298.34
192384.77,283.98,97921.71,298.47
191793.44,284.04,97444.55,298.58
193175.42,283.90,98497.33,298.34
192977.55,283.92,98209.09,298.41
191400.02,284.09,98497.33,298.34
193373.52,283.88,98497.33,298.34
192187.52,284.00,98401.16,298.36
191793.44,284.04,98113.20,298.43
192384.77,283.98,98497.33,298.34
191596.64,284.07,98209.09,298.41
193770.11,283.83,98497.33,298.34
193373.52,283.88,98017.41,298.45
192779.78,283.94,98497.33,298.34
192977.55,283.92,98305.08,298.38
190223.48,284.21,97921.71,298.47
191400.02,284.09,96875.00,298.72
193968.64,283.81,97064.48,298.67
192187.52,284.00,98497.33,298.34
192384.77,283.98,98497.33,298.34
191400.02,284.09,98401.16,298.36
192977.55,283.92,98593.60,298.32
191400.02,284.09,97921.71,298.47
192384.77,283.98,98497.33,298.34
192582.22,283.96,98593.60,298.32
192977.55,283.92,98497.33,298.34
192384.77,283.98,98689.95,298.30
192977.55,283.92,96969.70,298.69
192384.77,283.98,97539.80,298.56
192582.22,283.96,98497.33,298.34
192582.22,283.96,98497.33,298.34
192384.77,283.98,97444.55,298.58
192582.22,283.96,98497.33,298.34
190615.03,284.17,98497.33,298.34
191400.02,284.09,98209.09,298.41
191793.44,284.04,97826.08,298.49
192384.77,283.98,98497.33,298.34
192977.55,283.92,98497.33,298.34
192779.78,283.94,98497.33,298.34
192779.78,283.94,98209.09,298.41
190615.03,284.17,97444.55,298.58
192582.22,283.96,98497.33,298.34
192384.77,283.98,98497.33,298.34
192582.22,283.96,98017.41,298.45
192384.77,283.98,98497.33,298.34
192187.52,284.00,98017.41,298.45
191793.44,284.04,98497.33,298.34
190027.92,284.23,97539.80,298.56
192384.77,283.98,98497.33,298.34
192779.78,283.94,98017.41,298.45
192384.77,283.98,98017.41,298.45
192582.22,283.96,98401.16,298.36
191203.52,284.11,98305.08,298.38
192384.77,283.98,98497.33,298.34
191203.52,284.11,98209.09,298.41
191596.64,284.07,98305.08,298.38
192384.77,283.98,98497.33,298.34
191203.52,284.11,97826.08,298.49
191793.44,284.04,98786.41,298.27
191793.44,284.04,98401.16,298.36
192977.55,283.92,98401.16,298.36
192582.22,283.96,98689.95,298.30
189442.25,284.30,98305.08,298.38
194366.19,283.77,98209.09,298.41
192384.77,283.98,97635.14,298.54
192187.52,284.00,98305.08,298.38
193373.52,283.88,98497.33,298.34
192384.77,283.98,98401.16,298.36
192384.77,283.98,98305.08,298.38
190223.48,284.21,96780.41,298.74
192384.77,283.98,98497.33,298.34
192187.52,284.00,98497.33,298.34
192384.77,283.98,98305.08,298.38
192187.52,284.00,98497.33,298.34
192384.77,283.98,98497.33,298.34
193770.11,283.83,98689.95,298.30
192384.77,283.98,98593.60,298.32
190615.03,284.17,97826.08,298.49
190419.16,284.19,98305.08,298.38
191990.39,284.02,98497.33,298.34
189832.55,284.25,98689.95,298.30
190419.16,284.19,98497.33,298.34
191400.02,284.09,97921.71,298.47
191990.39,284.02,97064.48,298.67
189442.25,284.30,98497.33,298.34
190419.16,284.19,97349.41,298.61
191400.02,284.09,98113.20,298.43
191007.20,284.13,97826.08,298.49
189247.31,284.32,98209.09,298.41
191793.44,284.04,98209.09,298.41
192384.77,283.98,99367.09,298.14
191203.52,284.11,97539.80,298.56
190223.48,284.21,98209.09,298.41
191400.02,284.09,97921.71,298.47
191203.52,284.11,97539.80,298.56
189247.31,284.32,98593.60,298.32
191203.52,284.11,98209.09,298.41
191007.20,284.13,98113.20,298.43
191596.64,284.07,98113.20,298.43
191596.64,284.07,98017.41,298.45
192582.22,283.96,97826.08,298.49
190615.03,284.17,98401.16,298.36
189247.31,284.32,97826.08,298.49
190615.03,284.17,97635.14,298.54
191203.52,284.11,98017.41,298.45
191400.02,284.09,98113.20,298.43
191990.39,284.02,97539.80,298.56
191793.44,284.04,98209.09,298.41
192187.52,284.00,98497.33,298.34
192582.22,283.96,98209.09,298.41
192384.77,283.98,97826.08,298.49
189052.56,284.34,96685.88,298.76
189247.31,284.32,98401.16,298.36
192977.55,283.92,98497.33,298.34
191793.44,284.04,97539.80,298.56
192187.52,284.00,98017.41,298.45
192779.78,283.94,97921.71,298.47
192384.77,283.98,97826.08,298.49
192187.52,284.00,98305.08,298.38
191007.20,284.13,98017.41,298.45
192384.77,283.98,98113.20,298.43
190615.03,284.17,97921.71,298.47
191203.52,284.11,98113.20,298.43
191990.39,284.02,98305.08,298.38
192187.52,284.00,98209.09,298.41
191793.44,284.04,98305.08,298.38
191596.64,284.07,98113.20,298.43
189832.55,284.25,97921.71,298.47
191793.44,284.04,98305.08,298.38
192977.55,283.92,98017.41,298.45
192779.78,283.94,98113.20,298.43
192187.52,284.00,98497.33,298.34
191400.02,284.09,97730.57,298.52
190419.16,284.19,96969.70,298.69
191990.39,284.02,97635.14,298.54
192384.77,283.98,97826.08,298.49
191400.02,284.09,97826.08,298.49
191203.52,284.11,98497.33,298.34
190223.48,284.21,96685.88,298.76
190615.03,284.17,98497.33,298.34
191400.02,284.09,98017.41,298.45
191596.64,284.07,97921.71,298.47
192582.22,283.96,98305.08,298.38
192977.55,283.92,98497.33,298.34
192384.77,283.98,97826.08,298.49
191793.44,284.04,97730.57,298.52
190615.03,284.17,98209.09,298.41
191203.52,284.11,97539.80,298.56
189832.55,284.25,97539.80,298.56
191596.64,284.07,97826.08,298.49
192384.77,283.98,98305.08,298.38
192384.77,283.98,98209.09,298.41
191007.20,284.13,98497.33,298.34
191007.20,284.13,97921.71,298.47
192779.78,283.94,97539.80,298.56
192582.22,283.96,97921.71,298.47
191400.02,284.09,98305.08,298.38
190615.03,284.17,97254.33,298.63
189832.55,284.25,97921.71,298.47
192582.22,283.96,97921.71,298.47
191793.44,284.04,98209.09,298.41
192384.77,283.98,98497.33,298.34
192977.55,283.92,97921.71,298.47
191596.64,284.07,97539.80,298.56
189832.55,284.25,97064.48,298.67
192582.22,283.96,98401.16,298.36
191203.52,284.11,98497.33,298.34
189637.30,284.28,98401.16,298.36
192582.22,283.96,98113.20,298.43
191793.44,284.04,98497.33,298.34
191793.44,284.04,98882.95,298.25
193571.72,283.86,97539.80,298.56
190615.03,284.17,98497.33,298.34
191400.02,284.09,98305.08,298.38
190419.16,284.19,97254.33,298.63
191596.64,284.07,97921.71,298.47
189637.30,284.28,98497.33,298.34
191990.39,284.02,97826.08,298.49
192384.77,283.98,98209.09,298.41
192582.22,283.96,97921.71,298.47
192582.22,283.96,95465.41,299.05
191990.39,284.02,97159.38,298.65
191990.39,284.02,98401.16,298.36
192187.52,284.00,97921.71,298.47
191007.20,284.13,98209.09,298.41
190615.03,284.17,97539.80,298.56
193175.42,283.90,97349.41,298.61
192977.55,283.92,97826.08,298.49
192582.22,283.96,98017.41,298.45
192187.52,284.00,97921.71,298.47
192187.52,284.00,98689.95,298.30
190223.48,284.21,97444.55,298.58
189832.55,284.25,98305.08,298.38
191400.02,284.09,98401.16,298.36
191793.44,284.04,97444.55,298.58
191007.20,284.13,97539.80,298.56
189637.30,284.28,96685.88,298.76
190223.48,284.21,98497.33,298.34
191400.02,284.09,98209.09,298.41
191793.44,284.04,98497.33,298.34
193373.52,283.88,96685.88,298.76
189442.25,284.30,98113.20,298.43
190615.03,284.17,98209.09,298.41
189442.25,284.30,98209.09,298.41
191203.52,284.11,98209.09,298.41
190615.03,284.17,97444.55,298.58
190419.16,284.19,98017.41,298.45
190615.03,284.17,97539.80,298.56
192187.52,284.00,97921.71,298.47
191793.44,284.04,98209.09,298.41
192779.78,283.94,98497.33,298.34
187500.02,284.51,97921.71,298.47
194167.36,283.79,98689.95,298.30
191203.52,284.11,98497.33,298.34
191400.02,284.09,98497.33,298.34
191400.02,284.09,98689.95,298.30
190615.03,284.17,97921.71,298.47
191203.52,284.11,98305.08,298.38
191990.39,284.02,98401.16,298.36
191400.02,284.09,98017.41,298.45
190419.16,284.19,98209.09,298.41
191793.44,284.04,98497.33,298.34
189832.55,284.25,98017.41,298.45
190615.03,284.17,98113.20,298.43
190615.03,284.17,98497.33,298.34
190419.16,284.19,98305.08,298.38
191793.44,284.04,98017.41,298.45
192384.77,283.98,98497.33,298.34
191990.39,284.02,97826.08,298.49
192384.77,283.98,98209.09,298.41
191793.44,284.04,98209.09,298.41
192384.77,283.98,97444.55,298.58
191990.39,284.02,97921.71,298.47
192384.77,283.98,97921.71,298.47
191007.20,284.13,97921.71,298.47
192187.52,284.00,98017.41,298.45
192582.22,283.96,98401.16,298.36
191400.02,284.09,98497.33,298.34
190419.16,284.19,98017.41,298.45
189637.30,284.28,97826.08,298.49
190419.16,284.19,98497.33,298.34
190223.48,284.21,98017.41,298.45
190419.16,284.19,101624.83,297.64
189247.31,284.32,98209.09,298.41
191203.52,284.11,97444.55,298.58
191793.44,284.04,98017.41,298.45
192582.22,283.96,98593.60,298.32
192582.22,283.96,98497.33,298.34
190615.03,284.17,98401.16,298.36
191400.02,284.09,98113.20,298.43
189247.31,284.32,98401.16,298.36
191203.52,284.11,98017.41,298.45
190615.03,284.17,98689.95,298.30
190419.16,284.19,98882.95,298.25
191596.64,284.07,98786.41,298.27
189832.55,284.25,98305.08,298.38
191793.44,284.04,98017.41,298.45
189832.55,284.25,97730.57,298.52
189442.25,284.30,98017.41,298.45
191203.52,284.11,98497.33,298.34
190223.48,284.21,98209.09,298.41
191793.44,284.04,98497.33,298.34
192187.52,284.00,98979.59,298.23
189247.31,284.32,98497.33,298.34
190615.03,284.17,98786.41,298.27
189247.31,284.32,98497.33,298.34
191793.44,284.04,98401.16,298.36
189442.25,284.30,98497.33,298.34
190223.48,284.21,97921.71,298.47
189832.55,284.25,98017.41,298.45
190615.03,284.17,96969.70,298.69
191007.20,284.13,97635.14,298.54
191793.44,284.04,98017.41,298.45
191990.39,284.02,98497.33,298.34
191400.02,284.09,98209.09,298.41
191007.20,284.13,98401.16,298.36
190615.03,284.17,98497.33,298.34
191793.44,284.04,98017.41,298.45
191203.52,284.11,98209.09,298.41
189637.30,284.28,97444.55,298.58
189832.55,284.25,98209.09,298.41
190811.03,284.15,98497.33,298.34
191203.52,284.11,98401.16,298.36
191596.64,284.07,98209.09,298.41
191400.02,284.09,98979.59,298.23
190615.03,284.17,98305.08,298.38
192384.77,283.98,97635.14,298.54
189442.25,284.30,98497.33,298.34
188857.94,284.36,98305.08,298.38
191793.44,284.04,98113.20,298.43
193175.42,283.90,97921.71,298.47
192977.55,283.92,98497.33,298.34
191793.44,284.04,98497.33,298.34
191400.02,284.09,98497.33,298.34
191400.02,284.09,98497.33,298.34
191400.02,284.09,98113.20,298.43
192187.52,284.00,98113.20,298.43
191203.52,284.11,98305.08,298.38
190419.16,284.19,97921.71,298.47
191007.20,284.13,98113.20,298.43
190419.16,284.19,98305.08,298.38
191990.39,284.02,98017.41,298.45
190615.03,284.17,98497.33,298.34
191793.44,284.04,98305.08,298.38
190615.03,284.17,97635.14,298.54
190615.03,284.17,98017.41,298.45
190615.03,284.17,98497.33,298.34
191596.64,284.07,98689.95,298.30
190615.03,284.17,98497.33,298.34
192384.77,283.98,98017.41,298.45
191203.52,284.11,98017.41,298.45
191793.44,284.04,98497.33,298.34
190811.03,284.15,98017.41,298.45
190223.48,284.21,98209.09,298.41
189637.30,284.28,97444.55,298.58
189637.30,284.28,97539.80,298.56
191203.52,284.11,98305.08,298.38
192779.78,283.94,98305.08,298.38
192187.52,284.00,98497.33,298.34
192384.77,283.98,98113.20,298.43
191203.52,284.11,97921.71,298.47
191793.44,284.04,98497.33,298.34
191400.02,284.09,98017.41,298.45
191400.02,284.09,98497.33,298.34
192384.77,283.98,98113.20,298.43
190419.16,284.19,97539.80,298.56
189442.25,284.30,97539.80,298.56
189247.31,284.32,97539.80,298.56
191990.39,284.02,98113.20,298.43
191400.02,284.09,97921.71,298.47
192384.77,283.98,98497.33,298.34
191203.52,284.11,98689.95,298.30
191400.02,284.09,98017.41,298.45
189442.25,284.30,98882.95,298.25
191007.20,284.13,98113.20,298.43
189442.25,284.30,98017.41,298.45
191007.20,284.13,98209.09,298.41
190419.16,284.19,98497.33,298.34
192384.77,283.98,98786.41,298.27
192187.52,284.00,98497.33,298.34
189247.31,284.32,98401.16,298.36
189832.55,284.25,98305.08,298.38
190615.03,284.17,98305.08,298.38
189832.55,284.25,98497.33,298.34
190223.48,284.21,98497.33,298.34
190027.92,284.23,98497.33,298.34
190419.16,284.19,98401.16,298.36
189442.25,284.30,98209.09,298.41
191007.20,284.13,97444.55,298.58
189247.31,284.32,97635.14,298.54
190223.48,284.21,98113.20,298.43
191990.39,284.02,98497.33,298.34
190419.16,284.19,98593.60,298.32
191400.02,284.09,98209.09,298.41
192384.77,283.98,98497.33,298.34
191990.39,284.02,98017.41,298.45
192384.77,283.98,98017.41,298.45
190027.92,284.23,98497.33,298.34
190223.48,284.21,96214.66,298.87
190615.03,284.17,97826.08,298.49
190615.03,284.17,98113.20,298.43
190223.48,284.21,97921.71,298.47
191793.44,284.04,98497.33,298.34
189247.31,284.32,98497.33,298.34
192384.77,283.98,98113.20,298.43
191793.44,284.04,97826.08,298.49
189052.56,284.34,98979.59,298.23
190615.03,284.17,98017.41,298.45
191990.39,284.02,98017.41,298.45
190027.92,284.23,98209.09,298.41
191203.52,284.11,98401.16,298.36
191400.02,284.09,98497.33,298.34
191400.02,284.09,98113.20,298.43
191400.02,284.09,98209.09,298.41
192384.77,283.98,98305.08,298.38
191596.64,284.07,98401.16,298.36
190419.16,284.19,98497.33,298.34
190615.03,284.17,98305.08,298.38
192384.77,283.98,97921.71,298.47
190223.48,284.21,96497.12,298.80
191990.39,284.02,97635.14,298.54
189442.25,284.30,97444.55,298.58
192779.78,283.94,98497.33,298.34
191007.20,284.13,98497.33,298.34
191400.02,284.09,98497.33,298.34
191203.52,284.11,98497.33,298.34
191007.20,284.13,98305.08,298.38
190223.48,284.21,98497.33,298.34
191203.52,284.11,98017.41,298.45
190223.48,284.21,98497.33,298.34
189832.55,284.25,98786.41,298.27
191400.02,284.09,97921.71,298.47
190223.48,284.21,97635.14,298.54
190223.48,284.21,97064.48,298.67
190615.03,284.17,97921.71,298.47
192384.77,283.98,97635.14,298.54
190615.03,284.17,97921.71,298.47
189637.30,284.28,98497.33,298.34
190615.03,284.17,97349.41,298.61
191007.20,284.13,96780.41,298.74
189832.55,284.25,96497.12,298.80
192384.77,283.98,98017.41,298.45
191400.02,284.09,97921.71,298.47
190615.03,284.17,97539.80,298.56
191400.02,284.09,98017.41,298.45
189637.30,284.28,97539.80,298.56
190419.16,284.19,97159.38,298.65
191203.52,284.11,97444.55,298.58
188663.50,284.38,97539.80,298.56
191400.02,284.09,98497.33,298.34
191400.02,284.09,95465.41,299.05
189247.31,284.32,97444.55,298.58
190811.03,284.15,98401.16,298.36
190223.48,284.21,98017.41,298.45
190419.16,284.19,98209.09,298.41
191400.02,284.09,97635.14,298.54
190615.03,284.17,97349.41,298.61
192582.22,283.96,98305.08,298.38
191793.44,284.04,98017.41,298.45
191400.02,284.09,97921.71,298.47
191596.64,284.07,98497.33,298.34
191990.39,284.02,98017.41,298.45
192187.52,284.00,98017.41,298.45
192384.77,283.98,98017.41,298.45
192187.52,284.00,98689.95,298.30
192384.77,283.98,98497.33,298.34
190027.92,284.23,98017.41,298.45
190027.92,284.23,98497.33,298.34
190223.48,284.21,98497.33,298.34
190615.03,284.17,98017.41,298.45
191400.02,284.09,97349.41,298.61
189442.25,284.30,96497.12,298.80
190223.48,284.21,96780.41,298.74
189442.25,284.30,97444.55,298.58
191990.39,284.02,98401.16,298.36
190615.03,284.17,96780.41,298.74
191400.02,284.09,98305.08,298.38
189637.30,284.28,98689.95,298.30
191990.39,284.02,98497.33,298.34
192779.78,283.94,97635.14,298.54
192384.77,283.98,98593.60,298.32
191793.44,284.04,98113.20,298.43
191400.02,284.09,97921.71,298.47
190223.48,284.21,98497.33,298.34
190615.03,284.17,97539.80,298.56
191400.02,284.09,98497.33,298.34
191400.02,284.09,97921.71,298.47
191596.64,284.07,98113.20,298.43
191400.02,284.09,98497.33,298.34
190615.03,284.17,98305.08,298.38
191007.20,284.13,97921.71,298.47
190419.16,284.19,99076.32,298.21
189247.31,284.32,97539.80,298.56
188275.05,284.42,97921.71,298.47
189247.31,284.32,98209.09,298.41
189832.55,284.25,97254.33,298.63
189637.30,284.28,97539.80,298.56
189637.30,284.28,98017.41,298.45
190615.03,284.17,98209.09,298.41
192384.77,283.98,97635.14,298.54
192187.52,284.00,97349.41,298.61
191400.02,284.09,98209.09,298.41
190223.48,284.21,98017.41,298.45
191203.52,284.11,97254.33,298.63
189247.31,284.32,97826.08,298.49
190419.16,284.19,97444.55,298.58
191793.44,284.04,98113.20,298.43
191596.64,284.07,97826.08,298.49
191007.20,284.13,97635.14,298.54
190615.03,284.17,97254.33,298.63
192187.52,284.00,98497.33,298.34
191007.20,284.13,97539.80,298.56
190223.48,284.21,98305.08,298.38
190419.16,284.19,96969.70,298.69
190419.16,284.19,96780.41,298.74
191203.52,284.11,97826.08,298.49
191793.44,284.04,98305.08,298.38
190419.16,284.19,98305.08,298.38
191007.20,284.13,98305.08,298.38
190615.03,284.17,98113.20,298.43
190419.16,284.19,97635.14,298.54
190419.16,284.19,97349.41,298.61
191203.52,284.11,97921.71,298.47
192384.77,283.98,96780.41,298.74
191400.02,284.09,98305.08,298.38
190419.16,284.19,98497.33,298.34
189832.55,284.25,97921.71,298.47
190223.48,284.21,97539.80,298.56
190615.03,284.17,97826.08,298.49
190615.03,284.17,98017.41,298.45
189637.30,284.28,97921.71,298.47
190419.16,284.19,97254.33,298.63
191596.64,284.07,97444.55,298.58
191990.39,284.02,97921.71,298.47
191793.44,284.04,98209.09,298.41
189247.31,284.32,98497.33,298.34
190419.16,284.19,97444.55,298.58
190615.03,284.17,97539.80,298.56
190615.03,284.17,97159.38,298.65
189637.30,284.28,98113.20,298.43
189052.56,284.34,97635.14,298.54
190615.03,284.17,97826.08,298.49
190223.48,284.21,98497.33,298.34
189832.55,284.25,98113.20,298.43
191203.52,284.11,97921.71,298.47
190615.03,284.17,97539.80,298.56
189442.25,284.30,98401.16,298.36
192384.77,283.98,98497.33,298.34
189052.56,284.34,97064.48,298.67
191400.02,284.09,98497.33,298.34
189637.30,284.28,98497.33,298.34
189832.55,284.25,98497.33,298.34
192384.77,283.98,98497.33,298.34
191793.44,284.04,98497.33,298.34
191400.02,284.09,98305.08,298.38
190419.16,284.19,97254.33,298.63
192187.52,284.00,98497.33,298.34
191400.02,284.09,98401.16,298.36
191203.52,284.11,98305.08,298.38
191007.20,284.13,97921.71,298.47
191203.52,284.11,98209.09,298.41
192187.52,284.00,98497.33,298.34
190615.03,284.17,98305.08,298.38
191990.39,284.02,97826.08,298.49
190419.16,284.19,98113.20,298.43
192384.77,283.98,98209.09,298.41
189247.31,284.32,98017.41,298.45
191203.52,284.11,98017.41,298.45
191007.20,284.13,97826.08,298.49
192384.77,283.98,98209.09,298.41
189637.30,284.28,97349.41,298.61
190223.48,284.21,98497.33,298.34
191400.02,284.09,98113.20,298.43
191596.64,284.07,97921.71,298.47
190223.48,284.21,98113.20,298.43
191990.39,284.02,97826.08,298.49
190419.16,284.19,97159.38,298.65
192384.77,283.98,98401.16,298.36
191793.44,284.04,97826.08,298.49
191990.39,284.02,98593.60,298.32
191793.44,284.04,97539.80,298.56
190419.16,284.19,98305.08,298.38
190615.03,284.17,98497.33,298.34
189442.25,284.30,97349.41,298.61
189832.55,284.25,97826.08,298.49
189637.30,284.28,98209.09,298.41
190615.03,284.17,98113.20,298.43
191007.20,284.13,98305.08,298.38
191793.44,284.04,98497.33,298.34
191990.39,284.02,97444.55,298.58
190615.03,284.17,97064.48,298.67
188663.50,284.38,97921.71,298.47
190027.92,284.23,97159.38,298.65
191203.52,284.11,98497.33,298.34
191007.20,284.13,97921.71,298.47
191203.52,284.11,98209.09,298.41
190615.03,284.17,98017.41,298.45
189247.31,284.32,97444.55,298.58
189832.55,284.25,98209.09,298.41
190615.03,284.17,98305.08,298.38
189832.55,284.25,98305.08,298.38
190615.03,284.17,97444.55,298.58
190615.03,284.17,98209.09,298.41
192384.77,283.98,97064.48,298.67
190223.48,284.21,98209.09,298.41
190223.48,284.21,98497.33,298.34
192384.77,283.98,98497.33,298.34
191990.39,284.02,98209.09,298.41
190223.48,284.21,98305.08,298.38
190223.48,284.21,98209.09,298.41
191793.44,284.04,98305.08,298.38
189832.55,284.25,97539.80,298.56
191400.02,284.09,98209.09,298.41
188275.05,284.42,97826.08,298.49
190419.16,284.19,97444.55,298.58
190027.92,284.23,98017.41,298.45
191793.44,284.04,96969.70,298.69
190419.16,284.19,97444.55,298.58
191203.52,284.11,98017.41,298.45
193373.52,283.88,98209.09,298.41
191793.44,284.04,97539.80,298.56
191793.44,284.04,98689.95,298.30
189442.25,284.30,97635.14,298.54
191990.39,284.02,96780.41,298.74
192582.22,283.96,98209.09,298.41
192384.77,283.98,98497.33,298.34
191990.39,284.02,97826.08,298.49
191007.20,284.13,98497.33,298.34
191990.39,284.02,98497.33,298.34
190419.16,284.19,97826.08,298.49
189832.55,284.25,97539.80,298.56
189442.25,284.30,98497.33,298.34
190419.16,284.19,97826.08,298.49
190615.03,284.17,98017.41,298.45
185765.11,284.70,98017.41,298.45
191793.44,284.04,98497.33,298.34
190419.16,284.19,98209.09,298.41
191203.52,284.11,98017.41,298.45
191596.64,284.07,98497.33,298.34
190027.92,284.23,97254.33,298.63
191990.39,284.02,97159.38,298.65
190615.03,284.17,98113.20,298.43
192384.77,283.98,97730.57,298.52
192187.52,284.00,97254.33,298.63
189832.55,284.25,98017.41,298.45
192384.77,283.98,98497.33,298.34
192384.77,283.98,97444.55,298.58
191400.02,284.09,98209.09,298.41
192187.52,284.00,98497.33,298.34
189832.55,284.25,98401.16,298.36
190419.16,284.19,96969.70,298.69
189247.31,284.32,98017.41,298.45
190615.03,284.17,98017.41,298.45
1