=~=~=~=~=~=~=~=~=~=~=~= PuTTY log 2021.12.09 17:16:40 =~=~=~=~=~=~=~=~=~=~=~=
236228.70,279.85,54820.42,312.16
235761.02,279.89,54645.02,312.24
236931.83,279.79,54996.21,312.08
233434.63,280.09,54820.42,312.16
235994.77,279.87,54470.02,312.31
235994.77,279.87,55054.91,312.05
236462.91,279.83,54996.21,312.08
237166.59,279.77,54996.21,312.08
235994.77,279.87,54878.98,312.13
234595.33,279.99,54761.90,312.18
235061.00,279.95,54878.98,312.13
236462.91,279.83,54295.41,312.39
234828.02,279.97,54528.30,312.29
235527.47,279.91,54586.64,312.26
234130.44,280.03,54353.56,312.37
234130.44,280.03,54761.90,312.18
235061.00,279.95,54528.30,312.29
236697.23,279.81,54586.64,312.26
234595.33,279.99,54645.02,312.24
234130.44,280.03,54121.19,312.47
235761.02,279.89,54528.30,312.29
235761.02,279.89,54470.02,312.31
234595.33,279.99,54411.77,312.34
233203.16,280.11,54179.22,312.45
233898.31,280.05,54353.56,312.37
233898.31,280.05,54005.27,312.53
235061.00,279.95,54411.77,312.34
236697.23,279.81,54528.30,312.29
235761.02,279.89,54295.41,312.39
234828.02,279.97,54179.22,312.45
233898.31,280.05,54411.77,312.34
233203.16,280.11,54295.41,312.39
233666.39,280.07,54411.77,312.34
235527.47,279.91,54470.02,312.31
234828.02,279.97,54353.56,312.37
237166.59,279.77,54528.30,312.29
233203.16,280.11,54470.02,312.31
236462.91,279.83,54237.29,312.42
235761.02,279.89,54121.19,312.47
234595.33,279.99,54353.56,312.37
235761.02,279.89,53889.52,312.58
235061.00,279.95,54528.30,312.29
234130.44,280.03,53831.71,312.61
233203.16,280.11,54295.41,312.39
234130.44,280.03,54353.56,312.37
233898.31,280.05,54586.64,312.26
233203.16,280.11,54703.44,312.21
237166.59,279.77,54586.64,312.26
234130.44,280.03,54411.77,312.34
233434.63,280.09,54411.77,312.34
236697.23,279.81,54586.64,312.26
235061.00,279.95,54237.29,312.42
234595.33,279.99,53947.37,312.55
236931.83,279.79,54528.30,312.29
235527.47,279.91,53947.37,312.55
235061.00,279.95,54353.56,312.37
236462.91,279.83,53889.52,312.58
233434.63,280.09,54295.41,312.39
235527.47,279.91,54353.56,312.37
236697.23,279.81,54063.20,312.50
236697.23,279.81,54295.41,312.39
233666.39,280.07,54353.56,312.37
235061.00,279.95,53947.37,312.55
236931.83,279.79,54411.77,312.34
234130.44,280.03,54063.20,312.50
233434.63,280.09,54005.27,312.53
239762.77,279.56,54820.42,312.16
232509.75,280.17,54295.41,312.39
235061.00,279.95,54237.29,312.42
235061.00,279.95,54295.41,312.39
235994.77,279.87,54237.29,312.42
234595.33,279.99,54237.29,312.42
234130.44,280.03,53600.91,312.71
237872.19,279.71,54586.64,312.26
233898.31,280.05,54761.90,312.18
234595.33,279.99,54295.41,312.39
235994.77,279.87,54645.02,312.24
235761.02,279.89,54996.21,312.08
236462.91,279.83,54528.30,312.29
237636.75,279.73,55113.64,312.02
232971.80,280.13,54937.57,312.10
237166.59,279.77,54937.57,312.10
233434.63,280.09,54295.41,312.39
234595.33,279.99,54353.56,312.37
236697.23,279.81,54411.77,312.34
234595.33,279.99,54528.30,312.29
235994.77,279.87,54411.77,312.34
233203.16,280.11,54295.41,312.39
235994.77,279.87,54063.20,312.50
235061.00,279.95,54528.30,312.29
235761.02,279.89,54645.02,312.24
236462.91,279.83,54586.64,312.26
234828.02,279.97,54237.29,312.42
237166.59,279.77,54295.41,312.39
234362.77,280.01,54005.27,312.53
233666.39,280.07,54179.22,312.45
236228.70,279.85,54645.02,312.24
236462.91,279.83,54295.41,312.39
234595.33,279.99,54005.27,312.53
234130.44,280.03,54295.41,312.39
235761.02,279.89,54411.77,312.34
234828.02,279.97,54353.56,312.37
234130.44,280.03,54353.56,312.37
233203.16,280.11,54179.22,312.45
233898.31,280.05,54586.64,312.26
236697.23,279.81,54470.02,312.31
234595.33,279.99,54179.22,312.45
233898.31,280.05,54237.29,312.42
236462.91,279.83,54237.29,312.42
236462.91,279.83,54063.20,312.50
234595.33,279.99,54353.56,312.37
233434.63,280.09,54470.02,312.31
234595.33,279.99,54295.41,312.39
235761.02,279.89,54179.22,312.45
233434.63,280.09,54179.22,312.45
233898.31,280.05,54586.64,312.26
236462.91,279.83,54411.77,312.34
235061.00,279.95,54179.22,312.45
234828.02,279.97,54295.41,312.39
233203.16,280.11,54295.41,312.39
235061.00,279.95,54353.56,312.37
235061.00,279.95,54411.77,312.34
233434.63,280.09,54295.41,312.39
233666.39,280.07,54586.64,312.26
234595.33,279.99,54411.77,312.34
233898.31,280.05,54645.02,312.24
234130.44,280.03,54411.77,312.34
234362.77,280.01,54937.57,312.10
233434.63,280.09,54470.02,312.31
234362.77,280.01,54820.42,312.16
237166.59,279.77,54761.90,312.18
233666.39,280.07,55113.64,312.02
233898.31,280.05,54761.90,312.18
235061.00,279.95,55113.64,312.02
235061.00,279.95,54996.21,312.08
235061.00,279.95,55054.91,312.05
233434.63,280.09,54411.77,312.34
233666.39,280.07,55172.41,312.00
233666.39,280.07,54761.90,312.18
233898.31,280.05,54586.64,312.26
236697.23,279.81,54645.02,312.24
235994.77,279.87,54820.42,312.16
233898.31,280.05,54470.02,312.31
235527.47,279.91,54237.29,312.42
234130.44,280.03,54528.30,312.29
235527.47,279.91,54645.02,312.24
236462.91,279.83,54411.77,312.34
235061.00,279.95,54586.64,312.26
234595.33,279.99,53947.37,312.55
232971.80,280.13,54353.56,312.37
236228.70,279.85,54237.29,312.42
236228.70,279.85,54996.21,312.08
234362.77,280.01,54528.30,312.29
234595.33,279.99,54005.27,312.53
233434.63,280.09,54353.56,312.37
233898.31,280.05,53947.37,312.55
234362.77,280.01,54761.90,312.18
234595.33,279.99,54761.90,312.18
234595.33,279.99,54761.90,312.18
233666.39,280.07,54528.30,312.29
232971.80,280.13,54353.56,312.37
236931.83,279.79,54411.77,312.34
234828.02,279.97,54411.77,312.34
234130.44,280.03,54353.56,312.37
235061.00,279.95,54353.56,312.37
233434.63,280.09,54353.56,312.37
231128.41,280.28,54528.30,312.29
231358.14,280.26,53889.52,312.58
235994.77,279.87,54237.29,312.42
235061.00,279.95,54179.22,312.45
233898.31,280.05,54121.19,312.47
231358.14,280.26,54121.19,312.47
231358.14,280.26,54179.22,312.45
234595.33,279.99,54237.29,312.42
235761.02,279.89,54237.29,312.42
233666.39,280.07,54237.29,312.42
233666.39,280.07,54179.22,312.45
232048.50,280.21,54005.27,312.53
233666.39,280.07,53947.37,312.55
235761.02,279.89,54179.22,312.45
234828.02,279.97,53889.52,312.58
234130.44,280.03,53947.37,312.55
236697.23,279.81,54005.27,312.53
233898.31,280.05,53716.21,312.66
232048.50,280.21,53600.91,312.71
234362.77,280.01,53658.54,312.69
233898.31,280.05,53658.54,312.69
235761.02,279.89,54063.20,312.50
233666.39,280.07,53831.71,312.61
233434.63,280.09,53889.52,312.58
233434.63,280.09,53716.21,312.66
234595.33,279.99,54121.19,312.47
235527.47,279.91,53831.71,312.61
233666.39,280.07,53889.52,312.58
233434.63,280.09,53889.52,312.58
233666.39,280.07,53947.37,312.55
236462.91,279.83,53889.52,312.58
233666.39,280.07,54063.20,312.50
234130.44,280.03,53716.21,312.66
233434.63,280.09,53716.21,312.66
233898.31,280.05,53889.52,312.58
234362.77,280.01,53600.91,312.71
234828.02,279.97,53543.31,312.74
233203.16,280.11,53600.91,312.71
234828.02,279.97,53716.21,312.66
234828.02,279.97,53947.37,312.55
233203.16,280.11,53658.54,312.69
233434.63,280.09,53600.91,312.71
236931.83,279.79,53543.31,312.74
235527.47,279.91,53658.54,312.69
233434.63,280.09,53600.91,312.71
234130.44,280.03,53947.37,312.55
233203.16,280.11,53600.91,312.71
232279.05,280.19,53716.21,312.66
232740.69,280.15,53485.76,312.77
235061.00,279.95,53313.37,312.85
233434.63,280.09,54121.19,312.47
235061.00,279.95,53831.71,312.61
233666.39,280.07,53831.71,312.61
232971.80,280.13,53889.52,312.58
233434.63,280.09,53773.94,312.63
233898.31,280.05,53428.25,312.79
233898.31,280.05,53658.54,312.69
234362.77,280.01,54761.90,312.18
235761.02,279.89,54237.29,312.42
234828.02,279.97,54353.56,312.37
234595.33,279.99,53831.71,312.61
233666.39,280.07,54121.19,312.47
235761.02,279.89,54063.20,312.50
233434.63,280.09,53831.71,312.61
235994.77,279.87,54005.27,312.53
234828.02,279.97,54353.56,312.37
233434.63,280.09,53947.37,312.55
232971.80,280.13,53947.37,312.55
234828.02,279.97,53831.71,312.61
233666.39,280.07,53831.71,312.61
232740.69,280.15,53600.91,312.71
234828.02,279.97,53658.54,312.69
234130.44,280.03,53889.52,312.58
233203.16,280.11,53658.54,312.69
232048.50,280.21,53485.76,312.77
233434.63,280.09,53485.76,312.77
234130.44,280.03,53658.54,312.69
232740.69,280.15,53600.91,312.71
233203.16,280.11,53658.54,312.69
235761.02,279.89,53716.21,312.66
235761.02,279.89,53889.52,312.58
233898.31,280.05,53428.25,312.79
233434.63,280.09,53428.25,312.79
233434.63,280.09,53485.76,312.77
235761.02,279.89,53485.76,312.77
234828.02,279.97,53313.37,312.85
233434.63,280.09,53313.37,312.85
232279.05,280.19,53485.76,312.77
233203.16,280.11,53658.54,312.69
234130.44,280.03,53313.37,312.85
232048.50,280.21,53370.79,312.82
233203.16,280.11,53716.21,312.66
235061.00,279.95,53485.76,312.77
234595.33,279.99,53947.37,312.55
234828.02,279.97,53831.71,312.61
235061.00,279.95,53889.52,312.58
235527.47,279.91,53716.21,312.66
232279.05,280.19,53831.71,312.61
232509.75,280.17,53428.25,312.79
232279.05,280.19,53428.25,312.79
230898.91,280.30,53658.54,312.69
233666.39,280.07,53600.91,312.71
231128.41,280.28,54121.19,312.47
232740.69,280.15,53600.91,312.71
234595.33,279.99,54005.27,312.53
234595.33,279.99,53831.71,312.61
234130.44,280.03,53658.54,312.69
234130.44,280.03,53543.31,312.74
234362.77,280.01,53889.52,312.58
234362.77,280.01,53658.54,312.69
236228.70,279.85,54005.27,312.53
235527.47,279.91,54179.22,312.45
233666.39,280.07,53831.71,312.61
234595.33,279.99,53889.52,312.58
231588.05,280.24,53543.31,312.74
232971.80,280.13,53831.71,312.61
233203.16,280.11,53716.21,312.66
233434.63,280.09,53889.52,312.58
233898.31,280.05,53831.71,312.61
235061.00,279.95,54237.29,312.42
233898.31,280.05,53947.37,312.55
232509.75,280.17,53831.71,312.61
233203.16,280.11,53658.54,312.69
233203.16,280.11,53198.66,312.90
234362.77,280.01,53716.21,312.66
232509.75,280.17,53889.52,312.58
233666.39,280.07,53716.21,312.66
233203.16,280.11,53716.21,312.66
234130.44,280.03,53600.91,312.71
234130.44,280.03,53658.54,312.69
233898.31,280.05,52912.62,313.03
234595.33,279.99,53026.91,312.98
232279.05,280.19,53600.91,312.71
234828.02,279.97,53889.52,312.58
234595.33,279.99,53716.21,312.66
232740.69,280.15,53831.71,312.61
233203.16,280.11,53658.54,312.69
232740.69,280.15,53543.31,312.74
232048.50,280.21,53543.31,312.74
233434.63,280.09,53313.37,312.85
231358.14,280.26,53658.54,312.69
231818.20,280.22,53831.71,312.61
236697.23,279.81,53370.79,312.82
233434.63,280.09,53485.76,312.77
235061.00,279.95,53658.54,312.69
230898.91,280.30,53313.37,312.85
233434.63,280.09,53313.37,312.85
232048.50,280.21,53485.76,312.77
231128.41,280.28,53543.31,312.74
232740.69,280.15,53370.79,312.82
233666.39,280.07,53658.54,312.69
233666.39,280.07,53313.37,312.85
234828.02,279.97,53543.31,312.74
234828.02,279.97,53658.54,312.69
234828.02,279.97,53255.99,312.87
233666.39,280.07,53428.25,312.79
231128.41,280.28,53313.37,312.85
235061.00,279.95,53716.21,312.66
232971.80,280.13,53313.37,312.85
231358.14,280.26,53370.79,312.82
233898.31,280.05,53313.37,312.85
232740.69,280.15,53370.79,312.82
230898.91,280.30,53485.76,312.77
232971.80,280.13,53716.21,312.66
232509.75,280.17,53485.76,312.77
230669.53,280.32,53831.71,312.61
233666.39,280.07,53889.52,312.58
234828.02,279.97,53716.21,312.66
231128.41,280.28,53428.25,312.79
232048.50,280.21,53313.37,312.85
235061.00,279.95,53543.31,312.74
236931.83,279.79,53716.21,312.66
234595.33,279.99,53428.25,312.79
234130.44,280.03,53658.54,312.69
233666.39,280.07,53716.21,312.66
234828.02,279.97,53600.91,312.71
231818.20,280.22,53370.79,312.82
232279.05,280.19,53313.37,312.85
231818.20,280.22,53313.37,312.85
231358.14,280.26,53198.66,312.90
234828.02,279.97,53370.79,312.82
233203.16,280.11,53485.76,312.77
233434.63,280.09,53255.99,312.87
235061.00,279.95,54063.20,312.50
234130.44,280.03,53716.21,312.66
234130.44,280.03,53485.76,312.77
233898.31,280.05,53428.25,312.79
232279.05,280.19,53313.37,312.85
231128.41,280.28,53198.66,312.90
233203.16,280.11,53313.37,312.85
234130.44,280.03,53313.37,312.85
234828.02,279.97,53428.25,312.79
232740.69,280.15,53600.91,312.71
234828.02,279.97,52969.75,313.01
237166.59,279.77,53485.76,312.77
235994.77,279.87,53313.37,312.85
234595.33,279.99,53313.37,312.85
232509.75,280.17,53198.66,312.90
232971.80,280.13,53313.37,312.85
232509.75,280.17,53198.66,312.90
234595.33,279.99,53889.52,312.58
233434.63,280.09,53600.91,312.71
232740.69,280.15,53485.76,312.77
233203.16,280.11,53831.71,312.61
237636.75,279.73,53658.54,312.69
235061.00,279.95,52969.75,313.01
230669.53,280.32,53658.54,312.69
230898.91,280.30,53313.37,312.85
233434.63,280.09,53889.52,312.58
233666.39,280.07,53658.54,312.69
234130.44,280.03,53947.37,312.55
233203.16,280.11,53716.21,312.66
232971.80,280.13,53716.21,312.66
234130.44,280.03,53543.31,312.74
233666.39,280.07,53313.37,312.85
230898.91,280.30,53141.37,312.93
233203.16,280.11,53773.94,312.63
233434.63,280.09,53600.91,312.71
231128.41,280.28,53313.37,312.85
232279.05,280.19,53370.79,312.82
237166.59,279.77,53141.37,312.93
233666.39,280.07,53600.91,312.71
231358.14,280.26,53600.91,312.71
232279.05,280.19,53485.76,312.77
233666.39,280.07,53141.37,312.93
231128.41,280.28,53600.91,312.71
233203.16,280.11,53370.79,312.82
235061.00,279.95,53716.21,312.66
233203.16,280.11,53716.21,312.66
233434.63,280.09,53313.37,312.85
230898.91,280.30,53428.25,312.79
232048.50,280.21,53485.76,312.77
235061.00,279.95,53313.37,312.85
231358.14,280.26,53198.66,312.90
233898.31,280.05,53716.21,312.66
232279.05,280.19,54005.27,312.53
235061.00,279.95,53600.91,312.71
233203.16,280.11,53141.37,312.93
231358.14,280.26,53313.37,312.85
232740.69,280.15,53313.37,312.85
232279.05,280.19,53255.99,312.87
233434.63,280.09,53026.91,312.98
229754.19,280.40,53255.99,312.87
233203.16,280.11,53255.99,312.87
234595.33,279.99,53370.79,312.82
234130.44,280.03,53831.71,312.61
232048.50,280.21,53141.37,312.93
233203.16,280.11,53313.37,312.85
233898.31,280.05,53313.37,312.85
232279.05,280.19,53198.66,312.90
234130.44,280.03,53255.99,312.87
234362.77,280.01,53370.79,312.82
234595.33,279.99,53485.76,312.77
233203.16,280.11,53313.37,312.85
233666.39,280.07,53370.79,312.82
234130.44,280.03,52684.56,313.14
235061.00,279.95,52969.75,313.01
231358.14,280.26,53313.37,312.85
233203.16,280.11,53255.99,312.87
234362.77,280.01,53313.37,312.85
234595.33,279.99,53600.91,312.71
232740.69,280.15,53255.99,312.87
233666.39,280.07,53831.71,312.61
234130.44,280.03,53485.76,312.77
230669.53,280.32,53313.37,312.85
234828.02,279.97,53370.79,312.82
235761.02,279.89,53313.37,312.85
233203.16,280.11,53198.66,312.90
232740.69,280.15,53255.99,312.87
233203.16,280.11,53198.66,312.90
230898.91,280.30,53141.37,312.93
233203.16,280.11,53428.25,312.79
235061.00,279.95,53313.37,312.85
231818.20,280.22,53141.37,312.93
230898.91,280.30,53255.99,312.87
235061.00,279.95,53026.91,312.98
232971.80,280.13,53084.12,312.95
233203.16,280.11,53485.76,312.77
233203.16,280.11,53370.79,312.82
233203.16,280.11,53370.79,312.82
231128.41,280.28,53255.99,312.87
233434.63,280.09,53370.79,312.82
233898.31,280.05,53600.91,312.71
233666.39,280.07,53141.37,312.93
231128.41,280.28,53600.91,312.71
236931.83,279.79,53313.37,312.85
234595.33,279.99,53600.91,312.71
231358.14,280.26,53313.37,312.85
231358.14,280.26,53198.66,312.90
233898.31,280.05,53485.76,312.77
232048.50,280.21,53313.37,312.85
232740.69,280.15,53141.37,312.93
232048.50,280.21,53141.37,312.93
232048.50,280.21,53428.25,312.79
235061.00,279.95,53716.21,312.66
231588.05,280.24,53716.21,312.66
231128.41,280.28,53428.25,312.79
231818.20,280.22,53428.25,312.79
232279.05,280.19,53600.91,312.71
234595.33,279.99,53543.31,312.74
233434.63,280.09,53313.37,312.85
231128.41,280.28,53198.66,312.90
232509.75,280.17,53313.37,312.85
232740.69,280.15,53716.21,312.66
234595.33,279.99,53831.71,312.61
234130.44,280.03,53370.79,312.82
232048.50,280.21,53313.37,312.85
232048.50,280.21,53658.54,312.69
235761.02,279.89,53485.76,312.77
233434.63,280.09,53947.37,312.55
234130.44,280.03,53658.54,312.69
232048.50,280.21,53198.66,312.90
232048.50,280.21,53370.79,312.82
232971.80,280.13,53543.31,312.74
235994.77,279.87,53370.79,312.82
231818.20,280.22,53313.37,312.85
230440.44,280.34,53485.76,312.77
231358.14,280.26,53255.99,312.87
231128.41,280.28,53485.76,312.77
233666.39,280.07,53313.37,312.85
233898.31,280.05,53313.37,312.85
232971.80,280.13,53370.79,312.82
233434.63,280.09,53198.66,312.90
233203.16,280.11,53255.99,312.87
231358.14,280.26,53198.66,312.90
235061.00,279.95,53313.37,312.85
233434.63,280.09,53370.79,312.82
235994.77,279.87,53428.25,312.79
233434.63,280.09,53313.37,312.85
232971.80,280.13,53313.37,312.85
233434.63,280.09,52969.75,313.01
231818.20,280.22,53141.37,312.93
235527.47,279.91,53255.99,312.87
234828.02,279.97,53198.66,312.90
232048.50,280.21,53313.37,312.85
233203.16,280.11,52912.62,313.03
231358.14,280.26,52798.51,313.09
231818.20,280.22,53313.37,312.85
235061.00,279.95,53255.99,312.87
231358.14,280.26,53313.37,312.85
231358.14,280.26,53198.66,312.90
234130.44,280.03,53026.91,312.98
234130.44,280.03,53370.79,312.82
233434.63,280.09,53428.25,312.79
233666.39,280.07,53485.76,312.77
232740.69,280.15,53370.79,312.82
232048.50,280.21,53370.79,312.82
229754.19,280.40,53370.79,312.82
233434.63,280.09,53370.79,312.82
233898.31,280.05,53716.21,312.66
235061.00,279.95,52912.62,313.03
233434.63,280.09,53313.37,312.85
232279.05,280.19,53255.99,312.87
232279.05,280.19,52969.75,313.01
233203.16,280.11,53313.37,312.85
232971.80,280.13,53141.37,312.93
231818.20,280.22,53026.91,312.98
231128.41,280.28,53026.91,312.98
233203.16,280.11,53255.99,312.87
234828.02,279.97,53313.37,312.85
233434.63,280.09,53026.91,312.98
233203.16,280.11,53026.91,312.98
232048.50,280.21,53313.37,312.85
232279.05,280.19,53313.37,312.85
234828.02,279.97,53313.37,312.85
233203.16,280.11,53313.37,312.85
232279.05,280.19,52969.75,313.01
231358.14,280.26,53141.37,312.93
232971.80,280.13,53313.37,312.85
235061.00,279.95,52570.79,313.19
233434.63,280.09,53485.76,312.77
233434.63,280.09,52004.46,313.46
232740.69,280.15,53026.91,312.98
232971.80,280.13,53370.79,312.82
230898.91,280.30,53313.37,312.85
232279.05,280.19,53141.37,312.93
234130.44,280.03,53255.99,312.87
230440.44,280.34,53026.91,312.98
232740.69,280.15,53255.99,312.87
232279.05,280.19,53255.99,312.87
231128.41,280.28,53084.12,312.95
232048.50,280.21,53084.12,312.95
231818.20,280.22,53313.37,312.85
233434.63,280.09,53313.37,312.85
232971.80,280.13,53313.37,312.85
233203.16,280.11,53313.37,312.85
230211.47,280.36,53026.91,312.98
232048.50,280.21,53313.37,312.85
233666.39,280.07,53255.99,312.87
232509.75,280.17,53141.37,312.93
232279.05,280.19,52798.51,313.09
232971.80,280.13,53141.37,312.93
234595.33,279.99,53313.37,312.85
233203.16,280.11,53255.99,312.87
233666.39,280.07,53255.99,312.87
232279.05,280.19,53026.91,312.98
232279.05,280.19,52912.62,313.03
234595.33,279.99,53026.91,312.98
231818.20,280.22,53313.37,312.85
232279.05,280.19,53198.66,312.90
231358.14,280.26,53198.66,312.90
232971.80,280.13,52230.49,313.35
229754.19,280.40,52117.39,313.41
231818.20,280.22,52969.75,313.01
233434.63,280.09,53600.91,312.71
235061.00,279.95,53084.12,312.95
233434.63,280.09,52741.52,313.11
235061.00,279.95,53313.37,312.85
232509.75,280.17,52798.51,313.09
232048.50,280.21,53026.91,312.98
231128.41,280.28,53141.37,312.93
230440.44,280.34,53141.37,312.93
233434.63,280.09,53198.66,312.90
232971.80,280.13,53026.91,312.98
231818.20,280.22,53255.99,312.87
230440.44,280.34,53141.37,312.93
232279.05,280.19,53141.37,312.93
234130.44,280.03,53313.37,312.85
233666.39,280.07,53198.66,312.90
232048.50,280.21,52570.79,313.19
232279.05,280.19,52969.75,313.01
233666.39,280.07,53026.91,312.98
231818.20,280.22,52798.51,313.09
231128.41,280.28,52457.19,313.25
233666.39,280.07,52798.51,313.09
229754.19,280.40,52912.62,313.03
230898.91,280.30,52684.56,313.14
233203.16,280.11,53141.37,312.93
236931.83,279.79,53255.99,312.87
232048.50,280.21,52798.51,313.09
230440.44,280.34,52741.52,313.11
231818.20,280.22,53084.12,312.95
233203.16,280.11,53084.12,312.95
232048.50,280.21,52741.52,313.11
230440.44,280.34,53313.37,312.85
233898.31,280.05,52741.52,313.11
230669.53,280.32,52741.52,313.11
230898.91,280.30,53084.12,312.95
232740.69,280.15,53026.91,312.98
233434.63,280.09,53198.66,312.90
231358.14,280.26,53026.91,312.98
232279.05,280.19,53026.91,312.98
234130.44,280.03,52798.51,313.09
230898.91,280.30,53026.91,312.98
233898.31,280.05,53198.66,312.90
231358.14,280.26,53084.12,312.95
233434.63,280.09,52969.75,313.01
232740.69,280.15,53026.91,312.98
232971.80,280.13,53313.37,312.85
232048.50,280.21,52912.62,313.03
230440.44,280.34,52969.75,313.01
231358.14,280.26,53198.66,312.90
233434.63,280.09,53313.37,312.85
232740.69,280.15,53313.37,312.85
232740.69,280.15,53084.12,312.95
234828.02,279.97,52912.62,313.03
232279.05,280.19,53026.91,312.98
231128.41,280.28,52912.62,313.03
232740.69,280.15,52684.56,313.14
233434.63,280.09,52969.75,313.01
232971.80,280.13,52684.56,313.14
232740.69,280.15,52798.51,313.09
232971.80,280.13,52912.62,313.03
232971.80,280.13,52684.56,313.14
232740.69,280.15,52627.66,313.17
236462.91,279.83,53313.37,312.85
234130.44,280.03,52798.51,313.09
231358.14,280.26,52912.62,313.03
231128.41,280.28,52798.51,313.09
232740.69,280.15,52912.62,313.03
234828.02,279.97,52969.75,313.01
231358.14,280.26,53026.91,312.98
233666.39,280.07,53313.37,312.85
233434.63,280.09,53141.37,312.93
232279.05,280.19,52570.79,313.19
229982.75,280.38,53026.91,312.98
231358.14,280.26,52798.51,313.09
233203.16,280.11,53141.37,312.93
232971.80,280.13,53084.12,312.95
232279.05,280.19,52741.52,313.11
230440.44,280.34,53198.66,312.90
233666.39,280.07,53370.79,312.82
234595.33,279.99,53141.37,312.93
231358.14,280.26,52798.51,313.09
232971.80,280.13,53084.12,312.95
235527.47,279.91,53198.66,312.90
233434.63,280.09,52969.75,313.01
235527.47,279.91,52912.62,313.03
233434.63,280.09,53198.66,312.90
232740.69,280.15,52969.75,313.01
233434.63,280.09,52798.51,313.09
234828.02,279.97,53313.37,312.85
233434.63,280.09,53313.37,312.85
230440.44,280.34,53255.99,312.87
234130.44,280.03,53084.12,312.95
237166.59,279.77,53084.12,312.95
232048.50,280.21,53198.66,312.90
231818.20,280.22,53313.37,312.85
233434.63,280.09,53313.37,312.85
233434.63,280.09,53313.37,312.85
231818.20,280.22,52684.56,313.14
230211.47,280.36,53313.37,312.85
232048.50,280.21,52969.75,313.01
229982.75,280.38,52969.75,313.01
232048.50,280.21,53313.37,312.85
236462.91,279.83,52741.52,313.11
232971.80,280.13,53198.66,312.90
233434.63,280.09,53026.91,312.98
234595.33,279.99,52969.75,313.01
234130.44,280.03,52798.51,313.09
230211.47,280.36,53141.37,312.93
232740.69,280.15,53198.66,312.90
230898.91,280.30,53370.79,312.82
232509.75,280.17,53141.37,312.93
234362.77,280.01,53313.37,312.85
235761.02,279.89,52798.51,313.09
231358.14,280.26,53198.66,312.90
232740.69,280.15,53313.37,312.85
233898.31,280.05,53370.79,312.82
232971.80,280.13,53370.79,312.82
233434.63,280.09,53255.99,312.87
231128.41,280.28,53026.91,312.98
233434.63,280.09,53198.66,312.90
233666.39,280.07,53026.91,312.98
234130.44,280.03,52969.75,313.01
234130.44,280.03,53370.79,312.82
231358.14,280.26,53141.37,312.93
232740.69,280.15,53313.37,312.85
235761.02,279.89,53313.37,312.85
234828.02,279.97,53084.12,312.95
235061.00,279.95,53141.37,312.93
232740.69,280.15,53313.37,312.85
236697.23,279.81,53141.37,312.93
230211.47,280.36,53313.37,312.85
232279.05,280.19,53313.37,312.85
231358.14,280.26,53141.37,312.93
232509.75,280.17,53313.37,312.85
230898.91,280.30,53141.37,312.93
231358.14,280.26,52798.51,313.09
233203.16,280.11,53370.79,312.82
232740.69,280.15,53198.66,312.90
232048.50,280.21,53026.91,312.98
229754.19,280.40,53947.37,312.55
233203.16,280.11,53313.37,312.85
233434.63,280.09,52969.75,313.01
232048.50,280.21,52741.52,313.11
230440.44,280.34,53026.91,312.98
234595.33,279.99,53313.37,312.85
230898.91,280.30,53313.37,312.85
232971.80,280.13,53255.99,312.87
234362.77,280.01,53141.37,312.93
233666.39,280.07,52912.62,313.03
233203.16,280.11,52855.54,313.06
231358.14,280.26,53141.37,312.93
235994.77,279.87,53313.37,312.85
231818.20,280.22,52684.56,313.14
232971.80,280.13,53084.12,312.95
235761.02,279.89,53313.37,312.85
233434.63,280.09,53313.37,312.85
232279.05,280.19,52798.51,313.09
234130.44,280.03,53313.37,312.85
232048.50,280.21,52969.75,313.01
231818.20,280.22,52684.56,313.14
233434.63,280.09,52741.52,313.11
233666.39,280.07,53313.37,312.85
234130.44,280.03,53255.99,312.87
232740.69,280.15,53141.37,312.93
230898.91,280.30,52570.79,313.19
231358.14,280.26,52912.62,313.03
234828.02,279.97,53313.37,312.85
231358.14,280.26,53084.12,312.95
231128.41,280.28,52969.75,313.01
233434.63,280.09,53198.66,312.90
234828.02,279.97,53313.37,312.85
232509.75,280.17,53313.37,312.85
229982.75,280.38,53313.37,312.85
231818.20,280.22,53313.37,312.85
232509.75,280.17,53141.37,312.93
232740.69,280.15,53084.12,312.95
233434.63,280.09,52969.75,313.01
232740.69,280.15,52741.52,313.11
232279.05,280.19,53141.37,312.93
233434.63,280.09,53313.37,312.85
232048.50,280.21,53313.37,312.85
231128.41,280.28,53313.37,312.85
232279.05,280.19,52969.75,313.01
234828.02,279.97,53255.99,312.87
233666.39,280.07,53026.91,312.98
232279.05,280.19,53198.66,312.90
229982.75,280.38,52912.62,313.03
229754.19,280.40,53026.91,312.98
231818.20,280.22,52741.52,313.11
233666.39,280.07,52741.52,313.11
233898.31,280.05,53313.37,312.85
232509.75,280.17,53370.79,312.82
233666.39,280.07,53026.91,312.98
236462.91,279.83,53313.37,312.85
233434.63,280.09,53141.37,312.93
232048.50,280.21,53141.37,312.93
232740.69,280.15,53141.37,312.93
229754.19,280.40,52969.75,313.01
233666.39,280.07,53313.37,312.85
234130.44,280.03,52912.62,313.03
233203.16,280.11,53485.76,312.77
233203.16,280.11,53313.37,312.85
233434.63,280.09,52457.19,313.25
230669.53,280.32,52798.51,313.09
231818.20,280.22,53141.37,312.93
234130.44,280.03,53313.37,312.85
232048.50,280.21,53141.37,312.93
232279.05,280.19,53198.66,312.90
232509.75,280.17,52684.56,313.14
233434.63,280.09,52741.52,313.11
231818.20,280.22,53198.66,312.90
231128.41,280.28,53198.66,312.90
233203.16,280.11,53084.12,312.95
234828.02,279.97,53773.94,312.63
232971.80,280.13,52798.51,313.09
233203.16,280.11,53428.25,312.79
234595.33,279.99,53198.66,312.90
232279.05,280.19,53313.37,312.85
232740.69,280.15,53255.99,312.87
230440.44,280.34,53313.37,312.85
233434.63,280.09,53313.37,312.85
232279.05,280.19,53313.37,312.85
234130.44,280.03,53485.76,312.77
230440.44,280.34,53428.25,312.79
233203.16,280.11,53313.37,312.85
233898.31,280.05,53313.37,312.85
232279.05,280.19,53485.76,312.77
230898.91,280.30,53313.37,312.85
231358.14,280.26,53543.31,312.74
229982.75,280.38,53313.37,312.85
233203.16,280.11,53658.54,312.69
234130.44,280.03,53600.91,312.71
233434.63,280.09,53255.99,312.87
232971.80,280.13,54237.29,312.42
232971.80,280.13,53485.76,312.77
235761.02,279.89,53543.31,312.74
231128.41,280.28,53831.71,312.61
233203.16,280.11,53198.66,312.90
232279.05,280.19,53141.37,312.93
233666.39,280.07,53428.25,312.79
232279.05,280.19,53255.99,312.87
231358.14,280.26,53370.79,312.82
232971.80,280.13,53313.37,312.85
233898.31,280.05,52004.46,313.46
233203.16,280.11,53485.76,312.77
230211.47,280.36,53198.66,312.90
231358.14,280.26,53198.66,312.90
230669.53,280.32,53084.12,312.95
233203.16,280.11,53026.91,312.98
232740.69,280.15,53198.66,312.90
236462.91,279.83,53313.37,312.85
234362.77,280.01,53313.37,312.85
231818.20,280.22,53141.37,312.93
232509.75,280.17,53026.91,312.98
229982.75,280.38,53370.79,312.82
233666.39,280.07,53313.37,312.85
231128.41,280.28,52741.52,313.11
232048.50,280.21,53370.79,312.82
232509.75,280.17,53313.37,312.85
233666.39,280.07,53600.91,312.71
232279.05,280.19,53255.99,312.87
231128.41,280.28,53313.37,312.85
232971.80,280.13,53428.25,312.79
230898.91,280.30,53370.79,312.82
232971.80,280.13,53255.99,312.87
232971.80,280.13,53141.37,312.93
235994.77,279.87,52912.62,313.03
233666.39,280.07,53198.66,312.90
229754.19,280.40,53313.37,312.85
233434.63,280.09,53255.99,312.87
233666.39,280.07,53313.37,312.85
231818.20,280.22,53026.91,312.98
230440.44,280.34,53255.99,312.87
232740.69,280.15,53026.91,312.98
233203.16,280.11,53428.25,312.79
233434.63,280.09,53141.37,312.93
232740.69,280.15,53198.66,312.90
234595.33,279.99,53313.37,312.85
232740.69,280.15,52570.79,313.19
231358.14,280.26,53198.66,312.90
232279.05,280.19,52684.56,313.14
233666.39,280.07,53141.37,312.93
232048.50,280.21,53026.91,312.98
230669.53,280.32,53313.37,312.85
233203.16,280.11,53313.37,312.85
234130.44,280.03,53313.37,312.85
230440.44,280.34,53198.66,312.90
234828.02,279.97,53313.37,312.85
232048.50,280.21,53026.91,312.98
232509.75,280.17,53141.37,312.93
233203.16,280.11,53141.37,312.93
232740.69,280.15,53141.37,312.93
231818.20,280.22,53313.37,312.85
232740.69,280.15,53026.91,312.98
232971.80,280.13,53313.37,312.85
231128.41,280.28,53370.79,312.82
232279.05,280.19,53026.91,312.98
233203.16,280.11,53255.99,312.87
232279.05,280.19,52912.62,313.03
229297.72,280.44,52684.56,313.14
233898.31,280.05,52969.75,313.01
233203.16,280.11,53255.99,312.87
230211.47,280.36,53313.37,312.85
233434.63,280.09,53141.37,312.93
232971.80,280.13,53313.37,312.85
232740.69,280.15,53313.37,312.85
235061.00,279.95,53255.99,312.87
235994.77,279.87,53370.79,312.82
233434.63,280.09,53141.37,312.93
230898.91,280.30,53198.66,312.90
232279.05,280.19,53141.37,312.93
232048.50,280.21,53198.66,312.90
233434.63,280.09,53313.37,312.85
233434.63,280.09,52912.62,313.03
231358.14,280.26,52798.51,313.09
234130.44,280.03,52969.75,313.01
233666.39,280.07,52741.52,313.11
234828.02,279.97,52400.45,313.27
232509.75,280.17,53141.37,312.93
234595.33,279.99,52912.62,313.03
232279.05,280.19,52798.51,313.09
233434.63,280.09,52798.51,313.09
233203.16,280.11,52287.09,313.33
234130.44,280.03,52912.62,313.03
230898.91,280.30,52969.75,313.01
232740.69,280.15,52798.51,313.09
231358.14,280.26,52969.75,313.01
231818.20,280.22,52400.45,313.27
232740.69,280.15,52684.56,313.14
235527.47,279.91,53026.91,312.98
233666.39,280.07,52798.51,313.09
232048.50,280.21,52570.79,313.19
232971.80,280.13,52684.56,313.14
232740.69,280.15,52741.52,313.11
232509.75,280.17,52912.62,313.03
233203.16,280.11,52570.79,313.19
233203.16,280.11,52969.75,313.01
229754.19,280.40,53313.37,312.85
233203.16,280.11,53026.91,312.98
232971.80,280.13,52855.54,313.06
233203.16,280.11,53141.37,312.93
231818.20,280.22,53255.99,312.87
234595.33,279.99,53026.91,312.98
232971.80,280.13,52798.51,313.09
233434.63,280.09,53141.37,312.93
230898.91,280.30,52684.56,313.14
232279.05,280.19,53313.37,312.85
232740.69,280.15,53026.91,312.98
231358.14,280.26,53198.66,312.90
231128.41,280.28,52684.56,313.14
232740.69,280.15,52912.62,313.03
229982.75,280.38,53026.91,312.98
232740.69,280.15,53255.99,312.87
232740.69,280.15,52798.51,313.09
233666.39,280.07,52798.51,313.09
232971.80,280.13,52741.52,313.11
231358.14,280.26,52855.54,313.06
232971.80,280.13,52513.97,313.22
235761.02,279.89,53141.37,312.93
231818.20,280.22,52912.62,313.03
232509.75,280.17,53026.91,312.98
230898.91,280.30,52969.75,313.01
232279.05,280.19,52798.51,313.09
234595.33,279.99,53026.91,312.98
232509.75,280.17,52969.75,313.01
229297.72,280.44,52798.51,313.09
232048.50,280.21,53026.91,312.98
233203.16,280.11,52798.51,313.09
231818.20,280.22,53084.12,312.95
231358.14,280.26,53198.66,312.90
232740.69,280.15,53198.66,312.90
232971.80,280.13,53198.66,312.90
233434.63,280.09,53084.12,312.95
230440.44,280.34,53084.12,312.95
234362.77,280.01,53428.25,312.79
233434.63,280.09,53313.37,312.85
231128.41,280.28,52969.75,313.01
230440.44,280.34,53255.99,312.87
231358.14,280.26,53255.99,312.87
233666.39,280.07,53313.37,312.85
232048.50,280.21,53255.99,312.87
229982.75,280.38,52969.75,313.01
232740.69,280.15,53370.79,312.82
232048.50,280.21,52912.62,313.03
228614.48,280.50,52741.52,313.11
231358.14,280.26,52912.62,313.03
233898.31,280.05,53084.12,312.95
233666.39,280.07,53370.79,312.82
229982.75,280.38,53141.37,312.93
231128.41,280.28,52684.56,313.14
233666.39,280.07,53198.66,312.90
235061.00,279.95,53255.99,312.87
231128.41,280.28,53026.91,312.98
231358.14,280.26,53026.91,312.98
232048.50,280.21,53141.37,312.93
232971.80,280.13,53255.99,312.87
229754.19,280.40,53313.37,312.85
231818.20,280.22,52684.56,313.14
233203.16,280.11,53255.99,312.87
233203.16,280.11,53831.71,312.61
231358.14,280.26,52684.56,313.14
230898.91,280.30,53255.99,312.87
233898.31,280.05,52741.52,313.11
232971.80,280.13,52798.51,313.09
233434.63,280.09,53198.66,312.90
230898.91,280.30,52798.51,313.09
232740.69,280.15,53198.66,312.90
234130.44,280.03,53141.37,312.93
231358.14,280.26,53313.37,312.85
232279.05,280.19,52912.62,313.03
231358.14,280.26,53026.91,312.98
232048.50,280.21,52798.51,313.09
232740.69,280.15,52457.19,313.25
231588.05,280.24,52741.52,313.11
233203.16,280.11,52798.51,313.09
232740.69,280.15,52627.66,313.17
233434.63,280.09,53026.91,312.98
232279.05,280.19,52570.79,313.19
232509.75,280.17,52457.19,313.25
231358.14,280.26,52570.79,313.19
230898.91,280.30,52627.66,313.17
232048.50,280.21,52684.56,313.14
231358.14,280.26,52684.56,313.14
231128.41,280.28,52513.97,313.22
233666.39,280.07,52741.52,313.11
233434.63,280.09,52684.56,313.14
232740.69,280.15,52400.45,313.27
232740.69,280.15,52912.62,313.03
234130.44,280.03,52627.66,313.17
232740.69,280.15,52969.75,313.01
233203.16,280.11,53255.99,312.87
229754.19,280.40,52912.62,313.03
233898.31,280.05,52798.51,313.09
234130.44,280.03,52912.62,313.03
230211.47,280.36,52570.79,313.19
232971.80,280.13,52060.90,313.44
233434.63,280.09,53141.37,312.93
232048.50,280.21,52798.51,313.09
233666.39,280.07,53141.37,312.93
232279.05,280.19,53141.37,312.93
232279.05,280.19,53141.37,312.93
233434.63,280.09,52798.51,313.09
233666.39,280.07,52684.56,313.14
231358.14,280.26,52513.97,313.22
232740.69,280.15,53255.99,312.87
234828.02,279.97,52684.56,313.14
234595.33,279.99,52855.54,313.06
231128.41,280.28,52969.75,313.01
232279.05,280.19,53026.91,312.98
231818.20,280.22,53084.12,312.95
231818.20,280.22,53141.37,312.93
229982.75,280.38,53141.37,312.93
230440.44,280.34,53313.37,312.85
231128.41,280.28,53084.12,312.95
232740.69,280.15,53313.37,312.85
231358.14,280.26,53084.12,312.95
233434.63,280.09,52684.56,313.14
231358.14,280.26,53313.37,312.85
233898.31,280.05,53370.79,312.82
234595.33,279.99,53255.99,312.87
232048.50,280.21,53313.37,312.85
229297.72,280.44,53485.76,312.77
231358.14,280.26,53313.37,312.85
233434.63,280.09,53716.21,312.66
233434.63,280.09,53716.21,312.66
231818.20,280.22,53313.37,312.85
231358.14,280.26,53370.79,312.82
230669.53,280.32,53428.25,312.79
233203.16,280.11,53428.25,312.79
233203.16,280.11,53313.37,312.85
231818.20,280.22,53485.76,312.77
232971.80,280.13,53543.31,312.74
232971.80,280.13,53485.76,312.77
232048.50,280.21,53485.76,312.77
231128.41,280.28,53428.25,312.79
232509.75,280.17,53428.25,312.79
231358.14,280.26,53313.37,312.85
232971.80,280.13,53543.31,312.74
230898.91,280.30,53141.37,312.93
231128.41,280.28,53313.37,312.85
229754.19,280.40,53141.37,312.93
233203.16,280.11,53255.99,312.87
232279.05,280.19,53428.25,312.79
233434.63,280.09,53370.79,312.82
230669.53,280.32,53026.91,312.98
229754.19,280.40,53141.37,312.93
233434.63,280.09,53313.37,312.85
233434.63,280.09,54121.19,312.47
228387.08,280.52,52060.90,313.44
232279.05,280.19,53026.91,312.98
233203.16,280.11,53026.91,312.98
232740.69,280.15,52684.56,313.14
230440.44,280.34,52400.45,313.27
232740.69,280.15,52912.62,313.03
233434.63,280.09,52912.62,313.03
231818.20,280.22,52741.52,313.11
232048.50,280.21,52969.75,313.01
233203.16,280.11,52969.75,313.01
232048.50,280.21,52513.97,313.22
234130.44,280.03,53313.37,312.85
233434.63,280.09,53141.37,312.93
232971.80,280.13,52969.75,313.01
232279.05,280.19,52912.62,313.03
232279.05,280.19,52400.45,313.27
232279.05,280.19,52741.52,313.11
232971.80,280.13,52798.51,313.09
234130.44,280.03,53198.66,312.90
231818.20,280.22,52684.56,313.14
231818.20,280.22,52343.75,313.30
231358.14,280.26,52343.75,313.30
233434.63,280.09,52912.62,313.03
235294.13,279.93,52969.75,313.01
234828.02,279.97,53084.12,312.95
231358.14,280.26,52684.56,313.14
232279.05,280.19,52627.66,313.17
232740.69,280.15,52969.75,313.01
233898.31,280.05,52912.62,313.03
232279.05,280.19,52798.51,313.09
232971.80,280.13,52969.75,313.01
233203.16,280.11,52741.52,313.11
231128.41,280.28,52798.51,313.09
231818.20,280.22,52798.51,313.09
230211.47,280.36,52741.52,313.11
233203.16,280.11,53255.99,312.87
233434.63,280.09,52570.79,313.19
229754.19,280.40,52684.56,313.14
233434.63,280.09,52741.52,313.11
233898.31,280.05,52855.54,313.06
232048.50,280.21,52969.75,313.01
232740.69,280.15,52570.79,313.19
234130.44,280.03,53026.91,312.98
230440.44,280.34,52513.97,313.22
229982.75,280.38,52457.19,313.25
232740.69,280.15,52741.52,313.11
231588.05,280.24,52798.51,313.09
232048.50,280.21,52457.19,313.25
233434.63,280.09,52969.75,313.01
232048.50,280.21,52798.51,313.09
231818.20,280.22,52798.51,313.09
232048.50,280.21,51835.37,313.54
237166.59,279.77,52400.45,313.27
233203.16,280.11,52912.62,313.03
229982.75,280.38,52457.19,313.25
232971.80,280.13,52684.56,313.14
230440.44,280.34,52684.56,313.14
232279.05,280.19,52457.19,313.25
232971.80,280.13,52741.52,313.11
235061.00,279.95,52400.45,313.27
231588.05,280.24,52457.19,313.25
232509.75,280.17,52400.45,313.27
233434.63,280.09,52798.51,313.09
233434.63,280.09,52684.56,313.14
231358.14,280.26,52400.45,313.27
232279.05,280.19,52343.75,313.30
230898.91,280.30,52343.75,313.30
232279.05,280.19,52513.97,313.22
232509.75,280.17,52400.45,313.27
233203.16,280.11,52457.19,313.25
233666.39,280.07,52230.49,313.35
234130.44,280.03,52684.56,313.14
234595.33,279.99,52570.79,313.19
232279.05,280.19,52400.45,313.27
231818.20,280.22,52400.45,313.27
232740.69,280.15,52287.09,313.33
232279.05,280.19,52684.56,313.14
234130.44,280.03,52684.56,313.14
233898.31,280.05,52570.79,313.19
231128.41,280.28,52173.92,313.38
231358.14,280.26,52457.19,313.25
233666.39,280.07,52400.45,313.27
232971.80,280.13,53026.91,312.98
233434.63,280.09,52400.45,313.27
231818.20,280.22,52912.62,313.03
233666.39,280.07,52513.97,313.22
234595.33,279.99,52741.52,313.11
230898.91,280.30,52627.66,313.17
231358.14,280.26,52513.97,313.22
233434.63,280.09,52741.52,313.11
234828.02,279.97,52798.51,313.09
231128.41,280.28,52400.45,313.27
232048.50,280.21,52287.09,313.33
230898.91,280.30,52343.75,313.30
233434.63,280.09,52627.66,313.17
235061.00,279.95,52684.56,313.14
232740.69,280.15,52457.19,313.25
230440.44,280.34,52513.97,313.22
231818.20,280.22,52798.51,313.09
233203.16,280.11,52741.52,313.11
233434.63,280.09,52912.62,313.03
232971.80,280.13,52627.66,313.17
231358.14,280.26,52513.97,313.22
229982.75,280.38,53026.91,312.98
232740.69,280.15,52117.39,313.41
233666.39,280.07,52400.45,313.27
234130.44,280.03,52969.75,313.01
232740.69,280.15,52513.97,313.22
235527.47,279.91,52570.79,313.19
232740.69,280.15,52400.45,313.27
232740.69,280.15,52513.97,313.22
229069.78,280.46,52400.45,313.27
232279.05,280.19,52287.09,313.33
233203.16,280.11,52513.97,313.22
231358.14,280.26,52684.56,313.14
234595.33,279.99,52457.19,313.25
232740.69,280.15,52287.09,313.33
232279.05,280.19,52117.39,313.41
232048.50,280.21,52457.19,313.25
230898.91,280.30,52457.19,313.25
233203.16,280.11,52684.56,313.14
233666.39,280.07,52457.19,313.25
233434.63,280.09,52513.97,313.22
233666.39,280.07,52513.97,313.22
230440.44,280.34,53198.66,312.90
232740.69,280.15,52684.56,313.14
232048.50,280.21,52684.56,313.14
233898.31,280.05,52513.97,313.22
233666.39,280.07,52741.52,313.11
233203.16,280.11,52684.56,313.14
232048.50,280.21,52457.19,313.25
231128.41,280.28,52400.45,313.27
233434.63,280.09,52287.09,313.33
234595.33,279.99,52912.62,313.03
232971.80,280.13,52400.45,313.27
229982.75,280.38,52570.79,313.19
231818.20,280.22,52400.45,313.27
230440.44,280.34,52117.39,313.41
229754.19,280.40,52400.45,313.27
233203.16,280.11,52513.97,313.22
233898.31,280.05,52173.92,313.38
232971.80,280.13,52343.75,313.30
234362.77,280.01,52627.66,313.17
232279.05,280.19,52400.45,313.27
232740.69,280.15,52400.45,313.27
231358.14,280.26,52400.45,313.27
232279.05,280.19,52400.45,313.27
233434.63,280.09,52570.79,313.19
233434.63,280.09,52343.75,313.30
230898.91,280.30,52117.39,313.41
233203.16,280.11,52400.45,313.27
232048.50,280.21,52230.49,313.35
233434.63,280.09,52400.45,313.27
233203.16,280.11,52570.79,313.19
231128.41,280.28,52457.19,313.25
233434.63,280.09,53026.91,312.98
233203.16,280.11,52798.51,313.09
232048.50,280.21,52400.45,313.27
229754.19,280.40,52400.45,313.27
230898.91,280.30,52741.52,313.11
230898.91,280.30,52400.45,313.27
232740.69,280.15,52117.39,313.41
232740.69,280.15,52798.51,313.09
232971.80,280.13,52798.51,313.09
229754.19,280.40,52513.97,313.22
233434.63,280.09,52570.79,313.19
234828.02,279.97,52570.79,313.19
231128.41,280.28,52457.19,313.25
232509.75,280.17,52400.45,313.27
231358.14,280.26,52684.56,313.14
233666.39,280.07,52798.51,313.09
229982.75,280.38,52457.19,313.25
232509.75,280.17,52798.51,313.09
232048.50,280.21,52798.51,313.09
232740.69,280.15,52570.79,313.19
234595.33,279.99,52513.97,313.22
231128.41,280.28,52060.90,313.44
233666.39,280.07,53026.91,312.98
233666.39,280.07,52570.79,313.19
231358.14,280.26,52684.56,313.14
233203.16,280.11,52570.79,313.19
232971.80,280.13,52457.19,313.25
231128.41,280.28,52457.19,313.25
233203.16,280.11,52457.19,313.25
232971.80,280.13,52343.75,313.30
232971.80,280.13,52684.56,313.14
229982.75,280.38,52570.79,313.19
228387.08,280.52,52060.90,313.44
230898.91,280.30,52343.75,313.30
233666.39,280.07,52741.52,313.11
232971.80,280.13,52343.75,313.30
232971.80,280.13,52004.46,313.46
230440.44,280.34,52287.09,313.33
234595.33,279.99,52343.75,313.30
230440.44,280.34,52343.75,313.30
230898.91,280.30,52343.75,313.30
233203.16,280.11,52570.79,313.19
235527.47,279.91,52343.75,313.30
230898.91,280.30,52400.45,313.27
230898.91,280.30,52343.75,313.30
233898.31,280.05,52457.19,313.25
232279.05,280.19,52230.49,313.35
232509.75,280.17,52230.49,313.35
234130.44,280.03,52457.19,313.25
233203.16,280.11,52060.90,313.44
231818.20,280.22,52230.49,313.35
233203.16,280.11,52230.49,313.35
232740.69,280.15,52343.75,313.30
229069.78,280.46,52457.19,313.25
232279.05,280.19,52400.45,313.27
233666.39,280.07,52570.79,313.19
233898.31,280.05,52117.39,313.41
230669.53,280.32,52230.49,313.35
233434.63,280.09,52457.19,313.25
232740.69,280.15,52400.45,313.27
233434.63,280.09,52117.39,313.41
231818.20,280.22,52400.45,313.27
231588.05,280.24,52060.90,313.44
231358.14,280.26,52570.79,313.19
232509.75,280.17,52343.75,313.30
232048.50,280.21,52400.45,313.27
231128.41,280.28,52287.09,313.33
234362.77,280.01,52400.45,313.27
232279.05,280.19,52457.19,313.25
233434.63,280.09,52513.97,313.22
232048.50,280.21,52570.79,313.19
230898.91,280.30,52684.56,313.14
233666.39,280.07,52741.52,313.11
233434.63,280.09,52684.56,313.14
230898.91,280.30,52287.09,313.33
232971.80,280.13,52400.45,313.27
233898.31,280.05,52798.51,313.09
232279.05,280.19,52400.45,313.27
230211.47,280.36,52343.75,313.30
232740.69,280.15,52287.09,313.33
233203.16,280.11,52684.56,313.14
233203.16,280.11,52513.97,313.22
231358.14,280.26,52343.75,313.30
232740.69,280.15,52513.97,313.22
234595.33,279.99,52627.66,313.17
231818.20,280.22,52513.97,313.22
231128.41,280.28,52513.97,313.22
233434.63,280.09,52798.51,313.09
231358.14,280.26,52457.19,313.25
229982.75,280.38,52287.09,313.33
232279.05,280.19,52798.51,313.09
229297.72,280.44,52117.39,313.41
232048.50,280.21,52400.45,313.27
230440.44,280.34,52287.09,313.33
232279.05,280.19,52287.09,313.33
229982.75,280.38,52513.97,313.22
232279.05,280.19,52457.19,313.25
231358.14,280.26,52400.45,313.27
230211.47,280.36,52627.66,313.17
233434.63,280.09,52343.75,313.30
233434.63,280.09,52230.49,313.35
233203.16,280.11,52741.52,313.11
230898.91,280.30,52513.97,313.22
231128.41,280.28,52513.97,313.22
230440.44,280.34,52684.56,313.14
231128.41,280.28,51835.37,313.54
232740.69,280.15,52912.62,313.03
230898.91,280.30,52287.09,313.33
231358.14,280.26,52570.79,313.19
232279.05,280.19,52741.52,313.11
230898.91,280.30,52684.56,313.14
232971.80,280.13,52684.56,313.14
230211.47,280.36,53026.91,312.98
231818.20,280.22,52741.52,313.11
232279.05,280.19,53313.37,312.85
232971.80,280.13,53141.37,312.93
232279.05,280.19,52912.62,313.03
232048.50,280.21,52741.52,313.11
229982.75,280.38,52400.45,313.27
234130.44,280.03,53141.37,312.93
232048.50,280.21,52457.19,313.25
231128.41,280.28,52343.75,313.30
232971.80,280.13,52513.97,313.22
232279.05,280.19,52798.51,313.09
233203.16,280.11,52343.75,313.30
233203.16,280.11,52684.56,313.14
233203.16,280.11,52627.66,313.17
230669.53,280.32,52230.49,313.35
231358.14,280.26,52457.19,313.25
235061.00,279.95,52457.19,313.25
232279.05,280.19,52513.97,313.22
229754.19,280.40,52400.45,313.27
232971.80,280.13,52684.56,313.14
233434.63,280.09,52969.75,313.01
230211.47,280.36,52627.66,313.17
230669.53,280.32,52400.45,313.27
232740.69,280.15,52741.52,313.11
233898.31,280.05,52400.45,313.27
229754.19,280.40,52287.09,313.33
231358.14,280.26,52343.75,313.30
233898.31,280.05,52400.45,313.27
230440.44,280.34,52343.75,313.30
231818.20,280.22,52798.51,313.09
232509.75,280.17,52400.45,313.27
232048.50,280.21,52343.75,313.30
232740.69,280.15,52287.09,313.33
234130.44,280.03,52513.97,313.22
231358.14,280.26,52343.75,313.30
231128.41,280.28,52173.92,313.38
229754.19,280.40,52117.39,313.41
232279.05,280.19,52230.49,313.35
231818.20,280.22,52343.75,313.30
232740.69,280.15,52343.75,313.30
230898.91,280.30,52400.45,313.27
233203.16,280.11,52060.90,313.44
230898.91,280.30,52117.39,313.41
231358.14,280.26,52798.51,313.09
232279.05,280.19,52400.45,313.27
232048.50,280.21,51610.52,313.65
233898.31,280.05,52400.45,313.27
229982.75,280.38,52287.09,313.33
233203.16,280.11,52173.92,313.38
229982.75,280.38,52513.97,313.22
231358.14,280.26,52400.45,313.27
231128.41,280.28,52287.09,313.33
233666.39,280.07,52627.66,313.17
232971.80,280.13,52343.75,313.30
231358.14,280.26,52343.75,313.30
229754.19,280.40,52400.45,313.27
234828.02,279.97,52457.19,313.25
232048.50,280.21,52230.49,313.35
231358.14,280.26,52230.49,313.35
233203.16,280.11,52570.79,313.19
231358.14,280.26,52513.97,313.22
232971.80,280.13,52400.45,313.27
229754.19,280.40,52570.79,313.19
230440.44,280.34,52513.97,313.22
232279.05,280.19,52684.56,313.14
231358.14,280.26,52343.75,313.30
230440.44,280.34,52570.79,313.19
232048.50,280.21,52684.56,313.14
232279.05,280.19,52798.51,313.09
233203.16,280.11,52400.45,313.27
233203.16,280.11,52400.45,313.27
231358.14,280.26,52287.09,313.33
232048.50,280.21,52400.45,313.27
233898.31,280.05,52513.97,313.22
232971.80,280.13,52400.45,313.27
229525.88,280.42,52117.39,313.41
233666.39,280.07,52513.97,313.22
230440.44,280.34,52798.51,313.09
232279.05,280.19,52570.79,313.19
232509.75,280.17,52513.97,313.22
233203.16,280.11,52741.52,313.11
233203.16,280.11,52513.97,313.22
233898.31,280.05,52627.66,313.17
230211.47,280.36,52570.79,313.19
233203.16,280.11,53026.91,312.98
233666.39,280.07,52855.54,313.06
231818.20,280.22,52684.56,313.14
232048.50,280.21,52684.56,313.14
232048.50,280.21,52855.54,313.06
234362.77,280.01,52684.56,313.14
237166.59,279.77,53485.76,312.77
231358.14,280.26,52798.51,313.09
232740.69,280.15,52513.97,313.22
232971.80,280.13,52684.56,313.14
232740.69,280.15,53084.12,312.95
233203.16,280.11,52627.66,313.17
230440.44,280.34,52400.45,313.27
229754.19,280.40,52969.75,313.01
231358.14,280.26,52627.66,313.17
230898.91,280.30,52513.97,313.22
232971.80,280.13,52570.79,313.19
230898.91,280.30,52400.45,313.27
232740.69,280.15,52400.45,313.27
230440.44,280.34,52457.19,313.25
229525.88,280.42,52343.75,313.30
233434.63,280.09,52400.45,313.27
231128.41,280.28,52513.97,313.22
233203.16,280.11,52684.56,313.14
231358.14,280.26,52969.75,313.01
230898.91,280.30,52343.75,313.30
229982.75,280.38,52343.75,313.30
232279.05,280.19,52684.56,313.14
234828.02,279.97,52457.19,313.25
229754.19,280.40,52173.92,313.38
231358.14,280.26,52457.19,313.25
231128.41,280.28,52060.90,313.44
232971.80,280.13,52570.79,313.19
233898.31,280.05,52570.79,313.19
234130.44,280.03,52513.97,313.22
230898.91,280.30,52060.90,313.44
229982.75,280.38,52457.19,313.25
233203.16,280.11,53026.91,312.98
231128.41,280.28,52855.54,313.06
233434.63,280.09,52457.19,313.25
231818.20,280.22,52570.79,313.19
232279.05,280.19,52513.97,313.22
232740.69,280.15,52513.97,313.22
232279.05,280.19,52457.19,313.25
232509.75,280.17,52400.45,313.27
233434.63,280.09,52570.79,313.19
231358.14,280.26,52457.19,313.25
231358.14,280.26,53313.37,312.85
229297.72,280.44,52287.09,313.33
233203.16,280.11,52513.97,313.22
230669.53,280.32,52400.45,313.27
231358.14,280.26,52400.45,313.27
230440.44,280.34,52684.56,313.14
231128.41,280.28,52570.79,313.19
233203.16,280.11,52343.75,313.30
232048.50,280.21,52684.56,313.14
232048.50,280.21,52343.75,313.30
234362.77,280.01,52513.97,313.22
232279.05,280.19,52457.19,313.25
232048.50,280.21,52343.75,313.30
231818.20,280.22,52343.75,313.30
231128.41,280.28,52400.45,313.27
232279.05,280.19,52060.90,313.44
233434.63,280.09,52117.39,313.41
231358.14,280.26,52343.75,313.30
230898.91,280.30,52400.45,313.27
230898.91,280.30,52343.75,313.30
229982.75,280.38,52343.75,313.30
233666.39,280.07,51666.67,313.62
233898.31,280.05,52570.79,313.19
233203.16,280.11,52173.92,313.38
230898.91,280.30,52287.09,313.33
231818.20,280.22,52117.39,313.41
233203.16,280.11,52400.45,313.27
232971.80,280.13,52287.09,313.33
230440.44,280.34,52230.49,313.35
231818.20,280.22,52343.75,313.30
235761.02,279.89,52741.52,313.11
230211.47,280.36,52684.56,313.14
233666.39,280.07,52513.97,313.22
232740.69,280.15,52570.79,313.19
230211.47,280.36,52343.75,313.30
230898.91,280.30,52343.75,313.30
232279.05,280.19,52230.49,313.35
231128.41,280.28,52400.45,313.27
230440.44,280.34,52400.45,313.27
229982.75,280.38,52287.09,313.33
231128.41,280.28,52400.45,313.27
232971.80,280.13,52513.97,313.22
230211.47,280.36,52230.49,313.35
229754.19,280.40,51891.70,313.52
233898.31,280.05,52570.79,313.19
233434.63,280.09,52457.19,313.25
232279.05,280.19,52457.19,313.25
229754.19,280.40,52117.39,313.41
229754.19,280.40,52060.90,313.44
233434.63,280.09,52457.19,313.25
232740.69,280.15,52684.56,313.14
231358.14,280.26,52457.19,313.25
231358.14,280.26,52400.45,313.27
230440.44,280.34,52684.56,313.14
232279.05,280.19,52343.75,313.30
230211.47,280.36,52741.52,313.11
230898.91,280.30,52400.45,313.27
231358.14,280.26,52457.19,313.25
230898.91,280.30,52457.19,313.25
229982.75,280.38,52570.79,313.19
232279.05,280.19,52400.45,313.27
230669.53,280.32,52230.49,313.35
235527.47,279.91,52969.75,313.01
231128.41,280.28,52912.62,313.03
230211.47,280.36,52287.09,313.33
233434.63,280.09,52570.79,313.19
231358.14,280.26,52343.75,313.30
232048.50,280.21,52570.79,313.19
230440.44,280.34,52287.09,313.33
233898.31,280.05,52287.09,313.33
230669.53,280.32,52457.19,313.25
231358.14,280.26,52173.92,313.38
232279.05,280.19,52400.45,313.27
230669.53,280.32,52513.97,313.22
231358.14,280.26,52117.39,313.41
230211.47,280.36,52117.39,313.41
232048.50,280.21,52117.39,313.41
232509.75,280.17,52513.97,313.22
232279.05,280.19,52287.09,313.33
231818.20,280.22,52400.45,313.27
232971.80,280.13,52117.39,313.41
232971.80,280.13,52060.90,313.44
233434.63,280.09,52230.49,313.35
232048.50,280.21,51835.37,313.54
231358.14,280.26,52343.75,313.30
233898.31,280.05,52343.75,313.30
233434.63,280.09,52060.90,313.44
233666.39,280.07,52513.97,313.22
231358.14,280.26,52513.97,313.22
232048.50,280.21,52457.19,313.25
232740.69,280.15,52513.97,313.22
232740.69,280.15,52287.09,313.33
232740.69,280.15,52230.49,313.35
232509.75,280.17,52400.45,313.27
233898.31,280.05,52060.90,313.44
231358.14,280.26,52287.09,313.33
231358.14,280.26,52060.90,313.44
230898.91,280.30,52400.45,313.27
229525.88,280.42,52287.09,313.33
232971.80,280.13,52457.19,313.25
231358.14,280.26,52117.39,313.41
232048.50,280.21,52060.90,313.44
231358.14,280.26,51891.70,313.52
232279.05,280.19,51891.70,313.52
232279.05,280.19,52230.49,313.35
230211.47,280.36,51330.38,313.79
232048.50,280.21,52117.39,313.41
232279.05,280.19,52457.19,313.25
232279.05,280.19,52117.39,313.41
232048.50,280.21,52343.75,313.30
232971.80,280.13,52457.19,313.25
232048.50,280.21,52117.39,313.41
232279.05,280.19,52173.92,313.38
232509.75,280.17,52400.45,313.27
229754.19,280.40,52684.56,313.14
233203.16,280.11,52117.39,313.41
233203.16,280.11,52343.75,313.30
232509.75,280.17,52230.49,313.35
229982.75,280.38,52173.92,313.38
231128.41,280.28,51835.37,313.54
232971.80,280.13,52400.45,313.27
235061.00,279.95,52117.39,313.41
231818.20,280.22,52117.39,313.41
231818.20,280.22,52287.09,313.33
232048.50,280.21,52798.51,313.09
229982.75,280.38,52230.49,313.35
230440.44,280.34,52004.46,313.46
232971.80,280.13,52117.39,313.41
229982.75,280.38,51779.09,313.57
233434.63,280.09,51835.37,313.54
231128.41,280.28,52117.39,313.41
232279.05,280.19,52117.39,313.41
232048.50,280.21,51610.52,313.65
232279.05,280.19,52230.49,313.35
231358.14,280.26,51891.70,313.52
232740.69,280.15,51666.67,313.62
234595.33,279.99,52060.90,313.44
232740.69,280.15,51835.37,313.54
233434.63,280.09,52060.90,313.44
236697.23,279.81,52287.09,313.33
232048.50,280.21,51610.52,313.65
233203.16,280.11,52117.39,313.41
232509.75,280.17,51891.70,313.52
233898.31,280.05,51666.67,313.62
235761.02,279.89,52117.39,313.41
231128.41,280.28,51891.70,313.52
232740.69,280.15,52060.90,313.44
230898.91,280.30,51779.09,313.57
234595.33,279.99,52117.39,313.41
230440.44,280.34,51835.37,313.54
229525.88,280.42,51666.67,313.62
230211.47,280.36,51891.70,313.52
233203.16,280.11,51891.70,313.52
234595.33,279.99,52173.92,313.38
232971.80,280.13,52117.39,313.41
231358.14,280.26,52117.39,313.41
231128.41,280.28,51442.31,313.73
232279.05,280.19,52230.49,313.35
232740.69,280.15,51498.34,313.71
234828.02,279.97,51891.70,313.52
233666.39,280.07,51779.09,313.57
233666.39,280.07,51610.52,313.65
231818.20,280.22,51891.70,313.52
232971.80,280.13,52060.90,313.44
234828.02,279.97,52343.75,313.30
231358.14,280.26,51835.37,313.54
231358.14,280.26,51835.37,313.54
233434.63,280.09,52400.45,313.27
233666.39,280.07,52741.52,313.11
231358.14,280.26,52287.09,313.33
230898.91,280.30,51779.09,313.57
233203.16,280.11,52343.75,313.30
229982.75,280.38,52004.46,313.46
230211.47,280.36,51948.05,313.49
233666.39,280.07,52457.19,313.25
234130.44,280.03,52230.49,313.35
232048.50,280.21,52343.75,313.30
230898.91,280.30,51554.41,313.68
232740.69,280.15,52230.49,313.35
232048.50,280.21,52117.39,313.41
232740.69,280.15,52457.19,313.25
235527.47,279.91,52230.49,313.35
233434.63,280.09,52570.79,313.19
231358.14,280.26,52570.79,313.19
230669.53,280.32,52400.45,313.27
232279.05,280.19,52570.79,313.19
232048.50,280.21,52570.79,313.19
230440.44,280.34,52798.51,313.09
235061.00,279.95,52627.66,313.17
232971.80,280.13,52684.56,313.14
230898.91,280.30,52798.51,313.09
231128.41,280.28,52912.62,313.03
232971.80,280.13,52969.75,313.01
231128.41,280.28,52741.52,313.11
232971.80,280.13,52912.62,313.03
231358.14,280.26,52969.75,313.01
231128.41,280.28,53084.12,312.95
232971.80,280.13,52912.62,313.03
233434.63,280.09,52741.52,313.11
232048.50,280.21,52912.62,313.03
232740.69,280.15,52570.79,313.19
231588.05,280.24,52343.75,313.30
232509.75,280.17,53198.66,312.90
233434.63,280.09,52969.75,313.01
231358.14,280.26,52570.79,313.19
231818.20,280.22,52798.51,313.09
233666.39,280.07,52855.54,313.06
233666.39,280.07,52798.51,313.09
232279.05,280.19,53831.71,312.61
231128.41,280.28,52969.75,313.01
233434.63,280.09,52513.97,313.22
231358.14,280.26,52400.45,313.27
233434.63,280.09,52457.19,313.25
232971.80,280.13,52798.51,313.09
232279.05,280.19,52570.79,313.19
229754.19,280.40,52513.97,313.22
233203.16,280.11,52741.52,313.11
233203.16,280.11,52513.97,313.22
233434.63,280.09,51498.34,313.71
230898.91,280.30,51835.37,313.54
228614.48,280.50,52117.39,313.41
233203.16,280.11,52343.75,313.30
232971.80,280.13,52400.45,313.27
230211.47,280.36,52343.75,313.30
232740.69,280.15,51835.37,313.54
235061.00,279.95,52400.45,313.27
231128.41,280.28,52230.49,313.35
231818.20,280.22,52230.49,313.35
233434.63,280.09,52230.49,313.35
230669.53,280.32,52400.45,313.27
232971.80,280.13,52230.49,313.35
234828.02,279.97,52400.45,313.27
233434.63,280.09,51835.37,313.54
231358.14,280.26,52400.45,313.27
230669.53,280.32,52117.39,313.41
230440.44,280.34,52287.09,313.33
234130.44,280.03,52287.09,313.33
233666.39,280.07,52684.56,313.14
231818.20,280.22,52513.97,313.22
232509.75,280.17,52343.75,313.30
231818.20,280.22,52570.79,313.19
232740.69,280.15,52343.75,313.30
233434.63,280.09,52400.45,313.27
232740.69,280.15,52287.09,313.33
233203.16,280.11,52004.46,313.46
228842.00,280.48,52230.49,313.35
231818.20,280.22,52060.90,313.44
232048.50,280.21,52287.09,313.33
235061.00,279.95,52004.46,313.46
233203.16,280.11,52343.75,313.30
229754.19,280.40,52117.39,313.41
231818.20,280.22,51948.05,313.49
231358.14,280.26,52343.75,313.30
234828.02,279.97,52400.45,313.27
232048.50,280.21,52457.19,313.25
232971.80,280.13,52400.45,313.27
230898.91,280.30,52173.92,313.38
232048.50,280.21,52117.39,313.41
232971.80,280.13,52287.09,313.33
232740.69,280.15,52343.75,313.30
232740.69,280.15,51610.52,313.65
230669.53,280.32,52343.75,313.30
232279.05,280.19,52513.97,313.22
231358.14,280.26,51835.37,313.54
232740.69,280.15,52400.45,313.27
233434.63,280.09,51779.09,313.57
231358.14,280.26,52117.39,313.41
231818.20,280.22,51891.70,313.52
230440.44,280.34,51554.41,313.68
231128.41,280.28,52004.46,313.46
232971.80,280.13,51554.41,313.68
235527.47,279.91,52400.45,313.27
233666.39,280.07,52287.09,313.33
232971.80,280.13,52400.45,313.27
232279.05,280.19,52117.39,313.41
233434.63,280.09,52060.90,313.44
234362.77,280.01,52117.39,313.41
232048.50,280.21,52117.39,313.41
230440.44,280.34,52004.46,313.46
231358.14,280.26,52400.45,313.27
236931.83,279.79,52230.49,313.35
231128.41,280.28,52343.75,313.30
233203.16,280.11,52060.90,313.44
231128.41,280.28,52173.92,313.38
231128.41,280.28,52287.09,313.33
230898.91,280.30,52117.39,313.41
233666.39,280.07,52457.19,313.25
233898.31,280.05,52230.49,313.35
231818.20,280.22,52117.39,313.41
231358.14,280.26,52287.09,313.33
230669.53,280.32,52117.39,313.41
231818.20,280.22,52457.19,313.25
232740.69,280.15,52457.19,313.25
232971.80,280.13,52287.09,313.33
232048.50,280.21,52060.90,313.44
230440.44,280.34,52798.51,313.09
230211.47,280.36,52173.92,313.38
232740.69,280.15,52230.49,313.35
231358.14,280.26,52230.49,313.35
233434.63,280.09,52343.75,313.30
232971.80,280.13,52343.75,313.30
232740.69,280.15,52230.49,313.35
233666.39,280.07,51835.37,313.54
232509.75,280.17,51666.67,313.62
231358.14,280.26,51779.09,313.57
235061.00,279.95,52117.39,313.41
231358.14,280.26,52343.75,313.30
232971.80,280.13,51835.37,313.54
232740.69,280.15,51779.09,313.57
234362.77,280.01,52230.49,313.35
233666.39,280.07,51948.05,313.49
231358.14,280.26,52173.92,313.38
232971.80,280.13,51891.70,313.52
231358.14,280.26,51666.67,313.62
233203.16,280.11,52400.45,313.27
232279.05,280.19,51891.70,313.52
231818.20,280.22,52060.90,313.44
233203.16,280.11,52060.90,313.44
232971.80,280.13,51891.70,313.52
231358.14,280.26,52060.90,313.44
234362.77,280.01,52117.39,313.41
232048.50,280.21,51835.37,313.54
232048.50,280.21,52343.75,313.30
232279.05,280.19,52173.92,313.38
234130.44,280.03,52400.45,313.27
229982.75,280.38,52117.39,313.41
231128.41,280.28,52287.09,313.33
233203.16,280.11,52287.09,313.33
234828.02,279.97,52287.09,313.33
229982.75,280.38,52004.46,313.46
231358.14,280.26,52004.46,313.46
234595.33,279.99,52457.19,313.25
2