=~=~=~=~=~=~=~=~=~=~=~= PuTTY log 2021.12.09 17:31:13 =~=~=~=~=~=~=~=~=~=~=~=
165517.25,287.09,31926.55,326.09
165340.92,287.11,31714.38,326.27
163410.03,287.35,32096.78,325.94
163759.91,287.31,31841.60,326.16
165164.70,287.13,31926.55,326.09
165517.25,287.09,31799.16,326.20
164988.66,287.15,31884.06,326.12
165340.92,287.11,31926.55,326.09
165693.72,287.06,31969.06,326.05
164988.66,287.15,31714.38,326.27
163584.91,287.33,31714.38,326.27
163060.69,287.40,32139.40,325.91
163584.91,287.33,32352.94,325.73
164461.25,287.22,32096.78,325.94
163235.31,287.38,31969.06,326.05
164285.73,287.24,32011.61,326.02
165517.25,287.09,32054.18,325.98
164636.92,287.20,32054.18,325.98
164461.25,287.22,32267.44,325.80
164812.72,287.18,32395.73,325.70
164636.92,287.20,32352.94,325.73
163235.31,287.38,32267.44,325.80
165164.70,287.13,32481.40,325.62
163759.91,287.31,32653.06,325.48
163584.91,287.33,32352.94,325.73
164812.72,287.18,32352.94,325.73
163759.91,287.31,32438.55,325.66
164285.73,287.24,32524.27,325.59
166400.92,286.98,32653.06,325.48
163060.69,287.40,32567.17,325.55
165517.25,287.09,32653.06,325.48
164285.73,287.24,32524.27,325.59
166755.34,286.93,32567.17,325.55
165517.25,287.09,32438.55,325.66
163235.31,287.38,32653.06,325.48
163410.03,287.35,32438.55,325.66
163584.91,287.33,32438.55,325.66
164461.25,287.22,32653.06,325.48
162711.86,287.44,32438.55,325.66
164285.73,287.24,32524.27,325.59
165164.70,287.13,32481.40,325.62
163235.31,287.38,32438.55,325.66
165340.92,287.11,32395.73,325.70
164461.25,287.22,32567.17,325.55
164461.25,287.22,32481.40,325.62
163935.06,287.29,32567.17,325.55
163935.06,287.29,32524.27,325.59
164285.73,287.24,32653.06,325.48
164636.92,287.20,32567.17,325.55
164988.66,287.15,32653.06,325.48
165517.25,287.09,32524.27,325.59
163584.91,287.33,32352.94,325.73
164110.31,287.26,32653.06,325.48
166047.06,287.02,32653.06,325.48
163935.06,287.29,32653.06,325.48
163410.03,287.35,32653.06,325.48
164285.73,287.24,32653.06,325.48
163410.03,287.35,32653.06,325.48
163759.91,287.31,32653.06,325.48
163060.69,287.40,32911.39,325.27
163935.06,287.29,32782.10,325.38
165517.25,287.09,32868.27,325.31
164285.73,287.24,32696.05,325.45
163935.06,287.29,32911.39,325.27
164636.92,287.20,32954.54,325.24
164285.73,287.24,33127.44,325.10
163935.06,287.29,32911.39,325.27
162886.22,287.42,32739.06,325.41
164988.66,287.15,32911.39,325.27
163935.06,287.29,32782.10,325.38
164285.73,287.24,32696.05,325.45
163235.31,287.38,32954.54,325.24
163235.31,287.38,32610.11,325.52
163935.06,287.29,32954.54,325.24
165164.70,287.13,32954.54,325.24
165340.92,287.11,32911.39,325.27
162015.80,287.53,32696.05,325.45
164110.31,287.26,32782.10,325.38
162189.63,287.51,32782.10,325.38
164988.66,287.15,32696.05,325.45
162711.86,287.44,32825.17,325.34
163935.06,287.29,32653.06,325.48
163759.91,287.31,32782.10,325.38
164636.92,287.20,32825.17,325.34
164636.92,287.20,32782.10,325.38
163759.91,287.31,32696.05,325.45
164636.92,287.20,32954.54,325.24
164110.31,287.26,32782.10,325.38
162189.63,287.51,32696.05,325.45
163410.03,287.35,32782.10,325.38
164461.25,287.22,33084.17,325.13
164988.66,287.15,32653.06,325.48
163235.31,287.38,32868.27,325.31
164988.66,287.15,33040.93,325.17
163759.91,287.31,32954.54,325.24
164461.25,287.22,32954.54,325.24
163235.31,287.38,32782.10,325.38
162886.22,287.42,32739.06,325.41
162886.22,287.42,32739.06,325.41
164285.73,287.24,32739.06,325.41
163935.06,287.29,32696.05,325.45
163235.31,287.38,32782.10,325.38
163060.69,287.40,32868.27,325.31
163935.06,287.29,32739.06,325.41
163584.91,287.33,32653.06,325.48
164110.31,287.26,32610.11,325.52
163235.31,287.38,32653.06,325.48
164285.73,287.24,32825.17,325.34
163584.91,287.33,32739.06,325.41
162711.86,287.44,32653.06,325.48
163235.31,287.38,32524.27,325.59
163584.91,287.33,32438.55,325.66
164461.25,287.22,32481.40,325.62
163935.06,287.29,32524.27,325.59
164988.66,287.15,32438.55,325.66
165517.25,287.09,32438.55,325.66
162886.22,287.42,32267.44,325.80
162363.56,287.49,32224.73,325.84
164285.73,287.24,32395.73,325.70
163584.91,287.33,32567.17,325.55
164636.92,287.20,32224.73,325.84
163060.69,287.40,32267.44,325.80
163759.91,287.31,32438.55,325.66
164461.25,287.22,32438.55,325.66
164636.92,287.20,32352.94,325.73
163759.91,287.31,32438.55,325.66
163410.03,287.35,32524.27,325.59
162363.56,287.49,32524.27,325.59
163584.91,287.33,32438.55,325.66
163759.91,287.31,32438.55,325.66
164461.25,287.22,32267.44,325.80
165340.92,287.11,32267.44,325.80
162886.22,287.42,32524.27,325.59
163584.91,287.33,32438.55,325.66
163410.03,287.35,32395.73,325.70
162886.22,287.42,32481.40,325.62
165340.92,287.11,32267.44,325.80
162189.63,287.51,32267.44,325.80
162189.63,287.51,32395.73,325.70
161842.13,287.56,32224.73,325.84
162363.56,287.49,32096.78,325.94
162886.22,287.42,32139.40,325.91
163060.69,287.40,32224.73,325.84
163584.91,287.33,32267.44,325.80
163935.06,287.29,32096.78,325.94
163759.91,287.31,32438.55,325.66
163060.69,287.40,32182.05,325.87
163235.31,287.38,32395.73,325.70
163935.06,287.29,32054.18,325.98
164110.31,287.26,32011.61,326.02
162886.22,287.42,32011.61,326.02
163584.91,287.33,32054.18,325.98
162886.22,287.42,32224.73,325.84
163584.91,287.33,31969.06,326.05
162711.86,287.44,32182.05,325.87
162886.22,287.42,32182.05,325.87
163759.91,287.31,32224.73,325.84
162537.67,287.47,32054.18,325.98
162189.63,287.51,32182.05,325.87
162537.67,287.47,32011.61,326.02
163235.31,287.38,32054.18,325.98
163235.31,287.38,31926.55,326.09
163235.31,287.38,31926.55,326.09
163060.69,287.40,31969.06,326.05
163060.69,287.40,31926.55,326.09
162189.63,287.51,32096.78,325.94
163759.91,287.31,32011.61,326.02
163584.91,287.33,32182.05,325.87
162886.22,287.42,32182.05,325.87
162363.56,287.49,32054.18,325.98
162537.67,287.47,31926.55,326.09
162189.63,287.51,32054.18,325.98
163235.31,287.38,32011.61,326.02
162537.67,287.47,31926.55,326.09
163584.91,287.33,32011.61,326.02
163759.91,287.31,31969.06,326.05
163060.69,287.40,32224.73,325.84
162363.56,287.49,32096.78,325.94
161842.13,287.56,32054.18,325.98
163235.31,287.38,32267.44,325.80
163759.91,287.31,32267.44,325.80
162537.67,287.47,32224.73,325.84
162363.56,287.49,32096.78,325.94
164461.25,287.22,32011.61,326.02
163935.06,287.29,32267.44,325.80
163060.69,287.40,32182.05,325.87
163584.91,287.33,32395.73,325.70
164285.73,287.24,32438.55,325.66
164636.92,287.20,32438.55,325.66
162886.22,287.42,32054.18,325.98
162886.22,287.42,32182.05,325.87
163410.03,287.35,32054.18,325.98
163935.06,287.29,32182.05,325.87
162886.22,287.42,32096.78,325.94
163759.91,287.31,32011.61,326.02
162363.56,287.49,32054.18,325.98
161842.13,287.56,32011.61,326.02
162537.67,287.47,32054.18,325.98
162189.63,287.51,32139.40,325.91
163584.91,287.33,32352.94,325.73
162537.67,287.47,32139.40,325.91
163759.91,287.31,32352.94,325.73
162711.86,287.44,32096.78,325.94
162537.67,287.47,32054.18,325.98
162886.22,287.42,32139.40,325.91
161842.13,287.56,32011.61,326.02
163584.91,287.33,31969.06,326.05
162537.67,287.47,32096.78,325.94
162886.22,287.42,32267.44,325.80
165340.92,287.11,32224.73,325.84
162886.22,287.42,32139.40,325.91
163060.69,287.40,32011.61,326.02
163235.31,287.38,31926.55,326.09
163759.91,287.31,32054.18,325.98
162537.67,287.47,31926.55,326.09
163935.06,287.29,32096.78,325.94
163060.69,287.40,32139.40,325.91
162015.80,287.53,32096.78,325.94
162015.80,287.53,32054.18,325.98
159940.09,287.80,31969.06,326.05
163235.31,287.38,32096.78,325.94
162537.67,287.47,32267.44,325.80
162886.22,287.42,32096.78,325.94
162711.86,287.44,32267.44,325.80
162189.63,287.51,32096.78,325.94
162189.63,287.51,32182.05,325.87
162363.56,287.49,32011.61,326.02
162886.22,287.42,32096.78,325.94
162189.63,287.51,32182.05,325.87
162711.86,287.44,32352.94,325.73
163584.91,287.33,31926.55,326.09
162537.67,287.47,31884.06,326.12
162537.67,287.47,32182.05,325.87
163235.31,287.38,32054.18,325.98
162189.63,287.51,32139.40,325.91
163584.91,287.33,32054.18,325.98
163584.91,287.33,32267.44,325.80
163584.91,287.33,32182.05,325.87
162537.67,287.47,32054.18,325.98
161148.66,287.65,32096.78,325.94
162711.86,287.44,31714.38,326.27
162886.22,287.42,32096.78,325.94
163935.06,287.29,32352.94,325.73
163060.69,287.40,32182.05,325.87
163759.91,287.31,32352.94,325.73
162537.67,287.47,32352.94,325.73
163235.31,287.38,32182.05,325.87
163060.69,287.40,32096.78,325.94
162363.56,287.49,32096.78,325.94
163060.69,287.40,32011.61,326.02
163060.69,287.40,32267.44,325.80
162711.86,287.44,32096.78,325.94
162189.63,287.51,32224.73,325.84
163584.91,287.33,31926.55,326.09
160802.72,287.69,32054.18,325.98
162711.86,287.44,32224.73,325.84
162189.63,287.51,32011.61,326.02
162189.63,287.51,32011.61,326.02
161495.13,287.60,32096.78,325.94
163235.31,287.38,32224.73,325.84
162015.80,287.53,32267.44,325.80
162537.67,287.47,32011.61,326.02
162886.22,287.42,32267.44,325.80
162189.63,287.51,32139.40,325.91
163584.91,287.33,32096.78,325.94
162537.67,287.47,32224.73,325.84
163235.31,287.38,31884.06,326.12
160975.61,287.67,31969.06,326.05
162711.86,287.44,31884.06,326.12
161842.13,287.56,32096.78,325.94
161148.66,287.65,31926.55,326.09
163935.06,287.29,32054.18,325.98
162189.63,287.51,32395.73,325.70
162886.22,287.42,32139.40,325.91
163060.69,287.40,32182.05,325.87
162537.67,287.47,32182.05,325.87
164461.25,287.22,32096.78,325.94
163235.31,287.38,32224.73,325.84
162537.67,287.47,32096.78,325.94
163759.91,287.31,32096.78,325.94
162537.67,287.47,32096.78,325.94
160975.61,287.67,32054.18,325.98
162363.56,287.49,32267.44,325.80
161148.66,287.65,32054.18,325.98
162189.63,287.51,31841.60,326.16
160457.28,287.74,31926.55,326.09
161842.13,287.56,31502.89,326.45
163584.91,287.33,32011.61,326.02
162363.56,287.49,31587.41,326.38
160112.38,287.78,31545.13,326.41
162189.63,287.51,31418.49,326.52
161842.13,287.56,31502.89,326.45
161148.66,287.65,31292.08,326.63
162189.63,287.51,31502.89,326.45
161148.66,287.65,31418.49,326.52
162189.63,287.51,31334.19,326.59
162537.67,287.47,31292.08,326.63
162537.67,287.47,31376.32,326.56
161842.13,287.56,31292.08,326.63
160975.61,287.67,31207.94,326.70
162886.22,287.42,31418.49,326.52
162711.86,287.44,31250.00,326.67
161148.66,287.65,30872.48,326.99
162711.86,287.44,31292.08,326.63
161148.66,287.65,31292.08,326.63
161148.66,287.65,31081.95,326.81
161842.13,287.56,31250.00,326.67
163235.31,287.38,31250.00,326.67
163935.06,287.29,31292.08,326.63
163410.03,287.35,31292.08,326.63
162711.86,287.44,31292.08,326.63
162711.86,287.44,31292.08,326.63
162886.22,287.42,31292.08,326.63
162537.67,287.47,31418.49,326.52
162537.67,287.47,31250.00,326.67
163060.69,287.40,31081.95,326.81
161842.13,287.56,31250.00,326.67
162537.67,287.47,31207.94,326.70
161842.13,287.56,31334.19,326.59
162886.22,287.42,31292.08,326.63
163235.31,287.38,31292.08,326.63
161842.13,287.56,31250.00,326.67
163235.31,287.38,31250.00,326.67
163235.31,287.38,31292.08,326.63
164285.73,287.24,31292.08,326.63
161842.13,287.56,31207.94,326.70
161842.13,287.56,31081.95,326.81
162363.56,287.49,31040.00,326.85
161321.81,287.62,30747.13,327.10
160457.28,287.74,30747.13,327.10
163060.69,287.40,30705.39,327.14
162363.56,287.49,30747.13,327.10
161842.13,287.56,30580.36,327.25
162886.22,287.42,30580.36,327.25
161842.13,287.56,30663.69,327.18
162363.56,287.49,30663.69,327.18
163935.06,287.29,30872.48,326.99
159424.11,287.87,30580.36,327.25
160112.38,287.78,30622.01,327.21
163410.03,287.35,30872.48,326.99
162015.80,287.53,30663.69,327.18
159940.09,287.80,30830.67,327.03
160802.72,287.69,30830.67,327.03
162189.63,287.51,30788.88,327.07
163060.69,287.40,30830.67,327.03
161842.13,287.56,31081.95,326.81
162537.67,287.47,30872.48,326.99
164636.92,287.20,31040.00,326.85
161842.13,287.56,30914.32,326.96
162363.56,287.49,31587.41,326.38
163235.31,287.38,31250.00,326.67
162886.22,287.42,31081.95,326.81
162363.56,287.49,31207.94,326.70
163060.69,287.40,30998.08,326.88
162711.86,287.44,31165.92,326.74
162015.80,287.53,31292.08,326.63
162711.86,287.44,31292.08,326.63
162537.67,287.47,31292.08,326.63
162886.22,287.42,31334.19,326.59
163235.31,287.38,31714.38,326.27
162189.63,287.51,31334.19,326.59
160975.61,287.67,31292.08,326.63
161668.55,287.58,31292.08,326.63
160975.61,287.67,31292.08,326.63
161148.66,287.65,31292.08,326.63
162363.56,287.49,31376.32,326.56
161148.66,287.65,31376.32,326.56
161842.13,287.56,31292.08,326.63
160112.38,287.78,31418.49,326.52
162015.80,287.53,31250.00,326.67
161495.13,287.60,31502.89,326.45
160802.72,287.69,30872.48,326.99
163060.69,287.40,31334.19,326.59
162537.67,287.47,31292.08,326.63
160284.75,287.76,31292.08,326.63
161148.66,287.65,31250.00,326.67
160975.61,287.67,31165.92,326.74
162189.63,287.51,31165.92,326.74
161321.81,287.62,30914.32,326.96
160975.61,287.67,30914.32,326.96
161668.55,287.58,30872.48,326.99
160975.61,287.67,31250.00,326.67
161842.13,287.56,30998.08,326.88
163235.31,287.38,31040.00,326.85
161842.13,287.56,30830.67,327.03
163410.03,287.35,30914.32,326.96
163235.31,287.38,30872.48,326.99
162886.22,287.42,30705.39,327.14
161148.66,287.65,30622.01,327.21
162886.22,287.42,30663.69,327.18
161668.55,287.58,30747.13,327.10
162537.67,287.47,30663.69,327.18
161495.13,287.60,30747.13,327.10
160802.72,287.69,30580.36,327.25
162537.67,287.47,30580.36,327.25
162363.56,287.49,30705.39,327.14
162537.67,287.47,30663.69,327.18
162886.22,287.42,30872.48,326.99
162537.67,287.47,30914.32,326.96
163060.69,287.40,30622.01,327.21
161148.66,287.65,30914.32,326.96
162363.56,287.49,30747.13,327.10
161148.66,287.65,30914.32,326.96
160112.38,287.78,30872.48,326.99
161148.66,287.65,30663.69,327.18
161842.13,287.56,30663.69,327.18
160802.72,287.69,30747.13,327.10
162363.56,287.49,30998.08,326.88
163235.31,287.38,31040.00,326.85
162537.67,287.47,30998.08,326.88
162189.63,287.51,30914.32,326.96
162537.67,287.47,30830.67,327.03
164461.25,287.22,31418.49,326.52
161668.55,287.58,31081.95,326.81
162886.22,287.42,31292.08,326.63
161495.13,287.60,31207.94,326.70
162363.56,287.49,30998.08,326.88
162886.22,287.42,31207.94,326.70
162363.56,287.49,31207.94,326.70
162189.63,287.51,31334.19,326.59
161842.13,287.56,31207.94,326.70
162189.63,287.51,31207.94,326.70
161668.55,287.58,31250.00,326.67
165340.92,287.11,31250.00,326.67
162363.56,287.49,31292.08,326.63
163060.69,287.40,31587.41,326.38
162363.56,287.49,31292.08,326.63
160112.38,287.78,31292.08,326.63
161148.66,287.65,31250.00,326.67
160629.92,287.71,31040.00,326.85
160629.92,287.71,31081.95,326.81
161148.66,287.65,31081.95,326.81
160112.38,287.78,31040.00,326.85
163060.69,287.40,31292.08,326.63
161842.13,287.56,31250.00,326.67
163410.03,287.35,31207.94,326.70
161148.66,287.65,31165.92,326.74
159940.09,287.80,31250.00,326.67
162711.86,287.44,31418.49,326.52
161668.55,287.58,30872.48,326.99
160112.38,287.78,31292.08,326.63
161495.13,287.60,31250.00,326.67
161148.66,287.65,31081.95,326.81
161321.81,287.62,30914.32,326.96
162189.63,287.51,31081.95,326.81
162537.67,287.47,31292.08,326.63
159940.09,287.80,31292.08,326.63
160975.61,287.67,31250.00,326.67
161148.66,287.65,31123.92,326.77
162886.22,287.42,31081.95,326.81
161842.13,287.56,30788.88,327.07
161842.13,287.56,31165.92,326.74
161842.13,287.56,31207.94,326.70
162711.86,287.44,31250.00,326.67
162189.63,287.51,31250.00,326.67
161668.55,287.58,31207.94,326.70
160629.92,287.71,31081.95,326.81
160975.61,287.67,31040.00,326.85
164285.73,287.24,31292.08,326.63
161148.66,287.65,31250.00,326.67
161668.55,287.58,31207.94,326.70
161842.13,287.56,31250.00,326.67
160457.28,287.74,31040.00,326.85
159940.09,287.80,30747.13,327.10
160802.72,287.69,31081.95,326.81
162189.63,287.51,31040.00,326.85
160629.92,287.71,31292.08,326.63
161148.66,287.65,31123.92,326.77
162711.86,287.44,31334.19,326.59
160975.61,287.67,31250.00,326.67
160802.72,287.69,31081.95,326.81
161842.13,287.56,31040.00,326.85
161148.66,287.65,30914.32,326.96
161842.13,287.56,30830.67,327.03
161668.55,287.58,30914.32,326.96
161495.13,287.60,30998.08,326.88
162363.56,287.49,30914.32,326.96
162363.56,287.49,31081.95,326.81
162015.80,287.53,30998.08,326.88
162363.56,287.49,31081.95,326.81
160284.75,287.76,30830.67,327.03
161148.66,287.65,30663.69,327.18
162363.56,287.49,31081.95,326.81
162189.63,287.51,31040.00,326.85
161668.55,287.58,30914.32,326.96
160457.28,287.74,30914.32,326.96
158737.88,287.96,30872.48,326.99
160975.61,287.67,30747.13,327.10
159767.97,287.83,31040.00,326.85
161842.13,287.56,31123.92,326.77
160284.75,287.76,30998.08,326.88
159767.97,287.83,31250.00,326.67
160629.92,287.71,30705.39,327.14
160975.61,287.67,31081.95,326.81
162015.80,287.53,31207.94,326.70
161842.13,287.56,30663.69,327.18
162537.67,287.47,31165.92,326.74
160629.92,287.71,31165.92,326.74
161148.66,287.65,30914.32,326.96
162363.56,287.49,30914.32,326.96
161495.13,287.60,30914.32,326.96
160457.28,287.74,30705.39,327.14
161668.55,287.58,30830.67,327.03
161668.55,287.58,30956.19,326.92
161148.66,287.65,31081.95,326.81
160802.72,287.69,31081.95,326.81
160112.38,287.78,31376.32,326.56
161668.55,287.58,30622.01,327.21
161148.66,287.65,30747.13,327.10
160975.61,287.67,30663.69,327.18
161148.66,287.65,30788.88,327.07
162363.56,287.49,30747.13,327.10
161842.13,287.56,30580.36,327.25
160802.72,287.69,30622.01,327.21
160802.72,287.69,30580.36,327.25
160112.38,287.78,30538.73,327.29
161842.13,287.56,30455.56,327.36
162363.56,287.49,30580.36,327.25
161495.13,287.60,30538.73,327.29
161495.13,287.60,30414.01,327.40
163060.69,287.40,30414.01,327.40
162886.22,287.42,30331.00,327.47
161668.55,287.58,30248.09,327.55
162189.63,287.51,30206.68,327.59
161148.66,287.65,30000.00,327.77
160284.75,287.76,30580.36,327.25
160112.38,287.78,30123.93,327.66
160284.75,287.76,29835.13,327.92
161842.13,287.56,30289.53,327.51
162363.56,287.49,30414.01,327.40
162363.56,287.49,30580.36,327.25
162189.63,287.51,30622.01,327.21
162363.56,287.49,30497.13,327.33
160112.38,287.78,30663.69,327.18
161668.55,287.58,30622.01,327.21
160112.38,287.78,30622.01,327.21
160112.38,287.78,30331.00,327.47
160457.28,287.74,30414.01,327.40
159940.09,287.80,30538.73,327.29
160629.92,287.71,30622.01,327.21
161148.66,287.65,30747.13,327.10
162189.63,287.51,30747.13,327.10
162537.67,287.47,30663.69,327.18
160457.28,287.74,30830.67,327.03
160457.28,287.74,30622.01,327.21
159767.97,287.83,30663.69,327.18
161148.66,287.65,30998.08,326.88
159940.09,287.80,30788.88,327.07
161148.66,287.65,30830.67,327.03
162189.63,287.51,31040.00,326.85
161148.66,287.65,30914.32,326.96
160802.72,287.69,30747.13,327.10
161148.66,287.65,31040.00,326.85
162711.86,287.44,30914.32,326.96
160802.72,287.69,30580.36,327.25
162189.63,287.51,30830.67,327.03
160457.28,287.74,30705.39,327.14
161668.55,287.58,30914.32,326.96
160975.61,287.67,30747.13,327.10
162189.63,287.51,30914.32,326.96
160284.75,287.76,30830.67,327.03
161495.13,287.60,30788.88,327.07
159940.09,287.80,31081.95,326.81
160457.28,287.74,30998.08,326.88
160629.92,287.71,30747.13,327.10
160457.28,287.74,30788.88,327.07
159940.09,287.80,30872.48,326.99
160802.72,287.69,31165.92,326.74
160457.28,287.74,31207.94,326.70
162886.22,287.42,30998.08,326.88
160802.72,287.69,31040.00,326.85
161842.13,287.56,31250.00,326.67
160284.75,287.76,31081.95,326.81
160975.61,287.67,31040.00,326.85
160802.72,287.69,30830.67,327.03
161148.66,287.65,31081.95,326.81
160284.75,287.76,30914.32,326.96
159940.09,287.80,30914.32,326.96
160457.28,287.74,31081.95,326.81
159424.11,287.87,31376.32,326.56
157541.89,288.12,31165.92,326.74
160975.61,287.67,31207.94,326.70
160629.92,287.71,31292.08,326.63
159940.09,287.80,31207.94,326.70
161495.13,287.60,31250.00,326.67
160802.72,287.69,31165.92,326.74
160802.72,287.69,30872.48,326.99
160112.38,287.78,31207.94,326.70
161842.13,287.56,31250.00,326.67
161668.55,287.58,31165.92,326.74
158737.88,287.96,31040.00,326.85
160802.72,287.69,31250.00,326.67
161148.66,287.65,31292.08,326.63
159940.09,287.80,31250.00,326.67
162189.63,287.51,31334.19,326.59
161495.13,287.60,31250.00,326.67
161668.55,287.58,30914.32,326.96
160802.72,287.69,31207.94,326.70
163060.69,287.40,31165.92,326.74
161842.13,287.56,31081.95,326.81
162537.67,287.47,31292.08,326.63
162537.67,287.47,31165.92,326.74
161495.13,287.60,31123.92,326.77
160802.72,287.69,30914.32,326.96
161148.66,287.65,31165.92,326.74
160112.38,287.78,30956.19,326.92
161148.66,287.65,31081.95,326.81
161668.55,287.58,30830.67,327.03
162189.63,287.51,30872.48,326.99
160975.61,287.67,30998.08,326.88
161668.55,287.58,30830.67,327.03
162015.80,287.53,30830.67,327.03
160457.28,287.74,30663.69,327.18
161148.66,287.65,30914.32,326.96
162711.86,287.44,30998.08,326.88
161668.55,287.58,31081.95,326.81
160284.75,287.76,31165.92,326.74
162363.56,287.49,30998.08,326.88
162711.86,287.44,31081.95,326.81
160975.61,287.67,30998.08,326.88
161842.13,287.56,31165.92,326.74
161842.13,287.56,31250.00,326.67
160975.61,287.67,31250.00,326.67
159940.09,287.80,31165.92,326.74
162189.63,287.51,31165.92,326.74
162363.56,287.49,31081.95,326.81
161495.13,287.60,31165.92,326.74
160457.28,287.74,31250.00,326.67
159940.09,287.80,31165.92,326.74
163060.69,287.40,31292.08,326.63
163584.91,287.33,31292.08,326.63
162886.22,287.42,30580.36,327.25
160975.61,287.67,31081.95,326.81
160629.92,287.71,31250.00,326.67
159940.09,287.80,31292.08,326.63
161495.13,287.60,31207.94,326.70
160112.38,287.78,31040.00,326.85
160975.61,287.67,30998.08,326.88
159767.97,287.83,31292.08,326.63
161148.66,287.65,30914.32,326.96
160284.75,287.76,30998.08,326.88
160975.61,287.67,30830.67,327.03
161842.13,287.56,31081.95,326.81
160284.75,287.76,30830.67,327.03
159940.09,287.80,30747.13,327.10
160802.72,287.69,30663.69,327.18
159940.09,287.80,30580.36,327.25
161668.55,287.58,30663.69,327.18
161148.66,287.65,30830.67,327.03
162189.63,287.51,30914.32,326.96
161495.13,287.60,30747.13,327.10
162537.67,287.47,30872.48,326.99
167110.28,286.89,30914.32,326.96
160457.28,287.74,30747.13,327.10
160284.75,287.76,30914.32,326.96
161842.13,287.56,30914.32,326.96
160112.38,287.78,30663.69,327.18
160457.28,287.74,31081.95,326.81
161495.13,287.60,30872.48,326.99
159940.09,287.80,30663.69,327.18
160112.38,287.78,30830.67,327.03
160457.28,287.74,30663.69,327.18
160284.75,287.76,30830.67,327.03
159940.09,287.80,30914.32,326.96
160112.38,287.78,30914.32,326.96
159940.09,287.80,31040.00,326.85
159940.09,287.80,30914.32,326.96
160975.61,287.67,30914.32,326.96
161668.55,287.58,30872.48,326.99
162189.63,287.51,31081.95,326.81
161668.55,287.58,31250.00,326.67
160975.61,287.67,30998.08,326.88
160802.72,287.69,31207.94,326.70
162189.63,287.51,31165.92,326.74
161148.66,287.65,31081.95,326.81
161842.13,287.56,31165.92,326.74
160112.38,287.78,30914.32,326.96
160284.75,287.76,31250.00,326.67
162189.63,287.51,31081.95,326.81
159595.95,287.85,30914.32,326.96
160975.61,287.67,31250.00,326.67
160112.38,287.78,31123.92,326.77
160629.92,287.71,31207.94,326.70
160975.61,287.67,31040.00,326.85
159940.09,287.80,31123.92,326.77
160802.72,287.69,31207.94,326.70
159940.09,287.80,31123.92,326.77
161148.66,287.65,31123.92,326.77
160975.61,287.67,31040.00,326.85
159940.09,287.80,30788.88,327.07
162363.56,287.49,31165.92,326.74
160457.28,287.74,30830.67,327.03
160975.61,287.67,31165.92,326.74
162537.67,287.47,31040.00,326.85
160975.61,287.67,31081.95,326.81
160457.28,287.74,31081.95,326.81
161842.13,287.56,30747.13,327.10
160457.28,287.74,30872.48,326.99
161495.13,287.60,30998.08,326.88
161668.55,287.58,30956.19,326.92
161842.13,287.56,31040.00,326.85
162015.80,287.53,31040.00,326.85
161668.55,287.58,30872.48,326.99
160802.72,287.69,30914.32,326.96
162189.63,287.51,31123.92,326.77
160629.92,287.71,31207.94,326.70
161842.13,287.56,31292.08,326.63
160975.61,287.67,30914.32,326.96
159940.09,287.80,31081.95,326.81
160802.72,287.69,31165.92,326.74
160284.75,287.76,31123.92,326.77
161668.55,287.58,30872.48,326.99
159940.09,287.80,30914.32,326.96
161842.13,287.56,31123.92,326.77
161495.13,287.60,32395.73,325.70
159080.73,287.92,31081.95,326.81
160802.72,287.69,31165.92,326.74
159940.09,287.80,30872.48,326.99
160802.72,287.69,30788.88,327.07
161148.66,287.65,30956.19,326.92
159940.09,287.80,30914.32,326.96
160802.72,287.69,31123.92,326.77
160975.61,287.67,31081.95,326.81
162363.56,287.49,30914.32,326.96
160802.72,287.69,31040.00,326.85
161842.13,287.56,31123.92,326.77
160284.75,287.76,31165.92,326.74
160457.28,287.74,31040.00,326.85
160284.75,287.76,31081.95,326.81
160457.28,287.74,31081.95,326.81
159940.09,287.80,30872.48,326.99
160284.75,287.76,31040.00,326.85
160284.75,287.76,31081.95,326.81
160112.38,287.78,30914.32,326.96
159940.09,287.80,30830.67,327.03
162537.67,287.47,31081.95,326.81
161495.13,287.60,30914.32,326.96
161148.66,287.65,31123.92,326.77
159940.09,287.80,30663.69,327.18
159940.09,287.80,31081.95,326.81
161668.55,287.58,31081.95,326.81
161668.55,287.58,30872.48,326.99
161321.81,287.62,31123.92,326.77
161842.13,287.56,31165.92,326.74
160802.72,287.69,30663.69,327.18
160802.72,287.69,30788.88,327.07
160975.61,287.67,30747.13,327.10
160112.38,287.78,30747.13,327.10
159940.09,287.80,30747.13,327.10
159940.09,287.80,30830.67,327.03
159940.09,287.80,30747.13,327.10
159767.97,287.83,30165.29,327.62
160457.28,287.74,30914.32,326.96
161668.55,287.58,30956.19,326.92
162015.80,287.53,31081.95,326.81
160457.28,287.74,31040.00,326.85
159940.09,287.80,30998.08,326.88
159940.09,287.80,30872.48,326.99
160112.38,287.78,30914.32,326.96
160975.61,287.67,30788.88,327.07
160975.61,287.67,30830.67,327.03
165340.92,287.11,30914.32,326.96
160975.61,287.67,30998.08,326.88
159595.95,287.85,30788.88,327.07
160457.28,287.74,30872.48,326.99
161148.66,287.65,31081.95,326.81
162189.63,287.51,31040.00,326.85
159940.09,287.80,30914.32,326.96
159424.11,287.87,30663.69,327.18
160457.28,287.74,31081.95,326.81
160112.38,287.78,30914.32,326.96
159940.09,287.80,31040.00,326.85
159940.09,287.80,30622.01,327.21
159940.09,287.80,30663.69,327.18
160284.75,287.76,30788.88,327.07
160112.38,287.78,30998.08,326.88
162189.63,287.51,30705.39,327.14
160284.75,287.76,30705.39,327.14
160975.61,287.67,30622.01,327.21
159767.97,287.83,30663.69,327.18
160629.92,287.71,30705.39,327.14
160802.72,287.69,30663.69,327.18
159940.09,287.80,30872.48,326.99
159940.09,287.80,30580.36,327.25
159940.09,287.80,30580.36,327.25
159767.97,287.83,30747.13,327.10
159252.33,287.89,30830.67,327.03
161668.55,287.58,30788.88,327.07
159940.09,287.80,30914.32,326.96
160457.28,287.74,30914.32,326.96
160457.28,287.74,30705.39,327.14
159940.09,287.80,30830.67,327.03
160802.72,287.69,31123.92,326.77
159767.97,287.83,30206.68,327.59
159940.09,287.80,30538.73,327.29
160802.72,287.69,30414.01,327.40
162363.56,287.49,30206.68,327.59
160802.72,287.69,30082.59,327.70
159080.73,287.92,30082.59,327.70
159940.09,287.80,30123.93,327.66
159940.09,287.80,29958.74,327.81
160112.38,287.78,30000.00,327.77
160975.61,287.67,29958.74,327.81
162189.63,287.51,30455.56,327.36
159767.97,287.83,29588.61,328.15
160457.28,287.74,29876.31,327.88
159595.95,287.85,29958.74,327.81
160457.28,287.74,29958.74,327.81
160975.61,287.67,29958.74,327.81
159080.73,287.92,29958.74,327.81
160112.38,287.78,29958.74,327.81
159940.09,287.80,29917.51,327.85
160457.28,287.74,30082.59,327.70
160284.75,287.76,30123.93,327.66
158395.53,288.01,29958.74,327.81
161668.55,287.58,30000.00,327.77
160629.92,287.71,30082.59,327.70
159767.97,287.83,30123.93,327.66
160112.38,287.78,30082.59,327.70
160284.75,287.76,30165.29,327.62
160629.92,287.71,30082.59,327.70
161148.66,287.65,30165.29,327.62
159940.09,287.80,30248.09,327.55
160112.38,287.78,30414.01,327.40
158395.53,288.01,30082.59,327.70
160802.72,287.69,30331.00,327.47
161842.13,287.56,30331.00,327.47
159940.09,287.80,30372.49,327.44
161495.13,287.60,30497.13,327.33
160457.28,287.74,30414.01,327.40
160284.75,287.76,30165.29,327.62
160975.61,287.67,30331.00,327.47
160284.75,287.76,30497.13,327.33
158909.23,287.94,30497.13,327.33
160112.38,287.78,30622.01,327.21
160284.75,287.76,30538.73,327.29
160112.38,287.78,30580.36,327.25
160112.38,287.78,30248.09,327.55
160457.28,287.74,30289.53,327.51
161321.81,287.62,30414.01,327.40
160975.61,287.67,30165.29,327.62
160975.61,287.67,30082.59,327.70
160975.61,287.67,29958.74,327.81
159940.09,287.80,29958.74,327.81
160975.61,287.67,29958.74,327.81
160457.28,287.74,29958.74,327.81
159595.95,287.85,29588.61,328.15
159252.33,287.89,29917.51,327.85
160457.28,287.74,30165.29,327.62
159940.09,287.80,29958.74,327.81
159080.73,287.92,29876.31,327.88
158737.88,287.96,30041.28,327.73
159940.09,287.80,29958.74,327.81
160457.28,287.74,29958.74,327.81
161495.13,287.60,30041.28,327.73
161148.66,287.65,30372.49,327.44
160112.38,287.78,30206.68,327.59
160975.61,287.67,30372.49,327.44
160975.61,287.67,30041.28,327.73
159940.09,287.80,30041.28,327.73
159940.09,287.80,30165.29,327.62
159424.11,287.87,30165.29,327.62
159767.97,287.83,30206.68,327.59
159940.09,287.80,30206.68,327.59
159940.09,287.80,29958.74,327.81
160457.28,287.74,30165.29,327.62
159767.97,287.83,30000.00,327.77
160457.28,287.74,30248.09,327.55
161148.66,287.65,30248.09,327.55
162015.80,287.53,30082.59,327.70
160112.38,287.78,30000.00,327.77
159940.09,287.80,30041.28,327.73
161321.81,287.62,30082.59,327.70
161148.66,287.65,30082.59,327.70
158909.23,287.94,30165.29,327.62
160457.28,287.74,30165.29,327.62
162537.67,287.47,29958.74,327.81
159940.09,287.80,30497.13,327.33
161148.66,287.65,30206.68,327.59
159940.09,287.80,30082.59,327.70
160112.38,287.78,30538.73,327.29
160112.38,287.78,30497.13,327.33
159940.09,287.80,30206.68,327.59
159940.09,287.80,30331.00,327.47
160802.72,287.69,30414.01,327.40
160457.28,287.74,30497.13,327.33
160284.75,287.76,30538.73,327.29
158909.23,287.94,30538.73,327.29
162537.67,287.47,30663.69,327.18
160802.72,287.69,30622.01,327.21
160284.75,287.76,30622.01,327.21
159940.09,287.80,30622.01,327.21
161495.13,287.60,30580.36,327.25
158909.23,287.94,30663.69,327.18
159940.09,287.80,30497.13,327.33
160629.92,287.71,30622.01,327.21
160112.38,287.78,30747.13,327.10
159252.33,287.89,30414.01,327.40
160457.28,287.74,30788.88,327.07
160975.61,287.67,30622.01,327.21
160629.92,287.71,30747.13,327.10
159424.11,287.87,30497.13,327.33
160629.92,287.71,30580.36,327.25
161495.13,287.60,30747.13,327.10
159767.97,287.83,30580.36,327.25
159940.09,287.80,30663.69,327.18
160802.72,287.69,30663.69,327.18
159940.09,287.80,30663.69,327.18
160457.28,287.74,30663.69,327.18
160284.75,287.76,30830.67,327.03
160975.61,287.67,30663.69,327.18
159940.09,287.80,30538.73,327.29
160975.61,287.67,30914.32,326.96
159767.97,287.83,30830.67,327.03
162015.80,287.53,30663.69,327.18
159424.11,287.87,30622.01,327.21
159940.09,287.80,30747.13,327.10
160284.75,287.76,30705.39,327.14
161495.13,287.60,30788.88,327.07
160802.72,287.69,30747.13,327.10
159940.09,287.80,30497.13,327.33
159767.97,287.83,30580.36,327.25
160629.92,287.71,30538.73,327.29
160975.61,287.67,30580.36,327.25
162189.63,287.51,30414.01,327.40
159767.97,287.83,30248.09,327.55
160975.61,287.67,30248.09,327.55
161148.66,287.65,29958.74,327.81
161148.66,287.65,30165.29,327.62
159080.73,287.92,29958.74,327.81
159940.09,287.80,30041.28,327.73
160457.28,287.74,30082.59,327.70
162363.56,287.49,30248.09,327.55
159424.11,287.87,29958.74,327.81
159940.09,287.80,29958.74,327.81
160284.75,287.76,30041.28,327.73
159940.09,287.80,30041.28,327.73
162189.63,287.51,30206.68,327.59
159940.09,287.80,29958.74,327.81
160975.61,287.67,30206.68,327.59
159424.11,287.87,30000.00,327.77
159940.09,287.80,29958.74,327.81
158395.53,288.01,30082.59,327.70
159252.33,287.89,30248.09,327.55
161495.13,287.60,30165.29,327.62
160975.61,287.67,30414.01,327.40
162363.56,287.49,30000.00,327.77
159767.97,287.83,30123.93,327.66
159252.33,287.89,29752.85,328.00
159595.95,287.85,30123.93,327.66
160975.61,287.67,30082.59,327.70
160112.38,287.78,30041.28,327.73
159767.97,287.83,30082.59,327.70
159940.09,287.80,30082.59,327.70
159940.09,287.80,30372.49,327.44
159940.09,287.80,30248.09,327.55
160112.38,287.78,30497.13,327.33
159940.09,287.80,30123.93,327.66
160975.61,287.67,30248.09,327.55
159595.95,287.85,30538.73,327.29
161148.66,287.65,30331.00,327.47
160975.61,287.67,30414.01,327.40
159940.09,287.80,30580.36,327.25
159595.95,287.85,30165.29,327.62
159767.97,287.83,30455.56,327.36
161148.66,287.65,30497.13,327.33
160975.61,287.67,30538.73,327.29
159080.73,287.92,30248.09,327.55
160802.72,287.69,30538.73,327.29
160112.38,287.78,30414.01,327.40
159940.09,287.80,30497.13,327.33
159940.09,287.80,30497.13,327.33
159767.97,287.83,30497.13,327.33
160284.75,287.76,30497.13,327.33
159252.33,287.89,30372.49,327.44
160802.72,287.69,30580.36,327.25
160112.38,287.78,30206.68,327.59
159767.97,287.83,30580.36,327.25
160457.28,287.74,30580.36,327.25
160112.38,287.78,30580.36,327.25
160802.72,287.69,30998.08,326.88
159940.09,287.80,30830.67,327.03
160629.92,287.71,30622.01,327.21
158224.55,288.03,30580.36,327.25
160457.28,287.74,30580.36,327.25
160112.38,287.78,30580.36,327.25
160975.61,287.67,30538.73,327.29
159940.09,287.80,30580.36,327.25
160629.92,287.71,30622.01,327.21
160457.28,287.74,30663.69,327.18
161148.66,287.65,30580.36,327.25
160975.61,287.67,30705.39,327.14
159080.73,287.92,30622.01,327.21
158395.53,288.01,30580.36,327.25
160629.92,287.71,30622.01,327.21
160802.72,287.69,30663.69,327.18
160284.75,287.76,30580.36,327.25
160802.72,287.69,30497.13,327.33
159424.11,287.87,30580.36,327.25
159424.11,287.87,30372.49,327.44
159940.09,287.80,30414.01,327.40
161668.55,287.58,30414.01,327.40
160629.92,287.71,30622.01,327.21
159940.09,287.80,30414.01,327.40
159252.33,287.89,30497.13,327.33
159940.09,287.80,30414.01,327.40
159424.11,287.87,30538.73,327.29
158909.23,287.94,30622.01,327.21
160112.38,287.78,30622.01,327.21
160629.92,287.71,30747.13,327.10
160112.38,287.78,30580.36,327.25
160975.61,287.67,30538.73,327.29
160284.75,287.76,30538.73,327.29
161495.13,287.60,30497.13,327.33
159767.97,287.83,30497.13,327.33
159767.97,287.83,30414.01,327.40
159940.09,287.80,30538.73,327.29
159940.09,287.80,30455.56,327.36
159940.09,287.80,30497.13,327.33
160112.38,287.78,30372.49,327.44
159424.11,287.87,30414.01,327.40
158737.88,287.96,30830.67,327.03
155000.02,288.46,30497.13,327.33
160112.38,287.78,30663.69,327.18
159424.11,287.87,30248.09,327.55
159940.09,287.80,30414.01,327.40
160802.72,287.69,30331.00,327.47
160629.92,287.71,30538.73,327.29
160457.28,287.74,30538.73,327.29
159424.11,287.87,30538.73,327.29
160975.61,287.67,30497.13,327.33
160975.61,287.67,30580.36,327.25
158909.23,287.94,30580.36,327.25
159940.09,287.80,30248.09,327.55
159767.97,287.83,30206.68,327.59
159940.09,287.80,30165.29,327.62
159595.95,287.85,30248.09,327.55
158053.70,288.05,30206.68,327.59
159767.97,287.83,30082.59,327.70
159767.97,287.83,30041.28,327.73
159940.09,287.80,29917.51,327.85
160112.38,287.78,29958.74,327.81
159940.09,287.80,29876.31,327.88
159424.11,287.87,29917.51,327.85
160457.28,287.74,30041.28,327.73
160284.75,287.76,29876.31,327.88
157541.89,288.12,29835.13,327.92
159424.11,287.87,29835.13,327.92
159424.11,287.87,30041.28,327.73
161668.55,287.58,29958.74,327.81
161668.55,287.58,30000.00,327.77
159595.95,287.85,29835.13,327.92
159595.95,287.85,29958.74,327.81
159940.09,287.80,29876.31,327.88
159424.11,287.87,29876.31,327.88
159940.09,287.80,29958.74,327.81
159080.73,287.92,29917.51,327.85
159767.97,287.83,29835.13,327.92
159940.09,287.80,29917.51,327.85
160284.75,287.76,30000.00,327.77
159424.11,287.87,29876.31,327.88
158737.88,287.96,29835.13,327.92
158395.53,288.01,29958.74,327.81
159940.09,287.80,30082.59,327.70
159424.11,287.87,29835.13,327.92
159940.09,287.80,29958.74,327.81
159940.09,287.80,29917.51,327.85
159940.09,287.80,30082.59,327.70
158224.55,288.03,30000.00,327.77
159940.09,287.80,29958.74,327.81
159940.09,287.80,30165.29,327.62
159940.09,287.80,30082.59,327.70
159767.97,287.83,30165.29,327.62
159940.09,287.80,30372.49,327.44
159080.73,287.92,30123.93,327.66
159940.09,287.80,30372.49,327.44
159940.09,287.80,30455.56,327.36
159940.09,287.80,30248.09,327.55
159940.09,287.80,30455.56,327.36
160975.61,287.67,30165.29,327.62
158737.88,287.96,30082.59,327.70
161148.66,287.65,30206.68,327.59
160629.92,287.71,30538.73,327.29
158224.55,288.03,30331.00,327.47
159595.95,287.85,30165.29,327.62
159252.33,287.89,30580.36,327.25
161148.66,287.65,30538.73,327.29
160284.75,287.76,30082.59,327.70
157712.39,288.10,30082.59,327.70
159424.11,287.87,30082.59,327.70
159940.09,287.80,30000.00,327.77
160629.92,287.71,30165.29,327.62
159424.11,287.87,29958.74,327.81
160802.72,287.69,29835.13,327.92
159940.09,287.80,29835.13,327.92
159767.97,287.83,29835.13,327.92
160457.28,287.74,29958.74,327.81
160629.92,287.71,29835.13,327.92
158909.23,287.94,29917.51,327.85
160112.38,287.78,29835.13,327.92
157882.97,288.07,29958.74,327.81
157712.39,288.10,29793.98,327.96
159940.09,287.80,29917.51,327.85
159080.73,287.92,29752.85,328.00
160802.72,287.69,29958.74,327.81
160457.28,287.74,29958.74,327.81
159940.09,287.80,29958.74,327.81
160112.38,287.78,29958.74,327.81
159595.95,287.85,29670.68,328.07
159767.97,287.83,29917.51,327.85
157201.34,288.17,29588.61,328.15
159080.73,287.92,29752.85,328.00
159595.95,287.85,29424.78,328.30
159940.09,287.80,29506.64,328.22
159424.11,287.87,29588.61,328.15
159940.09,287.80,29547.61,328.19
160112.38,287.78,29547.61,328.19
159940.09,287.80,29343.02,328.38
159940.09,287.80,29343.02,328.38
159767.97,287.83,29220.58,328.49
160284.75,287.76,29506.64,328.22
159940.09,287.80,29179.81,328.53
159767.97,287.83,29343.02,328.38
159424.11,287.87,29547.61,328.19
159767.97,287.83,29261.36,328.45
159080.73,287.92,29343.02,328.38
161842.13,287.56,29547.61,328.19
159595.95,287.85,29179.81,328.53
159252.33,287.89,29302.18,328.41
159595.95,287.85,29179.81,328.53
159080.73,287.92,29057.68,328.64
160629.92,287.71,29261.36,328.45
159940.09,287.80,29220.58,328.49
159767.97,287.83,29179.81,328.53
160284.75,287.76,29261.36,328.45
159767.97,287.83,29261.36,328.45
159940.09,287.80,29220.58,328.49
159940.09,287.80,29179.81,328.53
160629.92,287.71,29220.58,328.49
159080.73,287.92,28935.77,328.76
159080.73,287.92,29261.36,328.45
160112.38,287.78,29383.88,328.34
159080.73,287.92,29343.02,328.38
159940.09,287.80,29424.78,328.30
161148.66,287.65,29506.64,328.22
159424.11,287.87,29383.88,328.34
159424.11,287.87,29424.78,328.30
159940.09,287.80,29383.88,328.34
159767.97,287.83,29261.36,328.45
159940.09,287.80,29917.51,327.85
161495.13,287.60,29588.61,328.15
159767.97,287.83,30622.01,327.21
158395.53,288.01,29917.51,327.85
156691.47,288.23,29876.31,327.88
159424.11,287.87,29752.85,328.00
159940.09,287.80,29917.51,327.85
159424.11,287.87,29547.61,328.19
160802.72,287.69,29752.85,328.00
158224.55,288.03,29876.31,327.88
159940.09,287.80,29588.61,328.15
159940.09,287.80,29835.13,327.92
160457.28,287.74,29958.74,327.81
159940.09,287.80,29835.13,327.92
160112.38,287.78,29958.74,327.81
158224.55,288.03,29917.51,327.85
159767.97,287.83,29752.85,328.00
159940.09,287.80,30165.29,327.62
158909.23,287.94,29958.74,327.81
160284.75,287.76,29917.51,327.85
159595.95,287.85,29958.74,327.81
157712.39,288.10,29958.74,327.81
158909.23,287.94,30000.00,327.77
159252.33,287.89,30041.28,327.73
160975.61,287.67,30372.49,327.44
158909.23,287.94,30000.00,327.77
159940.09,287.80,30165.29,327.62
160112.38,287.78,30082.59,327.70
159940.09,287.80,30082.59,327.70
158737.88,287.96,30248.09,327.55
158737.88,287.96,30165.29,327.62
159080.73,287.92,30123.93,327.66
158395.53,288.01,30082.59,327.70
161148.66,287.65,30206.68,327.59
160284.75,287.76,30331.00,327.47
159424.11,287.87,29711.75,328.03
159940.09,287.80,30331.00,327.47
159767.97,287.83,30372.49,327.44
159595.95,287.85,30082.59,327.70
158909.23,287.94,30165.29,327.62
159940.09,287.80,30538.73,327.29
159940.09,287.80,30414.01,327.40
159424.11,287.87,30538.73,327.29
159424.11,287.87,30497.13,327.33
159252.33,287.89,30248.09,327.55
158909.23,287.94,30331.00,327.47
159080.73,287.92,30331.00,327.47
159940.09,287.80,30372.49,327.44
159767.97,287.83,30331.00,327.47
159940.09,287.80,30538.73,327.29
157541.89,288.12,30248.09,327.55
158224.55,288.03,30206.68,327.59
158395.53,288.01,30497.13,327.33
159940.09,287.80,30414.01,327.40
157201.34,288.17,30580.36,327.25
162711.86,287.44,30538.73,327.29
159940.09,287.80,30497.13,327.33
159940.09,287.80,30455.56,327.36
158737.88,287.96,30580.36,327.25
159080.73,287.92,30580.36,327.25
159595.95,287.85,30538.73,327.29
159940.09,287.80,30497.13,327.33
158737.88,287.96,30747.13,327.10
159940.09,287.80,30580.36,327.25
159940.09,287.80,30538.73,327.29
158395.53,288.01,30663.69,327.18
158909.23,287.94,30663.69,327.18
159424.11,287.87,30580.36,327.25
159424.11,287.87,30622.01,327.21
159940.09,287.80,30705.39,327.14
159767.97,287.83,30622.01,327.21
159595.95,287.85,30663.69,327.18
160112.38,287.78,30414.01,327.40
159767.97,287.83,30580.36,327.25
159080.73,287.92,30705.39,327.14
160112.38,287.78,30663.69,327.18
160975.61,287.67,30830.67,327.03
160284.75,287.76,30663.69,327.18
158053.70,288.05,30622.01,327.21
158395.53,288.01,30663.69,327.18
160629.92,287.71,30705.39,327.14
160975.61,287.67,30663.69,327.18
159940.09,287.80,30663.69,327.18
159767.97,287.83,30747.13,327.10
159080.73,287.92,30747.13,327.10
159767.97,287.83,30622.01,327.21
159940.09,287.80,30414.01,327.40
159424.11,287.87,30705.39,327.14
161495.13,287.60,30914.32,326.96
159940.09,287.80,30663.69,327.18
159252.33,287.89,30622.01,327.21
159424.11,287.87,30497.13,327.33
159767.97,287.83,30580.36,327.25
158737.88,287.96,30580.36,327.25
160457.28,287.74,30872.48,326.99
159940.09,287.80,30663.69,327.18
159080.73,287.92,30497.13,327.33
160284.75,287.76,30663.69,327.18
160112.38,287.78,30622.01,327.21
162015.80,287.53,30830.67,327.03
159940.09,287.80,30538.73,327.29
159940.09,287.80,30663.69,327.18
159767.97,287.83,30622.01,327.21
159595.95,287.85,30663.69,327.18
159767.97,287.83,30705.39,327.14
159940.09,287.80,30538.73,327.29
158909.23,287.94,30747.13,327.10
158053.70,288.05,30497.13,327.33
157031.27,288.19,30747.13,327.10
159595.95,287.85,30663.69,327.18
159940.09,287.80,30663.69,327.18
159940.09,287.80,30580.36,327.25
159767.97,287.83,30622.01,327.21
159595.95,287.85,30705.39,327.14
160975.61,287.67,30747.13,327.10
159940.09,287.80,30622.01,327.21
158395.53,288.01,30663.69,327.18
159940.09,287.80,30830.67,327.03
160457.28,287.74,30455.56,327.36
159940.09,287.80,30747.13,327.10
160457.28,287.74,30747.13,327.10
159940.09,287.80,30580.36,327.25
159940.09,287.80,30580.36,327.25
160284.75,287.76,30580.36,327.25
160457.28,287.74,30455.56,327.36
160112.38,287.78,30248.09,327.55
159940.09,287.80,30206.68,327.59
159940.09,287.80,30206.68,327.59
159940.09,287.80,30082.59,327.70
159424.11,287.87,29835.13,327.92
159595.95,287.85,30123.93,327.66
159252.33,287.89,30123.93,327.66
158909.23,287.94,29752.85,328.00
158395.53,288.01,29876.31,327.88
159080.73,287.92,29711.75,328.03
159940.09,287.80,30123.93,327.66
159940.09,287.80,29958.74,327.81
159940.09,287.80,30082.59,327.70
159940.09,287.80,30331.00,327.47
159424.11,287.87,29383.88,328.34
159252.33,287.89,29958.74,327.81
160112.38,287.78,29958.74,327.81
157541.89,288.12,29876.31,327.88
157371.56,288.14,30000.00,327.77
160112.38,287.78,29958.74,327.81
160112.38,287.78,29958.74,327.81
159940.09,287.80,30000.00,327.77
160975.61,287.67,30000.00,327.77
159767.97,287.83,30082.59,327.70
159424.11,287.87,29547.61,328.19
160112.38,287.78,30165.29,327.62
159940.09,287.80,30206.68,327.59
159252.33,287.89,30165.29,327.62
159595.95,287.85,30082.59,327.70
159252.33,287.89,30000.00,327.77
159252.33,287.89,29958.74,327.81
159940.09,287.80,30206.68,327.59
159424.11,287.87,29958.74,327.81
159767.97,287.83,29958.74,327.81
158737.88,287.96,29588.61,328.15
160457.28,287.74,30082.59,327.70
160112.38,287.78,30165.29,327.62
159080.73,287.92,30123.93,327.66
159080.73,287.92,30206.68,327.59
159940.09,287.80,30372.49,327.44
159595.95,287.85,30455.56,327.36
161842.13,287.56,30082.59,327.70
160457.28,287.74,30497.13,327.33
160802.72,287.69,30455.56,327.36
160457.28,287.74,30372.49,327.44
158395.53,288.01,30165.29,327.62
157031.27,288.19,30123.93,327.66
159940.09,287.80,30082.59,327.70
159940.09,287.80,30206.68,327.59
160284.75,287.76,30372.49,327.44
159424.11,287.87,30206.68,327.59
158395.53,288.01,30248.09,327.55
159940.09,287.80,30414.01,327.40
160284.75,287.76,30082.59,327.70
159940.09,287.80,30331.00,327.47
157712.39,288.10,30082.59,327.70
160112.38,287.78,30206.68,327.59
159595.95,287.85,30041.28,327.73
159767.97,287.83,29958.74,327.81
157712.39,288.10,30414.01,327.40
159940.09,287.80,30414.01,327.40
159940.09,287.80,30538.73,327.29
161842.13,287.56,30414.01,327.40
159080.73,287.92,30331.00,327.47
159080.73,287.92,30372.49,327.44
159940.09,287.80,30414.01,327.40
160975.61,287.67,30372.49,327.44
159940.09,287.80,30331.00,327.47
157371.56,288.14,30248.09,327.55
158053.70,288.05,30165.29,327.62
159940.09,287.80,30248.09,327.55
160629.92,287.71,30206.68,327.59
159767.97,287.83,30082.59,327.70
158566.63,287.98,29958.74,327.81
160112.38,287.78,29958.74,327.81
159424.11,287.87,30000.00,327.77
158395.53,288.01,29876.31,327.88
159940.09,287.80,29711.75,328.03
161148.66,287.65,29547.61,328.19
160112.38,287.78,29588.61,328.15
158909.23,287.94,29424.78,328.30
159595.95,287.85,29547.61,328.19
159424.11,287.87,29424.78,328.30
159595.95,287.85,29547.61,328.19
159940.09,287.80,29261.36,328.45
159252.33,287.89,29465.70,328.26
159940.09,287.80,29588.61,328.15
160457.28,287.74,29547.61,328.19
158224.55,288.03,29506.64,328.22
160112.38,287.78,29383.88,328.34
159595.95,287.85,29343.02,328.38
159940.09,287.80,29261.36,328.45
159424.11,287.87,29302.18,328.41
159595.95,287.85,29220.58,328.49
157201.34,288.17,29302.18,328.41
159080.73,287.92,29465.70,328.26
160112.38,287.78,29506.64,328.22
159424.11,287.87,29711.75,328.03
159940.09,287.80,29424.78,328.30
160802.72,287.69,29588.61,328.15
159940.09,287.80,29670.68,328.07
159940.09,287.80,29506.64,328.22
158395.53,288.01,29588.61,328.15
159080.73,287.92,29588.61,328.15
160284.75,287.76,29917.51,327.85
160802.72,287.69,29752.85,328.00
159080.73,287.92,29835.13,327.92
159940.09,287.80,30041.28,327.73
159940.09,287.80,29917.51,327.85
159940.09,287.80,29958.74,327.81
159424.11,287.87,29670.68,328.07
158909.23,287.94,29917.51,327.85
159940.09,287.80,29958.74,327.81
160112.38,287.78,29752.85,328.00
158395.53,288.01,29711.75,328.03
159940.09,287.80,29958.74,327.81
159767.97,287.83,29917.51,327.85
158224.55,288.03,29752.85,328.00
159940.09,287.80,29958.74,327.81
159940.09,287.80,29752.85,328.00
159940.09,287.80,29917.51,327.85
158737.88,287.96,29547.61,328.19
159940.09,287.80,29711.75,328.03
158395.53,288.01,29588.61,328.15
159940.09,287.80,29917.51,327.85
160112.38,287.78,29588.61,328.15
158395.53,288.01,29179.81,328.53
157201.34,288.17,29506.64,328.22
158737.88,287.96,29752.85,328.00
160112.38,287.78,29835.13,327.92
157712.39,288.10,29752.85,328.00
158224.55,288.03,29752.85,328.00
159767.97,287.83,29876.31,327.88
159940.09,287.80,29752.85,328.00
160112.38,287.78,29876.31,327.88
159940.09,287.80,29835.13,327.92
159080.73,287.92,29958.74,327.81
158909.23,287.94,29670.68,328.07
158909.23,287.94,29958.74,327.81
159080.73,287.92,30497.13,327.33
157712.39,288.10,29752.85,328.00
159080.73,287.92,29752.85,328.00
159424.11,287.87,29917.51,327.85
159940.09,287.80,29958.74,327.81
159940.09,287.80,29958.74,327.81
159940.09,287.80,29958.74,327.81
160284.75,287.76,29958.74,327.81
159940.09,287.80,29958.74,327.81
160802.72,287.69,30248.09,327.55
158909.23,287.94,30041.28,327.73
159767.97,287.83,30000.00,327.77
159080.73,287.92,30000.00,327.77
160112.38,287.78,29958.74,327.81
158224.55,288.03,29958.74,327.81
159424.11,287.87,30000.00,327.77
159767.97,287.83,30000.00,327.77
159767.97,287.83,30041.28,327.73
159940.09,287.80,30082.59,327.70
159424.11,287.87,30165.29,327.62
157031.27,288.19,30082.59,327.70
160112.38,287.78,30206.68,327.59
159940.09,287.80,30123.93,327.66
160457.28,287.74,29958.74,327.81
159940.09,287.80,29958.74,327.81
159424.11,287.87,29917.51,327.85
158909.23,287.94,29752.85,328.00
159595.95,287.85,29917.51,327.85
159595.95,287.85,29876.31,327.88
160112.38,287.78,29752.85,328.00
159940.09,287.80,29711.75,328.03
158909.23,287.94,29752.85,328.00
159595.95,287.85,29588.61,328.15
158737.88,287.96,29876.31,327.88
161842.13,287.56,29793.98,327.96
159940.09,287.80,29588.61,328.15
159080.73,287.92,29670.68,328.07
159940.09,287.80,29752.85,328.00
159252.33,287.89,29711.75,328.03
158053.70,288.05,29876.31,327.88
159940.09,287.80,29752.85,328.00
160112.38,287.78,28854.63,328.83
160112.38,287.78,29835.13,327.92
159080.73,287.92,29876.31,327.88
158737.88,287.96,29835.13,327.92
159424.11,287.87,30000.00,327.77
160284.75,287.76,29752.85,328.00
159767.97,287.83,29835.13,327.92
159424.11,287.87,29835.13,327.92
159424.11,287.87,29835.13,327.92
158395.53,288.01,29917.51,327.85
159940.09,287.80,30041.28,327.73
160457.28,287.74,30000.00,327.77
159080.73,287.92,29752.85,328.00
157031.27,288.19,29958.74,327.81
158053.70,288.05,30206.68,327.59
160112.38,287.78,30000.00,327.77
159080.73,287.92,30082.59,327.70
160284.75,287.76,29958.74,327.81
160284.75,287.76,29958.74,327.81
157371.56,288.14,29876.31,327.88
159595.95,287.85,29917.51,327.85
159940.09,287.80,29752.85,328.00
159940.09,287.80,29588.61,328.15
159080.73,287.92,29547.61,328.19
159940.09,287.80,29547.61,328.19
159940.09,287.80,29424.78,328.30
159940.09,287.80,29424.78,328.30
158395.53,288.01,29261.36,328.45
159940.09,287.80,29343.02,328.38
159767.97,287.83,29220.58,328.49
159080.73,287.92,29220.58,328.49
158395.53,288.01,28692.64,328.99
159767.97,287.83,29261.36,328.45
159940.09,287.80,29179.81,328.53
160112.38,287.78,29424.78,328.30
157541.89,288.12,29220.58,328.49
158566.63,287.98,29383.88,328.34
159080.73,287.92,29465.70,328.26
158737.88,287.96,29670.68,328.07
159767.97,287.83,29506.64,328.22
158909.23,287.94,29465.70,328.26
158224.55,288.03,29547.61,328.19
159940.09,287.80,29343.02,328.38
159940.09,287.80,29506.64,328.22
160975.61,287.67,29588.61,328.15
159767.97,287.83,29670.68,328.07
160284.75,287.76,29547.61,328.19
158737.88,287.96,29793.98,327.96
159767.97,287.83,29547.61,328.19
159080.73,287.92,29958.74,327.81
160802.72,287.69,29835.13,327.92
159940.09,287.80,29917.51,327.85
158737.88,287.96,29179.81,328.53
159252.33,287.89,29752.85,328.00
159940.09,287.80,29917.51,327.85
159595.95,287.85,29917.51,327.85
158395.53,288.01,29835.13,327.92
158053.70,288.05,29876.31,327.88
159252.33,287.89,29958.74,327.81
159940.09,287.80,29958.74,327.81
159940.09,287.80,29958.74,327.81
159940.09,287.80,29958.74,327.81
159252.33,287.89,29958.74,327.81
159940.09,287.80,29917.51,327.85
159080.73,287.92,29958.74,327.81
159252.33,287.89,29917.51,327.85
159424.11,287.87,29958.74,327.81
159940.09,287.80,29958.74,327.81
160457.28,287.74,30000.00,327.77
159767.97,287.83,29958.74,327.81
159252.33,287.89,29917.51,327.85
158909.23,287.94,29958.74,327.81
157541.89,288.12,29958.74,327.81
159940.09,287.80,29958.74,327.81
159940.09,287.80,29958.74,327.81
160112.38,287.78,29958.74,327.81
159595.95,287.85,30000.00,327.77
158395.53,288.01,30000.00,327.77
158395.53,288.01,29958.74,327.81
159940.09,287.80,30165.29,327.62
159595.95,287.85,30082.59,327.70
159595.95,287.85,29958.74,327.81
159767.97,287.83,29958.74,327.81
157712.39,288.10,30041.28,327.73
159252.33,287.89,29958.74,327.81
159940.09,287.80,30165.29,327.62
159595.95,287.85,30331.00,327.47
158224.55,288.03,30082.59,327.70
158909.23,287.94,30082.59,327.70
158909.23,287.94,30206.68,327.59
158224.55,288.03,30082.59,327.70
159080.73,287.92,30082.59,327.70
160112.38,287.78,30041.28,327.73
160975.61,287.67,30331.00,327.47
159080.73,287.92,30082.59,327.70
159767.97,287.83,30082.59,327.70
159595.95,287.85,30041.28,327.73
158909.23,287.94,30165.29,327.62
157541.89,288.12,30123.93,327.66
159940.09,287.80,30123.93,327.66
159080.73,287.92,29958.74,327.81
159767.97,287.83,30165.29,327.62
160284.75,287.76,30123.93,327.66
159767.97,287.83,29958.74,327.81
159940.09,287.80,30331.00,327.47
159595.95,287.85,30165.29,327.62
160284.75,287.76,30538.73,327.29
157201.34,288.17,30206.68,327.59
158053.70,288.05,29958.74,327.81
158395.53,288.01,30248.09,327.55
159940.09,287.80,30414.01,327.40
159080.73,287.92,30248.09,327.55
159424.11,287.87,30248.09,327.55
159940.09,287.80,30372.49,327.44
159595.95,287.85,30248.09,327.55
159080.73,287.92,30372.49,327.44
158053.70,288.05,30372.49,327.44
160112.38,287.78,30497.13,327.33
160457.28,287.74,30622.01,327.21
159767.97,287.83,30414.01,327.40
157201.34,288.17,29958.74,327.81
158053.70,288.05,30372.49,327.44
158909.23,287.94,30414.01,327.40
158395.53,288.01,30538.73,327.29
159595.95,287.85,30538.73,327.29
159940.09,287.80,30248.09,327.55
161148.66,287.65,30622.01,327.21
159940.09,287.80,30372.49,327.44
159767.97,287.83,30165.29,327.62
159424.11,287.87,30248.09,327.55
159595.95,287.85,30041.28,327.73
158909.23,287.94,29958.74,327.81
159595.95,287.85,29958.74,327.81
159767.97,287.83,29958.74,327.81
158224.55,288.03,29917.51,327.85
157371.56,288.14,29958.74,327.81
159767.97,287.83,29711.75,328.03
159080.73,287.92,29752.85,328.00
159940.09,287.80,29752.85,328.00
159940.09,287.80,29711.75,328.03
159940.09,287.80,29588.61,328.15
159252.33,287.89,29506.64,328.22
158224.55,288.03,29711.75,328.03
160112.38,287.78,29670.68,328.07
159080.73,287.92,29506.64,328.22
159940.09,287.80,29876.31,327.88
159767.97,287.83,29835.13,327.92
159940.09,287.80,29793.98,327.96
158909.23,287.94,29958.74,327.81
157882.97,288.07,29958.74,327.81
159940.09,287.80,29793.98,327.96
159080.73,287.92,30082.59,327.70
159940.09,287.80,29958.74,327.81
159080.73,287.92,29917.51,327.85
158224.55,288.03,29793.98,327.96
159080.73,287.92,29917.51,327.85
159940.09,287.80,30000.00,327.77
159080.73,287.92,29958.74,327.81
159940.09,287.80,30082.59,327.70
160975.61,287.67,30206.68,327.59
160975.61,287.67,30041.28,327.73
159080.73,287.92,30082.59,327.70
158224.55,288.03,30041.28,327.73
160112.38,287.78,30248.09,327.55
159080.73,287.92,30331.00,327.47
158909.23,287.94,30041.28,327.73
159080.73,287.92,30082.59,327.70
159940.09,287.80,30082.59,327.70
159940.09,287.80,30206.68,327.59
159252.33,287.89,30082.59,327.70
159940.09,287.80,30165.29,327.62
159595.95,287.85,29958.74,327.81
160112.38,287.78,30206.68,327.59
159940.09,287.80,30165.29,327.62
157371.56,288.14,30123.93,327.66
158737.88,287.96,30248.09,327.55
161148.66,287.65,30165.29,327.62
158909.23,287.94,30289.53,327.51
158737.88,287.96,30206.68,327.59
159080.73,287.92,30082.59,327.70
159767.97,287.83,30372.49,327.44
159080.73,287.92,30580.36,327.25
159940.09,287.80,30414.01,327.40
158053.70,288.05,30289.53,327.51
158395.53,288.01,30372.49,327.44
159940.09,287.80,30372.49,327.44
160112.38,287.78,30372.49,327.44
160629.92,287.71,30372.49,327.44
158737.88,287.96,30248.09,327.55
159424.11,287.87,30165.29,327.62
159940.09,287.80,30538.73,327.29
159767.97,287.83,30165.29,327.62
159767.97,287.83,30414.01,327.40
160112.38,287.78,30372.49,327.44
158737.88,287.96,30248.09,327.55
159940.09,287.80,30206.68,327.59
159940.09,287.80,30497.13,327.33
159595.95,287.85,30414.01,327.40
159424.11,287.87,30041.28,327.73
158909.23,287.94,30372.49,327.44
159767.97,287.83,30538.73,327.29
159595.95,287.85,30497.13,327.33
158909.23,287.94,30497.13,327.33
159080.73,287.92,30497.13,327.33
158909.23,287.94,30455.56,327.36
158909.23,287.94,30414.01,327.40
159940.09,287.80,30580.36,327.25
158909.23,287.94,30580.36,327.25
159767.97,287.83,30414.01,327.40
159940.09,287.80,30497.13,327.33
159940.09,287.80,30580.36,327.25
159940.09,287.80,30580.36,327.25
158566.63,287.98,30580.36,327.25
159595.95,287.85,30580.36,327.25
159940.09,287.80,30580.36,327.25
158737.88,287.96,30538.73,327.29
158737.88,287.96,30455.56,327.36
159940.09,287.80,30497.13,327.33
160457.28,287.74,30414.01,327.40
159424.11,287.87,30497.13,327.33
158224.55,288.03,30538.73,327.29
160112.38,287.78,30414.01,327.40
158053.70,288.05,30331.00,327.47
159940.09,287.80,30414.01,327.40
159767.97,287.83,30414.01,327.40
158053.70,288.05,30082.59,327.70
159595.95,287.85,30206.68,327.59
159940.09,287.80,30248.09,327.55
158566.63,287.98,30206.68,327.59
158737.88,287.96,30331.00,327.47
159940.09,287.80,30414.01,327.40
159080.73,287.92,30206.68,327.59
159595.95,287.85,30041.28,327.73
157712.39,288.10,30414.01,327.40
159252.33,287.89,30663.69,327.18
159767.97,287.83,30580.36,327.25
158395.53,288.01,30497.13,327.33
159940.09,287.80,30414.01,327.40
157371.56,288.14,30248.09,327.55
158737.88,287.96,30580.36,327.25
159424.11,287.87,30538.73,327.29
159595.95,287.85,30455.56,327.36
158737.88,287.96,30414.01,327.40
159424.11,287.87,30372.49,327.44
159940.09,287.80,30538.73,327.29
159767.97,287.83,30872.48,326.99
160112.38,287.78,30538.73,327.29
159080.73,287.92,30580.36,327.25
157541.89,288.12,30622.01,327.21
158395.53,288.01,30580.36,327.25
159767.97,287.83,30414.01,327.40
157882.97,288.07,30414.01,327.40
158737.88,287.96,30538.73,327.29
160284.75,287.76,30455.56,327.36
159595.95,287.85,30497.13,327.33
159767.97,287.83,29958.74,327.81
157712.39,288.10,30372.49,327.44
159080.73,287.92,30497.13,327.33
159940.09,287.80,30248.09,327.55
159080.73,287.92,30248.09,327.55
159595.95,287.85,30289.53,327.51
159940.09,287.80,30372.49,327.44
158737.88,287.96,30248.09,327.55
158224.55,288.03,30248.09,327.55
159940.09,287.80,30082.59,327.70
159595.95,287.85,30206.68,327.59
157371.56,288.14,30082.59,327.70
159940.09,287.80,30206.68,327.59
159080.73,287.92,30041.28,327.73
159080.73,287.92,29958.74,327.81
159595.95,287.85,30165.29,327.62
159767.97,287.83,30414.01,327.40
159940.09,287.80,30206.68,327.59
160284.75,287.76,29711.75,328.03
159595.95,287.85,30165.29,327.62
159424.11,287.87,30206.68,327.59
158737.88,287.96,30123.93,327.66
157882.97,288.07,30123.93,327.66
159767.97,287.83,30041.28,327.73
159940.09,287.80,30123.93,327.66
158395.53,288.01,30123.93,327.66
159940.09,287.80,30248.09,327.55
158737.88,287.96,30123.93,327.66
159767.97,287.83,30248.09,327.55
159252.33,287.89,30331.00,327.47
158909.23,287.94,30248.09,327.55
159940.09,287.80,30082.59,327.70
158737.88,287.96,30165.29,327.62
158053.70,288.05,30000.00,327.77
158053.70,288.05,30041.28,327.73
159940.09,287.80,30082.59,327.70
159080.73,287.92,30165.29,327.62
160112.38,287.78,30123.93,327.66
159424.11,287.87,30289.53,327.51
158053.70,288.05,30248.09,327.55
159424.11,287.87,30123.93,327.66
159595.95,287.85,30248.09,327.55
159940.09,287.80,30165.29,327.62
159424.11,287.87,30041.28,327.73
159767.97,287.83,30000.00,327.77
159080.73,287.92,29835.13,327.92
158395.53,288.01,29958.74,327.81
158909.23,287.94,29917.51,327.85
158224.55,288.03,29835.13,327.92
159252.33,287.89,29752.85,328.00
159424.11,287.87,29917.51,327.85
157882.97,288.07,29876.31,327.88
159080.73,287.92,29835.13,327.92
160284.75,287.76,29793.98,327.96
159424.11,287.87,29752.85,328.00
158909.23,287.94,29752.85,328.00
159252.33,287.89,29588.61,328.15
159595.95,287.85,29670.68,328.07
159767.97,287.83,29752.85,328.00
159424.11,287.87,29588.61,328.15
159595.95,287.85,29588.61,328.15
159940.09,287.80,29835.13,327.92
159940.09,287.80,29917.51,327.85
157201.34,288.17,29835.13,327.92
158737.88,287.96,29711.75,328.03
158737.88,287.96,29876.31,327.88
160112.38,287.78,29752.85,328.00
159252.33,287.89,29958.74,327.81
158053.70,288.05,29752.85,328.00
159252.33,287.89,29917.51,327.85
159940.09,287.80,29752.85,328.00
159767.97,287.83,29752.85,328.00
158395.53,288.01,29752.85,328.00
159252.33,287.89,29917.51,327.85
162711.86,287.44,29343.02,328.38
159940.09,287.80,29835.13,327.92
158224.55,288.03,29835.13,327.92
159595.95,287.85,29958.74,327.81
159940.09,287.80,29958.74,327.81
159767.97,287.83,29958.74,327.81
159940.09,287.80,29876.31,327.88
159940.09,287.80,29917.51,327.85
159767.97,287.83,30000.00,327.77
159767.97,287.83,29917.51,327.85
158224.55,288.03,29835.13,327.92
158224.55,288.03,29835.13,327.92
159940.09,287.80,29958.74,327.81
158395.53,288.01,29958.74,327.81
158909.23,287.94,30041.28,327.73
158737.88,287.96,29958.74,327.81
158737.88,287.96,29958.74,327.81
159940.09,287.80,30041.28,327.73
159424.11,287.87,29958.74,327.81
158737.88,287.96,29958.74,327.81
158224.55,288.03,29876.31,327.88
157712.39,288.10,30041.28,327.73
158395.53,288.01,30000.00,327.77
159940.09,287.80,30000.00,327.77
159940.09,287.80,30082.59,327.70
158909.23,287.94,30165.29,327.62
158737.88,287.96,30082.59,327.70
158395.53,288.01,30041.28,327.73
159767.97,287.83,30082.59,327.70
158395.53,288.01,30082.59,327.70
157882.97,288.07,30082.59,327.70
159940.09,287.80,30248.09,327.55
158909.23,287.94,30248.09,327.55
159595.95,287.85,30000.00,327.77
158053.70,288.05,30165.29,327.62
159424.11,287.87,30082.59,327.70
159252.33,287.89,30041.28,327.73
159252.33,287.89,30082.59,327.70
158909.23,287.94,30206.68,327.59
159080.73,287.92,30082.59,327.70
158737.88,287.96,30165.29,327.62
158053.70,288.05,30414.01,327.40
159940.09,287.80,30000.00,327.77
158737.88,287.96,29958.74,327.81
158737.88,287.96,29752.85,328.00
159940.09,287.80,29793.98,327.96
159940.09,287.80,29752.85,328.00
158737.88,287.96,29670.68,328.07
159767.97,287.83,29424.78,328.30
159940.09,287.80,29547.61,328.19
157712.39,288.10,29465.70,328.26
159940.09,287.80,29670.68,328.07
158395.53,288.01,30123.93,327.66
159767.97,287.83,29506.64,328.22
159767.97,287.83,29506.64,328.22
157371.56,288.14,29424.78,328.30
159252.33,287.89,29588.61,328.15
1