=~=~=~=~=~=~=~=~=~=~=~= PuTTY log 2021.12.09 16:44:24 =~=~=~=~=~=~=~=~=~=~=~=
68750.03,277.32,94444.44,299.29
270599.16,277.18,95652.18,299.00
274871.28,276.88,95465.41,299.05
269541.00,277.26,95000.00,299.16
271395.38,277.13,95465.41,299.05
273797.28,276.95,95185.88,299.11
269277.13,277.28,95558.73,299.02
271927.38,277.09,95372.15,299.07
272460.44,277.05,95745.70,298.98
272193.75,277.07,95465.41,299.05
271927.38,277.09,95933.02,298.94
270599.16,277.18,95465.41,299.05
270334.28,277.20,95465.41,299.05
273529.44,276.97,95372.15,299.07
274333.78,276.92,95465.41,299.05
271395.38,277.13,95465.41,299.05
271927.38,277.09,95000.00,299.16
272193.75,277.07,95278.97,299.09
272994.44,277.01,95558.73,299.02
273797.28,276.95,96120.69,298.89
269541.00,277.26,95652.18,299.00
269805.22,277.24,95745.70,298.98
273529.44,276.97,95465.41,299.05
270864.34,277.16,95745.70,298.98
269805.22,277.24,95652.18,299.00
277031.44,276.73,96497.12,298.80
274871.28,276.88,95933.02,298.94
271661.25,277.11,95465.41,299.05
272193.75,277.07,95652.18,299.00
274333.78,276.92,95465.41,299.05
274871.28,276.88,94814.47,299.20
271927.38,277.09,94907.20,299.18
273529.44,276.97,95465.41,299.05
274065.44,276.94,95465.41,299.05
273261.75,276.99,95558.73,299.02
273797.28,276.95,95652.18,299.00
274333.78,276.92,95465.41,299.05
271927.38,277.09,95465.41,299.05
271927.38,277.09,95185.88,299.11
274333.78,276.92,95558.73,299.02
269277.13,277.28,95839.31,298.96
273261.75,276.99,95465.41,299.05
273261.75,276.99,95372.15,299.07
274065.44,276.94,95092.89,299.14
273529.44,276.97,95652.18,299.00
273261.75,276.99,95372.15,299.07
269013.41,277.30,96120.69,298.89
273529.44,276.97,95000.00,299.16
272994.44,277.01,95652.18,299.00
274065.44,276.94,95465.41,299.05
269805.22,277.24,95465.41,299.05
270599.16,277.18,95745.70,298.98
270334.28,277.20,95558.73,299.02
272460.44,277.05,95933.02,298.94
272994.44,277.01,95839.31,298.96
272460.44,277.05,95465.41,299.05
270334.28,277.20,95558.73,299.02
269805.22,277.24,95839.31,298.96
272994.44,277.01,95372.15,299.07
271661.25,277.11,95933.02,298.94
271395.38,277.13,95465.41,299.05
272994.44,277.01,95745.70,298.98
269013.41,277.30,95185.88,299.11
269277.13,277.28,96308.73,298.85
272994.44,277.01,95465.41,299.05
271927.38,277.09,95745.70,298.98
269013.41,277.30,95652.18,299.00
270864.34,277.16,95652.18,299.00
268750.03,277.32,95372.15,299.07
274065.44,276.94,95465.41,299.05
272193.75,277.07,95652.18,299.00
269541.00,277.26,95745.70,298.98
269805.22,277.24,95372.15,299.07
269805.22,277.24,95372.15,299.07
271661.25,277.11,95933.02,298.94
270864.34,277.16,95372.15,299.07
269805.22,277.24,95933.02,298.94
272460.44,277.05,95558.73,299.02
268223.88,277.35,95372.15,299.07
269805.22,277.24,95558.73,299.02
272994.44,277.01,96120.69,298.89
271395.38,277.13,95745.70,298.98
269013.41,277.30,95278.97,299.09
269541.00,277.26,94629.29,299.25
273261.75,276.99,95745.70,298.98
270864.34,277.16,95278.97,299.09
270334.28,277.20,95372.15,299.07
270599.16,277.18,95839.31,298.96
270864.34,277.16,95558.73,299.02
272460.44,277.05,95558.73,299.02
269277.13,277.28,95278.97,299.09
269013.41,277.30,95465.41,299.05
271661.25,277.11,95745.70,298.98
270599.16,277.18,96026.80,298.91
269013.41,277.30,95558.73,299.02
270864.34,277.16,95465.41,299.05
271927.38,277.09,96120.69,298.89
269277.13,277.28,95465.41,299.05
267174.53,277.43,94629.29,299.25
271927.38,277.09,96402.88,298.83
272460.44,277.05,95465.41,299.05
269541.00,277.26,95558.73,299.02
271661.25,277.11,95465.41,299.05
269805.22,277.24,95465.41,299.05
269805.22,277.24,95745.70,298.98
270864.34,277.16,95465.41,299.05
269805.22,277.24,95372.15,299.07
271927.38,277.09,95745.70,298.98
272994.44,277.01,95933.02,298.94
269541.00,277.26,95372.15,299.07
269277.13,277.28,95652.18,299.00
270864.34,277.16,95745.70,298.98
270334.28,277.20,95933.02,298.94
269013.41,277.30,95000.00,299.16
269805.22,277.24,95465.41,299.05
270334.28,277.20,95558.73,299.02
270599.16,277.18,95372.15,299.07
266651.31,277.47,95185.88,299.11
269277.13,277.28,95278.97,299.09
269277.13,277.28,95465.41,299.05
267436.47,277.41,95000.00,299.16
269805.22,277.24,95278.97,299.09
273529.44,276.97,95745.70,298.98
268223.88,277.35,95372.15,299.07
269013.41,277.30,95185.88,299.11
270864.34,277.16,95465.41,299.05
270864.34,277.16,94814.47,299.20
271661.25,277.11,95465.41,299.05
267698.72,277.39,95652.18,299.00
268486.81,277.34,95465.41,299.05
271395.38,277.13,95558.73,299.02
271927.38,277.09,95933.02,298.94
269541.00,277.26,95652.18,299.00
269013.41,277.30,95558.73,299.02
270334.28,277.20,95372.15,299.07
269277.13,277.28,95465.41,299.05
272460.44,277.05,95652.18,299.00
269541.00,277.26,95465.41,299.05
270864.34,277.16,95933.02,298.94
269013.41,277.30,95465.41,299.05
268750.03,277.32,95185.88,299.11
268486.81,277.34,95558.73,299.02
269013.41,277.30,96308.73,298.85
269277.13,277.28,95465.41,299.05
269013.41,277.30,95933.02,298.94
270599.16,277.18,96308.73,298.85
271927.38,277.09,96120.69,298.89
269013.41,277.30,94907.20,299.18
269013.41,277.30,95278.97,299.09
271661.25,277.11,95652.18,299.00
269541.00,277.26,95745.70,298.98
269013.41,277.30,95465.41,299.05
270599.16,277.18,95558.73,299.02
268750.03,277.32,95185.88,299.11
268750.03,277.32,95465.41,299.05
270599.16,277.18,95372.15,299.07
269541.00,277.26,96308.73,298.85
272193.75,277.07,95465.41,299.05
267961.16,277.37,95558.73,299.02
269013.41,277.30,95465.41,299.05
271395.38,277.13,95465.41,299.05
269013.41,277.30,95839.31,298.96
269013.41,277.30,95652.18,299.00
269805.22,277.24,95465.41,299.05
269805.22,277.24,95558.73,299.02
272193.75,277.07,96120.69,298.89
268750.03,277.32,96120.69,298.89
269541.00,277.26,95745.70,298.98
270334.28,277.20,95558.73,299.02
268750.03,277.32,95465.41,299.05
269541.00,277.26,96402.88,298.83
270334.28,277.20,96026.80,298.91
269013.41,277.30,95652.18,299.00
270864.34,277.16,95465.41,299.05
271927.38,277.09,95372.15,299.07
271395.38,277.13,95933.02,298.94
269013.41,277.30,97064.48,298.67
269013.41,277.30,95558.73,299.02
269277.13,277.28,95372.15,299.07
269541.00,277.26,95558.73,299.02
267698.72,277.39,95745.70,298.98
270334.28,277.20,96308.73,298.85
271661.25,277.11,95745.70,298.98
269541.00,277.26,95745.70,298.98
269013.41,277.30,95465.41,299.05
270864.34,277.16,95745.70,298.98
271661.25,277.11,96402.88,298.83
269805.22,277.24,96120.69,298.89
268750.03,277.32,95558.73,299.02
270334.28,277.20,95933.02,298.94
269277.13,277.28,95745.70,298.98
269013.41,277.30,95185.88,299.11
269805.22,277.24,95558.73,299.02
269277.13,277.28,95745.70,298.98
269013.41,277.30,95652.18,299.00
269013.41,277.30,95745.70,298.98
270599.16,277.18,96402.88,298.83
269013.41,277.30,96120.69,298.89
272727.25,277.03,96402.88,298.83
269541.00,277.26,95278.97,299.09
269013.41,277.30,95745.70,298.98
269805.22,277.24,95933.02,298.94
269277.13,277.28,95558.73,299.02
269013.41,277.30,95558.73,299.02
269277.13,277.28,95933.02,298.94
269805.22,277.24,95465.41,299.05
273261.75,276.99,95652.18,299.00
270069.59,277.22,95558.73,299.02
270334.28,277.20,94075.83,299.38
269277.13,277.28,95933.02,298.94
269013.41,277.30,95465.41,299.05
269013.41,277.30,95465.41,299.05
269541.00,277.26,95558.73,299.02
269277.13,277.28,95745.70,298.98
270599.16,277.18,95745.70,298.98
268750.03,277.32,95278.97,299.09
267174.53,277.43,95372.15,299.07
270334.28,277.20,95745.70,298.98
266651.31,277.47,95185.88,299.11
269013.41,277.30,95839.31,298.96
269805.22,277.24,95465.41,299.05
269277.13,277.28,95465.41,299.05
268750.03,277.32,95652.18,299.00
268750.03,277.32,95933.02,298.94
269541.00,277.26,96120.69,298.89
269013.41,277.30,96026.80,298.91
268223.88,277.35,95465.41,299.05
269013.41,277.30,95652.18,299.00
269805.22,277.24,95000.00,299.16
270864.34,277.16,96120.69,298.89
269277.13,277.28,95558.73,299.02
268486.81,277.34,95465.41,299.05
267961.16,277.37,95558.73,299.02
267698.72,277.39,95745.70,298.98
269541.00,277.26,95465.41,299.05
268223.88,277.35,95465.41,299.05
269541.00,277.26,96026.80,298.91
268223.88,277.35,95558.73,299.02
268223.88,277.35,95558.73,299.02
269013.41,277.30,96120.69,298.89
270334.28,277.20,96402.88,298.83
269013.41,277.30,96685.88,298.76
269013.41,277.30,95745.70,298.98
267698.72,277.39,95652.18,299.00
267961.16,277.37,95372.15,299.07
268223.88,277.35,96308.73,298.85
267436.47,277.41,95652.18,299.00
268486.81,277.34,95652.18,299.00
268750.03,277.32,95745.70,298.98
273797.28,276.95,95465.41,299.05
268750.03,277.32,95465.41,299.05
270334.28,277.20,95465.41,299.05
269013.41,277.30,95745.70,298.98
267961.16,277.37,96026.80,298.91
269277.13,277.28,95372.15,299.07
268223.88,277.35,95558.73,299.02
267174.53,277.43,95558.73,299.02
269013.41,277.30,95933.02,298.94
269277.13,277.28,96308.73,298.85
269277.13,277.28,96120.69,298.89
268223.88,277.35,95933.02,298.94
267698.72,277.39,95745.70,298.98
267961.16,277.37,96026.80,298.91
268750.03,277.32,96026.80,298.91
269277.13,277.28,95933.02,298.94
269277.13,277.28,95652.18,299.00
267436.47,277.41,96120.69,298.89
269805.22,277.24,95652.18,299.00
269013.41,277.30,95652.18,299.00
267961.16,277.37,95372.15,299.07
269013.41,277.30,97254.33,298.63
269805.22,277.24,96120.69,298.89
269541.00,277.26,96308.73,298.85
269013.41,277.30,95745.70,298.98
267174.53,277.43,95652.18,299.00
269013.41,277.30,95558.73,299.02
269013.41,277.30,95652.18,299.00
270599.16,277.18,95745.70,298.98
266390.03,277.49,95745.70,298.98
270069.59,277.22,95465.41,299.05
269013.41,277.30,97254.33,298.63
268750.03,277.32,95372.15,299.07
266651.31,277.47,96120.69,298.89
269805.22,277.24,96308.73,298.85
268750.03,277.32,95558.73,299.02
271395.38,277.13,95745.70,298.98
269805.22,277.24,95558.73,299.02
269013.41,277.30,96120.69,298.89
264827.56,277.60,95465.41,299.05
268223.88,277.35,96497.12,298.80
270334.28,277.20,95465.41,299.05
269013.41,277.30,95465.41,299.05
268223.88,277.35,95745.70,298.98
267698.72,277.39,96402.88,298.83
267698.72,277.39,96308.73,298.85
269013.41,277.30,96780.41,298.74
268750.03,277.32,96120.69,298.89
268223.88,277.35,95372.15,299.07
266129.06,277.51,96026.80,298.91
268486.81,277.34,95933.02,298.94
266651.31,277.47,96875.00,298.72
266129.06,277.51,96402.88,298.83
266651.31,277.47,96497.12,298.80
270334.28,277.20,96969.70,298.69
270069.59,277.22,96497.12,298.80
269013.41,277.30,96120.69,298.89
266129.06,277.51,95558.73,299.02
269013.41,277.30,95933.02,298.94
269013.41,277.30,96497.12,298.80
269013.41,277.30,95745.70,298.98
269805.22,277.24,96120.69,298.89
265087.41,277.58,96497.12,298.80
269541.00,277.26,96308.73,298.85
268486.81,277.34,96780.41,298.74
267436.47,277.41,96120.69,298.89
265347.44,277.56,96120.69,298.89
269013.41,277.30,95745.70,298.98
269541.00,277.26,95745.70,298.98
265868.25,277.53,95652.18,299.00
267436.47,277.41,95185.88,299.11
265868.25,277.53,95933.02,298.94
268486.81,277.34,96120.69,298.89
266651.31,277.47,95652.18,299.00
269013.41,277.30,96308.73,298.85
269013.41,277.30,96026.80,298.91
267174.53,277.43,95745.70,298.98
269013.41,277.30,95558.73,299.02
269013.41,277.30,96120.69,298.89
268223.88,277.35,96026.80,298.91
267961.16,277.37,96026.80,298.91
267174.53,277.43,95933.02,298.94
269013.41,277.30,96780.41,298.74
268750.03,277.32,96120.69,298.89
267174.53,277.43,96780.41,298.74
267698.72,277.39,95745.70,298.98
266390.03,277.49,95372.15,299.07
268486.81,277.34,95933.02,298.94
269013.41,277.30,95558.73,299.02
268223.88,277.35,96402.88,298.83
269013.41,277.30,96402.88,298.83
268750.03,277.32,95745.70,298.98
267174.53,277.43,95465.41,299.05
266651.31,277.47,96402.88,298.83
267436.47,277.41,95278.97,299.09
268486.81,277.34,96214.66,298.87
267174.53,277.43,95465.41,299.05
269013.41,277.30,96120.69,298.89
268750.03,277.32,96120.69,298.89
269805.22,277.24,96685.88,298.76
268223.88,277.35,95465.41,299.05
269013.41,277.30,96120.69,298.89
268223.88,277.35,95745.70,298.98
266129.06,277.51,96026.80,298.91
266651.31,277.47,95278.97,299.09
269277.13,277.28,96120.69,298.89
269013.41,277.30,95933.02,298.94
269013.41,277.30,96402.88,298.83
265607.75,277.55,95372.15,299.07
268223.88,277.35,95652.18,299.00
266390.03,277.49,95745.70,298.98
269013.41,277.30,95465.41,299.05
269013.41,277.30,95372.15,299.07
266390.03,277.49,95372.15,299.07
267174.53,277.43,95558.73,299.02
266390.03,277.49,95465.41,299.05
266129.06,277.51,96780.41,298.74
268486.81,277.34,95465.41,299.05
267174.53,277.43,95652.18,299.00
266129.06,277.51,95465.41,299.05
269805.22,277.24,96026.80,298.91
267436.47,277.41,95465.41,299.05
265607.75,277.55,95372.15,299.07
267961.16,277.37,95465.41,299.05
267174.53,277.43,96308.73,298.85
268750.03,277.32,96685.88,298.76
267961.16,277.37,95745.70,298.98
266390.03,277.49,95372.15,299.07
267961.16,277.37,95465.41,299.05
266129.06,277.51,95465.41,299.05
268223.88,277.35,95558.73,299.02
267698.72,277.39,95652.18,299.00
267174.53,277.43,95558.73,299.02
265607.75,277.55,95652.18,299.00
265087.41,277.58,95745.70,298.98
264568.03,277.62,95745.70,298.98
264827.56,277.60,96120.69,298.89
267698.72,277.39,95745.70,298.98
266129.06,277.51,95839.31,298.96
265087.41,277.58,95933.02,298.94
267174.53,277.43,95745.70,298.98
265607.75,277.55,95652.18,299.00
264049.59,277.66,95745.70,298.98
266651.31,277.47,96875.00,298.72
268486.81,277.34,96780.41,298.74
264827.56,277.60,96120.69,298.89
266129.06,277.51,96026.80,298.91
265607.75,277.55,96120.69,298.89
265868.25,277.53,96120.69,298.89
267174.53,277.43,96308.73,298.85
266651.31,277.47,95745.70,298.98
268223.88,277.35,97635.14,298.54
265607.75,277.55,95745.70,298.98
264827.56,277.60,96685.88,298.76
261985.39,277.81,95933.02,298.94
267174.53,277.43,95652.18,299.00
266651.31,277.47,96026.80,298.91
269013.41,277.30,95745.70,298.98
266390.03,277.49,95558.73,299.02
264827.56,277.60,96026.80,298.91
264049.59,277.66,95745.70,298.98
265868.25,277.53,95745.70,298.98
264308.69,277.64,95558.73,299.02
266651.31,277.47,95558.73,299.02
268223.88,277.35,96120.69,298.89
269013.41,277.30,95745.70,298.98
267961.16,277.37,95465.41,299.05
269013.41,277.30,96120.69,298.89
265868.25,277.53,95839.31,298.96
265347.44,277.56,95745.70,298.98
266651.31,277.47,95372.15,299.07
264308.69,277.64,95465.41,299.05
262500.03,277.78,95558.73,299.02
268750.03,277.32,96120.69,298.89
266390.03,277.49,95465.41,299.05
264568.03,277.62,95558.73,299.02
265087.41,277.58,95465.41,299.05
265087.41,277.58,95465.41,299.05
268223.88,277.35,95465.41,299.05
266390.03,277.49,96780.41,298.74
267436.47,277.41,96497.12,298.80
268486.81,277.34,95933.02,298.94
265347.44,277.56,95558.73,299.02
267436.47,277.41,95558.73,299.02
266129.06,277.51,96875.00,298.72
266651.31,277.47,95652.18,299.00
268486.81,277.34,96120.69,298.89
267174.53,277.43,95839.31,298.96
269805.22,277.24,96402.88,298.83
268486.81,277.34,95839.31,298.96
269805.22,277.24,96308.73,298.85
265607.75,277.55,96308.73,298.85
264568.03,277.62,96402.88,298.83
268486.81,277.34,96026.80,298.91
267698.72,277.39,96875.00,298.72
267174.53,277.43,95652.18,299.00
268750.03,277.32,96497.12,298.80
263273.72,277.72,95839.31,298.96
267436.47,277.41,96120.69,298.89
269541.00,277.26,96402.88,298.83
265087.41,277.58,95745.70,298.98
263790.72,277.68,96685.88,298.76
267436.47,277.41,95933.02,298.94
264827.56,277.60,95933.02,298.94
268486.81,277.34,96591.45,298.78
264568.03,277.62,96402.88,298.83
263790.72,277.68,95745.70,298.98
266129.06,277.51,95745.70,298.98
267698.72,277.39,96308.73,298.85
266651.31,277.47,96026.80,298.91
269277.13,277.28,96875.00,298.72
269013.41,277.30,96497.12,298.80
266390.03,277.49,96497.12,298.80
267436.47,277.41,96685.88,298.76
267436.47,277.41,95185.88,299.11
268223.88,277.35,96685.88,298.76
266129.06,277.51,96875.00,298.72
265087.41,277.58,96497.12,298.80
266390.03,277.49,96120.69,298.89
268223.88,277.35,95745.70,298.98
268223.88,277.35,96120.69,298.89
265347.44,277.56,96120.69,298.89
264049.59,277.66,95465.41,299.05
267698.72,277.39,95933.02,298.94
269013.41,277.30,97064.48,298.67
265347.44,277.56,96591.45,298.78
267436.47,277.41,95745.70,298.98
266651.31,277.47,96120.69,298.89
264827.56,277.60,96497.12,298.80
267698.72,277.39,96685.88,298.76
265347.44,277.56,96402.88,298.83
268486.81,277.34,96214.66,298.87
265347.44,277.56,95933.02,298.94
266651.31,277.47,95465.41,299.05
264049.59,277.66,97444.55,298.58
265087.41,277.58,94629.29,299.25
266651.31,277.47,96875.00,298.72
266129.06,277.51,96402.88,298.83
266651.31,277.47,96591.45,298.78
266651.31,277.47,96026.80,298.91
268223.88,277.35,95933.02,298.94
264827.56,277.60,95745.70,298.98
261471.67,277.85,96120.69,298.89
266129.06,277.51,96497.12,298.80
268223.88,277.35,96497.12,298.80
266129.06,277.51,97159.38,298.65
265347.44,277.56,95278.97,299.09
264568.03,277.62,96685.88,298.76
265607.75,277.55,96026.80,298.91
265087.41,277.58,95933.02,298.94
266651.31,277.47,96685.88,298.76
267174.53,277.43,96308.73,298.85
264827.56,277.60,95745.70,298.98
265087.41,277.58,95652.18,299.00
264827.56,277.60,94814.47,299.20
264568.03,277.62,95652.18,299.00
264827.56,277.60,95933.02,298.94
264827.56,277.60,95933.02,298.94
266651.31,277.47,96026.80,298.91
266390.03,277.49,95465.41,299.05
264827.56,277.60,95933.02,298.94
265607.75,277.55,95745.70,298.98
262500.03,277.78,96402.88,298.83
265087.41,277.58,96026.80,298.91
264049.59,277.66,96497.12,298.80
264827.56,277.60,95465.41,299.05
265087.41,277.58,96497.12,298.80
266651.31,277.47,95558.73,299.02
265347.44,277.56,96402.88,298.83
263015.59,277.74,96026.80,298.91
265607.75,277.55,95465.41,299.05
266129.06,277.51,95933.02,298.94
264049.59,277.66,95465.41,299.05
265087.41,277.58,95745.70,298.98
265347.44,277.56,95652.18,299.00
267698.72,277.39,95465.41,299.05
264568.03,277.62,96497.12,298.80
264308.69,277.64,96497.12,298.80
264827.56,277.60,96120.69,298.89
266129.06,277.51,95652.18,299.00
267698.72,277.39,95745.70,298.98
266129.06,277.51,95372.15,299.07
264049.59,277.66,95745.70,298.98
264308.69,277.64,95652.18,299.00
264568.03,277.62,95745.70,298.98
264827.56,277.60,96497.12,298.80
265087.41,277.58,96308.73,298.85
269013.41,277.30,96875.00,298.72
265868.25,277.53,95372.15,299.07
266129.06,277.51,96026.80,298.91
263532.13,277.70,95465.41,299.05
264308.69,277.64,95933.02,298.94
269805.22,277.24,96497.12,298.80
267174.53,277.43,96120.69,298.89
267698.72,277.39,96120.69,298.89
266390.03,277.49,97064.48,298.67
265347.44,277.56,96120.69,298.89
265347.44,277.56,96120.69,298.89
265607.75,277.55,97254.33,298.63
267174.53,277.43,95465.41,299.05
265607.75,277.55,96685.88,298.76
267961.16,277.37,95558.73,299.02
267436.47,277.41,95465.41,299.05
266129.06,277.51,96308.73,298.85
267436.47,277.41,96685.88,298.76
266651.31,277.47,94629.29,299.25
261471.67,277.85,95558.73,299.02
265607.75,277.55,95933.02,298.94
265347.44,277.56,95465.41,299.05
263532.13,277.70,95745.70,298.98
265607.75,277.55,95933.02,298.94
265087.41,277.58,95465.41,299.05
267698.72,277.39,95185.88,299.11
265607.75,277.55,95558.73,299.02
265347.44,277.56,95652.18,299.00
265347.44,277.56,96026.80,298.91
267174.53,277.43,97349.41,298.61
269805.22,277.24,96308.73,298.85
263273.72,277.72,95652.18,299.00
263273.72,277.72,96969.70,298.69
264827.56,277.60,95745.70,298.98
264827.56,277.60,96780.41,298.74
265607.75,277.55,95933.02,298.94
264827.56,277.60,95933.02,298.94
263532.13,277.70,95933.02,298.94
261985.39,277.81,95839.31,298.96
264568.03,277.62,96308.73,298.85
264827.56,277.60,96591.45,298.78
264568.03,277.62,96308.73,298.85
265087.41,277.58,96308.73,298.85
265347.44,277.56,96214.66,298.87
267436.47,277.41,96591.45,298.78
263532.13,277.70,96026.80,298.91
266129.06,277.51,96780.41,298.74
265347.44,277.56,96591.45,298.78
264308.69,277.64,96120.69,298.89
264568.03,277.62,96497.12,298.80
266912.78,277.45,97159.38,298.65
265607.75,277.55,98017.41,298.45
263532.13,277.70,96308.73,298.85
264308.69,277.64,95652.18,299.00
265347.44,277.56,96685.88,298.76
265347.44,277.56,95000.00,299.16
264827.56,277.60,96497.12,298.80
266651.31,277.47,95652.18,299.00
263273.72,277.72,96780.41,298.74
266390.03,277.49,95372.15,299.07
265087.41,277.58,97254.33,298.63
267961.16,277.37,97064.48,298.67
264049.59,277.66,96685.88,298.76
265087.41,277.58,96308.73,298.85
261985.39,277.81,95745.70,298.98
265347.44,277.56,96120.69,298.89
265087.41,277.58,96685.88,298.76
263015.59,277.74,96875.00,298.72
264308.69,277.64,95933.02,298.94
263532.13,277.70,95745.70,298.98
267436.47,277.41,96026.80,298.91
269013.41,277.30,96875.00,298.72
263273.72,277.72,95000.00,299.16
262500.03,277.78,96402.88,298.83
265868.25,277.53,96026.80,298.91
264308.69,277.64,95372.15,299.07
265087.41,277.58,96120.69,298.89
267436.47,277.41,96497.12,298.80
264827.56,277.60,95652.18,299.00
266390.03,277.49,96026.80,298.91
265607.75,277.55,95652.18,299.00
267174.53,277.43,96875.00,298.72
266651.31,277.47,96497.12,298.80
266129.06,277.51,95933.02,298.94
266129.06,277.51,95933.02,298.94
264827.56,277.60,95745.70,298.98
267436.47,277.41,96120.69,298.89
267436.47,277.41,96026.80,298.91
261985.39,277.81,96026.80,298.91
264049.59,277.66,95465.41,299.05
265087.41,277.58,96685.88,298.76
266651.31,277.47,96685.88,298.76
264827.56,277.60,95933.02,298.94
267436.47,277.41,96402.88,298.83
265868.25,277.53,96402.88,298.83
265868.25,277.53,97064.48,298.67
264568.03,277.62,96402.88,298.83
265347.44,277.56,95558.73,299.02
266651.31,277.47,95933.02,298.94
269013.41,277.30,96969.70,298.69
265868.25,277.53,96120.69,298.89
265607.75,277.55,96685.88,298.76
266129.06,277.51,95933.02,298.94
264568.03,277.62,95933.02,298.94
265087.41,277.58,95745.70,298.98
266390.03,277.49,95745.70,298.98
264568.03,277.62,95465.41,299.05
264827.56,277.60,95558.73,299.02
265347.44,277.56,96120.69,298.89
264827.56,277.60,96026.80,298.91
266129.06,277.51,95839.31,298.96
264568.03,277.62,95745.70,298.98
264568.03,277.62,95652.18,299.00
264568.03,277.62,95372.15,299.07
267436.47,277.41,95745.70,298.98
260702.88,277.91,97159.38,298.65
265607.75,277.55,95745.70,298.98
266390.03,277.49,95745.70,298.98
265347.44,277.56,95933.02,298.94
265087.41,277.58,96780.41,298.74
265087.41,277.58,96308.73,298.85
264568.03,277.62,96026.80,298.91
265087.41,277.58,95278.97,299.09
265607.75,277.55,95185.88,299.11
263532.13,277.70,95465.41,299.05
263532.13,277.70,96026.80,298.91
263273.72,277.72,95745.70,298.98
264827.56,277.60,95933.02,298.94
264568.03,277.62,96402.88,298.83
266390.03,277.49,96497.12,298.80
265607.75,277.55,96026.80,298.91
263532.13,277.70,95465.41,299.05
264049.59,277.66,95933.02,298.94
264308.69,277.64,96780.41,298.74
264827.56,277.60,97349.41,298.61
265087.41,277.58,96780.41,298.74
262500.03,277.78,97064.48,298.67
265347.44,277.56,96685.88,298.76
263532.13,277.70,96308.73,298.85
265347.44,277.56,96497.12,298.80
265607.75,277.55,95745.70,298.98
263790.72,277.68,96497.12,298.80
264568.03,277.62,96875.00,298.72
264568.03,277.62,97064.48,298.67
265347.44,277.56,97064.48,298.67
264827.56,277.60,96780.41,298.74
263532.13,277.70,97064.48,298.67
267436.47,277.41,96402.88,298.83
263273.72,277.72,96685.88,298.76
265347.44,277.56,96685.88,298.76
264049.59,277.66,96120.69,298.89
264827.56,277.60,95933.02,298.94
265087.41,277.58,96875.00,298.72
262242.53,277.79,96685.88,298.76
264308.69,277.64,96875.00,298.72
263532.13,277.70,96591.45,298.78
264049.59,277.66,96497.12,298.80
264308.69,277.64,96780.41,298.74
262757.66,277.76,96120.69,298.89
265347.44,277.56,96780.41,298.74
264827.56,277.60,96308.73,298.85
264568.03,277.62,95933.02,298.94
262500.03,277.78,95933.02,298.94
264049.59,277.66,96780.41,298.74
266129.06,277.51,95933.02,298.94
263273.72,277.72,96875.00,298.72
267698.72,277.39,96591.45,298.78
262500.03,277.78,96402.88,298.83
263532.13,277.70,96120.69,298.89
264308.69,277.64,96120.69,298.89
263015.59,277.74,97064.48,298.67
265347.44,277.56,96497.12,298.80
263790.72,277.68,95933.02,298.94
266390.03,277.49,96780.41,298.74
266390.03,277.49,96497.12,298.80
263532.13,277.70,95745.70,298.98
264308.69,277.64,97254.33,298.63
261985.39,277.81,95652.18,299.00
264049.59,277.66,95933.02,298.94
266390.03,277.49,95839.31,298.96
266651.31,277.47,96026.80,298.91
262242.53,277.79,96402.88,298.83
262242.53,277.79,96214.66,298.87
264568.03,277.62,96308.73,298.85
262242.53,277.79,96120.69,298.89
261471.67,277.85,94629.29,299.25
262242.53,277.79,94907.20,299.18
264568.03,277.62,96591.45,298.78
263273.72,277.72,96308.73,298.85
261471.67,277.85,95558.73,299.02
263015.59,277.74,96120.69,298.89
264568.03,277.62,96497.12,298.80
264827.56,277.60,95745.70,298.98
266651.31,277.47,96026.80,298.91
266129.06,277.51,96875.00,298.72
264568.03,277.62,96497.12,298.80
264308.69,277.64,96026.80,298.91
263015.59,277.74,95558.73,299.02
264568.03,277.62,96497.12,298.80
263790.72,277.68,96308.73,298.85
262500.03,277.78,96875.00,298.72
268486.81,277.34,96402.88,298.83
263532.13,277.70,96875.00,298.72
265347.44,277.56,96685.88,298.76
264308.69,277.64,96685.88,298.76
263532.13,277.70,95745.70,298.98
264827.56,277.60,96402.88,298.83
262500.03,277.78,95465.41,299.05
264568.03,277.62,94075.83,299.38
266390.03,277.49,95465.41,299.05
267174.53,277.43,96308.73,298.85
262500.03,277.78,95558.73,299.02
266651.31,277.47,96497.12,298.80
263790.72,277.68,95652.18,299.00
264049.59,277.66,95745.70,298.98
264827.56,277.60,96026.80,298.91
263273.72,277.72,95372.15,299.07
263273.72,277.72,96497.12,298.80
262500.03,277.78,95372.15,299.07
264049.59,277.66,96497.12,298.80
262242.53,277.79,95652.18,299.00
262242.53,277.79,96120.69,298.89
266390.03,277.49,96402.88,298.83
264827.56,277.60,96591.45,298.78
265607.75,277.55,96120.69,298.89
260447.09,277.93,96026.80,298.91
264308.69,277.64,95745.70,298.98
264827.56,277.60,95745.70,298.98
264308.69,277.64,95745.70,298.98
264568.03,277.62,96026.80,298.91
265347.44,277.56,95745.70,298.98
266651.31,277.47,96026.80,298.91
263532.13,277.70,96497.12,298.80
264827.56,277.60,96875.00,298.72
264568.03,277.62,95745.70,298.98
265087.41,277.58,96685.88,298.76
264827.56,277.60,96875.00,298.72
267698.72,277.39,96497.12,298.80
264827.56,277.60,96120.69,298.89
264308.69,277.64,95745.70,298.98
263532.13,277.70,96402.88,298.83
262500.03,277.78,96591.45,298.78
263790.72,277.68,96120.69,298.89
261728.38,277.83,96120.69,298.89
260702.88,277.91,95745.70,298.98
270334.28,277.20,96780.41,298.74
264827.56,277.60,95745.70,298.98
263015.59,277.74,96026.80,298.91
265347.44,277.56,97254.33,298.63
264827.56,277.60,96497.12,298.80
264049.59,277.66,95558.73,299.02
264049.59,277.66,95558.73,299.02
265347.44,277.56,95745.70,298.98
262500.03,277.78,95745.70,298.98
263532.13,277.70,96120.69,298.89
264568.03,277.62,96402.88,298.83
264827.56,277.60,96402.88,298.83
265347.44,277.56,96026.80,298.91
260958.92,277.89,95745.70,298.98
267174.53,277.43,96780.41,298.74
264827.56,277.60,98017.41,298.45
264049.59,277.66,96497.12,298.80
264568.03,277.62,95933.02,298.94
264049.59,277.66,96120.69,298.89
265087.41,277.58,95465.41,299.05
265087.41,277.58,96308.73,298.85
260702.88,277.91,96308.73,298.85
264049.59,277.66,96308.73,298.85
264049.59,277.66,96497.12,298.80
264827.56,277.60,96497.12,298.80
265347.44,277.56,96308.73,298.85
265087.41,277.58,96402.88,298.83
265607.75,277.55,96026.80,298.91
260702.88,277.91,97539.80,298.56
262500.03,277.78,96402.88,298.83
263532.13,277.70,95839.31,298.96
263532.13,277.70,96120.69,298.89
265868.25,277.53,96120.69,298.89
264049.59,277.66,97254.33,298.63
262757.66,277.76,96308.73,298.85
263015.59,277.74,96120.69,298.89
265347.44,277.56,96026.80,298.91
264568.03,277.62,96402.88,298.83
263273.72,277.72,96497.12,298.80
262500.03,277.78,96120.69,298.89
265868.25,277.53,96402.88,298.83
264827.56,277.60,95933.02,298.94
261471.67,277.85,95933.02,298.94
264308.69,277.64,96591.45,298.78
264049.59,277.66,96685.88,298.76
263790.72,277.68,96780.41,298.74
264568.03,277.62,96497.12,298.80
264049.59,277.66,96685.88,298.76
260702.88,277.91,96685.88,298.76
260702.88,277.91,96026.80,298.91
264568.03,277.62,96780.41,298.74
262242.53,277.79,95465.41,299.05
261985.39,277.81,96875.00,298.72
260958.92,277.89,96685.88,298.76
263790.72,277.68,96875.00,298.72
265607.75,277.55,96685.88,298.76
265607.75,277.55,96875.00,298.72
266129.06,277.51,96875.00,298.72
261985.39,277.81,95839.31,298.96
263015.59,277.74,97159.38,298.65
264049.59,277.66,97064.48,298.67
264049.59,277.66,96402.88,298.83
263532.13,277.70,96875.00,298.72
263015.59,277.74,96685.88,298.76
264827.56,277.60,96120.69,298.89
262500.03,277.78,96120.69,298.89
260447.09,277.93,96120.69,298.89
262500.03,277.78,96120.69,298.89
266129.06,277.51,96308.73,298.85
264568.03,277.62,97064.48,298.67
260702.88,277.91,96402.88,298.83
261215.16,277.87,97159.38,298.65
262242.53,277.79,96402.88,298.83
265087.41,277.58,96308.73,298.85
263532.13,277.70,96120.69,298.89
262500.03,277.78,95933.02,298.94
263273.72,277.72,96875.00,298.72
264568.03,277.62,97064.48,298.67
262500.03,277.78,97064.48,298.67
261471.67,277.85,95558.73,299.02
260702.88,277.91,97064.48,298.67
264568.03,277.62,96308.73,298.85
265087.41,277.58,96497.12,298.80
264308.69,277.64,95558.73,299.02
262500.03,277.78,94629.29,299.25
263273.72,277.72,96685.88,298.76
263532.13,277.70,96591.45,298.78
265607.75,277.55,96497.12,298.80
263015.59,277.74,95465.41,299.05
266651.31,277.47,96780.41,298.74
261985.39,277.81,96120.69,298.89
264049.59,277.66,96780.41,298.74
266129.06,277.51,96120.69,298.89
261985.39,277.81,95558.73,299.02
265087.41,277.58,95465.41,299.05
264568.03,277.62,96120.69,298.89
265087.41,277.58,96591.45,298.78
263790.72,277.68,95745.70,298.98
265087.41,277.58,96120.69,298.89
262242.53,277.79,97444.55,298.58
266129.06,277.51,96875.00,298.72
264568.03,277.62,95839.31,298.96
264568.03,277.62,96497.12,298.80
263532.13,277.70,95465.41,299.05
260702.88,277.91,95745.70,298.98
264568.03,277.62,96497.12,298.80
264827.56,277.60,96685.88,298.76
263015.59,277.74,95933.02,298.94
264827.56,277.60,96875.00,298.72
264827.56,277.60,96780.41,298.74
267174.53,277.43,96875.00,298.72
265087.41,277.58,96308.73,298.85
262242.53,277.79,96402.88,298.83
264049.59,277.66,95465.41,299.05
266651.31,277.47,95933.02,298.94
264308.69,277.64,96026.80,298.91
260702.88,277.91,96120.69,298.89
261471.67,277.85,96591.45,298.78
263273.72,277.72,96875.00,298.72
264568.03,277.62,96120.69,298.89
263532.13,277.70,96120.69,298.89
264308.69,277.64,96875.00,298.72
262242.53,277.79,96120.69,298.89
261985.39,277.81,95652.18,299.00
265347.44,277.56,95745.70,298.98
262500.03,277.78,96026.80,298.91
264568.03,277.62,96685.88,298.76
263015.59,277.74,96780.41,298.74
261728.38,277.83,95933.02,298.94
263790.72,277.68,96120.69,298.89
264568.03,277.62,96685.88,298.76
260191.50,277.95,96875.00,298.72
258917.22,278.04,95933.02,298.94
264827.56,277.60,96780.41,298.74
266651.31,277.47,95558.73,299.02
262500.03,277.78,96685.88,298.76
263532.13,277.70,96402.88,298.83
264568.03,277.62,96402.88,298.83
262242.53,277.79,96120.69,298.89
263532.13,277.70,96120.69,298.89
267174.53,277.43,96402.88,298.83
261471.67,277.85,95933.02,298.94
260958.92,277.89,97064.48,298.67
265607.75,277.55,96026.80,298.91
261471.67,277.85,95933.02,298.94
261728.38,277.83,96780.41,298.74
263273.72,277.72,96120.69,298.89
264827.56,277.60,96402.88,298.83
260958.92,277.89,96120.69,298.89
261471.67,277.85,95558.73,299.02
262500.03,277.78,96780.41,298.74
263015.59,277.74,96026.80,298.91
263015.59,277.74,94444.44,299.29
264568.03,277.62,96685.88,298.76
262500.03,277.78,95745.70,298.98
260958.92,277.89,96497.12,298.80
263532.13,277.70,96026.80,298.91
267698.72,277.39,96780.41,298.74
264308.69,277.64,95465.41,299.05
261215.16,277.87,96497.12,298.80
260958.92,277.89,96308.73,298.85
262500.03,277.78,97539.80,298.56
265607.75,277.55,97159.38,298.65
262500.03,277.78,97064.48,298.67
264568.03,277.62,96402.88,298.83
263273.72,277.72,95933.02,298.94
264827.56,277.60,96497.12,298.80
262500.03,277.78,96591.45,298.78
263790.72,277.68,95933.02,298.94
262500.03,277.78,96308.73,298.85
262757.66,277.76,95558.73,299.02
260702.88,277.91,96497.12,298.80
261471.67,277.85,97444.55,298.58
260702.88,277.91,96685.88,298.76
265607.75,277.55,96780.41,298.74
262242.53,277.79,96308.73,298.85
264308.69,277.64,95745.70,298.98
263532.13,277.70,96875.00,298.72
263532.13,277.70,97254.33,298.63
261471.67,277.85,96591.45,298.78
263273.72,277.72,96875.00,298.72
262242.53,277.79,95465.41,299.05
261471.67,277.85,96875.00,298.72
265347.44,277.56,96591.45,298.78
265087.41,277.58,96780.41,298.74
261985.39,277.81,95839.31,298.96
261728.38,277.83,96591.45,298.78
264308.69,277.64,95933.02,298.94
263015.59,277.74,96685.88,298.76
264568.03,277.62,95465.41,299.05
263273.72,277.72,96685.88,298.76
264827.56,277.60,97444.55,298.58
263273.72,277.72,96308.73,298.85
263790.72,277.68,96685.88,298.76
264049.59,277.66,96120.69,298.89
266129.06,277.51,96875.00,298.72
261985.39,277.81,94907.20,299.18
261471.67,277.85,95745.70,298.98
266390.03,277.49,97349.41,298.61
263273.72,277.72,96308.73,298.85
260702.88,277.91,97064.48,298.67
264049.59,277.66,97159.38,298.65
264568.03,277.62,96402.88,298.83
261985.39,277.81,97064.48,298.67
267698.72,277.39,95465.41,299.05
262500.03,277.78,96026.80,298.91
263273.72,277.72,96685.88,298.76
264049.59,277.66,96120.69,298.89
261471.67,277.85,96120.69,298.89
262500.03,277.78,96780.41,298.74
261985.39,277.81,96780.41,298.74
264568.03,277.62,96497.12,298.80
263532.13,277.70,96591.45,298.78
265607.75,277.55,97444.55,298.58
260702.88,277.91,94629.29,299.25
261985.39,277.81,96497.12,298.80
263273.72,277.72,96497.12,298.80
264049.59,277.66,96497.12,298.80
262242.53,277.79,96308.73,298.85
261215.16,277.87,96780.41,298.74
261985.39,277.81,96685.88,298.76
262500.03,277.78,96497.12,298.80
262242.53,277.79,96308.73,298.85
261728.38,277.83,97254.33,298.63
260958.92,277.89,96497.12,298.80
261728.38,277.83,96120.69,298.89
263532.13,277.70,97064.48,298.67
261471.67,277.85,95933.02,298.94
264049.59,277.66,96026.80,298.91
264308.69,277.64,96402.88,298.83
263532.13,277.70,96875.00,298.72
261471.67,277.85,96026.80,298.91
262500.03,277.78,96685.88,298.76
265607.75,277.55,96780.41,298.74
268223.88,277.35,97159.38,298.65
261728.38,277.83,96685.88,298.76
266129.06,277.51,96308.73,298.85
261985.39,277.81,96120.69,298.89
264568.03,277.62,96308.73,298.85
264568.03,277.62,96685.88,298.76
264308.69,277.64,96875.00,298.72
262242.53,277.79,96875.00,298.72
263273.72,277.72,96875.00,298.72
264827.56,277.60,96875.00,298.72
264568.03,277.62,97254.33,298.63
264308.69,277.64,97064.48,298.67
260191.50,277.95,96591.45,298.78
263790.72,277.68,96120.69,298.89
266390.03,277.49,96497.12,298.80
261471.67,277.85,96026.80,298.91
261471.67,277.85,96497.12,298.80
264568.03,277.62,96308.73,298.85
264827.56,277.60,96780.41,298.74
262242.53,277.79,96497.12,298.80
263532.13,277.70,95558.73,299.02
260702.88,277.91,97159.38,298.65
264827.56,277.60,97064.48,298.67
264568.03,277.62,96120.69,298.89
261985.39,277.81,97349.41,298.61
264049.59,277.66,96308.73,298.85
263532.13,277.70,96780.41,298.74
264308.69,277.64,96120.69,298.89
263273.72,277.72,97064.48,298.67
264049.59,277.66,96308.73,298.85
264049.59,277.66,96875.00,298.72
264827.56,277.60,96685.88,298.76
262500.03,277.78,96497.12,298.80
262757.66,277.76,96685.88,298.76
260702.88,277.91,96402.88,298.83
263015.59,277.74,96308.73,298.85
262500.03,277.78,96026.80,298.91
264049.59,277.66,96875.00,298.72
263273.72,277.72,96875.00,298.72
263532.13,277.70,96497.12,298.80
263532.13,277.70,96402.88,298.83
260702.88,277.91,96026.80,298.91
261985.39,277.81,96026.80,298.91
264568.03,277.62,96497.12,298.80
262242.53,277.79,95933.02,298.94
261471.67,277.85,96026.80,298.91
259426.23,278.01,96685.88,298.76
264308.69,277.64,96497.12,298.80
264827.56,277.60,97349.41,298.61
261215.16,277.87,96402.88,298.83
260702.88,277.91,96026.80,298.91
263273.72,277.72,96780.41,298.74
261471.67,277.85,96120.69,298.89
262242.53,277.79,96591.45,298.78
264827.56,277.60,96780.41,298.74
262500.03,277.78,96402.88,298.83
260958.92,277.89,95745.70,298.98
261215.16,277.87,96026.80,298.91
263015.59,277.74,96685.88,298.76
262242.53,277.79,96497.12,298.80
261728.38,277.83,96402.88,298.83
260702.88,277.91,96120.69,298.89
261215.16,277.87,94536.83,299.27
263532.13,277.70,96685.88,298.76
260958.92,277.89,96875.00,298.72
260702.88,277.91,96780.41,298.74
262242.53,277.79,95465.41,299.05
261215.16,277.87,95745.70,298.98
263532.13,277.70,96026.80,298.91
263015.59,277.74,95933.02,298.94
263273.72,277.72,95933.02,298.94
264308.69,277.64,96402.88,298.83
262500.03,277.78,95745.70,298.98
264827.56,277.60,96120.69,298.89
262500.03,277.78,96875.00,298.72
260702.88,277.91,96308.73,298.85
260702.88,277.91,95558.73,299.02
260702.88,277.91,95933.02,298.94
261985.39,277.81,97159.38,298.65
264827.56,277.60,96402.88,298.83
261471.67,277.85,96497.12,298.80
261471.67,277.85,96685.88,298.76
261215.16,277.87,95465.41,299.05
260702.88,277.91,95933.02,298.94
261215.16,277.87,96120.69,298.89
262500.03,277.78,96402.88,298.83
262500.03,277.78,95558.73,299.02
260447.09,277.93,95652.18,299.00
260702.88,277.91,96120.69,298.89
261215.16,277.87,95745.70,298.98
265087.41,277.58,96969.70,298.69
262500.03,277.78,96120.69,298.89
264049.59,277.66,96780.41,298.74
261985.39,277.81,97159.38,298.65
262757.66,277.76,96402.88,298.83
263532.13,277.70,96497.12,298.80
261985.39,277.81,95652.18,299.00
263532.13,277.70,95933.02,298.94
264827.56,277.60,96591.45,298.78
264568.03,277.62,96497.12,298.80
265347.44,277.56,96402.88,298.83
263790.72,277.68,96120.69,298.89
264049.59,277.66,96120.69,298.89
263790.72,277.68,96685.88,298.76
260702.88,277.91,96497.12,298.80
263015.59,277.74,96402.88,298.83
265347.44,277.56,97254.33,298.63
264568.03,277.62,96120.69,298.89
261471.67,277.85,96497.12,298.80
262242.53,277.79,96685.88,298.76
263532.13,277.70,96497.12,298.80
264568.03,277.62,96497.12,298.80
262500.03,277.78,96685.88,298.76
263015.59,277.74,96120.69,298.89
263273.72,277.72,96780.41,298.74
263273.72,277.72,95745.70,298.98
263273.72,277.72,95745.70,298.98
262242.53,277.79,96308.73,298.85
259936.22,277.97,96497.12,298.80
261471.67,277.85,96875.00,298.72
263532.13,277.70,96875.00,298.72
264049.59,277.66,95745.70,298.98
263015.59,277.74,96120.69,298.89
265347.44,277.56,96120.69,298.89
264049.59,277.66,95185.88,299.11
264568.03,277.62,96780.41,298.74
263273.72,277.72,96497.12,298.80
264049.59,277.66,96875.00,298.72
262500.03,277.78,97159.38,298.65
263015.59,277.74,96685.88,298.76
260702.88,277.91,96685.88,298.76
262500.03,277.78,96402.88,298.83
264568.03,277.62,96120.69,298.89
264049.59,277.66,96780.41,298.74
263532.13,277.70,96780.41,298.74
264827.56,277.60,96685.88,298.76
263015.59,277.74,96780.41,298.74
262242.53,277.79,96402.88,298.83
263273.72,277.72,96780.41,298.74
264049.59,277.66,96120.69,298.89
262500.03,277.78,97064.48,298.67
263790.72,277.68,96875.00,298.72
260702.88,277.91,96685.88,298.76
264049.59,277.66,95933.02,298.94
263532.13,277.70,96026.80,298.91
262242.53,277.79,96026.80,298.91
261215.16,277.87,96120.69,298.89
261728.38,277.83,95558.73,299.02
261471.67,277.85,96120.69,298.89
265347.44,277.56,96497.12,298.80
262500.03,277.78,96120.69,298.89
262500.03,277.78,96308.73,298.85
261471.67,277.85,96875.00,298.72
264568.03,277.62,96780.41,298.74
263790.72,277.68,96780.41,298.74
262757.66,277.76,96402.88,298.83
260958.92,277.89,95839.31,298.96
262500.03,277.78,96402.88,298.83
260447.09,277.93,96308.73,298.85
263273.72,277.72,96402.88,298.83
263532.13,277.70,96875.00,298.72
260702.88,277.91,95933.02,298.94
260191.50,277.95,96120.69,298.89
261985.39,277.81,96685.88,298.76
261471.67,277.85,96875.00,298.72
261215.16,277.87,96875.00,298.72
264308.69,277.64,96120.69,298.89
260702.88,277.91,96685.88,298.76
261985.39,277.81,96497.12,298.80
260447.09,277.93,96214.66,298.87
263273.72,277.72,96120.69,298.89
260702.88,277.91,96026.80,298.91
262242.53,277.79,96402.88,298.83
261985.39,277.81,96875.00,298.72
261471.67,277.85,96026.80,298.91
263015.59,277.74,96497.12,298.80
261471.67,277.85,96120.69,298.89
261471.67,277.85,96308.73,298.85
261471.67,277.85,96875.00,298.72
260447.09,277.93,96591.45,298.78
260958.92,277.89,96497.12,298.80
263532.13,277.70,96780.41,298.74
263015.59,277.74,96685.88,298.76
260702.88,277.91,95933.02,298.94
261985.39,277.81,96685.88,298.76
264308.69,277.64,95839.31,298.96
260702.88,277.91,95933.02,298.94
260447.09,277.93,96120.69,298.89
260958.92,277.89,96875.00,298.72
262500.03,277.78,96969.70,298.69
260702.88,277.91,95745.70,298.98
259936.22,277.97,95465.41,299.05
262242.53,277.79,96497.12,298.80
264568.03,277.62,96497.12,298.80
260702.88,277.91,95745.70,298.98
259171.59,278.03,96497.12,298.80
264827.56,277.60,96497.12,298.80
260702.88,277.91,96402.88,298.83
260702.88,277.91,95839.31,298.96
260702.88,277.91,96308.73,298.85
261215.16,277.87,96685.88,298.76
261471.67,277.85,95000.00,299.16
260958.92,277.89,96497.12,298.80
261985.39,277.81,95745.70,298.98
264568.03,277.62,95372.15,299.07
261471.67,277.85,96875.00,298.72
260958.92,277.89,95933.02,298.94
260702.88,277.91,96120.69,298.89
259936.22,277.97,95839.31,298.96
260702.88,277.91,95839.31,298.96
258155.38,278.10,96875.00,298.72
260702.88,277.91,97921.71,298.47
262500.03,277.78,97064.48,298.67
262242.53,277.79,96402.88,298.83
263273.72,277.72,96497.12,298.80
263532.13,277.70,96497.12,298.80
260447.09,277.93,96591.45,298.78
260958.92,277.89,96120.69,298.89
263015.59,277.74,96497.12,298.80
263015.59,277.74,95465.41,299.05
263015.59,277.74,96497.12,298.80
260702.88,277.91,96120.69,298.89
261471.67,277.85,96780.41,298.74
262242.53,277.79,96497.12,298.80
260702.88,277.91,96308.73,298.85
263015.59,277.74,96685.88,298.76
261985.39,277.81,96685.88,298.76
263532.13,277.70,96591.45,298.78
261471.67,277.85,96875.00,298.72
259171.59,278.03,96497.12,298.80
260958.92,277.89,96497.12,298.80
261471.67,277.85,97444.55,298.58
260702.88,277.91,96120.69,298.89
260702.88,277.91,96308.73,298.85
262242.53,277.79,96685.88,298.76
261471.67,277.85,96497.12,298.80
260447.09,277.93,96026.80,298.91
260958.92,277.89,96120.69,298.89
262242.53,277.79,96497.12,298.80
259426.23,278.01,97064.48,298.67
264308.69,277.64,96497.12,298.80
261985.39,277.81,96685.88,298.76
259681.08,277.99,96875.00,298.72
261985.39,277.81,96120.69,298.89
264308.69,277.64,96875.00,298.72
262242.53,277.79,96780.41,298.74
262242.53,277.79,96969.70,298.69
263532.13,277.70,97254.33,298.63
263015.59,277.74,96402.88,298.83
263273.72,277.72,96120.69,298.89
259936.22,277.97,96685.88,298.76
263790.72,277.68,96875.00,298.72
262242.53,277.79,96685.88,298.76
258409.11,278.08,96685.88,298.76
261728.38,277.83,96875.00,298.72
262500.03,277.78,97159.38,298.65
261985.39,277.81,96685.88,298.76
260958.92,277.89,96497.12,298.80
261471.67,277.85,96875.00,298.72
259936.22,277.97,96780.41,298.74
261215.16,277.87,95839.31,298.96
261471.67,277.85,97635.14,298.54
264308.69,277.64,92978.32,299.65
262242.53,277.79,96120.69,298.89
259936.22,277.97,95745.70,298.98
261471.67,277.85,96685.88,298.76
260447.09,277.93,96497.12,298.80
260447.09,277.93,95745.70,298.98
259936.22,277.97,96685.88,298.76
260191.50,277.95,96591.45,298.78
260702.88,277.91,96780.41,298.74
257901.91,278.12,96497.12,298.80
261985.39,277.81,96875.00,298.72
262500.03,277.78,97349.41,298.61
260702.88,277.91,96402.88,298.83
261985.39,277.81,97064.48,298.67
259171.59,278.03,97064.48,298.67
261215.16,277.87,95745.70,298.98
261985.39,277.81,97064.48,298.67
261985.39,277.81,96308.73,298.85
263015.59,277.74,96875.00,298.72
263273.72,277.72,96875.00,298.72
261728.38,277.83,96875.00,298.72
261728.38,277.83,96120.69,298.89
262500.03,277.78,97254.33,298.63
260702.88,277.91,96875.00,298.72
260702.88,277.91,96875.00,298.72
264827.56,277.60,97444.55,298.58
262500.03,277.78,96685.88,298.76
260702.88,277.91,96875.00,298.72
261985.39,277.81,97254.33,298.63
264049.59,277.66,97444.55,298.58
263273.72,277.72,96875.00,298.72
260958.92,277.89,97921.71,298.47
261215.16,277.87,97444.55,298.58
261471.67,277.85,97539.80,298.56
261471.67,277.85,96875.00,298.72
263015.59,277.74,96685.88,298.76
261471.67,277.85,96685.88,298.76
260702.88,277.91,97254.33,298.63
261728.38,277.83,96875.00,298.72
260702.88,277.91,97159.38,298.65
261471.67,277.85,96497.12,298.80
260702.88,277.91,95933.02,298.94
264568.03,277.62,95652.18,299.00
263273.72,277.72,96685.88,298.76
259426.23,278.01,96685.88,298.76
262500.03,277.78,96497.12,298.80
262500.03,277.78,96685.88,298.76
260702.88,277.91,96497.12,298.80
260702.88,277.91,96780.41,298.74
261215.16,277.87,96591.45,298.78
260702.88,277.91,97254.33,298.63
259171.59,278.03,96120.69,298.89
259681.08,277.99,96875.00,298.72
258409.11,278.08,96591.45,298.78
256637.95,278.22,96875.00,298.72
259171.59,278.03,96120.69,298.89
259681.08,277.99,96026.80,298.91
259681.08,277.99,96780.41,298.74
257142.86,278.18,96402.88,298.83
260447.09,277.93,96685.88,298.76
259936.22,277.97,96120.69,298.89
259171.59,278.03,96685.88,298.76
260702.88,277.91,96875.00,298.72
260191.50,277.95,96497.12,298.80
260447.09,277.93,96497.12,298.80
258155.38,278.10,96120.69,298.89
258917.22,278.04,96120.69,298.89
259936.22,277.97,96120.69,298.89
260702.88,277.91,97064.48,298.67
263273.72,277.72,97159.38,298.65
260702.88,277.91,96497.12,298.80
258917.22,278.04,96497.12,298.80
260191.50,277.95,96120.69,298.89
259936.22,277.97,96780.41,298.74
263273.72,277.72,96685.88,298.76
261471.67,277.85,96591.45,298.78
260958.92,277.89,96497.12,298.80
260702.88,277.91,97064.48,298.67
260702.88,277.91,96875.00,298.72
260702.88,277.91,96591.45,298.78
260702.88,277.91,96875.00,298.72
260958.92,277.89,96780.41,298.74
261728.38,277.83,96875.00,298.72
259936.22,277.97,97064.48,298.67
258409.11,278.08,97254.33,298.63
260702.88,277.91,96875.00,298.72
260447.09,277.93,96875.00,298.72
260702.88,277.91,96685.88,298.76
260447.09,277.93,97064.48,298.67
259936.22,277.97,96402.88,298.83
259426.23,278.01,97254.33,298.63
260191.50,277.95,96497.12,298.80
261985.39,277.81,96875.00,298.72
259171.59,278.03,97064.48,298.67
260191.50,277.95,96875.00,298.72
261471.67,277.85,96591.45,298.78
259936.22,277.97,97159.38,298.65
261215.16,277.87,97159.38,298.65
258409.11,278.08,96120.69,298.89
260447.09,277.93,96402.88,298.83
260958.92,277.89,96685.88,298.76
258409.11,278.08,96875.00,298.72
260191.50,277.95,96497.12,298.80
261471.67,277.85,96875.00,298.72
260702.88,277.91,96780.41,298.74
260702.88,277.91,97159.38,298.65
260958.92,277.89,96875.00,298.72
260958.92,277.89,96780.41,298.74
260447.09,277.93,96780.41,298.74
261215.16,277.87,97254.33,298.63
262500.03,277.78,97064.48,298.67
259171.59,278.03,96685.88,298.76
259936.22,277.97,96780.41,298.74
260958.92,277.89,97444.55,298.58
262500.03,277.78,97064.48,298.67
259936.22,277.97,96969.70,298.69
261985.39,277.81,97064.48,298.67
260702.88,277.91,96497.12,298.80
261215.16,277.87,96402.88,298.83
260958.92,277.89,96875.00,298.72
260447.09,277.93,96875.00,298.72
260702.88,277.91,96875.00,298.72
260191.50,277.95,96875.00,298.72
262500.03,277.78,96214.66,298.87
260702.88,277.91,96402.88,298.83
260702.88,277.91,95652.18,299.00
260702.88,277.91,96685.88,298.76
263532.13,277.70,96969.70,298.69
261728.38,277.83,96402.88,298.83
259426.23,278.01,96591.45,298.78
260702.88,277.91,96685.88,298.76
260702.88,277.91,97159.38,298.65
261471.67,277.85,97444.55,298.58
261471.67,277.85,95745.70,298.98
260702.88,277.91,96780.41,298.74
258155.38,278.10,98305.08,298.38
260958.92,277.89,95745.70,298.98
261985.39,277.81,96685.88,298.76
260958.92,277.89,96685.88,298.76
263532.13,277.70,96685.88,298.76
259426.23,278.01,96685.88,298.76
257901.91,278.12,96875.00,298.72
262242.53,277.79,96780.41,298.74
263015.59,277.74,96685.88,298.76
261471.67,277.85,97064.48,298.67
262500.03,277.78,96875.00,298.72
261985.39,277.81,96969.70,298.69
260702.88,277.91,97064.48,298.67
260702.88,277.91,96308.73,298.85
260702.88,277.91,95745.70,298.98
260191.50,277.95,96875.00,298.72
261985.39,277.81,96497.12,298.80
261985.39,277.81,96875.00,298.72
261728.38,277.83,96969.70,298.69
259936.22,277.97,96875.00,298.72
260958.92,277.89,97539.80,298.56
262500.03,277.78,97444.55,298.58
259936.22,277.97,96308.73,298.85
260958.92,277.89,96780.41,298.74
259171.59,278.03,97159.38,298.65
260702.88,277.91,96875.00,298.72
260702.88,277.91,97444.55,298.58
260702.88,277.91,96875.00,298.72
258155.38,278.10,97444.55,298.58
258917.22,278.04,96026.80,298.91
263015.59,277.74,96120.69,298.89
260702.88,277.91,96497.12,298.80
260702.88,277.91,96685.88,298.76
259936.22,277.97,96685.88,298.76
260702.88,277.91,95933.02,298.94
260702.88,277.91,96402.88,298.83
260702.88,277.91,96875.00,298.72
259171.59,278.03,96497.12,298.80
260958.92,277.89,96875.00,298.72
260958.92,277.89,96780.41,298.74
261215.16,277.87,96497.12,298.80
264308.69,277.64,95465.41,299.05
263015.59,277.74,95558.73,299.02
260702.88,277.91,96875.00,298.72
261471.67,277.85,97254.33,298.63
264308.69,277.64,96875.00,298.72
260702.88,277.91,97254.33,298.63
260447.09,277.93,96497.12,298.80
261215.16,277.87,96875.00,298.72
261471.67,277.85,96685.88,298.76
259936.22,277.97,96875.00,298.72
257648.66,278.14,97064.48,298.67
260702.88,277.91,96875.00,298.72
261215.16,277.87,97539.80,298.56
261985.39,277.81,96497.12,298.80
260702.88,277.91,97064.48,298.67
261471.67,277.85,96969.70,298.69
260958.92,277.89,96780.41,298.74
257901.91,278.12,96875.00,298.72
261215.16,277.87,97254.33,298.63
260702.88,277.91,96875.00,298.72
260447.09,277.93,97254.33,298.63
260191.50,277.95,96780.41,298.74
260702.88,277.91,97159.38,298.65
257395.66,278.16,97254.33,298.63
260702.88,277.91,96120.69,298.89
259426.23,278.01,96875.00,298.72
260702.88,277.91,97159.38,298.65
261985.39,277.81,97159.38,298.65
260702.88,277.91,97349.41,298.61
260702.88,277.91,97254.33,298.63
260702.88,277.91,97064.48,298.67
260447.09,277.93,97444.55,298.58
261728.38,277.83,97444.55,298.58
258409.11,278.08,97254.33,298.63
258409.11,278.08,96685.88,298.76
261728.38,277.83,97064.48,298.67
260447.09,277.93,96875.00,298.72
257901.91,278.12,96685.88,298.76
260447.09,277.93,96780.41,298.74
260191.50,277.95,96685.88,298.76
259171.59,278.03,96685.88,298.76
259936.22,277.97,96308.73,298.85
259426.23,278.01,97064.48,298.67
256385.91,278.24,96685.88,298.76
258409.11,278.08,96497.12,298.80
259171.59,278.03,96120.69,298.89
258917.22,278.04,96402.88,298.83
260958.92,277.89,96969.70,298.69
260702.88,277.91,96875.00,298.72
260447.09,277.93,96875.00,298.72
260702.88,277.91,96780.41,298.74
258917.22,278.04,96685.88,298.76
260958.92,277.89,96780.41,298.74
257142.86,278.18,95372.15,299.07
260447.09,277.93,96685.88,298.76
259426.23,278.01,96780.41,298.74
258155.38,278.10,97254.33,298.63
259171.59,278.03,96875.00,298.72
259426.23,278.01,96026.80,298.91
259171.59,278.03,96875.00,298.72
257142.86,278.18,96780.41,298.74
261985.39,277.81,96591.45,298.78
258409.11,278.08,96026.80,298.91
260447.09,277.93,96591.45,298.78
261471.67,277.85,96875.00,298.72
260958.92,277.89,96875.00,298.72
259426.23,278.01,96591.45,298.78
259171.59,278.03,96875.00,298.72
260702.88,277.91,97159.38,298.65
259426.23,278.01,96308.73,298.85
256385.91,278.24,96308.73,298.85
258409.11,278.08,96875.00,298.72
260958.92,277.89,96780.41,298.74
261215.16,277.87,96875.00,298.72
260447.09,277.93,96685.88,298.76
260191.50,277.95,97635.14,298.54
260702.88,277.91,96780.41,298.74
260447.09,277.93,96120.69,298.89
257901.91,278.12,96026.80,298.91
261471.67,277.85,96780.41,298.74
259171.59,278.03,96875.00,298.72
260191.50,277.95,95745.70,298.98
260702.88,277.91,96685.88,298.76
260702.88,277.91,97444.55,298.58
260702.88,277.91,96875.00,298.72
259936.22,277.97,97064.48,298.67
260702.88,277.91,97444.55,298.58
258917.22,278.04,96497.12,298.80
259171.59,278.03,96026.80,298.91
259936.22,277.97,96497.12,298.80
260958.92,277.89,97064.48,298.67
259426.23,278.01,96969.70,298.69
260447.09,277.93,96685.88,298.76
261471.67,277.85,96875.00,298.72
259171.59,278.03,96969.70,298.69
259936.22,277.97,96685.88,298.76
260447.09,277.93,96685.88,298.76
258409.11,278.08,96780.41,298.74
259936.22,277.97,97159.38,298.65
260191.50,277.95,96969.70,298.69
259936.22,277.97,96780.41,298.74
260702.88,277.91,97349.41,298.61
260447.09,277.93,96685.88,298.76
260702.88,277.91,96969.70,298.69
259171.59,278.03,96875.00,298.72
259171.59,278.03,97254.33,298.63
258155.38,278.10,96685.88,298.76
259936.22,277.97,97921.71,298.47
258917.22,278.04,95745.70,298.98
258917.22,278.04,96875.00,298.72
260702.88,277.91,96875.00,298.72
259426.23,278.01,96685.88,298.76
260702.88,277.91,96780.41,298.74
258917.22,278.04,96875.00,298.72
259426.23,278.01,97064.48,298.67
258155.38,278.10,96685.88,298.76
259171.59,278.03,96780.41,298.74
259171.59,278.03,96497.12,298.80
257648.66,278.14,96685.88,298.76
258155.38,278.10,96402.88,298.83
259426.23,278.01,96685.88,298.76
252631.58,278.53,96497.12,298.80
257142.86,278.18,97635.14,298.54
257901.91,278.12,96875.00,298.72
259171.59,278.03,97064.48,298.67
255630.94,278.29,96875.00,298.72
255379.77,278.31,96026.80,298.91
257901.91,278.12,96875.00,298.72
259171.59,278.03,96875.00,298.72
257901.91,278.12,96685.88,298.76
260191.50,277.95,96685.88,298.76
257142.86,278.18,97064.48,298.67
259171.59,278.03,96685.88,298.76
260702.88,277.91,97444.55,298.58
261471.67,277.85,96969.70,298.69
260702.88,277.91,97254.33,298.63
260191.50,277.95,97064.48,298.67
258409.11,278.08,96497.12,298.80
256890.31,278.20,96308.73,298.85
259681.08,277.99,95745.70,298.98
257901.91,278.12,95745.70,298.98
257142.86,278.18,96875.00,298.72
260702.88,277.91,96497.12,298.80
255882.36,278.28,96780.41,298.74
257142.86,278.18,96780.41,298.74
260447.09,277.93,96308.73,298.85
258409.11,278.08,96685.88,298.76
257395.66,278.16,96875.00,298.72
254377.27,278.39,97254.33,298.63
255882.36,278.28,96780.41,298.74
259426.23,278.01,96875.00,298.72
259426.23,278.01,96969.70,298.69
259426.23,278.01,96875.00,298.72
259936.22,277.97,97444.55,298.58
262500.03,277.78,97064.48,298.67
258155.38,278.10,95933.02,298.94
257395.66,278.16,96875.00,298.72
257142.86,278.18,96875.00,298.72
260191.50,277.95,96497.12,298.80
259426.23,278.01,97444.55,298.58
258409.11,278.08,97159.38,298.65
258409.11,278.08,97064.48,298.67
258155.38,278.10,97064.48,298.67
256637.95,278.22,96780.41,298.74
256890.31,278.20,96780.41,298.74
259681.08,277.99,97064.48,298.67
259681.08,277.99,96969.70,298.69
258409.11,278.08,96780.41,298.74
256133.98,278.26,96685.88,298.76
255630.94,278.29,97064.48,298.67
259936.22,277.97,97254.33,298.63
260702.88,277.91,96875.00,298.72
260702.88,277.91,97826.08,298.49
257901.91,278.12,97921.71,298.47
259681.08,277.99,97635.14,298.54
257395.66,278.16,96875.00,298.72
259171.59,278.03,97539.80,298.56
258917.22,278.04,97159.38,298.65
260702.88,277.91,97064.48,298.67
259171.59,278.03,96875.00,298.72
255379.77,278.31,97254.33,298.63
256385.91,278.24,96497.12,298.80
258409.11,278.08,96875.00,298.72
260447.09,277.93,96591.45,298.78
258155.38,278.10,97064.48,298.67
258155.38,278.10,96026.80,298.91
260447.09,277.93,96969.70,298.69
261215.16,277.87,96875.00,298.72
260702.88,277.91,96875.00,298.72
259936.22,277.97,96969.70,298.69
258155.38,278.10,96875.00,298.72
259936.22,277.97,97635.14,298.54
256890.31,278.20,96308.73,298.85
258917.22,278.04,97539.80,298.56
257901.91,278.12,96780.41,298.74
259426.23,278.01,97826.08,298.49
260702.88,277.91,96685.88,298.76
256890.31,278.20,96308.73,298.85
257142.86,278.18,96497.12,298.80
257142.86,278.18,96497.12,298.80
257395.66,278.16,96780.41,298.74
258409.11,278.08,96780.41,298.74
258917.22,278.04,97254.33,298.63
257142.86,278.18,96120.69,298.89
259171.59,278.03,95372.15,299.07
257142.86,278.18,96591.45,298.78
255128.77,278.33,97635.14,298.54
259171.59,278.03,96780.41,298.74
258155.38,278.10,97064.48,298.67
259936.22,277.97,97444.55,298.58
261471.67,277.85,97635.14,298.54
260702.88,277.91,97254.33,298.63
260447.09,277.93,97635.14,298.54
260702.88,277.91,97254.33,298.63
257901.91,278.12,96875.00,298.72
260447.09,277.93,97635.14,298.54
257648.66,278.14,97064.48,298.67
260702.88,277.91,96875.00,298.72
256385.91,278.24,96780.41,298.74
258155.38,278.10,97064.48,298.67
258917.22,278.04,96497.12,298.80
259171.59,278.03,96591.45,298.78
260447.09,277.93,97159.38,298.65
257901.91,278.12,95933.02,298.94
256637.95,278.22,97254.33,298.63
256385.91,278.24,97254.33,298.63
254878.08,278.35,97064.48,298.67
260702.88,277.91,97635.14,298.54
259936.22,277.97,97254.33,298.63
260702.88,277.91,96875.00,298.72
258917.22,278.04,97064.48,298.67
256637.95,278.22,96026.80,298.91
257901.91,278.12,96875.00,298.72
258409.11,278.08,96969.70,298.69
259171.59,278.03,96497.12,298.80
260702.88,277.91,96685.88,298.76
251391.41,278.62,96591.45,298.78
257901.91,278.12,96875.00,298.72
256637.95,278.22,96875.00,298.72
259426.23,278.01,96497.12,298.80
261471.67,277.85,97444.55,298.58
260702.88,277.91,98209.09,298.41
257901.91,278.12,96780.41,298.74
258663.00,278.06,98401.16,298.36
259171.59,278.03,97254.33,298.63
260447.09,277.93,96497.12,298.80
260447.09,277.93,98497.33,298.34
260447.09,277.93,96875.00,298.72
260447.09,277.93,97635.14,298.54
260191.50,277.95,97444.55,298.58
260702.88,277.91,97349.41,298.61
260447.09,277.93,97444.55,298.58
259936.22,277.97,97635.14,298.54
260958.92,277.89,97064.48,298.67
258663.00,278.06,97539.80,298.56
260958.92,277.89,97539.80,298.56
260702.88,277.91,97064.48,298.67
259681.08,277.99,97444.55,298.58
259681.08,277.99,97539.80,298.56
259936.22,277.97,97539.80,298.56
257395.66,278.16,96685.88,298.76
258155.38,278.10,96969.70,298.69
260702.88,277.91,97444.55,298.58
260702.88,277.91,97444.55,298.58
260191.50,277.95,98017.41,298.45
258409.11,278.08,97159.38,298.65
260447.09,277.93,97444.55,298.58
260447.09,277.93,96875.00,298.72
259936.22,277.97,97254.33,298.63
257395.66,278.16,97539.80,298.56
260191.50,277.95,96875.00,298.72
256637.95,278.22,96497.12,298.80
257901.91,278.12,97539.80,298.56
260447.09,277.93,96591.45,298.78
260958.92,277.89,97444.55,298.58
260958.92,277.89,96875.00,298.72
257142.86,278.18,96875.00,298.72
258155.38,278.10,97635.14,298.54
257901.91,278.12,96875.00,298.72
259681.08,277.99,96969.70,298.69
261215.16,277.87,97539.80,298.56
259426.23,278.01,96402.88,298.83
257142.86,278.18,96780.41,298.74
258917.22,278.04,96120.69,298.89
259936.22,277.97,97254.33,298.63
259936.22,277.97,97635.14,298.54
258409.11,278.08,97444.55,298.58
256133.98,278.26,96875.00,298.72
258155.38,278.10,95745.70,298.98
256133.98,278.26,96875.00,298.72
259171.59,278.03,96875.00,298.72
260447.09,277.93,97635.14,298.54
259171.59,278.03,96875.00,298.72
260447.09,277.93,97064.48,298.67
257395.66,278.16,97349.41,298.61
260702.88,277.91,97254.33,298.63
257648.66,278.14,97444.55,298.58
256385.91,278.24,96780.41,298.74
258409.11,278.08,97921.71,298.47
260702.88,277.91,96591.45,298.78
260447.09,277.93,97064.48,298.67
260191.50,277.95,96685.88,298.76
259936.22,277.97,97159.38,298.65
257142.86,278.18,97064.48,298.67
260702.88,277.91,97254.33,298.63
259936.22,277.97,97539.80,298.56
259681.08,277.99,97539.80,298.56
258409.11,278.08,96685.88,298.76
260191.50,277.95,96780.41,298.74
257395.66,278.16,97064.48,298.67
256637.95,278.22,96402.88,298.83
259936.22,277.97,96969.70,298.69
258917.22,278.04,97349.41,298.61
258409.11,278.08,97064.48,298.67
257901.91,278.12,96685.88,298.76
259936.22,277.97,96497.12,298.80
261728.38,277.83,97064.48,298.67
259426.23,278.01,96875.00,298.72
258917.22,278.04,97064.48,298.67
257901.91,278.12,97064.48,298.67
258155.38,278.10,96497.12,298.80
254377.27,278.39,97159.38,298.65
256890.31,278.20,96120.69,298.89
260702.88,277.91,96875.00,298.72
260702.88,277.91,97254.33,298.63
256385.91,278.24,97826.08,298.49
257648.66,278.14,97826.08,298.49
259936.22,277.97,97159.38,298.65
262242.53,277.79,96875.00,298.72
259171.59,278.03,96969.70,298.69
258155.38,278.10,96120.69,298.89
257395.66,278.16,96026.80,298.91
257901.91,278.12,96497.12,298.80
259681.08,277.99,96685.88,298.76
260191.50,277.95,97159.38,298.65
258155.38,278.10,97921.71,298.47
260958.92,277.89,97159.38,298.65
259426.23,278.01,97064.48,298.67
260191.50,277.95,97159.38,298.65
260702.88,277.91,95933.02,298.94
257648.66,278.14,96780.41,298.74
259171.59,278.03,96591.45,298.78
258409.11,278.08,96497.12,298.80
260702.88,277.91,97254.33,298.63
259426.23,278.01,97064.48,298.67
259936.22,277.97,97254.33,298.63
259936.22,277.97,97159.38,298.65
2