=~=~=~=~=~=~=~=~=~=~=~= PuTTY log 2021.12.09 16:39:11 =~=~=~=~=~=~=~=~=~=~=~=
336528.53,273.01,83632.29,302.07
338181.88,272.91,83057.66,302.23
340845.13,272.77,82975.87,302.26
340511.00,272.78,83385.59,302.14
336858.53,272.99,82975.87,302.26
340177.19,272.80,83057.66,302.23
339843.81,272.82,82894.15,302.28
338513.53,272.90,83057.66,302.23
337188.84,272.97,83385.59,302.14
337188.84,272.97,82486.63,302.39
339843.81,272.82,82894.15,302.28
342520.97,272.67,83139.54,302.21
339510.72,272.84,83057.66,302.23
334883.75,273.10,82405.34,302.42
337188.84,272.97,83057.66,302.23
340177.19,272.80,83467.74,302.12
339177.97,272.86,83714.66,302.05
338181.88,272.91,83139.54,302.21
335212.03,273.08,83139.54,302.21
338845.59,272.88,83303.49,302.16
338513.53,272.90,83385.59,302.14
339177.97,272.86,82894.15,302.28
336528.53,273.01,82812.50,302.30
337850.50,272.93,82405.34,302.42
335212.03,273.08,82812.50,302.30
338181.88,272.91,82812.50,302.30
335212.03,273.08,82894.15,302.28
337850.50,272.93,82894.15,302.28
337188.84,272.97,83139.54,302.21
339843.81,272.82,83303.49,302.16
338845.59,272.88,82649.41,302.35
337850.50,272.93,83139.54,302.21
338181.88,272.91,83303.49,302.16
339177.97,272.86,83632.29,302.07
335869.59,273.04,83385.59,302.14
340845.13,272.77,83467.74,302.12
341514.41,272.73,83797.12,302.03
340511.00,272.78,83467.74,302.12
337850.50,272.93,83221.48,302.19
338845.59,272.88,83221.48,302.19
339510.72,272.84,83385.59,302.14
336528.53,273.01,83714.66,302.05
342185.09,272.69,83962.27,301.98
341514.41,272.73,84210.52,301.91
340845.13,272.77,83797.12,302.03
339843.81,272.82,83139.54,302.21
339510.72,272.84,83221.48,302.19
339510.72,272.84,82975.87,302.26
340177.19,272.80,83385.59,302.14
338181.88,272.91,83221.48,302.19
336528.53,273.01,83139.54,302.21
339843.81,272.82,82812.50,302.30
336858.53,272.99,83139.54,302.21
340511.00,272.78,82080.92,302.51
338513.53,272.90,83714.66,302.05
334883.75,273.10,82894.15,302.28
337188.84,272.97,83303.49,302.16
339510.72,272.84,83632.29,302.07
335540.63,273.06,83632.29,302.07
337850.50,272.93,83139.54,302.21
340177.19,272.80,83797.12,302.03
338513.53,272.90,83303.49,302.16
334883.75,273.10,82975.87,302.26
340511.00,272.78,83467.74,302.12
338845.59,272.88,83467.74,302.12
336858.53,272.99,82405.34,302.42
339177.97,272.86,83385.59,302.14
340177.19,272.80,83385.59,302.14
335212.03,273.08,83385.59,302.14
339843.81,272.82,83139.54,302.21
336528.53,273.01,83303.49,302.16
335540.63,273.06,83385.59,302.14
336528.53,273.01,83549.98,302.10
339843.81,272.82,83467.74,302.12
341179.56,272.75,84127.70,301.94
339510.72,272.84,81919.15,302.55
338513.53,272.90,82975.87,302.26
339510.72,272.84,83467.74,302.12
340177.19,272.80,83303.49,302.16
340511.00,272.78,84044.95,301.96
338181.88,272.91,83139.54,302.21
337850.50,272.93,83962.27,301.98
334883.75,273.10,82975.87,302.26
335869.59,273.04,82812.50,302.30
339177.97,272.86,83467.74,302.12
337850.50,272.93,83139.54,302.21
336858.53,272.99,83467.74,302.12
340511.00,272.78,83962.27,301.98
338845.59,272.88,83303.49,302.16
334883.75,273.10,83221.48,302.19
339177.97,272.86,83303.49,302.16
341849.59,272.71,82975.87,302.26
338845.59,272.88,83632.29,302.07
336528.53,273.01,84044.95,301.96
339843.81,272.82,83139.54,302.21
337188.84,272.97,83385.59,302.14
335540.63,273.06,83797.12,302.03
335540.63,273.06,83714.66,302.05
337188.84,272.97,83797.12,302.03
335212.03,273.08,82894.15,302.28
340511.00,272.78,83797.12,302.03
340177.19,272.80,83714.66,302.05
335869.59,273.04,83139.54,302.21
336858.53,272.99,83057.66,302.23
341179.56,272.75,83467.74,302.12
337188.84,272.97,83139.54,302.21
336528.53,273.01,83057.66,302.23
338181.88,272.91,83139.54,302.21
340511.00,272.78,83797.12,302.03
339510.72,272.84,83303.49,302.16
337850.50,272.93,82894.15,302.28
334883.75,273.10,83221.48,302.19
337188.84,272.97,83303.49,302.16
338513.53,272.90,83303.49,302.16
340511.00,272.78,83797.12,302.03
336858.53,272.99,83385.59,302.14
336528.53,273.01,83467.74,302.12
339177.97,272.86,83714.66,302.05
340511.00,272.78,83962.27,301.98
340845.13,272.77,83632.29,302.07
338513.53,272.90,83797.12,302.03
339843.81,272.82,83385.59,302.14
338513.53,272.90,83797.12,302.03
337850.50,272.93,83221.48,302.19
335212.03,273.08,83303.49,302.16
339510.72,272.84,82894.15,302.28
341179.56,272.75,83797.12,302.03
340177.19,272.80,83139.54,302.21
341179.56,272.75,84210.52,301.91
337188.84,272.97,83139.54,302.21
338181.88,272.91,84210.52,301.91
339510.72,272.84,83221.48,302.19
339177.97,272.86,82812.50,302.30
334883.75,273.10,83714.66,302.05
337188.84,272.97,83467.74,302.12
339177.97,272.86,83879.66,302.01
338845.59,272.88,83879.66,302.01
335540.63,273.06,83714.66,302.05
338181.88,272.91,83797.12,302.03
338513.53,272.90,83962.27,301.98
340177.19,272.80,83962.27,301.98
337188.84,272.97,83714.66,302.05
337188.84,272.97,83139.54,302.21
339510.72,272.84,83467.74,302.12
337188.84,272.97,83714.66,302.05
341514.41,272.73,83139.54,302.21
337850.50,272.93,83962.27,301.98
339177.97,272.86,83385.59,302.14
333247.47,273.19,83221.48,302.19
337188.84,272.97,84044.95,301.96
342185.09,272.69,83139.54,302.21
334883.75,273.10,83057.66,302.23
337850.50,272.93,83879.66,302.01
345559.69,272.51,84127.70,301.94
340511.00,272.78,83303.49,302.16
334883.75,273.10,82894.15,302.28
339177.97,272.86,83632.29,302.07
340845.13,272.77,84044.95,301.96
338181.88,272.91,83714.66,302.05
335212.03,273.08,83303.49,302.16
339177.97,272.86,83139.54,302.21
339843.81,272.82,83797.12,302.03
335212.03,273.08,84210.52,301.91
338181.88,272.91,83303.49,302.16
338181.88,272.91,84210.52,301.91
335869.59,273.04,83632.29,302.07
334883.75,273.10,83139.54,302.21
340177.19,272.80,84210.52,301.91
340177.19,272.80,84127.70,301.94
338513.53,272.90,83385.59,302.14
338181.88,272.91,83879.66,302.01
337850.50,272.93,83385.59,302.14
340511.00,272.78,83962.27,301.98
339843.81,272.82,83139.54,302.21
336528.53,273.01,83385.59,302.14
337850.50,272.93,83303.49,302.16
336528.53,273.01,83221.48,302.19
337188.84,272.97,83467.74,302.12
340845.13,272.77,83632.29,302.07
334555.81,273.12,83221.48,302.19
334883.75,273.10,83962.27,301.98
341179.56,272.75,83962.27,301.98
339843.81,272.82,83467.74,302.12
336198.91,273.02,82649.41,302.35
336198.91,273.02,83303.49,302.16
334883.75,273.10,82486.63,302.39
335212.03,273.08,82894.15,302.28
336198.91,273.02,83714.66,302.05
340845.13,272.77,84210.52,301.91
338513.53,272.90,83632.29,302.07
335869.59,273.04,83057.66,302.23
334883.75,273.10,83632.29,302.07
338181.88,272.91,83714.66,302.05
337188.84,272.97,83714.66,302.05
337850.50,272.93,83385.59,302.14
341514.41,272.73,84044.95,301.96
337188.84,272.97,83797.12,302.03
334883.75,273.10,83714.66,302.05
336528.53,273.01,83632.29,302.07
340177.19,272.80,83714.66,302.05
335212.03,273.08,84127.70,301.94
333574.03,273.17,83467.74,302.12
339177.97,272.86,83962.27,301.98
337188.84,272.97,83714.66,302.05
342185.09,272.69,82894.15,302.28
340845.13,272.77,83962.27,301.98
337188.84,272.97,83385.59,302.14
337188.84,272.97,83797.12,302.03
338181.88,272.91,83139.54,302.21
338513.53,272.90,83962.27,301.98
334883.75,273.10,83962.27,301.98
335869.59,273.04,83962.27,301.98
339510.72,272.84,83714.66,302.05
335540.63,273.06,83467.74,302.12
336528.53,273.01,83714.66,302.05
337188.84,272.97,83221.48,302.19
337850.50,272.93,83632.29,302.07
336858.53,272.99,84044.95,301.96
335212.03,273.08,83385.59,302.14
336858.53,272.99,84127.70,301.94
339510.72,272.84,84210.52,301.91
337188.84,272.97,84127.70,301.94
336198.91,273.02,83962.27,301.98
335540.63,273.06,84210.52,301.91
338513.53,272.90,83962.27,301.98
338513.53,272.90,83962.27,301.98
337850.50,272.93,83385.59,302.14
335212.03,273.08,83057.66,302.23
335540.63,273.06,83632.29,302.07
338845.59,272.88,84044.95,301.96
339843.81,272.82,83714.66,302.05
336858.53,272.99,83714.66,302.05
336858.53,272.99,83714.66,302.05
337188.84,272.97,84044.95,301.96
335212.03,273.08,83879.66,302.01
336858.53,272.99,84127.70,301.94
336528.53,273.01,83962.27,301.98
334883.75,273.10,83714.66,302.05
334883.75,273.10,83057.66,302.23
340845.13,272.77,84127.70,301.94
339843.81,272.82,83632.29,302.07
337188.84,272.97,83632.29,302.07
337519.50,272.95,83632.29,302.07
338181.88,272.91,83962.27,301.98
338181.88,272.91,83879.66,302.01
336858.53,272.99,83962.27,301.98
339510.72,272.84,84210.52,301.91
337850.50,272.93,84210.52,301.91
339510.72,272.84,84044.95,301.96
334883.75,273.10,83962.27,301.98
338513.53,272.90,83962.27,301.98
337188.84,272.97,84293.44,301.89
334555.81,273.12,83549.98,302.10
340177.19,272.80,84210.52,301.91
337850.50,272.93,83549.98,302.10
334883.75,273.10,83797.12,302.03
339843.81,272.82,83714.66,302.05
337519.50,272.95,83797.12,302.03
338513.53,272.90,83385.59,302.14
341179.56,272.75,83714.66,302.05
336858.53,272.99,83467.74,302.12
337188.84,272.97,83962.27,301.98
339843.81,272.82,83962.27,301.98
338181.88,272.91,84127.70,301.94
334883.75,273.10,83467.74,302.12
337188.84,272.97,84127.70,301.94
338513.53,272.90,83303.49,302.16
338513.53,272.90,83714.66,302.05
338513.53,272.90,83714.66,302.05
338513.53,272.90,83714.66,302.05
336858.53,272.99,83714.66,302.05
339510.72,272.84,83714.66,302.05
338181.88,272.91,83467.74,302.12
339843.81,272.82,84044.95,301.96
337850.50,272.93,84127.70,301.94
338513.53,272.90,83714.66,302.05
339510.72,272.84,83714.66,302.05
335869.59,273.04,83714.66,302.05
336858.53,272.99,83632.29,302.07
339177.97,272.86,83962.27,301.98
335869.59,273.04,83797.12,302.03
337188.84,272.97,84210.52,301.91
336858.53,272.99,83467.74,302.12
331619.59,273.28,84210.52,301.91
337188.84,272.97,84044.95,301.96
337188.84,272.97,84210.52,301.91
339843.81,272.82,83962.27,301.98
339843.81,272.82,83962.27,301.98
335869.59,273.04,83879.66,302.01
339510.72,272.84,84210.52,301.91
338181.88,272.91,84127.70,301.94
338513.53,272.90,84459.46,301.85
335540.63,273.06,84210.52,301.91
335540.63,273.06,83714.66,302.05
339177.97,272.86,84127.70,301.94
337850.50,272.93,84127.70,301.94
339177.97,272.86,84210.52,301.91
340177.19,272.80,83962.27,301.98
334883.75,273.10,83962.27,301.98
335869.59,273.04,83467.74,302.12
338181.88,272.91,84127.70,301.94
340845.13,272.77,83797.12,302.03
338513.53,272.90,84127.70,301.94
335212.03,273.08,84210.52,301.91
334883.75,273.10,83632.29,302.07
342185.09,272.69,84210.52,301.91
340511.00,272.78,84459.46,301.85
336528.53,273.01,84044.95,301.96
340177.19,272.80,84127.70,301.94
338513.53,272.90,84210.52,301.91
335869.59,273.04,84210.52,301.91
337850.50,272.93,84210.52,301.91
334883.75,273.10,84210.52,301.91
336858.53,272.99,83221.48,302.19
338181.88,272.91,84044.95,301.96
334555.81,273.12,84127.70,301.94
342185.09,272.69,84210.52,301.91
338845.59,272.88,84127.70,301.94
336528.53,273.01,84127.70,301.94
339843.81,272.82,83797.12,302.03
336528.53,273.01,83303.49,302.16
339177.97,272.86,84127.70,301.94
336858.53,272.99,83797.12,302.03
336528.53,273.01,83714.66,302.05
337188.84,272.97,84210.52,301.91
334883.75,273.10,83385.59,302.14
340845.13,272.77,84127.70,301.94
339177.97,272.86,84210.52,301.91
339843.81,272.82,84376.41,301.87
338513.53,272.90,84210.52,301.91
334883.75,273.10,83962.27,301.98
335869.59,273.04,83962.27,301.98
338513.53,272.90,84210.52,301.91
338513.53,272.90,83303.49,302.16
339177.97,272.86,84127.70,301.94
334883.75,273.10,84044.95,301.96
338513.53,272.90,83303.49,302.16
338181.88,272.91,84210.52,301.91
339843.81,272.82,84210.52,301.91
334883.75,273.10,83714.66,302.05
337188.84,272.97,84293.44,301.89
336198.91,273.02,83797.12,302.03
335212.03,273.08,83714.66,302.05
336528.53,273.01,84542.59,301.82
339177.97,272.86,83797.12,302.03
334883.75,273.10,83714.66,302.05
338181.88,272.91,84210.52,301.91
336858.53,272.99,84210.52,301.91
335869.59,273.04,84210.52,301.91
339177.97,272.86,83714.66,302.05
340177.19,272.80,83962.27,301.98
334883.75,273.10,84127.70,301.94
335212.03,273.08,83962.27,301.98
334883.75,273.10,84210.52,301.91
338513.53,272.90,84210.52,301.91
336858.53,272.99,83962.27,301.98
336198.91,273.02,84210.52,301.91
338513.53,272.90,84542.59,301.82
339177.97,272.86,84044.95,301.96
334883.75,273.10,83962.27,301.98
338845.59,272.88,84210.52,301.91
336858.53,272.99,84210.52,301.91
337188.84,272.97,84044.95,301.96
337850.50,272.93,84210.52,301.91
337188.84,272.97,84210.52,301.91
335869.59,273.04,84044.95,301.96
338513.53,272.90,84044.95,301.96
335212.03,273.08,83962.27,301.98
339510.72,272.84,85630.11,301.53
339510.72,272.84,84210.52,301.91
337850.50,272.93,84210.52,301.91
336198.91,273.02,84210.52,301.91
337519.50,272.95,84127.70,301.94
338181.88,272.91,84210.52,301.91
336858.53,272.99,84293.44,301.89
336528.53,273.01,84210.52,301.91
340177.19,272.80,84210.52,301.91
337850.50,272.93,84210.52,301.91
338513.53,272.90,83714.66,302.05
335540.63,273.06,83962.27,301.98
337188.84,272.97,84127.70,301.94
338181.88,272.91,84044.95,301.96
340177.19,272.80,84210.52,301.91
336858.53,272.99,84044.95,301.96
334555.81,273.12,83303.49,302.16
336528.53,273.01,84210.52,301.91
339177.97,272.86,84210.52,301.91
338513.53,272.90,84127.70,301.94
333247.47,273.19,83962.27,301.98
335212.03,273.08,83385.59,302.14
334883.75,273.10,84044.95,301.96
337850.50,272.93,84127.70,301.94
334555.81,273.12,83632.29,302.07
337850.50,272.93,84210.52,301.91
334883.75,273.10,84044.95,301.96
335540.63,273.06,84210.52,301.91
335212.03,273.08,84127.70,301.94
338513.53,272.90,83797.12,302.03
334883.75,273.10,83385.59,302.14
334883.75,273.10,83962.27,301.98
337188.84,272.97,84542.59,301.82
335540.63,273.06,84127.70,301.94
335540.63,273.06,84127.70,301.94
337850.50,272.93,84709.06,301.78
333574.03,273.17,83632.29,302.07
335869.59,273.04,84210.52,301.91
335869.59,273.04,84792.43,301.76
334883.75,273.10,83879.66,302.01
331295.00,273.30,83962.27,301.98
338181.88,272.91,83797.12,302.03
338513.53,272.90,84210.52,301.91
333900.97,273.15,82568.00,302.37
334883.75,273.10,83962.27,301.98
336528.53,273.01,84376.41,301.87
336858.53,272.99,84210.52,301.91
334883.75,273.10,83797.12,302.03
334883.75,273.10,84210.52,301.91
337188.84,272.97,84210.52,301.91
339177.97,272.86,84210.52,301.91
334883.75,273.10,83962.27,301.98
337850.50,272.93,83632.29,302.07
335540.63,273.06,84210.52,301.91
338181.88,272.91,84210.52,301.91
335212.03,273.08,84210.52,301.91
340177.19,272.80,83962.27,301.98
334555.81,273.12,83632.29,302.07
334555.81,273.12,83797.12,302.03
338513.53,272.90,84127.70,301.94
335212.03,273.08,83962.27,301.98
336858.53,272.99,84709.06,301.78
338845.59,272.88,84210.52,301.91
337850.50,272.93,84709.06,301.78
334883.75,273.10,84210.52,301.91
333247.47,273.19,84044.95,301.96
338513.53,272.90,84210.52,301.91
334555.81,273.12,84210.52,301.91
337188.84,272.97,83879.66,302.01
334883.75,273.10,84044.95,301.96
338513.53,272.90,84293.44,301.89
337519.50,272.95,84210.52,301.91
337188.84,272.97,84293.44,301.89
337188.84,272.97,84210.52,301.91
339510.72,272.84,84792.43,301.76
340511.00,272.78,84210.52,301.91
335212.03,273.08,84210.52,301.91
334883.75,273.10,84127.70,301.94
336528.53,273.01,83962.27,301.98
338845.59,272.88,84210.52,301.91
336858.53,272.99,83962.27,301.98
334555.81,273.12,83962.27,301.98
340177.19,272.80,83962.27,301.98
336198.91,273.02,84127.70,301.94
336528.53,273.01,84210.52,301.91
335212.03,273.08,83797.12,302.03
335869.59,273.04,83879.66,302.01
339510.72,272.84,84376.41,301.87
339843.81,272.82,83879.66,302.01
335869.59,273.04,84127.70,301.94
336858.53,272.99,84127.70,301.94
335869.59,273.04,84210.52,301.91
335212.03,273.08,83797.12,302.03
334883.75,273.10,84044.95,301.96
340177.19,272.80,84127.70,301.94
339177.97,272.86,84210.52,301.91
334883.75,273.10,82894.15,302.28
336528.53,273.01,84127.70,301.94
337188.84,272.97,84044.95,301.96
336858.53,272.99,84210.52,301.91
337188.84,272.97,84127.70,301.94
337188.84,272.97,84127.70,301.94
340177.19,272.80,84293.44,301.89
336528.53,273.01,84210.52,301.91
335869.59,273.04,84210.52,301.91
336198.91,273.02,84376.41,301.87
336858.53,272.99,83303.49,302.16
338845.59,272.88,84210.52,301.91
336528.53,273.01,84127.70,301.94
334883.75,273.10,84709.06,301.78
337188.84,272.97,84210.52,301.91
337188.84,272.97,84210.52,301.91
336858.53,272.99,84792.43,301.76
335869.59,273.04,84210.52,301.91
337850.50,272.93,84293.44,301.89
335540.63,273.06,84210.52,301.91
335212.03,273.08,84210.52,301.91
341514.41,272.73,84459.46,301.85
334883.75,273.10,84210.52,301.91
334228.22,273.14,84210.52,301.91
335212.03,273.08,84293.44,301.89
337850.50,272.93,84376.41,301.87
336528.53,273.01,84210.52,301.91
334883.75,273.10,84210.52,301.91
338513.53,272.90,84127.70,301.94
334883.75,273.10,83467.74,302.12
336528.53,273.01,84210.52,301.91
335212.03,273.08,84210.52,301.91
339177.97,272.86,84210.52,301.91
335212.03,273.08,84293.44,301.89
335869.59,273.04,84210.52,301.91
336528.53,273.01,84210.52,301.91
338513.53,272.90,83797.12,302.03
335869.59,273.04,83467.74,302.12
336198.91,273.02,84293.44,301.89
336528.53,273.01,84293.44,301.89
334228.22,273.14,84127.70,301.94
334883.75,273.10,84376.41,301.87
338513.53,272.90,84459.46,301.85
334883.75,273.10,84210.52,301.91
335540.63,273.06,84210.52,301.91
333247.47,273.19,84376.41,301.87
334555.81,273.12,83632.29,302.07
335869.59,273.04,84376.41,301.87
333247.47,273.19,84127.70,301.94
334883.75,273.10,84210.52,301.91
334883.75,273.10,84210.52,301.91
332921.22,273.21,84293.44,301.89
338513.53,272.90,84210.52,301.91
334555.81,273.12,82812.50,302.30
333900.97,273.15,83962.27,301.98
331295.00,273.30,83385.59,302.14
330970.75,273.32,83879.66,302.01
334883.75,273.10,84127.70,301.94
335869.59,273.04,84293.44,301.89
335869.59,273.04,84376.41,301.87
334883.75,273.10,84044.95,301.96
333900.97,273.15,84127.70,301.94
334883.75,273.10,84293.44,301.89
335212.03,273.08,83139.54,302.21
334883.75,273.10,84210.52,301.91
336858.53,272.99,84210.52,301.91
337850.50,272.93,83879.66,302.01
335540.63,273.06,84210.52,301.91
331944.47,273.27,84210.52,301.91
335212.03,273.08,84127.70,301.94
335869.59,273.04,84459.46,301.85
334883.75,273.10,83962.27,301.98
335869.59,273.04,84044.95,301.96
335540.63,273.06,84044.95,301.96
334883.75,273.10,84127.70,301.94
333574.03,273.17,84293.44,301.89
336528.53,273.01,84210.52,301.91
332921.22,273.21,83467.74,302.12
333900.97,273.15,84210.52,301.91
337850.50,272.93,84459.46,301.85
334228.22,273.14,84210.52,301.91
333574.03,273.17,84210.52,301.91
337188.84,272.97,84210.52,301.91
334883.75,273.10,84127.70,301.94
334555.81,273.12,84044.95,301.96
335869.59,273.04,84293.44,301.89
334555.81,273.12,84709.06,301.78
334555.81,273.12,84210.52,301.91
336858.53,272.99,84210.52,301.91
334228.22,273.14,83962.27,301.98
334883.75,273.10,83962.27,301.98
336858.53,272.99,83962.27,301.98
334883.75,273.10,84459.46,301.85
334555.81,273.12,83797.12,302.03
331944.47,273.27,83714.66,302.05
334228.22,273.14,84044.95,301.96
336858.53,272.99,84210.52,301.91
335869.59,273.04,84044.95,301.96
335540.63,273.06,84210.52,301.91
336528.53,273.01,84044.95,301.96
334883.75,273.10,84127.70,301.94
335869.59,273.04,84127.70,301.94
333900.97,273.15,84210.52,301.91
334883.75,273.10,84210.52,301.91
335540.63,273.06,84044.95,301.96
335869.59,273.04,84127.70,301.94
335540.63,273.06,83962.27,301.98
333574.03,273.17,84293.44,301.89
334555.81,273.12,84210.52,301.91
335540.63,273.06,84210.52,301.91
333900.97,273.15,84210.52,301.91
338513.53,272.90,84127.70,301.94
334883.75,273.10,84210.52,301.91
336858.53,272.99,84210.52,301.91
337188.84,272.97,83797.12,302.03
336198.91,273.02,84210.52,301.91
335212.03,273.08,84459.46,301.85
334883.75,273.10,84210.52,301.91
337188.84,272.97,84210.52,301.91
338513.53,272.90,84210.52,301.91
336528.53,273.01,84376.41,301.87
337850.50,272.93,83714.66,302.05
336528.53,273.01,84293.44,301.89
337188.84,272.97,84210.52,301.91
338181.88,272.91,84459.46,301.85
333900.97,273.15,83962.27,301.98
333574.03,273.17,83797.12,302.03
336528.53,273.01,84293.44,301.89
334883.75,273.10,84376.41,301.87
334883.75,273.10,84210.52,301.91
334555.81,273.12,84210.52,301.91
335212.03,273.08,84459.46,301.85
336858.53,272.99,85042.94,301.69
339510.72,272.84,84792.43,301.76
331295.00,273.30,84625.80,301.80
334883.75,273.10,84210.52,301.91
335212.03,273.08,84459.46,301.85
336858.53,272.99,84127.70,301.94
333900.97,273.15,84210.52,301.91
335212.03,273.08,84459.46,301.85
335540.63,273.06,84459.46,301.85
338513.53,272.90,84459.46,301.85
339843.81,272.82,84293.44,301.89
334883.75,273.10,84210.52,301.91
334228.22,273.14,83879.66,302.01
337850.50,272.93,84210.52,301.91
337188.84,272.97,84293.44,301.89
334883.75,273.10,83962.27,301.98
334555.81,273.12,84210.52,301.91
338845.59,272.88,83962.27,301.98
338845.59,272.88,84293.44,301.89
335540.63,273.06,84210.52,301.91
338181.88,272.91,84210.52,301.91
332595.31,273.23,84293.44,301.89
337850.50,272.93,84210.52,301.91
334883.75,273.10,84210.52,301.91
336858.53,272.99,84210.52,301.91
336198.91,273.02,84293.44,301.89
335212.03,273.08,84210.52,301.91
337188.84,272.97,83962.27,301.98
338181.88,272.91,84044.95,301.96
334883.75,273.10,84293.44,301.89
334228.22,273.14,84044.95,301.96
332921.22,273.21,83714.66,302.05
338513.53,272.90,84044.95,301.96
336528.53,273.01,84210.52,301.91
337188.84,272.97,84709.06,301.78
336858.53,272.99,84210.52,301.91
334883.75,273.10,84210.52,301.91
331295.00,273.30,84210.52,301.91
334883.75,273.10,84376.41,301.87
339177.97,272.86,84459.46,301.85
335869.59,273.04,84210.52,301.91
334883.75,273.10,84210.52,301.91
334883.75,273.10,84210.52,301.91
339177.97,272.86,84210.52,301.91
336528.53,273.01,84293.44,301.89
334883.75,273.10,84210.52,301.91
336528.53,273.01,84959.35,301.71
339177.97,272.86,84792.43,301.76
337850.50,272.93,84210.52,301.91
335212.03,273.08,84210.52,301.91
335869.59,273.04,84210.52,301.91
338513.53,272.90,84210.52,301.91
334555.81,273.12,83303.49,302.16
336528.53,273.01,82894.15,302.28
339510.72,272.84,84625.80,301.80
337188.84,272.97,84210.52,301.91
334883.75,273.10,84210.52,301.91
335212.03,273.08,84210.52,301.91
336198.91,273.02,84875.85,301.73
335540.63,273.06,84459.46,301.85
332921.22,273.21,84210.52,301.91
339510.72,272.84,84459.46,301.85
335212.03,273.08,84127.70,301.94
335869.59,273.04,84127.70,301.94
339177.97,272.86,84792.43,301.76
334883.75,273.10,84210.52,301.91
333574.03,273.17,84044.95,301.96
334883.75,273.10,84959.35,301.71
334555.81,273.12,84376.41,301.87
336858.53,272.99,84376.41,301.87
335212.03,273.08,84542.59,301.82
336858.53,272.99,84293.44,301.89
340177.19,272.80,84459.46,301.85
340177.19,272.80,84210.52,301.91
337188.84,272.97,84459.46,301.85
333900.97,273.15,84210.52,301.91
334883.75,273.10,84293.44,301.89
334883.75,273.10,84293.44,301.89
338181.88,272.91,84376.41,301.87
333900.97,273.15,84044.95,301.96
334883.75,273.10,83797.12,302.03
337188.84,272.97,84542.59,301.82
337188.84,272.97,84210.52,301.91
336858.53,272.99,84210.52,301.91
335212.03,273.08,84459.46,301.85
335540.63,273.06,84625.80,301.80
339177.97,272.86,83879.66,302.01
334883.75,273.10,84459.46,301.85
334228.22,273.14,84210.52,301.91
336858.53,272.99,84459.46,301.85
339177.97,272.86,84542.59,301.82
333900.97,273.15,84376.41,301.87
334883.75,273.10,84210.52,301.91
335869.59,273.04,84210.52,301.91
333900.97,273.15,84625.80,301.80
340177.19,272.80,84959.35,301.71
335869.59,273.04,84709.06,301.78
334883.75,273.10,84210.52,301.91
337188.84,272.97,84293.44,301.89
335212.03,273.08,84459.46,301.85
334883.75,273.10,84459.46,301.85
335212.03,273.08,84376.41,301.87
336528.53,273.01,84210.52,301.91
334883.75,273.10,84376.41,301.87
338181.88,272.91,84293.44,301.89
335540.63,273.06,82975.87,302.26
337850.50,272.93,84625.80,301.80
337519.50,272.95,84542.59,301.82
335212.03,273.08,84044.95,301.96
334883.75,273.10,84210.52,301.91
335212.03,273.08,84210.52,301.91
337188.84,272.97,84044.95,301.96
338513.53,272.90,84376.41,301.87
337850.50,272.93,84376.41,301.87
335212.03,273.08,84210.52,301.91
334883.75,273.10,84376.41,301.87
335212.03,273.08,84959.35,301.71
336858.53,272.99,85377.99,301.60
339843.81,272.82,84459.46,301.85
338513.53,272.90,84210.52,301.91
336198.91,273.02,84459.46,301.85
335540.63,273.06,84376.41,301.87
336528.53,273.01,84210.52,301.91
338513.53,272.90,84210.52,301.91
340177.19,272.80,84625.80,301.80
334883.75,273.10,84959.35,301.71
334883.75,273.10,84792.43,301.76
334555.81,273.12,84459.46,301.85
335869.59,273.04,84210.52,301.91
336198.91,273.02,84210.52,301.91
338513.53,272.90,84210.52,301.91
336198.91,273.02,84210.52,301.91
335212.03,273.08,84459.46,301.85
338181.88,272.91,84625.80,301.80
336858.53,272.99,84459.46,301.85
334883.75,273.10,84459.46,301.85
335869.59,273.04,84875.85,301.73
331619.59,273.28,84044.95,301.96
334555.81,273.12,84210.52,301.91
334228.22,273.14,84210.52,301.91
336198.91,273.02,84792.43,301.76
335869.59,273.04,84542.59,301.82
331944.47,273.27,84459.46,301.85
335540.63,273.06,84792.43,301.76
337850.50,272.93,84625.80,301.80
336198.91,273.02,84959.35,301.71
335540.63,273.06,84293.44,301.89
335212.03,273.08,84792.43,301.76
334883.75,273.10,83714.66,302.05
337188.84,272.97,84210.52,301.91
335540.63,273.06,84210.52,301.91
334883.75,273.10,84959.35,301.71
334228.22,273.14,84210.52,301.91
335540.63,273.06,85126.58,301.66
337188.84,272.97,84210.52,301.91
334883.75,273.10,84625.80,301.80
338845.59,272.88,84792.43,301.76
333900.97,273.15,84293.44,301.89
331944.47,273.27,83797.12,302.03
334883.75,273.10,83139.54,302.21
334555.81,273.12,84709.06,301.78
336528.53,273.01,84459.46,301.85
337519.50,272.95,84542.59,301.82
334883.75,273.10,84210.52,301.91
335540.63,273.06,84293.44,301.89
330646.88,273.34,84210.52,301.91
337188.84,272.97,84792.43,301.76
340177.19,272.80,85377.99,301.60
334883.75,273.10,84459.46,301.85
334555.81,273.12,83797.12,302.03
334555.81,273.12,84376.41,301.87
336528.53,273.01,84625.80,301.80
332595.31,273.23,84210.52,301.91
339177.97,272.86,85210.32,301.64
333247.47,273.19,84625.80,301.80
333247.47,273.19,84709.06,301.78
334228.22,273.14,84792.43,301.76
333574.03,273.17,84210.52,301.91
333247.47,273.19,84376.41,301.87
334883.75,273.10,84625.80,301.80
335869.59,273.04,85042.94,301.69
329354.53,273.41,84459.46,301.85
336528.53,273.01,84459.46,301.85
334883.75,273.10,84210.52,301.91
334883.75,273.10,84709.06,301.78
335212.03,273.08,84709.06,301.78
334883.75,273.10,84792.43,301.76
334883.75,273.10,84459.46,301.85
334883.75,273.10,84459.46,301.85
334883.75,273.10,84376.41,301.87
336528.53,273.01,85126.58,301.66
336858.53,272.99,85210.32,301.64
336528.53,273.01,84293.44,301.89
336858.53,272.99,84709.06,301.78
333900.97,273.15,84210.52,301.91
332921.22,273.21,84376.41,301.87
334883.75,273.10,84459.46,301.85
334555.81,273.12,84293.44,301.89
333900.97,273.15,84625.80,301.80
334555.81,273.12,84459.46,301.85
334883.75,273.10,84625.80,301.80
332921.22,273.21,84210.52,301.91
334228.22,273.14,84709.06,301.78
336858.53,272.99,84625.80,301.80
334883.75,273.10,84792.43,301.76
335212.03,273.08,84875.85,301.73
332921.22,273.21,84293.44,301.89
334883.75,273.10,84542.59,301.82
334883.75,273.10,84210.52,301.91
335869.59,273.04,84792.43,301.76
334228.22,273.14,84376.41,301.87
333900.97,273.15,82730.92,302.32
333247.47,273.19,84210.52,301.91
336528.53,273.01,84210.52,301.91
334883.75,273.10,84293.44,301.89
332921.22,273.21,84210.52,301.91
337188.84,272.97,84625.80,301.80
335212.03,273.08,84709.06,301.78
333900.97,273.15,84459.46,301.85
330646.88,273.34,84376.41,301.87
334883.75,273.10,84792.43,301.76
336858.53,272.99,85042.94,301.69
335212.03,273.08,84210.52,301.91
334228.22,273.14,84709.06,301.78
333900.97,273.15,84210.52,301.91
333900.97,273.15,84210.52,301.91
334555.81,273.12,84625.80,301.80
334883.75,273.10,84792.43,301.76
331944.47,273.27,84459.46,301.85
334555.81,273.12,84210.52,301.91
333900.97,273.15,84210.52,301.91
334883.75,273.10,84293.44,301.89
334555.81,273.12,82486.63,302.39
335212.03,273.08,84376.41,301.87
333247.47,273.19,84210.52,301.91
333247.47,273.19,84459.46,301.85
335212.03,273.08,84293.44,301.89
332595.31,273.23,84127.70,301.94
332595.31,273.23,84044.95,301.96
336198.91,273.02,84459.46,301.85
334883.75,273.10,84709.06,301.78
336858.53,272.99,84625.80,301.80
331944.47,273.27,84210.52,301.91
334883.75,273.10,84293.44,301.89
332595.31,273.23,84709.06,301.78
330000.03,273.38,84210.52,301.91
334883.75,273.10,84709.06,301.78
336858.53,272.99,84459.46,301.85
334883.75,273.10,84709.06,301.78
334883.75,273.10,84210.52,301.91
333247.47,273.19,84293.44,301.89
331944.47,273.27,84210.52,301.91
334228.22,273.14,84376.41,301.87
331619.59,273.28,84210.52,301.91
336528.53,273.01,83385.59,302.14
335212.03,273.08,84792.43,301.76
338181.88,272.91,85630.11,301.53
334228.22,273.14,84459.46,301.85
335212.03,273.08,84210.52,301.91
333247.47,273.19,84210.52,301.91
334883.75,273.10,84709.06,301.78
334883.75,273.10,84376.41,301.87
334883.75,273.10,84459.46,301.85
334228.22,273.14,84625.80,301.80
334555.81,273.12,84792.43,301.76
333900.97,273.15,84625.80,301.80
335540.63,273.06,84459.46,301.85
333900.97,273.15,84542.59,301.82
334883.75,273.10,84210.52,301.91
334883.75,273.10,84293.44,301.89
336198.91,273.02,84293.44,301.89
334883.75,273.10,84293.44,301.89
335869.59,273.04,84044.95,301.96
334883.75,273.10,84210.52,301.91
336528.53,273.01,84959.35,301.71
332595.31,273.23,84210.52,301.91
335540.63,273.06,84459.46,301.85
335540.63,273.06,84293.44,301.89
335540.63,273.06,84625.80,301.80
335212.03,273.08,84625.80,301.80
334883.75,273.10,84542.59,301.82
334883.75,273.10,84459.46,301.85
336858.53,272.99,84210.52,301.91
332595.31,273.23,84459.46,301.85
332595.31,273.23,84709.06,301.78
338181.88,272.91,84459.46,301.85
333247.47,273.19,84293.44,301.89
330646.88,273.34,84293.44,301.89
335212.03,273.08,84959.35,301.71
338181.88,272.91,84459.46,301.85
336528.53,273.01,84709.06,301.78
330000.03,273.38,84376.41,301.87
335540.63,273.06,84709.06,301.78
335540.63,273.06,85042.94,301.69
334883.75,273.10,84293.44,301.89
334883.75,273.10,84625.80,301.80
331295.00,273.30,84376.41,301.87
334228.22,273.14,84542.59,301.82
334883.75,273.10,84625.80,301.80
334555.81,273.12,84210.52,301.91
332921.22,273.21,84210.52,301.91
335869.59,273.04,84376.41,301.87
335869.59,273.04,85042.94,301.69
330970.75,273.32,84459.46,301.85
336528.53,273.01,84542.59,301.82
330646.88,273.34,84542.59,301.82
333247.47,273.19,82405.34,302.42
338845.59,272.88,84959.35,301.71
335869.59,273.04,84792.43,301.76
334555.81,273.12,84293.44,301.89
333900.97,273.15,84293.44,301.89
335869.59,273.04,84709.06,301.78
333900.97,273.15,84459.46,301.85
333247.47,273.19,84210.52,301.91
334883.75,273.10,84792.43,301.76
332921.22,273.21,84959.35,301.71
330646.88,273.34,84459.46,301.85
332921.22,273.21,84625.80,301.80
331295.00,273.30,84459.46,301.85
335212.03,273.08,84376.41,301.87
334883.75,273.10,84459.46,301.85
334883.75,273.10,84293.44,301.89
334555.81,273.12,84542.59,301.82
331295.00,273.30,84459.46,301.85
335869.59,273.04,84792.43,301.76
333247.47,273.19,84625.80,301.80
335212.03,273.08,84459.46,301.85
336198.91,273.02,84792.43,301.76
332921.22,273.21,84293.44,301.89
335212.03,273.08,84376.41,301.87
336858.53,272.99,84625.80,301.80
334883.75,273.10,84709.06,301.78
333247.47,273.19,84210.52,301.91
328067.53,273.49,84210.52,301.91
329354.53,273.41,84127.70,301.94
330646.88,273.34,84210.52,301.91
329354.53,273.41,83962.27,301.98
330000.03,273.38,84376.41,301.87
334555.81,273.12,84210.52,301.91
334883.75,273.10,84210.52,301.91
330646.88,273.34,84210.52,301.91
334883.75,273.10,84293.44,301.89
332595.31,273.23,84792.43,301.76
332595.31,273.23,84210.52,301.91
333900.97,273.15,84459.46,301.85
334883.75,273.10,84542.59,301.82
334883.75,273.10,84376.41,301.87
334555.81,273.12,84625.80,301.80
333900.97,273.15,84792.43,301.76
335212.03,273.08,84376.41,301.87
333900.97,273.15,84792.43,301.76
333900.97,273.15,84459.46,301.85
335212.03,273.08,84459.46,301.85
334883.75,273.10,84376.41,301.87
335212.03,273.08,84293.44,301.89
335869.59,273.04,84376.41,301.87
334228.22,273.14,84625.80,301.80
334883.75,273.10,85126.58,301.66
333247.47,273.19,84625.80,301.80
334555.81,273.12,84459.46,301.85
335540.63,273.06,84459.46,301.85
333574.03,273.17,84210.52,301.91
331295.00,273.30,84210.52,301.91
334228.22,273.14,84210.52,301.91
337850.50,272.93,84625.80,301.80
335540.63,273.06,84625.80,301.80
334228.22,273.14,84542.59,301.82
334883.75,273.10,84293.44,301.89
332921.22,273.21,84210.52,301.91
334883.75,273.10,84959.35,301.71
333574.03,273.17,84127.70,301.94
331619.59,273.28,84376.41,301.87
335869.59,273.04,84625.80,301.80
334228.22,273.14,84210.52,301.91
334228.22,273.14,84459.46,301.85
334883.75,273.10,84210.52,301.91
331619.59,273.28,84210.52,301.91
330646.88,273.34,84709.06,301.78
333247.47,273.19,84625.80,301.80
335540.63,273.06,84792.43,301.76
334883.75,273.10,84376.41,301.87
333247.47,273.19,84210.52,301.91
330970.75,273.32,84293.44,301.89
330646.88,273.34,84127.70,301.94
334883.75,273.10,84293.44,301.89
330000.03,273.38,84959.35,301.71
333900.97,273.15,84459.46,301.85
334883.75,273.10,84459.46,301.85
333247.47,273.19,84376.41,301.87
333574.03,273.17,85126.58,301.66
333900.97,273.15,84293.44,301.89
333247.47,273.19,84459.46,301.85
331295.00,273.30,84293.44,301.89
334555.81,273.12,84210.52,301.91
334883.75,273.10,84625.80,301.80
335212.03,273.08,84459.46,301.85
330000.03,273.38,84542.59,301.82
335212.03,273.08,84625.80,301.80
333900.97,273.15,84459.46,301.85
331944.47,273.27,84792.43,301.76
331619.59,273.28,84459.46,301.85
330646.88,273.34,84127.70,301.94
332595.31,273.23,84792.43,301.76
334555.81,273.12,84459.46,301.85
334883.75,273.10,84459.46,301.85
334883.75,273.10,84709.06,301.78
332921.22,273.21,84293.44,301.89
333247.47,273.19,84459.46,301.85
331944.47,273.27,84293.44,301.89
333247.47,273.19,84542.59,301.82
330646.88,273.34,84210.52,301.91
334883.75,273.10,84792.43,301.76
338513.53,272.90,84625.80,301.80
331944.47,273.27,84625.80,301.80
334883.75,273.10,84376.41,301.87
331295.00,273.30,84459.46,301.85
333900.97,273.15,84625.80,301.80
334555.81,273.12,84709.06,301.78
333574.03,273.17,84542.59,301.82
335212.03,273.08,83962.27,301.98
333247.47,273.19,84625.80,301.80
332921.22,273.21,84709.06,301.78
330970.75,273.32,84127.70,301.94
334883.75,273.10,84376.41,301.87
334883.75,273.10,84709.06,301.78
331295.00,273.30,84210.52,301.91
333900.97,273.15,84376.41,301.87
331944.47,273.27,84459.46,301.85
331295.00,273.30,84293.44,301.89
335212.03,273.08,84542.59,301.82
334883.75,273.10,84792.43,301.76
330000.03,273.38,84459.46,301.85
332921.22,273.21,84625.80,301.80
334555.81,273.12,84210.52,301.91
331295.00,273.30,84376.41,301.87
331619.59,273.28,84459.46,301.85
335212.03,273.08,84542.59,301.82
334883.75,273.10,84959.35,301.71
334555.81,273.12,85294.12,301.62
334228.22,273.14,85294.12,301.62
335212.03,273.08,84459.46,301.85
333247.47,273.19,84625.80,301.80
333574.03,273.17,84459.46,301.85
333900.97,273.15,84376.41,301.87
334228.22,273.14,84625.80,301.80
335869.59,273.04,84625.80,301.80
334555.81,273.12,84625.80,301.80
334883.75,273.10,85461.96,301.57
330970.75,273.32,84376.41,301.87
331295.00,273.30,84542.59,301.82
334555.81,273.12,85126.58,301.66
332595.31,273.23,85042.94,301.69
334883.75,273.10,85126.58,301.66
334883.75,273.10,84542.59,301.82
334883.75,273.10,84459.46,301.85
334883.75,273.10,84625.80,301.80
334228.22,273.14,84376.41,301.87
335212.03,273.08,84293.44,301.89
333574.03,273.17,84625.80,301.80
331295.00,273.30,84459.46,301.85
334555.81,273.12,84542.59,301.82
334883.75,273.10,84459.46,301.85
334555.81,273.12,84542.59,301.82
334883.75,273.10,84542.59,301.82
332595.31,273.23,84210.52,301.91
331944.47,273.27,84210.52,301.91
332921.22,273.21,84376.41,301.87
334228.22,273.14,84625.80,301.80
333574.03,273.17,84625.80,301.80
330646.88,273.34,84459.46,301.85
330646.88,273.34,84459.46,301.85
333247.47,273.19,84792.43,301.76
333574.03,273.17,84459.46,301.85
330000.03,273.38,84210.52,301.91
331619.59,273.28,84210.52,301.91
328067.53,273.49,84542.59,301.82
333900.97,273.15,84293.44,301.89
332595.31,273.23,84792.43,301.76
329354.53,273.41,84293.44,301.89
334228.22,273.14,84792.43,301.76
330000.03,273.38,84959.35,301.71
333574.03,273.17,84210.52,301.91
330646.88,273.34,84542.59,301.82
334228.22,273.14,84293.44,301.89
331944.47,273.27,84792.43,301.76
331944.47,273.27,84376.41,301.87
331295.00,273.30,85042.94,301.69
333900.97,273.15,84459.46,301.85
331944.47,273.27,84459.46,301.85
331295.00,273.30,84542.59,301.82
330323.28,273.36,84542.59,301.82
330646.88,273.34,84792.43,301.76
331619.59,273.28,85042.94,301.69
333900.97,273.15,84542.59,301.82
332921.22,273.21,84959.35,301.71
333900.97,273.15,84625.80,301.80
330646.88,273.34,85042.94,301.69
329032.28,273.43,84959.35,301.71
331619.59,273.28,84210.52,301.91
330646.88,273.34,84210.52,301.91
330000.03,273.38,84376.41,301.87
334555.81,273.12,86136.36,301.39
335540.63,273.06,84792.43,301.76
333900.97,273.15,84376.41,301.87
327746.59,273.51,84210.52,301.91
331295.00,273.30,84625.80,301.80
334555.81,273.12,84293.44,301.89
331295.00,273.30,84293.44,301.89
330000.03,273.38,84044.95,301.96
330970.75,273.32,84210.52,301.91
333247.47,273.19,84625.80,301.80
331944.47,273.27,84210.52,301.91
329677.13,273.39,84210.52,301.91
326785.75,273.56,84127.70,301.94
330970.75,273.32,84459.46,301.85
334555.81,273.12,85042.94,301.69
333247.47,273.19,84459.46,301.85
331944.47,273.27,84459.46,301.85
334228.22,273.14,84210.52,301.91
331295.00,273.30,84625.80,301.80
331944.47,273.27,84376.41,301.87
331619.59,273.28,84709.06,301.78
334883.75,273.10,84542.59,301.82
332921.22,273.21,84376.41,301.87
331944.47,273.27,84210.52,301.91
334228.22,273.14,84210.52,301.91
331619.59,273.28,84625.80,301.80
334883.75,273.10,84625.80,301.80
334555.81,273.12,84792.43,301.76
333247.47,273.19,84792.43,301.76
333900.97,273.15,84376.41,301.87
335212.03,273.08,85126.58,301.66
334883.75,273.10,85461.96,301.57
336198.91,273.02,84625.80,301.80
332921.22,273.21,84459.46,301.85
330323.28,273.36,84293.44,301.89
334555.81,273.12,84709.06,301.78
334883.75,273.10,84792.43,301.76
328710.38,273.45,84459.46,301.85
333900.97,273.15,84542.59,301.82
334883.75,273.10,85042.94,301.69
334555.81,273.12,84625.80,301.80
332921.22,273.21,85042.94,301.69
330000.03,273.38,84376.41,301.87
330323.28,273.36,84210.52,301.91
332921.22,273.21,85042.94,301.69
334555.81,273.12,85126.58,301.66
330646.88,273.34,84542.59,301.82
332595.31,273.23,84376.41,301.87
333247.47,273.19,84459.46,301.85
335540.63,273.06,85042.94,301.69
334555.81,273.12,84459.46,301.85
332595.31,273.23,84542.59,301.82
333900.97,273.15,84792.43,301.76
335869.59,273.04,85042.94,301.69
333574.03,273.17,84376.41,301.87
329677.13,273.39,84293.44,301.89
330323.28,273.36,84625.80,301.80
330000.03,273.38,84210.52,301.91
330646.88,273.34,84459.46,301.85
329677.13,273.39,84459.46,301.85
329354.53,273.41,84293.44,301.89
328710.38,273.45,84459.46,301.85
328388.78,273.47,84210.52,301.91
330646.88,273.34,84127.70,301.94
338845.59,272.88,84376.41,301.87
334883.75,273.10,85126.58,301.66
330323.28,273.36,84293.44,301.89
330646.88,273.34,84376.41,301.87
334883.75,273.10,84210.52,301.91
334555.81,273.12,84459.46,301.85
333900.97,273.15,84792.43,301.76
334555.81,273.12,84792.43,301.76
333574.03,273.17,85126.58,301.66
334883.75,273.10,84792.43,301.76
328388.78,273.47,85042.94,301.69
330000.03,273.38,85042.94,301.69
331619.59,273.28,84709.06,301.78
335869.59,273.04,84959.35,301.71
333900.97,273.15,85461.96,301.57
333247.47,273.19,84459.46,301.85
330000.03,273.38,84959.35,301.71
332921.22,273.21,84210.52,301.91
334555.81,273.12,84459.46,301.85
335212.03,273.08,85042.94,301.69
332921.22,273.21,82894.15,302.28
329677.13,273.39,84459.46,301.85
330323.28,273.36,84792.43,301.76
335540.63,273.06,85126.58,301.66
334883.75,273.10,84625.80,301.80
331295.00,273.30,85042.94,301.69
333900.97,273.15,84709.06,301.78
330323.28,273.36,84792.43,301.76
333900.97,273.15,84625.80,301.80
334883.75,273.10,84293.44,301.89
334228.22,273.14,84459.46,301.85
332595.31,273.23,84792.43,301.76
331619.59,273.28,84959.35,301.71
332595.31,273.23,85042.94,301.69
333900.97,273.15,84376.41,301.87
332595.31,273.23,85042.94,301.69
330970.75,273.32,84542.59,301.82
333900.97,273.15,84625.80,301.80
332921.22,273.21,84625.80,301.80
332595.31,273.23,84959.35,301.71
334883.75,273.10,85210.32,301.64
335540.63,273.06,86136.36,301.39
338181.88,272.91,84210.52,301.91
332921.22,273.21,84625.80,301.80
332595.31,273.23,84459.46,301.85
327105.72,273.54,84709.06,301.78
335212.03,273.08,84792.43,301.76
332921.22,273.21,85126.58,301.66
331619.59,273.28,84709.06,301.78
330000.03,273.38,84792.43,301.76
331944.47,273.27,85042.94,301.69
330323.28,273.36,84625.80,301.80
331295.00,273.30,85042.94,301.69
336198.91,273.02,85126.58,301.66
334883.75,273.10,84792.43,301.76
331944.47,273.27,84210.52,301.91
334228.22,273.14,84625.80,301.80
332269.72,273.25,84210.52,301.91
334228.22,273.14,84625.80,301.80
331619.59,273.28,84792.43,301.76
334883.75,273.10,84959.35,301.71
334883.75,273.10,84792.43,301.76
334228.22,273.14,85294.12,301.62
330323.28,273.36,85126.58,301.66
330970.75,273.32,85042.94,301.69
335869.59,273.04,85042.94,301.69
334883.75,273.10,85042.94,301.69
332921.22,273.21,84293.44,301.89
333574.03,273.17,84709.06,301.78
334228.22,273.14,84709.06,301.78
331295.00,273.30,84293.44,301.89
331944.47,273.27,84376.41,301.87
331619.59,273.28,85126.58,301.66
329677.13,273.39,84709.06,301.78
331944.47,273.27,84625.80,301.80
334555.81,273.12,84293.44,301.89
332921.22,273.21,84709.06,301.78
330323.28,273.36,84792.43,301.76
333247.47,273.19,84792.43,301.76
330323.28,273.36,84625.80,301.80
333574.03,273.17,84959.35,301.71
332595.31,273.23,84959.35,301.71
331944.47,273.27,84459.46,301.85
331619.59,273.28,84542.59,301.82
330000.03,273.38,83714.66,302.05
336528.53,273.01,84376.41,301.87
336198.91,273.02,85461.96,301.57
332595.31,273.23,85377.99,301.60
331619.59,273.28,84709.06,301.78
329677.13,273.39,84792.43,301.76
333900.97,273.15,85042.94,301.69
334883.75,273.10,84709.06,301.78
334883.75,273.10,84709.06,301.78
329677.13,273.39,84459.46,301.85
332921.22,273.21,84709.06,301.78
334883.75,273.10,85377.99,301.60
334228.22,273.14,85377.99,301.60
331619.59,273.28,84959.35,301.71
332595.31,273.23,85126.58,301.66
331619.59,273.28,84792.43,301.76
331619.59,273.28,84625.80,301.80
332921.22,273.21,84709.06,301.78
332921.22,273.21,84376.41,301.87
331944.47,273.27,84459.46,301.85
333247.47,273.19,84709.06,301.78
333900.97,273.15,85126.58,301.66
330970.75,273.32,84376.41,301.87
329677.13,273.39,84293.44,301.89
335212.03,273.08,84792.43,301.76
331619.59,273.28,84709.06,301.78
334883.75,273.10,85377.99,301.60
335212.03,273.08,84792.43,301.76
332921.22,273.21,85546.00,301.55
332921.22,273.21,84709.06,301.78
333574.03,273.17,85042.94,301.69
330323.28,273.36,85630.11,301.53
328710.38,273.45,85377.99,301.60
331295.00,273.30,84625.80,301.80
333900.97,273.15,84625.80,301.80
335212.03,273.08,84376.41,301.87
332921.22,273.21,84709.06,301.78
334883.75,273.10,85377.99,301.60
334555.81,273.12,85377.99,301.60
332921.22,273.21,84959.35,301.71
333900.97,273.15,84459.46,301.85
333247.47,273.19,84459.46,301.85
334883.75,273.10,84959.35,301.71
334883.75,273.10,85546.00,301.55
334883.75,273.10,85126.58,301.66
331944.47,273.27,85546.00,301.55
330323.28,273.36,84959.35,301.71
334883.75,273.10,84459.46,301.85
334883.75,273.10,85126.58,301.66
333574.03,273.17,85126.58,301.66
335212.03,273.08,84959.35,301.71
334883.75,273.10,85630.11,301.53
333900.97,273.15,84293.44,301.89
325190.88,273.65,84293.44,301.89
333247.47,273.19,84792.43,301.76
333247.47,273.19,84709.06,301.78
332921.22,273.21,85294.12,301.62
334228.22,273.14,84459.46,301.85
331295.00,273.30,85126.58,301.66
331944.47,273.27,84709.06,301.78
334228.22,273.14,85294.12,301.62
332921.22,273.21,84625.80,301.80
334555.81,273.12,85042.94,301.69
326785.75,273.56,84210.52,301.91
331619.59,273.28,84709.06,301.78
334883.75,273.10,85294.12,301.62
333247.47,273.19,85210.32,301.64
332921.22,273.21,84293.44,301.89
330323.28,273.36,84792.43,301.76
332921.22,273.21,85126.58,301.66
333247.47,273.19,85126.58,301.66
334883.75,273.10,85126.58,301.66
333247.47,273.19,84792.43,301.76
332595.31,273.23,82730.92,302.32
334228.22,273.14,84709.06,301.78
334883.75,273.10,85126.58,301.66
335540.63,273.06,84959.35,301.71
328710.38,273.45,84625.80,301.80
329677.13,273.39,84792.43,301.76
337188.84,272.97,85294.12,301.62
336858.53,272.99,84625.80,301.80
331944.47,273.27,84625.80,301.80
331944.47,273.27,84709.06,301.78
336858.53,272.99,85042.94,301.69
331619.59,273.28,84625.80,301.80
334883.75,273.10,85210.32,301.64
334883.75,273.10,85294.12,301.62
334883.75,273.10,84709.06,301.78
331619.59,273.28,84459.46,301.85
334883.75,273.10,84709.06,301.78
333900.97,273.15,84792.43,301.76
333247.47,273.19,84709.06,301.78
329032.28,273.43,84792.43,301.76
334883.75,273.10,85461.96,301.57
334883.75,273.10,86136.36,301.39
331619.59,273.28,85042.94,301.69
334228.22,273.14,85126.58,301.66
334228.22,273.14,84210.52,301.91
331619.59,273.28,84376.41,301.87
333247.47,273.19,84459.46,301.85
331944.47,273.27,84376.41,301.87
334555.81,273.12,84625.80,301.80
334228.22,273.14,84792.43,301.76
331619.59,273.28,84792.43,301.76
331295.00,273.30,84792.43,301.76
333574.03,273.17,84459.46,301.85
330970.75,273.32,84542.59,301.82
332595.31,273.23,84293.44,301.89
334883.75,273.10,84709.06,301.78
334883.75,273.10,84625.80,301.80
330000.03,273.38,84625.80,301.80
331944.47,273.27,84542.59,301.82
336858.53,272.99,85042.94,301.69
334883.75,273.10,85042.94,301.69
331295.00,273.30,85126.58,301.66
335212.03,273.08,86390.54,301.33
335540.63,273.06,85461.96,301.57
332595.31,273.23,84792.43,301.76
331295.00,273.30,84959.35,301.71
334228.22,273.14,84792.43,301.76
334228.22,273.14,85377.99,301.60
332921.22,273.21,84792.43,301.76
331619.59,273.28,84792.43,301.76
331619.59,273.28,85210.32,301.64
332595.31,273.23,85210.32,301.64
333247.47,273.19,84792.43,301.76
333574.03,273.17,85630.11,301.53
331619.59,273.28,84459.46,301.85
331619.59,273.28,85126.58,301.66
333247.47,273.19,85377.99,301.60
334555.81,273.12,85042.94,301.69
334883.75,273.10,85294.12,301.62
331619.59,273.28,85714.28,301.51
332921.22,273.21,85042.94,301.69
331295.00,273.30,84459.46,301.85
330000.03,273.38,84792.43,301.76
334883.75,273.10,83714.66,302.05
333247.47,273.19,85210.32,301.64
330970.75,273.32,84625.80,301.80
329032.28,273.43,84709.06,301.78
332595.31,273.23,85126.58,301.66
331295.00,273.30,85377.99,301.60
329032.28,273.43,84293.44,301.89
331944.47,273.27,84625.80,301.80
334555.81,273.12,85042.94,301.69
330323.28,273.36,85210.32,301.64
330323.28,273.36,85461.96,301.57
333247.47,273.19,84459.46,301.85
334228.22,273.14,84792.43,301.76
330646.88,273.34,85210.32,301.64
331619.59,273.28,84959.35,301.71
329354.53,273.41,84625.80,301.80
329032.28,273.43,84542.59,301.82
331944.47,273.27,85210.32,301.64
330000.03,273.38,85210.32,301.64
328067.53,273.49,84709.06,301.78
331295.00,273.30,85461.96,301.57
334883.75,273.10,85126.58,301.66
332921.22,273.21,85126.58,301.66
329354.53,273.41,84709.06,301.78
325190.88,273.65,85126.58,301.66
328388.78,273.47,84959.35,301.71
334883.75,273.10,84792.43,301.76
334555.81,273.12,84709.06,301.78
330646.88,273.34,85042.94,301.69
331619.59,273.28,85210.32,301.64
330323.28,273.36,85210.32,301.64
332921.22,273.21,85294.12,301.62
328710.38,273.45,84792.43,301.76
330646.88,273.34,84625.80,301.80
331619.59,273.28,84959.35,301.71
331944.47,273.27,84792.43,301.76
335869.59,273.04,84542.59,301.82
331619.59,273.28,85042.94,301.69
331619.59,273.28,85042.94,301.69
331295.00,273.30,84792.43,301.76
332921.22,273.21,84625.80,301.80
327425.97,273.52,84709.06,301.78
330646.88,273.34,85714.28,301.51
331944.47,273.27,85546.00,301.55
330646.88,273.34,85042.94,301.69
330323.28,273.36,85377.99,301.60
330646.88,273.34,84959.35,301.71
329354.53,273.41,84542.59,301.82
330000.03,273.38,84959.35,301.71
327425.97,273.52,84959.35,301.71
334228.22,273.14,85042.94,301.69
332595.31,273.23,84459.46,301.85
328710.38,273.45,84376.41,301.87
330000.03,273.38,84792.43,301.76
329354.53,273.41,85630.11,301.53
331944.47,273.27,85126.58,301.66
329354.53,273.41,84625.80,301.80
332921.22,273.21,85546.00,301.55
330646.88,273.34,84709.06,301.78
328710.38,273.45,84709.06,301.78
331295.00,273.30,84709.06,301.78
331944.47,273.27,84959.35,301.71
330970.75,273.32,85630.11,301.53
329032.28,273.43,85042.94,301.69
330970.75,273.32,85126.58,301.66
331619.59,273.28,85042.94,301.69
330323.28,273.36,84625.80,301.80
331295.00,273.30,84625.80,301.80
333247.47,273.19,85294.12,301.62
329677.13,273.39,85461.96,301.57
331944.47,273.27,84792.43,301.76
333574.03,273.17,84792.43,301.76
330970.75,273.32,85210.32,301.64
332595.31,273.23,85126.58,301.66
331619.59,273.28,84792.43,301.76
333900.97,273.15,84792.43,301.76
332269.72,273.25,85126.58,301.66
329032.28,273.43,84792.43,301.76
327105.72,273.54,84959.35,301.71
332595.31,273.23,85042.94,301.69
332595.31,273.23,84625.80,301.80
330323.28,273.36,84792.43,301.76
331295.00,273.30,85042.94,301.69
333900.97,273.15,85042.94,301.69
331944.47,273.27,84625.80,301.80
330000.03,273.38,85210.32,301.64
328067.53,273.49,84959.35,301.71
328710.38,273.45,84709.06,301.78
331295.00,273.30,85042.94,301.69
333574.03,273.17,85210.32,301.64
328710.38,273.45,84625.80,301.80
331944.47,273.27,85126.58,301.66
333900.97,273.15,85294.12,301.62
329032.28,273.43,84792.43,301.76
333900.97,273.15,84210.52,301.91
330000.03,273.38,84210.52,301.91
331619.59,273.28,85210.32,301.64
331295.00,273.30,85210.32,301.64
330000.03,273.38,84542.59,301.82
331295.00,273.30,84709.06,301.78
330000.03,273.38,85294.12,301.62
329354.53,273.41,85294.12,301.62
333900.97,273.15,84792.43,301.76
329677.13,273.39,84709.06,301.78
332921.22,273.21,85042.94,301.69
333247.47,273.19,85126.58,301.66
327746.59,273.51,85546.00,301.55
331944.47,273.27,85377.99,301.60
330970.75,273.32,84792.43,301.76
330323.28,273.36,85042.94,301.69
330646.88,273.34,85377.99,301.60
331944.47,273.27,85461.96,301.57
334228.22,273.14,85461.96,301.57
331944.47,273.27,85294.12,301.62
332595.31,273.23,85126.58,301.66
329354.53,273.41,85042.94,301.69
331944.47,273.27,84959.35,301.71
331944.47,273.27,84625.80,301.80
329677.13,273.39,85126.58,301.66
329677.13,273.39,84792.43,301.76
330000.03,273.38,84709.06,301.78
331944.47,273.27,84625.80,301.80
333900.97,273.15,85126.58,301.66
331295.00,273.30,84959.35,301.71
334883.75,273.10,84459.46,301.85
333247.47,273.19,85042.94,301.69
328067.53,273.49,84709.06,301.78
334883.75,273.10,85294.12,301.62
330323.28,273.36,84792.43,301.76
330323.28,273.36,84792.43,301.76
334228.22,273.14,85126.58,301.66
329354.53,273.41,85126.58,301.66
335540.63,273.06,85042.94,301.69
334555.81,273.12,85042.94,301.69
331295.00,273.30,84792.43,301.76
334883.75,273.10,85377.99,301.60
329032.28,273.43,84625.80,301.80
331944.47,273.27,84709.06,301.78
333574.03,273.17,85294.12,301.62
332921.22,273.21,84625.80,301.80
329354.53,273.41,84959.35,301.71
333247.47,273.19,84709.06,301.78
334883.75,273.10,86475.41,301.30
331619.59,273.28,85461.96,301.57
329677.13,273.39,85042.94,301.69
332921.22,273.21,85126.58,301.66
334555.81,273.12,85294.12,301.62
330646.88,273.34,84625.80,301.80
333574.03,273.17,84210.52,301.91
330323.28,273.36,85042.94,301.69
331295.00,273.30,85126.58,301.66
332269.72,273.25,85042.94,301.69
331295.00,273.30,83385.59,302.14
329032.28,273.43,84959.35,301.71
334228.22,273.14,84792.43,301.76
332921.22,273.21,85126.58,301.66
332595.31,273.23,85126.58,301.66
332595.31,273.23,84959.35,301.71
331944.47,273.27,85294.12,301.62
330000.03,273.38,84709.06,301.78
334228.22,273.14,85377.99,301.60
332595.31,273.23,85042.94,301.69
330323.28,273.36,84959.35,301.71
333900.97,273.15,84376.41,301.87
332595.31,273.23,85377.99,301.60
331944.47,273.27,85042.94,301.69
331944.47,273.27,84625.80,301.80
332921.22,273.21,85377.99,301.60
332595.31,273.23,84709.06,301.78
332595.31,273.23,85126.58,301.66
330970.75,273.32,84709.06,301.78
333574.03,273.17,85714.28,301.51
331944.47,273.27,85042.94,301.69
335212.03,273.08,84210.52,301.91
334555.81,273.12,85377.99,301.60
331944.47,273.27,84792.43,301.76
329677.13,273.39,84625.80,301.80
334228.22,273.14,85126.58,301.66
333247.47,273.19,85210.32,301.64
330323.28,273.36,85294.12,301.62
334883.75,273.10,85294.12,301.62
332921.22,273.21,85294.12,301.62
331944.47,273.27,85210.32,301.64
330000.03,273.38,84792.43,301.76
328710.38,273.45,84792.43,301.76
331944.47,273.27,84376.41,301.87
334228.22,273.14,84792.43,301.76
330000.03,273.38,84210.52,301.91
333574.03,273.17,85210.32,301.64
333247.47,273.19,85630.11,301.53
333900.97,273.15,85546.00,301.55
331295.00,273.30,84959.35,301.71
331619.59,273.28,84625.80,301.80
331944.47,273.27,84792.43,301.76
330323.28,273.36,85210.32,301.64
331619.59,273.28,85126.58,301.66
332595.31,273.23,84293.44,301.89
331944.47,273.27,84709.06,301.78
334228.22,273.14,84792.43,301.76
330323.28,273.36,84959.35,301.71
329354.53,273.41,84625.80,301.80
332921.22,273.21,85042.94,301.69
333900.97,273.15,85042.94,301.69
330646.88,273.34,85126.58,301.66
332921.22,273.21,85546.00,301.55
332595.31,273.23,85630.11,301.53
333247.47,273.19,85042.94,301.69
334883.75,273.10,85294.12,301.62
334228.22,273.14,85377.99,301.60
329677.13,273.39,84709.06,301.78
330323.28,273.36,84792.43,301.76
334555.81,273.12,85042.94,301.69
334228.22,273.14,84459.46,301.85
332921.22,273.21,85461.96,301.57
333574.03,273.17,85126.58,301.66
333900.97,273.15,85461.96,301.57
332921.22,273.21,85126.58,301.66
334228.22,273.14,84959.35,301.71
333900.97,273.15,85126.58,301.66
330970.75,273.32,84376.41,301.87
330323.28,273.36,84959.35,301.71
330970.75,273.32,85461.96,301.57
330000.03,273.38,85042.94,301.69
330323.28,273.36,85294.12,301.62
335540.63,273.06,84542.59,301.82
332921.22,273.21,84959.35,301.71
328710.38,273.45,84792.43,301.76
334228.22,273.14,85630.11,301.53
329354.53,273.41,85461.96,301.57
330323.28,273.36,85042.94,301.69
333247.47,273.19,85461.96,301.57
331619.59,273.28,84959.35,301.71
331295.00,273.30,85042.94,301.69
329354.53,273.41,85126.58,301.66
334228.22,273.14,85377.99,301.60
332595.31,273.23,85714.28,301.51
328710.38,273.45,84959.35,301.71
327746.59,273.51,84792.43,301.76
329677.13,273.39,85377.99,301.60
332595.31,273.23,85546.00,301.55
332595.31,273.23,84959.35,301.71
328710.38,273.45,84709.06,301.78
329354.53,273.41,85126.58,301.66
331295.00,273.30,85126.58,301.66
334883.75,273.10,85210.32,301.64
330646.88,273.34,85377.99,301.60
329677.13,273.39,85126.58,301.66
330000.03,273.38,84625.80,301.80
333247.47,273.19,84792.43,301.76
330323.28,273.36,85042.94,301.69
331295.00,273.30,85126.58,301.66
328388.78,273.47,85126.58,301.66
331295.00,273.30,85042.94,301.69
334883.75,273.10,85377.99,301.60
333247.47,273.19,85461.96,301.57
329677.13,273.39,84959.35,301.71
329354.53,273.41,84792.43,301.76
329677.13,273.39,85210.32,301.64
326146.84,273.60,84293.44,301.89
328710.38,273.45,84459.46,301.85
333900.97,273.15,85798.55,301.48
332595.31,273.23,85461.96,301.57
333247.47,273.19,84959.35,301.71
334228.22,273.14,85377.99,301.60
325827.84,273.62,84792.43,301.76
331944.47,273.27,85210.32,301.64
333247.47,273.19,85377.99,301.60
331619.59,273.28,85967.30,301.44
330970.75,273.32,84376.41,301.87
330323.28,273.36,84709.06,301.78
330646.88,273.34,85294.12,301.62
330000.03,273.38,85042.94,301.69
331295.00,273.30,85630.11,301.53
333247.47,273.19,85294.12,301.62
325827.84,273.62,85377.99,301.60
333574.03,273.17,85294.12,301.62
331619.59,273.28,85042.94,301.69
332921.22,273.21,85377.99,301.60
330323.28,273.36,85126.58,301.66
326146.84,273.60,84044.95,301.96
328067.53,273.49,85126.58,301.66
326785.75,273.56,84625.80,301.80
331295.00,273.30,85461.96,301.57
327746.59,273.51,84625.80,301.80
330646.88,273.34,85630.11,301.53
333900.97,273.15,85461.96,301.57
329677.13,273.39,85042.94,301.69
329354.53,273.41,85210.32,301.64
333247.47,273.19,84709.06,301.78
329677.13,273.39,85126.58,301.66
330000.03,273.38,84709.06,301.78
333900.97,273.15,85461.96,301.57
331944.47,273.27,85294.12,301.62
330000.03,273.38,84959.35,301.71
331944.47,273.27,85546.00,301.55
330323.28,273.36,84959.35,301.71
330000.03,273.38,85377.99,301.60
330646.88,273.34,85461.96,301.57
331944.47,273.27,85461.96,301.57
329354.53,273.41,85126.58,301.66
332921.22,273.21,85042.94,301.69
329032.28,273.43,84625.80,301.80
331944.47,273.27,85294.12,301.62
333247.47,273.19,85294.12,301.62
331619.59,273.28,85798.55,301.48
330323.28,273.36,84542.59,301.82
330323.28,273.36,85294.12,301.62
329677.13,273.39,85546.00,301.55
330646.88,273.34,85294.12,301.62
331295.00,273.30,85042.94,301.69
327425.97,273.52,84293.44,301.89
329032.28,273.43,85461.96,301.57
331944.47,273.27,85461.96,301.57
331295.00,273.30,85126.58,301.66
329354.53,273.41,85294.12,301.62
326146.84,273.60,84959.35,301.71
331619.59,273.28,85461.96,301.57
330323.28,273.36,85042.94,301.69
329677.13,273.39,85126.58,301.66
331619.59,273.28,84959.35,301.71
332921.22,273.21,85294.12,301.62
328710.38,273.45,82975.87,302.26
331944.47,273.27,85042.94,301.69
328710.38,273.45,84959.35,301.71
330646.88,273.34,85546.00,301.55
331295.00,273.30,85294.12,301.62
331619.59,273.28,85126.58,301.66
328067.53,273.49,84959.35,301.71
330000.03,273.38,85294.12,301.62
331295.00,273.30,85630.11,301.53
333574.03,273.17,84792.43,301.76
328710.38,273.45,84459.46,301.85
328710.38,273.45,84792.43,301.76
332921.22,273.21,84792.43,301.76
332595.31,273.23,85461.96,301.57
330000.03,273.38,85377.99,301.60
327746.59,273.51,85377.99,301.60
333574.03,273.17,85630.11,301.53
333247.47,273.19,85377.99,301.60
329677.13,273.39,85377.99,301.60
333900.97,273.15,84792.43,301.76
330323.28,273.36,85546.00,301.55
333574.03,273.17,84210.52,301.91
330646.88,273.34,84792.43,301.76
327746.59,273.51,86051.80,301.42
328067.53,273.49,85126.58,301.66
333247.47,273.19,84625.80,301.80
328710.38,273.45,85126.58,301.66
330000.03,273.38,85126.58,301.66
331295.00,273.30,84959.35,301.71
328710.38,273.45,85042.94,301.69
330970.75,273.32,85042.94,301.69
331619.59,273.28,85546.00,301.55
329677.13,273.39,85294.12,301.62
326785.75,273.56,84625.80,301.80
329032.28,273.43,84792.43,301.76
328710.38,273.45,84792.43,301.76
329032.28,273.43,84709.06,301.78
327425.97,273.52,85126.58,301.66
325190.88,273.65,84709.06,301.78
330323.28,273.36,85377.99,301.60
330323.28,273.36,85042.94,301.69
330646.88,273.34,83467.74,302.12
326785.75,273.56,85126.58,301.66
328067.53,273.49,84792.43,301.76
332595.31,273.23,85126.58,301.66
329677.13,273.39,84542.59,301.82
329032.28,273.43,84625.80,301.80
330323.28,273.36,85294.12,301.62
331619.59,273.28,85377.99,301.60
331295.00,273.30,85546.00,301.55
327425.97,273.52,85042.94,301.69
332921.22,273.21,84709.06,301.78
329032.28,273.43,84293.44,301.89
331619.59,273.28,85714.28,301.51
331619.59,273.28,84792.43,301.76
326146.84,273.60,85042.94,301.69
328067.53,273.49,84792.43,301.76
330646.88,273.34,85042.94,301.69
329354.53,273.41,85546.00,301.55
326146.84,273.60,84792.43,301.76
330970.75,273.32,85461.96,301.57
328710.38,273.45,85126.58,301.66
331619.59,273.28,83714.66,302.05
328388.78,273.47,84127.70,301.94
331619.59,273.28,85714.28,301.51
329354.53,273.41,85798.55,301.48
325509.19,273.64,85042.94,301.69
327746.59,273.51,84792.43,301.76
329677.13,273.39,85546.00,301.55
330323.28,273.36,85126.58,301.66
330646.88,273.34,85630.11,301.53
326146.84,273.60,84959.35,301.71
331295.00,273.30,85377.99,301.60
329032.28,273.43,85967.30,301.44
330970.75,273.32,84959.35,301.71
327425.97,273.52,84459.46,301.85
331295.00,273.30,84709.06,301.78
329354.53,273.41,84792.43,301.76
334883.75,273.10,85714.28,301.51
331944.47,273.27,85294.12,301.62
327746.59,273.51,85126.58,301.66
329677.13,273.39,85126.58,301.66
330646.88,273.34,85042.94,301.69
333247.47,273.19,85546.00,301.55
331944.47,273.27,84959.35,301.71
330000.03,273.38,85377.99,301.60
328710.38,273.45,85546.00,301.55
330000.03,273.38,85126.58,301.66
331944.47,273.27,85630.11,301.53
333247.47,273.19,85294.12,301.62
331619.59,273.28,85377.99,301.60
328067.53,273.49,84792.43,301.76
327425.97,273.52,85210.32,301.64
332921.22,273.21,85377.99,301.60
329354.53,273.41,85461.96,301.57
331619.59,273.28,85042.94,301.69
331619.59,273.28,84709.06,301.78
326785.75,273.56,85126.58,301.66
331619.59,273.28,85377.99,301.60
333900.97,273.15,85461.96,301.57
328710.38,273.45,85294.12,301.62
328710.38,273.45,84959.35,301.71
326466.13,273.58,84959.35,301.71
329677.13,273.39,85126.58,301.66
330000.03,273.38,85210.32,301.64
330970.75,273.32,85042.94,301.69
331619.59,273.28,85630.11,301.53
330646.88,273.34,85042.94,301.69
330323.28,273.36,84959.35,301.71
330000.03,273.38,85042.94,301.69
329677.13,273.39,85294.12,301.62
328710.38,273.45,84792.43,301.76
328388.78,273.47,85294.12,301.62
328710.38,273.45,85210.32,301.64
331619.59,273.28,85126.58,301.66
328388.78,273.47,85546.00,301.55
329354.53,273.41,85630.11,301.53
326466.13,273.58,85210.32,301.64
326785.75,273.56,84709.06,301.78
328710.38,273.45,85042.94,301.69
328067.53,273.49,85546.00,301.55
329354.53,273.41,85461.96,301.57
327746.59,273.51,84625.80,301.80
329677.13,273.39,85042.94,301.69
332595.31,273.23,85210.32,301.64
328710.38,273.45,85294.12,301.62
328710.38,273.45,85210.32,301.64
331295.00,273.30,85126.58,301.66
328710.38,273.45,84792.43,301.76
331619.59,273.28,84625.80,301.80
327746.59,273.51,84709.06,301.78
331295.00,273.30,84625.80,301.80
331295.00,273.30,85714.28,301.51
330000.03,273.38,85042.94,301.69
328388.78,273.47,84792.43,301.76
326785.75,273.56,85126.58,301.66
330646.88,273.34,85042.94,301.69
331944.47,273.27,85461.96,301.57
330323.28,273.36,85210.32,301.64
330000.03,273.38,85377.99,301.60
327425.97,273.52,84792.43,301.76
328388.78,273.47,84709.06,301.78
330646.88,273.34,85294.12,301.62
332269.72,273.25,85714.28,301.51
332595.31,273.23,84542.59,301.82
328067.53,273.49,85377.99,301.60
329032.28,273.43,84625.80,301.80
329354.53,273.41,85377.99,301.60
327746.59,273.51,84625.80,301.80
330646.88,273.34,85630.11,301.53
326785.75,273.56,85042.94,301.69
330000.03,273.38,85377.99,301.60
331295.00,273.30,84959.35,301.71
327746.59,273.51,84625.80,301.80
330970.75,273.32,85294.12,301.62
329677.13,273.39,85546.00,301.55
328710.38,273.45,85546.00,301.55
330970.75,273.32,85798.55,301.48
327425.97,273.52,84293.44,301.89
328067.53,273.49,85126.58,301.66
331944.47,273.27,85042.94,301.69
329354.53,273.41,85042.94,301.69
329677.13,273.39,85210.32,301.64
328710.38,273.45,85294.12,301.62
329354.53,273.41,85294.12,301.62
331619.59,273.28,85461.96,301.57
329677.13,273.39,84709.06,301.78
330646.88,273.34,85461.96,301.57
326146.84,273.60,84792.43,301.76
328067.53,273.49,85126.58,301.66
332595.31,273.23,85126.58,301.66
327746.59,273.51,85042.94,301.69
326146.84,273.60,85042.94,301.69
329354.53,273.41,85042.94,301.69
329354.53,273.41,85377.99,301.60
328067.53,273.49,85294.12,301.62
325190.88,273.65,84625.80,301.80
328710.38,273.45,85042.94,301.69
326466.13,273.58,85126.58,301.66
328067.53,273.49,84625.80,301.80
330000.03,273.38,85294.12,301.62
330000.03,273.38,85377.99,301.60
329354.53,273.41,85294.12,301.62
327746.59,273.51,85126.58,301.66
327746.59,273.51,85126.58,301.66
330646.88,273.34,85377.99,301.60
332921.22,273.21,85461.96,301.57
328067.53,273.49,85377.99,301.60
330323.28,273.36,85126.58,301.66
328067.53,273.49,84792.43,301.76
328710.38,273.45,84625.80,301.80
331295.00,273.30,85461.96,301.57
328388.78,273.47,85798.55,301.48
327746.59,273.51,85798.55,301.48
328067.53,273.49,85042.94,301.69
326146.84,273.60,84376.41,301.87
328067.53,273.49,84959.35,301.71
330000.03,273.38,85294.12,301.62
327425.97,273.52,84959.35,301.71
327425.97,273.52,84959.35,301.71
329677.13,273.39,84792.43,301.76
330000.03,273.38,85126.58,301.66
329032.28,273.43,85798.55,301.48
326466.13,273.58,84959.35,301.71
330000.03,273.38,84210.52,301.91
327425.97,273.52,85461.96,301.57
328710.38,273.45,85294.12,301.62
326785.75,273.56,85042.94,301.69
330000.03,273.38,85294.12,301.62
330000.03,273.38,84709.06,301.78
326466.13,273.58,84792.43,301.76
330646.88,273.34,85630.11,301.53
330323.28,273.36,85126.58,301.66
324555.19,273.69,84792.43,301.76
327425.97,273.52,84792.43,301.76
325509.19,273.64,85461.96,301.57
329354.53,273.41,85630.11,301.53
330000.03,273.38,85294.12,301.62
326785.75,273.56,84709.06,301.78
328067.53,273.49,85126.58,301.66
328067.53,273.49,85798.55,301.48
327425.97,273.52,85546.00,301.55
328067.53,273.49,85967.30,301.44
331619.59,273.28,85461.96,301.57
328710.38,273.45,85714.28,301.51
330646.88,273.34,85294.12,301.62
329677.13,273.39,85294.12,301.62
329032.28,273.43,85377.99,301.60
326466.13,273.58,84792.43,301.76
328710.38,273.45,85126.58,301.66
328710.38,273.45,85210.32,301.64
326785.75,273.56,85294.12,301.62
329032.28,273.43,85377.99,301.60
326146.84,273.60,85377.99,301.60
330646.88,273.34,84625.80,301.80
326785.75,273.56,86136.36,301.39
328388.78,273.47,85294.12,301.62
327746.59,273.51,85126.58,301.66
330323.28,273.36,85294.12,301.62
330323.28,273.36,85461.96,301.57
325509.19,273.64,84792.43,301.76
328710.38,273.45,85377.99,301.60
328710.38,273.45,84709.06,301.78
328067.53,273.49,85377.99,301.60
329677.13,273.39,84210.52,301.91
3