=~=~=~=~=~=~=~=~=~=~=~= PuTTY log 2021.12.09 16:32:45 =~=~=~=~=~=~=~=~=~=~=~=
371678.53,271.14,66193.19,307.57
375000.03,270.98,67142.85,307.23
373889.22,271.03,66463.41,307.48
370578.63,271.20,66193.19,307.57
371678.53,271.14,66463.41,307.48
375371.13,270.96,66531.11,307.45
377232.69,270.87,66598.87,307.43
370578.63,271.20,66193.19,307.57
376114.50,270.92,65991.08,307.65
374629.38,271.00,66734.53,307.38
374629.38,271.00,66463.41,307.48
376114.50,270.92,66598.87,307.43
373889.22,271.03,66598.87,307.43
377232.69,270.87,66598.87,307.43
373150.72,271.07,66598.87,307.43
378729.34,270.79,67142.85,307.23
373150.72,271.07,66058.40,307.62
378729.34,270.79,66328.19,307.53
374259.09,271.02,66598.87,307.43
373150.72,271.07,66395.77,307.50
372413.84,271.11,66463.41,307.48
375000.03,270.98,66328.19,307.53
372413.84,271.11,66598.87,307.43
377232.69,270.87,66666.66,307.40
373889.22,271.03,66734.53,307.38
376114.50,270.92,66395.77,307.50
375000.03,270.98,66463.41,307.48
373150.72,271.07,66598.87,307.43
376114.50,270.92,66870.42,307.33
374259.09,271.02,66666.66,307.40
374629.38,271.00,66463.41,307.48
375742.59,270.94,66463.41,307.48
373150.72,271.07,66734.53,307.38
376114.50,270.92,66734.53,307.38
368389.59,271.31,66734.53,307.38
375000.03,270.98,66938.45,307.31
373150.72,271.07,66734.53,307.38
375742.59,270.94,66666.66,307.40
377606.22,270.85,67142.85,307.23
370212.81,271.22,66938.45,307.31
373519.78,271.05,66734.53,307.38
375000.03,270.98,66734.53,307.38
371678.53,271.14,66328.19,307.53
372413.84,271.11,66463.41,307.48
375000.03,270.98,66328.19,307.53
373150.72,271.07,66870.42,307.33
374259.09,271.02,66870.42,307.33
373889.22,271.03,66938.45,307.31
375000.03,270.98,66938.45,307.31
372046.00,271.13,66666.66,307.40
376486.84,270.91,66734.53,307.38
372782.06,271.09,66870.42,307.33
372413.84,271.11,66734.53,307.38
377606.22,270.85,67006.53,307.28
370578.63,271.20,66734.53,307.38
373519.78,271.05,67006.53,307.28
373519.78,271.05,66938.45,307.31
375000.03,270.98,66938.45,307.31
377232.69,270.87,67211.11,307.21
373150.72,271.07,66734.53,307.38
373519.78,271.05,67211.11,307.21
373150.72,271.07,66734.53,307.38
372782.06,271.09,66870.42,307.33
374259.09,271.02,66734.53,307.38
375000.03,270.98,67006.53,307.28
372046.00,271.13,66734.53,307.38
373889.22,271.03,66666.66,307.40
373889.22,271.03,67006.53,307.28
373889.22,271.03,67006.53,307.28
373889.22,271.03,66463.41,307.48
374259.09,271.02,66531.11,307.45
375742.59,270.94,66870.42,307.33
373519.78,271.05,66734.53,307.38
374629.38,271.00,66598.87,307.43
373889.22,271.03,66938.45,307.31
377606.22,270.85,67006.53,307.28
372782.06,271.09,66734.53,307.38
374629.38,271.00,66598.87,307.43
372046.00,271.13,66193.19,307.57
377606.22,270.85,66734.53,307.38
377606.22,270.85,66734.53,307.38
375000.03,270.98,66598.87,307.43
377232.69,270.87,67006.53,307.28
377980.16,270.83,67006.53,307.28
371678.53,271.14,66328.19,307.53
376114.50,270.92,66938.45,307.31
373519.78,271.05,66802.45,307.35
374259.09,271.02,67211.11,307.21
372046.00,271.13,67279.41,307.18
375742.59,270.94,67006.53,307.28
377606.22,270.85,66734.53,307.38
372782.06,271.09,66395.77,307.50
370212.81,271.22,67006.53,307.28
375371.13,270.96,66734.53,307.38
374629.38,271.00,66734.53,307.38
375371.13,270.96,66734.53,307.38
372782.06,271.09,66734.53,307.38
371678.53,271.14,66734.53,307.38
376859.53,270.89,66734.53,307.38
373519.78,271.05,67211.11,307.21
375742.59,270.94,66734.53,307.38
373519.78,271.05,66598.87,307.43
373519.78,271.05,66938.45,307.31
374259.09,271.02,67142.85,307.23
373150.72,271.07,66598.87,307.43
375742.59,270.94,67142.85,307.23
374629.38,271.00,67347.77,307.16
372413.84,271.11,66463.41,307.48
377980.16,270.83,66938.45,307.31
374629.38,271.00,66734.53,307.38
373889.22,271.03,66193.19,307.57
373889.22,271.03,66734.53,307.38
374629.38,271.00,66734.53,307.38
373519.78,271.05,66328.19,307.53
372782.06,271.09,66938.45,307.31
375742.59,270.94,67006.53,307.28
377980.16,270.83,67142.85,307.23
371678.53,271.14,66870.42,307.33
376486.84,270.91,66666.66,307.40
372782.06,271.09,66598.87,307.43
375742.59,270.94,66734.53,307.38
373519.78,271.05,66666.66,307.40
375742.59,270.94,67142.85,307.23
376114.50,270.92,66734.53,307.38
376859.53,270.89,66938.45,307.31
375000.03,270.98,67006.53,307.28
373150.72,271.07,66734.53,307.38
373519.78,271.05,67006.53,307.28
374629.38,271.00,66938.45,307.31
379480.13,270.76,66938.45,307.31
373519.78,271.05,66598.87,307.43
375742.59,270.94,66734.53,307.38
369847.38,271.24,67006.53,307.28
378354.53,270.81,67347.77,307.16
379856.16,270.74,67142.85,307.23
377980.16,270.83,67006.53,307.28
373519.78,271.05,66395.77,307.50
377980.16,270.83,66666.66,307.40
372782.06,271.09,66734.53,307.38
376114.50,270.92,67211.11,307.21
375371.13,270.96,66802.45,307.35
372782.06,271.09,66463.41,307.48
372046.00,271.13,66666.66,307.40
377980.16,270.83,67279.41,307.18
374629.38,271.00,67006.53,307.28
374629.38,271.00,66463.41,307.48
374259.09,271.02,67211.11,307.21
377980.16,270.83,67006.53,307.28
376114.50,270.92,66463.41,307.48
376486.84,270.91,67006.53,307.28
373519.78,271.05,66802.45,307.35
374629.38,271.00,66734.53,307.38
375000.03,270.98,67006.53,307.28
370212.81,271.22,66734.53,307.38
374259.09,271.02,66666.66,307.40
375742.59,270.94,66531.11,307.45
369847.38,271.24,66734.53,307.38
371678.53,271.14,67142.85,307.23
374629.38,271.00,66734.53,307.38
377980.16,270.83,67211.11,307.21
374629.38,271.00,67142.85,307.23
377606.22,270.85,67142.85,307.23
375742.59,270.94,67006.53,307.28
378729.34,270.79,67142.85,307.23
375000.03,270.98,67142.85,307.23
378729.34,270.79,66938.45,307.31
377606.22,270.85,67074.66,307.26
373519.78,271.05,66598.87,307.43
377606.22,270.85,67279.41,307.18
377980.16,270.83,66531.11,307.45
371678.53,271.14,67279.41,307.18
375000.03,270.98,67142.85,307.23
375000.03,270.98,66938.45,307.31
377232.69,270.87,66531.11,307.45
371678.53,271.14,67279.41,307.18
374259.09,271.02,67006.53,307.28
375371.13,270.96,67347.77,307.16
373889.22,271.03,67074.66,307.26
376486.84,270.91,67006.53,307.28
379104.50,270.78,67347.77,307.16
378729.34,270.79,67347.77,307.16
375000.03,270.98,67142.85,307.23
377606.22,270.85,66870.42,307.33
373519.78,271.05,66734.53,307.38
371311.53,271.16,66938.45,307.31
380609.47,270.70,67690.41,307.04
376486.84,270.91,66870.42,307.33
374629.38,271.00,66938.45,307.31
375742.59,270.94,67347.77,307.16
374629.38,271.00,67279.41,307.18
372046.00,271.13,67279.41,307.18
377606.22,270.85,67142.85,307.23
374629.38,271.00,67279.41,307.18
372413.84,271.11,67006.53,307.28
374259.09,271.02,67347.77,307.16
375000.03,270.98,67211.11,307.21
375000.03,270.98,66870.42,307.33
377980.16,270.83,67279.41,307.18
374259.09,271.02,67279.41,307.18
377606.22,270.85,67142.85,307.23
376114.50,270.92,67347.77,307.16
373889.22,271.03,66734.53,307.38
371678.53,271.14,67006.53,307.28
377232.69,270.87,67484.66,307.11
374259.09,271.02,67006.53,307.28
372782.06,271.09,67279.41,307.18
374259.09,271.02,67347.77,307.16
375742.59,270.94,67347.77,307.16
375742.59,270.94,67347.77,307.16
376114.50,270.92,67347.77,307.16
376859.53,270.89,67211.11,307.21
374259.09,271.02,67347.77,307.16
376486.84,270.91,67142.85,307.23
374629.38,271.00,67006.53,307.28
374259.09,271.02,67211.11,307.21
379104.50,270.78,67279.41,307.18
377980.16,270.83,67347.77,307.16
375371.13,270.96,67279.41,307.18
377232.69,270.87,67279.41,307.18
376486.84,270.91,67279.41,307.18
374259.09,271.02,67142.85,307.23
375742.59,270.94,67347.77,307.16
372782.06,271.09,67142.85,307.23
374259.09,271.02,67074.66,307.26
379480.13,270.76,67279.41,307.18
371678.53,271.14,66938.45,307.31
373519.78,271.05,66938.45,307.31
373889.22,271.03,67279.41,307.18
371678.53,271.14,67347.77,307.16
376114.50,270.92,67142.85,307.23
372782.06,271.09,67347.77,307.16
375000.03,270.98,67279.41,307.18
374629.38,271.00,67006.53,307.28
376114.50,270.92,67211.11,307.21
376486.84,270.91,66938.45,307.31
375742.59,270.94,66802.45,307.35
375742.59,270.94,67211.11,307.21
374629.38,271.00,67142.85,307.23
375742.59,270.94,67347.77,307.16
373889.22,271.03,67347.77,307.16
376114.50,270.92,66598.87,307.43
373519.78,271.05,66734.53,307.38
373150.72,271.07,66938.45,307.31
370578.63,271.20,66870.42,307.33
374629.38,271.00,67347.77,307.16
374629.38,271.00,67416.20,307.14
373519.78,271.05,67006.53,307.28
376114.50,270.92,67142.85,307.23
375000.03,270.98,67347.77,307.16
371311.53,271.16,67006.53,307.28
374259.09,271.02,67416.20,307.14
375000.03,270.98,67279.41,307.18
377606.22,270.85,67347.77,307.16
379104.50,270.78,67347.77,307.16
372046.00,271.13,67279.41,307.18
379856.16,270.74,67279.41,307.18
377980.16,270.83,67347.77,307.16
375742.59,270.94,67006.53,307.28
375000.03,270.98,67347.77,307.16
374259.09,271.02,67006.53,307.28
376114.50,270.92,67142.85,307.23
370578.63,271.20,67142.85,307.23
374629.38,271.00,67142.85,307.23
377606.22,270.85,68241.58,306.85
376114.50,270.92,67211.11,307.21
373519.78,271.05,67347.77,307.16
373519.78,271.05,67211.11,307.21
373889.22,271.03,67279.41,307.18
372413.84,271.11,66870.42,307.33
373519.78,271.05,66870.42,307.33
374259.09,271.02,67279.41,307.18
373150.72,271.07,67211.11,307.21
375742.59,270.94,67142.85,307.23
371311.53,271.16,67211.11,307.21
369117.69,271.27,67347.77,307.16
373889.22,271.03,67279.41,307.18
372782.06,271.09,67074.66,307.26
374259.09,271.02,66734.53,307.38
375000.03,270.98,66734.53,307.38
378729.34,270.79,67416.20,307.14
372782.06,271.09,67006.53,307.28
373150.72,271.07,66734.53,307.38
373889.22,271.03,67279.41,307.18
376486.84,270.91,67690.41,307.04
376486.84,270.91,67416.20,307.14
371678.53,271.14,67347.77,307.16
375371.13,270.96,67211.11,307.21
376114.50,270.92,67347.77,307.16
373519.78,271.05,67006.53,307.28
373519.78,271.05,66802.45,307.35
377606.22,270.85,67279.41,307.18
375000.03,270.98,66531.11,307.45
374629.38,271.00,67279.41,307.18
372413.84,271.11,66870.42,307.33
376114.50,270.92,67347.77,307.16
374629.38,271.00,66734.53,307.38
368026.16,271.33,67279.41,307.18
374629.38,271.00,67074.66,307.26
377980.16,270.83,67347.77,307.16
374259.09,271.02,66938.45,307.31
377232.69,270.87,67279.41,307.18
375742.59,270.94,67347.77,307.16
372413.84,271.11,67006.53,307.28
372782.06,271.09,67211.11,307.21
379480.13,270.76,67347.77,307.16
377606.22,270.85,67006.53,307.28
373519.78,271.05,67142.85,307.23
378729.34,270.79,66395.77,307.50
375000.03,270.98,67279.41,307.18
373519.78,271.05,67006.53,307.28
378729.34,270.79,67279.41,307.18
371678.53,271.14,66938.45,307.31
373889.22,271.03,67347.77,307.16
376486.84,270.91,67142.85,307.23
374259.09,271.02,67142.85,307.23
375742.59,270.94,67142.85,307.23
373519.78,271.05,67006.53,307.28
379480.13,270.76,66666.66,307.40
370212.81,271.22,67484.66,307.11
378729.34,270.79,67006.53,307.28
373150.72,271.07,67279.41,307.18
375742.59,270.94,67416.20,307.14
376114.50,270.92,67416.20,307.14
373150.72,271.07,67142.85,307.23
375742.59,270.94,67279.41,307.18
377232.69,270.87,67553.19,307.09
375742.59,270.94,67347.77,307.16
375000.03,270.98,67279.41,307.18
369847.38,271.24,67211.11,307.21
374259.09,271.02,67484.66,307.11
375000.03,270.98,67211.11,307.21
374259.09,271.02,67142.85,307.23
377606.22,270.85,67484.66,307.11
376114.50,270.92,67279.41,307.18
375000.03,270.98,67347.77,307.16
376486.84,270.91,67347.77,307.16
374259.09,271.02,67416.20,307.14
372782.06,271.09,67142.85,307.23
377232.69,270.87,67347.77,307.16
376114.50,270.92,67347.77,307.16
372046.00,271.13,67347.77,307.16
376114.50,270.92,67211.11,307.21
372782.06,271.09,67347.77,307.16
373150.72,271.07,67347.77,307.16
377980.16,270.83,67347.77,307.16
377606.22,270.85,67211.11,307.21
376486.84,270.91,67347.77,307.16
376486.84,270.91,67279.41,307.18
377980.16,270.83,67347.77,307.16
372782.06,271.09,67279.41,307.18
376114.50,270.92,67347.77,307.16
375742.59,270.94,67347.77,307.16
373150.72,271.07,67074.66,307.26
377232.69,270.87,67347.77,307.16
374629.38,271.00,67553.19,307.09
372046.00,271.13,67416.20,307.14
373889.22,271.03,67416.20,307.14
376486.84,270.91,67347.77,307.16
374629.38,271.00,67006.53,307.28
372782.06,271.09,67142.85,307.23
377606.22,270.85,67416.20,307.14
378729.34,270.79,67416.20,307.14
371678.53,271.14,67347.77,307.16
379480.13,270.76,67759.11,307.01
377606.22,270.85,67484.66,307.11
376114.50,270.92,67553.19,307.09
373889.22,271.03,67484.66,307.11
376486.84,270.91,67279.41,307.18
375742.59,270.94,67416.20,307.14
375371.13,270.96,67347.77,307.16
377606.22,270.85,67416.20,307.14
374259.09,271.02,67347.77,307.16
375000.03,270.98,67416.20,307.14
375000.03,270.98,67553.19,307.09
376486.84,270.91,67347.77,307.16
373889.22,271.03,67347.77,307.16
371311.53,271.16,66938.45,307.31
373889.22,271.03,67347.77,307.16
378729.34,270.79,67484.66,307.11
373150.72,271.07,67347.77,307.16
375000.03,270.98,66870.42,307.33
375742.59,270.94,67416.20,307.14
376114.50,270.92,67006.53,307.28
378729.34,270.79,67553.19,307.09
373519.78,271.05,67347.77,307.16
376486.84,270.91,67347.77,307.16
375742.59,270.94,67347.77,307.16
375371.13,270.96,67347.77,307.16
376486.84,270.91,67621.78,307.06
373519.78,271.05,67211.11,307.21
373519.78,271.05,67347.77,307.16
374259.09,271.02,66463.41,307.48
375000.03,270.98,67416.20,307.14
379104.50,270.78,67074.66,307.26
375000.03,270.98,67553.19,307.09
374629.38,271.00,67279.41,307.18
374259.09,271.02,67347.77,307.16
377232.69,270.87,67279.41,307.18
376114.50,270.92,67553.19,307.09
376859.53,270.89,67279.41,307.18
378729.34,270.79,67484.66,307.11
377232.69,270.87,67347.77,307.16
371678.53,271.14,67347.77,307.16
374629.38,271.00,67142.85,307.23
377232.69,270.87,67484.66,307.11
372782.06,271.09,67347.77,307.16
370212.81,271.22,67347.77,307.16
373519.78,271.05,67484.66,307.11
375742.59,270.94,67416.20,307.14
377606.22,270.85,67416.20,307.14
375742.59,270.94,67347.77,307.16
376114.50,270.92,67553.19,307.09
375000.03,270.98,67347.77,307.16
374629.38,271.00,67279.41,307.18
371678.53,271.14,67347.77,307.16
375742.59,270.94,67279.41,307.18
374259.09,271.02,67347.77,307.16
374259.09,271.02,67347.77,307.16
371311.53,271.16,67416.20,307.14
372782.06,271.09,67211.11,307.21
377606.22,270.85,67347.77,307.16
375742.59,270.94,67347.77,307.16
372782.06,271.09,67347.77,307.16
372782.06,271.09,67690.41,307.04
376114.50,270.92,67827.88,306.99
373519.78,271.05,67484.66,307.11
375000.03,270.98,67553.19,307.09
377606.22,270.85,67484.66,307.11
374259.09,271.02,68103.45,306.89
371311.53,271.16,67006.53,307.28
371311.53,271.16,67279.41,307.18
378729.34,270.79,67416.20,307.14
376114.50,270.92,67553.19,307.09
373519.78,271.05,67416.20,307.14
376114.50,270.92,67211.11,307.21
375371.13,270.96,67347.77,307.16
377232.69,270.87,67416.20,307.14
378729.34,270.79,67347.77,307.16
372782.06,271.09,67416.20,307.14
375742.59,270.94,67347.77,307.16
379480.13,270.76,67347.77,307.16
373889.22,271.03,67279.41,307.18
379104.50,270.78,67416.20,307.14
377606.22,270.85,67279.41,307.18
373889.22,271.03,67553.19,307.09
374629.38,271.00,67416.20,307.14
377980.16,270.83,67347.77,307.16
375000.03,270.98,67347.77,307.16
373519.78,271.05,67690.41,307.04
372046.00,271.13,67211.11,307.21
377606.22,270.85,67279.41,307.18
375000.03,270.98,67279.41,307.18
376486.84,270.91,67416.20,307.14
373519.78,271.05,67416.20,307.14
375000.03,270.98,67416.20,307.14
371678.53,271.14,68034.47,306.92
377980.16,270.83,67279.41,307.18
371678.53,271.14,67279.41,307.18
375371.13,270.96,67484.66,307.11
375742.59,270.94,67416.20,307.14
373519.78,271.05,67279.41,307.18
378729.34,270.79,67279.41,307.18
373889.22,271.03,67416.20,307.14
373889.22,271.03,67279.41,307.18
375742.59,270.94,67347.77,307.16
379856.16,270.74,67484.66,307.11
372782.06,271.09,67347.77,307.16
374629.38,271.00,67553.19,307.09
379856.16,270.74,67621.78,307.06
375000.03,270.98,67416.20,307.14
373519.78,271.05,67484.66,307.11
374259.09,271.02,67484.66,307.11
374629.38,271.00,67347.77,307.16
374629.38,271.00,67416.20,307.14
375000.03,270.98,67347.77,307.16
374259.09,271.02,67347.77,307.16
377232.69,270.87,67484.66,307.11
375000.03,270.98,67006.53,307.28
379856.16,270.74,67347.77,307.16
373889.22,271.03,67347.77,307.16
375742.59,270.94,67416.20,307.14
377980.16,270.83,67211.11,307.21
374259.09,271.02,67347.77,307.16
373889.22,271.03,67484.66,307.11
377232.69,270.87,67006.53,307.28
373519.78,271.05,67142.85,307.23
376114.50,270.92,67484.66,307.11
373889.22,271.03,67759.11,307.01
377980.16,270.83,67553.19,307.09
374259.09,271.02,67416.20,307.14
376486.84,270.91,67553.19,307.09
377980.16,270.83,67827.88,306.99
371311.53,271.16,67759.11,307.01
374629.38,271.00,67416.20,307.14
373889.22,271.03,67553.19,307.09
375000.03,270.98,67827.88,306.99
375742.59,270.94,67965.55,306.94
377232.69,270.87,67759.11,307.01
370578.63,271.20,67142.85,307.23
376114.50,270.92,67484.66,307.11
374259.09,271.02,67690.41,307.04
377606.22,270.85,67484.66,307.11
376486.84,270.91,67347.77,307.16
375742.59,270.94,67347.77,307.16
377980.16,270.83,67347.77,307.16
374629.38,271.00,67347.77,307.16
375742.59,270.94,67416.20,307.14
377980.16,270.83,67416.20,307.14
375000.03,270.98,66734.53,307.38
380232.59,270.72,67347.77,307.16
371678.53,271.14,67621.78,307.06
377232.69,270.87,67553.19,307.09
372782.06,271.09,67347.77,307.16
375742.59,270.94,67553.19,307.09
379104.50,270.78,67827.88,306.99
374629.38,271.00,67484.66,307.11
374629.38,271.00,67347.77,307.16
377606.22,270.85,67484.66,307.11
376486.84,270.91,67553.19,307.09
375742.59,270.94,67416.20,307.14
376114.50,270.92,67553.19,307.09
377980.16,270.83,67416.20,307.14
374259.09,271.02,67827.88,306.99
376114.50,270.92,67279.41,307.18
378729.34,270.79,67347.77,307.16
375742.59,270.94,67006.53,307.28
372046.00,271.13,67279.41,307.18
378354.53,270.81,67759.11,307.01
376486.84,270.91,67553.19,307.09
374259.09,271.02,67347.77,307.16
376114.50,270.92,67484.66,307.11
379480.13,270.76,67553.19,307.09
377606.22,270.85,67347.77,307.16
373150.72,271.07,67347.77,307.16
376114.50,270.92,67416.20,307.14
376486.84,270.91,67347.77,307.16
374629.38,271.00,67347.77,307.16
377980.16,270.83,67553.19,307.09
374259.09,271.02,67416.20,307.14
372782.06,271.09,67553.19,307.09
375742.59,270.94,67279.41,307.18
378729.34,270.79,67416.20,307.14
377980.16,270.83,67553.19,307.09
376114.50,270.92,67759.11,307.01
375000.03,270.98,67690.41,307.04
372782.06,271.09,67416.20,307.14
373519.78,271.05,67347.77,307.16
376114.50,270.92,67484.66,307.11
379104.50,270.78,67416.20,307.14
376114.50,270.92,67416.20,307.14
376114.50,270.92,67347.77,307.16
375000.03,270.98,67690.41,307.04
379856.16,270.74,67416.20,307.14
375742.59,270.94,67347.77,307.16
373519.78,271.05,67279.41,307.18
377232.69,270.87,67621.78,307.06
375742.59,270.94,67553.19,307.09
373150.72,271.07,67553.19,307.09
372782.06,271.09,67484.66,307.11
379856.16,270.74,67553.19,307.09
374259.09,271.02,67416.20,307.14
373889.22,271.03,67553.19,307.09
379856.16,270.74,67484.66,307.11
375742.59,270.94,67347.77,307.16
375000.03,270.98,67347.77,307.16
375000.03,270.98,67484.66,307.11
376114.50,270.92,68657.34,306.70
376114.50,270.92,67416.20,307.14
377980.16,270.83,67211.11,307.21
373889.22,271.03,67416.20,307.14
375742.59,270.94,67416.20,307.14
375000.03,270.98,67416.20,307.14
379856.16,270.74,67827.88,306.99
375742.59,270.94,67416.20,307.14
375000.03,270.98,67416.20,307.14
377980.16,270.83,67759.11,307.01
379104.50,270.78,65856.62,307.70
379856.16,270.74,67759.11,307.01
377606.22,270.85,67347.77,307.16
377232.69,270.87,67553.19,307.09
378354.53,270.81,67621.78,307.06
379856.16,270.74,67827.88,306.99
373150.72,271.07,67416.20,307.14
378729.34,270.79,67347.77,307.16
379856.16,270.74,67553.19,307.09
373150.72,271.07,67347.77,307.16
379480.13,270.76,68103.45,306.89
380232.59,270.72,68379.93,306.80
373519.78,271.05,67142.85,307.23
376114.50,270.92,67965.55,306.94
377606.22,270.85,67759.11,307.01
376114.50,270.92,67279.41,307.18
377606.22,270.85,67416.20,307.14
375742.59,270.94,67553.19,307.09
377606.22,270.85,67827.88,306.99
373519.78,271.05,67279.41,307.18
377232.69,270.87,67553.19,307.09
377606.22,270.85,67690.41,307.04
377606.22,270.85,67416.20,307.14
373150.72,271.07,67484.66,307.11
376486.84,270.91,67347.77,307.16
374629.38,271.00,67347.77,307.16
375000.03,270.98,67759.11,307.01
375000.03,270.98,67553.19,307.09
375742.59,270.94,67347.77,307.16
372413.84,271.11,67416.20,307.14
374629.38,271.00,67827.88,306.99
375742.59,270.94,67690.41,307.04
375371.13,270.96,67416.20,307.14
371678.53,271.14,67211.11,307.21
372046.00,271.13,67690.41,307.04
376486.84,270.91,67347.77,307.16
379480.13,270.76,68034.47,306.92
377232.69,270.87,67279.41,307.18
369847.38,271.24,67416.20,307.14
376486.84,270.91,67690.41,307.04
374629.38,271.00,67690.41,307.04
376114.50,270.92,67690.41,307.04
377980.16,270.83,67416.20,307.14
375742.59,270.94,67759.11,307.01
377606.22,270.85,67690.41,307.04
373519.78,271.05,67827.88,306.99
373519.78,271.05,67347.77,307.16
377980.16,270.83,67484.66,307.11
376114.50,270.92,68103.45,306.89
372782.06,271.09,67347.77,307.16
373519.78,271.05,67553.19,307.09
374259.09,271.02,67347.77,307.16
375742.59,270.94,67484.66,307.11
378729.34,270.79,67759.11,307.01
372782.06,271.09,66598.87,307.43
375371.13,270.96,67347.77,307.16
376486.84,270.91,67621.78,307.06
375742.59,270.94,68103.45,306.89
376486.84,270.91,67347.77,307.16
375742.59,270.94,67827.88,306.99
377980.16,270.83,67827.88,306.99
375000.03,270.98,67621.78,307.06
376114.50,270.92,67279.41,307.18
374259.09,271.02,67690.41,307.04
373889.22,271.03,67484.66,307.11
378354.53,270.81,67347.77,307.16
373519.78,271.05,67484.66,307.11
374259.09,271.02,67347.77,307.16
374629.38,271.00,67553.19,307.09
374259.09,271.02,67416.20,307.14
375000.03,270.98,67484.66,307.11
379104.50,270.78,67484.66,307.11
373150.72,271.07,67484.66,307.11
377232.69,270.87,67759.11,307.01
377232.69,270.87,67553.19,307.09
373519.78,271.05,67347.77,307.16
374629.38,271.00,67416.20,307.14
376486.84,270.91,67553.19,307.09
375371.13,270.96,67553.19,307.09
376486.84,270.91,67347.77,307.16
377606.22,270.85,67484.66,307.11
377980.16,270.83,67759.11,307.01
377980.16,270.83,67965.55,306.94
376114.50,270.92,67142.85,307.23
376486.84,270.91,67347.77,307.16
374629.38,271.00,67347.77,307.16
377232.69,270.87,66734.53,307.38
377606.22,270.85,67416.20,307.14
371678.53,271.14,67416.20,307.14
374629.38,271.00,67553.19,307.09
379104.50,270.78,67484.66,307.11
379856.16,270.74,67553.19,307.09
374629.38,271.00,67484.66,307.11
373150.72,271.07,67827.88,306.99
372413.84,271.11,67827.88,306.99
379856.16,270.74,67827.88,306.99
374629.38,271.00,67074.66,307.26
376486.84,270.91,67416.20,307.14
377980.16,270.83,67690.41,307.04
376114.50,270.92,68034.47,306.92
373889.22,271.03,67690.41,307.04
370578.63,271.20,67347.77,307.16
379104.50,270.78,67827.88,306.99
377606.22,270.85,67965.55,306.94
373150.72,271.07,67347.77,307.16
373519.78,271.05,67347.77,307.16
379104.50,270.78,68034.47,306.92
374259.09,271.02,67416.20,307.14
369482.34,271.25,67211.11,307.21
377232.69,270.87,67690.41,307.04
377606.22,270.85,67553.19,307.09
374629.38,271.00,67621.78,307.06
374259.09,271.02,67484.66,307.11
376486.84,270.91,67965.55,306.94
377606.22,270.85,67211.11,307.21
371311.53,271.16,67553.19,307.09
379856.16,270.74,67279.41,307.18
376114.50,270.92,67142.85,307.23
378729.34,270.79,67965.55,306.94
379104.50,270.78,68310.73,306.82
375000.03,270.98,67484.66,307.11
372782.06,271.09,67759.11,307.01
374259.09,271.02,67347.77,307.16
373150.72,271.07,67347.77,307.16
377232.69,270.87,67347.77,307.16
378729.34,270.79,67621.78,307.06
372782.06,271.09,67690.41,307.04
375371.13,270.96,67759.11,307.01
376486.84,270.91,68172.48,306.87
375742.59,270.94,67759.11,307.01
373150.72,271.07,67484.66,307.11
377232.69,270.87,67827.88,306.99
378729.34,270.79,67690.41,307.04
372782.06,271.09,67553.19,307.09
376114.50,270.92,67759.11,307.01
379104.50,270.78,67759.11,307.01
373889.22,271.03,67553.19,307.09
375742.59,270.94,67553.19,307.09
377606.22,270.85,67621.78,307.06
373519.78,271.05,68103.45,306.89
373150.72,271.07,67690.41,307.04
376114.50,270.92,67759.11,307.01
374259.09,271.02,67484.66,307.11
376486.84,270.91,67827.88,306.99
377980.16,270.83,67827.88,306.99
369117.69,271.27,67484.66,307.11
373889.22,271.03,67416.20,307.14
375000.03,270.98,68241.58,306.85
373150.72,271.07,67347.77,307.16
374259.09,271.02,67553.19,307.09
375742.59,270.94,67416.20,307.14
372413.84,271.11,67347.77,307.16
374629.38,271.00,67347.77,307.16
373889.22,271.03,67553.19,307.09
377232.69,270.87,67621.78,307.06
373519.78,271.05,67484.66,307.11
373150.72,271.07,68034.47,306.92
373889.22,271.03,67621.78,307.06
377606.22,270.85,67347.77,307.16
372782.06,271.09,67896.68,306.97
373150.72,271.07,68241.58,306.85
373519.78,271.05,67690.41,307.04
373889.22,271.03,67484.66,307.11
375742.59,270.94,67553.19,307.09
374259.09,271.02,67484.66,307.11
374629.38,271.00,67347.77,307.16
377232.69,270.87,67827.88,306.99
375000.03,270.98,67621.78,307.06
374629.38,271.00,67553.19,307.09
374629.38,271.00,67621.78,307.06
375742.59,270.94,66734.53,307.38
377606.22,270.85,67690.41,307.04
374259.09,271.02,67553.19,307.09
375371.13,270.96,67690.41,307.04
379480.13,270.76,68103.45,306.89
374259.09,271.02,67553.19,307.09
373150.72,271.07,67827.88,306.99
374259.09,271.02,67759.11,307.01
376486.84,270.91,67827.88,306.99
379856.16,270.74,67621.78,307.06
373150.72,271.07,67621.78,307.06
373150.72,271.07,67416.20,307.14
379480.13,270.76,67347.77,307.16
376114.50,270.92,67690.41,307.04
373519.78,271.05,67416.20,307.14
375742.59,270.94,67759.11,307.01
376114.50,270.92,67347.77,307.16
377980.16,270.83,67690.41,307.04
376114.50,270.92,68103.45,306.89
375000.03,270.98,67416.20,307.14
377232.69,270.87,68657.34,306.70
371678.53,271.14,67347.77,307.16
373150.72,271.07,67827.88,306.99
376486.84,270.91,68034.47,306.92
376486.84,270.91,67759.11,307.01
375742.59,270.94,67827.88,306.99
376114.50,270.92,68034.47,306.92
374629.38,271.00,67553.19,307.09
375371.13,270.96,68103.45,306.89
376486.84,270.91,67759.11,307.01
375000.03,270.98,67553.19,307.09
376114.50,270.92,67690.41,307.04
379480.13,270.76,67553.19,307.09
376114.50,270.92,67759.11,307.01
374629.38,271.00,67965.55,306.94
374259.09,271.02,67553.19,307.09
379856.16,270.74,68034.47,306.92
377232.69,270.87,67553.19,307.09
376486.84,270.91,67484.66,307.11
376114.50,270.92,67621.78,307.06
373519.78,271.05,67347.77,307.16
380609.47,270.70,67484.66,307.11
374259.09,271.02,67690.41,307.04
374629.38,271.00,67416.20,307.14
375000.03,270.98,67690.41,307.04
377980.16,270.83,67759.11,307.01
374629.38,271.00,67347.77,307.16
376114.50,270.92,68034.47,306.92
373519.78,271.05,67553.19,307.09
379104.50,270.78,67827.88,306.99
374259.09,271.02,67553.19,307.09
376486.84,270.91,67347.77,307.16
377606.22,270.85,67690.41,307.04
375000.03,270.98,67484.66,307.11
372782.06,271.09,67484.66,307.11
372413.84,271.11,67759.11,307.01
374629.38,271.00,67621.78,307.06
379856.16,270.74,67347.77,307.16
375742.59,270.94,67416.20,307.14
377232.69,270.87,67416.20,307.14
375371.13,270.96,67553.19,307.09
376114.50,270.92,68103.45,306.89
377606.22,270.85,67827.88,306.99
374629.38,271.00,67690.41,307.04
379104.50,270.78,67347.77,307.16
378354.53,270.81,67965.55,306.94
379856.16,270.74,67759.11,307.01
373519.78,271.05,67690.41,307.04
376486.84,270.91,67484.66,307.11
377232.69,270.87,67484.66,307.11
376486.84,270.91,67827.88,306.99
375000.03,270.98,67690.41,307.04
374629.38,271.00,67416.20,307.14
375371.13,270.96,67621.78,307.06
374259.09,271.02,67279.41,307.18
379480.13,270.76,67690.41,307.04
376114.50,270.92,67965.55,306.94
375000.03,270.98,67827.88,306.99
372046.00,271.13,67416.20,307.14
373889.22,271.03,67690.41,307.04
377980.16,270.83,67690.41,307.04
379856.16,270.74,67484.66,307.11
374259.09,271.02,67416.20,307.14
373519.78,271.05,67484.66,307.11
374259.09,271.02,67690.41,307.04
378729.34,270.79,67827.88,306.99
378729.34,270.79,68241.58,306.85
376486.84,270.91,67759.11,307.01
374629.38,271.00,67416.20,307.14
377232.69,270.87,67553.19,307.09
374629.38,271.00,67965.55,306.94
379480.13,270.76,67690.41,307.04
379856.16,270.74,67690.41,307.04
376486.84,270.91,67553.19,307.09
377606.22,270.85,67690.41,307.04
377606.22,270.85,67759.11,307.01
378354.53,270.81,67416.20,307.14
375000.03,270.98,68034.47,306.92
376486.84,270.91,67211.11,307.21
375000.03,270.98,67965.55,306.94
379480.13,270.76,68310.73,306.82
377232.69,270.87,67827.88,306.99
373150.72,271.07,67759.11,307.01
375000.03,270.98,68103.45,306.89
373519.78,271.05,67827.88,306.99
378354.53,270.81,67827.88,306.99
379856.16,270.74,68241.58,306.85
371678.53,271.14,68034.47,306.92
375371.13,270.96,68241.58,306.85
376114.50,270.92,67827.88,306.99
378729.34,270.79,67690.41,307.04
373889.22,271.03,67759.11,307.01
375742.59,270.94,67827.88,306.99
373889.22,271.03,68241.58,306.85
379856.16,270.74,68103.45,306.89
376486.84,270.91,67690.41,307.04
379856.16,270.74,67553.19,307.09
373519.78,271.05,67827.88,306.99
377606.22,270.85,67759.11,307.01
376486.84,270.91,67553.19,307.09
373150.72,271.07,68379.93,306.80
376114.50,270.92,67827.88,306.99
379480.13,270.76,67553.19,307.09
377232.69,270.87,67759.11,307.01
373889.22,271.03,67484.66,307.11
375000.03,270.98,67827.88,306.99
375000.03,270.98,67965.55,306.94
376486.84,270.91,67965.55,306.94
376114.50,270.92,67759.11,307.01
373889.22,271.03,67279.41,307.18
375742.59,270.94,68310.73,306.82
378729.34,270.79,67759.11,307.01
378729.34,270.79,67965.55,306.94
379104.50,270.78,67827.88,306.99
375742.59,270.94,67279.41,307.18
376486.84,270.91,67827.88,306.99
373519.78,271.05,67690.41,307.04
375000.03,270.98,67759.11,307.01
375742.59,270.94,66734.53,307.38
378729.34,270.79,67827.88,306.99
374629.38,271.00,67759.11,307.01
373889.22,271.03,67416.20,307.14
376486.84,270.91,67827.88,306.99
375000.03,270.98,67827.88,306.99
377980.16,270.83,67416.20,307.14
375742.59,270.94,67965.55,306.94
377232.69,270.87,67759.11,307.01
377606.22,270.85,67621.78,307.06
373519.78,271.05,68103.45,306.89
377606.22,270.85,67759.11,307.01
376486.84,270.91,67142.85,307.23
375000.03,270.98,67621.78,307.06
377232.69,270.87,67690.41,307.04
374259.09,271.02,67827.88,306.99
374259.09,271.02,67690.41,307.04
376486.84,270.91,68103.45,306.89
375742.59,270.94,67484.66,307.11
373150.72,271.07,67553.19,307.09
373150.72,271.07,68103.45,306.89
373889.22,271.03,68103.45,306.89
376114.50,270.92,67759.11,307.01
376114.50,270.92,67759.11,307.01
372046.00,271.13,67347.77,307.16
371311.53,271.16,67621.78,307.06
371678.53,271.14,67827.88,306.99
374259.09,271.02,67621.78,307.06
376486.84,270.91,68172.48,306.87
374259.09,271.02,67621.78,307.06
375000.03,270.98,68034.47,306.92
375371.13,270.96,67827.88,306.99
376114.50,270.92,67347.77,307.16
372046.00,271.13,67621.78,307.06
371678.53,271.14,67347.77,307.16
375742.59,270.94,67827.88,306.99
372046.00,271.13,67690.41,307.04
376114.50,270.92,67416.20,307.14
377980.16,270.83,67759.11,307.01
373150.72,271.07,67827.88,306.99
372782.06,271.09,67553.19,307.09
376114.50,270.92,68034.47,306.92
373889.22,271.03,68796.38,306.65
373889.22,271.03,67965.55,306.94
373150.72,271.07,67553.19,307.09
373519.78,271.05,67965.55,306.94
377980.16,270.83,68379.93,306.80
378354.53,270.81,67347.77,307.16
380232.59,270.72,67553.19,307.09
370578.63,271.20,67690.41,307.04
375742.59,270.94,67827.88,306.99
376486.84,270.91,67759.11,307.01
376114.50,270.92,67759.11,307.01
378354.53,270.81,67759.11,307.01
377606.22,270.85,67416.20,307.14
372413.84,271.11,67416.20,307.14
373519.78,271.05,67690.41,307.04
373519.78,271.05,67759.11,307.01
374259.09,271.02,67553.19,307.09
379856.16,270.74,68103.45,306.89
375000.03,270.98,67759.11,307.01
369117.69,271.27,67416.20,307.14
377606.22,270.85,67416.20,307.14
374259.09,271.02,67416.20,307.14
373150.72,271.07,67347.77,307.16
371678.53,271.14,67827.88,306.99
375000.03,270.98,68241.58,306.85
375000.03,270.98,67553.19,307.09
374259.09,271.02,67827.88,306.99
377606.22,270.85,67965.55,306.94
377606.22,270.85,67279.41,307.18
378354.53,270.81,68034.47,306.92
375000.03,270.98,67827.88,306.99
372782.06,271.09,67347.77,307.16
375000.03,270.98,67759.11,307.01
375000.03,270.98,67690.41,307.04
377980.16,270.83,67827.88,306.99
376114.50,270.92,67759.11,307.01
372782.06,271.09,67690.41,307.04
377232.69,270.87,67347.77,307.16
376114.50,270.92,67416.20,307.14
374259.09,271.02,67347.77,307.16
376486.84,270.91,67347.77,307.16
379480.13,270.76,68449.20,306.77
374629.38,271.00,67827.88,306.99
373889.22,271.03,67690.41,307.04
374259.09,271.02,67759.11,307.01
369482.34,271.25,67690.41,307.04
375742.59,270.94,67827.88,306.99
377232.69,270.87,67827.88,306.99
374629.38,271.00,68034.47,306.92
377606.22,270.85,67827.88,306.99
371311.53,271.16,67416.20,307.14
373150.72,271.07,67621.78,307.06
377232.69,270.87,67827.88,306.99
376114.50,270.92,67827.88,306.99
372782.06,271.09,67827.88,306.99
374629.38,271.00,67759.11,307.01
373519.78,271.05,67827.88,306.99
372782.06,271.09,67347.77,307.16
372782.06,271.09,67827.88,306.99
378729.34,270.79,67416.20,307.14
377606.22,270.85,68103.45,306.89
372046.00,271.13,67279.41,307.18
375742.59,270.94,68103.45,306.89
375000.03,270.98,67827.88,306.99
373519.78,271.05,67690.41,307.04
370212.81,271.22,67553.19,307.09
375742.59,270.94,67827.88,306.99
377980.16,270.83,67759.11,307.01
374629.38,271.00,67553.19,307.09
375742.59,270.94,67827.88,306.99
376486.84,270.91,67965.55,306.94
373519.78,271.05,67759.11,307.01
374259.09,271.02,67690.41,307.04
373889.22,271.03,68103.45,306.89
373519.78,271.05,67965.55,306.94
371678.53,271.14,68241.58,306.85
371311.53,271.16,68103.45,306.89
373150.72,271.07,67759.11,307.01
374629.38,271.00,67553.19,307.09
375742.59,270.94,68034.47,306.92
374259.09,271.02,67690.41,307.04
373889.22,271.03,67621.78,307.06
375000.03,270.98,67690.41,307.04
369117.69,271.27,68034.47,306.92
376114.50,270.92,67827.88,306.99
377232.69,270.87,67759.11,307.01
373150.72,271.07,67553.19,307.09
378729.34,270.79,68172.48,306.87
375000.03,270.98,68034.47,306.92
374259.09,271.02,67553.19,307.09
375742.59,270.94,68103.45,306.89
375742.59,270.94,68034.47,306.92
373519.78,271.05,67553.19,307.09
375371.13,270.96,67553.19,307.09
376859.53,270.89,67553.19,307.09
369117.69,271.27,67690.41,307.04
372782.06,271.09,67416.20,307.14
374259.09,271.02,67416.20,307.14
372782.06,271.09,67553.19,307.09
373519.78,271.05,67827.88,306.99
372046.00,271.13,68103.45,306.89
371678.53,271.14,68034.47,306.92
373889.22,271.03,67690.41,307.04
370578.63,271.20,67759.11,307.01
374259.09,271.02,68241.58,306.85
375742.59,270.94,67827.88,306.99
374629.38,271.00,67965.55,306.94
374259.09,271.02,67965.55,306.94
375371.13,270.96,67827.88,306.99
376114.50,270.92,68034.47,306.92
372782.06,271.09,67690.41,307.04
373150.72,271.07,67759.11,307.01
371311.53,271.16,67827.88,306.99
372782.06,271.09,68103.45,306.89
373519.78,271.05,67759.11,307.01
373889.22,271.03,67690.41,307.04
377980.16,270.83,67553.19,307.09
373150.72,271.07,67347.77,307.16
377980.16,270.83,67690.41,307.04
372782.06,271.09,67553.19,307.09
372782.06,271.09,67416.20,307.14
373519.78,271.05,67965.55,306.94
369117.69,271.27,67416.20,307.14
372046.00,271.13,68241.58,306.85
374629.38,271.00,67484.66,307.11
372046.00,271.13,67553.19,307.09
374259.09,271.02,67553.19,307.09
376114.50,270.92,68172.48,306.87
373519.78,271.05,67690.41,307.04
375000.03,270.98,67690.41,307.04
375000.03,270.98,67827.88,306.99
373519.78,271.05,68034.47,306.92
373150.72,271.07,67416.20,307.14
373150.72,271.07,67279.41,307.18
377980.16,270.83,68310.73,306.82
373519.78,271.05,67690.41,307.04
374259.09,271.02,67484.66,307.11
372782.06,271.09,67553.19,307.09
378729.34,270.79,67827.88,306.99
373150.72,271.07,67347.77,307.16
372046.00,271.13,67347.77,307.16
375742.59,270.94,67759.11,307.01
373889.22,271.03,67347.77,307.16
374629.38,271.00,67965.55,306.94
370944.88,271.18,67553.19,307.09
377606.22,270.85,67965.55,306.94
374259.09,271.02,67690.41,307.04
373519.78,271.05,67759.11,307.01
376486.84,270.91,67827.88,306.99
371678.53,271.14,68103.45,306.89
375742.59,270.94,67553.19,307.09
379104.50,270.78,68103.45,306.89
375742.59,270.94,67759.11,307.01
377606.22,270.85,67759.11,307.01
378729.34,270.79,67827.88,306.99
374629.38,271.00,67759.11,307.01
372046.00,271.13,67759.11,307.01
376114.50,270.92,67553.19,307.09
372782.06,271.09,67690.41,307.04
376486.84,270.91,68034.47,306.92
377980.16,270.83,68310.73,306.82
372046.00,271.13,67347.77,307.16
374259.09,271.02,67827.88,306.99
377232.69,270.87,67690.41,307.04
376486.84,270.91,67484.66,307.11
375742.59,270.94,67690.41,307.04
373889.22,271.03,67759.11,307.01
375000.03,270.98,67484.66,307.11
376486.84,270.91,67553.19,307.09
377606.22,270.85,67484.66,307.11
374629.38,271.00,67484.66,307.11
377232.69,270.87,67827.88,306.99
377232.69,270.87,68379.93,306.80
371678.53,271.14,67759.11,307.01
373150.72,271.07,67347.77,307.16
374259.09,271.02,67553.19,307.09
376486.84,270.91,68379.93,306.80
375742.59,270.94,67827.88,306.99
372782.06,271.09,67416.20,307.14
372413.84,271.11,67553.19,307.09
375742.59,270.94,67690.41,307.04
375742.59,270.94,67827.88,306.99
376114.50,270.92,68103.45,306.89
374259.09,271.02,67827.88,306.99
373519.78,271.05,67690.41,307.04
375742.59,270.94,68241.58,306.85
373150.72,271.07,66598.87,307.43
373889.22,271.03,67553.19,307.09
373519.78,271.05,68241.58,306.85
373519.78,271.05,67690.41,307.04
372782.06,271.09,68034.47,306.92
375742.59,270.94,68034.47,306.92
373519.78,271.05,67827.88,306.99
371311.53,271.16,67759.11,307.01
369847.38,271.24,67347.77,307.16
376114.50,270.92,67759.11,307.01
369847.38,271.24,68103.45,306.89
374259.09,271.02,68310.73,306.82
376114.50,270.92,67690.41,307.04
375000.03,270.98,67347.77,307.16
378729.34,270.79,67827.88,306.99
375371.13,270.96,67690.41,307.04
374259.09,271.02,67759.11,307.01
377232.69,270.87,67827.88,306.99
373150.72,271.07,68103.45,306.89
372413.84,271.11,67827.88,306.99
371678.53,271.14,67827.88,306.99
375000.03,270.98,68241.58,306.85
371678.53,271.14,67416.20,307.14
376114.50,270.92,67827.88,306.99
373519.78,271.05,67553.19,307.09
376486.84,270.91,67965.55,306.94
373519.78,271.05,67484.66,307.11
376486.84,270.91,67827.88,306.99
378729.34,270.79,67827.88,306.99
381742.56,270.65,68034.47,306.92
376486.84,270.91,68241.58,306.85
375742.59,270.94,68379.93,306.80
371678.53,271.14,67827.88,306.99
376486.84,270.91,68103.45,306.89
374629.38,271.00,67621.78,307.06
370212.81,271.22,67347.77,307.16
376486.84,270.91,68172.48,306.87
373889.22,271.03,67553.19,307.09
377232.69,270.87,67965.55,306.94
374629.38,271.00,67553.19,307.09
368389.59,271.31,67553.19,307.09
372046.00,271.13,67827.88,306.99
373150.72,271.07,67553.19,307.09
368026.16,271.33,67553.19,307.09
373519.78,271.05,67621.78,307.06
373889.22,271.03,67553.19,307.09
375742.59,270.94,67827.88,306.99
374259.09,271.02,67553.19,307.09
373519.78,271.05,68310.73,306.82
375371.13,270.96,67827.88,306.99
372782.06,271.09,68034.47,306.92
374259.09,271.02,67827.88,306.99
374629.38,271.00,68379.93,306.80
370212.81,271.22,68449.20,306.77
372046.00,271.13,67553.19,307.09
375000.03,270.98,68172.48,306.87
373150.72,271.07,67759.11,307.01
374259.09,271.02,68034.47,306.92
373150.72,271.07,67416.20,307.14
376114.50,270.92,67827.88,306.99
371678.53,271.14,67690.41,307.04
377232.69,270.87,67690.41,307.04
376486.84,270.91,67553.19,307.09
374259.09,271.02,66734.53,307.38
371311.53,271.16,69354.84,306.46
375742.59,270.94,68103.45,306.89
373889.22,271.03,67965.55,306.94
374259.09,271.02,67690.41,307.04
369847.38,271.24,67965.55,306.94
372046.00,271.13,67347.77,307.16
373150.72,271.07,67759.11,307.01
372413.84,271.11,67827.88,306.99
373150.72,271.07,67416.20,307.14
376486.84,270.91,68657.34,306.70
374259.09,271.02,67074.66,307.26
374259.09,271.02,67416.20,307.14
374259.09,271.02,68103.45,306.89
372046.00,271.13,67759.11,307.01
376486.84,270.91,68241.58,306.85
378729.34,270.79,67965.55,306.94
373889.22,271.03,67690.41,307.04
373150.72,271.07,67827.88,306.99
373519.78,271.05,67690.41,307.04
375000.03,270.98,67827.88,306.99
373150.72,271.07,67827.88,306.99
373150.72,271.07,67965.55,306.94
373519.78,271.05,67759.11,307.01
375371.13,270.96,67827.88,306.99
373150.72,271.07,67690.41,307.04
373150.72,271.07,68103.45,306.89
376114.50,270.92,67827.88,306.99
375000.03,270.98,68034.47,306.92
373519.78,271.05,67759.11,307.01
373519.78,271.05,68241.58,306.85
372413.84,271.11,68034.47,306.92
373519.78,271.05,67553.19,307.09
379856.16,270.74,68241.58,306.85
375371.13,270.96,67690.41,307.04
374629.38,271.00,67553.19,307.09
374259.09,271.02,67484.66,307.11
375742.59,270.94,68103.45,306.89
379856.16,270.74,68172.48,306.87
376114.50,270.92,67553.19,307.09
374629.38,271.00,67416.20,307.14
374629.38,271.00,67690.41,307.04
379856.16,270.74,68449.20,306.77
373889.22,271.03,67484.66,307.11
370944.88,271.18,67759.11,307.01
376486.84,270.91,67965.55,306.94
370212.81,271.22,67965.55,306.94
374259.09,271.02,67827.88,306.99
374259.09,271.02,68172.48,306.87
376859.53,270.89,67896.68,306.97
373519.78,271.05,67553.19,307.09
372046.00,271.13,67759.11,307.01
378729.34,270.79,67965.55,306.94
372046.00,271.13,67553.19,307.09
372046.00,271.13,67690.41,307.04
379856.16,270.74,68241.58,306.85
373889.22,271.03,67759.11,307.01
370578.63,271.20,67896.68,306.97
375000.03,270.98,68103.45,306.89
374259.09,271.02,68172.48,306.87
373519.78,271.05,67965.55,306.94
373150.72,271.07,68172.48,306.87
372046.00,271.13,67827.88,306.99
373519.78,271.05,67690.41,307.04
377232.69,270.87,68310.73,306.82
377980.16,270.83,68034.47,306.92
373150.72,271.07,67759.11,307.01
372782.06,271.09,67827.88,306.99
373150.72,271.07,67690.41,307.04
372046.00,271.13,67965.55,306.94
375000.03,270.98,68379.93,306.80
376114.50,270.92,68310.73,306.82
374629.38,271.00,67965.55,306.94
374629.38,271.00,68241.58,306.85
373889.22,271.03,68379.93,306.80
379104.50,270.78,67416.20,307.14
375000.03,270.98,67896.68,306.97
375742.59,270.94,68241.58,306.85
372782.06,271.09,67484.66,307.11
374629.38,271.00,67621.78,307.06
379856.16,270.74,67621.78,307.06
379856.16,270.74,67827.88,306.99
375742.59,270.94,67553.19,307.09
376486.84,270.91,68034.47,306.92
377980.16,270.83,67965.55,306.94
374259.09,271.02,67484.66,307.11
374629.38,271.00,67553.19,307.09
372046.00,271.13,67347.77,307.16
379104.50,270.78,68034.47,306.92
375742.59,270.94,68034.47,306.92
374259.09,271.02,67690.41,307.04
372046.00,271.13,67553.19,307.09
376114.50,270.92,67621.78,307.06
379480.13,270.76,67759.11,307.01
374629.38,271.00,67553.19,307.09
376486.84,270.91,68241.58,306.85
378729.34,270.79,68310.73,306.82
375742.59,270.94,67279.41,307.18
377980.16,270.83,67759.11,307.01
377980.16,270.83,67690.41,307.04
372046.00,271.13,67484.66,307.11
375000.03,270.98,68103.45,306.89
375742.59,270.94,67347.77,307.16
373519.78,271.05,67484.66,307.11
377232.69,270.87,68241.58,306.85
376114.50,270.92,67759.11,307.01
378729.34,270.79,68379.93,306.80
377606.22,270.85,67827.88,306.99
375371.13,270.96,67416.20,307.14
376486.84,270.91,68034.47,306.92
377232.69,270.87,67690.41,307.04
372413.84,271.11,67621.78,307.06
377980.16,270.83,68103.45,306.89
374259.09,271.02,67827.88,306.99
378729.34,270.79,67965.55,306.94
373519.78,271.05,67965.55,306.94
377980.16,270.83,67827.88,306.99
377232.69,270.87,68103.45,306.89
372046.00,271.13,67759.11,307.01
375000.03,270.98,68241.58,306.85
375000.03,270.98,68103.45,306.89
372046.00,271.13,67965.55,306.94
375742.59,270.94,68241.58,306.85
370578.63,271.20,68034.47,306.92
373889.22,271.03,67553.19,307.09
376114.50,270.92,68034.47,306.92
376486.84,270.91,68034.47,306.92
374629.38,271.00,68310.73,306.82
374629.38,271.00,68103.45,306.89
374259.09,271.02,67896.68,306.97
373889.22,271.03,67553.19,307.09
375742.59,270.94,68034.47,306.92
371311.53,271.16,67759.11,307.01
374629.38,271.00,67759.11,307.01
374259.09,271.02,67965.55,306.94
376486.84,270.91,67965.55,306.94
375371.13,270.96,67347.77,307.16
375000.03,270.98,67827.88,306.99
373519.78,271.05,68241.58,306.85
379104.50,270.78,67965.55,306.94
373519.78,271.05,67827.88,306.99
374259.09,271.02,67827.88,306.99
374629.38,271.00,67759.11,307.01
377232.69,270.87,68034.47,306.92
372046.00,271.13,67553.19,307.09
379856.16,270.74,68310.73,306.82
377980.16,270.83,68518.52,306.75
373889.22,271.03,67965.55,306.94
378729.34,270.79,67965.55,306.94
375742.59,270.94,67621.78,307.06
379856.16,270.74,67965.55,306.94
376114.50,270.92,68034.47,306.92
376114.50,270.92,67416.20,307.14
373519.78,271.05,67827.88,306.99
372046.00,271.13,67827.88,306.99
375742.59,270.94,68379.93,306.80
375742.59,270.94,68034.47,306.92
373519.78,271.05,68034.47,306.92
375000.03,270.98,67553.19,307.09
376114.50,270.92,67416.20,307.14
373150.72,271.07,67553.19,307.09
374259.09,271.02,66938.45,307.31
370578.63,271.20,67759.11,307.01
377232.69,270.87,67553.19,307.09
377606.22,270.85,67827.88,306.99
369847.38,271.24,67347.77,307.16
376114.50,270.92,68034.47,306.92
376114.50,270.92,67965.55,306.94
373519.78,271.05,68034.47,306.92
378354.53,270.81,68034.47,306.92
375000.03,270.98,68449.20,306.77
376486.84,270.91,67690.41,307.04
377980.16,270.83,67484.66,307.11
371678.53,271.14,67416.20,307.14
369847.38,271.24,67416.20,307.14
376486.84,270.91,67827.88,306.99
374259.09,271.02,67553.19,307.09
378354.53,270.81,67827.88,306.99
369847.38,271.24,67416.20,307.14
370212.81,271.22,68103.45,306.89
379856.16,270.74,68379.93,306.80
374259.09,271.02,67827.88,306.99
375000.03,270.98,68034.47,306.92
375000.03,270.98,68103.45,306.89
374629.38,271.00,67690.41,307.04
373519.78,271.05,68379.93,306.80
371678.53,271.14,67965.55,306.94
378729.34,270.79,67827.88,306.99
373519.78,271.05,68449.20,306.77
375742.59,270.94,68449.20,306.77
377232.69,270.87,68241.58,306.85
376114.50,270.92,68103.45,306.89
372782.06,271.09,68034.47,306.92
375000.03,270.98,68241.58,306.85
378354.53,270.81,68310.73,306.82
375000.03,270.98,68241.58,306.85
372046.00,271.13,68034.47,306.92
373150.72,271.07,68103.45,306.89
375000.03,270.98,67827.88,306.99
375000.03,270.98,68103.45,306.89
376486.84,270.91,68310.73,306.82
375742.59,270.94,68034.47,306.92
372413.84,271.11,68103.45,306.89
374629.38,271.00,67827.88,306.99
373150.72,271.07,67827.88,306.99
374259.09,271.02,67690.41,307.04
377980.16,270.83,68379.93,306.80
377232.69,270.87,68310.73,306.82
372782.06,271.09,67827.88,306.99
377980.16,270.83,67690.41,307.04
375742.59,270.94,68103.45,306.89
375000.03,270.98,68241.58,306.85
374259.09,271.02,68310.73,306.82
372046.00,271.13,67827.88,306.99
373519.78,271.05,68103.45,306.89
375000.03,270.98,68103.45,306.89
376486.84,270.91,68310.73,306.82
373519.78,271.05,67553.19,307.09
375742.59,270.94,67965.55,306.94
376114.50,270.92,67621.78,307.06
377232.69,270.87,67965.55,306.94
375742.59,270.94,68103.45,306.89
374629.38,271.00,68034.47,306.92
376114.50,270.92,68103.45,306.89
375742.59,270.94,68034.47,306.92
377980.16,270.83,68103.45,306.89
375000.03,270.98,68103.45,306.89
373519.78,271.05,68587.89,306.73
377606.22,270.85,67965.55,306.94
376486.84,270.91,68103.45,306.89
377232.69,270.87,68241.58,306.85
377980.16,270.83,67827.88,306.99
373150.72,271.07,67759.11,307.01
374629.38,271.00,67553.19,307.09
376114.50,270.92,67965.55,306.94
374259.09,271.02,68241.58,306.85
377232.69,270.87,68103.45,306.89
373150.72,271.07,67827.88,306.99
374629.38,271.00,68241.58,306.85
373150.72,271.07,67827.88,306.99
374629.38,271.00,67827.88,306.99
377980.16,270.83,68379.93,306.80
376114.50,270.92,68103.45,306.89
373519.78,271.05,68034.47,306.92
373150.72,271.07,68103.45,306.89
370212.81,271.22,67690.41,307.04
377606.22,270.85,68241.58,306.85
379480.13,270.76,68103.45,306.89
373150.72,271.07,68034.47,306.92
375000.03,270.98,67827.88,306.99
374259.09,271.02,68103.45,306.89
375742.59,270.94,68034.47,306.92
374629.38,271.00,68449.20,306.77
372046.00,271.13,67827.88,306.99
376486.84,270.91,68034.47,306.92
377606.22,270.85,67553.19,307.09
374629.38,271.00,68241.58,306.85
373150.72,271.07,67759.11,307.01
375000.03,270.98,67690.41,307.04
375371.13,270.96,68103.45,306.89
372413.84,271.11,67484.66,307.11
373889.22,271.03,67965.55,306.94
371311.53,271.16,67690.41,307.04
375742.59,270.94,68034.47,306.92
372046.00,271.13,68241.58,306.85
372046.00,271.13,67416.20,307.14
375000.03,270.98,68379.93,306.80
375742.59,270.94,67827.88,306.99
372782.06,271.09,68034.47,306.92
377232.69,270.87,68241.58,306.85
379856.16,270.74,67621.78,307.06
374259.09,271.02,68518.52,306.75
375000.03,270.98,68103.45,306.89
375742.59,270.94,67827.88,306.99
378729.34,270.79,68587.89,306.73
373519.78,271.05,67827.88,306.99
373150.72,271.07,68103.45,306.89
379856.16,270.74,68241.58,306.85
373889.22,271.03,68034.47,306.92
362979.00,271.59,68241.58,306.85
375742.59,270.94,68103.45,306.89
377232.69,270.87,67347.77,307.16
370212.81,271.22,67827.88,306.99
377606.22,270.85,67759.11,307.01
375000.03,270.98,68310.73,306.82
377606.22,270.85,67690.41,307.04
377606.22,270.85,68449.20,306.77
377232.69,270.87,68034.47,306.92
374259.09,271.02,67827.88,306.99
371311.53,271.16,67827.88,306.99
377980.16,270.83,67759.11,307.01
375000.03,270.98,67690.41,307.04
374259.09,271.02,68103.45,306.89
375371.13,270.96,68103.45,306.89
375000.03,270.98,68103.45,306.89
374259.09,271.02,67484.66,307.11
375371.13,270.96,68103.45,306.89
377606.22,270.85,68103.45,306.89
377232.69,270.87,67965.55,306.94
374259.09,271.02,67484.66,307.11
374259.09,271.02,68034.47,306.92
373519.78,271.05,68103.45,306.89
376114.50,270.92,67827.88,306.99
379856.16,270.74,68518.52,306.75
373519.78,271.05,68103.45,306.89
376486.84,270.91,68034.47,306.92
376114.50,270.92,68172.48,306.87
377606.22,270.85,68034.47,306.92
377232.69,270.87,68241.58,306.85
374629.38,271.00,68103.45,306.89
377232.69,270.87,68379.93,306.80
375000.03,270.98,68379.93,306.80
378729.34,270.79,69144.98,306.53
379104.50,270.78,67827.88,306.99
376486.84,270.91,68241.58,306.85
376486.84,270.91,68310.73,306.82
378354.53,270.81,68103.45,306.89
379856.16,270.74,68449.20,306.77
378354.53,270.81,67827.88,306.99
375000.03,270.98,68103.45,306.89
379104.50,270.78,68034.47,306.92
379104.50,270.78,68241.58,306.85
375742.59,270.94,68103.45,306.89
377606.22,270.85,69075.15,306.56
376486.84,270.91,68103.45,306.89
374629.38,271.00,68103.45,306.89
378729.34,270.79,68103.45,306.89
375742.59,270.94,67965.55,306.94
376486.84,270.91,68034.47,306.92
379104.50,270.78,68310.73,306.82
374629.38,271.00,67965.55,306.94
373519.78,271.05,68103.45,306.89
374629.38,271.00,68310.73,306.82
372782.06,271.09,67347.77,307.16
373150.72,271.07,67279.41,307.18
375742.59,270.94,68379.93,306.80
377980.16,270.83,67690.41,307.04
372782.06,271.09,68103.45,306.89
378354.53,270.81,68587.89,306.73
374629.38,271.00,67827.88,306.99
375000.03,270.98,67827.88,306.99
379480.13,270.76,68379.93,306.80
377606.22,270.85,67553.19,307.09
376114.50,270.92,68034.47,306.92
375742.59,270.94,68379.93,306.80
377980.16,270.83,68103.45,306.89
375000.03,270.98,67827.88,306.99
376486.84,270.91,68172.48,306.87
376486.84,270.91,67827.88,306.99
376486.84,270.91,68103.45,306.89
376114.50,270.92,68103.45,306.89
379856.16,270.74,68103.45,306.89
375742.59,270.94,67827.88,306.99
378729.34,270.79,68103.45,306.89
376114.50,270.92,68241.58,306.85
376114.50,270.92,68034.47,306.92
373889.22,271.03,68103.45,306.89
376486.84,270.91,68103.45,306.89
373889.22,271.03,68379.93,306.80
375000.03,270.98,68034.47,306.92
379856.16,270.74,68103.45,306.89
377606.22,270.85,68103.45,306.89
374629.38,271.00,68103.45,306.89
374629.38,271.00,68379.93,306.80
375371.13,270.96,68103.45,306.89
375000.03,270.98,68241.58,306.85
378354.53,270.81,68379.93,306.80
377232.69,270.87,67965.55,306.94
374259.09,271.02,67759.11,307.01
376486.84,270.91,68310.73,306.82
376486.84,270.91,68103.45,306.89
372782.06,271.09,68034.47,306.92
373150.72,271.07,68103.45,306.89
376114.50,270.92,68103.45,306.89
377606.22,270.85,67759.11,307.01
373150.72,271.07,68034.47,306.92
371311.53,271.16,67965.55,306.94
374259.09,271.02,68379.93,306.80
373889.22,271.03,68310.73,306.82
373150.72,271.07,67759.11,307.01
377606.22,270.85,68034.47,306.92
373519.78,271.05,68103.45,306.89
375000.03,270.98,68310.73,306.82
375371.13,270.96,68103.45,306.89
372046.00,271.13,68241.58,306.85
374259.09,271.02,68103.45,306.89
374629.38,271.00,68310.73,306.82
375742.59,270.94,68379.93,306.80
374629.38,271.00,68034.47,306.92
372046.00,271.13,68310.73,306.82
372046.00,271.13,68103.45,306.89
374259.09,271.02,68379.93,306.80
375371.13,270.96,68310.73,306.82
372782.06,271.09,67827.88,306.99
373889.22,271.03,67827.88,306.99
378729.34,270.79,68310.73,306.82
375742.59,270.94,67965.55,306.94
375742.59,270.94,69214.88,306.51
377606.22,270.85,68241.58,306.85
375742.59,270.94,68034.47,306.92
376486.84,270.91,68379.93,306.80
376114.50,270.92,68379.93,306.80
373150.72,271.07,67827.88,306.99
375742.59,270.94,68103.45,306.89
376114.50,270.92,68103.45,306.89
376486.84,270.91,68103.45,306.89
372782.06,271.09,67965.55,306.94
376114.50,270.92,68103.45,306.89
377232.69,270.87,68518.52,306.75
376114.50,270.92,68518.52,306.75
372413.84,271.11,68657.34,306.70
377606.22,270.85,68103.45,306.89
377606.22,270.85,67965.55,306.94
372046.00,271.13,68241.58,306.85
375000.03,270.98,67965.55,306.94
379856.16,270.74,68103.45,306.89
376486.84,270.91,68379.93,306.80
374629.38,271.00,68241.58,306.85
373519.78,271.05,68241.58,306.85
378729.34,270.79,68241.58,306.85
376859.53,270.89,68657.34,306.70
376486.84,270.91,68379.93,306.80
377980.16,270.83,68241.58,306.85
373150.72,271.07,67827.88,306.99
376486.84,270.91,67827.88,306.99
377606.22,270.85,68103.45,306.89
376114.50,270.92,68587.89,306.73
375000.03,270.98,67965.55,306.94
377980.16,270.83,68379.93,306.80
379856.16,270.74,68241.58,306.85
375742.59,270.94,68379.93,306.80
375742.59,270.94,68172.48,306.87
374629.38,271.00,67827.88,306.99
377232.69,270.87,68518.52,306.75
378729.34,270.79,68379.93,306.80
373519.78,271.05,68034.47,306.92
373889.22,271.03,68241.58,306.85
375371.13,270.96,67827.88,306.99
376114.50,270.92,68379.93,306.80
372782.06,271.09,68103.45,306.89
382500.03,270.61,68726.83,306.68
376114.50,270.92,68103.45,306.89
372782.06,271.09,67553.19,307.09
374629.38,271.00,67965.55,306.94
379480.13,270.76,67416.20,307.14
374629.38,271.00,68449.20,306.77
374629.38,271.00,68034.47,306.92
377606.22,270.85,68518.52,306.75
375000.03,270.98,68379.93,306.80
376486.84,270.91,68518.52,306.75
370212.81,271.22,67484.66,307.11
378729.34,270.79,67827.88,306.99
376114.50,270.92,68241.58,306.85
374259.09,271.02,68103.45,306.89
374259.09,271.02,67827.88,306.99
377980.16,270.83,68034.47,306.92
374259.09,271.02,68379.93,306.80
376486.84,270.91,67827.88,306.99
374259.09,271.02,68103.45,306.89
376486.84,270.91,67827.88,306.99
372413.84,271.11,68379.93,306.80
373519.78,271.05,67347.77,307.16
373519.78,271.05,67965.55,306.94
373150.72,271.07,67965.55,306.94
373150.72,271.07,67690.41,307.04
373519.78,271.05,68103.45,306.89
374629.38,271.00,67759.11,307.01
378354.53,270.81,68241.58,306.85
376486.84,270.91,68379.93,306.80
374629.38,271.00,68241.58,306.85
370578.63,271.20,68034.47,306.92
375742.59,270.94,68241.58,306.85
374259.09,271.02,68241.58,306.85
374259.09,271.02,68103.45,306.89
375000.03,270.98,68103.45,306.89
377606.22,270.85,68379.93,306.80
374629.38,271.00,68103.45,306.89
379104.50,270.78,68241.58,306.85
372782.06,271.09,68103.45,306.89
378729.34,270.79,68310.73,306.82
372782.06,271.09,68034.47,306.92
371311.53,271.16,68310.73,306.82
375000.03,270.98,68310.73,306.82
375371.13,270.96,68103.45,306.89
373519.78,271.05,68172.48,306.87
376486.84,270.91,68379.93,306.80
372782.06,271.09,68034.47,306.92
372782.06,271.09,68241.58,306.85
377606.22,270.85,68103.45,306.89
374259.09,271.02,68379.93,306.80
370578.63,271.20,67827.88,306.99
375000.03,270.98,68587.89,306.73
375742.59,270.94,68449.20,306.77
377232.69,270.87,68241.58,306.85
373519.78,271.05,68103.45,306.89
374629.38,271.00,68241.58,306.85
379480.13,270.76,68310.73,306.82
373889.22,271.03,67759.11,307.01
373519.78,271.05,68034.47,306.92
374259.09,271.02,68449.20,306.77
374629.38,271.00,68379.93,306.80
374259.09,271.02,68103.45,306.89
372782.06,271.09,68379.93,306.80
373519.78,271.05,68449.20,306.77
373889.22,271.03,68379.93,306.80
373889.22,271.03,68103.45,306.89
372782.06,271.09,68034.47,306.92
373150.72,271.07,67965.55,306.94
372046.00,271.13,68103.45,306.89
371678.53,271.14,68034.47,306.92
375371.13,270.96,68310.73,306.82
374259.09,271.02,68103.45,306.89
375000.03,270.98,68310.73,306.82
375742.59,270.94,68449.20,306.77
373150.72,271.07,68103.45,306.89
373150.72,271.07,67827.88,306.99
376486.84,270.91,68379.93,306.80
375371.13,270.96,68310.73,306.82
373519.78,271.05,67690.41,307.04
374259.09,271.02,68379.93,306.80
379480.13,270.76,68103.45,306.89
374259.09,271.02,68103.45,306.89
371678.53,271.14,68034.47,306.92
379480.13,270.76,68310.73,306.82
374629.38,271.00,68379.93,306.80
372782.06,271.09,68241.58,306.85
376859.53,270.89,68518.52,306.75
373519.78,271.05,68310.73,306.82
373150.72,271.07,68310.73,306.82
376486.84,270.91,68172.48,306.87
374629.38,271.00,68449.20,306.77
373519.78,271.05,68310.73,306.82
373889.22,271.03,67827.88,306.99
374629.38,271.00,68241.58,306.85
375000.03,270.98,68103.45,306.89
373150.72,271.07,68103.45,306.89
377606.22,270.85,68379.93,306.80
371311.53,271.16,68310.73,306.82
373519.78,271.05,67827.88,306.99
375000.03,270.98,68379.93,306.80
375371.13,270.96,68310.73,306.82
372046.00,271.13,67965.55,306.94
377980.16,270.83,68310.73,306.82
373519.78,271.05,67690.41,307.04
370578.63,271.20,67553.19,307.09
373519.78,271.05,67965.55,306.94
372782.06,271.09,67827.88,306.99
373889.22,271.03,68172.48,306.87
373889.22,271.03,67965.55,306.94
374259.09,271.02,68103.45,306.89
373889.22,271.03,67690.41,307.04
370212.81,271.22,68241.58,306.85
378729.34,270.79,68241.58,306.85
373519.78,271.05,68379.93,306.80
373519.78,271.05,67827.88,306.99
374259.09,271.02,68449.20,306.77
377980.16,270.83,68379.93,306.80
373889.22,271.03,68103.45,306.89
373519.78,271.05,67347.77,307.16
373519.78,271.05,68310.73,306.82
369847.38,271.24,67965.55,306.94
370944.88,271.18,68379.93,306.80
375742.59,270.94,68587.89,306.73
377606.22,270.85,68103.45,306.89
370578.63,271.20,67690.41,307.04
373519.78,271.05,67553.19,307.09
374629.38,271.00,67074.66,307.26
376486.84,270.91,67347.77,307.16
377232.69,270.87,68587.89,306.73
376114.50,270.92,68034.47,306.92
369847.38,271.24,67827.88,306.99
370212.81,271.22,68310.73,306.82
370578.63,271.20,67827.88,306.99
376486.84,270.91,67965.55,306.94
374259.09,271.02,68103.45,306.89
375742.59,270.94,68310.73,306.82
374259.09,271.02,67965.55,306.94
374629.38,271.00,67827.88,306.99
377232.69,270.87,68379.93,306.80
374629.38,271.00,68034.47,306.92
374629.38,271.00,68310.73,306.82
370578.63,271.20,68379.93,306.80
379480.13,270.76,67965.55,306.94
372782.06,271.09,67827.88,306.99
377606.22,270.85,68241.58,306.85
377980.16,270.83,67827.88,306.99
372782.06,271.09,67690.41,307.04
373150.72,271.07,68657.34,306.70
376114.50,270.92,68034.47,306.92
379480.13,270.76,68241.58,306.85
375000.03,270.98,67896.68,306.97
374629.38,271.00,68103.45,306.89
372782.06,271.09,67827.88,306.99
374259.09,271.02,68241.58,306.85
378729.34,270.79,68379.93,306.80
377232.69,270.87,68103.45,306.89
373519.78,271.05,67484.66,307.11
375371.13,270.96,67827.88,306.99
375000.03,270.98,68310.73,306.82
376486.84,270.91,68449.20,306.77
374259.09,271.02,68034.47,306.92
373889.22,271.03,68241.58,306.85
373889.22,271.03,67827.88,306.99
375000.03,270.98,66463.41,307.48
376859.53,270.89,67553.19,307.09
375742.59,270.94,68518.52,306.75
377980.16,270.83,67759.11,307.01
375742.59,270.94,68379.93,306.80
374259.09,271.02,67965.55,306.94
374259.09,271.02,68379.93,306.80
373519.78,271.05,68379.93,306.80
376114.50,270.92,68379.93,306.80
374259.09,271.02,67690.41,307.04
375000.03,270.98,68241.58,306.85
373150.72,271.07,68103.45,306.89
375742.59,270.94,68310.73,306.82
376486.84,270.91,67827.88,306.99
373150.72,271.07,68172.48,306.87
374629.38,271.00,68379.93,306.80
378729.34,270.79,68241.58,306.85
377980.16,270.83,68379.93,306.80
375000.03,270.98,67827.88,306.99
376486.84,270.91,68103.45,306.89
379104.50,270.78,68379.93,306.80
378729.34,270.79,67690.41,307.04
371678.53,271.14,68103.45,306.89
374259.09,271.02,68103.45,306.89
377232.69,270.87,68518.52,306.75
378729.34,270.79,67827.88,306.99
373519.78,271.05,68241.58,306.85
373889.22,271.03,68310.73,306.82
377232.69,270.87,68379.93,306.80
372782.06,271.09,68103.45,306.89
373519.78,271.05,67759.11,307.01
377232.69,270.87,69144.98,306.53
368026.16,271.33,68241.58,306.85
375000.03,270.98,68379.93,306.80
376486.84,270.91,68241.58,306.85
376114.50,270.92,67759.11,307.01
370578.63,271.20,67690.41,307.04
376114.50,270.92,68379.93,306.80
373889.22,271.03,68379.93,306.80
373519.78,271.05,68241.58,306.85
375742.59,270.94,68103.45,306.89
376486.84,270.91,68310.73,306.82
373150.72,271.07,68241.58,306.85
372046.00,271.13,67690.41,307.04
370578.63,271.20,68379.93,306.80
372782.06,271.09,68172.48,306.87
372046.00,271.13,68449.20,306.77
370212.81,271.22,67965.55,306.94
370578.63,271.20,68241.58,306.85
375000.03,270.98,68310.73,306.82
381742.56,270.65,68449.20,306.77
378729.34,270.79,68796.38,306.65
370944.88,271.18,68034.47,306.92
371678.53,271.14,67827.88,306.99
376486.84,270.91,68241.58,306.85
373889.22,271.03,67827.88,306.99
369117.69,271.27,67827.88,306.99
374259.09,271.02,68379.93,306.80
374259.09,271.02,67827.88,306.99
374629.38,271.00,68172.48,306.87
377980.16,270.83,68657.34,306.70
376114.50,270.92,68310.73,306.82
372046.00,271.13,67759.11,307.01
372782.06,271.09,67759.11,307.01
372782.06,271.09,68103.45,306.89
374259.09,271.02,67827.88,306.99
369117.69,271.27,67965.55,306.94
375371.13,270.96,67965.55,306.94
376114.50,270.92,68103.45,306.89
373889.22,271.03,67827.88,306.99
371678.53,271.14,68103.45,306.89
373519.78,271.05,68449.20,306.77
375742.59,270.94,67965.55,306.94
369847.38,271.24,68103.45,306.89
373519.78,271.05,67896.68,306.97
379104.50,270.78,68379.93,306.80
372046.00,271.13,68310.73,306.82
373150.72,271.07,67553.19,307.09
374629.38,271.00,68241.58,306.85
374629.38,271.00,68103.45,306.89
372046.00,271.13,68034.47,306.92
373519.78,271.05,68449.20,306.77
375000.03,270.98,67896.68,306.97
372046.00,271.13,67416.20,307.14
376114.50,270.92,68379.93,306.80
373519.78,271.05,67759.11,307.01
369117.69,271.27,68103.45,306.89
377232.69,270.87,67690.41,307.04
375742.59,270.94,67965.55,306.94
373889.22,271.03,67965.55,306.94
373150.72,271.07,68310.73,306.82
375742.59,270.94,68034.47,306.92
374629.38,271.00,67827.88,306.99
373519.78,271.05,67827.88,306.99
373519.78,271.05,68379.93,306.80
368753.44,271.29,67965.55,306.94
375000.03,270.98,67347.77,307.16
373889.22,271.03,68310.73,306.82
375742.59,270.94,68310.73,306.82
370212.81,271.22,68379.93,306.80
373519.78,271.05,67759.11,307.01
377232.69,270.87,67553.19,307.09
375742.59,270.94,68449.20,306.77
373519.78,271.05,68449.20,306.77
375371.13,270.96,68034.47,306.92
375371.13,270.96,68241.58,306.85
370578.63,271.20,69005.36,306.58
377232.69,270.87,68241.58,306.85
375742.59,270.94,67827.88,306.99
377232.69,270.87,68379.93,306.80
373150.72,271.07,68103.45,306.89
373889.22,271.03,67827.88,306.99
376486.84,270.91,68379.93,306.80
371311.53,271.16,68103.45,306.89
373519.78,271.05,68241.58,306.85
377232.69,270.87,67553.19,307.09
376114.50,270.92,68034.47,306.92
379856.16,270.74,68103.45,306.89
375742.59,270.94,68241.58,306.85
373889.22,271.03,68379.93,306.80
375000.03,270.98,68034.47,306.92
372413.84,271.11,67416.20,307.14
375742.59,270.94,67827.88,306.99
371678.53,271.14,67553.19,307.09
373889.22,271.03,67965.55,306.94
376114.50,270.92,68103.45,306.89
374259.09,271.02,67965.55,306.94
372782.06,271.09,67279.41,307.18
374629.38,271.00,68103.45,306.89
372782.06,271.09,68034.47,306.92
374259.09,271.02,68241.58,306.85
374629.38,271.00,68449.20,306.77
373519.78,271.05,68034.47,306.92
379480.13,270.76,68518.52,306.75
379104.50,270.78,67553.19,307.09
370212.81,271.22,67827.88,306.99
378729.34,270.79,68241.58,306.85
373519.78,271.05,67827.88,306.99
368389.59,271.31,68449.20,306.77
375000.03,270.98,68726.83,306.68
372782.06,271.09,67553.19,307.09
371678.53,271.14,68379.93,306.80
377606.22,270.85,67965.55,306.94
372046.00,271.13,68310.73,306.82
373150.72,271.07,68103.45,306.89
375000.03,270.98,68103.45,306.89
374629.38,271.00,68310.73,306.82
374259.09,271.02,68103.45,306.89
375742.59,270.94,68103.45,306.89
379856.16,270.74,68034.47,306.92
374629.38,271.00,68310.73,306.82
375000.03,270.98,68379.93,306.80
377606.22,270.85,68310.73,306.82
375000.03,270.98,67965.55,306.94
373519.78,271.05,67827.88,306.99
374259.09,271.02,67690.41,307.04
376114.50,270.92,68587.89,306.73
373150.72,271.07,68449.20,306.77
372046.00,271.13,68103.45,306.89
374259.09,271.02,68379.93,306.80
376486.84,270.91,68379.93,306.80
375742.59,270.94,68103.45,306.89
374259.09,271.02,68310.73,306.82
373889.22,271.03,68241.58,306.85
375000.03,270.98,67759.11,307.01
373150.72,271.07,68103.45,306.89
373519.78,271.05,68103.45,306.89
374259.09,271.02,68379.93,306.80
372046.00,271.13,68034.47,306.92
371678.53,271.14,68518.52,306.75
376486.84,270.91,68587.89,306.73
373889.22,271.03,67965.55,306.94
371678.53,271.14,68310.73,306.82
379480.13,270.76,67690.41,307.04
372782.06,271.09,67759.11,307.01
371311.53,271.16,68241.58,306.85
379856.16,270.74,68241.58,306.85
372413.84,271.11,68241.58,306.85
372782.06,271.09,68379.93,306.80
376114.50,270.92,68587.89,306.73
377232.69,270.87,67621.78,307.06
369117.69,271.27,67965.55,306.94
377232.69,270.87,68103.45,306.89
377606.22,270.85,67965.55,306.94
370578.63,271.20,68172.48,306.87
378729.34,270.79,68241.58,306.85
377606.22,270.85,68241.58,306.85
373150.72,271.07,67827.88,306.99
375371.13,270.96,67827.88,306.99
377232.69,270.87,68241.58,306.85
375371.13,270.96,67690.41,307.04
380232.59,270.72,68034.47,306.92
375371.13,270.96,67965.55,306.94
375371.13,270.96,68034.47,306.92
376486.84,270.91,68310.73,306.82
370578.63,271.20,67416.20,307.14
377606.22,270.85,67621.78,307.06
377980.16,270.83,68518.52,306.75
377232.69,270.87,68379.93,306.80
374629.38,271.00,68034.47,306.92
375742.59,270.94,68379.93,306.80
373889.22,271.03,67279.41,307.18
375742.59,270.94,68379.93,306.80
376486.84,270.91,68241.58,306.85
375742.59,270.94,68379.93,306.80
372782.06,271.09,67965.55,306.94
377606.22,270.85,67965.55,306.94
376486.84,270.91,68449.20,306.77
377980.16,270.83,67965.55,306.94
375371.13,270.96,68241.58,306.85
372046.00,271.13,67553.19,307.09
376486.84,270.91,68241.58,306.85
379104.50,270.78,67484.66,307.11
378729.34,270.79,68241.58,306.85
379856.16,270.74,68379.93,306.80
375000.03,270.98,68518.52,306.75
372782.06,271.09,68241.58,306.85
375371.13,270.96,68310.73,306.82
379856.16,270.74,68379.93,306.80
374259.09,271.02,68241.58,306.85
377980.16,270.83,68310.73,306.82
377232.69,270.87,68310.73,306.82
376486.84,270.91,67965.55,306.94
375742.59,270.94,68172.48,306.87
375742.59,270.94,68518.52,306.75
378354.53,270.81,68103.45,306.89
374629.38,271.00,68034.47,306.92
379480.13,270.76,67759.11,307.01
379480.13,270.76,68310.73,306.82
374629.38,271.00,67690.41,307.04
373150.72,271.07,68449.20,306.77
379104.50,270.78,68379.93,306.80
377232.69,270.87,68241.58,306.85
377606.22,270.85,68587.89,306.73
374259.09,271.02,68241.58,306.85
374259.09,271.02,68241.58,306.85
376486.84,270.91,67965.55,306.94
373519.78,271.05,68103.45,306.89
377232.69,270.87,68310.73,306.82
377232.69,270.87,68103.45,306.89
373150.72,271.07,68103.45,306.89
374629.38,271.00,68310.73,306.82
375742.59,270.94,68379.93,306.80
373150.72,271.07,68103.45,306.89
374259.09,271.02,68034.47,306.92
376486.84,270.91,67965.55,306.94
376114.50,270.92,68310.73,306.82
375000.03,270.98,68103.45,306.89
377980.16,270.83,68310.73,306.82
372046.00,271.13,67827.88,306.99
374629.38,271.00,68103.45,306.89
370212.81,271.22,68379.93,306.80
376486.84,270.91,68034.47,306.92
374259.09,271.02,68034.47,306.92
375742.59,270.94,68449.20,306.77
375371.13,270.96,68172.48,306.87
375371.13,270.96,68310.73,306.82
379856.16,270.74,68103.45,306.89
373519.78,271.05,68241.58,306.85
377980.16,270.83,68103.45,306.89
374259.09,271.02,68518.52,306.75
368026.16,271.33,68379.93,306.80
377232.69,270.87,68034.47,306.92
374629.38,271.00,68449.20,306.77
375742.59,270.94,68379.93,306.80
375000.03,270.98,68241.58,306.85
379480.13,270.76,68241.58,306.85
372782.06,271.09,68034.47,306.92
373519.78,271.05,68310.73,306.82
374259.09,271.02,68103.45,306.89
372046.00,271.13,67690.41,307.04
374259.09,271.02,68103.45,306.89
374629.38,271.00,67965.55,306.94
374259.09,271.02,68241.58,306.85
375742.59,270.94,68103.45,306.89
374629.38,271.00,67827.88,306.99
372046.00,271.13,66598.87,307.43
373519.78,271.05,67347.77,307.16
379856.16,270.74,67690.41,307.04
372046.00,271.13,68103.45,306.89
369847.38,271.24,67690.41,307.04
378729.34,270.79,68172.48,306.87
373519.78,271.05,68449.20,306.77
375371.13,270.96,68103.45,306.89
372782.06,271.09,67827.88,306.99
375371.13,270.96,68241.58,306.85
375742.59,270.94,67484.66,307.11
372782.06,271.09,67965.55,306.94
370212.81,271.22,68241.58,306.85
375000.03,270.98,68310.73,306.82
378354.53,270.81,67827.88,306.99
371678.53,271.14,67827.88,306.99
375000.03,270.98,68034.47,306.92
377232.69,270.87,68379.93,306.80
374629.38,271.00,68379.93,306.80
373889.22,271.03,67827.88,306.99
372046.00,271.13,68379.93,306.80
375000.03,270.98,67759.11,307.01
375742.59,270.94,68310.73,306.82
370578.63,271.20,67827.88,306.99
372782.06,271.09,68034.47,306.92
377232.69,270.87,68241.58,306.85
375000.03,270.98,68103.45,306.89
376114.50,270.92,68034.47,306.92
372413.84,271.11,68310.73,306.82
375000.03,270.98,68241.58,306.85
373519.78,271.05,68241.58,306.85
377606.22,270.85,68518.52,306.75
375742.59,270.94,68726.83,306.68
373519.78,271.05,68034.47,306.92
370212.81,271.22,68034.47,306.92
379856.16,270.74,68379.93,306.80
373519.78,271.05,68241.58,306.85
373150.72,271.07,68103.45,306.89
375742.59,270.94,67759.11,307.01
377232.69,270.87,68310.73,306.82
374259.09,271.02,68657.34,306.70
375742.59,270.94,68103.45,306.89
375000.03,270.98,68587.89,306.73
374629.38,271.00,68034.47,306.92
372413.84,271.11,68034.47,306.92
374629.38,271.00,68103.45,306.89
377232.69,270.87,68241.58,306.85
375371.13,270.96,68172.48,306.87
370578.63,271.20,68379.93,306.80
377980.16,270.83,68172.48,306.87
375742.59,270.94,68241.58,306.85
372782.06,271.09,68241.58,306.85
373889.22,271.03,68241.58,306.85
374629.38,271.00,68241.58,306.85
378729.34,270.79,68796.38,306.65
375742.59,270.94,68241.58,306.85
371678.53,271.14,67621.78,307.06
374629.38,271.00,68103.45,306.89
376114.50,270.92,67965.55,306.94
372046.00,271.13,68103.45,306.89
371311.53,271.16,68034.47,306.92
374259.09,271.02,68034.47,306.92
374629.38,271.00,67827.88,306.99
375000.03,270.98,68587.89,306.73
372046.00,271.13,67827.88,306.99
373889.22,271.03,68379.93,306.80
377980.16,270.83,68103.45,306.89
372782.06,271.09,68379.93,306.80
377232.69,270.87,68103.45,306.89
373519.78,271.05,67690.41,307.04
374259.09,271.02,67006.53,307.28
374629.38,271.00,68103.45,306.89
376114.50,270.92,68172.48,306.87
374259.09,271.02,67965.55,306.94
375742.59,270.94,68172.48,306.87
375742.59,270.94,68310.73,306.82
379480.13,270.76,68518.52,306.75
379856.16,270.74,68103.45,306.89
376486.84,270.91,68103.45,306.89
375742.59,270.94,68310.73,306.82
376486.84,270.91,68103.45,306.89
373889.22,271.03,67827.88,306.99
371311.53,271.16,67827.88,306.99
375371.13,270.96,67965.55,306.94
376114.50,270.92,68310.73,306.82
372782.06,271.09,68103.45,306.89
378354.53,270.81,68379.93,306.80
376114.50,270.92,68103.45,306.89
372782.06,271.09,67827.88,306.99
375000.03,270.98,68310.73,306.82
374259.09,271.02,68034.47,306.92
374259.09,271.02,68310.73,306.82
375000.03,270.98,67827.88,306.99
373519.78,271.05,68034.47,306.92
378729.34,270.79,68379.93,306.80
374259.09,271.02,68379.93,306.80
376114.50,270.92,68379.93,306.80
373150.72,271.07,67827.88,306.99
375000.03,270.98,68172.48,306.87
374259.09,271.02,67827.88,306.99
372046.00,271.13,67965.55,306.94
372413.84,271.11,67827.88,306.99
375742.59,270.94,67965.55,306.94
375000.03,270.98,68103.45,306.89
374629.38,271.00,68449.20,306.77
375742.59,270.94,68103.45,306.89
375000.03,270.98,67965.55,306.94
373519.78,271.05,68103.45,306.89
377232.69,270.87,68379.93,306.80
373150.72,271.07,68103.45,306.89
373519.78,271.05,68310.73,306.82
375742.59,270.94,68310.73,306.82
374629.38,271.00,68241.58,306.85
373150.72,271.07,67965.55,306.94
375371.13,270.96,68379.93,306.80
376114.50,270.92,68034.47,306.92
378729.34,270.79,68241.58,306.85
377606.22,270.85,68587.89,306.73
375742.59,270.94,67827.88,306.99
373519.78,271.05,68172.48,306.87
371311.53,271.16,67827.88,306.99
377232.69,270.87,67965.55,306.94
380609.47,270.70,68449.20,306.77
373889.22,271.03,67759.11,307.01
372782.06,271.09,68449.20,306.77
377980.16,270.83,67759.11,307.01
374629.38,271.00,68103.45,306.89
374629.38,271.00,67827.88,306.99
379480.13,270.76,68310.73,306.82
375742.59,270.94,68241.58,306.85
377232.69,270.87,68379.93,306.80
375742.59,270.94,68310.73,306.82
373150.72,271.07,68379.93,306.80
373519.78,271.05,67965.55,306.94
374259.09,271.02,68241.58,306.85
375371.13,270.96,68518.52,306.75
373889.22,271.03,68103.45,306.89
378729.34,270.79,68310.73,306.82
376486.84,270.91,68103.45,306.89
379856.16,270.74,68379.93,306.80
376486.84,270.91,68310.73,306.82
378354.53,270.81,67827.88,306.99
374259.09,271.02,67827.88,306.99
375742.59,270.94,68241.58,306.85
379856.16,270.74,68379.93,306.80
373519.78,271.05,68103.45,306.89
374629.38,271.00,68241.58,306.85
379104.50,270.78,68103.45,306.89
377606.22,270.85,68587.89,306.73
379856.16,270.74,68379.93,306.80
377232.69,270.87,68103.45,306.89
376114.50,270.92,68379.93,306.80
373889.22,271.03,68310.73,306.82
377606.22,270.85,68103.45,306.89
372782.06,271.09,68379.93,306.80
376114.50,270.92,68103.45,306.89
375742.59,270.94,68241.58,306.85
376486.84,270.91,68379.93,306.80
379856.16,270.74,67965.55,306.94
375742.59,270.94,67759.11,307.01
375742.59,270.94,68034.47,306.92
375742.59,270.94,68241.58,306.85
378354.53,270.81,68103.45,306.89
379480.13,270.76,68379.93,306.80
373519.78,271.05,68310.73,306.82
370578.63,271.20,68310.73,306.82
375742.59,270.94,68034.47,306.92
376114.50,270.92,68103.45,306.89
377232.69,270.87,68379.93,306.80
379856.16,270.74,67690.41,307.04
375742.59,270.94,68379.93,306.80
376114.50,270.92,68103.45,306.89
373519.78,271.05,68518.52,306.75
375371.13,270.96,68518.52,306.75
371311.53,271.16,68379.93,306.80
375371.13,270.96,68518.52,306.75
375742.59,270.94,68449.20,306.77
375742.59,270.94,68034.47,306.92
373150.72,271.07,68172.48,306.87
377606.22,270.85,68172.48,306.87
372046.00,271.13,68103.45,306.89
370212.81,271.22,68241.58,306.85
376114.50,270.92,67827.88,306.99
373889.22,271.03,68379.93,306.80
376486.84,270.91,68796.38,306.65
377606.22,270.85,68310.73,306.82
374259.09,271.02,67965.55,306.94
375000.03,270.98,68449.20,306.77
373519.78,271.05,68103.45,306.89
372046.00,271.13,67965.55,306.94
374259.09,271.02,68518.52,306.75
377980.16,270.83,68657.34,306.70
374259.09,271.02,68518.52,306.75
379856.16,270.74,68379.93,306.80
377232.69,270.87,68103.45,306.89
373519.78,271.05,67416.20,307.14
376114.50,270.92,68034.47,306.92
376114.50,270.92,68310.73,306.82
373150.72,271.07,68657.34,306.70
374259.09,271.02,68241.58,306.85
375371.13,270.96,68310.73,306.82
378354.53,270.81,68379.93,306.80
379104.50,270.78,68518.52,306.75
376114.50,270.92,68103.45,306.89
377606.22,270.85,68034.47,306.92
376486.84,270.91,68103.45,306.89
379104.50,270.78,67690.41,307.04
373150.72,271.07,68241.58,306.85
374259.09,271.02,68518.52,306.75
378729.34,270.79,68379.93,306.80
377232.69,270.87,68379.93,306.80
373150.72,271.07,68241.58,306.85
377606.22,270.85,68241.58,306.85
373889.22,271.03,67827.88,306.99
376114.50,270.92,68310.73,306.82
374259.09,271.02,68034.47,306.92
375000.03,270.98,68103.45,306.89
371678.53,271.14,67896.68,306.97
373150.72,271.07,68310.73,306.82
374629.38,271.00,68034.47,306.92
375742.59,270.94,68310.73,306.82
375000.03,270.98,68518.52,306.75
375742.59,270.94,68379.93,306.80
374629.38,271.00,68310.73,306.82
373519.78,271.05,68103.45,306.89
375000.03,270.98,68379.93,306.80
377606.22,270.85,68449.20,306.77
368753.44,271.29,68241.58,306.85
373889.22,271.03,68103.45,306.89
379856.16,270.74,68379.93,306.80
374259.09,271.02,68518.52,306.75
374629.38,271.00,68172.48,306.87
373519.78,271.05,67690.41,307.04
374259.09,271.02,67965.55,306.94
375742.59,270.94,68518.52,306.75
375742.59,270.94,68379.93,306.80
379856.16,270.74,68103.45,306.89
374629.38,271.00,68103.45,306.89
377980.16,270.83,68310.73,306.82
375742.59,270.94,68449.20,306.77
377980.16,270.83,68379.93,306.80
376114.50,270.92,68241.58,306.85
373889.22,271.03,68241.58,306.85
375000.03,270.98,68103.45,306.89
379856.16,270.74,68379.93,306.80
377232.69,270.87,68379.93,306.80
374629.38,271.00,68241.58,306.85
377606.22,270.85,68657.34,306.70
374259.09,271.02,68935.65,306.60
372413.84,271.11,67965.55,306.94
377606.22,270.85,68034.47,306.92
377606.22,270.85,68796.38,306.65
380609.47,270.70,68518.52,306.75
372782.06,271.09,68449.20,306.77
375000.03,270.98,68103.45,306.89
373889.22,271.03,68379.93,306.80
379856.16,270.74,68587.89,306.73
375371.13,270.96,67965.55,306.94
372413.84,271.11,68449.20,306.77
373889.22,271.03,68310.73,306.82
378729.34,270.79,68449.20,306.77
374629.38,271.00,68172.48,306.87
372046.00,271.13,68241.58,306.85
376486.84,270.91,68379.93,306.80
377606.22,270.85,68379.93,306.80
376114.50,270.92,68241.58,306.85
373519.78,271.05,68103.45,306.89
372046.00,271.13,68034.47,306.92
373889.22,271.03,68241.58,306.85
375000.03,270.98,68103.45,306.89
381364.44,270.67,67965.55,306.94
377232.69,270.87,68103.45,306.89
374259.09,271.02,68241.58,306.85
373889.22,271.03,68587.89,306.73
377232.69,270.87,68310.73,306.82
377232.69,270.87,68518.52,306.75
374259.09,271.02,68379.93,306.80
373150.72,271.07,68310.73,306.82
375000.03,270.98,68449.20,306.77
374629.38,271.00,68587.89,306.73
375742.59,270.94,69565.22,306.39
373150.72,271.07,68379.93,306.80
374629.38,271.00,67827.88,306.99
373519.78,271.05,68379.93,306.80
377980.16,270.83,68379.93,306.80
377606.22,270.85,68449.20,306.77
379480.13,270.76,68379.93,306.80
378729.34,270.79,67827.88,306.99
376859.53,270.89,68518.52,306.75
373150.72,271.07,68310.73,306.82
375742.59,270.94,68518.52,306.75
373889.22,271.03,67347.77,307.16
379856.16,270.74,68518.52,306.75
378354.53,270.81,68518.52,306.75
373519.78,271.05,68379.93,306.80
375000.03,270.98,67965.55,306.94
375742.59,270.94,68518.52,306.75
375371.13,270.96,68935.65,306.60
378729.34,270.79,68103.45,306.89
378729.34,270.79,68103.45,306.89
374259.09,271.02,67759.11,307.01
372046.00,271.13,68726.83,306.68
375000.03,270.98,68379.93,306.80
375371.13,270.96,68310.73,306.82
375742.59,270.94,68241.58,306.85
377606.22,270.85,68103.45,306.89
374259.09,271.02,67965.55,306.94
375371.13,270.96,68379.93,306.80
373519.78,271.05,68103.45,306.89
376114.50,270.92,68379.93,306.80
372782.06,271.09,68449.20,306.77
374259.09,271.02,68379.93,306.80
376114.50,270.92,68935.65,306.60
377232.69,270.87,68518.52,306.75
376486.84,270.91,68310.73,306.82
375742.59,270.94,68241.58,306.85
379104.50,270.78,68449.20,306.77
374629.38,271.00,68379.93,306.80
377232.69,270.87,68379.93,306.80
371311.53,271.16,68379.93,306.80
374259.09,271.02,68103.45,306.89
375000.03,270.98,68587.89,306.73
374629.38,271.00,68379.93,306.80
374629.38,271.00,68449.20,306.77
377606.22,270.85,68103.45,306.89
379104.50,270.78,68657.34,306.70
380232.59,270.72,67965.55,306.94
374259.09,271.02,68518.52,306.75
375000.03,270.98,68657.34,306.70
379856.16,270.74,68518.52,306.75
375000.03,270.98,68657.34,306.70
376486.84,270.91,68379.93,306.80
377232.69,270.87,68379.93,306.80
365492.97,271.46,68379.93,306.80
380232.59,270.72,68103.45,306.89
373519.78,271.05,67965.55,306.94
374259.09,271.02,68241.58,306.85
375000.03,270.98,68310.73,306.82
375742.59,270.94,68518.52,306.75
377980.16,270.83,68379.93,306.80
379856.16,270.74,68657.34,306.70
373519.78,271.05,68034.47,306.92
379480.13,270.76,68518.52,306.75
373889.22,271.03,67827.88,306.99
380609.47,270.70,68865.98,306.63
376114.50,270.92,67965.55,306.94
379104.50,270.78,68518.52,306.75
376859.53,270.89,68034.47,306.92
377606.22,270.85,68241.58,306.85
374629.38,271.00,68518.52,306.75
375742.59,270.94,68103.45,306.89
378729.34,270.79,68379.93,306.80
373519.78,271.05,68449.20,306.77
375371.13,270.96,67965.55,306.94
373519.78,271.05,69214.88,306.51
375742.59,270.94,68379.93,306.80
376486.84,270.91,68103.45,306.89
379856.16,270.74,68587.89,306.73
372782.06,271.09,68449.20,306.77
376114.50,270.92,68449.20,306.77
377980.16,270.83,67827.88,306.99
375742.59,270.94,68310.73,306.82
376114.50,270.92,68379.93,306.80
375742.59,270.94,68449.20,306.77
376114.50,270.92,68587.89,306.73
376486.84,270.91,68379.93,306.80
379856.16,270.74,68657.34,306.70
372782.06,271.09,68034.47,306.92
376486.84,270.91,68241.58,306.85
376114.50,270.92,68310.73,306.82
373150.72,271.07,68310.73,306.82
375742.59,270.94,68657.34,306.70
376114.50,270.92,68241.58,306.85
375000.03,270.98,68587.89,306.73
374259.09,271.02,68449.20,306.77
373889.22,271.03,68379.93,306.80
379104.50,270.78,68587.89,306.73
375000.03,270.98,68310.73,306.82
376486.84,270.91,68518.52,306.75
374629.38,271.00,68379.93,306.80
376486.84,270.91,68518.52,306.75
372782.06,271.09,68449.20,306.77
376859.53,270.89,68379.93,306.80
379856.16,270.74,67759.11,307.01
371311.53,271.16,68379.93,306.80
372782.06,271.09,68449.20,306.77
366938.16,271.38,68034.47,306.92
374629.38,271.00,68241.58,306.85
377606.22,270.85,68379.93,306.80
377606.22,270.85,68449.20,306.77
375000.03,270.98,68172.48,306.87
373150.72,271.07,68518.52,306.75
373519.78,271.05,68241.58,306.85
375000.03,270.98,68241.58,306.85
374259.09,271.02,68379.93,306.80
373150.72,271.07,68172.48,306.87
373519.78,271.05,68518.52,306.75
370578.63,271.20,66598.87,307.43
376486.84,270.91,68379.93,306.80
375371.13,270.96,68449.20,306.77
374259.09,271.02,68379.93,306.80
374259.09,271.02,67965.55,306.94
373889.22,271.03,67827.88,306.99
377232.69,270.87,68518.52,306.75
378729.34,270.79,68518.52,306.75
373519.78,271.05,68310.73,306.82
375371.13,270.96,68310.73,306.82
373150.72,271.07,68518.52,306.75
375742.59,270.94,68241.58,306.85
374259.09,271.02,68587.89,306.73
372413.84,271.11,68518.52,306.75
373889.22,271.03,68379.93,306.80
377606.22,270.85,68310.73,306.82
376859.53,270.89,68518.52,306.75
374259.09,271.02,68310.73,306.82
372413.84,271.11,68379.93,306.80
373150.72,271.07,68587.89,306.73
374629.38,271.00,68449.20,306.77
376114.50,270.92,68657.34,306.70
373519.78,271.05,68518.52,306.75
378354.53,270.81,68796.38,306.65
376486.84,270.91,68587.89,306.73
376486.84,270.91,68241.58,306.85
376114.50,270.92,68310.73,306.82
376114.50,270.92,68518.52,306.75
370578.63,271.20,68103.45,306.89
374259.09,271.02,68379.93,306.80
377232.69,270.87,68518.52,306.75
376859.53,270.89,67621.78,307.06
371678.53,271.14,68310.73,306.82
373519.78,271.05,68518.52,306.75
379104.50,270.78,68379.93,306.80
377980.16,270.83,68379.93,306.80
374259.09,271.02,67827.88,306.99
374629.38,271.00,68241.58,306.85
378729.34,270.79,68518.52,306.75
374259.09,271.02,67827.88,306.99
373889.22,271.03,68034.47,306.92
375000.03,270.98,68379.93,306.80
376114.50,270.92,68657.34,306.70
377980.16,270.83,68587.89,306.73
375371.13,270.96,68103.45,306.89
373889.22,271.03,68379.93,306.80
373519.78,271.05,68034.47,306.92
374259.09,271.02,68103.45,306.89
378354.53,270.81,68518.52,306.75
375742.59,270.94,68310.73,306.82
373519.78,271.05,68379.93,306.80
376114.50,270.92,68310.73,306.82
379480.13,270.76,68587.89,306.73
377980.16,270.83,68379.93,306.80
374259.09,271.02,67827.88,306.99
374259.09,271.02,68241.58,306.85
377606.22,270.85,68172.48,306.87
376114.50,270.92,68310.73,306.82
377232.69,270.87,68518.52,306.75
376486.84,270.91,68379.93,306.80
377606.22,270.85,68241.58,306.85
374259.09,271.02,68310.73,306.82
376859.53,270.89,68103.45,306.89
376114.50,270.92,68379.93,306.80
377980.16,270.83,68449.20,306.77
375742.59,270.94,68379.93,306.80
376114.50,270.92,68449.20,306.77
379480.13,270.76,68379.93,306.80
373519.78,271.05,68379.93,306.80
372413.84,271.11,68103.45,306.89
373519.78,271.05,68241.58,306.85
378729.34,270.79,68241.58,306.85
379104.50,270.78,68518.52,306.75
374629.38,271.00,68587.89,306.73
373889.22,271.03,68241.58,306.85
372782.06,271.09,68103.45,306.89
372782.06,271.09,67827.88,306.99
375742.59,270.94,68310.73,306.82
373889.22,271.03,68310.73,306.82
374259.09,271.02,68241.58,306.85
376486.84,270.91,67416.20,307.14
374629.38,271.00,68379.93,306.80
376114.50,270.92,68103.45,306.89
375742.59,270.94,68310.73,306.82
374629.38,271.00,68034.47,306.92
373150.72,271.07,68172.48,306.87
379104.50,270.78,68657.34,306.70
377232.69,270.87,68449.20,306.77
373519.78,271.05,67827.88,306.99
376114.50,270.92,69144.98,306.53
375000.03,270.98,68103.45,306.89
376486.84,270.91,68379.93,306.80
371311.53,271.16,67759.11,307.01
375742.59,270.94,68034.47,306.92
379480.13,270.76,68310.73,306.82
371678.53,271.14,68379.93,306.80
376486.84,270.91,68310.73,306.82
377232.69,270.87,68449.20,306.77
377980.16,270.83,68379.93,306.80
376859.53,270.89,67965.55,306.94
368026.16,271.33,68034.47,306.92
379480.13,270.76,68587.89,306.73
380609.47,270.70,68449.20,306.77
376486.84,270.91,68587.89,306.73
372782.06,271.09,68310.73,306.82
376114.50,270.92,68518.52,306.75
377980.16,270.83,68310.73,306.82
372413.84,271.11,68103.45,306.89
372413.84,271.11,68379.93,306.80
376486.84,270.91,68587.89,306.73
377232.69,270.87,68379.93,306.80
379856.16,270.74,68379.93,306.80
377606.22,270.85,68034.47,306.92
379480.13,270.76,68310.73,306.82
375000.03,270.98,67965.55,306.94
379104.50,270.78,68379.93,306.80
374629.38,271.00,68103.45,306.89
377980.16,270.83,68241.58,306.85
379856.16,270.74,68310.73,306.82
373519.78,271.05,67827.88,306.99
378729.34,270.79,68449.20,306.77
380986.72,270.68,68449.20,306.77
374629.38,271.00,68241.58,306.85
372046.00,271.13,68103.45,306.89
377232.69,270.87,68379.93,306.80
370212.81,271.22,68310.73,306.82
376114.50,270.92,68518.52,306.75
379856.16,270.74,68379.93,306.80
375742.59,270.94,68379.93,306.80
377232.69,270.87,68103.45,306.89
373519.78,271.05,68103.45,306.89
373889.22,271.03,68379.93,306.80
375371.13,270.96,67827.88,306.99
379480.13,270.76,68657.34,306.70
375742.59,270.94,68103.45,306.89
376114.50,270.92,68172.48,306.87
377980.16,270.83,68587.89,306.73
375371.13,270.96,67759.11,307.01
373519.78,271.05,68310.73,306.82
373150.72,271.07,68103.45,306.89
379856.16,270.74,67621.78,307.06
374629.38,271.00,67965.55,306.94
376486.84,270.91,68379.93,306.80
369847.38,271.24,66193.19,307.57
374259.09,271.02,68379.93,306.80
376114.50,270.92,68034.47,306.92
374629.38,271.00,68241.58,306.85
373889.22,271.03,68034.47,306.92
374629.38,271.00,68103.45,306.89
376114.50,270.92,68449.20,306.77
376114.50,270.92,68241.58,306.85
372782.06,271.09,68241.58,306.85
373150.72,271.07,68379.93,306.80
379480.13,270.76,67827.88,306.99
377232.69,270.87,68379.93,306.80
376114.50,270.92,68518.52,306.75
375371.13,270.96,68310.73,306.82
374259.09,271.02,68310.73,306.82
374629.38,271.00,68310.73,306.82
375000.03,270.98,68379.93,306.80
372782.06,271.09,68034.47,306.92
372046.00,271.13,68449.20,306.77
374629.38,271.00,68449.20,306.77
376486.84,270.91,68796.38,306.65
372046.00,271.13,67347.77,307.16
375000.03,270.98,68379.93,306.80
374259.09,271.02,68310.73,306.82
375000.03,270.98,68310.73,306.82
374259.09,271.02,68310.73,306.82
375371.13,270.96,68379.93,306.80
374629.38,271.00,68034.47,306.92
376859.53,270.89,68657.34,306.70
373519.78,271.05,68310.73,306.82
374629.38,271.00,68379.93,306.80
376114.50,270.92,68449.20,306.77
369117.69,271.27,68103.45,306.89
372782.06,271.09,68657.34,306.70
373889.22,271.03,68310.73,306.82
374259.09,271.02,68379.93,306.80
375742.59,270.94,68379.93,306.80
371311.53,271.16,68310.73,306.82
375371.13,270.96,68518.52,306.75
375000.03,270.98,68310.73,306.82
375000.03,270.98,68518.52,306.75
376486.84,270.91,68379.93,306.80
375000.03,270.98,68379.93,306.80
379856.16,270.74,68518.52,306.75
375000.03,270.98,68103.45,306.89
376486.84,270.91,68310.73,306.82
374629.38,271.00,68518.52,306.75
370944.88,271.18,68241.58,306.85
375742.59,270.94,68935.65,306.60
377980.16,270.83,68241.58,306.85
371311.53,271.16,68310.73,306.82
377606.22,270.85,68241.58,306.85
379480.13,270.76,68726.83,306.68
374259.09,271.02,67279.41,307.18
377232.69,270.87,68034.47,306.92
376486.84,270.91,68518.52,306.75
376486.84,270.91,68379.93,306.80
371311.53,271.16,68379.93,306.80
376486.84,270.91,68241.58,306.85
372782.06,271.09,68449.20,306.77
377606.22,270.85,68587.89,306.73
375742.59,270.94,67827.88,306.99
375742.59,270.94,68241.58,306.85
376114.50,270.92,68103.45,306.89
376486.84,270.91,66734.53,307.38
369847.38,271.24,68034.47,306.92
373519.78,271.05,67690.41,307.04
379104.50,270.78,68657.34,306.70
378729.34,270.79,67827.88,306.99
376486.84,270.91,68310.73,306.82
377980.16,270.83,68518.52,306.75
373150.72,271.07,68103.45,306.89
376114.50,270.92,68449.20,306.77
376114.50,270.92,68103.45,306.89
373889.22,271.03,68241.58,306.85
373519.78,271.05,68034.47,306.92
376114.50,270.92,68379.93,306.80
376486.84,270.91,68310.73,306.82
374259.09,271.02,68172.48,306.87
375000.03,270.98,68241.58,306.85
375000.03,270.98,68796.38,306.65
379104.50,270.78,68379.93,306.80
376486.84,270.91,68241.58,306.85
370212.81,271.22,68241.58,306.85
372046.00,271.13,67484.66,307.11
375742.59,270.94,68518.52,306.75
375742.59,270.94,68241.58,306.85
373889.22,271.03,68103.45,306.89
372413.84,271.11,68103.45,306.89
375742.59,270.94,67827.88,306.99
377232.69,270.87,68103.45,306.89
374259.09,271.02,68379.93,306.80
374629.38,271.00,68034.47,306.92
372782.06,271.09,68034.47,306.92
376114.50,270.92,68449.20,306.77
378729.34,270.79,68172.48,306.87
375742.59,270.94,68310.73,306.82
375000.03,270.98,68310.73,306.82
372046.00,271.13,68310.73,306.82
376114.50,270.92,68379.93,306.80
380232.59,270.72,67759.11,307.01
370212.81,271.22,68241.58,306.85
368026.16,271.33,68379.93,306.80
377606.22,270.85,68034.47,306.92
375000.03,270.98,68172.48,306.87
375371.13,270.96,68379.93,306.80
375000.03,270.98,67416.20,307.14
377606.22,270.85,68379.93,306.80
372413.84,271.11,67965.55,306.94
373889.22,271.03,67690.41,307.04
377232.69,270.87,68103.45,306.89
374259.09,271.02,68379.93,306.80
378354.53,270.81,68034.47,306.92
373889.22,271.03,68241.58,306.85
374629.38,271.00,68103.45,306.89
373519.78,271.05,67965.55,306.94
373519.78,271.05,69075.15,306.56
377606.22,270.85,68034.47,306.92
375000.03,270.98,68103.45,306.89
372046.00,271.13,67827.88,306.99
379480.13,270.76,68587.89,306.73
374259.09,271.02,68379.93,306.80
382121.06,270.63,68657.34,306.70
372413.84,271.11,67827.88,306.99
374629.38,271.00,68241.58,306.85
375371.13,270.96,68379.93,306.80
372782.06,271.09,68657.34,306.70
380232.59,270.72,68449.20,306.77
369117.69,271.27,67827.88,306.99
375371.13,270.96,68449.20,306.77
373150.72,271.07,68310.73,306.82
377606.22,270.85,68034.47,306.92
379480.13,270.76,68657.34,306.70
374629.38,271.00,68449.20,306.77
371678.53,271.14,67965.55,306.94
372782.06,271.09,67553.19,307.09
373889.22,271.03,67827.88,306.99
375000.03,270.98,67553.19,307.09
379856.16,270.74,68518.52,306.75
377606.22,270.85,67965.55,306.94
370212.81,271.22,69075.15,306.56
373889.22,271.03,68379.93,306.80
371311.53,271.16,68034.47,306.92
374259.09,271.02,68034.47,306.92
378729.34,270.79,67759.11,307.01
376114.50,270.92,68172.48,306.87
375742.59,270.94,68034.47,306.92
374629.38,271.00,68241.58,306.85
372046.00,271.13,68310.73,306.82
381364.44,270.67,68449.20,306.77
374629.38,271.00,68103.45,306.89
373889.22,271.03,68241.58,306.85
376114.50,270.92,68518.52,306.75
377606.22,270.85,68379.93,306.80
373519.78,271.05,67965.55,306.94
375000.03,270.98,68379.93,306.80
375742.59,270.94,68172.48,306.87
370578.63,271.20,68103.45,306.89
372046.00,271.13,68103.45,306.89
372046.00,271.13,67965.55,306.94
374629.38,271.00,68657.34,306.70
377606.22,270.85,68379.93,306.80
373889.22,271.03,68241.58,306.85
370578.63,271.20,68310.73,306.82
377606.22,270.85,68379.93,306.80
376486.84,270.91,67827.88,306.99
378729.34,270.79,67965.55,306.94
373150.72,271.07,68103.45,306.89
372782.06,271.09,69075.15,306.56
376486.84,270.91,68034.47,306.92
375000.03,270.98,68241.58,306.85
374259.09,271.02,68379.93,306.80
372046.00,271.13,67965.55,306.94
374629.38,271.00,68379.93,306.80
375000.03,270.98,68310.73,306.82
373519.78,271.05,68310.73,306.82
372046.00,271.13,68103.45,306.89
376859.53,270.89,68657.34,306.70
374629.38,271.00,67759.11,307.01
373889.22,271.03,68379.93,306.80
375742.59,270.94,68379.93,306.80
375742.59,270.94,68310.73,306.82
373150.72,271.07,68103.45,306.89
372046.00,271.13,68796.38,306.65
375000.03,270.98,67827.88,306.99
372413.84,271.11,68379.93,306.80
375000.03,270.98,68449.20,306.77
372782.06,271.09,68379.93,306.80
374629.38,271.00,68241.58,306.85
376114.50,270.92,68103.45,306.89
376114.50,270.92,68310.73,306.82
373889.22,271.03,68587.89,306.73
376486.84,270.91,68379.93,306.80
373150.72,271.07,67827.88,306.99
375742.59,270.94,68379.93,306.80
376114.50,270.92,68241.58,306.85
377606.22,270.85,67965.55,306.94
372782.06,271.09,67965.55,306.94
372046.00,271.13,68449.20,306.77
373150.72,271.07,68449.20,306.77
378729.34,270.79,68587.89,306.73
373519.78,271.05,68865.98,306.63
374629.38,271.00,68103.45,306.89
372782.06,271.09,68241.58,306.85
373889.22,271.03,68241.58,306.85
372046.00,271.13,68310.73,306.82
370212.81,271.22,67690.41,307.04
375000.03,270.98,68449.20,306.77
377232.69,270.87,68379.93,306.80
376486.84,270.91,68379.93,306.80
378729.34,270.79,68449.20,306.77
374259.09,271.02,67416.20,307.14
374629.38,271.00,68241.58,306.85
371311.53,271.16,68103.45,306.89
373889.22,271.03,68241.58,306.85
375371.13,270.96,68379.93,306.80
372046.00,271.13,67553.19,307.09
372782.06,271.09,67690.41,307.04
376486.84,270.91,68657.34,306.70
379856.16,270.74,68449.20,306.77
379480.13,270.76,68449.20,306.77
374259.09,271.02,68310.73,306.82
373889.22,271.03,68379.93,306.80
375742.59,270.94,68310.73,306.82
377232.69,270.87,68310.73,306.82
376486.84,270.91,68796.38,306.65
375742.59,270.94,68241.58,306.85
372046.00,271.13,68103.45,306.89
373150.72,271.07,68449.20,306.77
371678.53,271.14,67827.88,306.99
368753.44,271.29,68103.45,306.89
372046.00,271.13,68449.20,306.77
373150.72,271.07,68587.89,306.73
375742.59,270.94,68379.93,306.80
370578.63,271.20,67827.88,306.99
375000.03,270.98,68379.93,306.80
374629.38,271.00,68518.52,306.75
368389.59,271.31,67759.11,307.01
370578.63,271.20,68310.73,306.82
376114.50,270.92,68103.45,306.89
374259.09,271.02,68241.58,306.85
372046.00,271.13,68449.20,306.77
372046.00,271.13,68449.20,306.77
374259.09,271.02,67759.11,307.01
380232.59,270.72,68379.93,306.80
377232.69,270.87,68379.93,306.80
372782.06,271.09,68449.20,306.77
371678.53,271.14,68103.45,306.89
372782.06,271.09,68034.47,306.92
372782.06,271.09,68657.34,306.70
372782.06,271.09,68449.20,306.77
375742.59,270.94,68379.93,306.80
373889.22,271.03,68379.93,306.80
375000.03,270.98,68310.73,306.82
371678.53,271.14,68379.93,306.80
372782.06,271.09,68449.20,306.77
377980.16,270.83,68449.20,306.77
372782.06,271.09,67965.55,306.94
372782.06,271.09,68587.89,306.73
373519.78,271.05,67827.88,306.99
379480.13,270.76,68657.34,306.70
369847.38,271.24,68449.20,306.77
370578.63,271.20,68241.58,306.85
376486.84,270.91,68379.93,306.80
370578.63,271.20,68379.93,306.80
369482.34,271.25,68379.93,306.80
374259.09,271.02,68587.89,306.73
375371.13,270.96,68379.93,306.80
370944.88,271.18,67759.11,307.01
372782.06,271.09,68034.47,306.92
372046.00,271.13,68518.52,306.75
379104.50,270.78,68103.45,306.89
374259.09,271.02,68518.52,306.75
377606.22,270.85,68587.89,306.73
374629.38,271.00,68172.48,306.87
373889.22,271.03,68449.20,306.77
377980.16,270.83,68103.45,306.89
370212.81,271.22,68103.45,306.89
374629.38,271.00,67827.88,306.99
373519.78,271.05,68241.58,306.85
377606.22,270.85,68103.45,306.89
370578.63,271.20,68103.45,306.89
378729.34,270.79,68449.20,306.77
371311.53,271.16,68034.47,306.92
370578.63,271.20,67827.88,306.99
369117.69,271.27,68310.73,306.82
375000.03,270.98,68449.20,306.77
372046.00,271.13,68935.65,306.60
377980.16,270.83,68241.58,306.85
373150.72,271.07,68310.73,306.82
373150.72,271.07,68310.73,306.82
378729.34,270.79,68379.93,306.80
375742.59,270.94,68449.20,306.77
376114.50,270.92,68449.20,306.77
374259.09,271.02,68518.52,306.75
379856.16,270.74,68865.98,306.63
373150.72,271.07,69214.88,306.51
377232.69,270.87,68310.73,306.82
371678.53,271.14,68241.58,306.85
3