=~=~=~=~=~=~=~=~=~=~=~= PuTTY log 2021.12.09 16:26:32 =~=~=~=~=~=~=~=~=~=~=~=
372046.00,271.13,53370.79,312.82
368026.16,271.33,53255.99,312.87
364413.22,271.51,53485.76,312.77
367300.44,271.36,53313.37,312.85
369117.69,271.27,52912.62,313.03
367300.44,271.36,53141.37,312.93
368026.16,271.33,53255.99,312.87
367663.06,271.35,53141.37,312.93
366214.81,271.42,52741.52,313.11
366214.81,271.42,53255.99,312.87
370578.63,271.20,53026.91,312.98
370212.81,271.22,53255.99,312.87
367300.44,271.36,52457.19,313.25
368026.16,271.33,53141.37,312.93
370212.81,271.22,53600.91,312.71
369482.34,271.25,53313.37,312.85
366576.25,271.40,53084.12,312.95
370212.81,271.22,53026.91,312.98
368026.16,271.33,53313.37,312.85
366214.81,271.42,53026.91,312.98
367663.06,271.35,52798.51,313.09
368389.59,271.31,53141.37,312.93
368389.59,271.31,53084.12,312.95
364054.09,271.53,52912.62,313.03
368026.16,271.33,52798.51,313.09
368026.16,271.33,53255.99,312.87
368753.44,271.29,53370.79,312.82
365492.97,271.46,53141.37,312.93
366576.25,271.40,52969.75,313.01
368026.16,271.33,53141.37,312.93
371311.53,271.16,53370.79,312.82
368026.16,271.33,53141.37,312.93
362264.22,271.62,53084.12,312.95
366576.25,271.40,53313.37,312.85
368026.16,271.33,52457.19,313.25
366938.16,271.38,53313.37,312.85
367300.44,271.36,53198.66,312.90
366576.25,271.40,53026.91,312.98
368026.16,271.33,53141.37,312.93
365853.69,271.44,53313.37,312.85
368026.16,271.33,53026.91,312.98
368389.59,271.31,53370.79,312.82
367663.06,271.35,53255.99,312.87
367663.06,271.35,53313.37,312.85
368026.16,271.33,53026.91,312.98
372046.00,271.13,53313.37,312.85
368026.16,271.33,53370.79,312.82
367663.06,271.35,53026.91,312.98
365492.97,271.46,53026.91,312.98
369847.38,271.24,53313.37,312.85
367663.06,271.35,53141.37,312.93
368026.16,271.33,53255.99,312.87
368026.16,271.33,53255.99,312.87
368026.16,271.33,53255.99,312.87
366214.81,271.42,53485.76,312.77
368389.59,271.31,53428.25,312.79
368389.59,271.31,53141.37,312.93
368753.44,271.29,53313.37,312.85
368753.44,271.29,53313.37,312.85
365492.97,271.46,53370.79,312.82
366214.81,271.42,53370.79,312.82
365853.69,271.44,53255.99,312.87
365853.69,271.44,53313.37,312.85
366576.25,271.40,53313.37,312.85
365853.69,271.44,52798.51,313.09
368026.16,271.33,53370.79,312.82
365492.97,271.46,53141.37,312.93
366938.16,271.38,53198.66,312.90
369117.69,271.27,53313.37,312.85
371678.53,271.14,53198.66,312.90
364054.09,271.53,53026.91,312.98
364413.22,271.51,53026.91,312.98
365853.69,271.44,53026.91,312.98
363337.00,271.57,53255.99,312.87
364413.22,271.51,53485.76,312.77
364413.22,271.51,53255.99,312.87
367663.06,271.35,53370.79,312.82
368026.16,271.33,53313.37,312.85
366938.16,271.38,53255.99,312.87
365853.69,271.44,53198.66,312.90
367663.06,271.35,53370.79,312.82
366938.16,271.38,53313.37,312.85
368026.16,271.33,53313.37,312.85
367300.44,271.36,53198.66,312.90
362621.38,271.60,53198.66,312.90
363695.34,271.55,53255.99,312.87
365853.69,271.44,52741.52,313.11
370212.81,271.22,53255.99,312.87
369117.69,271.27,53313.37,312.85
369847.38,271.24,53370.79,312.82
368026.16,271.33,53255.99,312.87
368026.16,271.33,53313.37,312.85
366938.16,271.38,53313.37,312.85
364413.22,271.51,53198.66,312.90
367300.44,271.36,53313.37,312.85
366938.16,271.38,53198.66,312.90
364772.75,271.49,53313.37,312.85
366214.81,271.42,53370.79,312.82
360839.19,271.70,53198.66,312.90
368026.16,271.33,53313.37,312.85
365492.97,271.46,53313.37,312.85
366214.81,271.42,53313.37,312.85
366938.16,271.38,53428.25,312.79
368026.16,271.33,53026.91,312.98
368026.16,271.33,53428.25,312.79
368389.59,271.31,53313.37,312.85
368389.59,271.31,53370.79,312.82
369847.38,271.24,53485.76,312.77
368026.16,271.33,53198.66,312.90
368026.16,271.33,53313.37,312.85
364054.09,271.53,53255.99,312.87
369117.69,271.27,53198.66,312.90
368026.16,271.33,53313.37,312.85
367663.06,271.35,53313.37,312.85
368753.44,271.29,53313.37,312.85
365853.69,271.44,53255.99,312.87
369847.38,271.24,53313.37,312.85
368389.59,271.31,53255.99,312.87
368026.16,271.33,53255.99,312.87
367663.06,271.35,53313.37,312.85
367663.06,271.35,53313.37,312.85
368026.16,271.33,53313.37,312.85
368026.16,271.33,53313.37,312.85
363695.34,271.55,53313.37,312.85
368389.59,271.31,53428.25,312.79
371311.53,271.16,53255.99,312.87
368026.16,271.33,53313.37,312.85
366938.16,271.38,53313.37,312.85
367300.44,271.36,53428.25,312.79
369117.69,271.27,53026.91,312.98
367663.06,271.35,53370.79,312.82
365132.69,271.48,53313.37,312.85
368026.16,271.33,53600.91,312.71
369847.38,271.24,53313.37,312.85
364413.22,271.51,53600.91,312.71
368389.59,271.31,53600.91,312.71
369847.38,271.24,54179.22,312.45
369117.69,271.27,53485.76,312.77
369847.38,271.24,53370.79,312.82
366938.16,271.38,53141.37,312.93
367300.44,271.36,53255.99,312.87
368389.59,271.31,53370.79,312.82
370212.81,271.22,53600.91,312.71
367300.44,271.36,53370.79,312.82
362979.00,271.59,53428.25,312.79
369847.38,271.24,53255.99,312.87
367663.06,271.35,53141.37,312.93
371678.53,271.14,53313.37,312.85
367300.44,271.36,53313.37,312.85
370944.88,271.18,53370.79,312.82
369482.34,271.25,53485.76,312.77
367663.06,271.35,53313.37,312.85
367663.06,271.35,53370.79,312.82
368026.16,271.33,53428.25,312.79
364413.22,271.51,53313.37,312.85
368753.44,271.29,53485.76,312.77
368753.44,271.29,53658.54,312.69
370212.81,271.22,53026.91,312.98
367663.06,271.35,53313.37,312.85
364772.75,271.49,53600.91,312.71
366214.81,271.42,53831.71,312.61
369117.69,271.27,53370.79,312.82
371311.53,271.16,53313.37,312.85
372046.00,271.13,53716.21,312.66
369117.69,271.27,53313.37,312.85
366938.16,271.38,53370.79,312.82
367663.06,271.35,53198.66,312.90
366938.16,271.38,53313.37,312.85
364772.75,271.49,53198.66,312.90
371311.53,271.16,53313.37,312.85
369117.69,271.27,53313.37,312.85
369482.34,271.25,53370.79,312.82
368026.16,271.33,53370.79,312.82
368026.16,271.33,53313.37,312.85
367663.06,271.35,53313.37,312.85
366214.81,271.42,53370.79,312.82
369847.38,271.24,53658.54,312.69
366576.25,271.40,53428.25,312.79
366576.25,271.40,53313.37,312.85
370212.81,271.22,53716.21,312.66
366214.81,271.42,53370.79,312.82
369482.34,271.25,53198.66,312.90
367663.06,271.35,53658.54,312.69
368753.44,271.29,53600.91,312.71
364054.09,271.53,53255.99,312.87
368026.16,271.33,53716.21,312.66
369117.69,271.27,53313.37,312.85
367663.06,271.35,53370.79,312.82
369117.69,271.27,53658.54,312.69
368389.59,271.31,53370.79,312.82
366576.25,271.40,53716.21,312.66
364772.75,271.49,53485.76,312.77
369117.69,271.27,53716.21,312.66
369482.34,271.25,53889.52,312.58
366938.16,271.38,53370.79,312.82
368389.59,271.31,53600.91,312.71
370212.81,271.22,53600.91,312.71
364413.22,271.51,53370.79,312.82
369117.69,271.27,53313.37,312.85
368026.16,271.33,53370.79,312.82
366214.81,271.42,53255.99,312.87
364413.22,271.51,53255.99,312.87
370578.63,271.20,53716.21,312.66
367300.44,271.36,53313.37,312.85
367300.44,271.36,53600.91,312.71
371678.53,271.14,53716.21,312.66
366938.16,271.38,52798.51,313.09
364054.09,271.53,53600.91,312.71
372413.84,271.11,53773.94,312.63
368026.16,271.33,53313.37,312.85
369847.38,271.24,53716.21,312.66
367300.44,271.36,53370.79,312.82
367663.06,271.35,54005.27,312.53
369482.34,271.25,53600.91,312.71
368753.44,271.29,53428.25,312.79
369117.69,271.27,53658.54,312.69
366214.81,271.42,53658.54,312.69
369117.69,271.27,53658.54,312.69
367300.44,271.36,53831.71,312.61
368026.16,271.33,53485.76,312.77
367663.06,271.35,53716.21,312.66
368026.16,271.33,53600.91,312.71
368389.59,271.31,53485.76,312.77
366214.81,271.42,53428.25,312.79
370578.63,271.20,53658.54,312.69
369847.38,271.24,53370.79,312.82
367300.44,271.36,53428.25,312.79
367300.44,271.36,54179.22,312.45
369847.38,271.24,53716.21,312.66
368026.16,271.33,53428.25,312.79
368026.16,271.33,53485.76,312.77
369117.69,271.27,54063.20,312.50
369847.38,271.24,53313.37,312.85
369847.38,271.24,53370.79,312.82
370212.81,271.22,53947.37,312.55
369847.38,271.24,53600.91,312.71
368389.59,271.31,53658.54,312.69
368026.16,271.33,53658.54,312.69
367663.06,271.35,53716.21,312.66
369117.69,271.27,53543.31,312.74
367300.44,271.36,53831.71,312.61
368026.16,271.33,53428.25,312.79
366938.16,271.38,53831.71,312.61
371311.53,271.16,53716.21,312.66
370578.63,271.20,53889.52,312.58
368026.16,271.33,53428.25,312.79
364772.75,271.49,53889.52,312.58
367663.06,271.35,53831.71,312.61
368389.59,271.31,53889.52,312.58
368026.16,271.33,53485.76,312.77
368026.16,271.33,53889.52,312.58
367663.06,271.35,53716.21,312.66
368026.16,271.33,53600.91,312.71
369117.69,271.27,53658.54,312.69
368753.44,271.29,53658.54,312.69
365492.97,271.46,53313.37,312.85
365853.69,271.44,53543.31,312.74
365853.69,271.44,53485.76,312.77
367300.44,271.36,53658.54,312.69
368026.16,271.33,53658.54,312.69
368026.16,271.33,53947.37,312.55
370578.63,271.20,53831.71,312.61
366576.25,271.40,53658.54,312.69
368026.16,271.33,53600.91,312.71
371678.53,271.14,54237.29,312.42
368026.16,271.33,53543.31,312.74
365853.69,271.44,53716.21,312.66
368753.44,271.29,53947.37,312.55
369117.69,271.27,54121.19,312.47
370578.63,271.20,53947.37,312.55
368026.16,271.33,53543.31,312.74
369847.38,271.24,53831.71,312.61
371311.53,271.16,53600.91,312.71
368026.16,271.33,53485.76,312.77
364772.75,271.49,53658.54,312.69
369847.38,271.24,53658.54,312.69
369482.34,271.25,53716.21,312.66
369847.38,271.24,53658.54,312.69
367663.06,271.35,53658.54,312.69
367663.06,271.35,52513.97,313.22
368026.16,271.33,53947.37,312.55
368026.16,271.33,53600.91,312.71
364413.22,271.51,53600.91,312.71
369117.69,271.27,53716.21,312.66
370212.81,271.22,53716.21,312.66
372782.06,271.09,53716.21,312.66
369117.69,271.27,53716.21,312.66
368026.16,271.33,53428.25,312.79
368026.16,271.33,53485.76,312.77
369117.69,271.27,53831.71,312.61
368026.16,271.33,53313.37,312.85
367300.44,271.36,53313.37,312.85
368026.16,271.33,53716.21,312.66
366576.25,271.40,53543.31,312.74
369117.69,271.27,53889.52,312.58
368389.59,271.31,53485.76,312.77
368389.59,271.31,53947.37,312.55
370212.81,271.22,53716.21,312.66
373150.72,271.07,53947.37,312.55
368389.59,271.31,53831.71,312.61
367663.06,271.35,52741.52,313.11
368026.16,271.33,53947.37,312.55
369117.69,271.27,53658.54,312.69
370212.81,271.22,53889.52,312.58
370578.63,271.20,53947.37,312.55
368389.59,271.31,53485.76,312.77
371678.53,271.14,53889.52,312.58
368753.44,271.29,53600.91,312.71
369847.38,271.24,53313.37,312.85
368389.59,271.31,53485.76,312.77
369117.69,271.27,53831.71,312.61
369117.69,271.27,54179.22,312.45
368753.44,271.29,53716.21,312.66
370578.63,271.20,54005.27,312.53
368389.59,271.31,53889.52,312.58
368026.16,271.33,53889.52,312.58
370212.81,271.22,53716.21,312.66
369847.38,271.24,54121.19,312.47
369482.34,271.25,53947.37,312.55
369847.38,271.24,53428.25,312.79
368026.16,271.33,53658.54,312.69
368753.44,271.29,53889.52,312.58
366938.16,271.38,53947.37,312.55
368026.16,271.33,53543.31,312.74
367663.06,271.35,53947.37,312.55
369482.34,271.25,53658.54,312.69
370578.63,271.20,53600.91,312.71
369117.69,271.27,53543.31,312.74
368026.16,271.33,53658.54,312.69
368026.16,271.33,53658.54,312.69
370212.81,271.22,53485.76,312.77
368026.16,271.33,53716.21,312.66
368026.16,271.33,54063.20,312.50
371678.53,271.14,54179.22,312.45
369117.69,271.27,53658.54,312.69
368026.16,271.33,53600.91,312.71
368026.16,271.33,53947.37,312.55
368389.59,271.31,53485.76,312.77
366576.25,271.40,53600.91,312.71
373519.78,271.05,54179.22,312.45
370212.81,271.22,53947.37,312.55
369482.34,271.25,53889.52,312.58
372046.00,271.13,53947.37,312.55
366214.81,271.42,53026.91,312.98
369847.38,271.24,54063.20,312.50
370944.88,271.18,53831.71,312.61
368389.59,271.31,53600.91,312.71
370578.63,271.20,53716.21,312.66
368026.16,271.33,53947.37,312.55
368026.16,271.33,53600.91,312.71
369117.69,271.27,54179.22,312.45
370212.81,271.22,53658.54,312.69
366938.16,271.38,53485.76,312.77
374259.09,271.02,54179.22,312.45
368389.59,271.31,53313.37,312.85
372782.06,271.09,53947.37,312.55
368753.44,271.29,53485.76,312.77
368389.59,271.31,53716.21,312.66
374629.38,271.00,53947.37,312.55
371311.53,271.16,53600.91,312.71
367663.06,271.35,53716.21,312.66
368026.16,271.33,53716.21,312.66
372046.00,271.13,53716.21,312.66
368389.59,271.31,53313.37,312.85
364772.75,271.49,53947.37,312.55
368026.16,271.33,54179.22,312.45
368753.44,271.29,53716.21,312.66
372782.06,271.09,53658.54,312.69
367663.06,271.35,53947.37,312.55
366938.16,271.38,53600.91,312.71
370578.63,271.20,54179.22,312.45
370212.81,271.22,54179.22,312.45
369117.69,271.27,53658.54,312.69
370212.81,271.22,53889.52,312.58
367300.44,271.36,53485.76,312.77
370212.81,271.22,54121.19,312.47
370578.63,271.20,53947.37,312.55
367663.06,271.35,53947.37,312.55
368026.16,271.33,53889.52,312.58
371311.53,271.16,54121.19,312.47
369117.69,271.27,53716.21,312.66
370212.81,271.22,54121.19,312.47
372782.06,271.09,53658.54,312.69
368026.16,271.33,53831.71,312.61
370578.63,271.20,53947.37,312.55
367663.06,271.35,53831.71,312.61
370578.63,271.20,53947.37,312.55
371311.53,271.16,54121.19,312.47
370578.63,271.20,53716.21,312.66
371678.53,271.14,53716.21,312.66
372046.00,271.13,54063.20,312.50
370212.81,271.22,53716.21,312.66
370212.81,271.22,53658.54,312.69
372782.06,271.09,53947.37,312.55
369847.38,271.24,53716.21,312.66
371311.53,271.16,54005.27,312.53
368026.16,271.33,54005.27,312.53
369847.38,271.24,54179.22,312.45
368389.59,271.31,54121.19,312.47
367663.06,271.35,53600.91,312.71
368389.59,271.31,54353.56,312.37
367663.06,271.35,53947.37,312.55
366938.16,271.38,54121.19,312.47
368389.59,271.31,54063.20,312.50
373519.78,271.05,53889.52,312.58
369847.38,271.24,53658.54,312.69
370578.63,271.20,54063.20,312.50
370578.63,271.20,54179.22,312.45
368026.16,271.33,53831.71,312.61
368026.16,271.33,53716.21,312.66
373519.78,271.05,54063.20,312.50
370578.63,271.20,54005.27,312.53
368026.16,271.33,53889.52,312.58
367663.06,271.35,53889.52,312.58
372046.00,271.13,54063.20,312.50
371678.53,271.14,54179.22,312.45
369847.38,271.24,53831.71,312.61
371678.53,271.14,53716.21,312.66
370578.63,271.20,53716.21,312.66
371678.53,271.14,54063.20,312.50
366214.81,271.42,53716.21,312.66
368389.59,271.31,53716.21,312.66
373519.78,271.05,53889.52,312.58
369117.69,271.27,54005.27,312.53
368026.16,271.33,53600.91,312.71
368026.16,271.33,53600.91,312.71
371311.53,271.16,54179.22,312.45
371311.53,271.16,54121.19,312.47
368753.44,271.29,53658.54,312.69
368026.16,271.33,53543.31,312.74
371678.53,271.14,53947.37,312.55
375742.59,270.94,54063.20,312.50
368753.44,271.29,53889.52,312.58
369847.38,271.24,54179.22,312.45
371311.53,271.16,53313.37,312.85
368026.16,271.33,53658.54,312.69
368389.59,271.31,53658.54,312.69
368389.59,271.31,54121.19,312.47
372046.00,271.13,54179.22,312.45
372413.84,271.11,54179.22,312.45
368026.16,271.33,53889.52,312.58
370578.63,271.20,54063.20,312.50
368026.16,271.33,53485.76,312.77
368026.16,271.33,54179.22,312.45
372413.84,271.11,53947.37,312.55
372046.00,271.13,54063.20,312.50
369117.69,271.27,53889.52,312.58
367663.06,271.35,53485.76,312.77
369117.69,271.27,54063.20,312.50
369117.69,271.27,54121.19,312.47
368026.16,271.33,53716.21,312.66
371678.53,271.14,54063.20,312.50
368389.59,271.31,53889.52,312.58
370578.63,271.20,54179.22,312.45
366938.16,271.38,53716.21,312.66
372782.06,271.09,54063.20,312.50
370578.63,271.20,54005.27,312.53
366938.16,271.38,53716.21,312.66
373519.78,271.05,53313.37,312.85
369482.34,271.25,53658.54,312.69
371678.53,271.14,53947.37,312.55
374259.09,271.02,54179.22,312.45
368026.16,271.33,53889.52,312.58
367663.06,271.35,53773.94,312.63
374259.09,271.02,54179.22,312.45
369847.38,271.24,54063.20,312.50
364054.09,271.53,53716.21,312.66
368026.16,271.33,54295.41,312.39
369117.69,271.27,54411.77,312.34
369482.34,271.25,53600.91,312.71
369847.38,271.24,53947.37,312.55
368389.59,271.31,54005.27,312.53
368389.59,271.31,53947.37,312.55
369847.38,271.24,53889.52,312.58
367663.06,271.35,53716.21,312.66
368389.59,271.31,53947.37,312.55
372782.06,271.09,53716.21,312.66
374629.38,271.00,53947.37,312.55
370578.63,271.20,53026.91,312.98
368026.16,271.33,54237.29,312.42
368026.16,271.33,53889.52,312.58
368026.16,271.33,54005.27,312.53
368389.59,271.31,53889.52,312.58
368753.44,271.29,53485.76,312.77
368026.16,271.33,54063.20,312.50
371311.53,271.16,54470.02,312.31
368026.16,271.33,53889.52,312.58
370578.63,271.20,53889.52,312.58
373519.78,271.05,54005.27,312.53
373519.78,271.05,54411.77,312.34
369117.69,271.27,54063.20,312.50
371678.53,271.14,53889.52,312.58
370578.63,271.20,53716.21,312.66
369117.69,271.27,53947.37,312.55
371678.53,271.14,53831.71,312.61
368389.59,271.31,54353.56,312.37
368389.59,271.31,53658.54,312.69
368389.59,271.31,54063.20,312.50
373519.78,271.05,54353.56,312.37
373150.72,271.07,54063.20,312.50
368026.16,271.33,53600.91,312.71
368389.59,271.31,54179.22,312.45
373150.72,271.07,54121.19,312.47
370578.63,271.20,53716.21,312.66
372413.84,271.11,54063.20,312.50
368026.16,271.33,54121.19,312.47
368026.16,271.33,53658.54,312.69
368026.16,271.33,53658.54,312.69
368026.16,271.33,54063.20,312.50
368026.16,271.33,53889.52,312.58
370578.63,271.20,54005.27,312.53
368026.16,271.33,54063.20,312.50
368026.16,271.33,53947.37,312.55
367663.06,271.35,54121.19,312.47
370578.63,271.20,54237.29,312.42
368389.59,271.31,54237.29,312.42
368026.16,271.33,54295.41,312.39
368026.16,271.33,54005.27,312.53
369117.69,271.27,54063.20,312.50
368026.16,271.33,53831.71,312.61
370578.63,271.20,54179.22,312.45
370578.63,271.20,53889.52,312.58
371678.53,271.14,54005.27,312.53
368389.59,271.31,54121.19,312.47
370212.81,271.22,53889.52,312.58
368753.44,271.29,54063.20,312.50
366938.16,271.38,53831.71,312.61
372046.00,271.13,54179.22,312.45
369847.38,271.24,54237.29,312.42
368026.16,271.33,54179.22,312.45
368026.16,271.33,53947.37,312.55
368026.16,271.33,54121.19,312.47
366938.16,271.38,53889.52,312.58
367300.44,271.36,53889.52,312.58
372046.00,271.13,54063.20,312.50
366938.16,271.38,53889.52,312.58
367300.44,271.36,54179.22,312.45
370212.81,271.22,54237.29,312.42
368026.16,271.33,53889.52,312.58
364772.75,271.49,53600.91,312.71
368389.59,271.31,53716.21,312.66
368026.16,271.33,54121.19,312.47
373519.78,271.05,54063.20,312.50
370212.81,271.22,54005.27,312.53
369482.34,271.25,53889.52,312.58
368389.59,271.31,54121.19,312.47
371678.53,271.14,54005.27,312.53
372782.06,271.09,53947.37,312.55
369117.69,271.27,53658.54,312.69
370578.63,271.20,53947.37,312.55
372046.00,271.13,54063.20,312.50
373150.72,271.07,53947.37,312.55
371311.53,271.16,53658.54,312.69
369117.69,271.27,54121.19,312.47
370578.63,271.20,54063.20,312.50
371678.53,271.14,54005.27,312.53
369847.38,271.24,54063.20,312.50
365132.69,271.48,54121.19,312.47
369117.69,271.27,54063.20,312.50
370944.88,271.18,54179.22,312.45
369847.38,271.24,54179.22,312.45
369117.69,271.27,53773.94,312.63
368753.44,271.29,54121.19,312.47
370578.63,271.20,53831.71,312.61
368753.44,271.29,53716.21,312.66
367663.06,271.35,54063.20,312.50
370212.81,271.22,53947.37,312.55
375742.59,270.94,54179.22,312.45
368753.44,271.29,53947.37,312.55
372782.06,271.09,54063.20,312.50
367663.06,271.35,53947.37,312.55
367663.06,271.35,54179.22,312.45
371311.53,271.16,54179.22,312.45
371678.53,271.14,54063.20,312.50
369117.69,271.27,53947.37,312.55
370944.88,271.18,54005.27,312.53
371311.53,271.16,54179.22,312.45
368026.16,271.33,54295.41,312.39
367300.44,271.36,53658.54,312.69
366214.81,271.42,53947.37,312.55
372046.00,271.13,53947.37,312.55
367663.06,271.35,54528.30,312.29
366214.81,271.42,53716.21,312.66
369847.38,271.24,54063.20,312.50
368026.16,271.33,53543.31,312.74
369117.69,271.27,53543.31,312.74
367300.44,271.36,54121.19,312.47
369847.38,271.24,53716.21,312.66
369847.38,271.24,54353.56,312.37
369117.69,271.27,54470.02,312.31
369117.69,271.27,53716.21,312.66
368753.44,271.29,54295.41,312.39
368753.44,271.29,54179.22,312.45
369117.69,271.27,54063.20,312.50
371678.53,271.14,53716.21,312.66
368026.16,271.33,54005.27,312.53
369482.34,271.25,54121.19,312.47
371311.53,271.16,54179.22,312.45
369117.69,271.27,54470.02,312.31
368026.16,271.33,53600.91,312.71
367663.06,271.35,53716.21,312.66
368026.16,271.33,54063.20,312.50
371678.53,271.14,54179.22,312.45
370212.81,271.22,54121.19,312.47
368389.59,271.31,54179.22,312.45
368026.16,271.33,54063.20,312.50
368026.16,271.33,54063.20,312.50
371311.53,271.16,53947.37,312.55
368389.59,271.31,53716.21,312.66
370944.88,271.18,54411.77,312.34
372046.00,271.13,54295.41,312.39
369482.34,271.25,54179.22,312.45
369117.69,271.27,53889.52,312.58
371678.53,271.14,53947.37,312.55
368389.59,271.31,54179.22,312.45
367663.06,271.35,53947.37,312.55
370578.63,271.20,54121.19,312.47
368026.16,271.33,53658.54,312.69
370578.63,271.20,54411.77,312.34
370212.81,271.22,53889.52,312.58
373519.78,271.05,54411.77,312.34
374259.09,271.02,54528.30,312.29
371678.53,271.14,53947.37,312.55
368389.59,271.31,53831.71,312.61
368753.44,271.29,54237.29,312.42
371311.53,271.16,54237.29,312.42
368026.16,271.33,54179.22,312.45
368026.16,271.33,54121.19,312.47
369847.38,271.24,54353.56,312.37
372413.84,271.11,54295.41,312.39
367663.06,271.35,52457.19,313.25
369117.69,271.27,54237.29,312.42
372782.06,271.09,54295.41,312.39
367663.06,271.35,54179.22,312.45
368026.16,271.33,53716.21,312.66
368026.16,271.33,53831.71,312.61
372413.84,271.11,54295.41,312.39
364772.75,271.49,54063.20,312.50
370212.81,271.22,54179.22,312.45
373519.78,271.05,54411.77,312.34
368026.16,271.33,53889.52,312.58
370578.63,271.20,54179.22,312.45
374259.09,271.02,54121.19,312.47
369482.34,271.25,54063.20,312.50
368026.16,271.33,53947.37,312.55
369117.69,271.27,54179.22,312.45
368026.16,271.33,54121.19,312.47
367300.44,271.36,54179.22,312.45
368026.16,271.33,54063.20,312.50
369117.69,271.27,54295.41,312.39
371678.53,271.14,53889.52,312.58
369482.34,271.25,54353.56,312.37
368026.16,271.33,54179.22,312.45
366214.81,271.42,54063.20,312.50
364054.09,271.53,53889.52,312.58
369847.38,271.24,53889.52,312.58
369117.69,271.27,54237.29,312.42
366938.16,271.38,53831.71,312.61
368026.16,271.33,54121.19,312.47
372413.84,271.11,54121.19,312.47
368389.59,271.31,54063.20,312.50
369117.69,271.27,54295.41,312.39
369117.69,271.27,54179.22,312.45
371311.53,271.16,54295.41,312.39
368753.44,271.29,54121.19,312.47
373150.72,271.07,54353.56,312.37
373150.72,271.07,54353.56,312.37
366938.16,271.38,54121.19,312.47
368026.16,271.33,54295.41,312.39
368026.16,271.33,53600.91,312.71
368389.59,271.31,54411.77,312.34
369117.69,271.27,53947.37,312.55
367663.06,271.35,54237.29,312.42
369117.69,271.27,54353.56,312.37
368026.16,271.33,54179.22,312.45
368026.16,271.33,53889.52,312.58
368753.44,271.29,54295.41,312.39
369117.69,271.27,54237.29,312.42
368753.44,271.29,54353.56,312.37
367663.06,271.35,54179.22,312.45
372413.84,271.11,54295.41,312.39
370212.81,271.22,54179.22,312.45
372046.00,271.13,53313.37,312.85
368389.59,271.31,53600.91,312.71
368026.16,271.33,54411.77,312.34
367300.44,271.36,54005.27,312.53
368389.59,271.31,54295.41,312.39
368389.59,271.31,54179.22,312.45
370578.63,271.20,54179.22,312.45
371678.53,271.14,54179.22,312.45
368753.44,271.29,54179.22,312.45
368026.16,271.33,54063.20,312.50
373519.78,271.05,54179.22,312.45
370212.81,271.22,54179.22,312.45
367300.44,271.36,54295.41,312.39
368389.59,271.31,54121.19,312.47
368026.16,271.33,54121.19,312.47
370944.88,271.18,54295.41,312.39
368026.16,271.33,54179.22,312.45
368026.16,271.33,54179.22,312.45
371311.53,271.16,53947.37,312.55
368026.16,271.33,54586.64,312.26
372046.00,271.13,54121.19,312.47
368389.59,271.31,54295.41,312.39
370212.81,271.22,54411.77,312.34
370578.63,271.20,54121.19,312.47
368389.59,271.31,54179.22,312.45
369847.38,271.24,54179.22,312.45
370578.63,271.20,54179.22,312.45
373889.22,271.03,54179.22,312.45
371311.53,271.16,54586.64,312.26
368389.59,271.31,54237.29,312.42
369847.38,271.24,54179.22,312.45
372413.84,271.11,53658.54,312.69
370578.63,271.20,54121.19,312.47
372046.00,271.13,53947.37,312.55
368026.16,271.33,54063.20,312.50
370578.63,271.20,54295.41,312.39
372046.00,271.13,54295.41,312.39
368026.16,271.33,53947.37,312.55
368026.16,271.33,54586.64,312.26
368026.16,271.33,54179.22,312.45
368026.16,271.33,54295.41,312.39
367663.06,271.35,53716.21,312.66
368026.16,271.33,54411.77,312.34
371311.53,271.16,54063.20,312.50
367300.44,271.36,54005.27,312.53
369117.69,271.27,54179.22,312.45
372782.06,271.09,54470.02,312.31
368389.59,271.31,54179.22,312.45
373150.72,271.07,54179.22,312.45
370212.81,271.22,54121.19,312.47
369847.38,271.24,53947.37,312.55
370578.63,271.20,54179.22,312.45
369847.38,271.24,54237.29,312.42
368389.59,271.31,54237.29,312.42
371311.53,271.16,54295.41,312.39
370578.63,271.20,54121.19,312.47
372413.84,271.11,54353.56,312.37
369847.38,271.24,53716.21,312.66
371678.53,271.14,54179.22,312.45
371678.53,271.14,54353.56,312.37
372413.84,271.11,54121.19,312.47
371311.53,271.16,54645.02,312.24
368026.16,271.33,54179.22,312.45
369117.69,271.27,54179.22,312.45
370578.63,271.20,54295.41,312.39
368389.59,271.31,53947.37,312.55
369847.38,271.24,54179.22,312.45
370578.63,271.20,54237.29,312.42
370212.81,271.22,54353.56,312.37
368753.44,271.29,54295.41,312.39
368753.44,271.29,54528.30,312.29
368026.16,271.33,54063.20,312.50
368389.59,271.31,54528.30,312.29
373519.78,271.05,54645.02,312.24
368026.16,271.33,53947.37,312.55
368026.16,271.33,53947.37,312.55
373150.72,271.07,54179.22,312.45
370944.88,271.18,54353.56,312.37
372046.00,271.13,54005.27,312.53
371678.53,271.14,54063.20,312.50
368026.16,271.33,54295.41,312.39
372782.06,271.09,54295.41,312.39
372782.06,271.09,54179.22,312.45
368389.59,271.31,54645.02,312.24
370578.63,271.20,54237.29,312.42
372782.06,271.09,54353.56,312.37
368753.44,271.29,54121.19,312.47
373150.72,271.07,54063.20,312.50
373889.22,271.03,54586.64,312.26
370578.63,271.20,54411.77,312.34
370212.81,271.22,54179.22,312.45
366214.81,271.42,53600.91,312.71
368753.44,271.29,53947.37,312.55
375371.13,270.96,56059.46,311.61
372046.00,271.13,54353.56,312.37
369847.38,271.24,54179.22,312.45
372046.00,271.13,54353.56,312.37
370212.81,271.22,54179.22,312.45
372046.00,271.13,54353.56,312.37
372046.00,271.13,54121.19,312.47
369482.34,271.25,53947.37,312.55
368026.16,271.33,54179.22,312.45
371678.53,271.14,54353.56,312.37
372782.06,271.09,54761.90,312.18
368026.16,271.33,54005.27,312.53
368026.16,271.33,54179.22,312.45
371311.53,271.16,54179.22,312.45
373150.72,271.07,54353.56,312.37
371678.53,271.14,54179.22,312.45
370212.81,271.22,54586.64,312.26
368753.44,271.29,54237.29,312.42
371678.53,271.14,54586.64,312.26
372782.06,271.09,54295.41,312.39
365853.69,271.44,54005.27,312.53
369847.38,271.24,54121.19,312.47
373889.22,271.03,54586.64,312.26
372413.84,271.11,54411.77,312.34
369117.69,271.27,54411.77,312.34
374629.38,271.00,54411.77,312.34
369117.69,271.27,54063.20,312.50
370212.81,271.22,54411.77,312.34
372782.06,271.09,54528.30,312.29
370578.63,271.20,54005.27,312.53
367663.06,271.35,54353.56,312.37
369482.34,271.25,54295.41,312.39
370212.81,271.22,54179.22,312.45
369117.69,271.27,53831.71,312.61
368026.16,271.33,53947.37,312.55
371678.53,271.14,54295.41,312.39
376114.50,270.92,54528.30,312.29
368389.59,271.31,54353.56,312.37
368026.16,271.33,54005.27,312.53
369847.38,271.24,54353.56,312.37
373150.72,271.07,54295.41,312.39
370578.63,271.20,54353.56,312.37
367663.06,271.35,54121.19,312.47
369117.69,271.27,54179.22,312.45
367663.06,271.35,53947.37,312.55
369117.69,271.27,54179.22,312.45
369117.69,271.27,53947.37,312.55
365853.69,271.44,54063.20,312.50
368753.44,271.29,53947.37,312.55
369847.38,271.24,54179.22,312.45
375742.59,270.94,54353.56,312.37
369117.69,271.27,54295.41,312.39
368389.59,271.31,54645.02,312.24
369482.34,271.25,54645.02,312.24
370578.63,271.20,54295.41,312.39
369847.38,271.24,54179.22,312.45
369117.69,271.27,54295.41,312.39
370212.81,271.22,54237.29,312.42
372046.00,271.13,54820.42,312.16
370212.81,271.22,54237.29,312.42
367300.44,271.36,54411.77,312.34
374259.09,271.02,54411.77,312.34
374259.09,271.02,54353.56,312.37
368753.44,271.29,54528.30,312.29
372413.84,271.11,54179.22,312.45
372782.06,271.09,54411.77,312.34
372782.06,271.09,54353.56,312.37
369117.69,271.27,54353.56,312.37
372046.00,271.13,54121.19,312.47
373889.22,271.03,54353.56,312.37
369847.38,271.24,54237.29,312.42
372046.00,271.13,54179.22,312.45
373889.22,271.03,54295.41,312.39
370578.63,271.20,54121.19,312.47
368026.16,271.33,54470.02,312.31
369117.69,271.27,54237.29,312.42
372046.00,271.13,54470.02,312.31
370578.63,271.20,54179.22,312.45
369482.34,271.25,54353.56,312.37
372046.00,271.13,54353.56,312.37
370212.81,271.22,54645.02,312.24
374259.09,271.02,54645.02,312.24
372782.06,271.09,54353.56,312.37
372046.00,271.13,54645.02,312.24
372046.00,271.13,54645.02,312.24
368026.16,271.33,54411.77,312.34
372046.00,271.13,54878.98,312.13
372782.06,271.09,54353.56,312.37
370212.81,271.22,54237.29,312.42
368389.59,271.31,54411.77,312.34
368753.44,271.29,54295.41,312.39
368389.59,271.31,54295.41,312.39
368389.59,271.31,53831.71,312.61
372782.06,271.09,54411.77,312.34
372046.00,271.13,53716.21,312.66
369847.38,271.24,54353.56,312.37
372413.84,271.11,54063.20,312.50
369117.69,271.27,54179.22,312.45
371678.53,271.14,54295.41,312.39
369117.69,271.27,54179.22,312.45
372046.00,271.13,54295.41,312.39
373889.22,271.03,54528.30,312.29
368026.16,271.33,54179.22,312.45
372046.00,271.13,54528.30,312.29
370578.63,271.20,54005.27,312.53
371311.53,271.16,53370.79,312.82
373519.78,271.05,54878.98,312.13
367300.44,271.36,54295.41,312.39
368026.16,271.33,53716.21,312.66
369117.69,271.27,54179.22,312.45
370578.63,271.20,54645.02,312.24
370578.63,271.20,54645.02,312.24
369482.34,271.25,54179.22,312.45
372046.00,271.13,54411.77,312.34
373150.72,271.07,54353.56,312.37
368753.44,271.29,54353.56,312.37
368026.16,271.33,54353.56,312.37
369847.38,271.24,54295.41,312.39
372782.06,271.09,54353.56,312.37
370578.63,271.20,54353.56,312.37
369117.69,271.27,53831.71,312.61
372046.00,271.13,54353.56,312.37
368389.59,271.31,54353.56,312.37
369482.34,271.25,54237.29,312.42
372782.06,271.09,54528.30,312.29
369117.69,271.27,54121.19,312.47
369117.69,271.27,54179.22,312.45
371678.53,271.14,54528.30,312.29
371678.53,271.14,54353.56,312.37
371311.53,271.16,54295.41,312.39
369847.38,271.24,54295.41,312.39
370944.88,271.18,54237.29,312.42
370578.63,271.20,54295.41,312.39
369482.34,271.25,54411.77,312.34
368026.16,271.33,54063.20,312.50
371678.53,271.14,54411.77,312.34
371311.53,271.16,54353.56,312.37
368026.16,271.33,54295.41,312.39
373519.78,271.05,54411.77,312.34
370212.81,271.22,54470.02,312.31
368389.59,271.31,54353.56,312.37
373519.78,271.05,54295.41,312.39
371311.53,271.16,54353.56,312.37
368026.16,271.33,54295.41,312.39
372782.06,271.09,54528.30,312.29
371678.53,271.14,53947.37,312.55
370578.63,271.20,54353.56,312.37
369482.34,271.25,54411.77,312.34
373519.78,271.05,54179.22,312.45
369847.38,271.24,53947.37,312.55
373150.72,271.07,54586.64,312.26
372046.00,271.13,54645.02,312.24
369117.69,271.27,54121.19,312.47
375000.03,270.98,54528.30,312.29
370212.81,271.22,54411.77,312.34
369117.69,271.27,54411.77,312.34
373519.78,271.05,54645.02,312.24
368389.59,271.31,54063.20,312.50
371678.53,271.14,54470.02,312.31
369117.69,271.27,54237.29,312.42
370944.88,271.18,54411.77,312.34
368026.16,271.33,54179.22,312.45
368026.16,271.33,54005.27,312.53
375742.59,270.94,54121.19,312.47
368389.59,271.31,54179.22,312.45
370944.88,271.18,54645.02,312.24
373519.78,271.05,54528.30,312.29
371678.53,271.14,54528.30,312.29
371678.53,271.14,54179.22,312.45
373889.22,271.03,54295.41,312.39
372782.06,271.09,54121.19,312.47
371678.53,271.14,54295.41,312.39
373519.78,271.05,54121.19,312.47
370578.63,271.20,54528.30,312.29
372413.84,271.11,54121.19,312.47
369117.69,271.27,54528.30,312.29
371678.53,271.14,54411.77,312.34
369847.38,271.24,54179.22,312.45
369117.69,271.27,54005.27,312.53
373150.72,271.07,54295.41,312.39
373519.78,271.05,54295.41,312.39
373519.78,271.05,54411.77,312.34
372413.84,271.11,54586.64,312.26
374629.38,271.00,54295.41,312.39
372046.00,271.13,54353.56,312.37
374259.09,271.02,54237.29,312.42
372046.00,271.13,54237.29,312.42
368026.16,271.33,54005.27,312.53
369117.69,271.27,54353.56,312.37
371678.53,271.14,54411.77,312.34
372782.06,271.09,54237.29,312.42
373519.78,271.05,54528.30,312.29
368026.16,271.33,54237.29,312.42
369117.69,271.27,54179.22,312.45
368753.44,271.29,54528.30,312.29
369117.69,271.27,54528.30,312.29
374629.38,271.00,54121.19,312.47
367663.06,271.35,54179.22,312.45
372413.84,271.11,54179.22,312.45
372782.06,271.09,54411.77,312.34
371311.53,271.16,54295.41,312.39
368753.44,271.29,54237.29,312.42
372782.06,271.09,54996.21,312.08
373519.78,271.05,54645.02,312.24
369117.69,271.27,54179.22,312.45
368753.44,271.29,53716.21,312.66
369847.38,271.24,54353.56,312.37
370578.63,271.20,54353.56,312.37
372413.84,271.11,54411.77,312.34
368026.16,271.33,54411.77,312.34
370212.81,271.22,54528.30,312.29
369117.69,271.27,54179.22,312.45
368389.59,271.31,54411.77,312.34
372046.00,271.13,54179.22,312.45
370578.63,271.20,54411.77,312.34
366938.16,271.38,54063.20,312.50
370212.81,271.22,54295.41,312.39
373150.72,271.07,54470.02,312.31
369117.69,271.27,54179.22,312.45
370212.81,271.22,54179.22,312.45
372046.00,271.13,54645.02,312.24
370212.81,271.22,54179.22,312.45
367663.06,271.35,54179.22,312.45
368389.59,271.31,55172.41,312.00
373150.72,271.07,53947.37,312.55
368026.16,271.33,54005.27,312.53
370944.88,271.18,54411.77,312.34
369117.69,271.27,54179.22,312.45
371311.53,271.16,54470.02,312.31
368026.16,271.33,54179.22,312.45
369117.69,271.27,54353.56,312.37
369847.38,271.24,54528.30,312.29
371311.53,271.16,54528.30,312.29
368026.16,271.33,54237.29,312.42
368753.44,271.29,54179.22,312.45
368753.44,271.29,54237.29,312.42
373150.72,271.07,54528.30,312.29
372046.00,271.13,54645.02,312.24
368026.16,271.33,54353.56,312.37
368026.16,271.33,54063.20,312.50
370212.81,271.22,54528.30,312.29
369117.69,271.27,54586.64,312.26
369847.38,271.24,54179.22,312.45
368389.59,271.31,53947.37,312.55
368026.16,271.33,55113.64,312.02
368753.44,271.29,54237.29,312.42
371678.53,271.14,54586.64,312.26
370944.88,271.18,54470.02,312.31
372046.00,271.13,54237.29,312.42
368026.16,271.33,54179.22,312.45
368389.59,271.31,54295.41,312.39
368389.59,271.31,54179.22,312.45
370212.81,271.22,54295.41,312.39
368026.16,271.33,54411.77,312.34
370578.63,271.20,54645.02,312.24
370578.63,271.20,54586.64,312.26
369847.38,271.24,54878.98,312.13
369847.38,271.24,54878.98,312.13
369117.69,271.27,54353.56,312.37
372782.06,271.09,54353.56,312.37
368753.44,271.29,54353.56,312.37
371678.53,271.14,54528.30,312.29
376114.50,270.92,54411.77,312.34
369847.38,271.24,54411.77,312.34
369482.34,271.25,54295.41,312.39
370212.81,271.22,53947.37,312.55
365853.69,271.44,54295.41,312.39
368753.44,271.29,54063.20,312.50
370578.63,271.20,54179.22,312.45
369847.38,271.24,54063.20,312.50
370944.88,271.18,54528.30,312.29
369117.69,271.27,54179.22,312.45
368026.16,271.33,54237.29,312.42
372782.06,271.09,54528.30,312.29
369482.34,271.25,54353.56,312.37
370578.63,271.20,54063.20,312.50
374629.38,271.00,54411.77,312.34
368026.16,271.33,54295.41,312.39
368753.44,271.29,54237.29,312.42
374259.09,271.02,54295.41,312.39
368753.44,271.29,54121.19,312.47
368026.16,271.33,54295.41,312.39
372046.00,271.13,54353.56,312.37
373519.78,271.05,54411.77,312.34
368026.16,271.33,54005.27,312.53
370212.81,271.22,54295.41,312.39
373519.78,271.05,53313.37,312.85
368753.44,271.29,54353.56,312.37
370212.81,271.22,54411.77,312.34
368389.59,271.31,54179.22,312.45
371678.53,271.14,54295.41,312.39
372413.84,271.11,54179.22,312.45
373519.78,271.05,54353.56,312.37
369482.34,271.25,54353.56,312.37
369117.69,271.27,54411.77,312.34
372046.00,271.13,54528.30,312.29
368753.44,271.29,54179.22,312.45
368026.16,271.33,54528.30,312.29
370578.63,271.20,54353.56,312.37
371311.53,271.16,54237.29,312.42
370212.81,271.22,54295.41,312.39
368026.16,271.33,54237.29,312.42
368753.44,271.29,54411.77,312.34
372046.00,271.13,54645.02,312.24
369847.38,271.24,54063.20,312.50
370578.63,271.20,54586.64,312.26
373150.72,271.07,53600.91,312.71
369117.69,271.27,54237.29,312.42
369847.38,271.24,54353.56,312.37
369117.69,271.27,54295.41,312.39
370578.63,271.20,54179.22,312.45
377232.69,270.87,54528.30,312.29
371678.53,271.14,54411.77,312.34
369117.69,271.27,54179.22,312.45
371678.53,271.14,54295.41,312.39
371678.53,271.14,54295.41,312.39
370578.63,271.20,54411.77,312.34
372782.06,271.09,54528.30,312.29
368753.44,271.29,54295.41,312.39
369847.38,271.24,54237.29,312.42
372046.00,271.13,54528.30,312.29
368026.16,271.33,54179.22,312.45
368753.44,271.29,54179.22,312.45
373150.72,271.07,54878.98,312.13
372413.84,271.11,54411.77,312.34
369847.38,271.24,54179.22,312.45
368753.44,271.29,53947.37,312.55
369847.38,271.24,55113.64,312.02
368026.16,271.33,54411.77,312.34
370212.81,271.22,54761.90,312.18
370944.88,271.18,54353.56,312.37
367300.44,271.36,54179.22,312.45
372413.84,271.11,54411.77,312.34
369482.34,271.25,54528.30,312.29
366938.16,271.38,54295.41,312.39
370212.81,271.22,54353.56,312.37
372046.00,271.13,54121.19,312.47
368389.59,271.31,53889.52,312.58
367300.44,271.36,54411.77,312.34
372046.00,271.13,54179.22,312.45
366214.81,271.42,54528.30,312.29
366938.16,271.38,53947.37,312.55
368753.44,271.29,54179.22,312.45
373519.78,271.05,54411.77,312.34
366214.81,271.42,54470.02,312.31
368753.44,271.29,53947.37,312.55
372782.06,271.09,54063.20,312.50
366938.16,271.38,54179.22,312.45
364772.75,271.49,54528.30,312.29
370212.81,271.22,54528.30,312.29
368026.16,271.33,54295.41,312.39
368389.59,271.31,54411.77,312.34
368753.44,271.29,54645.02,312.24
373519.78,271.05,54411.77,312.34
366938.16,271.38,54121.19,312.47
366938.16,271.38,54761.90,312.18
368026.16,271.33,54353.56,312.37
367663.06,271.35,54179.22,312.45
369117.69,271.27,54295.41,312.39
370212.81,271.22,54996.21,312.08
366938.16,271.38,53831.71,312.61
372782.06,271.09,54411.77,312.34
373150.72,271.07,54295.41,312.39
371678.53,271.14,54528.30,312.29
368026.16,271.33,54411.77,312.34
370212.81,271.22,54179.22,312.45
369847.38,271.24,54411.77,312.34
369847.38,271.24,54179.22,312.45
372413.84,271.11,53716.21,312.66
368026.16,271.33,54645.02,312.24
369847.38,271.24,54528.30,312.29
369847.38,271.24,54295.41,312.39
368753.44,271.29,54295.41,312.39
371311.53,271.16,54353.56,312.37
369847.38,271.24,54237.29,312.42
372782.06,271.09,54411.77,312.34
368026.16,271.33,54121.19,312.47
370578.63,271.20,54411.77,312.34
372046.00,271.13,54411.77,312.34
375742.59,270.94,54528.30,312.29
371678.53,271.14,54470.02,312.31
369117.69,271.27,54411.77,312.34
369482.34,271.25,54179.22,312.45
370578.63,271.20,54528.30,312.29
369847.38,271.24,53831.71,312.61
372413.84,271.11,54237.29,312.42
370212.81,271.22,54528.30,312.29
371678.53,271.14,54703.44,312.21
368026.16,271.33,54179.22,312.45
368026.16,271.33,54470.02,312.31
369117.69,271.27,54645.02,312.24
371311.53,271.16,54937.57,312.10
369117.69,271.27,54353.56,312.37
370578.63,271.20,54295.41,312.39
373519.78,271.05,54528.30,312.29
368753.44,271.29,54295.41,312.39
368026.16,271.33,54295.41,312.39
370578.63,271.20,54411.77,312.34
369117.69,271.27,54411.77,312.34
371678.53,271.14,54295.41,312.39
367663.06,271.35,53831.71,312.61
373150.72,271.07,54411.77,312.34
374259.09,271.02,54645.02,312.24
368026.16,271.33,54295.41,312.39
370578.63,271.20,54645.02,312.24
370212.81,271.22,54179.22,312.45
367300.44,271.36,54411.77,312.34
371311.53,271.16,54353.56,312.37
368026.16,271.33,53947.37,312.55
369847.38,271.24,54528.30,312.29
369117.69,271.27,54353.56,312.37
368026.16,271.33,53831.71,312.61
370212.81,271.22,54063.20,312.50
372046.00,271.13,54820.42,312.16
370578.63,271.20,54121.19,312.47
371311.53,271.16,54237.29,312.42
372046.00,271.13,54295.41,312.39
369117.69,271.27,54063.20,312.50
369847.38,271.24,54586.64,312.26
373889.22,271.03,54179.22,312.45
369847.38,271.24,54353.56,312.37
368753.44,271.29,54121.19,312.47
369847.38,271.24,54703.44,312.21
372782.06,271.09,53947.37,312.55
370212.81,271.22,54179.22,312.45
369117.69,271.27,54411.77,312.34
371678.53,271.14,54528.30,312.29
372046.00,271.13,54411.77,312.34
367663.06,271.35,54063.20,312.50
370578.63,271.20,54353.56,312.37
370212.81,271.22,54179.22,312.45
368026.16,271.33,54353.56,312.37
370578.63,271.20,54353.56,312.37
372413.84,271.11,54295.41,312.39
369847.38,271.24,54353.56,312.37
369117.69,271.27,54295.41,312.39
374629.38,271.00,54005.27,312.53
370578.63,271.20,54295.41,312.39
368753.44,271.29,54063.20,312.50
371678.53,271.14,54295.41,312.39
372046.00,271.13,54586.64,312.26
370212.81,271.22,54411.77,312.34
368389.59,271.31,54295.41,312.39
370212.81,271.22,54179.22,312.45
373150.72,271.07,54353.56,312.37
369117.69,271.27,54179.22,312.45
368026.16,271.33,54295.41,312.39
368753.44,271.29,54353.56,312.37
373150.72,271.07,54411.77,312.34
371311.53,271.16,54586.64,312.26
369847.38,271.24,54528.30,312.29
368753.44,271.29,54528.30,312.29
373150.72,271.07,54528.30,312.29
374259.09,271.02,54411.77,312.34
369847.38,271.24,54295.41,312.39
369847.38,271.24,54470.02,312.31
370578.63,271.20,54411.77,312.34
372782.06,271.09,54528.30,312.29
371311.53,271.16,54761.90,312.18
368753.44,271.29,54645.02,312.24
372782.06,271.09,54411.77,312.34
368753.44,271.29,54645.02,312.24
368026.16,271.33,54295.41,312.39
373150.72,271.07,54411.77,312.34
373889.22,271.03,54645.02,312.24
371678.53,271.14,54295.41,312.39
368389.59,271.31,54470.02,312.31
373519.78,271.05,54878.98,312.13
369117.69,271.27,54411.77,312.34
373889.22,271.03,54411.77,312.34
370212.81,271.22,54353.56,312.37
368389.59,271.31,54179.22,312.45
368389.59,271.31,54470.02,312.31
370212.81,271.22,54703.44,312.21
369847.38,271.24,54470.02,312.31
370578.63,271.20,54586.64,312.26
371311.53,271.16,54820.42,312.16
369847.38,271.24,54353.56,312.37
368026.16,271.33,54411.77,312.34
372782.06,271.09,54645.02,312.24
372046.00,271.13,54528.30,312.29
370944.88,271.18,54645.02,312.24
373519.78,271.05,54470.02,312.31
374629.38,271.00,54179.22,312.45
370578.63,271.20,54295.41,312.39
369847.38,271.24,54295.41,312.39
372782.06,271.09,54411.77,312.34
368026.16,271.33,54470.02,312.31
368753.44,271.29,54237.29,312.42
371678.53,271.14,54063.20,312.50
370212.81,271.22,54411.77,312.34
369847.38,271.24,54411.77,312.34
374259.09,271.02,54295.41,312.39
370212.81,271.22,53889.52,312.58
371678.53,271.14,54645.02,312.24
368026.16,271.33,54411.77,312.34
371678.53,271.14,54528.30,312.29
371678.53,271.14,54411.77,312.34
368753.44,271.29,54353.56,312.37
370578.63,271.20,54586.64,312.26
370212.81,271.22,54353.56,312.37
372046.00,271.13,54470.02,312.31
372046.00,271.13,54470.02,312.31
368389.59,271.31,54645.02,312.24
370578.63,271.20,54878.98,312.13
368026.16,271.33,54645.02,312.24
368753.44,271.29,54586.64,312.26
370578.63,271.20,54645.02,312.24
368389.59,271.31,54295.41,312.39
374259.09,271.02,54528.30,312.29
370212.81,271.22,54411.77,312.34
372046.00,271.13,54353.56,312.37
369117.69,271.27,54586.64,312.26
369847.38,271.24,54645.02,312.24
371311.53,271.16,54586.64,312.26
371311.53,271.16,54528.30,312.29
369847.38,271.24,54411.77,312.34
374629.38,271.00,54645.02,312.24
369117.69,271.27,54586.64,312.26
371678.53,271.14,54528.30,312.29
372046.00,271.13,54528.30,312.29
372413.84,271.11,54295.41,312.39
372782.06,271.09,54295.41,312.39
371678.53,271.14,54586.64,312.26
370212.81,271.22,54295.41,312.39
374629.38,271.00,54411.77,312.34
370212.81,271.22,54179.22,312.45
372046.00,271.13,54411.77,312.34
370212.81,271.22,54761.90,312.18
371311.53,271.16,54411.77,312.34
374259.09,271.02,54586.64,312.26
370578.63,271.20,54353.56,312.37
373150.72,271.07,54528.30,312.29
371311.53,271.16,54295.41,312.39
368389.59,271.31,54411.77,312.34
372046.00,271.13,54179.22,312.45
369847.38,271.24,54761.90,312.18
370578.63,271.20,54586.64,312.26
374259.09,271.02,54645.02,312.24
370212.81,271.22,54645.02,312.24
369117.69,271.27,54411.77,312.34
372046.00,271.13,54411.77,312.34
372046.00,271.13,54179.22,312.45
372782.06,271.09,54528.30,312.29
372046.00,271.13,54645.02,312.24
369847.38,271.24,54411.77,312.34
370212.81,271.22,54353.56,312.37
373150.72,271.07,54586.64,312.26
372046.00,271.13,54121.19,312.47
369847.38,271.24,54295.41,312.39
372782.06,271.09,54528.30,312.29
368026.16,271.33,54179.22,312.45
373150.72,271.07,54411.77,312.34
368026.16,271.33,54179.22,312.45
370578.63,271.20,54645.02,312.24
369847.38,271.24,54586.64,312.26
373519.78,271.05,54645.02,312.24
370212.81,271.22,54470.02,312.31
373519.78,271.05,54411.77,312.34
372413.84,271.11,54179.22,312.45
369847.38,271.24,54645.02,312.24
371678.53,271.14,54996.21,312.08
372782.06,271.09,54353.56,312.37
373519.78,271.05,54820.42,312.16
373150.72,271.07,54353.56,312.37
366214.81,271.42,54179.22,312.45
371311.53,271.16,54586.64,312.26
375742.59,270.94,54645.02,312.24
368753.44,271.29,54528.30,312.29
368026.16,271.33,54353.56,312.37
372782.06,271.09,54528.30,312.29
369847.38,271.24,54295.41,312.39
372046.00,271.13,54586.64,312.26
371678.53,271.14,54586.64,312.26
372782.06,271.09,54411.77,312.34
372046.00,271.13,54645.02,312.24
369117.69,271.27,54179.22,312.45
372782.06,271.09,54645.02,312.24
372413.84,271.11,54645.02,312.24
371678.53,271.14,54411.77,312.34
375000.03,270.98,54353.56,312.37
368026.16,271.33,54295.41,312.39
373519.78,271.05,54645.02,312.24
371311.53,271.16,54295.41,312.39
369117.69,271.27,54121.19,312.47
374259.09,271.02,54528.30,312.29
373519.78,271.05,54528.30,312.29
371311.53,271.16,54295.41,312.39
370212.81,271.22,54470.02,312.31
372782.06,271.09,54411.77,312.34
369482.34,271.25,53947.37,312.55
371678.53,271.14,54353.56,312.37
369847.38,271.24,54295.41,312.39
372782.06,271.09,54528.30,312.29
372046.00,271.13,54295.41,312.39
374259.09,271.02,53947.37,312.55
370578.63,271.20,54761.90,312.18
368026.16,271.33,54121.19,312.47
372046.00,271.13,54586.64,312.26
369847.38,271.24,54528.30,312.29
369482.34,271.25,54179.22,312.45
372782.06,271.09,54470.02,312.31
371311.53,271.16,54179.22,312.45
369482.34,271.25,54295.41,312.39
372046.00,271.13,54528.30,312.29
374259.09,271.02,54586.64,312.26
371311.53,271.16,54411.77,312.34
368389.59,271.31,54411.77,312.34
370578.63,271.20,54878.98,312.13
372046.00,271.13,54353.56,312.37
370578.63,271.20,53947.37,312.55
369847.38,271.24,54063.20,312.50
374259.09,271.02,54645.02,312.24
374259.09,271.02,54121.19,312.47
371678.53,271.14,54411.77,312.34
369117.69,271.27,54063.20,312.50
368026.16,271.33,54645.02,312.24
373889.22,271.03,54761.90,312.18
370578.63,271.20,54411.77,312.34
369847.38,271.24,54528.30,312.29
373519.78,271.05,54937.57,312.10
370578.63,271.20,54179.22,312.45
371678.53,271.14,54353.56,312.37
369117.69,271.27,54295.41,312.39
372046.00,271.13,54411.77,312.34
369117.69,271.27,54411.77,312.34
371678.53,271.14,54411.77,312.34
374629.38,271.00,54761.90,312.18
371678.53,271.14,54295.41,312.39
373150.72,271.07,54586.64,312.26
372046.00,271.13,54470.02,312.31
363695.34,271.55,54353.56,312.37
375000.03,270.98,54353.56,312.37
369847.38,271.24,54353.56,312.37
371678.53,271.14,54645.02,312.24
368026.16,271.33,54295.41,312.39
371678.53,271.14,54353.56,312.37
371311.53,271.16,54411.77,312.34
373150.72,271.07,54528.30,312.29
367663.06,271.35,54237.29,312.42
372046.00,271.13,54820.42,312.16
370212.81,271.22,54820.42,312.16
372413.84,271.11,54586.64,312.26
370578.63,271.20,54353.56,312.37
369117.69,271.27,54528.30,312.29
372782.06,271.09,54353.56,312.37
369117.69,271.27,54528.30,312.29
370578.63,271.20,54645.02,312.24
372046.00,271.13,54878.98,312.13
371678.53,271.14,54937.57,312.10
369847.38,271.24,54179.22,312.45
370212.81,271.22,54761.90,312.18
372046.00,271.13,54470.02,312.31
371311.53,271.16,54878.98,312.13
374629.38,271.00,54528.30,312.29
368389.59,271.31,54063.20,312.50
375742.59,270.94,54878.98,312.13
370578.63,271.20,54411.77,312.34
368026.16,271.33,54179.22,312.45
373150.72,271.07,54878.98,312.13
368753.44,271.29,54878.98,312.13
376114.50,270.92,54353.56,312.37
371311.53,271.16,54295.41,312.39
373150.72,271.07,54820.42,312.16
372046.00,271.13,55172.41,312.00
370578.63,271.20,54353.56,312.37
375000.03,270.98,54528.30,312.29
375000.03,270.98,54586.64,312.26
371678.53,271.14,54179.22,312.45
370212.81,271.22,54411.77,312.34
368389.59,271.31,54179.22,312.45
374629.38,271.00,54179.22,312.45
372413.84,271.11,53947.37,312.55
372413.84,271.11,54295.41,312.39
373519.78,271.05,54645.02,312.24
372413.84,271.11,54411.77,312.34
371311.53,271.16,54353.56,312.37
372046.00,271.13,54645.02,312.24
373519.78,271.05,54586.64,312.26
369482.34,271.25,54820.42,312.16
371311.53,271.16,54586.64,312.26
373519.78,271.05,54179.22,312.45
368753.44,271.29,54179.22,312.45
372782.06,271.09,54645.02,312.24
374259.09,271.02,54528.30,312.29
369117.69,271.27,54295.41,312.39
372413.84,271.11,54528.30,312.29
369117.69,271.27,54411.77,312.34
370578.63,271.20,54295.41,312.39
373150.72,271.07,54645.02,312.24
373150.72,271.07,54470.02,312.31
371311.53,271.16,54411.77,312.34
369847.38,271.24,54295.41,312.39
368389.59,271.31,54586.64,312.26
369117.69,271.27,53947.37,312.55
374259.09,271.02,54411.77,312.34
371678.53,271.14,54353.56,312.37
370578.63,271.20,54295.41,312.39
375000.03,270.98,54761.90,312.18
369117.69,271.27,54411.77,312.34
371678.53,271.14,54645.02,312.24
375371.13,270.96,54586.64,312.26
372046.00,271.13,54470.02,312.31
372046.00,271.13,54761.90,312.18
373519.78,271.05,54353.56,312.37
373889.22,271.03,54528.30,312.29
369847.38,271.24,54586.64,312.26
373150.72,271.07,54528.30,312.29
372046.00,271.13,54121.19,312.47
369117.69,271.27,54411.77,312.34
374259.09,271.02,54645.02,312.24
371678.53,271.14,54179.22,312.45
368389.59,271.31,54411.77,312.34
371311.53,271.16,54411.77,312.34
371678.53,271.14,54586.64,312.26
372046.00,271.13,54295.41,312.39
368026.16,271.33,54179.22,312.45
372046.00,271.13,54411.77,312.34
376114.50,270.92,54645.02,312.24
369117.69,271.27,54411.77,312.34
368389.59,271.31,54645.02,312.24
370944.88,271.18,54528.30,312.29
369847.38,271.24,54411.77,312.34
368753.44,271.29,54411.77,312.34
370578.63,271.20,54411.77,312.34
373519.78,271.05,54295.41,312.39
370578.63,271.20,54179.22,312.45
370578.63,271.20,54645.02,312.24
373519.78,271.05,54353.56,312.37
373150.72,271.07,54237.29,312.42
372046.00,271.13,54645.02,312.24
372782.06,271.09,54761.90,312.18
369847.38,271.24,54586.64,312.26
369482.34,271.25,54528.30,312.29
368753.44,271.29,54996.21,312.08
370944.88,271.18,54586.64,312.26
375742.59,270.94,54645.02,312.24
368389.59,271.31,54645.02,312.24
369847.38,271.24,54295.41,312.39
375000.03,270.98,54645.02,312.24
368389.59,271.31,54586.64,312.26
370578.63,271.20,54528.30,312.29
368753.44,271.29,54237.29,312.42
372782.06,271.09,54586.64,312.26
373519.78,271.05,54528.30,312.29
370212.81,271.22,54586.64,312.26
371678.53,271.14,53658.54,312.69
369117.69,271.27,54645.02,312.24
374259.09,271.02,54063.20,312.50
368026.16,271.33,54528.30,312.29
372046.00,271.13,54411.77,312.34
368389.59,271.31,54179.22,312.45
373519.78,271.05,54121.19,312.47
371311.53,271.16,54411.77,312.34
371678.53,271.14,53716.21,312.66
373150.72,271.07,53831.71,312.61
373889.22,271.03,54528.30,312.29
369847.38,271.24,54470.02,312.31
372046.00,271.13,54878.98,312.13
373150.72,271.07,54528.30,312.29
372782.06,271.09,54353.56,312.37
370578.63,271.20,54645.02,312.24
373150.72,271.07,54761.90,312.18
368026.16,271.33,54179.22,312.45
372782.06,271.09,54761.90,312.18
368389.59,271.31,54179.22,312.45
368389.59,271.31,54586.64,312.26
373519.78,271.05,54761.90,312.18
370944.88,271.18,54470.02,312.31
371311.53,271.16,53889.52,312.58
369117.69,271.27,54411.77,312.34
374259.09,271.02,54528.30,312.29
369117.69,271.27,54411.77,312.34
375000.03,270.98,54528.30,312.29
369482.34,271.25,54411.77,312.34
372782.06,271.09,53947.37,312.55
371678.53,271.14,54353.56,312.37
374259.09,271.02,54586.64,312.26
370212.81,271.22,54353.56,312.37
373889.22,271.03,54586.64,312.26
373889.22,271.03,54761.90,312.18
373519.78,271.05,54179.22,312.45
373889.22,271.03,54761.90,312.18
374629.38,271.00,54937.57,312.10
369117.69,271.27,54528.30,312.29
369117.69,271.27,54878.98,312.13
373519.78,271.05,54645.02,312.24
368753.44,271.29,54353.56,312.37
375742.59,270.94,54645.02,312.24
373889.22,271.03,54411.77,312.34
370578.63,271.20,54528.30,312.29
371678.53,271.14,54411.77,312.34
373150.72,271.07,54528.30,312.29
373150.72,271.07,54528.30,312.29
371678.53,271.14,54528.30,312.29
372782.06,271.09,53543.31,312.74
370944.88,271.18,54353.56,312.37
369847.38,271.24,54645.02,312.24
375000.03,270.98,54878.98,312.13
370212.81,271.22,54353.56,312.37
372413.84,271.11,54237.29,312.42
373889.22,271.03,54586.64,312.26
371311.53,271.16,54353.56,312.37
371311.53,271.16,54411.77,312.34
374629.38,271.00,54528.30,312.29
372046.00,271.13,54411.77,312.34
371678.53,271.14,53889.52,312.58
373889.22,271.03,54645.02,312.24
368753.44,271.29,54179.22,312.45
373889.22,271.03,54470.02,312.31
375371.13,270.96,54528.30,312.29
367663.06,271.35,54528.30,312.29
371311.53,271.16,54411.77,312.34
374629.38,271.00,54528.30,312.29
374629.38,271.00,54411.77,312.34
370212.81,271.22,54179.22,312.45
372046.00,271.13,54353.56,312.37
375742.59,270.94,54586.64,312.26
378354.53,270.81,54586.64,312.26
373519.78,271.05,54411.77,312.34
369847.38,271.24,54237.29,312.42
376486.84,270.91,54820.42,312.16
372413.84,271.11,54528.30,312.29
371678.53,271.14,54411.77,312.34
373150.72,271.07,54179.22,312.45
371678.53,271.14,54528.30,312.29
371311.53,271.16,53947.37,312.55
371311.53,271.16,53658.54,312.69
373150.72,271.07,54703.44,312.21
373150.72,271.07,54411.77,312.34
371678.53,271.14,54528.30,312.29
372046.00,271.13,54237.29,312.42
374629.38,271.00,54645.02,312.24
369847.38,271.24,54295.41,312.39
369117.69,271.27,54586.64,312.26
371311.53,271.16,54411.77,312.34
377232.69,270.87,54411.77,312.34
368026.16,271.33,54411.77,312.34
369482.34,271.25,54411.77,312.34
372413.84,271.11,54645.02,312.24
370578.63,271.20,54645.02,312.24
368026.16,271.33,54353.56,312.37
377606.22,270.85,54411.77,312.34
373519.78,271.05,55054.91,312.05
372782.06,271.09,54528.30,312.29
370578.63,271.20,54411.77,312.34
370944.88,271.18,54820.42,312.16
369117.69,271.27,54878.98,312.13
373519.78,271.05,54411.77,312.34
373519.78,271.05,54353.56,312.37
369482.34,271.25,54295.41,312.39
368026.16,271.33,54353.56,312.37
373889.22,271.03,54761.90,312.18
373150.72,271.07,54295.41,312.39
368026.16,271.33,54528.30,312.29
370578.63,271.20,54586.64,312.26
373519.78,271.05,54411.77,312.34
368026.16,271.33,55172.41,312.00
371311.53,271.16,54411.77,312.34
376114.50,270.92,54703.44,312.21
372046.00,271.13,54586.64,312.26
372046.00,271.13,54645.02,312.24
373150.72,271.07,54411.77,312.34
377232.69,270.87,54295.41,312.39
370944.88,271.18,54121.19,312.47
374259.09,271.02,54295.41,312.39
371311.53,271.16,54353.56,312.37
372782.06,271.09,53198.66,312.90
373150.72,271.07,54996.21,312.08
372046.00,271.13,54528.30,312.29
373150.72,271.07,54528.30,312.29
372782.06,271.09,54295.41,312.39
372046.00,271.13,54353.56,312.37
370578.63,271.20,54411.77,312.34
373150.72,271.07,54645.02,312.24
373889.22,271.03,54586.64,312.26
372782.06,271.09,54470.02,312.31
370212.81,271.22,54411.77,312.34
379480.13,270.76,54295.41,312.39
370212.81,271.22,54645.02,312.24
372413.84,271.11,54295.41,312.39
373519.78,271.05,54645.02,312.24
367663.06,271.35,54645.02,312.24
373519.78,271.05,54353.56,312.37
372046.00,271.13,54645.02,312.24
372046.00,271.13,54528.30,312.29
372046.00,271.13,54878.98,312.13
372046.00,271.13,54353.56,312.37
368753.44,271.29,53889.52,312.58
368389.59,271.31,54586.64,312.26
371311.53,271.16,54645.02,312.24
368389.59,271.31,54411.77,312.34
375000.03,270.98,54820.42,312.16
368026.16,271.33,54411.77,312.34
374629.38,271.00,54645.02,312.24
371678.53,271.14,54878.98,312.13
371311.53,271.16,54645.02,312.24
373519.78,271.05,54528.30,312.29
372046.00,271.13,54295.41,312.39
373519.78,271.05,54411.77,312.34
375000.03,270.98,54645.02,312.24
370212.81,271.22,54353.56,312.37
369117.69,271.27,54528.30,312.29
371311.53,271.16,54586.64,312.26
371678.53,271.14,54586.64,312.26
370578.63,271.20,54411.77,312.34
370578.63,271.20,54528.30,312.29
368389.59,271.31,54295.41,312.39
373519.78,271.05,54586.64,312.26
367663.06,271.35,54295.41,312.39
369847.38,271.24,54528.30,312.29
373150.72,271.07,54179.22,312.45
372782.06,271.09,54528.30,312.29
368753.44,271.29,54761.90,312.18
370578.63,271.20,54645.02,312.24
375000.03,270.98,54586.64,312.26
372413.84,271.11,54645.02,312.24
376114.50,270.92,54820.42,312.16
369117.69,271.27,54411.77,312.34
370578.63,271.20,55172.41,312.00
372046.00,271.13,54645.02,312.24
369847.38,271.24,54353.56,312.37
372413.84,271.11,54761.90,312.18
368389.59,271.31,54411.77,312.34
368389.59,271.31,54528.30,312.29
369847.38,271.24,54586.64,312.26
373889.22,271.03,54528.30,312.29
373150.72,271.07,54586.64,312.26
369482.34,271.25,54820.42,312.16
368753.44,271.29,54121.19,312.47
375742.59,270.94,54645.02,312.24
373150.72,271.07,54411.77,312.34
371311.53,271.16,54645.02,312.24
370578.63,271.20,54645.02,312.24
372046.00,271.13,54528.30,312.29
371311.53,271.16,54528.30,312.29
371311.53,271.16,54586.64,312.26
368753.44,271.29,54645.02,312.24
368753.44,271.29,54121.19,312.47
372046.00,271.13,53889.52,312.58
372046.00,271.13,54586.64,312.26
371311.53,271.16,54528.30,312.29
375742.59,270.94,54411.77,312.34
373519.78,271.05,53947.37,312.55
370212.81,271.22,54645.02,312.24
375000.03,270.98,54470.02,312.31
370578.63,271.20,54586.64,312.26
371311.53,271.16,54528.30,312.29
371311.53,271.16,54761.90,312.18
368753.44,271.29,54878.98,312.13
368026.16,271.33,54761.90,312.18
373889.22,271.03,54586.64,312.26
369117.69,271.27,54528.30,312.29
370578.63,271.20,54937.57,312.10
373519.78,271.05,54237.29,312.42
370578.63,271.20,54878.98,312.13
368753.44,271.29,54411.77,312.34
374629.38,271.00,54411.77,312.34
370944.88,271.18,54761.90,312.18
371678.53,271.14,54820.42,312.16
372046.00,271.13,54411.77,312.34
368389.59,271.31,54586.64,312.26
372782.06,271.09,54295.41,312.39
372046.00,271.13,54586.64,312.26
369847.38,271.24,55172.41,312.00
374629.38,271.00,54005.27,312.53
368753.44,271.29,54645.02,312.24
371678.53,271.14,54528.30,312.29
376114.50,270.92,54121.19,312.47
371678.53,271.14,54179.22,312.45
371311.53,271.16,54586.64,312.26
371311.53,271.16,54996.21,312.08
371311.53,271.16,54645.02,312.24
372046.00,271.13,54528.30,312.29
370212.81,271.22,54996.21,312.08
373889.22,271.03,54820.42,312.16
369117.69,271.27,54586.64,312.26
371678.53,271.14,54878.98,312.13
370578.63,271.20,54820.42,312.16
374259.09,271.02,54820.42,312.16
372046.00,271.13,54411.77,312.34
369847.38,271.24,54645.02,312.24
375742.59,270.94,55054.91,312.05
373150.72,271.07,54645.02,312.24
368753.44,271.29,54528.30,312.29
372046.00,271.13,54411.77,312.34
368753.44,271.29,54645.02,312.24
373150.72,271.07,54121.19,312.47
372782.06,271.09,54411.77,312.34
372782.06,271.09,54528.30,312.29
369482.34,271.25,54645.02,312.24
373889.22,271.03,55054.91,312.05
372413.84,271.11,54761.90,312.18
370578.63,271.20,54411.77,312.34
371678.53,271.14,54528.30,312.29
370578.63,271.20,54761.90,312.18
370578.63,271.20,54586.64,312.26
370578.63,271.20,54179.22,312.45
373150.72,271.07,54645.02,312.24
370944.88,271.18,54353.56,312.37
367300.44,271.36,54470.02,312.31
374259.09,271.02,55113.64,312.02
368753.44,271.29,54528.30,312.29
374259.09,271.02,54645.02,312.24
371311.53,271.16,54528.30,312.29
368026.16,271.33,54996.21,312.08
371678.53,271.14,54820.42,312.16
368389.59,271.31,54645.02,312.24
370578.63,271.20,54820.42,312.16
375000.03,270.98,54411.77,312.34
373150.72,271.07,54353.56,312.37
370212.81,271.22,54470.02,312.31
374629.38,271.00,54878.98,312.13
367663.06,271.35,54528.30,312.29
371678.53,271.14,54645.02,312.24
372782.06,271.09,54528.30,312.29
367663.06,271.35,54645.02,312.24
375000.03,270.98,54996.21,312.08
368026.16,271.33,54121.19,312.47
368753.44,271.29,54470.02,312.31
375371.13,270.96,54996.21,312.08
370944.88,271.18,54353.56,312.37
368753.44,271.29,54645.02,312.24
373150.72,271.07,54820.42,312.16
370212.81,271.22,54586.64,312.26
372046.00,271.13,54761.90,312.18
377606.22,270.85,54411.77,312.34
369482.34,271.25,54761.90,312.18
371311.53,271.16,55172.41,312.00
371678.53,271.14,54878.98,312.13
373150.72,271.07,54528.30,312.29
370212.81,271.22,54411.77,312.34
374629.38,271.00,54411.77,312.34
373150.72,271.07,54411.77,312.34
370578.63,271.20,54295.41,312.39
372782.06,271.09,54528.30,312.29
371678.53,271.14,54470.02,312.31
373519.78,271.05,54353.56,312.37
371678.53,271.14,54586.64,312.26
376486.84,270.91,54645.02,312.24
368753.44,271.29,54411.77,312.34
372782.06,271.09,54586.64,312.26
373150.72,271.07,54586.64,312.26
373150.72,271.07,54820.42,312.16
373889.22,271.03,54528.30,312.29
370578.63,271.20,54470.02,312.31
369847.38,271.24,54645.02,312.24
374259.09,271.02,54878.98,312.13
368753.44,271.29,54528.30,312.29
370578.63,271.20,54878.98,312.13
375742.59,270.94,54878.98,312.13
371678.53,271.14,54761.90,312.18
373889.22,271.03,54761.90,312.18
371678.53,271.14,54528.30,312.29
370578.63,271.20,54878.98,312.13
374259.09,271.02,55113.64,312.02
371311.53,271.16,54820.42,312.16
369117.69,271.27,54528.30,312.29
375000.03,270.98,54645.02,312.24
372046.00,271.13,54761.90,312.18
369482.34,271.25,54470.02,312.31
372046.00,271.13,54878.98,312.13
373150.72,271.07,54411.77,312.34
374259.09,271.02,54645.02,312.24
372782.06,271.09,54586.64,312.26
372782.06,271.09,54761.90,312.18
371311.53,271.16,54528.30,312.29
371311.53,271.16,54878.98,312.13
371311.53,271.16,54878.98,312.13
370578.63,271.20,54878.98,312.13
375742.59,270.94,54820.42,312.16
368753.44,271.29,54586.64,312.26
370578.63,271.20,54528.30,312.29
372782.06,271.09,54996.21,312.08
371678.53,271.14,54586.64,312.26
369117.69,271.27,54353.56,312.37
372046.00,271.13,54645.02,312.24
373519.78,271.05,54645.02,312.24
375742.59,270.94,54586.64,312.26
371678.53,271.14,54353.56,312.37
374259.09,271.02,54645.02,312.24
371311.53,271.16,54645.02,312.24
368026.16,271.33,54353.56,312.37
373150.72,271.07,55054.91,312.05
372782.06,271.09,54996.21,312.08
374259.09,271.02,54411.77,312.34
371678.53,271.14,54586.64,312.26
372046.00,271.13,54645.02,312.24
372413.84,271.11,55231.24,311.97
374259.09,271.02,54761.90,312.18
372782.06,271.09,54411.77,312.34
371678.53,271.14,54528.30,312.29
372046.00,271.13,55054.91,312.05
370212.81,271.22,54586.64,312.26
373519.78,271.05,54761.90,312.18
372782.06,271.09,54295.41,312.39
368026.16,271.33,54586.64,312.26
373889.22,271.03,54528.30,312.29
372782.06,271.09,54586.64,312.26
375742.59,270.94,54878.98,312.13
371678.53,271.14,54353.56,312.37
374629.38,271.00,54820.42,312.16
373519.78,271.05,54645.02,312.24
371311.53,271.16,54353.56,312.37
373519.78,271.05,54528.30,312.29
372046.00,271.13,54820.42,312.16
373519.78,271.05,54878.98,312.13
371311.53,271.16,54528.30,312.29
373150.72,271.07,54586.64,312.26
374259.09,271.02,54820.42,312.16
372782.06,271.09,54878.98,312.13
372782.06,271.09,54586.64,312.26
373150.72,271.07,54820.42,312.16
371678.53,271.14,54528.30,312.29
371311.53,271.16,54761.90,312.18
373519.78,271.05,55054.91,312.05
371311.53,271.16,54586.64,312.26
372046.00,271.13,54645.02,312.24
377232.69,270.87,55113.64,312.02
372782.06,271.09,54411.77,312.34
373519.78,271.05,54645.02,312.24
373519.78,271.05,54645.02,312.24
370578.63,271.20,54586.64,312.26
376114.50,270.92,54528.30,312.29
368389.59,271.31,54645.02,312.24
375000.03,270.98,54586.64,312.26
374629.38,271.00,54528.30,312.29
372782.06,271.09,54353.56,312.37
372782.06,271.09,54645.02,312.24
370578.63,271.20,55172.41,312.00
374259.09,271.02,55113.64,312.02
369482.34,271.25,54470.02,312.31
371678.53,271.14,54179.22,312.45
375000.03,270.98,54703.44,312.21
373150.72,271.07,54411.77,312.34
372046.00,271.13,54237.29,312.42
373150.72,271.07,54645.02,312.24
371678.53,271.14,54820.42,312.16
373889.22,271.03,54411.77,312.34
372046.00,271.13,54645.02,312.24
375000.03,270.98,54996.21,312.08
375371.13,270.96,55113.64,312.02
368026.16,271.33,54411.77,312.34
371678.53,271.14,54937.57,312.10
373519.78,271.05,54586.64,312.26
370578.63,271.20,54528.30,312.29
374259.09,271.02,54878.98,312.13
373150.72,271.07,54586.64,312.26
370578.63,271.20,54411.77,312.34
373519.78,271.05,55172.41,312.00
370578.63,271.20,54996.21,312.08
370944.88,271.18,54528.30,312.29
373519.78,271.05,54411.77,312.34
373519.78,271.05,54761.90,312.18
370578.63,271.20,54645.02,312.24
374259.09,271.02,54878.98,312.13
373150.72,271.07,54528.30,312.29
369117.69,271.27,54528.30,312.29
371678.53,271.14,54645.02,312.24
369117.69,271.27,54645.02,312.24
369847.38,271.24,54703.44,312.21
376114.50,270.92,55054.91,312.05
373889.22,271.03,54470.02,312.31
368753.44,271.29,54411.77,312.34
372046.00,271.13,54353.56,312.37
374629.38,271.00,55113.64,312.02
369117.69,271.27,54820.42,312.16
374629.38,271.00,54820.42,312.16
373519.78,271.05,54353.56,312.37
374259.09,271.02,54586.64,312.26
370578.63,271.20,54411.77,312.34
375000.03,270.98,55113.64,312.02
371678.53,271.14,55054.91,312.05
372046.00,271.13,54470.02,312.31
369847.38,271.24,54820.42,312.16
373150.72,271.07,54937.57,312.10
375742.59,270.94,54820.42,312.16
376114.50,270.92,54878.98,312.13
372046.00,271.13,54878.98,312.13
374259.09,271.02,54761.90,312.18
372782.06,271.09,54411.77,312.34
373519.78,271.05,54528.30,312.29
368026.16,271.33,54878.98,312.13
377980.16,270.83,54761.90,312.18
374629.38,271.00,54528.30,312.29
372046.00,271.13,54878.98,312.13
373519.78,271.05,54586.64,312.26
374629.38,271.00,54878.98,312.13
371311.53,271.16,55054.91,312.05
373519.78,271.05,54761.90,312.18
374259.09,271.02,54645.02,312.24
369847.38,271.24,54528.30,312.29
373519.78,271.05,54237.29,312.42
373889.22,271.03,53831.71,312.61
370578.63,271.20,54470.02,312.31
373150.72,271.07,54645.02,312.24
376114.50,270.92,54528.30,312.29
377980.16,270.83,54703.44,312.21
371311.53,271.16,54761.90,312.18
374629.38,271.00,54820.42,312.16
369847.38,271.24,55054.91,312.05
370578.63,271.20,54528.30,312.29
375000.03,270.98,54996.21,312.08
373519.78,271.05,54761.90,312.18
374259.09,271.02,54295.41,312.39
372046.00,271.13,54645.02,312.24
373519.78,271.05,54996.21,312.08
369847.38,271.24,54645.02,312.24
373889.22,271.03,54878.98,312.13
374629.38,271.00,54996.21,312.08
371678.53,271.14,54645.02,312.24
369847.38,271.24,54645.02,312.24
373150.72,271.07,54528.30,312.29
376114.50,270.92,54996.21,312.08
374629.38,271.00,54937.57,312.10
369847.38,271.24,54528.30,312.29
371678.53,271.14,54703.44,312.21
372046.00,271.13,54761.90,312.18
377980.16,270.83,54761.90,312.18
372782.06,271.09,55054.91,312.05
373519.78,271.05,54878.98,312.13
375000.03,270.98,54353.56,312.37
370578.63,271.20,53716.21,312.66
370578.63,271.20,54353.56,312.37
371678.53,271.14,54645.02,312.24
375000.03,270.98,54528.30,312.29
372782.06,271.09,54937.57,312.10
374259.09,271.02,54996.21,312.08
369847.38,271.24,54996.21,312.08
369117.69,271.27,54645.02,312.24
370578.63,271.20,54878.98,312.13
374259.09,271.02,55113.64,312.02
367663.06,271.35,55113.64,312.02
364413.22,271.51,54820.42,312.16
372046.00,271.13,54878.98,312.13
369482.34,271.25,54878.98,312.13
373150.72,271.07,54645.02,312.24
375000.03,270.98,54820.42,312.16
373150.72,271.07,54645.02,312.24
375371.13,270.96,54645.02,312.24
375000.03,270.98,54411.77,312.34
369117.69,271.27,55349.02,311.92
374629.38,271.00,54820.42,312.16
370578.63,271.20,54528.30,312.29
372782.06,271.09,54645.02,312.24
373519.78,271.05,54703.44,312.21
372413.84,271.11,54353.56,312.37
374259.09,271.02,54761.90,312.18
376114.50,270.92,54937.57,312.10
372413.84,271.11,54645.02,312.24
372413.84,271.11,54645.02,312.24
373150.72,271.07,54645.02,312.24
375000.03,270.98,54063.20,312.50
367300.44,271.36,54820.42,312.16
372782.06,271.09,54528.30,312.29
375742.59,270.94,54761.90,312.18
373150.72,271.07,55172.41,312.00
373150.72,271.07,54353.56,312.37
373150.72,271.07,54528.30,312.29
370578.63,271.20,54761.90,312.18
372046.00,271.13,54645.02,312.24
375000.03,270.98,54878.98,312.13
373519.78,271.05,54645.02,312.24
375742.59,270.94,54878.98,312.13
371678.53,271.14,54586.64,312.26
373519.78,271.05,54996.21,312.08
372782.06,271.09,55113.64,312.02
369117.69,271.27,54586.64,312.26
369482.34,271.25,54878.98,312.13
370212.81,271.22,54645.02,312.24
370212.81,271.22,54586.64,312.26
375371.13,270.96,54937.57,312.10
372046.00,271.13,54761.90,312.18
373150.72,271.07,54411.77,312.34
375371.13,270.96,54761.90,312.18
372782.06,271.09,54878.98,312.13
370212.81,271.22,54703.44,312.21
370212.81,271.22,54586.64,312.26
371678.53,271.14,54645.02,312.24
374629.38,271.00,54996.21,312.08
373889.22,271.03,54996.21,312.08
370578.63,271.20,54411.77,312.34
371311.53,271.16,54586.64,312.26
370578.63,271.20,54063.20,312.50
368026.16,271.33,54996.21,312.08
373150.72,271.07,54586.64,312.26
372782.06,271.09,54645.02,312.24
371678.53,271.14,54586.64,312.26
368026.16,271.33,55054.91,312.05
374259.09,271.02,54937.57,312.10
371311.53,271.16,54996.21,312.08
372046.00,271.13,54586.64,312.26
373889.22,271.03,54878.98,312.13
372782.06,271.09,53370.79,312.82
369482.34,271.25,54996.21,312.08
373889.22,271.03,54820.42,312.16
375742.59,270.94,54586.64,312.26
372046.00,271.13,54528.30,312.29
369117.69,271.27,54820.42,312.16
373889.22,271.03,54996.21,312.08
376114.50,270.92,54645.02,312.24
374259.09,271.02,54645.02,312.24
376114.50,270.92,54878.98,312.13
373519.78,271.05,55172.41,312.00
375000.03,270.98,54820.42,312.16
372046.00,271.13,54878.98,312.13
372782.06,271.09,54820.42,312.16
373519.78,271.05,54996.21,312.08
375000.03,270.98,54820.42,312.16
374629.38,271.00,55113.64,312.02
375000.03,270.98,54878.98,312.13
370578.63,271.20,54353.56,312.37
368026.16,271.33,54878.98,312.13
372413.84,271.11,55526.02,311.84
375742.59,270.94,54761.90,312.18
373889.22,271.03,54937.57,312.10
375000.03,270.98,54937.57,312.10
373519.78,271.05,54878.98,312.13
373519.78,271.05,54295.41,312.39
371678.53,271.14,54179.22,312.45
375371.13,270.96,55113.64,312.02
376486.84,270.91,54645.02,312.24
371678.53,271.14,54586.64,312.26
372782.06,271.09,55054.91,312.05
368753.44,271.29,55113.64,312.02
374259.09,271.02,54645.02,312.24
373519.78,271.05,55054.91,312.05
376486.84,270.91,55172.41,312.00
372413.84,271.11,54761.90,312.18
372782.06,271.09,54528.30,312.29
375742.59,270.94,54820.42,312.16
375742.59,270.94,55113.64,312.02
373519.78,271.05,54996.21,312.08
374629.38,271.00,54878.98,312.13
373519.78,271.05,55054.91,312.05
373519.78,271.05,54645.02,312.24
373889.22,271.03,54878.98,312.13
375000.03,270.98,54820.42,312.16
374259.09,271.02,54586.64,312.26
373519.78,271.05,54761.90,312.18
370578.63,271.20,54878.98,312.13
374629.38,271.00,55054.91,312.05
373889.22,271.03,54586.64,312.26
373150.72,271.07,54820.42,312.16
372413.84,271.11,54645.02,312.24
372413.84,271.11,54586.64,312.26
372782.06,271.09,54528.30,312.29
369117.69,271.27,54586.64,312.26
376486.84,270.91,54820.42,312.16
373150.72,271.07,54645.02,312.24
373519.78,271.05,54645.02,312.24
374259.09,271.02,54411.77,312.34
374259.09,271.02,55054.91,312.05
374629.38,271.00,55054.91,312.05
372782.06,271.09,54528.30,312.29
379104.50,270.78,54996.21,312.08
376859.53,270.89,55054.91,312.05
372046.00,271.13,54878.98,312.13
375000.03,270.98,54586.64,312.26
374629.38,271.00,54878.98,312.13
373519.78,271.05,54645.02,312.24
373519.78,271.05,54937.57,312.10
378729.34,270.79,54528.30,312.29
371311.53,271.16,54937.57,312.10
373889.22,271.03,54645.02,312.24
379480.13,270.76,54996.21,312.08
369847.38,271.24,54353.56,312.37
372046.00,271.13,54528.30,312.29
376114.50,270.92,55054.91,312.05
372782.06,271.09,54470.02,312.31
369847.38,271.24,54645.02,312.24
373889.22,271.03,54820.42,312.16
378729.34,270.79,54761.90,312.18
374629.38,271.00,55231.24,311.97
375000.03,270.98,55113.64,312.02
373889.22,271.03,54761.90,312.18
373889.22,271.03,55113.64,312.02
374259.09,271.02,54878.98,312.13
374259.09,271.02,55113.64,312.02
373889.22,271.03,54761.90,312.18
368389.59,271.31,54586.64,312.26
375742.59,270.94,54937.57,312.10
375742.59,270.94,55054.91,312.05
373519.78,271.05,54295.41,312.39
375742.59,270.94,54295.41,312.39
374259.09,271.02,54937.57,312.10
372046.00,271.13,54645.02,312.24
373150.72,271.07,54996.21,312.08
372413.84,271.11,55231.24,311.97
372046.00,271.13,54820.42,312.16
372782.06,271.09,54645.02,312.24
377232.69,270.87,54878.98,312.13
374629.38,271.00,54878.98,312.13
373519.78,271.05,54996.21,312.08
374259.09,271.02,54878.98,312.13
372413.84,271.11,54878.98,312.13
369117.69,271.27,54878.98,312.13
376859.53,270.89,54878.98,312.13
374629.38,271.00,54411.77,312.34
377606.22,270.85,54878.98,312.13
372413.84,271.11,54878.98,312.13
373150.72,271.07,54878.98,312.13
372782.06,271.09,54528.30,312.29
371678.53,271.14,54761.90,312.18
370578.63,271.20,54237.29,312.42
376114.50,270.92,55113.64,312.02
373519.78,271.05,54645.02,312.24
376486.84,270.91,54645.02,312.24
372413.84,271.11,54820.42,312.16
369847.38,271.24,54645.02,312.24
375371.13,270.96,54996.21,312.08
376114.50,270.92,54761.90,312.18
375371.13,270.96,55172.41,312.00
373889.22,271.03,54411.77,312.34
373519.78,271.05,54411.77,312.34
374259.09,271.02,54820.42,312.16
371311.53,271.16,54645.02,312.24
371311.53,271.16,54820.42,312.16
377232.69,270.87,54411.77,312.34
373519.78,271.05,55113.64,312.02
374629.38,271.00,54645.02,312.24
373150.72,271.07,54878.98,312.13
374629.38,271.00,55054.91,312.05
372782.06,271.09,54878.98,312.13
375000.03,270.98,54411.77,312.34
372782.06,271.09,54645.02,312.24
374259.09,271.02,55113.64,312.02
375742.59,270.94,55113.64,312.02
366938.16,271.38,54586.64,312.26
373150.72,271.07,55113.64,312.02
375742.59,270.94,55113.64,312.02
375742.59,270.94,54820.42,312.16
370212.81,271.22,54878.98,312.13
369847.38,271.24,54996.21,312.08
372413.84,271.11,55349.02,311.92
373519.78,271.05,54295.41,312.39
373889.22,271.03,54820.42,312.16
373889.22,271.03,55113.64,312.02
374259.09,271.02,55172.41,312.00
376486.84,270.91,54996.21,312.08
370944.88,271.18,54237.29,312.42
370212.81,271.22,54586.64,312.26
369847.38,271.24,54996.21,312.08
373519.78,271.05,54878.98,312.13
375742.59,270.94,55113.64,312.02
374259.09,271.02,54586.64,312.26
372046.00,271.13,54878.98,312.13
373889.22,271.03,55113.64,312.02
368753.44,271.29,54761.90,312.18
372782.06,271.09,54761.90,312.18
373889.22,271.03,54528.30,312.29
373519.78,271.05,54996.21,312.08
373889.22,271.03,54179.22,312.45
373519.78,271.05,54645.02,312.24
375000.03,270.98,54878.98,312.13
374259.09,271.02,54996.21,312.08
374259.09,271.02,54878.98,312.13
375000.03,270.98,54645.02,312.24
372782.06,271.09,54295.41,312.39
375371.13,270.96,54996.21,312.08
373889.22,271.03,54820.42,312.16
372782.06,271.09,54878.98,312.13
375371.13,270.96,54470.02,312.31
373519.78,271.05,54586.64,312.26
374629.38,271.00,54179.22,312.45
372046.00,271.13,54820.42,312.16
373150.72,271.07,54820.42,312.16
375000.03,270.98,54528.30,312.29
375000.03,270.98,54996.21,312.08
372046.00,271.13,54645.02,312.24
372046.00,271.13,54528.30,312.29
375742.59,270.94,54937.57,312.10
377606.22,270.85,54586.64,312.26
371678.53,271.14,54761.90,312.18
370212.81,271.22,54237.29,312.42
373889.22,271.03,55113.64,312.02
379856.16,270.74,55113.64,312.02
376114.50,270.92,54996.21,312.08
371678.53,271.14,54295.41,312.39
371678.53,271.14,55054.91,312.05
372046.00,271.13,54353.56,312.37
372413.84,271.11,54528.30,312.29
366576.25,271.40,54411.77,312.34
373889.22,271.03,54996.21,312.08
376114.50,270.92,54586.64,312.26
372782.06,271.09,54645.02,312.24
370212.81,271.22,54878.98,312.13
375742.59,270.94,55054.91,312.05
375000.03,270.98,54645.02,312.24
371311.53,271.16,54878.98,312.13
369847.38,271.24,54996.21,312.08
373519.78,271.05,54996.21,312.08
373150.72,271.07,54996.21,312.08
373519.78,271.05,54645.02,312.24
372413.84,271.11,55349.02,311.92
374629.38,271.00,54878.98,312.13
373519.78,271.05,54470.02,312.31
373519.78,271.05,55054.91,312.05
373519.78,271.05,54878.98,312.13
369847.38,271.24,54645.02,312.24
372046.00,271.13,54878.98,312.13
376114.50,270.92,54645.02,312.24
373519.78,271.05,55113.64,312.02
371678.53,271.14,54645.02,312.24
372782.06,271.09,54237.29,312.42
374629.38,271.00,55172.41,312.00
372782.06,271.09,54645.02,312.24
368753.44,271.29,54528.30,312.29
370578.63,271.20,54645.02,312.24
372782.06,271.09,54761.90,312.18
375000.03,270.98,55113.64,312.02
375742.59,270.94,54878.98,312.13
371311.53,271.16,54820.42,312.16
375371.13,270.96,54937.57,312.10
373519.78,271.05,54878.98,312.13
375000.03,270.98,54996.21,312.08
374259.09,271.02,54645.02,312.24
372046.00,271.13,54411.77,312.34
374259.09,271.02,54996.21,312.08
374629.38,271.00,54878.98,312.13
373150.72,271.07,54645.02,312.24
372782.06,271.09,54645.02,312.24
373519.78,271.05,54645.02,312.24
374629.38,271.00,54645.02,312.24
372046.00,271.13,54820.42,312.16
372782.06,271.09,54703.44,312.21
370578.63,271.20,54996.21,312.08
373519.78,271.05,54645.02,312.24
376859.53,270.89,54996.21,312.08
374259.09,271.02,54645.02,312.24
368026.16,271.33,54586.64,312.26
375000.03,270.98,55054.91,312.05
372782.06,271.09,54878.98,312.13
379104.50,270.78,54937.57,312.10
372782.06,271.09,54996.21,312.08
368753.44,271.29,54996.21,312.08
370578.63,271.20,54996.21,312.08
373889.22,271.03,54645.02,312.24
374629.38,271.00,55054.91,312.05
374259.09,271.02,55113.64,312.02
374629.38,271.00,54820.42,312.16
371311.53,271.16,54996.21,312.08
375371.13,270.96,54645.02,312.24
371678.53,271.14,54996.21,312.08
372782.06,271.09,54820.42,312.16
374259.09,271.02,54820.42,312.16
374259.09,271.02,54353.56,312.37
376114.50,270.92,55054.91,312.05
375742.59,270.94,54586.64,312.26
372782.06,271.09,54820.42,312.16
374259.09,271.02,54353.56,312.37
371311.53,271.16,54820.42,312.16
372782.06,271.09,55113.64,312.02
372046.00,271.13,54645.02,312.24
370944.88,271.18,54878.98,312.13
376114.50,270.92,54996.21,312.08
376486.84,270.91,54411.77,312.34
372782.06,271.09,54645.02,312.24
374629.38,271.00,55113.64,312.02
374259.09,271.02,54878.98,312.13
375742.59,270.94,54645.02,312.24
372782.06,271.09,54878.98,312.13
376114.50,270.92,55172.41,312.00
374259.09,271.02,54878.98,312.13
370212.81,271.22,54645.02,312.24
372782.06,271.09,54645.02,312.24
377606.22,270.85,54586.64,312.26
373150.72,271.07,54878.98,312.13
375742.59,270.94,54878.98,312.13
375000.03,270.98,54820.42,312.16
375000.03,270.98,54937.57,312.10
371311.53,271.16,54528.30,312.29
376114.50,270.92,54645.02,312.24
374259.09,271.02,54878.98,312.13
376486.84,270.91,54996.21,312.08
370944.88,271.18,54295.41,312.39
373519.78,271.05,54878.98,312.13
373519.78,271.05,54820.42,312.16
375742.59,270.94,55172.41,312.00
376486.84,270.91,55054.91,312.05
372782.06,271.09,54996.21,312.08
373519.78,271.05,54761.90,312.18
372782.06,271.09,54996.21,312.08
374259.09,271.02,55172.41,312.00
374259.09,271.02,54820.42,312.16
372046.00,271.13,54820.42,312.16
370578.63,271.20,54996.21,312.08
375742.59,270.94,55113.64,312.02
374629.38,271.00,54411.77,312.34
373519.78,271.05,55113.64,312.02
373519.78,271.05,54645.02,312.24
370578.63,271.20,54645.02,312.24
373889.22,271.03,54996.21,312.08
374259.09,271.02,55054.91,312.05
376114.50,270.92,55113.64,312.02
374259.09,271.02,55113.64,312.02
368753.44,271.29,54528.30,312.29
376114.50,270.92,55172.41,312.00
377606.22,270.85,55172.41,312.00
370944.88,271.18,54470.02,312.31
369847.38,271.24,54586.64,312.26
372782.06,271.09,55172.41,312.00
373519.78,271.05,55113.64,312.02
370578.63,271.20,54586.64,312.26
375000.03,270.98,54820.42,312.16
373150.72,271.07,55054.91,312.05
369847.38,271.24,54996.21,312.08
377232.69,270.87,55054.91,312.05
375742.59,270.94,54586.64,312.26
375742.59,270.94,54820.42,312.16
372782.06,271.09,54528.30,312.29
371311.53,271.16,54761.90,312.18
371678.53,271.14,54761.90,312.18
369847.38,271.24,54996.21,312.08
372046.00,271.13,54645.02,312.24
372046.00,271.13,54470.02,312.31
373519.78,271.05,55113.64,312.02
369847.38,271.24,54996.21,312.08
368026.16,271.33,54645.02,312.24
368753.44,271.29,54528.30,312.29
375742.59,270.94,55172.41,312.00
374259.09,271.02,54878.98,312.13
370578.63,271.20,54645.02,312.24
373150.72,271.07,54996.21,312.08
373519.78,271.05,54820.42,312.16
373519.78,271.05,55113.64,312.02
373519.78,271.05,54761.90,312.18
369482.34,271.25,55054.91,312.05
372413.84,271.11,54996.21,312.08
369117.69,271.27,54878.98,312.13
371678.53,271.14,54411.77,312.34
369847.38,271.24,54820.42,312.16
368026.16,271.33,54645.02,312.24
372782.06,271.09,54586.64,312.26
375742.59,270.94,54528.30,312.29
374629.38,271.00,54353.56,312.37
372046.00,271.13,54937.57,312.10
369847.38,271.24,54820.42,312.16
379856.16,270.74,54645.02,312.24
378729.34,270.79,55231.24,311.97
369847.38,271.24,55113.64,312.02
370578.63,271.20,54996.21,312.08
374629.38,271.00,55172.41,312.00
371678.53,271.14,54878.98,312.13
372413.84,271.11,55172.41,312.00
373150.72,271.07,55113.64,312.02
375000.03,270.98,54820.42,312.16
373889.22,271.03,55113.64,312.02
377980.16,270.83,55054.91,312.05
368753.44,271.29,54645.02,312.24
368026.16,271.33,54820.42,312.16
373889.22,271.03,54878.98,312.13
375000.03,270.98,55172.41,312.00
374259.09,271.02,54996.21,312.08
370212.81,271.22,54878.98,312.13
372046.00,271.13,55054.91,312.05
368389.59,271.31,54878.98,312.13
369847.38,271.24,55113.64,312.02
373519.78,271.05,54586.64,312.26
373519.78,271.05,54996.21,312.08
368026.16,271.33,54237.29,312.42
372046.00,271.13,55172.41,312.00
375000.03,270.98,55113.64,312.02
370578.63,271.20,54586.64,312.26
369847.38,271.24,54645.02,312.24
373519.78,271.05,54645.02,312.24
373519.78,271.05,54586.64,312.26
373889.22,271.03,54645.02,312.24
373150.72,271.07,55054.91,312.05
376486.84,270.91,54878.98,312.13
375000.03,270.98,54645.02,312.24
370578.63,271.20,54586.64,312.26
375000.03,270.98,55113.64,312.02
375000.03,270.98,54761.90,312.18
371678.53,271.14,55172.41,312.00
371311.53,271.16,54645.02,312.24
372782.06,271.09,55113.64,312.02
375000.03,270.98,54645.02,312.24
369117.69,271.27,55113.64,312.02
371678.53,271.14,54820.42,312.16
377980.16,270.83,55172.41,312.00
374259.09,271.02,55113.64,312.02
371311.53,271.16,54937.57,312.10
375742.59,270.94,54761.90,312.18
375742.59,270.94,54878.98,312.13
368389.59,271.31,54996.21,312.08
373519.78,271.05,54996.21,312.08
370578.63,271.20,54470.02,312.31
371311.53,271.16,55113.64,312.02
374629.38,271.00,54878.98,312.13
370944.88,271.18,54820.42,312.16
368026.16,271.33,54996.21,312.08
369117.69,271.27,54820.42,312.16
375000.03,270.98,54820.42,312.16
372046.00,271.13,54586.64,312.26
371311.53,271.16,54237.29,312.42
374259.09,271.02,54761.90,312.18
372413.84,271.11,55113.64,312.02
373889.22,271.03,54411.77,312.34
373150.72,271.07,54411.77,312.34
376114.50,270.92,55113.64,312.02
375000.03,270.98,54996.21,312.08
371678.53,271.14,54411.77,312.34
373889.22,271.03,54761.90,312.18
371678.53,271.14,54586.64,312.26
375742.59,270.94,54820.42,312.16
375000.03,270.98,55172.41,312.00
376114.50,270.92,54878.98,312.13
371678.53,271.14,54411.77,312.34
374629.38,271.00,54645.02,312.24
377606.22,270.85,54878.98,312.13
370578.63,271.20,53716.21,312.66
369117.69,271.27,54878.98,312.13
369117.69,271.27,54411.77,312.34
375742.59,270.94,54528.30,312.29
374259.09,271.02,54878.98,312.13
377232.69,270.87,54645.02,312.24
371678.53,271.14,54645.02,312.24
373150.72,271.07,54528.30,312.29
377606.22,270.85,54528.30,312.29
373889.22,271.03,54937.57,312.10
376486.84,270.91,54996.21,312.08
371311.53,271.16,53485.76,312.77
373150.72,271.07,54761.90,312.18
369117.69,271.27,54586.64,312.26
371311.53,271.16,54878.98,312.13
372046.00,271.13,54878.98,312.13
376114.50,270.92,54761.90,312.18
372782.06,271.09,54878.98,312.13
374259.09,271.02,54645.02,312.24
376114.50,270.92,55113.64,312.02
370212.81,271.22,54586.64,312.26
368026.16,271.33,54121.19,312.47
375000.03,270.98,55113.64,312.02
371678.53,271.14,54586.64,312.26
372046.00,271.13,54878.98,312.13
372782.06,271.09,54645.02,312.24
375742.59,270.94,54820.42,312.16
375742.59,270.94,55054.91,312.05
372413.84,271.11,55054.91,312.05
375000.03,270.98,54878.98,312.13
370578.63,271.20,54645.02,312.24
377980.16,270.83,54645.02,312.24
374259.09,271.02,55585.11,311.81
372782.06,271.09,54761.90,312.18
375742.59,270.94,54878.98,312.13
373150.72,271.07,54645.02,312.24
368026.16,271.33,54761.90,312.18
375000.03,270.98,54528.30,312.29
369847.38,271.24,54761.90,312.18
372046.00,271.13,54470.02,312.31
374629.38,271.00,54761.90,312.18
379480.13,270.76,55113.64,312.02
369847.38,271.24,55526.02,311.84
370212.81,271.22,54820.42,312.16
377232.69,270.87,55054.91,312.05
373519.78,271.05,54761.90,312.18
370578.63,271.20,54761.90,312.18
368026.16,271.33,54878.98,312.13
373150.72,271.07,55113.64,312.02
373150.72,271.07,54878.98,312.13
373519.78,271.05,54996.21,312.08
368026.16,271.33,53947.37,312.55
372046.00,271.13,54645.02,312.24
373150.72,271.07,55054.91,312.05
373519.78,271.05,54878.98,312.13
369117.69,271.27,54470.02,312.31
370578.63,271.20,54470.02,312.31
373889.22,271.03,55172.41,312.00
376859.53,270.89,54996.21,312.08
371678.53,271.14,54586.64,312.26
371678.53,271.14,54586.64,312.26
379480.13,270.76,54996.21,312.08
372782.06,271.09,54645.02,312.24
372413.84,271.11,54645.02,312.24
374629.38,271.00,54820.42,312.16
372046.00,271.13,54645.02,312.24
373519.78,271.05,54820.42,312.16
373889.22,271.03,54761.90,312.18
369117.69,271.27,54295.41,312.39
372046.00,271.13,54761.90,312.18
378729.34,270.79,54528.30,312.29
375742.59,270.94,54820.42,312.16
371678.53,271.14,54645.02,312.24
372782.06,271.09,54528.30,312.29
374259.09,271.02,54586.64,312.26
374629.38,271.00,54878.98,312.13
372782.06,271.09,54645.02,312.24
371678.53,271.14,54645.02,312.24
368753.44,271.29,54586.64,312.26
371678.53,271.14,54996.21,312.08
371678.53,271.14,54996.21,312.08
369117.69,271.27,54761.90,312.18
372046.00,271.13,54761.90,312.18
373519.78,271.05,54761.90,312.18
368026.16,271.33,55054.91,312.05
372046.00,271.13,54586.64,312.26
374629.38,271.00,54878.98,312.13
374629.38,271.00,54703.44,312.21
369847.38,271.24,54411.77,312.34
372046.00,271.13,54528.30,312.29
371311.53,271.16,54470.02,312.31
373889.22,271.03,54996.21,312.08
373519.78,271.05,54878.98,312.13
373519.78,271.05,54761.90,312.18
372782.06,271.09,54878.98,312.13
373150.72,271.07,55113.64,312.02
369117.69,271.27,54645.02,312.24
369117.69,271.27,54528.30,312.29
369117.69,271.27,54878.98,312.13
372782.06,271.09,55290.11,311.95
370212.81,271.22,54470.02,312.31
372046.00,271.13,54878.98,312.13
374259.09,271.02,55113.64,312.02
373889.22,271.03,55054.91,312.05
370578.63,271.20,54761.90,312.18
371311.53,271.16,54820.42,312.16
369117.69,271.27,54411.77,312.34
375371.13,270.96,54878.98,312.13
374629.38,271.00,54820.42,312.16
370578.63,271.20,54878.98,312.13
370212.81,271.22,54996.21,312.08
372782.06,271.09,54996.21,312.08
375000.03,270.98,54820.42,312.16
369847.38,271.24,54996.21,312.08
368753.44,271.29,54878.98,312.13
372413.84,271.11,54761.90,312.18
373519.78,271.05,54645.02,312.24
369847.38,271.24,54878.98,312.13
374629.38,271.00,54528.30,312.29
372413.84,271.11,56417.12,311.45
372046.00,271.13,54878.98,312.13
372782.06,271.09,54937.57,312.10
373889.22,271.03,54586.64,312.26
369847.38,271.24,54996.21,312.08
373889.22,271.03,54645.02,312.24
377606.22,270.85,55172.41,312.00
374259.09,271.02,54937.57,312.10
368753.44,271.29,54528.30,312.29
369847.38,271.24,54645.02,312.24
376114.50,270.92,54937.57,312.10
370578.63,271.20,54878.98,312.13
376114.50,270.92,54996.21,312.08
368026.16,271.33,54586.64,312.26
370578.63,271.20,54645.02,312.24
374259.09,271.02,54878.98,312.13
372046.00,271.13,55054.91,312.05
375000.03,270.98,55054.91,312.05
374259.09,271.02,54820.42,312.16
369847.38,271.24,54528.30,312.29
374629.38,271.00,55172.41,312.00
373519.78,271.05,54996.21,312.08
372782.06,271.09,54528.30,312.29
371678.53,271.14,54761.90,312.18
373519.78,271.05,54295.41,312.39
375000.03,270.98,54878.98,312.13
373519.78,271.05,54645.02,312.24
372046.00,271.13,54761.90,312.18
370578.63,271.20,54645.02,312.24
376486.84,270.91,54937.57,312.10
371678.53,271.14,54645.02,312.24
375371.13,270.96,54295.41,312.39
376114.50,270.92,55172.41,312.00
375000.03,270.98,54353.56,312.37
372782.06,271.09,54761.90,312.18
376486.84,270.91,54996.21,312.08
375742.59,270.94,54820.42,312.16
373519.78,271.05,54820.42,312.16
372782.06,271.09,54645.02,312.24
372782.06,271.09,54645.02,312.24
373889.22,271.03,55054.91,312.05
372413.84,271.11,54470.02,312.31
368026.16,271.33,54295.41,312.39
372046.00,271.13,54878.98,312.13
373519.78,271.05,54586.64,312.26
369482.34,271.25,54703.44,312.21
374629.38,271.00,55054.91,312.05
380232.59,270.72,54996.21,312.08
371678.53,271.14,54411.77,312.34
375000.03,270.98,54878.98,312.13
373519.78,271.05,54996.21,312.08
369117.69,271.27,54820.42,312.16
373150.72,271.07,54996.21,312.08
373889.22,271.03,54645.02,312.24
373519.78,271.05,54937.57,312.10
370212.81,271.22,54878.98,312.13
372782.06,271.09,54996.21,312.08
378729.34,270.79,55407.97,311.89
372413.84,271.11,54820.42,312.16
368389.59,271.31,54586.64,312.26
373150.72,271.07,55113.64,312.02
374259.09,271.02,54645.02,312.24
370212.81,271.22,54996.21,312.08
378729.34,270.79,54586.64,312.26
370944.88,271.18,54878.98,312.13
369117.69,271.27,54645.02,312.24
372782.06,271.09,54820.42,312.16
373150.72,271.07,54645.02,312.24
372782.06,271.09,54411.77,312.34
376114.50,270.92,54996.21,312.08
371678.53,271.14,55054.91,312.05
370578.63,271.20,54703.44,312.21
373519.78,271.05,54645.02,312.24
374259.09,271.02,55113.64,312.02
372782.06,271.09,54996.21,312.08
372046.00,271.13,54645.02,312.24
370578.63,271.20,54645.02,312.24
373889.22,271.03,54878.98,312.13
369847.38,271.24,54586.64,312.26
369847.38,271.24,54528.30,312.29
376114.50,270.92,55113.64,312.02
375742.59,270.94,54878.98,312.13
373519.78,271.05,54878.98,312.13
375742.59,270.94,55172.41,312.00
376114.50,270.92,54063.20,312.50
371311.53,271.16,54878.98,312.13
369847.38,271.24,54645.02,312.24
375000.03,270.98,54878.98,312.13
374629.38,271.00,54645.02,312.24
371678.53,271.14,54586.64,312.26
372046.00,271.13,54645.02,312.24
375000.03,270.98,54820.42,312.16
373150.72,271.07,54645.02,312.24
372413.84,271.11,54878.98,312.13
376114.50,270.92,54878.98,312.13
374259.09,271.02,54996.21,312.08
370212.81,271.22,54996.21,312.08
376114.50,270.92,54586.64,312.26
375000.03,270.98,54820.42,312.16
370212.81,271.22,54528.30,312.29
372782.06,271.09,54820.42,312.16
372782.06,271.09,54470.02,312.31
370578.63,271.20,54878.98,312.13
368026.16,271.33,54820.42,312.16
373889.22,271.03,55113.64,312.02
372413.84,271.11,54937.57,312.10
370578.63,271.20,55054.91,312.05
373519.78,271.05,55172.41,312.00
373150.72,271.07,54996.21,312.08
371311.53,271.16,54820.42,312.16
373889.22,271.03,55054.91,312.05
374259.09,271.02,54645.02,312.24
373889.22,271.03,55054.91,312.05
371311.53,271.16,54878.98,312.13
373150.72,271.07,54996.21,312.08
371678.53,271.14,55113.64,312.02
371678.53,271.14,54411.77,312.34
370578.63,271.20,54645.02,312.24
376114.50,270.92,54820.42,312.16
370578.63,271.20,54820.42,312.16
375742.59,270.94,55054.91,312.05
378729.34,270.79,55054.91,312.05
370578.63,271.20,54878.98,312.13
371311.53,271.16,54761.90,312.18
376114.50,270.92,54761.90,312.18
375742.59,270.94,55172.41,312.00
374629.38,271.00,55054.91,312.05
370212.81,271.22,54761.90,312.18
375371.13,270.96,54820.42,312.16
373150.72,271.07,54996.21,312.08
369847.38,271.24,54528.30,312.29
372782.06,271.09,55172.41,312.00
374629.38,271.00,55113.64,312.02
368753.44,271.29,54528.30,312.29
372413.84,271.11,54586.64,312.26
372046.00,271.13,55231.24,311.97
370578.63,271.20,55172.41,312.00
370578.63,271.20,54878.98,312.13
373150.72,271.07,54761.90,312.18
372782.06,271.09,54878.98,312.13
371678.53,271.14,54645.02,312.24
371311.53,271.16,54820.42,312.16
373150.72,271.07,54528.30,312.29
377232.69,270.87,54586.64,312.26
373150.72,271.07,54528.30,312.29
369847.38,271.24,55054.91,312.05
367663.06,271.35,54878.98,312.13
373519.78,271.05,54761.90,312.18
370578.63,271.20,54645.02,312.24
373150.72,271.07,54645.02,312.24
372782.06,271.09,54761.90,312.18
373519.78,271.05,54820.42,312.16
372782.06,271.09,55113.64,312.02
375000.03,270.98,54996.21,312.08
375000.03,270.98,55113.64,312.02
368389.59,271.31,54528.30,312.29
371311.53,271.16,54586.64,312.26
373519.78,271.05,54878.98,312.13
376486.84,270.91,54645.02,312.24
371678.53,271.14,54820.42,312.16
369482.34,271.25,54703.44,312.21
370578.63,271.20,54528.30,312.29
373150.72,271.07,55113.64,312.02
375000.03,270.98,54996.21,312.08
370944.88,271.18,54586.64,312.26
372046.00,271.13,54996.21,312.08
370578.63,271.20,55113.64,312.02
370578.63,271.20,54996.21,312.08
373889.22,271.03,55054.91,312.05
368389.59,271.31,54586.64,312.26
369847.38,271.24,54761.90,312.18
374629.38,271.00,54996.21,312.08
372413.84,271.11,55113.64,312.02
372413.84,271.11,54996.21,312.08
370578.63,271.20,54528.30,312.29
373150.72,271.07,54996.21,312.08
371311.53,271.16,55054.91,312.05
374629.38,271.00,55231.24,311.97
371311.53,271.16,54878.98,312.13
373519.78,271.05,54878.98,312.13
371678.53,271.14,54411.77,312.34
370578.63,271.20,54586.64,312.26
372046.00,271.13,54820.42,312.16
377232.69,270.87,54996.21,312.08
377606.22,270.85,54996.21,312.08
371311.53,271.16,54645.02,312.24
370578.63,271.20,54878.98,312.13
375371.13,270.96,55172.41,312.00
371678.53,271.14,54878.98,312.13
370212.81,271.22,55054.91,312.05
376859.53,270.89,55172.41,312.00
377980.16,270.83,54878.98,312.13
369117.69,271.27,54586.64,312.26
375371.13,270.96,54878.98,312.13
373889.22,271.03,54586.64,312.26
374259.09,271.02,54586.64,312.26
371678.53,271.14,54761.90,312.18
375000.03,270.98,54996.21,312.08
378729.34,270.79,55054.91,312.05
376486.84,270.91,54878.98,312.13
373889.22,271.03,54121.19,312.47
374629.38,271.00,54411.77,312.34
370578.63,271.20,54703.44,312.21
373519.78,271.05,54645.02,312.24
375742.59,270.94,55113.64,312.02
371678.53,271.14,54996.21,312.08
369847.38,271.24,54878.98,312.13
368753.44,271.29,54878.98,312.13
371311.53,271.16,54820.42,312.16
372413.84,271.11,54937.57,312.10
374629.38,271.00,54645.02,312.24
373519.78,271.05,54878.98,312.13
377606.22,270.85,54645.02,312.24
371678.53,271.14,54937.57,312.10
372413.84,271.11,55113.64,312.02
373519.78,271.05,54645.02,312.24
372782.06,271.09,54761.90,312.18
373150.72,271.07,54586.64,312.26
372782.06,271.09,55054.91,312.05
373889.22,271.03,54878.98,312.13
370578.63,271.20,54645.02,312.24
375742.59,270.94,54295.41,312.39
375000.03,270.98,54996.21,312.08
376114.50,270.92,54528.30,312.29
370578.63,271.20,55113.64,312.02
375000.03,270.98,55290.11,311.95
370578.63,271.20,54937.57,312.10
373519.78,271.05,54645.02,312.24
374629.38,271.00,55054.91,312.05
372782.06,271.09,55172.41,312.00
369847.38,271.24,54761.90,312.18
373519.78,271.05,54761.90,312.18
370578.63,271.20,55172.41,312.00
376486.84,270.91,54937.57,312.10
374259.09,271.02,55113.64,312.02
373889.22,271.03,54761.90,312.18
373519.78,271.05,54645.02,312.24
372782.06,271.09,54528.30,312.29
373150.72,271.07,55113.64,312.02
370578.63,271.20,55172.41,312.00
371678.53,271.14,54878.98,312.13
376486.84,270.91,54353.56,312.37
373519.78,271.05,55054.91,312.05
373519.78,271.05,55113.64,312.02
370578.63,271.20,54878.98,312.13
370212.81,271.22,54121.19,312.47
374259.09,271.02,54996.21,312.08
376859.53,270.89,55054.91,312.05
372046.00,271.13,54996.21,312.08
373150.72,271.07,54996.21,312.08
373150.72,271.07,54295.41,312.39
372046.00,271.13,55054.91,312.05
372046.00,271.13,54761.90,312.18
373889.22,271.03,54761.90,312.18
377232.69,270.87,54878.98,312.13
374259.09,271.02,55113.64,312.02
377232.69,270.87,55172.41,312.00
372413.84,271.11,54645.02,312.24
373150.72,271.07,54878.98,312.13
373519.78,271.05,54937.57,312.10
371678.53,271.14,55054.91,312.05
374259.09,271.02,55172.41,312.00
377606.22,270.85,54528.30,312.29
377606.22,270.85,55054.91,312.05
374259.09,271.02,54878.98,312.13
374629.38,271.00,54878.98,312.13
371678.53,271.14,54820.42,312.16
376486.84,270.91,55172.41,312.00
379480.13,270.76,55231.24,311.97
373889.22,271.03,54645.02,312.24
370212.81,271.22,54645.02,312.24
375371.13,270.96,55231.24,311.97
373889.22,271.03,54878.98,312.13
373519.78,271.05,54528.30,312.29
373519.78,271.05,55113.64,312.02
376859.53,270.89,54470.02,312.31
372782.06,271.09,55054.91,312.05
372046.00,271.13,54878.98,312.13
375742.59,270.94,54820.42,312.16
373150.72,271.07,54645.02,312.24
376114.50,270.92,54820.42,312.16
369482.34,271.25,54820.42,312.16
376114.50,270.92,54586.64,312.26
375742.59,270.94,54063.20,312.50
376486.84,270.91,54761.90,312.18
368389.59,271.31,54820.42,312.16
378354.53,270.81,55172.41,312.00
375742.59,270.94,55113.64,312.02
379480.13,270.76,55113.64,312.02
374629.38,271.00,54586.64,312.26
374259.09,271.02,54878.98,312.13
370578.63,271.20,54645.02,312.24
375000.03,270.98,55054.91,312.05
373150.72,271.07,54878.98,312.13
372046.00,271.13,54878.98,312.13
374629.38,271.00,54820.42,312.16
373519.78,271.05,55113.64,312.02
370578.63,271.20,54820.42,312.16
368389.59,271.31,54820.42,312.16
377980.16,270.83,55113.64,312.02
373519.78,271.05,55172.41,312.00
372413.84,271.11,54996.21,312.08
370578.63,271.20,54645.02,312.24
369847.38,271.24,54586.64,312.26
371678.53,271.14,54996.21,312.08
373889.22,271.03,54645.02,312.24
374629.38,271.00,54645.02,312.24
372413.84,271.11,54645.02,312.24
377980.16,270.83,54820.42,312.16
376486.84,270.91,55113.64,312.02
373519.78,271.05,54996.21,312.08
371311.53,271.16,54645.02,312.24
369847.38,271.24,54878.98,312.13
372046.00,271.13,53370.79,312.82
372782.06,271.09,55172.41,312.00
372782.06,271.09,54996.21,312.08
371311.53,271.16,54820.42,312.16
373519.78,271.05,54996.21,312.08
373150.72,271.07,54761.90,312.18
375000.03,270.98,54761.90,312.18
370212.81,271.22,54586.64,312.26
371311.53,271.16,54820.42,312.16
373150.72,271.07,54937.57,312.10
369482.34,271.25,55172.41,312.00
370578.63,271.20,55113.64,312.02
370578.63,271.20,54820.42,312.16
372046.00,271.13,55054.91,312.05
372046.00,271.13,55113.64,312.02
379856.16,270.74,55172.41,312.00
370578.63,271.20,54586.64,312.26
373519.78,271.05,54645.02,312.24
368389.59,271.31,54645.02,312.24
374259.09,271.02,54878.98,312.13
372782.06,271.09,54996.21,312.08
370578.63,271.20,54996.21,312.08
371311.53,271.16,54878.98,312.13
374259.09,271.02,55113.64,312.02
373889.22,271.03,55113.64,312.02
376114.50,270.92,54878.98,312.13
368026.16,271.33,55113.64,312.02
369847.38,271.24,55054.91,312.05
374629.38,271.00,54878.98,312.13
376486.84,270.91,55054.91,312.05
373889.22,271.03,54996.21,312.08
3