=~=~=~=~=~=~=~=~=~=~=~= PuTTY log 2021.12.09 15:58:26 =~=~=~=~=~=~=~=~=~=~=~=
257648.66,278.14,28450.44,329.22
260702.88,277.91,28652.22,329.03
260447.09,277.93,28652.22,329.03
258155.38,278.10,28611.81,329.07
257395.66,278.16,28611.81,329.07
260447.09,277.93,28652.22,329.03
255882.36,278.28,28611.81,329.07
257395.66,278.16,28611.81,329.07
258155.38,278.10,28652.22,329.03
260191.50,277.95,28611.81,329.07
255379.77,278.31,28450.44,329.22
259426.23,278.01,28531.07,329.14
261985.39,277.81,28611.81,329.07
257648.66,278.14,28531.07,329.14
257395.66,278.16,28410.16,329.26
258409.11,278.08,28369.91,329.30
259681.08,277.99,28410.16,329.26
256890.31,278.20,28369.91,329.30
257395.66,278.16,28329.68,329.34
260702.88,277.91,28249.29,329.42
257142.86,278.18,28329.68,329.34
258155.38,278.10,28329.68,329.34
258917.22,278.04,28289.47,329.38
258917.22,278.04,28289.47,329.38
260702.88,277.91,28289.47,329.38
258409.11,278.08,27968.75,329.69
260702.88,277.91,28209.14,329.45
258155.38,278.10,28209.14,329.45
260702.88,277.91,28410.16,329.26
261215.16,277.87,28048.78,329.61
257648.66,278.14,28008.75,329.65
257901.91,278.12,28209.14,329.45
260702.88,277.91,28249.29,329.42
260702.88,277.91,27968.75,329.69
263015.59,277.74,28128.91,329.53
260191.50,277.95,28169.01,329.49
258409.11,278.08,28289.47,329.38
259936.22,277.97,27808.99,329.85
258409.11,278.08,28249.29,329.42
258917.22,278.04,28369.91,329.30
259936.22,277.97,28128.91,329.53
260702.88,277.91,28008.75,329.65
259171.59,278.03,28249.29,329.42
259936.22,277.97,27968.75,329.69
261215.16,277.87,28048.78,329.61
261471.67,277.85,27968.75,329.69
258917.22,278.04,28008.75,329.65
258663.00,278.06,28249.29,329.42
261471.67,277.85,27888.82,329.77
260702.88,277.91,27888.82,329.77
259426.23,278.01,28048.78,329.61
260191.50,277.95,27928.77,329.73
260702.88,277.91,27928.77,329.73
258155.38,278.10,28008.75,329.65
257142.86,278.18,28048.78,329.61
260958.92,277.89,28128.91,329.53
259936.22,277.97,28048.78,329.61
260447.09,277.93,27968.75,329.69
256890.31,278.20,27968.75,329.69
260447.09,277.93,27968.75,329.69
260702.88,277.91,27729.26,329.93
259936.22,277.97,27729.26,329.93
256890.31,278.20,27769.11,329.89
260447.09,277.93,27888.82,329.77
260702.88,277.91,27649.63,330.01
257901.91,278.12,27808.99,329.85
260702.88,277.91,27769.11,329.89
262500.03,277.78,27689.43,329.97
258409.11,278.08,27928.77,329.73
258409.11,278.08,27968.75,329.69
260702.88,277.91,28008.75,329.65
259936.22,277.97,28008.75,329.65
258155.38,278.10,27968.75,329.69
259681.08,277.99,27888.82,329.77
260447.09,277.93,27928.77,329.73
259171.59,278.03,27649.63,330.01
259171.59,278.03,27609.85,330.05
261471.67,277.85,27808.99,329.85
260702.88,277.91,27808.99,329.85
260447.09,277.93,27729.26,329.93
259936.22,277.97,27808.99,329.85
258409.11,278.08,27729.26,329.93
257142.86,278.18,27888.82,329.77
259426.23,278.01,27888.82,329.77
260702.88,277.91,27928.77,329.73
260702.88,277.91,28088.83,329.57
260702.88,277.91,28008.75,329.65
262242.53,277.79,28008.75,329.65
260702.88,277.91,28088.83,329.57
260191.50,277.95,27888.82,329.77
257648.66,278.14,28128.91,329.53
260447.09,277.93,27968.75,329.69
260447.09,277.93,27769.11,329.89
260447.09,277.93,27928.77,329.73
262500.03,277.78,27888.82,329.77
260958.92,277.89,27848.89,329.81
260191.50,277.95,27848.89,329.81
260702.88,277.91,27888.82,329.77
261471.67,277.85,27609.85,330.05
260958.92,277.89,27808.99,329.85
262500.03,277.78,27371.70,330.28
258409.11,278.08,27649.63,330.01
260702.88,277.91,27808.99,329.85
260191.50,277.95,27649.63,330.01
260958.92,277.89,27649.63,330.01
262242.53,277.79,27609.85,330.05
261471.67,277.85,27609.85,330.05
260702.88,277.91,27649.63,330.01
263273.72,277.72,27609.85,330.05
260958.92,277.89,27450.98,330.21
260702.88,277.91,27490.66,330.17
260191.50,277.95,27848.89,329.81
260702.88,277.91,27530.37,330.13
260702.88,277.91,27450.98,330.21
260702.88,277.91,27490.66,330.17
263273.72,277.72,27411.33,330.24
260447.09,277.93,27411.33,330.24
260702.88,277.91,27411.33,330.24
263532.13,277.70,27530.37,330.13
260702.88,277.91,27371.70,330.28
259936.22,277.97,27411.33,330.24
263532.13,277.70,27411.33,330.24
260447.09,277.93,27649.63,330.01
260702.88,277.91,27371.70,330.28
260702.88,277.91,27411.33,330.24
260702.88,277.91,27411.33,330.24
260702.88,277.91,27371.70,330.28
260958.92,277.89,27371.70,330.28
261215.16,277.87,27332.09,330.32
260191.50,277.95,27490.66,330.17
261985.39,277.81,27450.98,330.21
260191.50,277.95,27411.33,330.24
260702.88,277.91,27609.85,330.05
260702.88,277.91,27411.33,330.24
260702.88,277.91,27450.98,330.21
260958.92,277.89,27490.66,330.17
260191.50,277.95,27530.37,330.13
261215.16,277.87,27649.63,330.01
263532.13,277.70,27769.11,329.89
260702.88,277.91,27609.85,330.05
260702.88,277.91,27729.26,329.93
263273.72,277.72,27490.66,330.17
260958.92,277.89,27173.91,330.49
261728.38,277.83,27490.66,330.17
261215.16,277.87,27411.33,330.24
260447.09,277.93,27371.70,330.28
261985.39,277.81,27490.66,330.17
261471.67,277.85,27968.75,329.69
262242.53,277.79,27649.63,330.01
261215.16,277.87,27729.26,329.93
263273.72,277.72,27968.75,329.69
261215.16,277.87,27649.63,330.01
262500.03,277.78,27649.63,330.01
261215.16,277.87,27016.13,330.65
260702.88,277.91,27411.33,330.24
263015.59,277.74,27490.66,330.17
260447.09,277.93,27490.66,330.17
263273.72,277.72,27450.98,330.21
262242.53,277.79,27292.51,330.36
264308.69,277.64,27450.98,330.21
262500.03,277.78,27411.33,330.24
260702.88,277.91,27332.09,330.32
260702.88,277.91,27292.51,330.36
261471.67,277.85,27371.70,330.28
264827.56,277.60,27450.98,330.21
261728.38,277.83,27371.70,330.28
260702.88,277.91,27371.70,330.28
260447.09,277.93,27371.70,330.28
262500.03,277.78,27490.66,330.17
262242.53,277.79,27490.66,330.17
261215.16,277.87,27490.66,330.17
263790.72,277.68,27490.66,330.17
263015.59,277.74,27649.63,330.01
264308.69,277.64,27649.63,330.01
264568.03,277.62,27371.70,330.28
263273.72,277.72,27729.26,329.93
261985.39,277.81,27649.63,330.01
262242.53,277.79,26077.59,331.63
262500.03,277.78,27808.99,329.85
264049.59,277.66,27808.99,329.85
261471.67,277.85,27490.66,330.17
261215.16,277.87,27570.09,330.09
261985.39,277.81,27609.85,330.05
262500.03,277.78,27570.09,330.09
263015.59,277.74,27729.26,329.93
264568.03,277.62,26858.74,330.81
261985.39,277.81,27371.70,330.28
261471.67,277.85,27332.09,330.32
261215.16,277.87,27371.70,330.28
263790.72,277.68,27371.70,330.28
262242.53,277.79,27411.33,330.24
261985.39,277.81,27490.66,330.17
262500.03,277.78,27371.70,330.28
260702.88,277.91,27213.42,330.45
262242.53,277.79,27252.95,330.40
263790.72,277.68,27173.91,330.49
262500.03,277.78,27213.42,330.45
264308.69,277.64,27016.13,330.65
260702.88,277.91,27094.97,330.57
262500.03,277.78,27016.13,330.65
260702.88,277.91,27016.13,330.65
262242.53,277.79,27016.13,330.65
264049.59,277.66,27173.91,330.49
262500.03,277.78,27252.95,330.40
263532.13,277.70,27292.51,330.36
264049.59,277.66,27134.43,330.53
260958.92,277.89,27016.13,330.65
262500.03,277.78,27213.42,330.45
262242.53,277.79,27173.91,330.49
261471.67,277.85,27134.43,330.53
260702.88,277.91,27134.43,330.53
263273.72,277.72,27173.91,330.49
262500.03,277.78,27213.42,330.45
261471.67,277.85,27016.13,330.65
264049.59,277.66,27134.43,330.53
262242.53,277.79,27134.43,330.53
261985.39,277.81,26858.74,330.81
259426.23,278.01,27134.43,330.53
262500.03,277.78,27173.91,330.49
260702.88,277.91,27332.09,330.32
259936.22,277.97,27134.43,330.53
263273.72,277.72,27332.09,330.32
262500.03,277.78,27252.95,330.40
262242.53,277.79,27173.91,330.49
266129.06,277.51,27252.95,330.40
262500.03,277.78,27332.09,330.32
264827.56,277.60,26662.54,331.01
261215.16,277.87,26545.12,331.13
261471.67,277.85,27094.97,330.57
262500.03,277.78,27173.91,330.49
262242.53,277.79,27134.43,330.53
263532.13,277.70,26819.45,330.85
263015.59,277.74,27016.13,330.65
262757.66,277.76,26937.38,330.73
261471.67,277.85,27016.13,330.65
262242.53,277.79,26937.38,330.73
264308.69,277.64,26937.38,330.73
260447.09,277.93,26623.38,331.05
259171.59,278.03,26858.74,330.81
264049.59,277.66,26858.74,330.81
258409.11,278.08,26780.19,330.89
261985.39,277.81,26937.38,330.73
260958.92,277.89,26740.95,330.93
263015.59,277.74,26701.73,330.97
261985.39,277.81,26701.73,330.97
263790.72,277.68,26780.19,330.89
261471.67,277.85,26662.54,331.01
262500.03,277.78,26937.38,330.73
260958.92,277.89,26349.89,331.34
264308.69,277.64,26858.74,330.81
261215.16,277.87,26662.54,331.01
261215.16,277.87,26898.05,330.77
264049.59,277.66,26819.45,330.85
261985.39,277.81,26662.54,331.01
260702.88,277.91,26662.54,331.01
262242.53,277.79,26740.95,330.93
262500.03,277.78,26937.38,330.73
261985.39,277.81,26701.73,330.97
267436.47,277.41,26662.54,331.01
264049.59,277.66,26819.45,330.85
261215.16,277.87,26858.74,330.81
262500.03,277.78,27134.43,330.53
264568.03,277.62,26858.74,330.81
261471.67,277.85,26898.05,330.77
261215.16,277.87,26858.74,330.81
263532.13,277.70,26858.74,330.81
265087.41,277.58,27016.13,330.65
260702.88,277.91,26701.73,330.97
260447.09,277.93,27292.51,330.36
262500.03,277.78,26858.74,330.81
261728.38,277.83,26701.73,330.97
260447.09,277.93,26780.19,330.89
262500.03,277.78,26701.73,330.97
262242.53,277.79,26701.73,330.97
261985.39,277.81,26662.54,331.01
260702.88,277.91,26623.38,331.05
261215.16,277.87,26662.54,331.01
264049.59,277.66,26623.38,331.05
261728.38,277.83,26780.19,330.89
263532.13,277.70,26623.38,331.05
261471.67,277.85,26545.12,331.13
260958.92,277.89,26701.73,330.97
260958.92,277.89,26740.95,330.93
262500.03,277.78,26466.96,331.22
260702.88,277.91,26701.73,330.97
261728.38,277.83,26623.38,331.05
260447.09,277.93,26506.03,331.17
263273.72,277.72,26662.54,331.01
263532.13,277.70,26819.45,330.85
266129.06,277.51,26976.75,330.69
260191.50,277.95,26780.19,330.89
261471.67,277.85,27252.95,330.40
263532.13,277.70,27134.43,330.53
263015.59,277.74,26898.05,330.77
261215.16,277.87,26937.38,330.73
261985.39,277.81,27094.97,330.57
264827.56,277.60,26858.74,330.81
261728.38,277.83,26976.75,330.69
262500.03,277.78,26858.74,330.81
261215.16,277.87,27173.91,330.49
260447.09,277.93,26858.74,330.81
264827.56,277.60,26819.45,330.85
263532.13,277.70,26937.38,330.73
262500.03,277.78,26819.45,330.85
262500.03,277.78,26506.03,331.17
265347.44,277.56,26976.75,330.69
263790.72,277.68,26740.95,330.93
262242.53,277.79,26740.95,330.93
261471.67,277.85,26701.73,330.97
260958.92,277.89,26701.73,330.97
262500.03,277.78,26937.38,330.73
262500.03,277.78,26506.03,331.17
265087.41,277.58,26701.73,330.97
264827.56,277.60,26545.12,331.13
261728.38,277.83,26466.96,331.22
261471.67,277.85,26388.89,331.30
263015.59,277.74,26310.92,331.38
263273.72,277.72,26349.89,331.34
263790.72,277.68,26506.03,331.17
260958.92,277.89,26310.92,331.38
261471.67,277.85,26545.12,331.13
264049.59,277.66,26271.97,331.42
261471.67,277.85,26858.74,330.81
261728.38,277.83,26388.89,331.30
260958.92,277.89,26584.24,331.09
263532.13,277.70,26349.89,331.34
259426.23,278.01,26545.12,331.13
263532.13,277.70,26545.12,331.13
264049.59,277.66,26388.89,331.30
263015.59,277.74,26388.89,331.30
261215.16,277.87,26388.89,331.30
264827.56,277.60,26388.89,331.30
263532.13,277.70,26623.38,331.05
261985.39,277.81,26466.96,331.22
261471.67,277.85,26466.96,331.22
262242.53,277.79,26310.92,331.38
261728.38,277.83,26349.89,331.34
263273.72,277.72,26310.92,331.38
260702.88,277.91,26194.14,331.50
260958.92,277.89,26388.89,331.30
263790.72,277.68,26388.89,331.30
265087.41,277.58,26388.89,331.30
261471.67,277.85,26506.03,331.17
259936.22,277.97,26000.00,331.71
261215.16,277.87,26349.89,331.34
263015.59,277.74,26388.89,331.30
263790.72,277.68,26545.12,331.13
263273.72,277.72,26662.54,331.01
262242.53,277.79,26623.38,331.05
264049.59,277.66,26701.73,330.97
263015.59,277.74,26780.19,330.89
262500.03,277.78,26116.41,331.59
263273.72,277.72,26740.95,330.93
261985.39,277.81,26701.73,330.97
265607.75,277.55,26701.73,330.97
263273.72,277.72,26623.38,331.05
265087.41,277.58,26819.45,330.85
261471.67,277.85,26545.12,331.13
263273.72,277.72,26623.38,331.05
262242.53,277.79,26506.03,331.17
262242.53,277.79,26545.12,331.13
261215.16,277.87,26310.92,331.38
263015.59,277.74,26466.96,331.22
263532.13,277.70,26466.96,331.22
264049.59,277.66,26506.03,331.17
263532.13,277.70,26466.96,331.22
260958.92,277.89,26349.89,331.34
264568.03,277.62,26233.04,331.46
262500.03,277.78,26623.38,331.05
263273.72,277.72,26506.03,331.17
260447.09,277.93,26310.92,331.38
263015.59,277.74,26584.24,331.09
264568.03,277.62,26466.96,331.22
264049.59,277.66,26194.14,331.50
260958.92,277.89,26545.12,331.13
263532.13,277.70,26271.97,331.42
261471.67,277.85,26388.89,331.30
262242.53,277.79,26194.14,331.50
260447.09,277.93,26349.89,331.34
264568.03,277.62,26349.89,331.34
262242.53,277.79,26233.04,331.46
264827.56,277.60,26506.03,331.17
261471.67,277.85,26271.97,331.42
263273.72,277.72,26233.04,331.46
263790.72,277.68,26310.92,331.38
263790.72,277.68,26388.89,331.30
262500.03,277.78,26388.89,331.30
264827.56,277.60,26388.89,331.30
260702.88,277.91,26388.89,331.30
262500.03,277.78,26466.96,331.22
264308.69,277.64,26506.03,331.17
264827.56,277.60,26388.89,331.30
263273.72,277.72,26466.96,331.22
262500.03,277.78,26545.12,331.13
264568.03,277.62,26506.03,331.17
264049.59,277.66,26545.12,331.13
264568.03,277.62,26662.54,331.01
263532.13,277.70,26858.74,330.81
264308.69,277.64,26116.41,331.59
263532.13,277.70,26545.12,331.13
263015.59,277.74,26623.38,331.05
265087.41,277.58,26819.45,330.85
266651.31,277.47,26858.74,330.81
262500.03,277.78,26780.19,330.89
265087.41,277.58,26937.38,330.73
263015.59,277.74,26701.73,330.97
265347.44,277.56,26858.74,330.81
265087.41,277.58,27016.13,330.65
262242.53,277.79,26976.75,330.69
262242.53,277.79,26858.74,330.81
262500.03,277.78,26858.74,330.81
264049.59,277.66,26780.19,330.89
265347.44,277.56,26740.95,330.93
262500.03,277.78,26780.19,330.89
260958.92,277.89,26819.45,330.85
263273.72,277.72,26740.95,330.93
263273.72,277.72,26740.95,330.93
261985.39,277.81,26662.54,331.01
260702.88,277.91,26388.89,331.30
262242.53,277.79,26584.24,331.09
262242.53,277.79,26506.03,331.17
265087.41,277.58,26427.91,331.26
262242.53,277.79,26466.96,331.22
262500.03,277.78,26545.12,331.13
263273.72,277.72,26271.97,331.42
261215.16,277.87,26545.12,331.13
263532.13,277.70,26623.38,331.05
263273.72,277.72,26310.92,331.38
264568.03,277.62,26349.89,331.34
260702.88,277.91,26310.92,331.38
263532.13,277.70,26388.89,331.30
264308.69,277.64,26349.89,331.34
263532.13,277.70,26233.04,331.46
261985.39,277.81,26233.04,331.46
265087.41,277.58,26233.04,331.46
264049.59,277.66,26194.14,331.50
262500.03,277.78,26271.97,331.42
261215.16,277.87,26116.41,331.59
263532.13,277.70,26194.14,331.50
265087.41,277.58,26233.04,331.46
262500.03,277.78,26116.41,331.59
264827.56,277.60,26233.04,331.46
262500.03,277.78,26194.14,331.50
262500.03,277.78,26155.27,331.55
262500.03,277.78,26116.41,331.59
264827.56,277.60,26233.04,331.46
263273.72,277.72,26155.27,331.55
264827.56,277.60,26233.04,331.46
264049.59,277.66,26233.04,331.46
259936.22,277.97,26662.54,331.01
263015.59,277.74,26701.73,330.97
264568.03,277.62,26388.89,331.30
265087.41,277.58,26155.27,331.55
263273.72,277.72,26233.04,331.46
265087.41,277.58,26155.27,331.55
264827.56,277.60,26116.41,331.59
261985.39,277.81,26155.27,331.55
264049.59,277.66,26233.04,331.46
266129.06,277.51,26233.04,331.46
264049.59,277.66,26194.14,331.50
263532.13,277.70,26233.04,331.46
263015.59,277.74,26194.14,331.50
265087.41,277.58,26233.04,331.46
264308.69,277.64,26194.14,331.50
264568.03,277.62,26116.41,331.59
261471.67,277.85,26077.59,331.63
261985.39,277.81,26155.27,331.55
265087.41,277.58,26233.04,331.46
264308.69,277.64,26116.41,331.59
260702.88,277.91,26116.41,331.59
263015.59,277.74,26155.27,331.55
266129.06,277.51,26233.04,331.46
261985.39,277.81,26116.41,331.59
262500.03,277.78,26116.41,331.59
264568.03,277.62,26116.41,331.59
264568.03,277.62,26077.59,331.63
264568.03,277.62,25922.51,331.79
264049.59,277.66,26077.59,331.63
264827.56,277.60,26077.59,331.63
264049.59,277.66,26116.41,331.59
262242.53,277.79,26077.59,331.63
263790.72,277.68,26077.59,331.63
260702.88,277.91,26155.27,331.55
262242.53,277.79,26077.59,331.63
261215.16,277.87,26000.00,331.71
262500.03,277.78,26000.00,331.71
265607.75,277.55,25883.80,331.84
261471.67,277.85,25767.81,331.96
261471.67,277.85,26000.00,331.71
267698.72,277.39,26038.78,331.67
263532.13,277.70,25883.80,331.84
261985.39,277.81,26000.00,331.71
264308.69,277.64,26038.78,331.67
263532.13,277.70,25883.80,331.84
265607.75,277.55,26077.59,331.63
262500.03,277.78,25922.51,331.79
264568.03,277.62,25961.24,331.75
262500.03,277.78,25845.12,331.88
260702.88,277.91,25922.51,331.79
263532.13,277.70,25883.80,331.84
264827.56,277.60,25961.24,331.75
264568.03,277.62,26000.00,331.71
264049.59,277.66,25767.81,331.96
263273.72,277.72,25845.12,331.88
264049.59,277.66,25922.51,331.79
261985.39,277.81,25922.51,331.79
263273.72,277.72,26038.78,331.67
263532.13,277.70,26077.59,331.63
265868.25,277.53,26000.00,331.71
264568.03,277.62,26000.00,331.71
264568.03,277.62,26038.78,331.67
264827.56,277.60,26116.41,331.59
262500.03,277.78,25922.51,331.79
268223.88,277.35,26233.04,331.46
264049.59,277.66,26077.59,331.63
262242.53,277.79,26038.78,331.67
266129.06,277.51,26155.27,331.55
264827.56,277.60,26116.41,331.59
263273.72,277.72,26077.59,331.63
264049.59,277.66,26116.41,331.59
264568.03,277.62,25883.80,331.84
265347.44,277.56,26116.41,331.59
264049.59,277.66,26116.41,331.59
269013.41,277.30,26077.59,331.63
262500.03,277.78,26000.00,331.71
264308.69,277.64,26038.78,331.67
262242.53,277.79,25536.48,332.21
264568.03,277.62,25922.51,331.79
264827.56,277.60,26038.78,331.67
263273.72,277.72,26038.78,331.67
265347.44,277.56,25922.51,331.79
264568.03,277.62,26116.41,331.59
262242.53,277.79,26000.00,331.71
263532.13,277.70,25883.80,331.84
264568.03,277.62,25922.51,331.79
265087.41,277.58,26000.00,331.71
264049.59,277.66,26000.00,331.71
264308.69,277.64,25922.51,331.79
264568.03,277.62,25883.80,331.84
265607.75,277.55,26077.59,331.63
264568.03,277.62,26116.41,331.59
265087.41,277.58,26116.41,331.59
261471.67,277.85,26116.41,331.59
265087.41,277.58,26155.27,331.55
263015.59,277.74,26819.45,330.85
264827.56,277.60,26388.89,331.30
263015.59,277.74,26349.89,331.34
263015.59,277.74,26194.14,331.50
267174.53,277.43,26310.92,331.38
264308.69,277.64,26271.97,331.42
263273.72,277.72,26116.41,331.59
265087.41,277.58,26271.97,331.42
265087.41,277.58,26194.14,331.50
264308.69,277.64,26271.97,331.42
264568.03,277.62,26233.04,331.46
260958.92,277.89,26116.41,331.59
264827.56,277.60,26116.41,331.59
264568.03,277.62,26077.59,331.63
265087.41,277.58,26077.59,331.63
263532.13,277.70,26116.41,331.59
264308.69,277.64,26038.78,331.67
265347.44,277.56,26116.41,331.59
263790.72,277.68,26000.00,331.71
264308.69,277.64,26116.41,331.59
266129.06,277.51,25883.80,331.84
265607.75,277.55,26116.41,331.59
263790.72,277.68,26077.59,331.63
262500.03,277.78,26116.41,331.59
265347.44,277.56,26155.27,331.55
263532.13,277.70,26116.41,331.59
263273.72,277.72,26233.04,331.46
265607.75,277.55,26349.89,331.34
261471.67,277.85,26194.14,331.50
263273.72,277.72,26233.04,331.46
266129.06,277.51,26466.96,331.22
260958.92,277.89,26466.96,331.22
263015.59,277.74,26310.92,331.38
264568.03,277.62,26116.41,331.59
267961.16,277.37,26233.04,331.46
263790.72,277.68,26155.27,331.55
263532.13,277.70,25961.24,331.75
266651.31,277.47,26233.04,331.46
265607.75,277.55,26116.41,331.59
264049.59,277.66,26077.59,331.63
261471.67,277.85,26038.78,331.67
267436.47,277.41,25690.61,332.04
264049.59,277.66,26116.41,331.59
264568.03,277.62,26077.59,331.63
263790.72,277.68,26000.00,331.71
264827.56,277.60,25806.45,331.92
264568.03,277.62,26077.59,331.63
265087.41,277.58,26116.41,331.59
263015.59,277.74,26116.41,331.59
263015.59,277.74,25883.80,331.84
264308.69,277.64,26116.41,331.59
263532.13,277.70,25114.57,332.68
262757.66,277.76,26077.59,331.63
266129.06,277.51,26000.00,331.71
267174.53,277.43,25922.51,331.79
262500.03,277.78,25883.80,331.84
265347.44,277.56,25690.61,332.04
265347.44,277.56,25845.12,331.88
265087.41,277.58,26077.59,331.63
264049.59,277.66,26077.59,331.63
264827.56,277.60,26155.27,331.55
265868.25,277.53,26155.27,331.55
264827.56,277.60,26000.00,331.71
264827.56,277.60,26116.41,331.59
264308.69,277.64,26155.27,331.55
265347.44,277.56,26116.41,331.59
264827.56,277.60,26233.04,331.46
265087.41,277.58,26155.27,331.55
265607.75,277.55,26116.41,331.59
263532.13,277.70,26271.97,331.42
264827.56,277.60,26077.59,331.63
265087.41,277.58,26000.00,331.71
264049.59,277.66,26000.00,331.71
264049.59,277.66,26000.00,331.71
262242.53,277.79,26000.00,331.71
265347.44,277.56,26000.00,331.71
264827.56,277.60,26038.78,331.67
261215.16,277.87,25845.12,331.88
264049.59,277.66,26000.00,331.71
260702.88,277.91,25729.20,332.00
265087.41,277.58,26000.00,331.71
267698.72,277.39,25961.24,331.75
263532.13,277.70,25961.24,331.75
262500.03,277.78,24847.56,332.98
265087.41,277.58,25883.80,331.84
264568.03,277.62,26000.00,331.71
264049.59,277.66,26000.00,331.71
262242.53,277.79,25767.81,331.96
263273.72,277.72,25845.12,331.88
264568.03,277.62,25922.51,331.79
265347.44,277.56,26038.78,331.67
265087.41,277.58,26038.78,331.67
264049.59,277.66,25961.24,331.75
264049.59,277.66,26000.00,331.71
264308.69,277.64,26077.59,331.63
268486.81,277.34,26116.41,331.59
264568.03,277.62,26000.00,331.71
263790.72,277.68,25690.61,332.04
264049.59,277.66,26116.41,331.59
264827.56,277.60,25961.24,331.75
265087.41,277.58,26038.78,331.67
264049.59,277.66,26000.00,331.71
265868.25,277.53,25767.81,331.96
264049.59,277.66,26349.89,331.34
262242.53,277.79,25767.81,331.96
264308.69,277.64,25922.51,331.79
264568.03,277.62,25845.12,331.88
263532.13,277.70,26000.00,331.71
267436.47,277.41,25883.80,331.84
264049.59,277.66,26000.00,331.71
264049.59,277.66,25961.24,331.75
264568.03,277.62,25652.04,332.09
269013.41,277.30,26077.59,331.63
264568.03,277.62,25421.13,332.34
265347.44,277.56,25152.81,332.64
264308.69,277.64,25883.80,331.84
263273.72,277.72,26038.78,331.67
266129.06,277.51,25883.80,331.84
261215.16,277.87,26000.00,331.71
263273.72,277.72,26116.41,331.59
265087.41,277.58,26000.00,331.71
263532.13,277.70,25922.51,331.79
263532.13,277.70,26038.78,331.67
264308.69,277.64,26194.14,331.50
264568.03,277.62,26116.41,331.59
262500.03,277.78,26155.27,331.55
265087.41,277.58,26038.78,331.67
265607.75,277.55,26116.41,331.59
262242.53,277.79,26038.78,331.67
264308.69,277.64,26194.14,331.50
264827.56,277.60,26194.14,331.50
263273.72,277.72,26155.27,331.55
266651.31,277.47,26233.04,331.46
264568.03,277.62,26233.04,331.46
265347.44,277.56,26506.03,331.17
261471.67,277.85,26077.59,331.63
265347.44,277.56,26116.41,331.59
264568.03,277.62,26116.41,331.59
261985.39,277.81,26077.59,331.63
264049.59,277.66,26038.78,331.67
263015.59,277.74,25767.81,331.96
265868.25,277.53,26000.00,331.71
266129.06,277.51,26038.78,331.67
264827.56,277.60,26038.78,331.67
264049.59,277.66,26116.41,331.59
262500.03,277.78,25922.51,331.79
264827.56,277.60,25922.51,331.79
266390.03,277.49,25845.12,331.88
264049.59,277.66,25767.81,331.96
265087.41,277.58,25845.12,331.88
264827.56,277.60,25845.12,331.88
264049.59,277.66,25690.61,332.04
264568.03,277.62,25767.81,331.96
264827.56,277.60,25845.12,331.88
265347.44,277.56,26038.78,331.67
262242.53,277.79,25845.12,331.88
264568.03,277.62,25652.04,332.09
263532.13,277.70,25845.12,331.88
266390.03,277.49,25690.61,332.04
265087.41,277.58,25613.50,332.13
262242.53,277.79,25767.81,331.96
263532.13,277.70,25690.61,332.04
266651.31,277.47,25883.80,331.84
265087.41,277.58,26000.00,331.71
264308.69,277.64,25767.81,331.96
262500.03,277.78,25536.48,332.21
265868.25,277.53,25922.51,331.79
264568.03,277.62,25922.51,331.79
263532.13,277.70,25767.81,331.96
266129.06,277.51,25729.20,332.00
264827.56,277.60,25806.45,331.92
262500.03,277.78,25613.50,332.13
264827.56,277.60,25690.61,332.04
263273.72,277.72,25574.98,332.17
261471.67,277.85,25613.50,332.13
262500.03,277.78,26000.00,331.71
264827.56,277.60,25729.20,332.00
264568.03,277.62,25498.01,332.25
265347.44,277.56,25767.81,331.96
263532.13,277.70,25767.81,331.96
266129.06,277.51,25883.80,331.84
266390.03,277.49,26038.78,331.67
265087.41,277.58,26116.41,331.59
263273.72,277.72,26038.78,331.67
265347.44,277.56,26116.41,331.59
264827.56,277.60,26116.41,331.59
264049.59,277.66,26116.41,331.59
264827.56,277.60,26077.59,331.63
261985.39,277.81,26038.78,331.67
265607.75,277.55,26077.59,331.63
264049.59,277.66,26077.59,331.63
266390.03,277.49,26116.41,331.59
263532.13,277.70,26077.59,331.63
261471.67,277.85,26116.41,331.59
264308.69,277.64,25961.24,331.75
265087.41,277.58,26077.59,331.63
266390.03,277.49,26310.92,331.38
263790.72,277.68,25729.20,332.00
262500.03,277.78,26000.00,331.71
264568.03,277.62,25922.51,331.79
266129.06,277.51,25767.81,331.96
264049.59,277.66,25729.20,332.00
260958.92,277.89,25922.51,331.79
263273.72,277.72,25922.51,331.79
266129.06,277.51,25883.80,331.84
266129.06,277.51,25767.81,331.96
264827.56,277.60,26038.78,331.67
261215.16,277.87,25690.61,332.04
263532.13,277.70,25883.80,331.84
263790.72,277.68,26000.00,331.71
265087.41,277.58,25845.12,331.88
263532.13,277.70,25845.12,331.88
263273.72,277.72,25498.01,332.25
266651.31,277.47,25845.12,331.88
264827.56,277.60,25961.24,331.75
264568.03,277.62,25690.61,332.04
265087.41,277.58,25845.12,331.88
265607.75,277.55,25767.81,331.96
264827.56,277.60,26038.78,331.67
264308.69,277.64,26000.00,331.71
264049.59,277.66,26077.59,331.63
264568.03,277.62,26116.41,331.59
265607.75,277.55,26155.27,331.55
264568.03,277.62,26233.04,331.46
264568.03,277.62,26116.41,331.59
263015.59,277.74,26038.78,331.67
263532.13,277.70,26116.41,331.59
264827.56,277.60,26077.59,331.63
262500.03,277.78,25961.24,331.75
260702.88,277.91,26116.41,331.59
263532.13,277.70,26077.59,331.63
264568.03,277.62,26077.59,331.63
266129.06,277.51,26038.78,331.67
265087.41,277.58,26038.78,331.67
264568.03,277.62,25961.24,331.75
264308.69,277.64,25767.81,331.96
264827.56,277.60,25806.45,331.92
267698.72,277.39,25883.80,331.84
264568.03,277.62,25652.04,332.09
265087.41,277.58,25690.61,332.04
264049.59,277.66,25883.80,331.84
263273.72,277.72,25767.81,331.96
264568.03,277.62,25536.48,332.21
265607.75,277.55,25729.20,332.00
266129.06,277.51,25613.50,332.13
264049.59,277.66,25690.61,332.04
260702.88,277.91,25767.81,331.96
263015.59,277.74,25729.20,332.00
263532.13,277.70,25729.20,332.00
263273.72,277.72,25845.12,331.88
263532.13,277.70,25922.51,331.79
264308.69,277.64,25845.12,331.88
265347.44,277.56,25922.51,331.79
263532.13,277.70,25652.04,332.09
264308.69,277.64,26116.41,331.59
266651.31,277.47,26038.78,331.67
266390.03,277.49,25536.48,332.21
264568.03,277.62,25574.98,332.17
262500.03,277.78,25767.81,331.96
265607.75,277.55,25767.81,331.96
264308.69,277.64,25961.24,331.75
265087.41,277.58,25613.50,332.13
264568.03,277.62,25922.51,331.79
264568.03,277.62,25459.56,332.30
264568.03,277.62,25690.61,332.04
265347.44,277.56,25767.81,331.96
261215.16,277.87,25883.80,331.84
263273.72,277.72,25845.12,331.88
265607.75,277.55,26233.04,331.46
264049.59,277.66,26116.41,331.59
263273.72,277.72,26000.00,331.71
263015.59,277.74,26077.59,331.63
262242.53,277.79,26116.41,331.59
260447.09,277.93,26116.41,331.59
264049.59,277.66,25883.80,331.84
266129.06,277.51,26116.41,331.59
261985.39,277.81,26155.27,331.55
263273.72,277.72,26194.14,331.50
266129.06,277.51,26116.41,331.59
266651.31,277.47,26271.97,331.42
265087.41,277.58,26116.41,331.59
266129.06,277.51,26116.41,331.59
261985.39,277.81,26038.78,331.67
262500.03,277.78,25690.61,332.04
265607.75,277.55,26077.59,331.63
268223.88,277.35,25883.80,331.84
267174.53,277.43,25574.98,332.17
262242.53,277.79,25767.81,331.96
264827.56,277.60,25767.81,331.96
264827.56,277.60,26077.59,331.63
264049.59,277.66,25767.81,331.96
260702.88,277.91,25498.01,332.25
264568.03,277.62,26000.00,331.71
265607.75,277.55,24885.64,332.94
263273.72,277.72,26000.00,331.71
265347.44,277.56,26116.41,331.59
265607.75,277.55,25922.51,331.79
267698.72,277.39,25961.24,331.75
265087.41,277.58,26077.59,331.63
263015.59,277.74,26116.41,331.59
266390.03,277.49,25729.20,332.00
266129.06,277.51,26116.41,331.59
265347.44,277.56,26116.41,331.59
266651.31,277.47,25767.81,331.96
260702.88,277.91,25961.24,331.75
265868.25,277.53,25767.81,331.96
267174.53,277.43,26116.41,331.59
262242.53,277.79,26077.59,331.63
262242.53,277.79,26116.41,331.59
264827.56,277.60,25922.51,331.79
264568.03,277.62,26000.00,331.71
263273.72,277.72,26000.00,331.71
266390.03,277.49,25729.20,332.00
263790.72,277.68,25845.12,331.88
267698.72,277.39,25613.50,332.13
262500.03,277.78,25883.80,331.84
264049.59,277.66,25883.80,331.84
264568.03,277.62,25574.98,332.17
264568.03,277.62,25613.50,332.13
263532.13,277.70,25690.61,332.04
266651.31,277.47,25845.12,331.88
265347.44,277.56,26000.00,331.71
263273.72,277.72,25574.98,332.17
263273.72,277.72,25729.20,332.00
267698.72,277.39,25767.81,331.96
266129.06,277.51,25459.56,332.30
265868.25,277.53,25536.48,332.21
261728.38,277.83,25690.61,332.04
266129.06,277.51,25883.80,331.84
263273.72,277.72,25767.81,331.96
264827.56,277.60,26000.00,331.71
266129.06,277.51,25883.80,331.84
262500.03,277.78,25883.80,331.84
262242.53,277.79,25767.81,331.96
265607.75,277.55,26194.14,331.50
260191.50,277.95,26116.41,331.59
263273.72,277.72,25961.24,331.75
264049.59,277.66,26116.41,331.59
263532.13,277.70,25845.12,331.88
264827.56,277.60,26038.78,331.67
265087.41,277.58,26077.59,331.63
262242.53,277.79,26116.41,331.59
263015.59,277.74,26077.59,331.63
267698.72,277.39,26116.41,331.59
266129.06,277.51,26077.59,331.63
261471.67,277.85,25961.24,331.75
262242.53,277.79,25961.24,331.75
264568.03,277.62,26116.41,331.59
263790.72,277.68,26000.00,331.71
264308.69,277.64,26077.59,331.63
263015.59,277.74,26077.59,331.63
265607.75,277.55,25883.80,331.84
260958.92,277.89,25961.24,331.75
264049.59,277.66,26077.59,331.63
264827.56,277.60,25922.51,331.79
265347.44,277.56,25767.81,331.96
265087.41,277.58,25883.80,331.84
264827.56,277.60,26000.00,331.71
265087.41,277.58,25883.80,331.84
264568.03,277.62,25961.24,331.75
264568.03,277.62,25690.61,332.04
264827.56,277.60,25767.81,331.96
265607.75,277.55,25845.12,331.88
264049.59,277.66,25729.20,332.00
262500.03,277.78,25883.80,331.84
260702.88,277.91,25382.73,332.38
263273.72,277.72,25922.51,331.79
265347.44,277.56,25690.61,332.04
266390.03,277.49,25845.12,331.88
264049.59,277.66,25613.50,332.13
263532.13,277.70,25498.01,332.25
262500.03,277.78,25613.50,332.13
266129.06,277.51,25574.98,332.17
266651.31,277.47,25498.01,332.25
263790.72,277.68,25613.50,332.13
264568.03,277.62,25729.20,332.00
262500.03,277.78,25729.20,332.00
262757.66,277.76,25459.56,332.30
267436.47,277.41,25613.50,332.13
263790.72,277.68,25498.01,332.25
263273.72,277.72,25536.48,332.21
265087.41,277.58,25574.98,332.17
265607.75,277.55,25690.61,332.04
264568.03,277.62,25574.98,332.17
267436.47,277.41,25729.20,332.00
266129.06,277.51,25729.20,332.00
262242.53,277.79,25690.61,332.04
263532.13,277.70,25729.20,332.00
266390.03,277.49,25690.61,332.04
260702.88,277.91,25536.48,332.21
264568.03,277.62,25729.20,332.00
269013.41,277.30,25961.24,331.75
263532.13,277.70,25536.48,332.21
264827.56,277.60,25459.56,332.30
265347.44,277.56,25574.98,332.17
264827.56,277.60,25574.98,332.17
261471.67,277.85,25883.80,331.84
264827.56,277.60,25536.48,332.21
266129.06,277.51,25922.51,331.79
267174.53,277.43,25961.24,331.75
265347.44,277.56,26116.41,331.59
262500.03,277.78,25922.51,331.79
264049.59,277.66,26077.59,331.63
265087.41,277.58,26116.41,331.59
266651.31,277.47,26116.41,331.59
264827.56,277.60,26077.59,331.63
266651.31,277.47,25498.01,332.25
264827.56,277.60,25690.61,332.04
263532.13,277.70,25845.12,331.88
264568.03,277.62,25845.12,331.88
264827.56,277.60,25922.51,331.79
266129.06,277.51,26038.78,331.67
264049.59,277.66,25922.51,331.79
264827.56,277.60,25883.80,331.84
264568.03,277.62,25845.12,331.88
267174.53,277.43,25767.81,331.96
265868.25,277.53,25883.80,331.84
268223.88,277.35,25690.61,332.04
266390.03,277.49,25767.81,331.96
265607.75,277.55,25767.81,331.96
264827.56,277.60,25613.50,332.13
265347.44,277.56,25767.81,331.96
263015.59,277.74,25767.81,331.96
265087.41,277.58,25922.51,331.79
266129.06,277.51,26038.78,331.67
265868.25,277.53,25922.51,331.79
266129.06,277.51,26000.00,331.71
265607.75,277.55,26233.04,331.46
264827.56,277.60,26077.59,331.63
264568.03,277.62,26077.59,331.63
264308.69,277.64,26155.27,331.55
264827.56,277.60,26077.59,331.63
267698.72,277.39,26000.00,331.71
266651.31,277.47,26038.78,331.67
266651.31,277.47,26038.78,331.67
264827.56,277.60,25922.51,331.79
264568.03,277.62,25883.80,331.84
261471.67,277.85,25767.81,331.96
265607.75,277.55,25767.81,331.96
266390.03,277.49,25729.20,332.00
267698.72,277.39,25729.20,332.00
264568.03,277.62,25922.51,331.79
264568.03,277.62,25883.80,331.84
264049.59,277.66,25845.12,331.88
264568.03,277.62,25845.12,331.88
266390.03,277.49,25690.61,332.04
264827.56,277.60,25536.48,332.21
265347.44,277.56,25767.81,331.96
265607.75,277.55,25459.56,332.30
268223.88,277.35,25536.48,332.21
265607.75,277.55,25459.56,332.30
264049.59,277.66,25459.56,332.30
267174.53,277.43,25344.35,332.42
266129.06,277.51,25382.73,332.38
263273.72,277.72,25421.13,332.34
262500.03,277.78,25459.56,332.30
264049.59,277.66,25306.00,332.47
266651.31,277.47,25767.81,331.96
266390.03,277.49,25613.50,332.13
265607.75,277.55,25421.13,332.34
268223.88,277.35,25574.98,332.17
265347.44,277.56,25536.48,332.21
263790.72,277.68,25498.01,332.25
266651.31,277.47,25574.98,332.17
268750.03,277.32,25729.20,332.00
264827.56,277.60,25652.04,332.09
264308.69,277.64,25690.61,332.04
262500.03,277.78,25922.51,331.79
266651.31,277.47,25767.81,331.96
264568.03,277.62,26000.00,331.71
264827.56,277.60,25690.61,332.04
264827.56,277.60,25767.81,331.96
263532.13,277.70,25652.04,332.09
266651.31,277.47,25652.04,332.09
265087.41,277.58,25459.56,332.30
263532.13,277.70,25729.20,332.00
264568.03,277.62,25690.61,332.04
263273.72,277.72,25652.04,332.09
260447.09,277.93,25922.51,331.79
265607.75,277.55,25690.61,332.04
265868.25,277.53,25690.61,332.04
263273.72,277.72,25652.04,332.09
264827.56,277.60,25845.12,331.88
265087.41,277.58,25845.12,331.88
266651.31,277.47,25574.98,332.17
265607.75,277.55,25613.50,332.13
265347.44,277.56,25498.01,332.25
266129.06,277.51,25613.50,332.13
264308.69,277.64,25613.50,332.13
264827.56,277.60,25690.61,332.04
265087.41,277.58,25729.20,332.00
263015.59,277.74,25767.81,331.96
264049.59,277.66,25498.01,332.25
264827.56,277.60,25883.80,331.84
264827.56,277.60,25459.56,332.30
265347.44,277.56,25613.50,332.13
267436.47,277.41,25498.01,332.25
265087.41,277.58,25613.50,332.13
261985.39,277.81,25152.81,332.64
264827.56,277.60,25767.81,331.96
266651.31,277.47,25613.50,332.13
268486.81,277.34,25690.61,332.04
264308.69,277.64,25574.98,332.17
264568.03,277.62,25690.61,332.04
264049.59,277.66,25690.61,332.04
264568.03,277.62,25729.20,332.00
266651.31,277.47,25767.81,331.96
267698.72,277.39,25498.01,332.25
265607.75,277.55,25729.20,332.00
263532.13,277.70,25729.20,332.00
263015.59,277.74,25652.04,332.09
266651.31,277.47,25536.48,332.21
264568.03,277.62,25574.98,332.17
265347.44,277.56,25574.98,332.17
265347.44,277.56,25729.20,332.00
263532.13,277.70,25498.01,332.25
263273.72,277.72,25690.61,332.04
263532.13,277.70,25690.61,332.04
267436.47,277.41,25536.48,332.21
264049.59,277.66,25459.56,332.30
264049.59,277.66,25922.51,331.79
265868.25,277.53,25729.20,332.00
264049.59,277.66,25613.50,332.13
267698.72,277.39,25574.98,332.17
265347.44,277.56,25536.48,332.21
266129.06,277.51,25652.04,332.09
265087.41,277.58,25574.98,332.17
265347.44,277.56,25498.01,332.25
263273.72,277.72,25459.56,332.30
268750.03,277.32,25306.00,332.47
267436.47,277.41,25536.48,332.21
263532.13,277.70,25421.13,332.34
265347.44,277.56,25421.13,332.34
265607.75,277.55,25498.01,332.25
262757.66,277.76,25421.13,332.34
264568.03,277.62,25382.73,332.38
263273.72,277.72,25421.13,332.34
264049.59,277.66,25498.01,332.25
267436.47,277.41,25306.00,332.47
263532.13,277.70,25152.81,332.64
264308.69,277.64,25306.00,332.47
262242.53,277.79,25229.36,332.55
266390.03,277.49,25382.73,332.38
264827.56,277.60,25382.73,332.38
265347.44,277.56,25306.00,332.47
265087.41,277.58,25152.81,332.64
261985.39,277.81,25152.81,332.64
262242.53,277.79,25306.00,332.47
264568.03,277.62,25306.00,332.47
264827.56,277.60,26584.24,331.09
266390.03,277.49,24885.64,332.94
264827.56,277.60,25421.13,332.34
264049.59,277.66,25152.81,332.64
263790.72,277.68,25267.67,332.51
263790.72,277.68,25306.00,332.47
265607.75,277.55,25306.00,332.47
266129.06,277.51,25459.56,332.30
266390.03,277.49,25498.01,332.25
263532.13,277.70,25459.56,332.30
262500.03,277.78,25421.13,332.34
264568.03,277.62,25459.56,332.30
267698.72,277.39,25498.01,332.25
264049.59,277.66,25536.48,332.21
267698.72,277.39,25459.56,332.30
263532.13,277.70,25498.01,332.25
264568.03,277.62,25459.56,332.30
264827.56,277.60,25306.00,332.47
263532.13,277.70,25498.01,332.25
264049.59,277.66,25498.01,332.25
264049.59,277.66,25536.48,332.21
265347.44,277.56,26038.78,331.67
265347.44,277.56,25613.50,332.13
263015.59,277.74,25382.73,332.38
264568.03,277.62,25459.56,332.30
264568.03,277.62,25459.56,332.30
260958.92,277.89,25498.01,332.25
264308.69,277.64,25459.56,332.30
264568.03,277.62,25498.01,332.25
263790.72,277.68,25498.01,332.25
265087.41,277.58,25459.56,332.30
264827.56,277.60,25498.01,332.25
266129.06,277.51,25767.81,331.96
264827.56,277.60,25536.48,332.21
264308.69,277.64,25690.61,332.04
264308.69,277.64,25690.61,332.04
266390.03,277.49,25922.51,331.79
263015.59,277.74,25729.20,332.00
265347.44,277.56,25845.12,331.88
266129.06,277.51,25961.24,331.75
267174.53,277.43,25961.24,331.75
264827.56,277.60,25922.51,331.79
264308.69,277.64,25806.45,331.92
263273.72,277.72,25729.20,332.00
263273.72,277.72,25767.81,331.96
266651.31,277.47,25922.51,331.79
265607.75,277.55,25729.20,332.00
265607.75,277.55,25613.50,332.13
265347.44,277.56,25459.56,332.30
264568.03,277.62,25536.48,332.21
265607.75,277.55,25498.01,332.25
264568.03,277.62,25498.01,332.25
262242.53,277.79,25382.73,332.38
264827.56,277.60,25574.98,332.17
264568.03,277.62,25498.01,332.25
264308.69,277.64,25459.56,332.30
265347.44,277.56,25459.56,332.30
264827.56,277.60,25306.00,332.47
266129.06,277.51,25459.56,332.30
264568.03,277.62,25498.01,332.25
263790.72,277.68,25459.56,332.30
265347.44,277.56,25459.56,332.30
265087.41,277.58,25421.13,332.34
264827.56,277.60,25574.98,332.17
266390.03,277.49,25498.01,332.25
262500.03,277.78,25536.48,332.21
266390.03,277.49,25613.50,332.13
266651.31,277.47,25690.61,332.04
265868.25,277.53,25845.12,331.88
265087.41,277.58,25613.50,332.13
264827.56,277.60,25806.45,331.92
264568.03,277.62,25922.51,331.79
263273.72,277.72,25729.20,332.00
262242.53,277.79,25729.20,332.00
265607.75,277.55,25961.24,331.75
264568.03,277.62,26116.41,331.59
264568.03,277.62,26116.41,331.59
265347.44,277.56,26077.59,331.63
263273.72,277.72,26077.59,331.63
265087.41,277.58,26116.41,331.59
264308.69,277.64,26116.41,331.59
265087.41,277.58,26116.41,331.59
265087.41,277.58,26077.59,331.63
262500.03,277.78,26116.41,331.59
266390.03,277.49,26077.59,331.63
261985.39,277.81,25845.12,331.88
261471.67,277.85,25690.61,332.04
264308.69,277.64,26077.59,331.63
266390.03,277.49,25613.50,332.13
263532.13,277.70,25767.81,331.96
264568.03,277.62,25729.20,332.00
264568.03,277.62,25767.81,331.96
262500.03,277.78,25729.20,332.00
263015.59,277.74,25690.61,332.04
265347.44,277.56,25729.20,332.00
265087.41,277.58,25729.20,332.00
264308.69,277.64,25729.20,332.00
264827.56,277.60,25498.01,332.25
262500.03,277.78,25729.20,332.00
263532.13,277.70,25613.50,332.13
265347.44,277.56,25459.56,332.30
267698.72,277.39,25574.98,332.17
265087.41,277.58,25498.01,332.25
264568.03,277.62,25536.48,332.21
264308.69,277.64,25306.00,332.47
261985.39,277.81,25459.56,332.30
261471.67,277.85,25459.56,332.30
263532.13,277.70,25613.50,332.13
262500.03,277.78,24923.73,332.89
264827.56,277.60,25382.73,332.38
264827.56,277.60,25498.01,332.25
264308.69,277.64,25459.56,332.30
265607.75,277.55,25344.35,332.42
264568.03,277.62,25267.67,332.51
263532.13,277.70,25498.01,332.25
266129.06,277.51,25344.35,332.42
264827.56,277.60,25459.56,332.30
264568.03,277.62,25498.01,332.25
265087.41,277.58,25574.98,332.17
263532.13,277.70,25459.56,332.30
265087.41,277.58,25536.48,332.21
264827.56,277.60,25806.45,331.92
263532.13,277.70,25690.61,332.04
266390.03,277.49,25536.48,332.21
263532.13,277.70,25767.81,331.96
264568.03,277.62,25922.51,331.79
265087.41,277.58,25922.51,331.79
265347.44,277.56,26000.00,331.71
269013.41,277.30,25922.51,331.79
266129.06,277.51,25922.51,331.79
264049.59,277.66,25729.20,332.00
264049.59,277.66,25922.51,331.79
264308.69,277.64,25729.20,332.00
264827.56,277.60,25729.20,332.00
264308.69,277.64,25845.12,331.88
264049.59,277.66,25845.12,331.88
265607.75,277.55,25883.80,331.84
264568.03,277.62,25806.45,331.92
264568.03,277.62,25613.50,332.13
265347.44,277.56,25574.98,332.17
263273.72,277.72,25459.56,332.30
264568.03,277.62,25574.98,332.17
266912.78,277.45,25536.48,332.21
265347.44,277.56,25382.73,332.38
264308.69,277.64,25574.98,332.17
263273.72,277.72,25498.01,332.25
263532.13,277.70,25459.56,332.30
267174.53,277.43,25459.56,332.30
267174.53,277.43,25459.56,332.30
264568.03,277.62,25574.98,332.17
264049.59,277.66,25498.01,332.25
265868.25,277.53,25459.56,332.30
265607.75,277.55,25574.98,332.17
263532.13,277.70,25536.48,332.21
264827.56,277.60,25421.13,332.34
265087.41,277.58,25613.50,332.13
264308.69,277.64,25574.98,332.17
265347.44,277.56,25536.48,332.21
263532.13,277.70,25498.01,332.25
265347.44,277.56,25613.50,332.13
266651.31,277.47,25767.81,331.96
265087.41,277.58,25421.13,332.34
267961.16,277.37,25459.56,332.30
265347.44,277.56,25267.67,332.51
265087.41,277.58,25306.00,332.47
265347.44,277.56,25574.98,332.17
264308.69,277.64,25652.04,332.09
264308.69,277.64,25421.13,332.34
264827.56,277.60,25536.48,332.21
265087.41,277.58,25421.13,332.34
264568.03,277.62,25574.98,332.17
264568.03,277.62,25613.50,332.13
262500.03,277.78,25613.50,332.13
267174.53,277.43,25883.80,331.84
264568.03,277.62,25536.48,332.21
265087.41,277.58,25613.50,332.13
265868.25,277.53,25574.98,332.17
264568.03,277.62,25536.48,332.21
264568.03,277.62,25690.61,332.04
263532.13,277.70,25613.50,332.13
266912.78,277.45,25767.81,331.96
263532.13,277.70,25574.98,332.17
263273.72,277.72,25729.20,332.00
266390.03,277.49,25767.81,331.96
264308.69,277.64,25883.80,331.84
264827.56,277.60,25652.04,332.09
266129.06,277.51,25767.81,331.96
265087.41,277.58,25845.12,331.88
264827.56,277.60,25498.01,332.25
263532.13,277.70,26000.00,331.71
264308.69,277.64,25076.36,332.72
267436.47,277.41,25613.50,332.13
264568.03,277.62,25536.48,332.21
266129.06,277.51,25613.50,332.13
267174.53,277.43,25729.20,332.00
264827.56,277.60,25498.01,332.25
262242.53,277.79,25498.01,332.25
265347.44,277.56,25574.98,332.17
265607.75,277.55,25690.61,332.04
264827.56,277.60,25767.81,331.96
264827.56,277.60,25690.61,332.04
267436.47,277.41,25767.81,331.96
263532.13,277.70,25922.51,331.79
264568.03,277.62,26000.00,331.71
266651.31,277.47,26000.00,331.71
264827.56,277.60,25883.80,331.84
262242.53,277.79,25767.81,331.96
264568.03,277.62,25690.61,332.04
266651.31,277.47,25767.81,331.96
266651.31,277.47,25767.81,331.96
266390.03,277.49,25498.01,332.25
265607.75,277.55,25690.61,332.04
266651.31,277.47,25767.81,331.96
266390.03,277.49,25845.12,331.88
265087.41,277.58,25845.12,331.88
266651.31,277.47,25536.48,332.21
263273.72,277.72,25459.56,332.30
262242.53,277.79,25574.98,332.17
261985.39,277.81,25459.56,332.30
266129.06,277.51,25498.01,332.25
267436.47,277.41,25459.56,332.30
263790.72,277.68,25267.67,332.51
264568.03,277.62,25421.13,332.34
264827.56,277.60,25459.56,332.30
263532.13,277.70,25382.73,332.38
264049.59,277.66,25382.73,332.38
265607.75,277.55,25344.35,332.42
263790.72,277.68,25229.36,332.55
264568.03,277.62,25076.36,332.72
263273.72,277.72,25306.00,332.47
265347.44,277.56,25382.73,332.38
267698.72,277.39,25382.73,332.38
264568.03,277.62,25114.57,332.68
265087.41,277.58,25229.36,332.55
265347.44,277.56,25267.67,332.51
264827.56,277.60,25421.13,332.34
266129.06,277.51,25229.36,332.55
264568.03,277.62,25229.36,332.55
264827.56,277.60,25267.67,332.51
266651.31,277.47,25114.57,332.68
264827.56,277.60,25498.01,332.25
262242.53,277.79,25267.67,332.51
263015.59,277.74,25306.00,332.47
264827.56,277.60,25306.00,332.47
265087.41,277.58,25421.13,332.34
265087.41,277.58,25382.73,332.38
262242.53,277.79,25382.73,332.38
264827.56,277.60,25459.56,332.30
265868.25,277.53,25306.00,332.47
264827.56,277.60,25498.01,332.25
265607.75,277.55,25459.56,332.30
256637.95,278.22,25114.57,332.68
262500.03,277.78,25459.56,332.30
266651.31,277.47,25574.98,332.17
263273.72,277.72,25459.56,332.30
261471.67,277.85,25459.56,332.30
265087.41,277.58,25845.12,331.88
262500.03,277.78,25382.73,332.38
266390.03,277.49,25613.50,332.13
264308.69,277.64,25767.81,331.96
265607.75,277.55,25690.61,332.04
265087.41,277.58,25536.48,332.21
264827.56,277.60,25729.20,332.00
264827.56,277.60,25536.48,332.21
264827.56,277.60,25536.48,332.21
264049.59,277.66,25767.81,331.96
269013.41,277.30,25652.04,332.09
267961.16,277.37,25613.50,332.13
262500.03,277.78,25574.98,332.17
263532.13,277.70,25498.01,332.25
265087.41,277.58,25574.98,332.17
265607.75,277.55,25421.13,332.34
264308.69,277.64,25536.48,332.21
266651.31,277.47,25498.01,332.25
264049.59,277.66,25421.13,332.34
264049.59,277.66,25306.00,332.47
264308.69,277.64,25382.73,332.38
266651.31,277.47,25536.48,332.21
265347.44,277.56,25536.48,332.21
264049.59,277.66,25459.56,332.30
264568.03,277.62,25459.56,332.30
265607.75,277.55,25267.67,332.51
264308.69,277.64,25306.00,332.47
264827.56,277.60,25267.67,332.51
265087.41,277.58,25306.00,332.47
263015.59,277.74,25498.01,332.25
264049.59,277.66,25767.81,331.96
265087.41,277.58,25498.01,332.25
264568.03,277.62,25459.56,332.30
267698.72,277.39,25459.56,332.30
266390.03,277.49,25382.73,332.38
266129.06,277.51,25267.67,332.51
265868.25,277.53,25306.00,332.47
266390.03,277.49,25421.13,332.34
265087.41,277.58,25152.81,332.64
263532.13,277.70,25459.56,332.30
269013.41,277.30,25382.73,332.38
264827.56,277.60,25459.56,332.30
264827.56,277.60,25229.36,332.55
267174.53,277.43,25382.73,332.38
263532.13,277.70,25382.73,332.38
264827.56,277.60,25382.73,332.38
264568.03,277.62,25152.81,332.64
269013.41,277.30,25191.07,332.59
266129.06,277.51,25344.35,332.42
262500.03,277.78,25421.13,332.34
267436.47,277.41,25459.56,332.30
264827.56,277.60,25574.98,332.17
264049.59,277.66,25306.00,332.47
264049.59,277.66,25459.56,332.30
266651.31,277.47,25459.56,332.30
266129.06,277.51,25382.73,332.38
264827.56,277.60,25382.73,332.38
264827.56,277.60,25382.73,332.38
264049.59,277.66,25421.13,332.34
265868.25,277.53,25306.00,332.47
262500.03,277.78,25498.01,332.25
264049.59,277.66,25382.73,332.38
265607.75,277.55,25459.56,332.30
264308.69,277.64,25076.36,332.72
264827.56,277.60,25421.13,332.34
266129.06,277.51,25306.00,332.47
265087.41,277.58,25344.35,332.42
263790.72,277.68,25459.56,332.30
269013.41,277.30,25459.56,332.30
264827.56,277.60,25574.98,332.17
264827.56,277.60,25421.13,332.34
265087.41,277.58,25421.13,332.34
266390.03,277.49,25574.98,332.17
265347.44,277.56,25459.56,332.30
261215.16,277.87,25459.56,332.30
266651.31,277.47,25498.01,332.25
266651.31,277.47,25767.81,331.96
265087.41,277.58,25267.67,332.51
265607.75,277.55,25690.61,332.04
264568.03,277.62,25536.48,332.21
265087.41,277.58,25536.48,332.21
265347.44,277.56,25613.50,332.13
265607.75,277.55,25613.50,332.13
265607.75,277.55,25574.98,332.17
265607.75,277.55,25421.13,332.34
266390.03,277.49,25536.48,332.21
265087.41,277.58,25498.01,332.25
262500.03,277.78,25498.01,332.25
265607.75,277.55,25613.50,332.13
267174.53,277.43,25613.50,332.13
263273.72,277.72,25498.01,332.25
264568.03,277.62,25613.50,332.13
265087.41,277.58,25845.12,331.88
267698.72,277.39,25613.50,332.13
263532.13,277.70,25767.81,331.96
266129.06,277.51,25459.56,332.30
268750.03,277.32,25459.56,332.30
269013.41,277.30,25613.50,332.13
264568.03,277.62,25152.81,332.64
264049.59,277.66,25498.01,332.25
266129.06,277.51,25613.50,332.13
263790.72,277.68,25498.01,332.25
264827.56,277.60,25574.98,332.17
264308.69,277.64,25574.98,332.17
263532.13,277.70,25498.01,332.25
267961.16,277.37,25574.98,332.17
263015.59,277.74,25536.48,332.21
264568.03,277.62,25459.56,332.30
262242.53,277.79,25382.73,332.38
264827.56,277.60,25536.48,332.21
265607.75,277.55,25498.01,332.25
262500.03,277.78,25267.67,332.51
265607.75,277.55,25459.56,332.30
263790.72,277.68,25229.36,332.55
264827.56,277.60,25613.50,332.13
263532.13,277.70,25267.67,332.51
264827.56,277.60,25459.56,332.30
268486.81,277.34,25306.00,332.47
264568.03,277.62,24923.73,332.89
264568.03,277.62,25498.01,332.25
266129.06,277.51,25421.13,332.34
263273.72,277.72,25306.00,332.47
266390.03,277.49,25498.01,332.25
265347.44,277.56,25498.01,332.25
265607.75,277.55,25382.73,332.38
266651.31,277.47,25421.13,332.34
267436.47,277.41,25382.73,332.38
265607.75,277.55,25267.67,332.51
264827.56,277.60,25267.67,332.51
267436.47,277.41,25267.67,332.51
260702.88,277.91,25229.36,332.55
264049.59,277.66,25306.00,332.47
264827.56,277.60,25267.67,332.51
265347.44,277.56,25152.81,332.64
264827.56,277.60,25229.36,332.55
267961.16,277.37,25267.67,332.51
264308.69,277.64,25229.36,332.55
264568.03,277.62,25382.73,332.38
265087.41,277.58,25613.50,332.13
264049.59,277.66,25536.48,332.21
264568.03,277.62,25613.50,332.13
266651.31,277.47,25574.98,332.17
264308.69,277.64,25613.50,332.13
263532.13,277.70,25690.61,332.04
263273.72,277.72,25961.24,331.75
264308.69,277.64,25845.12,331.88
265087.41,277.58,26116.41,331.59
264308.69,277.64,26038.78,331.67
267698.72,277.39,25922.51,331.79
263532.13,277.70,26000.00,331.71
264568.03,277.62,26623.38,331.05
264827.56,277.60,25961.24,331.75
263273.72,277.72,26038.78,331.67
266129.06,277.51,26077.59,331.63
264568.03,277.62,25767.81,331.96
265087.41,277.58,25883.80,331.84
261471.67,277.85,25922.51,331.79
265347.44,277.56,26116.41,331.59
262757.66,277.76,26077.59,331.63
264568.03,277.62,26077.59,331.63
265087.41,277.58,25767.81,331.96
265347.44,277.56,25845.12,331.88
266129.06,277.51,25767.81,331.96
268750.03,277.32,25845.12,331.88
265087.41,277.58,26038.78,331.67
269805.22,277.24,25961.24,331.75
264827.56,277.60,25767.81,331.96
265868.25,277.53,25922.51,331.79
265607.75,277.55,26038.78,331.67
263015.59,277.74,25806.45,331.92
265607.75,277.55,25613.50,332.13
266651.31,277.47,25690.61,332.04
264827.56,277.60,26077.59,331.63
265087.41,277.58,25690.61,332.04
263532.13,277.70,25613.50,332.13
263532.13,277.70,25498.01,332.25
264049.59,277.66,25498.01,332.25
264049.59,277.66,25459.56,332.30
261471.67,277.85,25690.61,332.04
267698.72,277.39,25845.12,331.88
264568.03,277.62,25652.04,332.09
265087.41,277.58,25845.12,331.88
265868.25,277.53,25652.04,332.09
266129.06,277.51,25459.56,332.30
268223.88,277.35,25729.20,332.00
264568.03,277.62,25459.56,332.30
263015.59,277.74,25306.00,332.47
267698.72,277.39,25729.20,332.00
266129.06,277.51,25536.48,332.21
265607.75,277.55,25459.56,332.30
261985.39,277.81,25613.50,332.13
264827.56,277.60,25459.56,332.30
268486.81,277.34,25574.98,332.17
264568.03,277.62,25613.50,332.13
265347.44,277.56,25536.48,332.21
265087.41,277.58,25498.01,332.25
264827.56,277.60,25498.01,332.25
266651.31,277.47,25459.56,332.30
265087.41,277.58,25421.13,332.34
264308.69,277.64,25459.56,332.30
263790.72,277.68,25459.56,332.30
265347.44,277.56,25459.56,332.30
267436.47,277.41,25382.73,332.38
265868.25,277.53,25459.56,332.30
266390.03,277.49,25459.56,332.30
264827.56,277.60,25421.13,332.34
263015.59,277.74,25498.01,332.25
264049.59,277.66,25498.01,332.25
264827.56,277.60,25536.48,332.21
265347.44,277.56,25498.01,332.25
265347.44,277.56,25574.98,332.17
262500.03,277.78,25267.67,332.51
264568.03,277.62,25459.56,332.30
264568.03,277.62,25729.20,332.00
265607.75,277.55,25498.01,332.25
265087.41,277.58,25459.56,332.30
264568.03,277.62,25536.48,332.21
268223.88,277.35,25574.98,332.17
266129.06,277.51,25459.56,332.30
262500.03,277.78,25459.56,332.30
266390.03,277.49,25498.01,332.25
265607.75,277.55,25459.56,332.30
261471.67,277.85,25459.56,332.30
264308.69,277.64,25459.56,332.30
265087.41,277.58,25459.56,332.30
263273.72,277.72,25306.00,332.47
265087.41,277.58,25498.01,332.25
264049.59,277.66,25152.81,332.64
264827.56,277.60,25306.00,332.47
264568.03,277.62,25152.81,332.64
264049.59,277.66,25229.36,332.55
265347.44,277.56,25267.67,332.51
263532.13,277.70,25267.67,332.51
264568.03,277.62,25152.81,332.64
265607.75,277.55,25382.73,332.38
265347.44,277.56,25459.56,332.30
263273.72,277.72,25421.13,332.34
267436.47,277.41,25459.56,332.30
264827.56,277.60,25421.13,332.34
265087.41,277.58,25498.01,332.25
264308.69,277.64,25229.36,332.55
264568.03,277.62,25114.57,332.68
266129.06,277.51,25152.81,332.64
264308.69,277.64,25267.67,332.51
260702.88,277.91,25306.00,332.47
267698.72,277.39,25382.73,332.38
264568.03,277.62,25229.36,332.55
264049.59,277.66,25267.67,332.51
263532.13,277.70,25421.13,332.34
265347.44,277.56,25306.00,332.47
265607.75,277.55,25498.01,332.25
266651.31,277.47,25306.00,332.47
265347.44,277.56,25498.01,332.25
264568.03,277.62,25459.56,332.30
264568.03,277.62,25459.56,332.30
265347.44,277.56,25459.56,332.30
266651.31,277.47,25459.56,332.30
264049.59,277.66,24430.26,333.45
267436.47,277.41,25459.56,332.30
266129.06,277.51,25459.56,332.30
265087.41,277.58,25459.56,332.30
264568.03,277.62,25459.56,332.30
264568.03,277.62,25382.73,332.38
266651.31,277.47,25574.98,332.17
267436.47,277.41,25613.50,332.13
266129.06,277.51,25652.04,332.09
266390.03,277.49,25574.98,332.17
267698.72,277.39,25690.61,332.04
264308.69,277.64,25536.48,332.21
267436.47,277.41,25613.50,332.13
264568.03,277.62,25613.50,332.13
265347.44,277.56,25498.01,332.25
265607.75,277.55,25498.01,332.25
264568.03,277.62,25459.56,332.30
264049.59,277.66,25382.73,332.38
264827.56,277.60,25229.36,332.55
265868.25,277.53,25421.13,332.34
264049.59,277.66,25421.13,332.34
264568.03,277.62,25459.56,332.30
265087.41,277.58,25459.56,332.30
265087.41,277.58,25536.48,332.21
265087.41,277.58,25498.01,332.25
264049.59,277.66,25498.01,332.25
264827.56,277.60,25536.48,332.21
264308.69,277.64,25498.01,332.25
264827.56,277.60,25767.81,331.96
265607.75,277.55,25767.81,331.96
266129.06,277.51,25690.61,332.04
266129.06,277.51,26077.59,331.63
266390.03,277.49,25883.80,331.84
264049.59,277.66,25845.12,331.88
265087.41,277.58,25922.51,331.79
267174.53,277.43,25767.81,331.96
264827.56,277.60,25690.61,332.04
264827.56,277.60,25652.04,332.09
267174.53,277.43,25767.81,331.96
264827.56,277.60,25613.50,332.13
264308.69,277.64,25536.48,332.21
267436.47,277.41,25690.61,332.04
266129.06,277.51,25038.17,332.76
264827.56,277.60,25536.48,332.21
266651.31,277.47,25574.98,332.17
264049.59,277.66,25459.56,332.30
264049.59,277.66,25613.50,332.13
266651.31,277.47,25690.61,332.04
265087.41,277.58,25767.81,331.96
264308.69,277.64,25574.98,332.17
265607.75,277.55,25613.50,332.13
260958.92,277.89,25459.56,332.30
265347.44,277.56,25690.61,332.04
266651.31,277.47,25652.04,332.09
263532.13,277.70,25459.56,332.30
263532.13,277.70,25459.56,332.30
266390.03,277.49,25767.81,331.96
266129.06,277.51,25690.61,332.04
264308.69,277.64,25613.50,332.13
264827.56,277.60,25690.61,332.04
266129.06,277.51,25613.50,332.13
264827.56,277.60,25883.80,331.84
267174.53,277.43,25845.12,331.88
265087.41,277.58,25574.98,332.17
264308.69,277.64,25613.50,332.13
267436.47,277.41,25922.51,331.79
264049.59,277.66,25498.01,332.25
267436.47,277.41,25729.20,332.00
267174.53,277.43,25767.81,331.96
262500.03,277.78,25574.98,332.17
264568.03,277.62,25613.50,332.13
267436.47,277.41,25613.50,332.13
265087.41,277.58,25767.81,331.96
264568.03,277.62,24468.09,333.41
264568.03,277.62,25421.13,332.34
263273.72,277.72,25152.81,332.64
266129.06,277.51,25536.48,332.21
267698.72,277.39,25459.56,332.30
264568.03,277.62,25152.81,332.64
264827.56,277.60,25382.73,332.38
264568.03,277.62,25421.13,332.34
265087.41,277.58,25459.56,332.30
264308.69,277.64,25306.00,332.47
265347.44,277.56,25536.48,332.21
264827.56,277.60,25536.48,332.21
265347.44,277.56,25459.56,332.30
265347.44,277.56,25382.73,332.38
265347.44,277.56,25459.56,332.30
265607.75,277.55,25382.73,332.38
266129.06,277.51,25459.56,332.30
265347.44,277.56,25152.81,332.64
265607.75,277.55,25229.36,332.55
266390.03,277.49,25421.13,332.34
265087.41,277.58,25152.81,332.64
266129.06,277.51,25382.73,332.38
266651.31,277.47,25306.00,332.47
265087.41,277.58,25344.35,332.42
265087.41,277.58,25152.81,332.64
265087.41,277.58,25229.36,332.55
264568.03,277.62,25229.36,332.55
264827.56,277.60,25114.57,332.68
267174.53,277.43,25076.36,332.72
263790.72,277.68,25267.67,332.51
264049.59,277.66,25076.36,332.72
264568.03,277.62,24961.86,332.85
264568.03,277.62,25267.67,332.51
262500.03,277.78,25038.17,332.76
265087.41,277.58,25000.00,332.81
269013.41,277.30,25152.81,332.64
263273.72,277.72,25076.36,332.72
265347.44,277.56,25000.00,332.81
265347.44,277.56,25152.81,332.64
266651.31,277.47,25114.57,332.68
264827.56,277.60,25267.67,332.51
265087.41,277.58,25000.00,332.81
265087.41,277.58,25076.36,332.72
265087.41,277.58,25076.36,332.72
262500.03,277.78,24961.86,332.85
266129.06,277.51,25152.81,332.64
264827.56,277.60,25306.00,332.47
265087.41,277.58,24961.86,332.85
264827.56,277.60,25038.17,332.76
263532.13,277.70,25000.00,332.81
264308.69,277.64,25000.00,332.81
264827.56,277.60,25306.00,332.47
261471.67,277.85,25229.36,332.55
265607.75,277.55,25267.67,332.51
264568.03,277.62,25306.00,332.47
264568.03,277.62,25306.00,332.47
264568.03,277.62,25459.56,332.30
267698.72,277.39,25536.48,332.21
267174.53,277.43,25382.73,332.38
262500.03,277.78,25421.13,332.34
266651.31,277.47,25767.81,331.96
266651.31,277.47,25690.61,332.04
262500.03,277.78,25536.48,332.21
264308.69,277.64,25421.13,332.34
267174.53,277.43,25459.56,332.30
264308.69,277.64,25382.73,332.38
263273.72,277.72,25459.56,332.30
265607.75,277.55,25459.56,332.30
265607.75,277.55,25459.56,332.30
264827.56,277.60,25152.81,332.64
264827.56,277.60,25038.17,332.76
265347.44,277.56,25382.73,332.38
264827.56,277.60,25613.50,332.13
264568.03,277.62,25000.00,332.81
267436.47,277.41,25382.73,332.38
264568.03,277.62,25229.36,332.55
263532.13,277.70,25459.56,332.30
262500.03,277.78,25306.00,332.47
264827.56,277.60,25267.67,332.51
266651.31,277.47,25421.13,332.34
264308.69,277.64,25536.48,332.21
268486.81,277.34,25574.98,332.17
264568.03,277.62,25498.01,332.25
261728.38,277.83,25344.35,332.42
264308.69,277.64,25382.73,332.38
266129.06,277.51,25498.01,332.25
266651.31,277.47,25459.56,332.30
264827.56,277.60,25498.01,332.25
265868.25,277.53,25536.48,332.21
266651.31,277.47,25459.56,332.30
264827.56,277.60,25344.35,332.42
265087.41,277.58,25421.13,332.34
266129.06,277.51,25267.67,332.51
266651.31,277.47,24392.46,333.50
266390.03,277.49,25421.13,332.34
264827.56,277.60,25421.13,332.34
264827.56,277.60,25498.01,332.25
265347.44,277.56,25459.56,332.30
264049.59,277.66,25459.56,332.30
265347.44,277.56,25498.01,332.25
267698.72,277.39,25421.13,332.34
264568.03,277.62,25267.67,332.51
266129.06,277.51,25382.73,332.38
262242.53,277.79,25152.81,332.64
267436.47,277.41,25267.67,332.51
267961.16,277.37,25459.56,332.30
266390.03,277.49,25536.48,332.21
263532.13,277.70,25459.56,332.30
265868.25,277.53,25574.98,332.17
267961.16,277.37,25613.50,332.13
266390.03,277.49,25806.45,331.92
265607.75,277.55,25690.61,332.04
264308.69,277.64,25690.61,332.04
261471.67,277.85,25536.48,332.21
265087.41,277.58,25845.12,331.88
263790.72,277.68,25421.13,332.34
261985.39,277.81,25382.73,332.38
269013.41,277.30,25613.50,332.13
264827.56,277.60,25767.81,331.96
263015.59,277.74,25306.00,332.47
267174.53,277.43,25690.61,332.04
266651.31,277.47,25459.56,332.30
265087.41,277.58,25498.01,332.25
263790.72,277.68,25459.56,332.30
264827.56,277.60,25922.51,331.79
268750.03,277.32,25574.98,332.17
264308.69,277.64,25498.01,332.25
265607.75,277.55,25729.20,332.00
266390.03,277.49,25536.48,332.21
264308.69,277.64,25690.61,332.04
265607.75,277.55,25498.01,332.25
264308.69,277.64,25613.50,332.13
264568.03,277.62,25536.48,332.21
266129.06,277.51,25382.73,332.38
264827.56,277.60,25690.61,332.04
264827.56,277.60,25613.50,332.13
265087.41,277.58,25652.04,332.09
264568.03,277.62,25574.98,332.17
265087.41,277.58,25459.56,332.30
262500.03,277.78,25536.48,332.21
266390.03,277.49,25574.98,332.17
266390.03,277.49,25536.48,332.21
262500.03,277.78,25613.50,332.13
264827.56,277.60,25536.48,332.21
264049.59,277.66,25382.73,332.38
259681.08,277.99,25421.13,332.34
264308.69,277.64,25459.56,332.30
266129.06,277.51,25382.73,332.38
264827.56,277.60,25267.67,332.51
265347.44,277.56,25306.00,332.47
265868.25,277.53,25306.00,332.47
263015.59,277.74,25382.73,332.38
264568.03,277.62,25152.81,332.64
264568.03,277.62,25152.81,332.64
262242.53,277.79,25267.67,332.51
263273.72,277.72,25229.36,332.55
264568.03,277.62,25306.00,332.47
266651.31,277.47,25267.67,332.51
264568.03,277.62,25114.57,332.68
264827.56,277.60,25000.00,332.81
264827.56,277.60,25152.81,332.64
266129.06,277.51,25152.81,332.64
266390.03,277.49,25152.81,332.64
265087.41,277.58,25152.81,332.64
264568.03,277.62,24619.60,333.24
264568.03,277.62,25344.35,332.42
265087.41,277.58,25152.81,332.64
264827.56,277.60,25152.81,332.64
264049.59,277.66,24885.64,332.94
262757.66,277.76,25038.17,332.76
266390.03,277.49,25076.36,332.72
267174.53,277.43,25152.81,332.64
264568.03,277.62,25152.81,332.64
264049.59,277.66,24885.64,332.94
264568.03,277.62,25076.36,332.72
266129.06,277.51,25306.00,332.47
262500.03,277.78,25229.36,332.55
263015.59,277.74,25229.36,332.55
263532.13,277.70,25459.56,332.30
264827.56,277.60,25152.81,332.64
265607.75,277.55,25382.73,332.38
266129.06,277.51,25038.17,332.76
266390.03,277.49,25267.67,332.51
265607.75,277.55,25267.67,332.51
264827.56,277.60,25344.35,332.42
266129.06,277.51,25421.13,332.34
264827.56,277.60,25114.57,332.68
266129.06,277.51,25382.73,332.38
267174.53,277.43,25344.35,332.42
264308.69,277.64,25000.00,332.81
265607.75,277.55,25152.81,332.64
265607.75,277.55,25267.67,332.51
265607.75,277.55,25114.57,332.68
263273.72,277.72,25267.67,332.51
264827.56,277.60,25229.36,332.55
264568.03,277.62,25229.36,332.55
267174.53,277.43,25306.00,332.47
264827.56,277.60,25382.73,332.38
267174.53,277.43,25421.13,332.34
266651.31,277.47,25536.48,332.21
267174.53,277.43,25421.13,332.34
265347.44,277.56,25459.56,332.30
262500.03,277.78,25267.67,332.51
265347.44,277.56,25306.00,332.47
264827.56,277.60,25306.00,332.47
265868.25,277.53,25306.00,332.47
264049.59,277.66,25152.81,332.64
266390.03,277.49,25267.67,332.51
266390.03,277.49,25229.36,332.55
261215.16,277.87,25000.00,332.81
266390.03,277.49,25229.36,332.55
267436.47,277.41,25114.57,332.68
267174.53,277.43,25152.81,332.64
264568.03,277.62,25152.81,332.64
266129.06,277.51,25152.81,332.64
265868.25,277.53,25267.67,332.51
264568.03,277.62,25152.81,332.64
264049.59,277.66,24771.48,333.06
264308.69,277.64,25076.36,332.72
266390.03,277.49,25229.36,332.55
265607.75,277.55,25038.17,332.76
264568.03,277.62,25421.13,332.34
265607.75,277.55,25229.36,332.55
265607.75,277.55,25076.36,332.72
263015.59,277.74,24923.73,332.89
264308.69,277.64,24961.86,332.85
265087.41,277.58,24923.73,332.89
265607.75,277.55,25152.81,332.64
267436.47,277.41,24885.64,332.94
264827.56,277.60,25076.36,332.72
266390.03,277.49,25114.57,332.68
266129.06,277.51,24961.86,332.85
265087.41,277.58,25267.67,332.51
264568.03,277.62,25152.81,332.64
267436.47,277.41,25267.67,332.51
267698.72,277.39,25306.00,332.47
265347.44,277.56,24885.64,332.94
264827.56,277.60,24885.64,332.94
264827.56,277.60,25000.00,332.81
266129.06,277.51,25229.36,332.55
265347.44,277.56,25306.00,332.47
265087.41,277.58,25000.00,332.81
262242.53,277.79,25382.73,332.38
265868.25,277.53,25421.13,332.34
265087.41,277.58,25459.56,332.30
265347.44,277.56,25459.56,332.30
264568.03,277.62,25000.00,332.81
265087.41,277.58,24923.73,332.89
265347.44,277.56,25344.35,332.42
266129.06,277.51,25267.67,332.51
265347.44,277.56,25344.35,332.42
264049.59,277.66,25306.00,332.47
264049.59,277.66,25191.07,332.59
265607.75,277.55,25152.81,332.64
264568.03,277.62,25152.81,332.64
267174.53,277.43,25152.81,332.64
264308.69,277.64,24961.86,332.85
265607.75,277.55,25076.36,332.72
266651.31,277.47,24543.79,333.32
267961.16,277.37,25306.00,332.47
263273.72,277.72,25114.57,332.68
265607.75,277.55,25000.00,332.81
264049.59,277.66,25229.36,332.55
266129.06,277.51,25152.81,332.64
265868.25,277.53,25152.81,332.64
265868.25,277.53,25229.36,332.55
265087.41,277.58,25076.36,332.72
263532.13,277.70,25000.00,332.81
264308.69,277.64,25038.17,332.76
265607.75,277.55,25076.36,332.72
266651.31,277.47,25191.07,332.59
263273.72,277.72,24961.86,332.85
265347.44,277.56,25152.81,332.64
265347.44,277.56,25114.57,332.68
268223.88,277.35,25191.07,332.59
265347.44,277.56,25076.36,332.72
266651.31,277.47,24923.73,332.89
265087.41,277.58,25076.36,332.72
264049.59,277.66,25114.57,332.68
265607.75,277.55,25114.57,332.68
265607.75,277.55,25038.17,332.76
265087.41,277.58,24923.73,332.89
266390.03,277.49,24885.64,332.94
264827.56,277.60,25000.00,332.81
265087.41,277.58,25076.36,332.72
261985.39,277.81,24961.86,332.85
263532.13,277.70,25114.57,332.68
263015.59,277.74,25152.81,332.64
264568.03,277.62,25152.81,332.64
263273.72,277.72,24885.64,332.94
266390.03,277.49,25000.00,332.81
265347.44,277.56,25152.81,332.64
265347.44,277.56,25229.36,332.55
264308.69,277.64,25306.00,332.47
264827.56,277.60,24657.54,333.19
264568.03,277.62,24885.64,332.94
265607.75,277.55,25114.57,332.68
265347.44,277.56,24961.86,332.85
266390.03,277.49,24961.86,332.85
265087.41,277.58,25114.57,332.68
265607.75,277.55,24923.73,332.89
267961.16,277.37,24961.86,332.85
264827.56,277.60,25000.00,332.81
265087.41,277.58,24961.86,332.85
265087.41,277.58,25076.36,332.72
263273.72,277.72,24923.73,332.89
267698.72,277.39,25076.36,332.72
265868.25,277.53,24961.86,332.85
265347.44,277.56,24885.64,332.94
265607.75,277.55,25000.00,332.81
266129.06,277.51,25306.00,332.47
266651.31,277.47,25229.36,332.55
264827.56,277.60,25229.36,332.55
264827.56,277.60,25114.57,332.68
266390.03,277.49,25690.61,332.04
266651.31,277.47,24885.64,332.94
261471.67,277.85,25114.57,332.68
265607.75,277.55,25000.00,332.81
266129.06,277.51,25076.36,332.72
265868.25,277.53,25114.57,332.68
265607.75,277.55,25076.36,332.72
266390.03,277.49,25267.67,332.51
264049.59,277.66,25229.36,332.55
265607.75,277.55,25267.67,332.51
266390.03,277.49,24885.64,332.94
264568.03,277.62,24961.86,332.85
264827.56,277.60,25344.35,332.42
267436.47,277.41,25152.81,332.64
266390.03,277.49,25152.81,332.64
264568.03,277.62,25076.36,332.72
261985.39,277.81,25076.36,332.72
264568.03,277.62,25152.81,332.64
267698.72,277.39,25382.73,332.38
264049.59,277.66,25267.67,332.51
266129.06,277.51,25421.13,332.34
265087.41,277.58,25922.51,331.79
265607.75,277.55,25498.01,332.25
265347.44,277.56,25421.13,332.34
266390.03,277.49,25459.56,332.30
266129.06,277.51,25344.35,332.42
266129.06,277.51,25306.00,332.47
264827.56,277.60,25152.81,332.64
265087.41,277.58,25306.00,332.47
266390.03,277.49,25421.13,332.34
265868.25,277.53,25152.81,332.64
263532.13,277.70,24923.73,332.89
266651.31,277.47,25152.81,332.64
266390.03,277.49,25152.81,332.64
268486.81,277.34,25344.35,332.42
265087.41,277.58,25267.67,332.51
264827.56,277.60,24923.73,332.89
266129.06,277.51,25114.57,332.68
263532.13,277.70,24923.73,332.89
264049.59,277.66,24961.86,332.85
267174.53,277.43,24885.64,332.94
268486.81,277.34,25076.36,332.72
264827.56,277.60,24809.51,333.02
264568.03,277.62,24923.73,332.89
266390.03,277.49,25152.81,332.64
265087.41,277.58,25152.81,332.64
267436.47,277.41,25076.36,332.72
266129.06,277.51,25000.00,332.81
264827.56,277.60,25000.00,332.81
267174.53,277.43,24961.86,332.85
266651.31,277.47,24961.86,332.85
266129.06,277.51,24885.64,332.94
265607.75,277.55,24885.64,332.94
266390.03,277.49,25076.36,332.72
265607.75,277.55,25038.17,332.76
266129.06,277.51,25000.00,332.81
265087.41,277.58,24923.73,332.89
266912.78,277.45,24961.86,332.85
265087.41,277.58,24923.73,332.89
265607.75,277.55,25076.36,332.72
266651.31,277.47,25000.00,332.81
267698.72,277.39,25306.00,332.47
268486.81,277.34,25000.00,332.81
264568.03,277.62,25267.67,332.51
266129.06,277.51,25076.36,332.72
264308.69,277.64,25267.67,332.51
266129.06,277.51,25229.36,332.55
266651.31,277.47,25306.00,332.47
267698.72,277.39,25000.00,332.81
263532.13,277.70,25229.36,332.55
266390.03,277.49,24961.86,332.85
266651.31,277.47,25038.17,332.76
264308.69,277.64,24619.60,333.24
264568.03,277.62,24771.48,333.06
264568.03,277.62,25306.00,332.47
265347.44,277.56,25306.00,332.47
262500.03,277.78,25076.36,332.72
264568.03,277.62,25344.35,332.42
266651.31,277.47,25267.67,332.51
266651.31,277.47,25114.57,332.68
264568.03,277.62,25382.73,332.38
264308.69,277.64,25421.13,332.34
262242.53,277.79,25459.56,332.30
265607.75,277.55,25498.01,332.25
265607.75,277.55,25652.04,332.09
266129.06,277.51,25613.50,332.13
264308.69,277.64,25729.20,332.00
263273.72,277.72,25690.61,332.04
263790.72,277.68,25421.13,332.34
262242.53,277.79,25574.98,332.17
265607.75,277.55,25690.61,332.04
266129.06,277.51,25459.56,332.30
268223.88,277.35,25459.56,332.30
264568.03,277.62,25613.50,332.13
266912.78,277.45,25459.56,332.30
266390.03,277.49,25498.01,332.25
267436.47,277.41,25382.73,332.38
263532.13,277.70,25536.48,332.21
265087.41,277.58,25498.01,332.25
266651.31,277.47,25613.50,332.13
265087.41,277.58,25613.50,332.13
267698.72,277.39,25767.81,331.96
264827.56,277.60,25690.61,332.04
265868.25,277.53,26349.89,331.34
266651.31,277.47,25690.61,332.04
266129.06,277.51,25613.50,332.13
266129.06,277.51,25459.56,332.30
264568.03,277.62,25421.13,332.34
264827.56,277.60,25459.56,332.30
264568.03,277.62,25498.01,332.25
266129.06,277.51,25613.50,332.13
267698.72,277.39,25613.50,332.13
265087.41,277.58,25574.98,332.17
266129.06,277.51,25613.50,332.13
265347.44,277.56,25767.81,331.96
266390.03,277.49,25690.61,332.04
267436.47,277.41,25652.04,332.09
267174.53,277.43,25613.50,332.13
265087.41,277.58,25574.98,332.17
265347.44,277.56,25574.98,332.17
266912.78,277.45,25459.56,332.30
264568.03,277.62,25498.01,332.25
268486.81,277.34,25574.98,332.17
266651.31,277.47,25459.56,332.30
265087.41,277.58,25421.13,332.34
265087.41,277.58,25344.35,332.42
264827.56,277.60,25574.98,332.17
266651.31,277.47,25459.56,332.30
266651.31,277.47,25421.13,332.34
267698.72,277.39,25382.73,332.38
264568.03,277.62,25344.35,332.42
265087.41,277.58,25306.00,332.47
264827.56,277.60,25152.81,332.64
265347.44,277.56,25229.36,332.55
267961.16,277.37,25459.56,332.30
264827.56,277.60,25382.73,332.38
264568.03,277.62,25267.67,332.51
266390.03,277.49,25076.36,332.72
266129.06,277.51,25038.17,332.76
265607.75,277.55,25421.13,332.34
266651.31,277.47,25076.36,332.72
265607.75,277.55,24923.73,332.89
266390.03,277.49,25306.00,332.47
265347.44,277.56,25306.00,332.47
265607.75,277.55,25421.13,332.34
264308.69,277.64,25613.50,332.13
261985.39,277.81,25459.56,332.30
263532.13,277.70,25459.56,332.30
268750.03,277.32,25498.01,332.25
268750.03,277.32,25382.73,332.38
265087.41,277.58,25459.56,332.30
264568.03,277.62,25306.00,332.47
265868.25,277.53,25459.56,332.30
269013.41,277.30,25306.00,332.47
265607.75,277.55,25459.56,332.30
266651.31,277.47,25267.67,332.51
266390.03,277.49,25382.73,332.38
267436.47,277.41,25382.73,332.38
266390.03,277.49,25229.36,332.55
267436.47,277.41,25306.00,332.47
266651.31,277.47,25306.00,332.47
265087.41,277.58,25229.36,332.55
264568.03,277.62,25114.57,332.68
264308.69,277.64,25459.56,332.30
264568.03,277.62,24885.64,332.94
265607.75,277.55,25229.36,332.55
264568.03,277.62,25382.73,332.38
265607.75,277.55,25267.67,332.51
266390.03,277.49,25191.07,332.59
267174.53,277.43,25152.81,332.64
264827.56,277.60,25076.36,332.72
263532.13,277.70,25191.07,332.59
266912.78,277.45,25267.67,332.51
265607.75,277.55,25152.81,332.64
266651.31,277.47,25306.00,332.47
268223.88,277.35,25306.00,332.47
267698.72,277.39,25152.81,332.64
266912.78,277.45,25000.00,332.81
266651.31,277.47,25114.57,332.68
265087.41,277.58,25114.57,332.68
266651.31,277.47,25114.57,332.68
263532.13,277.70,25191.07,332.59
265087.41,277.58,25152.81,332.64
260958.92,277.89,24885.64,332.94
264308.69,277.64,25152.81,332.64
266129.06,277.51,24961.86,332.85
265087.41,277.58,24923.73,332.89
265347.44,277.56,24392.46,333.50
266129.06,277.51,25229.36,332.55
265087.41,277.58,24885.64,332.94
266651.31,277.47,25114.57,332.68
264308.69,277.64,25114.57,332.68
265087.41,277.58,25267.67,332.51
265087.41,277.58,25382.73,332.38
264827.56,277.60,25152.81,332.64
264568.03,277.62,25267.67,332.51
266129.06,277.51,25421.13,332.34
265607.75,277.55,24923.73,332.89
264049.59,277.66,25306.00,332.47
266651.31,277.47,25498.01,332.25
266651.31,277.47,25382.73,332.38
265087.41,277.58,25421.13,332.34
266129.06,277.51,25421.13,332.34
268750.03,277.32,25267.67,332.51
265087.41,277.58,25267.67,332.51
264827.56,277.60,25306.00,332.47
266129.06,277.51,25229.36,332.55
267698.72,277.39,25267.67,332.51
265087.41,277.58,25306.00,332.47
264568.03,277.62,25382.73,332.38
265607.75,277.55,25306.00,332.47
266129.06,277.51,25267.67,332.51
265347.44,277.56,25076.36,332.72
263532.13,277.70,25076.36,332.72
266390.03,277.49,25306.00,332.47
265607.75,277.55,25267.67,332.51
266651.31,277.47,24923.73,332.89
267436.47,277.41,24771.48,333.06
268223.88,277.35,24619.60,333.24
264568.03,277.62,25229.36,332.55
264568.03,277.62,24961.86,332.85
265607.75,277.55,25000.00,332.81
266390.03,277.49,24923.73,332.89
265087.41,277.58,25000.00,332.81
267174.53,277.43,25000.00,332.81
269013.41,277.30,25229.36,332.55
267174.53,277.43,25038.17,332.76
264568.03,277.62,25229.36,332.55
266651.31,277.47,25152.81,332.64
266129.06,277.51,25152.81,332.64
264568.03,277.62,25306.00,332.47
266129.06,277.51,25114.57,332.68
267436.47,277.41,25229.36,332.55
265087.41,277.58,25114.57,332.68
264568.03,277.62,25076.36,332.72
263532.13,277.70,25076.36,332.72
266390.03,277.49,25114.57,332.68
266651.31,277.47,25076.36,332.72
265607.75,277.55,25000.00,332.81
266651.31,277.47,25000.00,332.81
267436.47,277.41,25038.17,332.76
267698.72,277.39,25000.00,332.81
266651.31,277.47,24923.73,332.89
264827.56,277.60,24923.73,332.89
266390.03,277.49,25114.57,332.68
263532.13,277.70,24923.73,332.89
264827.56,277.60,25267.67,332.51
264568.03,277.62,25152.81,332.64
266651.31,277.47,25114.57,332.68
262500.03,277.78,24923.73,332.89
264827.56,277.60,25000.00,332.81
265087.41,277.58,24923.73,332.89
266129.06,277.51,25000.00,332.81
267698.72,277.39,25000.00,332.81
265087.41,277.58,24923.73,332.89
267698.72,277.39,25229.36,332.55
265607.75,277.55,25114.57,332.68
262500.03,277.78,24923.73,332.89
263015.59,277.74,25000.00,332.81
265868.25,277.53,24923.73,332.89
264308.69,277.64,24923.73,332.89
264827.56,277.60,24923.73,332.89
264568.03,277.62,24923.73,332.89
263015.59,277.74,24885.64,332.94
266390.03,277.49,25000.00,332.81
266129.06,277.51,24885.64,332.94
265347.44,277.56,24885.64,332.94
264049.59,277.66,24961.86,332.85
267436.47,277.41,25076.36,332.72
264568.03,277.62,25152.81,332.64
265347.44,277.56,24961.86,332.85
265087.41,277.58,25152.81,332.64
265607.75,277.55,25306.00,332.47
265347.44,277.56,25229.36,332.55
267698.72,277.39,25152.81,332.64
266651.31,277.47,24923.73,332.89
263273.72,277.72,24923.73,332.89
269013.41,277.30,25038.17,332.76
269013.41,277.30,25076.36,332.72
268223.88,277.35,25267.67,332.51
266651.31,277.47,25306.00,332.47
265607.75,277.55,25229.36,332.55
266651.31,277.47,25344.35,332.42
265347.44,277.56,25306.00,332.47
265868.25,277.53,25267.67,332.51
265607.75,277.55,25229.36,332.55
268223.88,277.35,25306.00,332.47
267698.72,277.39,25000.00,332.81
265868.25,277.53,25114.57,332.68
265347.44,277.56,25114.57,332.68
266390.03,277.49,24695.49,333.15
266651.31,277.47,25152.81,332.64
264827.56,277.60,24923.73,332.89
266129.06,277.51,24961.86,332.85
267174.53,277.43,24923.73,332.89
266651.31,277.47,25114.57,332.68
264568.03,277.62,25000.00,332.81
266390.03,277.49,25229.36,332.55
268486.81,277.34,25038.17,332.76
264308.69,277.64,25076.36,332.72
265607.75,277.55,25152.81,332.64
265087.41,277.58,25000.00,332.81
265607.75,277.55,25267.67,332.51
267436.47,277.41,25152.81,332.64
265347.44,277.56,25152.81,332.64
266129.06,277.51,25306.00,332.47
265347.44,277.56,25267.67,332.51
263532.13,277.70,25229.36,332.55
266390.03,277.49,25382.73,332.38
265347.44,277.56,25498.01,332.25
265607.75,277.55,25536.48,332.21
266390.03,277.49,25574.98,332.17
264568.03,277.62,25459.56,332.30
265087.41,277.58,25152.81,332.64
267698.72,277.39,25382.73,332.38
265087.41,277.58,25152.81,332.64
263015.59,277.74,25000.00,332.81
265607.75,277.55,25498.01,332.25
264827.56,277.60,25344.35,332.42
264827.56,277.60,25459.56,332.30
267436.47,277.41,25152.81,332.64
264568.03,277.62,24923.73,332.89
266651.31,277.47,25421.13,332.34
266651.31,277.47,25459.56,332.30
264827.56,277.60,25306.00,332.47
264827.56,277.60,25306.00,332.47
268750.03,277.32,25152.81,332.64
267436.47,277.41,25382.73,332.38
266651.31,277.47,25038.17,332.76
265868.25,277.53,25306.00,332.47
264568.03,277.62,25114.57,332.68
266912.78,277.45,25459.56,332.30
265347.44,277.56,25229.36,332.55
265347.44,277.56,25498.01,332.25
268486.81,277.34,25459.56,332.30
265607.75,277.55,25459.56,332.30
265868.25,277.53,25267.67,332.51
265087.41,277.58,25382.73,332.38
268750.03,277.32,25152.81,332.64
265347.44,277.56,25306.00,332.47
263532.13,277.70,25152.81,332.64
263532.13,277.70,26116.41,331.59
266912.78,277.45,25306.00,332.47
264827.56,277.60,25076.36,332.72
266129.06,277.51,25076.36,332.72
266390.03,277.49,25000.00,332.81
265347.44,277.56,24961.86,332.85
267174.53,277.43,24923.73,332.89
263015.59,277.74,24885.64,332.94
265868.25,277.53,25000.00,332.81
268223.88,277.35,24961.86,332.85
267698.72,277.39,25267.67,332.51
264827.56,277.60,24961.86,332.85
267436.47,277.41,25267.67,332.51
265607.75,277.55,25076.36,332.72
265087.41,277.58,25229.36,332.55
267436.47,277.41,25152.81,332.64
269013.41,277.30,24961.86,332.85
267174.53,277.43,24961.86,332.85
264049.59,277.66,25267.67,332.51
264827.56,277.60,24961.86,332.85
264568.03,277.62,25191.07,332.59
265607.75,277.55,24961.86,332.85
264568.03,277.62,24885.64,332.94
265347.44,277.56,25000.00,332.81
266390.03,277.49,24923.73,332.89
266390.03,277.49,24885.64,332.94
265087.41,277.58,24885.64,332.94
266129.06,277.51,24885.64,332.94
263532.13,277.70,24923.73,332.89
264568.03,277.62,24885.64,332.94
265087.41,277.58,24847.56,332.98
268223.88,277.35,24961.86,332.85
267698.72,277.39,25000.00,332.81
264827.56,277.60,24961.86,332.85
265347.44,277.56,24923.73,332.89
268486.81,277.34,25152.81,332.64
269013.41,277.30,24695.49,333.15
264568.03,277.62,24885.64,332.94
265347.44,277.56,24885.64,332.94
267436.47,277.41,24885.64,332.94
266129.06,277.51,24961.86,332.85
266129.06,277.51,24847.56,332.98
266651.31,277.47,24961.86,332.85
265087.41,277.58,24885.64,332.94
265087.41,277.58,24961.86,332.85
264568.03,277.62,25076.36,332.72
262500.03,277.78,24885.64,332.94
265347.44,277.56,25267.67,332.51
269013.41,277.30,25382.73,332.38
265087.41,277.58,25152.81,332.64
262500.03,277.78,25076.36,332.72
264827.56,277.60,25114.57,332.68
262500.03,277.78,25000.00,332.81
265868.25,277.53,25229.36,332.55
265087.41,277.58,25229.36,332.55
263532.13,277.70,25038.17,332.76
265347.44,277.56,25152.81,332.64
265607.75,277.55,25536.48,332.21
265347.44,277.56,25536.48,332.21
267436.47,277.41,25382.73,332.38
265087.41,277.58,25152.81,332.64
264827.56,277.60,25114.57,332.68
269013.41,277.30,25267.67,332.51
267698.72,277.39,25459.56,332.30
265868.25,277.53,25459.56,332.30
265607.75,277.55,25421.13,332.34
264049.59,277.66,25421.13,332.34
265087.41,277.58,25459.56,332.30
267174.53,277.43,25922.51,331.79
265087.41,277.58,25459.56,332.30
266912.78,277.45,25613.50,332.13
267174.53,277.43,25421.13,332.34
265087.41,277.58,25421.13,332.34
266390.03,277.49,25536.48,332.21
266651.31,277.47,25382.73,332.38
265347.44,277.56,25306.00,332.47
264827.56,277.60,25382.73,332.38
266390.03,277.49,25152.81,332.64
266129.06,277.51,25767.81,331.96
266390.03,277.49,25459.56,332.30
262242.53,277.79,25152.81,332.64
267174.53,277.43,25267.67,332.51
266390.03,277.49,25114.57,332.68
265347.44,277.56,25229.36,332.55
265607.75,277.55,25306.00,332.47
264049.59,277.66,25267.67,332.51
264827.56,277.60,25076.36,332.72
267174.53,277.43,25152.81,332.64
264049.59,277.66,25152.81,332.64
262500.03,277.78,25344.35,332.42
263532.13,277.70,25267.67,332.51
262500.03,277.78,25114.57,332.68
265347.44,277.56,25306.00,332.47
269013.41,277.30,25459.56,332.30
264827.56,277.60,25229.36,332.55
264049.59,277.66,25000.00,332.81
265087.41,277.58,25038.17,332.76
267698.72,277.39,25114.57,332.68
265087.41,277.58,25000.00,332.81
266390.03,277.49,24657.54,333.19
267698.72,277.39,25421.13,332.34
262242.53,277.79,25000.00,332.81
264827.56,277.60,25000.00,332.81
265087.41,277.58,25114.57,332.68
264049.59,277.66,25000.00,332.81
263273.72,277.72,25114.57,332.68
265868.25,277.53,25152.81,332.64
262500.03,277.78,24885.64,332.94
267698.72,277.39,25306.00,332.47
264827.56,277.60,25767.81,331.96
264827.56,277.60,25306.00,332.47
265087.41,277.58,25114.57,332.68
266129.06,277.51,25152.81,332.64
268486.81,277.34,25267.67,332.51
267174.53,277.43,25114.57,332.68
262500.03,277.78,24923.73,332.89
265347.44,277.56,25152.81,332.64
266651.31,277.47,25076.36,332.72
267174.53,277.43,25229.36,332.55
267174.53,277.43,25000.00,332.81
265347.44,277.56,25076.36,332.72
264049.59,277.66,24961.86,332.85
266129.06,277.51,25076.36,332.72
267174.53,277.43,25076.36,332.72
263532.13,277.70,24885.64,332.94
266129.06,277.51,24885.64,332.94
265347.44,277.56,25076.36,332.72
265607.75,277.55,25076.36,332.72
264308.69,277.64,25076.36,332.72
265347.44,277.56,25114.57,332.68
266651.31,277.47,25498.01,332.25
264827.56,277.60,25152.81,332.64
264827.56,277.60,25076.36,332.72
264568.03,277.62,25000.00,332.81
265607.75,277.55,25114.57,332.68
266129.06,277.51,25076.36,332.72
263015.59,277.74,25000.00,332.81
266651.31,277.47,25000.00,332.81
266390.03,277.49,25076.36,332.72
264049.59,277.66,25000.00,332.81
265347.44,277.56,25152.81,332.64
262242.53,277.79,24923.73,332.89
264827.56,277.60,25076.36,332.72
267961.16,277.37,25267.67,332.51
264827.56,277.60,25344.35,332.42
261985.39,277.81,24961.86,332.85
265347.44,277.56,25000.00,332.81
265347.44,277.56,25076.36,332.72
264827.56,277.60,24923.73,332.89
261471.67,277.85,25038.17,332.76
266651.31,277.47,24885.64,332.94
265087.41,277.58,25038.17,332.76
266390.03,277.49,25000.00,332.81
265607.75,277.55,25076.36,332.72
266390.03,277.49,25076.36,332.72
265087.41,277.58,24923.73,332.89
264568.03,277.62,24961.86,332.85
265347.44,277.56,24923.73,332.89
265607.75,277.55,25000.00,332.81
265347.44,277.56,25076.36,332.72
264568.03,277.62,25038.17,332.76
265087.41,277.58,24961.86,332.85
264568.03,277.62,24505.93,333.37
261985.39,277.81,24885.64,332.94
266390.03,277.49,24961.86,332.85
264827.56,277.60,24847.56,332.98
266390.03,277.49,24885.64,332.94
264568.03,277.62,24923.73,332.89
263273.72,277.72,24885.64,332.94
269013.41,277.30,25152.81,332.64
267698.72,277.39,25114.57,332.68
264308.69,277.64,24923.73,332.89
264827.56,277.60,24885.64,332.94
264827.56,277.60,25076.36,332.72
264049.59,277.66,24847.56,332.98
262500.03,277.78,24885.64,332.94
266129.06,277.51,24923.73,332.89
264568.03,277.62,24923.73,332.89
264568.03,277.62,24885.64,332.94
266129.06,277.51,25000.00,332.81
265087.41,277.58,25076.36,332.72
267174.53,277.43,25306.00,332.47
264568.03,277.62,25000.00,332.81
262242.53,277.79,24923.73,332.89
266651.31,277.47,25267.67,332.51
262500.03,277.78,24923.73,332.89
267698.72,277.39,25000.00,332.81
269013.41,277.30,25038.17,332.76
264568.03,277.62,24961.86,332.85
265607.75,277.55,25000.00,332.81
268486.81,277.34,24961.86,332.85
264568.03,277.62,24885.64,332.94
267436.47,277.41,25000.00,332.81
264827.56,277.60,24885.64,332.94
261985.39,277.81,24885.64,332.94
267698.72,277.39,24923.73,332.89
265347.44,277.56,25076.36,332.72
264568.03,277.62,24923.73,332.89
263532.13,277.70,24885.64,332.94
264827.56,277.60,25076.36,332.72
267174.53,277.43,25306.00,332.47
267436.47,277.41,25229.36,332.55
265607.75,277.55,25382.73,332.38
264827.56,277.60,25459.56,332.30
266129.06,277.51,25306.00,332.47
265607.75,277.55,25152.81,332.64
262242.53,277.79,25152.81,332.64
266129.06,277.51,25114.57,332.68
264568.03,277.62,25076.36,332.72
264049.59,277.66,25191.07,332.59
263532.13,277.70,25076.36,332.72
267698.72,277.39,25000.00,332.81
266651.31,277.47,24923.73,332.89
265087.41,277.58,25038.17,332.76
264568.03,277.62,25114.57,332.68
262500.03,277.78,24885.64,332.94
265607.75,277.55,24885.64,332.94
264049.59,277.66,24923.73,332.89
265347.44,277.56,24961.86,332.85
266651.31,277.47,25114.57,332.68
264827.56,277.60,24923.73,332.89
268486.81,277.34,24885.64,332.94
264827.56,277.60,24923.73,332.89
264568.03,277.62,24923.73,332.89
267436.47,277.41,24771.48,333.06
264827.56,277.60,24961.86,332.85
269013.41,277.30,24885.64,332.94
267174.53,277.43,24923.73,332.89
265087.41,277.58,24885.64,332.94
265347.44,277.56,24885.64,332.94
264568.03,277.62,24847.56,332.98
266129.06,277.51,25076.36,332.72
266390.03,277.49,25000.00,332.81
264827.56,277.60,24923.73,332.89
264827.56,277.60,25152.81,332.64
266651.31,277.47,25000.00,332.81
266390.03,277.49,25000.00,332.81
264568.03,277.62,24961.86,332.85
264568.03,277.62,24923.73,332.89
265607.75,277.55,25038.17,332.76
268750.03,277.32,25421.13,332.34
265347.44,277.56,25229.36,332.55
267436.47,277.41,25152.81,332.64
266651.31,277.47,25114.57,332.68
263532.13,277.70,25229.36,332.55
272994.44,277.01,24885.64,332.94
266651.31,277.47,24961.86,332.85
265607.75,277.55,25076.36,332.72
265347.44,277.56,25114.57,332.68
264568.03,277.62,24885.64,332.94
265087.41,277.58,25152.81,332.64
265347.44,277.56,24961.86,332.85
264308.69,277.64,24923.73,332.89
269277.13,277.28,25114.57,332.68
265347.44,277.56,25114.57,332.68
266390.03,277.49,24885.64,332.94
265607.75,277.55,25152.81,332.64
264827.56,277.60,25306.00,332.47
266129.06,277.51,25267.67,332.51
264049.59,277.66,25076.36,332.72
266129.06,277.51,25306.00,332.47
265607.75,277.55,25114.57,332.68
265607.75,277.55,25038.17,332.76
265087.41,277.58,25114.57,332.68
266390.03,277.49,25038.17,332.76
266390.03,277.49,24961.86,332.85
259171.59,278.03,25922.51,331.79
264568.03,277.62,24923.73,332.89
263273.72,277.72,25038.17,332.76
266129.06,277.51,25152.81,332.64
267698.72,277.39,25076.36,332.72
265087.41,277.58,25076.36,332.72
268223.88,277.35,25000.00,332.81
264827.56,277.60,24923.73,332.89
263790.72,277.68,24885.64,332.94
266129.06,277.51,25114.57,332.68
267436.47,277.41,24885.64,332.94
266912.78,277.45,24847.56,332.98
266129.06,277.51,24885.64,332.94
266651.31,277.47,24885.64,332.94
263532.13,277.70,24885.64,332.94
265607.75,277.55,25076.36,332.72
266390.03,277.49,25038.17,332.76
265347.44,277.56,24885.64,332.94
263532.13,277.70,25038.17,332.76
266912.78,277.45,24923.73,332.89
267698.72,277.39,24885.64,332.94
265087.41,277.58,25076.36,332.72
264827.56,277.60,24923.73,332.89
267174.53,277.43,24923.73,332.89
265607.75,277.55,24923.73,332.89
266129.06,277.51,24885.64,332.94
265087.41,277.58,24923.73,332.89
265607.75,277.55,24961.86,332.85
265347.44,277.56,24923.73,332.89
264568.03,277.62,24885.64,332.94
266129.06,277.51,24961.86,332.85
265087.41,277.58,25076.36,332.72
263273.72,277.72,24923.73,332.89
266651.31,277.47,25076.36,332.72
268223.88,277.35,25076.36,332.72
264568.03,277.62,25000.00,332.81
264568.03,277.62,25076.36,332.72
266390.03,277.49,25114.57,332.68
264827.56,277.60,24923.73,332.89
265607.75,277.55,24923.73,332.89
265607.75,277.55,24923.73,332.89
266651.31,277.47,25152.81,332.64
267698.72,277.39,25076.36,332.72
263532.13,277.70,25152.81,332.64
267174.53,277.43,25076.36,332.72
266651.31,277.47,24923.73,332.89
264568.03,277.62,25114.57,332.68
266129.06,277.51,25152.81,332.64
264308.69,277.64,25114.57,332.68
266129.06,277.51,25306.00,332.47
264568.03,277.62,25152.81,332.64
264308.69,277.64,25076.36,332.72
267698.72,277.39,25000.00,332.81
265868.25,277.53,25114.57,332.68
265868.25,277.53,25114.57,332.68
267436.47,277.41,25000.00,332.81
266390.03,277.49,25152.81,332.64
264827.56,277.60,24923.73,332.89
265087.41,277.58,25076.36,332.72
267961.16,277.37,25114.57,332.68
263015.59,277.74,24961.86,332.85
263273.72,277.72,24923.73,332.89
267961.16,277.37,25076.36,332.72
267961.16,277.37,25267.67,332.51
265607.75,277.55,25114.57,332.68
265868.25,277.53,25152.81,332.64
266651.31,277.47,25152.81,332.64
266129.06,277.51,25267.67,332.51
266129.06,277.51,24961.86,332.85
267436.47,277.41,25191.07,332.59
265607.75,277.55,25344.35,332.42
267961.16,277.37,25344.35,332.42
265087.41,277.58,25267.67,332.51
265868.25,277.53,25459.56,332.30
267436.47,277.41,25306.00,332.47
266129.06,277.51,25152.81,332.64
264308.69,277.64,25152.81,332.64
268223.88,277.35,25382.73,332.38
263532.13,277.70,25382.73,332.38
265347.44,277.56,25498.01,332.25
265607.75,277.55,25421.13,332.34
264568.03,277.62,25152.81,332.64
265347.44,277.56,25306.00,332.47
264568.03,277.62,25038.17,332.76
264827.56,277.60,25152.81,332.64
267436.47,277.41,24923.73,332.89
265347.44,277.56,25076.36,332.72
263532.13,277.70,25152.81,332.64
268223.88,277.35,25267.67,332.51
268223.88,277.35,25267.67,332.51
264049.59,277.66,25076.36,332.72
265347.44,277.56,25306.00,332.47
265868.25,277.53,25267.67,332.51
266129.06,277.51,25229.36,332.55
266651.31,277.47,25114.57,332.68
266651.31,277.47,25152.81,332.64
264568.03,277.62,25229.36,332.55
265087.41,277.58,25000.00,332.81
266390.03,277.49,25229.36,332.55
266651.31,277.47,25229.36,332.55
264308.69,277.64,25267.67,332.51
265087.41,277.58,25152.81,332.64
267436.47,277.41,25152.81,332.64
267436.47,277.41,25076.36,332.72
264568.03,277.62,25459.56,332.30
266651.31,277.47,25382.73,332.38
267698.72,277.39,25152.81,332.64
265087.41,277.58,25152.81,332.64
265607.75,277.55,25076.36,332.72
265607.75,277.55,25000.00,332.81
265347.44,277.56,25152.81,332.64
267436.47,277.41,25114.57,332.68
265607.75,277.55,24961.86,332.85
266390.03,277.49,24923.73,332.89
268750.03,277.32,24885.64,332.94
266129.06,277.51,25229.36,332.55
265607.75,277.55,24885.64,332.94
264308.69,277.64,24923.73,332.89
265087.41,277.58,24923.73,332.89
264827.56,277.60,25229.36,332.55
266390.03,277.49,25114.57,332.68
266129.06,277.51,25000.00,332.81
268486.81,277.34,24885.64,332.94
265347.44,277.56,24885.64,332.94
265868.25,277.53,24809.51,333.02
266129.06,277.51,24241.51,333.67
267436.47,277.41,24354.69,333.54
266390.03,277.49,25076.36,332.72
267174.53,277.43,24961.86,332.85
265087.41,277.58,25000.00,332.81
268750.03,277.32,24961.86,332.85
266651.31,277.47,24885.64,332.94
265347.44,277.56,25000.00,332.81
266651.31,277.47,24923.73,332.89
265607.75,277.55,24885.64,332.94
264568.03,277.62,24923.73,332.89
265347.44,277.56,25000.00,332.81
264568.03,277.62,24885.64,332.94
264049.59,277.66,24885.64,332.94
264049.59,277.66,25000.00,332.81
267436.47,277.41,25000.00,332.81
265087.41,277.58,24961.86,332.85
266651.31,277.47,24885.64,332.94
269013.41,277.30,24885.64,332.94
264049.59,277.66,24923.73,332.89
266390.03,277.49,24961.86,332.85
266651.31,277.47,25152.81,332.64
264827.56,277.60,25000.00,332.81
265087.41,277.58,25191.07,332.59
267436.47,277.41,25229.36,332.55
267436.47,277.41,25382.73,332.38
265347.44,277.56,25000.00,332.81
265087.41,277.58,25229.36,332.55
267961.16,277.37,25306.00,332.47
267436.47,277.41,25152.81,332.64
263273.72,277.72,25114.57,332.68
264049.59,277.66,25382.73,332.38
267174.53,277.43,25459.56,332.30
267436.47,277.41,25459.56,332.30
265607.75,277.55,25536.48,332.21
265087.41,277.58,25382.73,332.38
266651.31,277.47,25613.50,332.13
265087.41,277.58,25536.48,332.21
264049.59,277.66,25267.67,332.51
266390.03,277.49,25152.81,332.64
266390.03,277.49,25459.56,332.30
267698.72,277.39,25267.67,332.51
263790.72,277.68,25152.81,332.64
263273.72,277.72,25000.00,332.81
268486.81,277.34,25191.07,332.59
264827.56,277.60,24961.86,332.85
265607.75,277.55,25076.36,332.72
265087.41,277.58,25038.17,332.76
265087.41,277.58,24885.64,332.94
264568.03,277.62,25344.35,332.42
265607.75,277.55,24885.64,332.94
265607.75,277.55,25000.00,332.81
269013.41,277.30,24847.56,332.98
264568.03,277.62,24619.60,333.24
264827.56,277.60,25000.00,332.81
266651.31,277.47,25076.36,332.72
266129.06,277.51,25038.17,332.76
266129.06,277.51,25152.81,332.64
265607.75,277.55,25076.36,332.72
266129.06,277.51,25076.36,332.72
265087.41,277.58,25000.00,332.81
267436.47,277.41,25000.00,332.81
267174.53,277.43,25038.17,332.76
265868.25,277.53,25076.36,332.72
264827.56,277.60,25076.36,332.72
265607.75,277.55,24961.86,332.85
264049.59,277.66,25038.17,332.76
266390.03,277.49,24885.64,332.94
266129.06,277.51,24885.64,332.94
261985.39,277.81,25152.81,332.64
267698.72,277.39,25306.00,332.47
265868.25,277.53,24885.64,332.94
265607.75,277.55,25076.36,332.72
266390.03,277.49,25076.36,332.72
264827.56,277.60,25229.36,332.55
265087.41,277.58,25114.57,332.68
267436.47,277.41,25114.57,332.68
265347.44,277.56,25229.36,332.55
263015.59,277.74,25229.36,332.55
266129.06,277.51,25459.56,332.30
266129.06,277.51,25267.67,332.51
268223.88,277.35,25114.57,332.68
266129.06,277.51,25459.56,332.30
267436.47,277.41,24923.73,332.89
264827.56,277.60,25306.00,332.47
266390.03,277.49,25459.56,332.30
266651.31,277.47,25306.00,332.47
264827.56,277.60,25267.67,332.51
264827.56,277.60,25421.13,332.34
263273.72,277.72,25000.00,332.81
265347.44,277.56,25382.73,332.38
266129.06,277.51,25267.67,332.51
267174.53,277.43,25306.00,332.47
265607.75,277.55,25114.57,332.68
265087.41,277.58,25229.36,332.55
267174.53,277.43,25382.73,332.38
267174.53,277.43,25152.81,332.64
266129.06,277.51,25267.67,332.51
265607.75,277.55,25267.67,332.51
265868.25,277.53,25114.57,332.68
265087.41,277.58,25229.36,332.55
266651.31,277.47,25191.07,332.59
265607.75,277.55,25306.00,332.47
265607.75,277.55,25076.36,332.72
262500.03,277.78,25152.81,332.64
264827.56,277.60,25152.81,332.64
268223.88,277.35,25152.81,332.64
266390.03,277.49,25267.67,332.51
264308.69,277.64,25229.36,332.55
267174.53,277.43,25267.67,332.51
268750.03,277.32,25267.67,332.51
264827.56,277.60,25229.36,332.55
264568.03,277.62,25382.73,332.38
264568.03,277.62,25152.81,332.64
262500.03,277.78,25000.00,332.81
265347.44,277.56,25076.36,332.72
268223.88,277.35,25191.07,332.59
262500.03,277.78,25114.57,332.68
264827.56,277.60,24885.64,332.94
268486.81,277.34,25076.36,332.72
263273.72,277.72,25038.17,332.76
268223.88,277.35,25114.57,332.68
264827.56,277.60,25000.00,332.81
265607.75,277.55,25076.36,332.72
264827.56,277.60,24923.73,332.89
267174.53,277.43,24885.64,332.94
267436.47,277.41,24961.86,332.85
264308.69,277.64,24923.73,332.89
266129.06,277.51,24923.73,332.89
265607.75,277.55,25152.81,332.64
266651.31,277.47,25076.36,332.72
266129.06,277.51,24885.64,332.94
267174.53,277.43,25076.36,332.72
266129.06,277.51,25114.57,332.68
267174.53,277.43,24961.86,332.85
269013.41,277.30,25076.36,332.72
262500.03,277.78,24961.86,332.85
265868.25,277.53,25000.00,332.81
267698.72,277.39,25038.17,332.76
267174.53,277.43,24885.64,332.94
266390.03,277.49,24885.64,332.94
266912.78,277.45,24961.86,332.85
270599.16,277.18,25152.81,332.64
266390.03,277.49,24847.56,332.98
264827.56,277.60,24885.64,332.94
266129.06,277.51,24885.64,332.94
265607.75,277.55,24885.64,332.94
266129.06,277.51,24885.64,332.94
264827.56,277.60,24923.73,332.89
266390.03,277.49,24847.56,332.98
266651.31,277.47,25152.81,332.64
264827.56,277.60,24885.64,332.94
265087.41,277.58,24885.64,332.94
266129.06,277.51,24847.56,332.98
265607.75,277.55,24809.51,333.02
268223.88,277.35,24847.56,332.98
265607.75,277.55,24847.56,332.98
265607.75,277.55,24847.56,332.98
265347.44,277.56,24885.64,332.94
267436.47,277.41,24847.56,332.98
267436.47,277.41,24923.73,332.89
266129.06,277.51,24885.64,332.94
265607.75,277.55,25421.13,332.34
265347.44,277.56,25152.81,332.64
265347.44,277.56,24885.64,332.94
267698.72,277.39,24885.64,332.94
264827.56,277.60,24885.64,332.94
266390.03,277.49,24885.64,332.94
269013.41,277.30,24847.56,332.98
263790.72,277.68,24809.51,333.02
264568.03,277.62,24885.64,332.94
265087.41,277.58,24809.51,333.02
265087.41,277.58,24885.64,332.94
264308.69,277.64,24885.64,332.94
260958.92,277.89,25114.57,332.68
266129.06,277.51,24923.73,332.89
266651.31,277.47,24923.73,332.89
265607.75,277.55,24847.56,332.98
264308.69,277.64,24847.56,332.98
264049.59,277.66,24923.73,332.89
264827.56,277.60,24923.73,332.89
266129.06,277.51,24885.64,332.94
266651.31,277.47,24923.73,332.89
264568.03,277.62,24885.64,332.94
265607.75,277.55,24392.46,333.50
266129.06,277.51,24885.64,332.94
265607.75,277.55,25076.36,332.72
265347.44,277.56,24923.73,332.89
263532.13,277.70,25382.73,332.38
266390.03,277.49,25000.00,332.81
264568.03,277.62,24923.73,332.89
266651.31,277.47,25114.57,332.68
265347.44,277.56,25267.67,332.51
267174.53,277.43,25229.36,332.55
267436.47,277.41,25038.17,332.76
263532.13,277.70,25114.57,332.68
266390.03,277.49,25114.57,332.68
265607.75,277.55,25076.36,332.72
265347.44,277.56,25267.67,332.51
265347.44,277.56,25229.36,332.55
266390.03,277.49,25382.73,332.38
265087.41,277.58,25267.67,332.51
267436.47,277.41,25114.57,332.68
263532.13,277.70,25114.57,332.68
266390.03,277.49,25229.36,332.55
262500.03,277.78,25114.57,332.68
265347.44,277.56,24961.86,332.85
264308.69,277.64,25152.81,332.64
264308.69,277.64,25000.00,332.81
266129.06,277.51,25152.81,332.64
267698.72,277.39,25152.81,332.64
267436.47,277.41,25229.36,332.55
266651.31,277.47,24961.86,332.85
266390.03,277.49,25267.67,332.51
264827.56,277.60,25114.57,332.68
267961.16,277.37,24885.64,332.94
262242.53,277.79,25191.07,332.59
264827.56,277.60,25267.67,332.51
264827.56,277.60,25114.57,332.68
266390.03,277.49,25306.00,332.47
268486.81,277.34,25306.00,332.47
265347.44,277.56,25382.73,332.38
266390.03,277.49,25267.67,332.51
264049.59,277.66,25306.00,332.47
264827.56,277.60,25382.73,332.38
265607.75,277.55,24923.73,332.89
267436.47,277.41,24923.73,332.89
266390.03,277.49,25459.56,332.30
266651.31,277.47,25421.13,332.34
266390.03,277.49,25421.13,332.34
266129.06,277.51,25229.36,332.55
266129.06,277.51,25038.17,332.76
264568.03,277.62,25152.81,332.64
267174.53,277.43,25191.07,332.59
263015.59,277.74,25114.57,332.68
263532.13,277.70,25038.17,332.76
264568.03,277.62,25114.57,332.68
264827.56,277.60,25114.57,332.68
265087.41,277.58,25114.57,332.68
266651.31,277.47,24885.64,332.94
267174.53,277.43,25344.35,332.42
265347.44,277.56,25076.36,332.72
264827.56,277.60,24961.86,332.85
265868.25,277.53,25038.17,332.76
265607.75,277.55,24923.73,332.89
266129.06,277.51,25000.00,332.81
264308.69,277.64,24885.64,332.94
265607.75,277.55,25076.36,332.72
263532.13,277.70,25000.00,332.81
266651.31,277.47,24885.64,332.94
264308.69,277.64,24923.73,332.89
266129.06,277.51,24885.64,332.94
265087.41,277.58,24847.56,332.98
265868.25,277.53,24885.64,332.94
264568.03,277.62,24885.64,332.94
265868.25,277.53,24885.64,332.94
2