=~=~=~=~=~=~=~=~=~=~=~= PuTTY log 2021.12.09 16:13:11 =~=~=~=~=~=~=~=~=~=~=~=
175241.78,285.90,16434.46,345.00
174507.53,285.99,16401.37,345.06
173592.92,286.10,16368.29,345.12
173958.34,286.05,16335.23,345.18
175425.72,285.88,16335.23,345.18
175058.02,285.92,16335.23,345.18
173592.92,286.10,16368.29,345.12
174690.89,285.96,16368.29,345.12
172318.34,286.25,16368.29,345.12
173958.34,286.05,16368.29,345.12
174141.27,286.03,16533.87,344.82
173592.92,286.10,16368.29,345.12
173775.55,286.07,16533.87,344.82
172318.34,286.25,16434.46,345.00
172318.34,286.25,16335.23,345.18
172863.77,286.18,16401.37,345.06
173775.55,286.07,16335.23,345.18
175241.78,285.90,16401.37,345.06
172863.77,286.18,16368.29,345.12
174324.34,286.01,16401.37,345.06
174690.89,285.96,16500.71,344.88
175425.72,285.88,16368.29,345.12
175058.02,285.92,16533.87,344.82
173958.34,286.05,16533.87,344.82
174141.27,286.03,16500.71,344.88
174324.34,286.01,16533.87,344.82
174324.34,286.01,16600.23,344.70
173775.55,286.07,16567.04,344.76
173958.34,286.05,16467.58,344.94
175978.30,285.81,16533.87,344.82
173592.92,286.10,16666.67,344.58
172136.83,286.27,16666.67,344.58
174874.38,285.94,16833.10,344.28
175058.02,285.92,16733.18,344.46
172500.02,286.23,16600.23,344.70
172136.83,286.27,16500.71,344.88
173592.92,286.10,16699.92,344.52
173958.34,286.05,16733.18,344.46
174690.89,285.96,16766.47,344.40
173410.39,286.12,16833.10,344.28
174324.34,286.01,16833.10,344.28
173410.39,286.12,16269.17,345.31
173228.06,286.14,16799.77,344.34
174690.89,285.96,16733.18,344.46
173228.06,286.14,16533.87,344.82
173592.92,286.10,16733.18,344.46
173592.92,286.10,16600.23,344.70
172863.77,286.18,16600.23,344.70
175241.78,285.90,16533.87,344.82
173775.55,286.07,16600.23,344.70
173775.55,286.07,16567.04,344.76
173228.06,286.14,16533.87,344.82
175425.72,285.88,16434.46,345.00
173958.34,286.05,16533.87,344.82
172136.83,286.27,16401.37,345.06
173775.55,286.07,16401.37,345.06
173958.34,286.05,16368.29,345.12
173958.34,286.05,16368.29,345.12
174324.34,286.01,16401.37,345.06
173958.34,286.05,16368.29,345.12
173592.92,286.10,16368.29,345.12
175058.02,285.92,16368.29,345.12
173228.06,286.14,16005.67,345.80
173775.55,286.07,16368.29,345.12
174324.34,286.01,16368.29,345.12
174324.34,286.01,16269.17,345.31
173045.83,286.16,16269.17,345.31
174690.89,285.96,16368.29,345.12
172863.77,286.18,16302.19,345.24
173045.83,286.16,16335.23,345.18
174141.27,286.03,16302.19,345.24
175058.02,285.92,16368.29,345.12
173592.92,286.10,16368.29,345.12
172318.34,286.25,16368.29,345.12
173228.06,286.14,16335.23,345.18
174507.53,285.99,16368.29,345.12
173775.55,286.07,16368.29,345.12
174141.27,286.03,16302.19,345.24
175058.02,285.92,16335.23,345.18
174507.53,285.99,16368.29,345.12
173958.34,286.05,16236.16,345.37
171774.20,286.31,16368.29,345.12
175058.02,285.92,16401.37,345.06
174324.34,286.01,16467.58,344.94
173592.92,286.10,16434.46,345.00
174324.34,286.01,16434.46,345.00
173410.39,286.12,16335.23,345.18
174507.53,285.99,16335.23,345.18
173775.55,286.07,16335.23,345.18
174324.34,286.01,16302.19,345.24
173228.06,286.14,16335.23,345.18
175058.02,285.92,16335.23,345.18
173410.39,286.12,16368.29,345.12
173958.34,286.05,16467.58,344.94
174141.27,286.03,16434.46,345.00
173228.06,286.14,16434.46,345.00
174141.27,286.03,16467.58,344.94
173775.55,286.07,16600.23,344.70
172318.34,286.25,16567.04,344.76
173410.39,286.12,16567.04,344.76
174874.38,285.94,16600.23,344.70
174324.34,286.01,16500.71,344.88
174141.27,286.03,16467.58,344.94
173045.83,286.16,16401.37,345.06
175058.02,285.92,16368.29,345.12
173045.83,286.16,16368.29,345.12
174141.27,286.03,16335.23,345.18
175058.02,285.92,16368.29,345.12
173592.92,286.10,16236.16,345.37
172318.34,286.25,16170.21,345.49
172318.34,286.25,16170.21,345.49
173958.34,286.05,16170.21,345.49
172863.77,286.18,16236.16,345.37
172500.02,286.23,16335.23,345.18
174874.38,285.94,16236.16,345.37
172136.83,286.27,16269.17,345.31
173775.55,286.07,16269.17,345.31
172500.02,286.23,16203.18,345.43
172500.02,286.23,16269.17,345.31
173228.06,286.14,16137.27,345.55
168714.23,286.69,15874.36,346.05
173958.34,286.05,16203.18,345.43
174324.34,286.01,16170.21,345.49
172500.02,286.23,16071.43,345.68
173410.39,286.12,16071.43,345.68
173410.39,286.12,16071.43,345.68
173775.55,286.07,16071.43,345.68
172500.02,286.23,16071.43,345.68
173592.92,286.10,16038.54,345.74
174324.34,286.01,15939.98,345.92
172863.77,286.18,15907.16,345.99
174507.53,285.99,16170.21,345.49
173592.92,286.10,16038.54,345.74
174141.27,286.03,15939.98,345.92
174324.34,286.01,15939.98,345.92
174141.27,286.03,15972.81,345.86
173410.39,286.12,15841.58,346.11
173958.34,286.05,15972.81,345.86
174690.89,285.96,15939.98,345.92
174141.27,286.03,15874.36,346.05
173410.39,286.12,15907.16,345.99
172318.34,286.25,16005.67,345.80
171231.30,286.38,15939.98,345.92
172318.34,286.25,15907.16,345.99
174324.34,286.01,16005.67,345.80
173228.06,286.14,15939.98,345.92
174690.89,285.96,16038.54,345.74
173228.06,286.14,15939.98,345.92
173775.55,286.07,15939.98,345.92
173045.83,286.16,15907.16,345.99
173958.34,286.05,15874.36,346.05
173592.92,286.10,14802.36,348.18
173592.92,286.10,15907.16,345.99
171955.44,286.29,15841.58,346.11
172681.80,286.20,15841.58,346.11
173228.06,286.14,15841.58,346.11
174141.27,286.03,15841.58,346.11
174141.27,286.03,15841.58,346.11
173045.83,286.16,15907.16,345.99
173958.34,286.05,15907.16,345.99
173592.92,286.10,15907.16,345.99
171774.20,286.31,15972.81,345.86
172136.83,286.27,15907.16,345.99
173045.83,286.16,15841.58,346.11
173775.55,286.07,15939.98,345.92
172318.34,286.25,15841.58,346.11
173958.34,286.05,15939.98,345.92
173775.55,286.07,15907.16,345.99
173228.06,286.14,15939.98,345.92
172136.83,286.27,15907.16,345.99
174141.27,286.03,15874.36,346.05
173045.83,286.16,15874.36,346.05
172136.83,286.27,15841.58,346.11
176162.81,285.79,15547.41,346.68
172500.02,286.23,15841.58,346.11
172318.34,286.25,15808.82,346.17
171593.08,286.34,15841.58,346.11
173592.92,286.10,15939.98,345.92
173775.55,286.07,15939.98,345.92
173592.92,286.10,15939.98,345.92
172500.02,286.23,15972.81,345.86
171774.20,286.31,16005.67,345.80
172863.77,286.18,16005.67,345.80
174324.34,286.01,16071.43,345.68
173958.34,286.05,15841.58,346.11
172500.02,286.23,15841.58,346.11
173775.55,286.07,15907.16,345.99
173410.39,286.12,15907.16,345.99
174507.53,285.99,15874.36,346.05
172136.83,286.27,15907.16,345.99
171231.30,286.38,15841.58,346.11
173228.06,286.14,15841.58,346.11
172136.83,286.27,15841.58,346.11
173775.55,286.07,15776.08,346.24
173592.92,286.10,15808.82,346.17
171593.08,286.34,15841.58,346.11
171593.08,286.34,15808.82,346.17
173228.06,286.14,15776.08,346.24
174141.27,286.03,15841.58,346.11
172318.34,286.25,15808.82,346.17
172500.02,286.23,15776.08,346.24
171774.20,286.31,15743.36,346.30
173228.06,286.14,15677.97,346.43
171231.30,286.38,15808.82,346.17
172863.77,286.18,15776.08,346.24
174141.27,286.03,15645.30,346.49
171231.30,286.38,15612.65,346.55
172318.34,286.25,15776.08,346.24
173045.83,286.16,15743.36,346.30
172500.02,286.23,15743.36,346.30
172500.02,286.23,15677.97,346.43
171412.14,286.36,15710.65,346.36
172863.77,286.18,15677.97,346.43
173228.06,286.14,15808.82,346.17
172500.02,286.23,15677.97,346.43
172318.34,286.25,15743.36,346.30
173775.55,286.07,15645.30,346.49
173228.06,286.14,15710.65,346.36
171774.20,286.31,15776.08,346.24
174874.38,285.94,15808.82,346.17
172136.83,286.27,15710.65,346.36
172500.02,286.23,15808.82,346.17
174141.27,286.03,15841.58,346.11
173592.92,286.10,15841.58,346.11
171774.20,286.31,15841.58,346.11
173410.39,286.12,15808.82,346.17
172136.83,286.27,15645.30,346.49
170509.39,286.47,15449.68,346.87
171593.08,286.34,15743.36,346.30
174507.53,285.99,15776.08,346.24
171774.20,286.31,15841.58,346.11
172136.83,286.27,15743.36,346.30
172500.02,286.23,15677.97,346.43
172863.77,286.18,15645.30,346.49
174507.53,285.99,15710.65,346.36
171050.63,286.40,15808.82,346.17
173045.83,286.16,15808.82,346.17
173592.92,286.10,15743.36,346.30
173410.39,286.12,15612.65,346.55
174141.27,286.03,15645.30,346.49
171412.14,286.36,15710.65,346.36
172681.80,286.20,15547.41,346.68
171412.14,286.36,15776.08,346.24
172318.34,286.25,15677.97,346.43
171593.08,286.34,15645.30,346.49
173228.06,286.14,15808.82,346.17
174690.89,285.96,15776.08,346.24
172318.34,286.25,15645.30,346.49
172318.34,286.25,15710.65,346.36
174141.27,286.03,15743.36,346.30
171412.14,286.36,15808.82,346.17
172500.02,286.23,15841.58,346.11
172863.77,286.18,15939.98,345.92
173228.06,286.14,15907.16,345.99
171593.08,286.34,15939.98,345.92
172136.83,286.27,15841.58,346.11
173592.92,286.10,16236.16,345.37
171231.30,286.38,15841.58,346.11
171412.14,286.36,16005.67,345.80
172136.83,286.27,16005.67,345.80
173775.55,286.07,16005.67,345.80
171955.44,286.29,15907.16,345.99
172318.34,286.25,16005.67,345.80
171231.30,286.38,15841.58,346.11
171231.30,286.38,16005.67,345.80
173410.39,286.12,16005.67,345.80
173775.55,286.07,16071.43,345.68
171231.30,286.38,16038.54,345.74
171955.44,286.29,15841.58,346.11
172136.83,286.27,15841.58,346.11
172500.02,286.23,16038.54,345.74
173228.06,286.14,15841.58,346.11
173045.83,286.16,15808.82,346.17
173045.83,286.16,15841.58,346.11
173045.83,286.16,15808.82,346.17
171231.30,286.38,15841.58,346.11
171231.30,286.38,15841.58,346.11
173775.55,286.07,15841.58,346.11
172136.83,286.27,15841.58,346.11
172500.02,286.23,15776.08,346.24
171593.08,286.34,15874.36,346.05
172318.34,286.25,15841.58,346.11
173228.06,286.14,15841.58,346.11
172681.80,286.20,15776.08,346.24
173592.92,286.10,15874.36,346.05
173410.39,286.12,15743.36,346.30
172318.34,286.25,15776.08,346.24
172500.02,286.23,15547.41,346.68
172318.34,286.25,15776.08,346.24
173592.92,286.10,15710.65,346.36
171231.30,286.38,15645.30,346.49
172136.83,286.27,15677.97,346.43
172318.34,286.25,15743.36,346.30
173228.06,286.14,15743.36,346.30
173592.92,286.10,15776.08,346.24
172863.77,286.18,15743.36,346.30
171231.30,286.38,15743.36,346.30
173045.83,286.16,15776.08,346.24
172863.77,286.18,15743.36,346.30
173410.39,286.12,15677.97,346.43
172863.77,286.18,15482.23,346.81
171955.44,286.29,15677.97,346.43
172318.34,286.25,15743.36,346.30
173775.55,286.07,15417.14,346.94
172136.83,286.27,15645.30,346.49
171955.44,286.29,15612.65,346.55
171231.30,286.38,15677.97,346.43
171774.20,286.31,15808.82,346.17
172318.34,286.25,15514.81,346.74
171955.44,286.29,15287.16,347.20
173228.06,286.14,15677.97,346.43
173228.06,286.14,15645.30,346.49
171231.30,286.38,15547.41,346.68
171231.30,286.38,15612.65,346.55
171231.30,286.38,15743.36,346.30
173228.06,286.14,15743.36,346.30
172318.34,286.25,15776.08,346.24
171412.14,286.36,15776.08,346.24
171412.14,286.36,15743.36,346.30
174690.89,285.96,15841.58,346.11
173228.06,286.14,15743.36,346.30
173045.83,286.16,15612.65,346.55
172136.83,286.27,15645.30,346.49
172136.83,286.27,15612.65,346.55
172136.83,286.27,15547.41,346.68
174324.34,286.01,15547.41,346.68
171231.30,286.38,15352.11,347.07
173228.06,286.14,15612.65,346.55
174690.89,285.96,15482.23,346.81
172500.02,286.23,15547.41,346.68
171412.14,286.36,15514.81,346.74
171774.20,286.31,15449.68,346.87
173228.06,286.14,15547.41,346.68
172500.02,286.23,15645.30,346.49
173592.92,286.10,15677.97,346.43
172136.83,286.27,15677.97,346.43
172318.34,286.25,15645.30,346.49
173045.83,286.16,15677.97,346.43
171231.30,286.38,15645.30,346.49
173228.06,286.14,15743.36,346.30
171593.08,286.34,15808.82,346.17
172500.02,286.23,15514.81,346.74
172500.02,286.23,15645.30,346.49
172500.02,286.23,15645.30,346.49
173775.55,286.07,15743.36,346.30
172500.02,286.23,15677.97,346.43
172318.34,286.25,15677.97,346.43
172500.02,286.23,15645.30,346.49
171050.63,286.40,15645.30,346.49
171774.20,286.31,15547.41,346.68
172136.83,286.27,15677.97,346.43
173410.39,286.12,15547.41,346.68
172136.83,286.27,15514.81,346.74
170329.27,286.49,15482.23,346.81
170870.06,286.42,15417.14,346.94
171231.30,286.38,15384.62,347.00
172318.34,286.25,15482.23,346.81
171412.14,286.36,15514.81,346.74
172500.02,286.23,15547.41,346.68
172136.83,286.27,15547.41,346.68
171412.14,286.36,15547.41,346.68
171050.63,286.40,15384.62,347.00
171412.14,286.36,15482.23,346.81
172500.02,286.23,15547.41,346.68
172136.83,286.27,15384.62,347.00
171774.20,286.31,15482.23,346.81
171231.30,286.38,15449.68,346.87
172318.34,286.25,15384.62,347.00
173045.83,286.16,15580.02,346.62
173775.55,286.07,15482.23,346.81
171412.14,286.36,15514.81,346.74
171231.30,286.38,15319.63,347.13
172318.34,286.25,15547.41,346.68
171955.44,286.29,15482.23,346.81
173410.39,286.12,15384.62,347.00
173775.55,286.07,15547.41,346.68
171231.30,286.38,15514.81,346.74
171050.63,286.40,15482.23,346.81
171412.14,286.36,15547.41,346.68
173775.55,286.07,15677.97,346.43
171774.20,286.31,15547.41,346.68
171231.30,286.38,15710.65,346.36
172136.83,286.27,15645.30,346.49
173228.06,286.14,15547.41,346.68
172500.02,286.23,15645.30,346.49
172136.83,286.27,15482.23,346.81
171231.30,286.38,15482.23,346.81
171593.08,286.34,15482.23,346.81
172136.83,286.27,15482.23,346.81
172500.02,286.23,15417.14,346.94
171231.30,286.38,15417.14,346.94
171231.30,286.38,15514.81,346.74
173958.34,286.05,15482.23,346.81
172136.83,286.27,15482.23,346.81
171955.44,286.29,15482.23,346.81
171593.08,286.34,15547.41,346.68
171412.14,286.36,15482.23,346.81
171231.30,286.38,15612.65,346.55
171955.44,286.29,15677.97,346.43
173958.34,286.05,15417.14,346.94
173228.06,286.14,15677.97,346.43
171412.14,286.36,15482.23,346.81
171231.30,286.38,16666.67,344.58
171050.63,286.40,15482.23,346.81
172863.77,286.18,15417.14,346.94
171412.14,286.36,15547.41,346.68
173045.83,286.16,15645.30,346.49
171774.20,286.31,15417.14,346.94
171231.30,286.38,15547.41,346.68
171774.20,286.31,15547.41,346.68
172500.02,286.23,15547.41,346.68
170870.06,286.42,15482.23,346.81
171593.08,286.34,15645.30,346.49
172318.34,286.25,15547.41,346.68
172136.83,286.27,15612.65,346.55
170689.67,286.45,15384.62,347.00
172136.83,286.27,15319.63,347.13
171231.30,286.38,15547.41,346.68
171412.14,286.36,15482.23,346.81
172500.02,286.23,15547.41,346.68
171593.08,286.34,15482.23,346.81
171774.20,286.31,15547.41,346.68
171231.30,286.38,15547.41,346.68
171231.30,286.38,15743.36,346.30
171050.63,286.40,15514.81,346.74
171412.14,286.36,15645.30,346.49
171412.14,286.36,15743.36,346.30
171774.20,286.31,15547.41,346.68
172136.83,286.27,15808.82,346.17
172500.02,286.23,15743.36,346.30
173410.39,286.12,15841.58,346.11
173592.92,286.10,15808.82,346.17
172500.02,286.23,15645.30,346.49
171231.30,286.38,15580.02,346.62
172136.83,286.27,15580.02,346.62
173228.06,286.14,15677.97,346.43
171412.14,286.36,15612.65,346.55
171774.20,286.31,15514.81,346.74
171231.30,286.38,15677.97,346.43
171412.14,286.36,15547.41,346.68
170329.27,286.49,15580.02,346.62
171412.14,286.36,15547.41,346.68
173410.39,286.12,15482.23,346.81
171231.30,286.38,15514.81,346.74
171774.20,286.31,15417.14,346.94
171231.30,286.38,15547.41,346.68
171593.08,286.34,15514.81,346.74
171774.20,286.31,15808.82,346.17
171412.14,286.36,15547.41,346.68
170870.06,286.42,15776.08,346.24
171231.30,286.38,15677.97,346.43
172136.83,286.27,15743.36,346.30
170870.06,286.42,15808.82,346.17
171231.30,286.38,15547.41,346.68
172500.02,286.23,15710.65,346.36
173228.06,286.14,15677.97,346.43
172500.02,286.23,15547.41,346.68
172136.83,286.27,15612.65,346.55
171231.30,286.38,15808.82,346.17
173045.83,286.16,15645.30,346.49
171231.30,286.38,15645.30,346.49
170509.39,286.47,15514.81,346.74
171231.30,286.38,15677.97,346.43
171231.30,286.38,15514.81,346.74
172863.77,286.18,15808.82,346.17
172500.02,286.23,15352.11,347.07
170870.06,286.42,15677.97,346.43
171231.30,286.38,14802.36,348.18
171593.08,286.34,15808.82,346.17
171593.08,286.34,15939.98,345.92
172863.77,286.18,15841.58,346.11
171593.08,286.34,15841.58,346.11
171412.14,286.36,15841.58,346.11
171050.63,286.40,15874.36,346.05
172136.83,286.27,15841.58,346.11
171774.20,286.31,15939.98,345.92
173045.83,286.16,15841.58,346.11
171593.08,286.34,15808.82,346.17
171593.08,286.34,15808.82,346.17
171955.44,286.29,15841.58,346.11
171774.20,286.31,15874.36,346.05
171231.30,286.38,15776.08,346.24
171231.30,286.38,15808.82,346.17
171231.30,286.38,15776.08,346.24
171231.30,286.38,15743.36,346.30
171774.20,286.31,15710.65,346.36
172136.83,286.27,15808.82,346.17
173592.92,286.10,15743.36,346.30
172136.83,286.27,15645.30,346.49
171231.30,286.38,15645.30,346.49
171955.44,286.29,15776.08,346.24
171231.30,286.38,15612.65,346.55
173228.06,286.14,15743.36,346.30
171231.30,286.38,15743.36,346.30
170689.67,286.45,15743.36,346.30
170329.27,286.49,15645.30,346.49
171050.63,286.40,15677.97,346.43
171231.30,286.38,15743.36,346.30
171955.44,286.29,15776.08,346.24
173045.83,286.16,15776.08,346.24
172318.34,286.25,15776.08,346.24
171231.30,286.38,15841.58,346.11
170149.25,286.51,15482.23,346.81
172500.02,286.23,15841.58,346.11
171050.63,286.40,15776.08,346.24
169969.41,286.53,15841.58,346.11
172863.77,286.18,15808.82,346.17
172318.34,286.25,15776.08,346.24
171593.08,286.34,15743.36,346.30
171774.20,286.31,15841.58,346.11
170689.67,286.45,15776.08,346.24
172136.83,286.27,15808.82,346.17
170870.06,286.42,15874.36,346.05
170329.27,286.49,15841.58,346.11
171050.63,286.40,15808.82,346.17
173228.06,286.14,15841.58,346.11
171050.63,286.40,15808.82,346.17
171412.14,286.36,15841.58,346.11
172136.83,286.27,15841.58,346.11
171593.08,286.34,15841.58,346.11
171593.08,286.34,15841.58,346.11
171955.44,286.29,15841.58,346.11
171231.30,286.38,15874.36,346.05
171412.14,286.36,15776.08,346.24
172500.02,286.23,15710.65,346.36
170689.67,286.45,15808.82,346.17
171774.20,286.31,15743.36,346.30
171774.20,286.31,15743.36,346.30
171231.30,286.38,15808.82,346.17
170870.06,286.42,15743.36,346.30
172500.02,286.23,15808.82,346.17
171412.14,286.36,15808.82,346.17
171231.30,286.38,15743.36,346.30
173775.55,286.07,15841.58,346.11
173045.83,286.16,15841.58,346.11
171050.63,286.40,15808.82,346.17
172863.77,286.18,15776.08,346.24
172136.83,286.27,15743.36,346.30
171050.63,286.40,15677.97,346.43
171774.20,286.31,15808.82,346.17
173045.83,286.16,15808.82,346.17
170870.06,286.42,15776.08,346.24
171231.30,286.38,15841.58,346.11
172318.34,286.25,15776.08,346.24
171774.20,286.31,15743.36,346.30
170689.67,286.45,15808.82,346.17
171593.08,286.34,15808.82,346.17
172318.34,286.25,15841.58,346.11
171231.30,286.38,15841.58,346.11
171231.30,286.38,15808.82,346.17
170689.67,286.45,15874.36,346.05
172681.80,286.20,15841.58,346.11
171955.44,286.29,15841.58,346.11
171050.63,286.40,15125.11,347.52
171231.30,286.38,15841.58,346.11
171412.14,286.36,15841.58,346.11
171231.30,286.38,15808.82,346.17
171231.30,286.38,15841.58,346.11
171231.30,286.38,15841.58,346.11
171231.30,286.38,15743.36,346.30
168714.23,286.69,15743.36,346.30
168893.14,286.67,15547.41,346.68
171231.30,286.38,15743.36,346.30
171412.14,286.36,15743.36,346.30
171774.20,286.31,15677.97,346.43
172136.83,286.27,15743.36,346.30
171955.44,286.29,15645.30,346.49
171593.08,286.34,15612.65,346.55
171050.63,286.40,15612.65,346.55
171774.20,286.31,15612.65,346.55
170329.27,286.49,15776.08,346.24
172500.02,286.23,15677.97,346.43
171774.20,286.31,15808.82,346.17
170689.67,286.45,15776.08,346.24
172318.34,286.25,15841.58,346.11
171231.30,286.38,15939.98,345.92
171050.63,286.40,15874.36,346.05
171593.08,286.34,15841.58,346.11
170329.27,286.49,15907.16,345.99
172500.02,286.23,15939.98,345.92
171412.14,286.36,15841.58,346.11
171774.20,286.31,15939.98,345.92
173228.06,286.14,15939.98,345.92
172136.83,286.27,16005.67,345.80
171231.30,286.38,15874.36,346.05
171412.14,286.36,15841.58,346.11
171593.08,286.34,15841.58,346.11
171412.14,286.36,15874.36,346.05
171231.30,286.38,15808.82,346.17
172136.83,286.27,15776.08,346.24
172863.77,286.18,15841.58,346.11
170870.06,286.42,15841.58,346.11
172500.02,286.23,15841.58,346.11
172500.02,286.23,15841.58,346.11
170509.39,286.47,15841.58,346.11
171593.08,286.34,15645.30,346.49
170689.67,286.45,15612.65,346.55
171593.08,286.34,16071.43,345.68
171231.30,286.38,15907.16,345.99
171774.20,286.31,15972.81,345.86
171412.14,286.36,16104.34,345.61
171231.30,286.38,16071.43,345.68
171955.44,286.29,16203.18,345.43
172863.77,286.18,16269.17,345.31
171231.30,286.38,16137.27,345.55
171593.08,286.34,16137.27,345.55
170329.27,286.49,16038.54,345.74
169969.41,286.53,16170.21,345.49
171050.63,286.40,16269.17,345.31
171774.20,286.31,16071.43,345.68
171231.30,286.38,15939.98,345.92
170870.06,286.42,15939.98,345.92
172318.34,286.25,15907.16,345.99
171593.08,286.34,15939.98,345.92
172500.02,286.23,15939.98,345.92
171231.30,286.38,15841.58,346.11
171774.20,286.31,15841.58,346.11
171955.44,286.29,15808.82,346.17
171231.30,286.38,15841.58,346.11
171593.08,286.34,15808.82,346.17
170870.06,286.42,15808.82,346.17
171050.63,286.40,15808.82,346.17
171231.30,286.38,15776.08,346.24
171593.08,286.34,15743.36,346.30
171774.20,286.31,15677.97,346.43
170689.67,286.45,15776.08,346.24
170870.06,286.42,15808.82,346.17
168714.23,286.69,15776.08,346.24
171231.30,286.38,15841.58,346.11
172500.02,286.23,15841.58,346.11
171231.30,286.38,15841.58,346.11
170689.67,286.45,15841.58,346.11
171593.08,286.34,15874.36,346.05
171231.30,286.38,15939.98,345.92
170870.06,286.42,15939.98,345.92
171593.08,286.34,16005.67,345.80
171231.30,286.38,16038.54,345.74
171050.63,286.40,16170.21,345.49
171412.14,286.36,16071.43,345.68
171593.08,286.34,16038.54,345.74
170329.27,286.49,16071.43,345.68
172136.83,286.27,16269.17,345.31
171231.30,286.38,16038.54,345.74
171231.30,286.38,16170.21,345.49
171231.30,286.38,16368.29,345.12
172136.83,286.27,16203.18,345.43
171231.30,286.38,16335.23,345.18
171593.08,286.34,16203.18,345.43
172863.77,286.18,16467.58,344.94
170870.06,286.42,16335.23,345.18
171231.30,286.38,16302.19,345.24
171231.30,286.38,16368.29,345.12
170149.25,286.51,16302.19,345.24
172136.83,286.27,16368.29,345.12
171593.08,286.34,16434.46,345.00
170149.25,286.51,16368.29,345.12
171774.20,286.31,16434.46,345.00
172318.34,286.25,16434.46,345.00
172863.77,286.18,16666.67,344.58
172318.34,286.25,16533.87,344.82
171050.63,286.40,16368.29,345.12
171593.08,286.34,16467.58,344.94
173228.06,286.14,16467.58,344.94
170329.27,286.49,16335.23,345.18
170149.25,286.51,16335.23,345.18
170689.67,286.45,16203.18,345.43
171231.30,286.38,16203.18,345.43
171593.08,286.34,16170.21,345.49
171955.44,286.29,16899.80,344.16
168714.23,286.69,16071.43,345.68
171231.30,286.38,16137.27,345.55
171774.20,286.31,16170.21,345.49
171231.30,286.38,15874.36,346.05
171231.30,286.38,15939.98,345.92
170329.27,286.49,15874.36,346.05
171774.20,286.31,15907.16,345.99
171231.30,286.38,15841.58,346.11
170689.67,286.45,15874.36,346.05
169430.64,286.60,15874.36,346.05
171231.30,286.38,15482.23,346.81
171050.63,286.40,15776.08,346.24
171231.30,286.38,15841.58,346.11
171955.44,286.29,15841.58,346.11
170870.06,286.42,15841.58,346.11
172318.34,286.25,15841.58,346.11
171231.30,286.38,15710.65,346.36
171593.08,286.34,15776.08,346.24
171955.44,286.29,15710.65,346.36
171231.30,286.38,15743.36,346.30
171955.44,286.29,15743.36,346.30
170870.06,286.42,15710.65,346.36
171231.30,286.38,15547.41,346.68
171231.30,286.38,15547.41,346.68
171412.14,286.36,15677.97,346.43
171231.30,286.38,15612.65,346.55
171231.30,286.38,15547.41,346.68
172500.02,286.23,15514.81,346.74
171774.20,286.31,15547.41,346.68
170689.67,286.45,15514.81,346.74
170689.67,286.45,15547.41,346.68
172500.02,286.23,15612.65,346.55
171231.30,286.38,15482.23,346.81
171050.63,286.40,15612.65,346.55
171231.30,286.38,15514.81,346.74
172136.83,286.27,15514.81,346.74
171231.30,286.38,15547.41,346.68
170689.67,286.45,15547.41,346.68
171231.30,286.38,15417.14,346.94
172136.83,286.27,15514.81,346.74
171593.08,286.34,15417.14,346.94
168893.14,286.67,15384.62,347.00
171231.30,286.38,15352.11,347.07
171231.30,286.38,15547.41,346.68
170870.06,286.42,15482.23,346.81
170870.06,286.42,15482.23,346.81
171412.14,286.36,15417.14,346.94
171050.63,286.40,15352.11,347.07
169969.41,286.53,15384.62,347.00
170689.67,286.45,15514.81,346.74
172318.34,286.25,15417.14,346.94
171231.30,286.38,15417.14,346.94
169610.11,286.58,15417.14,346.94
171231.30,286.38,15384.62,347.00
171774.20,286.31,15417.14,346.94
171231.30,286.38,15352.11,347.07
168893.14,286.67,15352.11,347.07
171231.30,286.38,15287.16,347.20
171412.14,286.36,15319.63,347.13
170329.27,286.49,15222.29,347.33
171593.08,286.34,15319.63,347.13
171593.08,286.34,15254.71,347.26
171231.30,286.38,15776.08,346.24
171412.14,286.36,15287.16,347.20
170329.27,286.49,15514.81,346.74
171231.30,286.38,15547.41,346.68
171231.30,286.38,15710.65,346.36
171774.20,286.31,15547.41,346.68
170329.27,286.49,15677.97,346.43
168893.14,286.67,15743.36,346.30
170509.39,286.47,15645.30,346.49
171593.08,286.34,15514.81,346.74
171231.30,286.38,15157.48,347.46
169969.41,286.53,15677.97,346.43
171412.14,286.36,15547.41,346.68
172318.34,286.25,15514.81,346.74
171231.30,286.38,15384.62,347.00
170329.27,286.49,15384.62,347.00
172136.83,286.27,15449.68,346.87
171412.14,286.36,15449.68,346.87
171774.20,286.31,15417.14,346.94
169610.11,286.58,15384.62,347.00
171231.30,286.38,15449.68,346.87
171412.14,286.36,15547.41,346.68
171231.30,286.38,15547.41,346.68
171231.30,286.38,15514.81,346.74
171050.63,286.40,15482.23,346.81
170870.06,286.42,15547.41,346.68
171593.08,286.34,15547.41,346.68
171231.30,286.38,15547.41,346.68
170329.27,286.49,15482.23,346.81
170689.67,286.45,15514.81,346.74
171231.30,286.38,15417.14,346.94
170149.25,286.51,15254.71,347.26
170870.06,286.42,15352.11,347.07
170689.67,286.45,15417.14,346.94
171231.30,286.38,15482.23,346.81
171412.14,286.36,15547.41,346.68
170149.25,286.51,15677.97,346.43
171593.08,286.34,15547.41,346.68
171231.30,286.38,15710.65,346.36
171231.30,286.38,15514.81,346.74
171231.30,286.38,15677.97,346.43
171412.14,286.36,15841.58,346.11
170870.06,286.42,15808.82,346.17
169610.11,286.58,15841.58,346.11
171050.63,286.40,15841.58,346.11
171593.08,286.34,15874.36,346.05
171231.30,286.38,15874.36,346.05
171231.30,286.38,15874.36,346.05
171231.30,286.38,15841.58,346.11
171050.63,286.40,16005.67,345.80
171050.63,286.40,15939.98,345.92
171231.30,286.38,15874.36,346.05
171231.30,286.38,15874.36,346.05
171593.08,286.34,15939.98,345.92
171593.08,286.34,15907.16,345.99
171231.30,286.38,15841.58,346.11
171412.14,286.36,15841.58,346.11
171593.08,286.34,15743.36,346.30
171231.30,286.38,15743.36,346.30
171050.63,286.40,15776.08,346.24
170149.25,286.51,15743.36,346.30
171231.30,286.38,15710.65,346.36
170509.39,286.47,15743.36,346.30
170870.06,286.42,15287.16,347.20
172500.02,286.23,15645.30,346.49
171593.08,286.34,15612.65,346.55
171412.14,286.36,15612.65,346.55
171050.63,286.40,15514.81,346.74
171231.30,286.38,15547.41,346.68
170509.39,286.47,15482.23,346.81
171231.30,286.38,15547.41,346.68
171050.63,286.40,15645.30,346.49
170870.06,286.42,15417.14,346.94
171231.30,286.38,14963.50,347.85
171231.30,286.38,15547.41,346.68
171412.14,286.36,15514.81,346.74
170689.67,286.45,15352.11,347.07
169430.64,286.60,15384.62,347.00
171231.30,286.38,15482.23,346.81
171231.30,286.38,15482.23,346.81
170149.25,286.51,15514.81,346.74
169251.36,286.62,15677.97,346.43
170689.67,286.45,15384.62,347.00
171050.63,286.40,15677.97,346.43
171231.30,286.38,15254.71,347.26
171231.30,286.38,15417.14,346.94
171231.30,286.38,15384.62,347.00
171231.30,286.38,15384.62,347.00
170509.39,286.47,15352.11,347.07
170329.27,286.49,15319.63,347.13
170870.06,286.42,15384.62,347.00
170329.27,286.49,15417.14,346.94
171050.63,286.40,15287.16,347.20
171050.63,286.40,15482.23,346.81
169430.64,286.60,15157.48,347.46
171050.63,286.40,15254.71,347.26
171231.30,286.38,15287.16,347.20
171231.30,286.38,15287.16,347.20
172500.02,286.23,15319.63,347.13
171231.30,286.38,15222.29,347.33
170329.27,286.49,15189.87,347.39
170149.25,286.51,15028.09,347.72
170870.06,286.42,15189.87,347.39
170870.06,286.42,15157.48,347.46
171231.30,286.38,15125.11,347.52
171593.08,286.34,15287.16,347.20
171050.63,286.40,15189.87,347.39
171050.63,286.40,15125.11,347.52
172500.02,286.23,15287.16,347.20
172500.02,286.23,15157.48,347.46
170870.06,286.42,15222.29,347.33
171231.30,286.38,15287.16,347.20
169789.67,286.56,15125.11,347.52
172136.83,286.27,15352.11,347.07
172136.83,286.27,15028.09,347.72
171593.08,286.34,14802.36,348.18
171231.30,286.38,15254.71,347.26
171593.08,286.34,15222.29,347.33
170870.06,286.42,15287.16,347.20
171231.30,286.38,15254.71,347.26
171231.30,286.38,15352.11,347.07
171774.20,286.31,15482.23,346.81
170870.06,286.42,15028.09,347.72
171231.30,286.38,15254.71,347.26
171412.14,286.36,15319.63,347.13
169430.64,286.60,15384.62,347.00
171231.30,286.38,15384.62,347.00
171231.30,286.38,15352.11,347.07
169610.11,286.58,15319.63,347.13
171050.63,286.40,15287.16,347.20
172500.02,286.23,15287.16,347.20
171231.30,286.38,15287.16,347.20
171050.63,286.40,15125.11,347.52
171050.63,286.40,15319.63,347.13
171050.63,286.40,15157.48,347.46
170509.39,286.47,14834.55,348.12
170870.06,286.42,15125.11,347.52
171231.30,286.38,15384.62,347.00
171231.30,286.38,15287.16,347.20
170329.27,286.49,15384.62,347.00
171231.30,286.38,15417.14,346.94
171231.30,286.38,15417.14,346.94
170870.06,286.42,15482.23,346.81
171593.08,286.34,15514.81,346.74
172318.34,286.25,15514.81,346.74
171050.63,286.40,15580.02,346.62
168714.23,286.69,15645.30,346.49
171231.30,286.38,15612.65,346.55
171231.30,286.38,15612.65,346.55
169610.11,286.58,15449.68,346.87
169610.11,286.58,15352.11,347.07
171050.63,286.40,15482.23,346.81
169610.11,286.58,15612.65,346.55
171231.30,286.38,15449.68,346.87
171593.08,286.34,15547.41,346.68
171412.14,286.36,15449.68,346.87
171231.30,286.38,15384.62,347.00
170329.27,286.49,15449.68,346.87
170329.27,286.49,15254.71,347.26
171231.30,286.38,15352.11,347.07
170509.39,286.47,15417.14,346.94
170329.27,286.49,15514.81,346.74
171231.30,286.38,15547.41,346.68
169610.11,286.58,15514.81,346.74
170689.67,286.45,15287.16,347.20
171231.30,286.38,15482.23,346.81
170870.06,286.42,15417.14,346.94
169430.64,286.60,15547.41,346.68
171231.30,286.38,15384.62,347.00
172318.34,286.25,15482.23,346.81
169789.67,286.56,15449.68,346.87
168893.14,286.67,15319.63,347.13
171231.30,286.38,15514.81,346.74
171231.30,286.38,15449.68,346.87
171774.20,286.31,15384.62,347.00
170329.27,286.49,15417.14,346.94
172136.83,286.27,15287.16,347.20
173045.83,286.16,15482.23,346.81
171412.14,286.36,15514.81,346.74
170870.06,286.42,15319.63,347.13
171231.30,286.38,15319.63,347.13
171231.30,286.38,15417.14,346.94
170689.67,286.45,15352.11,347.07
172863.77,286.18,15352.11,347.07
171593.08,286.34,15352.11,347.07
170329.27,286.49,15287.16,347.20
171774.20,286.31,15417.14,346.94
169430.64,286.60,15319.63,347.13
171050.63,286.40,15287.16,347.20
171231.30,286.38,15352.11,347.07
170509.39,286.47,15319.63,347.13
171593.08,286.34,15352.11,347.07
168893.14,286.67,15352.11,347.07
171593.08,286.34,15254.71,347.26
172500.02,286.23,15352.11,347.07
168714.23,286.69,15319.63,347.13
170329.27,286.49,15384.62,347.00
171231.30,286.38,15384.62,347.00
171231.30,286.38,15482.23,346.81
168535.48,286.71,15514.81,346.74
169430.64,286.60,15514.81,346.74
169610.11,286.58,15514.81,346.74
170509.39,286.47,15547.41,346.68
169969.41,286.53,15645.30,346.49
171231.30,286.38,15417.14,346.94
171593.08,286.34,15482.23,346.81
169072.16,286.64,15482.23,346.81
170870.06,286.42,15384.62,347.00
170689.67,286.45,15352.11,347.07
170689.67,286.45,15319.63,347.13
171231.30,286.38,15352.11,347.07
170329.27,286.49,15254.71,347.26
171412.14,286.36,15482.23,346.81
170870.06,286.42,15384.62,347.00
168356.84,286.73,15287.16,347.20
171593.08,286.34,15287.16,347.20
173410.39,286.12,15352.11,347.07
171231.30,286.38,15287.16,347.20
169789.67,286.56,15254.71,347.26
169969.41,286.53,15352.11,347.07
170509.39,286.47,15287.16,347.20
170689.67,286.45,15254.71,347.26
171231.30,286.38,15319.63,347.13
169610.11,286.58,15384.62,347.00
170149.25,286.51,15254.71,347.26
171412.14,286.36,15254.71,347.26
171050.63,286.40,15254.71,347.26
171412.14,286.36,15352.11,347.07
171955.44,286.29,14995.79,347.78
171050.63,286.40,15222.29,347.33
170689.67,286.45,15287.16,347.20
171231.30,286.38,15287.16,347.20
169610.11,286.58,15222.29,347.33
170329.27,286.49,15384.62,347.00
170329.27,286.49,15384.62,347.00
169969.41,286.53,15352.11,347.07
171231.30,286.38,15612.65,346.55
171593.08,286.34,15384.62,347.00
170689.67,286.45,15384.62,347.00
169610.11,286.58,15287.16,347.20
171774.20,286.31,15384.62,347.00
171231.30,286.38,15352.11,347.07
168893.14,286.67,15384.62,347.00
166047.06,287.02,15547.41,346.68
171050.63,286.40,15482.23,346.81
171955.44,286.29,15743.36,346.30
170329.27,286.49,15482.23,346.81
169969.41,286.53,15677.97,346.43
171231.30,286.38,15352.11,347.07
170870.06,286.42,15319.63,347.13
170329.27,286.49,15352.11,347.07
171050.63,286.40,15352.11,347.07
171231.30,286.38,15352.11,347.07
169610.11,286.58,15384.62,347.00
171231.30,286.38,15028.09,347.72
166755.34,286.93,15319.63,347.13
170689.67,286.45,15254.71,347.26
171231.30,286.38,15319.63,347.13
170329.27,286.49,15287.16,347.20
168893.14,286.67,15222.29,347.33
170329.27,286.49,15028.09,347.72
171231.30,286.38,15319.63,347.13
170149.25,286.51,15254.71,347.26
171050.63,286.40,15254.71,347.26
171412.14,286.36,15384.62,347.00
170509.39,286.47,15319.63,347.13
170329.27,286.49,15222.29,347.33
170689.67,286.45,15189.87,347.39
169430.64,286.60,15287.16,347.20
173592.92,286.10,15287.16,347.20
170329.27,286.49,15287.16,347.20
171231.30,286.38,15384.62,347.00
170329.27,286.49,15417.14,346.94
169610.11,286.58,15384.62,347.00
171231.30,286.38,15384.62,347.00
171050.63,286.40,14931.24,347.92
170329.27,286.49,15352.11,347.07
170509.39,286.47,15352.11,347.07
170509.39,286.47,15222.29,347.33
170509.39,286.47,15254.71,347.26
169610.11,286.58,15287.16,347.20
170870.06,286.42,15287.16,347.20
170149.25,286.51,15319.63,347.13
169251.36,286.62,15384.62,347.00
168714.23,286.69,15222.29,347.33
171231.30,286.38,15907.16,345.99
170149.25,286.51,15482.23,346.81
170870.06,286.42,15352.11,347.07
171593.08,286.34,15287.16,347.20
170329.27,286.49,15254.71,347.26
170689.67,286.45,15254.71,347.26
169251.36,286.62,15222.29,347.33
171231.30,286.38,15287.16,347.20
169251.36,286.62,15287.16,347.20
169430.64,286.60,15319.63,347.13
171050.63,286.40,15254.71,347.26
171231.30,286.38,14931.24,347.92
170149.25,286.51,15254.71,347.26
168535.48,286.71,15222.29,347.33
171231.30,286.38,15254.71,347.26
170689.67,286.45,15189.87,347.39
170870.06,286.42,15092.75,347.59
170689.67,286.45,15125.11,347.52
169969.41,286.53,15189.87,347.39
171231.30,286.38,14995.79,347.78
171231.30,286.38,15254.71,347.26
170329.27,286.49,15287.16,347.20
171231.30,286.38,15254.71,347.26
171050.63,286.40,15254.71,347.26
170689.67,286.45,15287.16,347.20
172136.83,286.27,15254.71,347.26
171231.30,286.38,15319.63,347.13
171050.63,286.40,15189.87,347.39
169610.11,286.58,15254.71,347.26
172136.83,286.27,15287.16,347.20
171231.30,286.38,15222.29,347.33
170870.06,286.42,15287.16,347.20
169430.64,286.60,15352.11,347.07
170149.25,286.51,15028.09,347.72
169610.11,286.58,15189.87,347.39
171231.30,286.38,15092.75,347.59
169969.41,286.53,15092.75,347.59
170689.67,286.45,15189.87,347.39
169251.36,286.62,15222.29,347.33
171231.30,286.38,14866.76,348.05
171231.30,286.38,15254.71,347.26
168893.14,286.67,15287.16,347.20
171231.30,286.38,14963.50,347.85
171774.20,286.31,15254.71,347.26
171231.30,286.38,15254.71,347.26
168356.84,286.73,14995.79,347.78
170329.27,286.49,15125.11,347.52
171231.30,286.38,15222.29,347.33
169610.11,286.58,15157.48,347.46
171231.30,286.38,15157.48,347.46
171050.63,286.40,15222.29,347.33
171231.30,286.38,15157.48,347.46
171050.63,286.40,15547.41,346.68
168893.14,286.67,14802.36,348.18
170689.67,286.45,15254.71,347.26
170149.25,286.51,15417.14,346.94
171231.30,286.38,15028.09,347.72
170149.25,286.51,15125.11,347.52
170329.27,286.49,15189.87,347.39
171231.30,286.38,15319.63,347.13
170689.67,286.45,15092.75,347.59
170149.25,286.51,15157.48,347.46
168535.48,286.71,15254.71,347.26
172136.83,286.27,15287.16,347.20
169430.64,286.60,15092.75,347.59
171231.30,286.38,15125.11,347.52
171412.14,286.36,15125.11,347.52
168535.48,286.71,15222.29,347.33
172318.34,286.25,15157.48,347.46
171050.63,286.40,15254.71,347.26
169251.36,286.62,15287.16,347.20
171231.30,286.38,15352.11,347.07
170329.27,286.49,15222.29,347.33
170689.67,286.45,15319.63,347.13
169969.41,286.53,15287.16,347.20
170870.06,286.42,15319.63,347.13
169969.41,286.53,15384.62,347.00
169430.64,286.60,15352.11,347.07
170329.27,286.49,15319.63,347.13
170329.27,286.49,15352.11,347.07
170149.25,286.51,15157.48,347.46
168714.23,286.69,15189.87,347.39
170329.27,286.49,15352.11,347.07
170870.06,286.42,15319.63,347.13
172136.83,286.27,14802.36,348.18
168893.14,286.67,15417.14,346.94
170329.27,286.49,15287.16,347.20
171231.30,286.38,15417.14,346.94
170509.39,286.47,15287.16,347.20
169969.41,286.53,15222.29,347.33
170689.67,286.45,15547.41,346.68
169430.64,286.60,15222.29,347.33
168893.14,286.67,15222.29,347.33
171050.63,286.40,15287.16,347.20
173228.06,286.14,15287.16,347.20
169969.41,286.53,15222.29,347.33
170689.67,286.45,15157.48,347.46
170329.27,286.49,15222.29,347.33
170870.06,286.42,15319.63,347.13
171412.14,286.36,15287.16,347.20
168356.84,286.73,15157.48,347.46
168356.84,286.73,14963.50,347.85
171412.14,286.36,15222.29,347.33
170329.27,286.49,15157.48,347.46
170689.67,286.45,14995.79,347.78
170329.27,286.49,15125.11,347.52
170149.25,286.51,15222.29,347.33
170870.06,286.42,15254.71,347.26
170870.06,286.42,15125.11,347.52
169969.41,286.53,15287.16,347.20
171231.30,286.38,15417.14,346.94
169430.64,286.60,15384.62,347.00
169610.11,286.58,15514.81,346.74
170329.27,286.49,15547.41,346.68
169610.11,286.58,15645.30,346.49
170329.27,286.49,15514.81,346.74
170870.06,286.42,15514.81,346.74
170509.39,286.47,15514.81,346.74
170149.25,286.51,15417.14,346.94
170689.67,286.45,15547.41,346.68
169610.11,286.58,15449.68,346.87
169969.41,286.53,15352.11,347.07
168714.23,286.69,15384.62,347.00
171231.30,286.38,15287.16,347.20
169251.36,286.62,15254.71,347.26
170509.39,286.47,15514.81,346.74
170689.67,286.45,15384.62,347.00
170509.39,286.47,15254.71,347.26
170689.67,286.45,15254.71,347.26
170329.27,286.49,15287.16,347.20
170149.25,286.51,15254.71,347.26
171231.30,286.38,15222.29,347.33
170689.67,286.45,15189.87,347.39
171231.30,286.38,15287.16,347.20
170870.06,286.42,15125.11,347.52
169969.41,286.53,15287.16,347.20
171231.30,286.38,14802.36,348.18
170870.06,286.42,15254.71,347.26
169251.36,286.62,15125.11,347.52
168714.23,286.69,15092.75,347.59
170689.67,286.45,15254.71,347.26
171050.63,286.40,15092.75,347.59
169251.36,286.62,15092.75,347.59
171231.30,286.38,15222.29,347.33
171050.63,286.40,15189.87,347.39
169610.11,286.58,14995.79,347.78
171955.44,286.29,15287.16,347.20
170509.39,286.47,15157.48,347.46
169969.41,286.53,15157.48,347.46
170329.27,286.49,15157.48,347.46
171231.30,286.38,15222.29,347.33
170329.27,286.49,15125.11,347.52
168178.38,286.75,15222.29,347.33
170689.67,286.45,15222.29,347.33
171050.63,286.40,15125.11,347.52
169969.41,286.53,15189.87,347.39
171412.14,286.36,15222.29,347.33
170689.67,286.45,15125.11,347.52
171231.30,286.38,15287.16,347.20
169610.11,286.58,15125.11,347.52
171774.20,286.31,15222.29,347.33
172318.34,286.25,15189.87,347.39
169789.67,286.56,14995.79,347.78
169251.36,286.62,14995.79,347.78
171774.20,286.31,15157.48,347.46
171231.30,286.38,15028.09,347.72
169251.36,286.62,14770.18,348.25
171412.14,286.36,14995.79,347.78
172318.34,286.25,15060.41,347.65
171231.30,286.38,14963.50,347.85
170689.67,286.45,14898.99,347.98
170870.06,286.42,15092.75,347.59
169610.11,286.58,15157.48,347.46
167465.77,286.84,15060.41,347.65
170689.67,286.45,15222.29,347.33
170689.67,286.45,15125.11,347.52
168714.23,286.69,14898.99,347.98
169430.64,286.60,15157.48,347.46
169430.64,286.60,15092.75,347.59
169969.41,286.53,15092.75,347.59
171231.30,286.38,15157.48,347.46
168535.48,286.71,15028.09,347.72
170509.39,286.47,15092.75,347.59
170689.67,286.45,14963.50,347.85
171050.63,286.40,15028.09,347.72
168893.14,286.67,15028.09,347.72
170329.27,286.49,15028.09,347.72
171231.30,286.38,15254.71,347.26
171412.14,286.36,15254.71,347.26
168356.84,286.73,15157.48,347.46
170149.25,286.51,15222.29,347.33
170689.67,286.45,15254.71,347.26
170689.67,286.45,15189.87,347.39
169072.16,286.64,15254.71,347.26
170689.67,286.45,15222.29,347.33
168893.14,286.67,15157.48,347.46
171231.30,286.38,15125.11,347.52
170329.27,286.49,15222.29,347.33
169610.11,286.58,15157.48,347.46
169430.64,286.60,15254.71,347.26
170329.27,286.49,15092.75,347.59
170329.27,286.49,15189.87,347.39
170329.27,286.49,15157.48,347.46
167287.95,286.86,15125.11,347.52
169430.64,286.60,15157.48,347.46
170149.25,286.51,15222.29,347.33
171231.30,286.38,15287.16,347.20
170149.25,286.51,15222.29,347.33
168893.14,286.67,15287.16,347.20
169430.64,286.60,15254.71,347.26
169969.41,286.53,15319.63,347.13
169251.36,286.62,15287.16,347.20
168893.14,286.67,15222.29,347.33
170870.06,286.42,15352.11,347.07
170329.27,286.49,15222.29,347.33
171231.30,286.38,15352.11,347.07
168714.23,286.69,15319.63,347.13
171231.30,286.38,15384.62,347.00
171050.63,286.40,15677.97,346.43
168356.84,286.73,15157.48,347.46
169610.11,286.58,15352.11,347.07
171050.63,286.40,15254.71,347.26
170870.06,286.42,15157.48,347.46
167110.28,286.89,15092.75,347.59
167821.80,286.80,15222.29,347.33
170689.67,286.45,15287.16,347.20
169610.11,286.58,15254.71,347.26
168714.23,286.69,15222.29,347.33
168893.14,286.67,15287.16,347.20
171231.30,286.38,15157.48,347.46
169072.16,286.64,15125.11,347.52
168893.14,286.67,15189.87,347.39
170329.27,286.49,15189.87,347.39
170329.27,286.49,15157.48,347.46
167465.77,286.84,14995.79,347.78
168356.84,286.73,15157.48,347.46
169251.36,286.62,15287.16,347.20
171231.30,286.38,15125.11,347.52
171050.63,286.40,15157.48,347.46
168535.48,286.71,14802.36,348.18
170689.67,286.45,15189.87,347.39
170870.06,286.42,15157.48,347.46
170149.25,286.51,15125.11,347.52
170509.39,286.47,15028.09,347.72
170870.06,286.42,14963.50,347.85
168893.14,286.67,15092.75,347.59
171050.63,286.40,15125.11,347.52
170689.67,286.45,14898.99,347.98
169430.64,286.60,15157.48,347.46
168714.23,286.69,14834.55,348.12
171231.30,286.38,15319.63,347.13
170870.06,286.42,15319.63,347.13
168178.38,286.75,15157.48,347.46
168356.84,286.73,15384.62,347.00
170149.25,286.51,15417.14,346.94
171050.63,286.40,15287.16,347.20
170329.27,286.49,15449.68,346.87
170329.27,286.49,15417.14,346.94
171593.08,286.34,15417.14,346.94
170149.25,286.51,15514.81,346.74
168714.23,286.69,15384.62,347.00
170329.27,286.49,15417.14,346.94
170689.67,286.45,15482.23,346.81
171412.14,286.36,15449.68,346.87
169610.11,286.58,15352.11,347.07
171231.30,286.38,15514.81,346.74
171231.30,286.38,15352.11,347.07
168714.23,286.69,15352.11,347.07
168893.14,286.67,15352.11,347.07
171050.63,286.40,15287.16,347.20
169610.11,286.58,15352.11,347.07
168714.23,286.69,15384.62,347.00
170689.67,286.45,15319.63,347.13
170689.67,286.45,15417.14,346.94
170149.25,286.51,15254.71,347.26
168356.84,286.73,15287.16,347.20
170149.25,286.51,15287.16,347.20
168893.14,286.67,15384.62,347.00
170689.67,286.45,15222.29,347.33
171593.08,286.34,15287.16,347.20
169610.11,286.58,15222.29,347.33
169610.11,286.58,15319.63,347.13
170689.67,286.45,15417.14,346.94
168893.14,286.67,15449.68,346.87
170870.06,286.42,15449.68,346.87
170870.06,286.42,15417.14,346.94
170149.25,286.51,15514.81,346.74
170149.25,286.51,15384.62,347.00
168535.48,286.71,15482.23,346.81
170329.27,286.49,15645.30,346.49
171231.30,286.38,15645.30,346.49
169969.41,286.53,15710.65,346.36
170149.25,286.51,15743.36,346.30
170149.25,286.51,15645.30,346.49
169610.11,286.58,15743.36,346.30
171050.63,286.40,15384.62,347.00
170689.67,286.45,15776.08,346.24
171050.63,286.40,15677.97,346.43
171231.30,286.38,15841.58,346.11
169610.11,286.58,15743.36,346.30
168356.84,286.73,15710.65,346.36
171050.63,286.40,15677.97,346.43
170329.27,286.49,15449.68,346.87
169251.36,286.62,15677.97,346.43
170509.39,286.47,15677.97,346.43
168356.84,286.73,15482.23,346.81
171593.08,286.34,15482.23,346.81
169610.11,286.58,15645.30,346.49
169251.36,286.62,15547.41,346.68
169430.64,286.60,15612.65,346.55
169610.11,286.58,15580.02,346.62
168535.48,286.71,15677.97,346.43
170870.06,286.42,15776.08,346.24
169610.11,286.58,15612.65,346.55
170870.06,286.42,15677.97,346.43
170149.25,286.51,15841.58,346.11
168178.38,286.75,15743.36,346.30
169430.64,286.60,15710.65,346.36
168893.14,286.67,15482.23,346.81
170149.25,286.51,15645.30,346.49
168893.14,286.67,15645.30,346.49
169610.11,286.58,15580.02,346.62
171412.14,286.36,15514.81,346.74
170149.25,286.51,15482.23,346.81
170870.06,286.42,15449.68,346.87
169251.36,286.62,15287.16,347.20
171593.08,286.34,15352.11,347.07
170329.27,286.49,15417.14,346.94
169430.64,286.60,15319.63,347.13
170870.06,286.42,15287.16,347.20
168535.48,286.71,15157.48,347.46
170149.25,286.51,15449.68,346.87
170149.25,286.51,15222.29,347.33
171050.63,286.40,15319.63,347.13
171231.30,286.38,15189.87,347.39
167465.77,286.84,15125.11,347.52
169610.11,286.58,15222.29,347.33
169251.36,286.62,14898.99,347.98
171412.14,286.36,15028.09,347.72
168535.48,286.71,15092.75,347.59
169251.36,286.62,15157.48,347.46
170329.27,286.49,15254.71,347.26
170689.67,286.45,15222.29,347.33
171231.30,286.38,15092.75,347.59
168356.84,286.73,15028.09,347.72
170689.67,286.45,15092.75,347.59
171412.14,286.36,15092.75,347.59
170329.27,286.49,14705.88,348.38
169610.11,286.58,15352.11,347.07
168893.14,286.67,15157.48,347.46
170509.39,286.47,15222.29,347.33
169430.64,286.60,15092.75,347.59
169430.64,286.60,15092.75,347.59
170870.06,286.42,15125.11,347.52
169430.64,286.60,14866.76,348.05
169969.41,286.53,15028.09,347.72
171231.30,286.38,14995.79,347.78
170870.06,286.42,15157.48,347.46
170870.06,286.42,15125.11,347.52
170149.25,286.51,14995.79,347.78
169430.64,286.60,15125.11,347.52
171050.63,286.40,15222.29,347.33
171050.63,286.40,15157.48,347.46
169251.36,286.62,15028.09,347.72
170149.25,286.51,15028.09,347.72
170689.67,286.45,14995.79,347.78
170329.27,286.49,15028.09,347.72
170689.67,286.45,15092.75,347.59
169969.41,286.53,14898.99,347.98
169969.41,286.53,14995.79,347.78
168178.38,286.75,14963.50,347.85
170689.67,286.45,14995.79,347.78
170870.06,286.42,14898.99,347.98
169251.36,286.62,14898.99,347.98
169430.64,286.60,14898.99,347.98
171231.30,286.38,15092.75,347.59
169430.64,286.60,14834.55,348.12
168714.23,286.69,14898.99,347.98
169610.11,286.58,14963.50,347.85
170329.27,286.49,15125.11,347.52
171412.14,286.36,15028.09,347.72
169072.16,286.64,14931.24,347.92
171231.30,286.38,14995.79,347.78
168714.23,286.69,14866.76,348.05
171050.63,286.40,15028.09,347.72
171050.63,286.40,15028.09,347.72
168000.00,286.78,15157.48,347.46
171231.30,286.38,15384.62,347.00
169430.64,286.60,15125.11,347.52
170870.06,286.42,14963.50,347.85
169430.64,286.60,15222.29,347.33
170149.25,286.51,15287.16,347.20
170329.27,286.49,15222.29,347.33
171231.30,286.38,15352.11,347.07
169610.11,286.58,15547.41,346.68
169072.16,286.64,15514.81,346.74
170149.25,286.51,15743.36,346.30
170329.27,286.49,15645.30,346.49
170329.27,286.49,15547.41,346.68
171231.30,286.38,15547.41,346.68
170689.67,286.45,15514.81,346.74
168535.48,286.71,15449.68,346.87
169610.11,286.58,15645.30,346.49
170149.25,286.51,15417.14,346.94
169610.11,286.58,15482.23,346.81
171050.63,286.40,15319.63,347.13
169430.64,286.60,15449.68,346.87
170149.25,286.51,15677.97,346.43
168356.84,286.73,15482.23,346.81
169789.67,286.56,16368.29,345.12
171050.63,286.40,15222.29,347.33
170509.39,286.47,15677.97,346.43
171231.30,286.38,15514.81,346.74
169969.41,286.53,15449.68,346.87
171231.30,286.38,15417.14,346.94
169610.11,286.58,15319.63,347.13
170689.67,286.45,15384.62,347.00
170870.06,286.42,15384.62,347.00
169610.11,286.58,15352.11,347.07
172136.83,286.27,15417.14,346.94
169789.67,286.56,15384.62,347.00
170149.25,286.51,15449.68,346.87
171231.30,286.38,15482.23,346.81
169430.64,286.60,15449.68,346.87
170870.06,286.42,15384.62,347.00
169251.36,286.62,15514.81,346.74
168893.14,286.67,15482.23,346.81
170149.25,286.51,15547.41,346.68
169610.11,286.58,15417.14,346.94
171231.30,286.38,15417.14,346.94
170689.67,286.45,15352.11,347.07
168356.84,286.73,15710.65,346.36
169610.11,286.58,15677.97,346.43
168535.48,286.71,15547.41,346.68
170689.67,286.45,15580.02,346.62
169251.36,286.62,15677.97,346.43
171593.08,286.34,15710.65,346.36
169251.36,286.62,15514.81,346.74
169969.41,286.53,15743.36,346.30
170329.27,286.49,15776.08,346.24
168893.14,286.67,15776.08,346.24
171231.30,286.38,15743.36,346.30
168893.14,286.67,15417.14,346.94
169251.36,286.62,15417.14,346.94
167465.77,286.84,15547.41,346.68
171050.63,286.40,15580.02,346.62
169072.16,286.64,15417.14,346.94
169610.11,286.58,15449.68,346.87
170329.27,286.49,15352.11,347.07
169610.11,286.58,15352.11,347.07
168893.14,286.67,15449.68,346.87
169610.11,286.58,15254.71,347.26
171050.63,286.40,15417.14,346.94
169072.16,286.64,15319.63,347.13
168714.23,286.69,15384.62,347.00
168535.48,286.71,15417.14,346.94
170870.06,286.42,15449.68,346.87
169072.16,286.64,15352.11,347.07
169251.36,286.62,15547.41,346.68
170149.25,286.51,15514.81,346.74
169251.36,286.62,15547.41,346.68
171593.08,286.34,15482.23,346.81
168535.48,286.71,15547.41,346.68
170329.27,286.49,15514.81,346.74
170509.39,286.47,15287.16,347.20
168535.48,286.71,15482.23,346.81
170149.25,286.51,15482.23,346.81
170689.67,286.45,15482.23,346.81
169610.11,286.58,15287.16,347.20
169789.67,286.56,15384.62,347.00
168356.84,286.73,15417.14,346.94
170870.06,286.42,15287.16,347.20
167287.95,286.86,15514.81,346.74
171231.30,286.38,15254.71,347.26
169251.36,286.62,15125.11,347.52
168714.23,286.69,15092.75,347.59
170329.27,286.49,15189.87,347.39
170149.25,286.51,14995.79,347.78
170329.27,286.49,15060.41,347.65
170329.27,286.49,15092.75,347.59
168535.48,286.71,14866.76,348.05
170329.27,286.49,15189.87,347.39
170689.67,286.45,15222.29,347.33
169430.64,286.60,15125.11,347.52
170870.06,286.42,15222.29,347.33
170329.27,286.49,15222.29,347.33
168356.84,286.73,15222.29,347.33
170329.27,286.49,15287.16,347.20
171231.30,286.38,15384.62,347.00
168356.84,286.73,15287.16,347.20
169251.36,286.62,15352.11,347.07
169610.11,286.58,15384.62,347.00
168356.84,286.73,15482.23,346.81
170329.27,286.49,15514.81,346.74
168356.84,286.73,15319.63,347.13
169969.41,286.53,15417.14,346.94
170689.67,286.45,15547.41,346.68
168893.14,286.67,15482.23,346.81
170329.27,286.49,15547.41,346.68
169251.36,286.62,15417.14,346.94
170689.67,286.45,15547.41,346.68
171231.30,286.38,15352.11,347.07
168893.14,286.67,15287.16,347.20
169072.16,286.64,15677.97,346.43
168178.38,286.75,15287.16,347.20
168535.48,286.71,15384.62,347.00
170870.06,286.42,15352.11,347.07
167465.77,286.84,15287.16,347.20
168000.00,286.78,15254.71,347.26
170870.06,286.42,15352.11,347.07
169430.64,286.60,15254.71,347.26
171593.08,286.34,15352.11,347.07
169789.67,286.56,15319.63,347.13
171050.63,286.40,14834.55,348.12
170689.67,286.45,15222.29,347.33
171231.30,286.38,15287.16,347.20
170329.27,286.49,15254.71,347.26
169430.64,286.60,15222.29,347.33
170149.25,286.51,15222.29,347.33
171231.30,286.38,15287.16,347.20
169430.64,286.60,15157.48,347.46
169430.64,286.60,15449.68,346.87
169610.11,286.58,15319.63,347.13
170329.27,286.49,15384.62,347.00
171231.30,286.38,15287.16,347.20
170329.27,286.49,15222.29,347.33
169610.11,286.58,15125.11,347.52
171231.30,286.38,15125.11,347.52
170329.27,286.49,15028.09,347.72
171412.14,286.36,15157.48,347.46
169969.41,286.53,15028.09,347.72
171050.63,286.40,14995.79,347.78
169610.11,286.58,15092.75,347.59
170689.67,286.45,15028.09,347.72
170149.25,286.51,14834.55,348.12
169430.64,286.60,15028.09,347.72
169430.64,286.60,14995.79,347.78
169969.41,286.53,15092.75,347.59
170329.27,286.49,15028.09,347.72
169430.64,286.60,14898.99,347.98
168356.84,286.73,14963.50,347.85
170509.39,286.47,14963.50,347.85
170329.27,286.49,14995.79,347.78
168535.48,286.71,14898.99,347.98
168535.48,286.71,15125.11,347.52
171412.14,286.36,15028.09,347.72
169969.41,286.53,14834.55,348.12
170329.27,286.49,14866.76,348.05
171050.63,286.40,14995.79,347.78
168893.14,286.67,14963.50,347.85
170329.27,286.49,14963.50,347.85
170689.67,286.45,15028.09,347.72
169610.11,286.58,14995.79,347.78
171231.30,286.38,15125.11,347.52
171231.30,286.38,15125.11,347.52
168178.38,286.75,15222.29,347.33
169969.41,286.53,14995.79,347.78
170149.25,286.51,15254.71,347.26
170509.39,286.47,15254.71,347.26
169251.36,286.62,15222.29,347.33
169610.11,286.58,15222.29,347.33
171593.08,286.34,15319.63,347.13
170329.27,286.49,15157.48,347.46
169430.64,286.60,15287.16,347.20
171050.63,286.40,15189.87,347.39
169430.64,286.60,15222.29,347.33
168535.48,286.71,15319.63,347.13
169969.41,286.53,15417.14,346.94
169610.11,286.58,15612.65,346.55
170870.06,286.42,15449.68,346.87
170689.67,286.45,15482.23,346.81
168893.14,286.67,15482.23,346.81
170329.27,286.49,15384.62,347.00
170870.06,286.42,15449.68,346.87
169251.36,286.62,15547.41,346.68
170509.39,286.47,15189.87,347.39
171231.30,286.38,15547.41,346.68
169430.64,286.60,15547.41,346.68
168893.14,286.67,15514.81,346.74
169789.67,286.56,15612.65,346.55
169969.41,286.53,15580.02,346.62
168178.38,286.75,15547.41,346.68
170689.67,286.45,15547.41,346.68
169251.36,286.62,15547.41,346.68
171050.63,286.40,15612.65,346.55
168893.14,286.67,15645.30,346.49
169251.36,286.62,15743.36,346.30
169251.36,286.62,15808.82,346.17
169251.36,286.62,15841.58,346.11
169072.16,286.64,15841.58,346.11
169610.11,286.58,15874.36,346.05
169072.16,286.64,15841.58,346.11
169969.41,286.53,15677.97,346.43
168178.38,286.75,15645.30,346.49
169969.41,286.53,15645.30,346.49
169610.11,286.58,15743.36,346.30
171231.30,286.38,15808.82,346.17
169430.64,286.60,15645.30,346.49
169610.11,286.58,15514.81,346.74
170329.27,286.49,15547.41,346.68
170689.67,286.45,15514.81,346.74
171050.63,286.40,15547.41,346.68
169430.64,286.60,15319.63,347.13
168535.48,286.71,15514.81,346.74
169969.41,286.53,15384.62,347.00
168714.23,286.69,15482.23,346.81
168893.14,286.67,15514.81,346.74
169610.11,286.58,15547.41,346.68
170689.67,286.45,15514.81,346.74
171231.30,286.38,15417.14,346.94
171231.30,286.38,15514.81,346.74
168893.14,286.67,15417.14,346.94
169969.41,286.53,15449.68,346.87
169251.36,286.62,15645.30,346.49
170689.67,286.45,15514.81,346.74
168535.48,286.71,15384.62,347.00
170149.25,286.51,15547.41,346.68
170689.67,286.45,15645.30,346.49
169251.36,286.62,15547.41,346.68
170149.25,286.51,15645.30,346.49
169610.11,286.58,15645.30,346.49
169430.64,286.60,15514.81,346.74
171231.30,286.38,15612.65,346.55
168535.48,286.71,15449.68,346.87
169969.41,286.53,15482.23,346.81
169610.11,286.58,15482.23,346.81
171050.63,286.40,15417.14,346.94
169072.16,286.64,15514.81,346.74
169969.41,286.53,15449.68,346.87
171050.63,286.40,15417.14,346.94
168714.23,286.69,15352.11,347.07
171050.63,286.40,15352.11,347.07
168356.84,286.73,15287.16,347.20
168714.23,286.69,15254.71,347.26
168893.14,286.67,15254.71,347.26
169610.11,286.58,15222.29,347.33
170870.06,286.42,15287.16,347.20
168714.23,286.69,15222.29,347.33
170329.27,286.49,14898.99,347.98
170689.67,286.45,15254.71,347.26
170149.25,286.51,15157.48,347.46
168714.23,286.69,15157.48,347.46
168893.14,286.67,14995.79,347.78
166755.34,286.93,15028.09,347.72
169969.41,286.53,14931.24,347.92
171231.30,286.38,15028.09,347.72
167821.80,286.80,15028.09,347.72
169610.11,286.58,15028.09,347.72
170689.67,286.45,14866.76,348.05
168356.84,286.73,14866.76,348.05
169610.11,286.58,15417.14,346.94
171231.30,286.38,14995.79,347.78
170509.39,286.47,15125.11,347.52
173045.83,286.16,15092.75,347.59
170329.27,286.49,15092.75,347.59
169430.64,286.60,15028.09,347.72
168893.14,286.67,15092.75,347.59
170329.27,286.49,15157.48,347.46
169072.16,286.64,15092.75,347.59
170149.25,286.51,15157.48,347.46
169251.36,286.62,14931.24,347.92
168535.48,286.71,14995.79,347.78
168714.23,286.69,14898.99,347.98
168356.84,286.73,15092.75,347.59
168714.23,286.69,15028.09,347.72
169251.36,286.62,15092.75,347.59
169430.64,286.60,14995.79,347.78
169969.41,286.53,15028.09,347.72
169610.11,286.58,14995.79,347.78
169430.64,286.60,15028.09,347.72
169430.64,286.60,14963.50,347.85
171231.30,286.38,14995.79,347.78
170870.06,286.42,14995.79,347.78
168893.14,286.67,15060.41,347.65
168356.84,286.73,14963.50,347.85
170329.27,286.49,14963.50,347.85
169610.11,286.58,14995.79,347.78
168356.84,286.73,14866.76,348.05
170149.25,286.51,14963.50,347.85
168535.48,286.71,14995.79,347.78
169251.36,286.62,14931.24,347.92
170870.06,286.42,14963.50,347.85
170329.27,286.49,14963.50,347.85
169430.64,286.60,14963.50,347.85
168893.14,286.67,15028.09,347.72
170689.67,286.45,14898.99,347.98
169610.11,286.58,14995.79,347.78
169251.36,286.62,14963.50,347.85
168714.23,286.69,15125.11,347.52
169610.11,286.58,15028.09,347.72
169430.64,286.60,15254.71,347.26
171050.63,286.40,15125.11,347.52
169251.36,286.62,15157.48,347.46
171231.30,286.38,15157.48,347.46
168714.23,286.69,15254.71,347.26
171231.30,286.38,15125.11,347.52
169969.41,286.53,14995.79,347.78
170870.06,286.42,15189.87,347.39
168356.84,286.73,15125.11,347.52
169251.36,286.62,15060.41,347.65
171050.63,286.40,15157.48,347.46
169430.64,286.60,15287.16,347.20
169610.11,286.58,15254.71,347.26
170329.27,286.49,15125.11,347.52
168893.14,286.67,15254.71,347.26
162537.67,287.47,15157.48,347.46
170870.06,286.42,15222.29,347.33
169251.36,286.62,15189.87,347.39
169610.11,286.58,15189.87,347.39
169610.11,286.58,15157.48,347.46
169251.36,286.62,15125.11,347.52
170689.67,286.45,15254.71,347.26
169610.11,286.58,15222.29,347.33
169072.16,286.64,15254.71,347.26
169610.11,286.58,15352.11,347.07
170149.25,286.51,15384.62,347.00
168178.38,286.75,15189.87,347.39
170689.67,286.45,15417.14,346.94
169610.11,286.58,15222.29,347.33
171231.30,286.38,15254.71,347.26
171231.30,286.38,15254.71,347.26
169072.16,286.64,15157.48,347.46
171231.30,286.38,15222.29,347.33
170329.27,286.49,15092.75,347.59
171231.30,286.38,15254.71,347.26
170509.39,286.47,15352.11,347.07
169251.36,286.62,14802.36,348.18
170689.67,286.45,15254.71,347.26
168714.23,286.69,15189.87,347.39
170329.27,286.49,15319.63,347.13
169430.64,286.60,15157.48,347.46
169610.11,286.58,15352.11,347.07
168535.48,286.71,15287.16,347.20
170870.06,286.42,15384.62,347.00
169430.64,286.60,15319.63,347.13
168893.14,286.67,15254.71,347.26
169789.67,286.56,15287.16,347.20
171231.30,286.38,15189.87,347.39
169251.36,286.62,15254.71,347.26
170329.27,286.49,15189.87,347.39
171231.30,286.38,15287.16,347.20
169072.16,286.64,15189.87,347.39
169969.41,286.53,15352.11,347.07
170870.06,286.42,15222.29,347.33
169789.67,286.56,15157.48,347.46
169251.36,286.62,15254.71,347.26
169969.41,286.53,15287.16,347.20
170149.25,286.51,15287.16,347.20
169610.11,286.58,15157.48,347.46
170329.27,286.49,15157.48,347.46
169430.64,286.60,15287.16,347.20
169072.16,286.64,15189.87,347.39
171231.30,286.38,15254.71,347.26
171050.63,286.40,15125.11,347.52
169251.36,286.62,15222.29,347.33
171231.30,286.38,15287.16,347.20
171231.30,286.38,15352.11,347.07
170149.25,286.51,15352.11,347.07
170149.25,286.51,15319.63,347.13
169251.36,286.62,15254.71,347.26
170870.06,286.42,15254.71,347.26
169430.64,286.60,15189.87,347.39
171231.30,286.38,15287.16,347.20
170329.27,286.49,15189.87,347.39
169969.41,286.53,15287.16,347.20
171231.30,286.38,15157.48,347.46
169251.36,286.62,15287.16,347.20
168356.84,286.73,15157.48,347.46
171412.14,286.36,15222.29,347.33
168535.48,286.71,15028.09,347.72
170870.06,286.42,15028.09,347.72
168356.84,286.73,15125.11,347.52
168714.23,286.69,15125.11,347.52
170329.27,286.49,15254.71,347.26
168535.48,286.71,15157.48,347.46
170329.27,286.49,15157.48,347.46
170149.25,286.51,15092.75,347.59
169610.11,286.58,15287.16,347.20
168893.14,286.67,15125.11,347.52
170689.67,286.45,15254.71,347.26
169251.36,286.62,15287.16,347.20
170329.27,286.49,15157.48,347.46
168178.38,286.75,15287.16,347.20
169072.16,286.64,15157.48,347.46
170329.27,286.49,15189.87,347.39
169251.36,286.62,15189.87,347.39
171050.63,286.40,15222.29,347.33
168356.84,286.73,15157.48,347.46
170149.25,286.51,15222.29,347.33
171231.30,286.38,15254.71,347.26
168535.48,286.71,15028.09,347.72
171231.30,286.38,15222.29,347.33
169969.41,286.53,15092.75,347.59
170329.27,286.49,15222.29,347.33
170689.67,286.45,15125.11,347.52
169251.36,286.62,15092.75,347.59
169969.41,286.53,15157.48,347.46
169072.16,286.64,15092.75,347.59
170689.67,286.45,15222.29,347.33
170329.27,286.49,15125.11,347.52
167821.80,286.80,14898.99,347.98
170689.67,286.45,14898.99,347.98
170149.25,286.51,15028.09,347.72
170329.27,286.49,14802.36,348.18
170870.06,286.42,14963.50,347.85
169610.11,286.58,14898.99,347.98
168893.14,286.67,14866.76,348.05
170329.27,286.49,14931.24,347.92
170329.27,286.49,15092.75,347.59
169789.67,286.56,14577.51,348.65
169610.11,286.58,14834.55,348.12
171050.63,286.40,15028.09,347.72
169251.36,286.62,14995.79,347.78
169789.67,286.56,15157.48,347.46
169610.11,286.58,15125.11,347.52
169610.11,286.58,15254.71,347.26
170689.67,286.45,15189.87,347.39
170329.27,286.49,15254.71,347.26
169251.36,286.62,15157.48,347.46
168000.00,286.78,15222.29,347.33
169251.36,286.62,15157.48,347.46
170689.67,286.45,15352.11,347.07
169610.11,286.58,15352.11,347.07
170689.67,286.45,15319.63,347.13
169430.64,286.60,15287.16,347.20
169251.36,286.62,15319.63,347.13
169251.36,286.62,15352.11,347.07
169430.64,286.60,15352.11,347.07
169072.16,286.64,15254.71,347.26
168535.48,286.71,15287.16,347.20
173592.92,286.10,15319.63,347.13
169969.41,286.53,15319.63,347.13
170329.27,286.49,15319.63,347.13
168714.23,286.69,15319.63,347.13
170689.67,286.45,15287.16,347.20
168893.14,286.67,15189.87,347.39
170870.06,286.42,15125.11,347.52
169251.36,286.62,15222.29,347.33
169610.11,286.58,15157.48,347.46
171050.63,286.40,15028.09,347.72
169251.36,286.62,15222.29,347.33
170149.25,286.51,15157.48,347.46
170329.27,286.49,15125.11,347.52
170870.06,286.42,15189.87,347.39
168356.84,286.73,15028.09,347.72
171231.30,286.38,15125.11,347.52
169969.41,286.53,15125.11,347.52
169072.16,286.64,15028.09,347.72
169610.11,286.58,14995.79,347.78
169969.41,286.53,14963.50,347.85
168893.14,286.67,14802.36,348.18
170149.25,286.51,15028.09,347.72
170870.06,286.42,14963.50,347.85
168178.38,286.75,14898.99,347.98
169610.11,286.58,14995.79,347.78
169251.36,286.62,14995.79,347.78
171231.30,286.38,14963.50,347.85
169430.64,286.60,14898.99,347.98
168893.14,286.67,15092.75,347.59
170329.27,286.49,14898.99,347.98
170149.25,286.51,14770.18,348.25
170329.27,286.49,15287.16,347.20
169610.11,286.58,14995.79,347.78
169610.11,286.58,14995.79,347.78
170149.25,286.51,15028.09,347.72
168714.23,286.69,15125.11,347.52
170689.67,286.45,15254.71,347.26
167821.80,286.80,15125.11,347.52
169430.64,286.60,15189.87,347.39
169430.64,286.60,15222.29,347.33
169969.41,286.53,15222.29,347.33
169789.67,286.56,15254.71,347.26
170329.27,286.49,15417.14,346.94
171231.30,286.38,15287.16,347.20
168893.14,286.67,15384.62,347.00
170870.06,286.42,15319.63,347.13
168356.84,286.73,15222.29,347.33
170870.06,286.42,15352.11,347.07
168893.14,286.67,15028.09,347.72
169610.11,286.58,15157.48,347.46
169610.11,286.58,15157.48,347.46
170870.06,286.42,15157.48,347.46
170329.27,286.49,15352.11,347.07
171231.30,286.38,15157.48,347.46
168893.14,286.67,15028.09,347.72
169251.36,286.62,15287.16,347.20
169969.41,286.53,14963.50,347.85
168714.23,286.69,15028.09,347.72
170329.27,286.49,15189.87,347.39
168714.23,286.69,14866.76,348.05
170870.06,286.42,15319.63,347.13
168893.14,286.67,15254.71,347.26
170870.06,286.42,15189.87,347.39
169430.64,286.60,15222.29,347.33
169969.41,286.53,15157.48,347.46
169969.41,286.53,15157.48,347.46
170870.06,286.42,15157.48,347.46
170689.67,286.45,15189.87,347.39
168178.38,286.75,15189.87,347.39
171231.30,286.38,15157.48,347.46
169072.16,286.64,15157.48,347.46
171231.30,286.38,15125.11,347.52
168893.14,286.67,14963.50,347.85
170329.27,286.49,15028.09,347.72
168714.23,286.69,15125.11,347.52
170149.25,286.51,14995.79,347.78
169430.64,286.60,15028.09,347.72
171231.30,286.38,14995.79,347.78
168000.00,286.78,14898.99,347.98
170509.39,286.47,15157.48,347.46
169969.41,286.53,14995.79,347.78
171231.30,286.38,14963.50,347.85
170689.67,286.45,14577.51,348.65
168893.14,286.67,15028.09,347.72
169251.36,286.62,14995.79,347.78
171231.30,286.38,15125.11,347.52
169969.41,286.53,15157.48,347.46
170509.39,286.47,15222.29,347.33
169430.64,286.60,14995.79,347.78
170689.67,286.45,15254.71,347.26
170149.25,286.51,15189.87,347.39
170149.25,286.51,15319.63,347.13
169430.64,286.60,15384.62,347.00
168714.23,286.69,15841.58,346.11
170329.27,286.49,15319.63,347.13
169251.36,286.62,15384.62,347.00
169430.64,286.60,15645.30,346.49
169430.64,286.60,15612.65,346.55
170870.06,286.42,15482.23,346.81
168356.84,286.73,15547.41,346.68
170689.67,286.45,15645.30,346.49
170689.67,286.45,15547.41,346.68
168893.14,286.67,15417.14,346.94
170329.27,286.49,15384.62,347.00
169610.11,286.58,15352.11,347.07
170509.39,286.47,15547.41,346.68
168535.48,286.71,15417.14,346.94
169430.64,286.60,15417.14,346.94
168893.14,286.67,15417.14,346.94
169610.11,286.58,15645.30,346.49
169430.64,286.60,15482.23,346.81
169430.64,286.60,15352.11,347.07
170329.27,286.49,15612.65,346.55
170870.06,286.42,15677.97,346.43
169251.36,286.62,15028.09,347.72
170689.67,286.45,15417.14,346.94
168893.14,286.67,15482.23,346.81
170329.27,286.49,15547.41,346.68
168535.48,286.71,15287.16,347.20
168714.23,286.69,15384.62,347.00
171231.30,286.38,15352.11,347.07
168714.23,286.69,15352.11,347.07
170149.25,286.51,15352.11,347.07
170689.67,286.45,15319.63,347.13
168535.48,286.71,15417.14,346.94
169251.36,286.62,15384.62,347.00
169969.41,286.53,15449.68,346.87
169610.11,286.58,15287.16,347.20
167821.80,286.80,15352.11,347.07
170689.67,286.45,15352.11,347.07
169610.11,286.58,15287.16,347.20
167821.80,286.80,15254.71,347.26
168535.48,286.71,15482.23,346.81
168893.14,286.67,15319.63,347.13
168893.14,286.67,15482.23,346.81
169969.41,286.53,15092.75,347.59
170689.67,286.45,15287.16,347.20
169430.64,286.60,15157.48,347.46
170329.27,286.49,15287.16,347.20
167821.80,286.80,15254.71,347.26
168356.84,286.73,15482.23,346.81
170329.27,286.49,15482.23,346.81
166047.06,287.02,15417.14,346.94
169610.11,286.58,15417.14,346.94
170329.27,286.49,15319.63,347.13
169430.64,286.60,15482.23,346.81
169610.11,286.58,15417.14,346.94
169610.11,286.58,15417.14,346.94
169251.36,286.62,15352.11,347.07
170329.27,286.49,15352.11,347.07
170509.39,286.47,15092.75,347.59
171050.63,286.40,15319.63,347.13
168535.48,286.71,15287.16,347.20
170149.25,286.51,15222.29,347.33
169789.67,286.56,15060.41,347.65
168535.48,286.71,14898.99,347.98
172136.83,286.27,15157.48,347.46
167821.80,286.80,14931.24,347.92
169430.64,286.60,15028.09,347.72
168535.48,286.71,15125.11,347.52
168178.38,286.75,14834.55,348.12
169969.41,286.53,15125.11,347.52
168893.14,286.67,14802.36,348.18
169430.64,286.60,14995.79,347.78
169610.11,286.58,15157.48,347.46
170509.39,286.47,14931.24,347.92
169430.64,286.60,15028.09,347.72
167465.77,286.84,15157.48,347.46
167821.80,286.80,15092.75,347.59
169610.11,286.58,14963.50,347.85
170689.67,286.45,14963.50,347.85
168714.23,286.69,14963.50,347.85
170689.67,286.45,15125.11,347.52
169610.11,286.58,15157.48,347.46
168535.48,286.71,14898.99,347.98
169251.36,286.62,15222.29,347.33
169251.36,286.62,15287.16,347.20
171050.63,286.40,15125.11,347.52
168000.00,286.78,15125.11,347.52
168893.14,286.67,14995.79,347.78
170149.25,286.51,15092.75,347.59
171231.30,286.38,15028.09,347.72
170329.27,286.49,15092.75,347.59
170329.27,286.49,15092.75,347.59
169610.11,286.58,15319.63,347.13
170689.67,286.45,15287.16,347.20
170149.25,286.51,15157.48,347.46
168535.48,286.71,15222.29,347.33
169789.67,286.56,15319.63,347.13
168893.14,286.67,15287.16,347.20
170689.67,286.45,15352.11,347.07
169610.11,286.58,15287.16,347.20
168893.14,286.67,15417.14,346.94
170689.67,286.45,15287.16,347.20
170329.27,286.49,15222.29,347.33
170509.39,286.47,15222.29,347.33
171231.30,286.38,14931.24,347.92
169789.67,286.56,15125.11,347.52
169610.11,286.58,15028.09,347.72
168535.48,286.71,15125.11,347.52
169430.64,286.60,15028.09,347.72
169251.36,286.62,15028.09,347.72
168893.14,286.67,14931.24,347.92
170149.25,286.51,14963.50,347.85
167821.80,286.80,15028.09,347.72
169610.11,286.58,15028.09,347.72
170689.67,286.45,15125.11,347.52
169430.64,286.60,15222.29,347.33
169789.67,286.56,14995.79,347.78
170329.27,286.49,15157.48,347.46
171050.63,286.40,15125.11,347.52
168356.84,286.73,15028.09,347.72
169610.11,286.58,14931.24,347.92
170329.27,286.49,15125.11,347.52
168893.14,286.67,15028.09,347.72
168535.48,286.71,15254.71,347.26
168714.23,286.69,15092.75,347.59
167465.77,286.84,14866.76,348.05
169430.64,286.60,15060.41,347.65
169251.36,286.62,15125.11,347.52
170149.25,286.51,14931.24,347.92
169969.41,286.53,14898.99,347.98
168356.84,286.73,14898.99,347.98
171050.63,286.40,14834.55,348.12
168893.14,286.67,14995.79,347.78
168535.48,286.71,14931.24,347.92
169251.36,286.62,14995.79,347.78
168893.14,286.67,14995.79,347.78
169969.41,286.53,15028.09,347.72
169610.11,286.58,15028.09,347.72
167821.80,286.80,14963.50,347.85
170870.06,286.42,15092.75,347.59
168714.23,286.69,14963.50,347.85
168535.48,286.71,14963.50,347.85
168893.14,286.67,15028.09,347.72
169251.36,286.62,14963.50,347.85
168178.38,286.75,14898.99,347.98
168535.48,286.71,14995.79,347.78
169251.36,286.62,14995.79,347.78
169430.64,286.60,14995.79,347.78
169610.11,286.58,14963.50,347.85
168356.84,286.73,14995.79,347.78
169251.36,286.62,14995.79,347.78
170149.25,286.51,14963.50,347.85
168893.14,286.67,14866.76,348.05
168178.38,286.75,14963.50,347.85
170149.25,286.51,14963.50,347.85
168356.84,286.73,14834.55,348.12
168356.84,286.73,14963.50,347.85
169430.64,286.60,14898.99,347.98
169969.41,286.53,14866.76,348.05
169430.64,286.60,14963.50,347.85
169969.41,286.53,14898.99,347.98
167643.70,286.82,14770.18,348.25
170329.27,286.49,15028.09,347.72
170689.67,286.45,15254.71,347.26
168893.14,286.67,15254.71,347.26
168000.00,286.78,15125.11,347.52
168535.48,286.71,15287.16,347.20
168535.48,286.71,15222.29,347.33
170329.27,286.49,15157.48,347.46
168714.23,286.69,15092.75,347.59
170870.06,286.42,15287.16,347.20
168893.14,286.67,15157.48,347.46
170329.27,286.49,14770.18,348.25
168714.23,286.69,14963.50,347.85
169430.64,286.60,15157.48,347.46
169430.64,286.60,15157.48,347.46
169251.36,286.62,15125.11,347.52
170870.06,286.42,15092.75,347.59
168893.14,286.67,14995.79,347.78
170329.27,286.49,15092.75,347.59
170870.06,286.42,15092.75,347.59
169251.36,286.62,15125.11,347.52
169430.64,286.60,15092.75,347.59
169610.11,286.58,15222.29,347.33
168893.14,286.67,15028.09,347.72
170149.25,286.51,15157.48,347.46
168714.23,286.69,15222.29,347.33
170329.27,286.49,15352.11,347.07
169969.41,286.53,15319.63,347.13
168535.48,286.71,15287.16,347.20
169251.36,286.62,15417.14,346.94
169969.41,286.53,15287.16,347.20
169610.11,286.58,14931.24,347.92
170509.39,286.47,15287.16,347.20
168000.00,286.78,15254.71,347.26
170149.25,286.51,15287.16,347.20
168714.23,286.69,15352.11,347.07
169251.36,286.62,15417.14,346.94
170149.25,286.51,15319.63,347.13
169072.16,286.64,15417.14,346.94
169251.36,286.62,15319.63,347.13
167821.80,286.80,15319.63,347.13
169251.36,286.62,14995.79,347.78
171231.30,286.38,15417.14,346.94
168714.23,286.69,15319.63,347.13
170329.27,286.49,15287.16,347.20
168893.14,286.67,15189.87,347.39
169251.36,286.62,15287.16,347.20
171231.30,286.38,15254.71,347.26
168893.14,286.67,15287.16,347.20
168356.84,286.73,15319.63,347.13
169969.41,286.53,15287.16,347.20
169430.64,286.60,15287.16,347.20
168535.48,286.71,15352.11,347.07
167465.77,286.84,15287.16,347.20
168535.48,286.71,15319.63,347.13
170329.27,286.49,15482.23,346.81
168893.14,286.67,15417.14,346.94
168535.48,286.71,15482.23,346.81
170329.27,286.49,15482.23,346.81
168535.48,286.71,15384.62,347.00
168356.84,286.73,15319.63,347.13
169430.64,286.60,15319.63,347.13
169610.11,286.58,15319.63,347.13
170149.25,286.51,15157.48,347.46
169072.16,286.64,15092.75,347.59
167821.80,286.80,15157.48,347.46
171231.30,286.38,15157.48,347.46
168893.14,286.67,15189.87,347.39
169969.41,286.53,15157.48,347.46
168535.48,286.71,15028.09,347.72
170689.67,286.45,15092.75,347.59
171231.30,286.38,14931.24,347.92
168356.84,286.73,15254.71,347.26
169251.36,286.62,14802.36,348.18
169430.64,286.60,14963.50,347.85
169610.11,286.58,14995.79,347.78
169610.11,286.58,15125.11,347.52
169072.16,286.64,15125.11,347.52
170870.06,286.42,15028.09,347.72
168178.38,286.75,15189.87,347.39
169789.67,286.56,15028.09,347.72
169430.64,286.60,15157.48,347.46
169610.11,286.58,15060.41,347.65
165870.30,287.04,15287.16,347.20
171050.63,286.40,15222.29,347.33
169251.36,286.62,15222.29,347.33
170689.67,286.45,15352.11,347.07
168178.38,286.75,15254.71,347.26
169610.11,286.58,15352.11,347.07
170329.27,286.49,15319.63,347.13
167821.80,286.80,15352.11,347.07
171050.63,286.40,15319.63,347.13
169969.41,286.53,15157.48,347.46
169251.36,286.62,15189.87,347.39
169251.36,286.62,15352.11,347.07
169610.11,286.58,15157.48,347.46
168714.23,286.69,15287.16,347.20
169969.41,286.53,15287.16,347.20
169430.64,286.60,15157.48,347.46
169610.11,286.58,15287.16,347.20
169789.67,286.56,15254.71,347.26
170149.25,286.51,15319.63,347.13
170689.67,286.45,14963.50,347.85
169251.36,286.62,14834.55,348.12
169251.36,286.62,14802.36,348.18
170689.67,286.45,15157.48,347.46
168356.84,286.73,15092.75,347.59
169430.64,286.60,15222.29,347.33
171412.14,286.36,15189.87,347.39
168356.84,286.73,15254.71,347.26
168356.84,286.73,15352.11,347.07
169430.64,286.60,15319.63,347.13
169969.41,286.53,15384.62,347.00
169610.11,286.58,15417.14,346.94
169610.11,286.58,15352.11,347.07
170509.39,286.47,15547.41,346.68
170689.67,286.45,15514.81,346.74
169430.64,286.60,15547.41,346.68
169251.36,286.62,15645.30,346.49
168893.14,286.67,15677.97,346.43
168000.00,286.78,15645.30,346.49
169969.41,286.53,15612.65,346.55
169072.16,286.64,15677.97,346.43
168893.14,286.67,15645.30,346.49
169430.64,286.60,15776.08,346.24
167287.95,286.86,15612.65,346.55
170689.67,286.45,15612.65,346.55
169969.41,286.53,15743.36,346.30
169072.16,286.64,15612.65,346.55
168893.14,286.67,15482.23,346.81
170870.06,286.42,15645.30,346.49
169072.16,286.64,15612.65,346.55
169969.41,286.53,15710.65,346.36
169251.36,286.62,15645.30,346.49
168714.23,286.69,15677.97,346.43
170149.25,286.51,15776.08,346.24
168893.14,286.67,15547.41,346.68
168535.48,286.71,15743.36,346.30
171050.63,286.40,15743.36,346.30
168535.48,286.71,15645.30,346.49
169789.67,286.56,15612.65,346.55
169251.36,286.62,15808.82,346.17
169251.36,286.62,15743.36,346.30
171231.30,286.38,15710.65,346.36
169251.36,286.62,15547.41,346.68
171412.14,286.36,15612.65,346.55
170329.27,286.49,15612.65,346.55
168356.84,286.73,15547.41,346.68
170149.25,286.51,15514.81,346.74
168356.84,286.73,15645.30,346.49
169610.11,286.58,15514.81,346.74
169969.41,286.53,15514.81,346.74
168178.38,286.75,15514.81,346.74
168893.14,286.67,15482.23,346.81
168535.48,286.71,15514.81,346.74
169251.36,286.62,15677.97,346.43
168714.23,286.69,14834.55,348.12
167465.77,286.84,15287.16,347.20
168714.23,286.69,15384.62,347.00
169251.36,286.62,15287.16,347.20
169610.11,286.58,15254.71,347.26
168714.23,286.69,15254.71,347.26
169610.11,286.58,15319.63,347.13
168893.14,286.67,15417.14,346.94
168714.23,286.69,15254.71,347.26
169610.11,286.58,15222.29,347.33
170509.39,286.47,15222.29,347.33
168714.23,286.69,15319.63,347.13
170329.27,286.49,15352.11,347.07
167643.70,286.82,15319.63,347.13
169251.36,286.62,15417.14,346.94
168535.48,286.71,15319.63,347.13
168714.23,286.69,15417.14,346.94
169430.64,286.60,15547.41,346.68
168356.84,286.73,15482.23,346.81
168714.23,286.69,15547.41,346.68
168000.00,286.78,15547.41,346.68
167821.80,286.80,15352.11,347.07
170329.27,286.49,15417.14,346.94
168893.14,286.67,15417.14,346.94
169610.11,286.58,15319.63,347.13
168178.38,286.75,15417.14,346.94
169430.64,286.60,15157.48,347.46
169610.11,286.58,15319.63,347.13
168356.84,286.73,15319.63,347.13
171050.63,286.40,15384.62,347.00
168535.48,286.71,14770.18,348.25
169072.16,286.64,15384.62,347.00
168714.23,286.69,15319.63,347.13
169251.36,286.62,15222.29,347.33
170329.27,286.49,15514.81,346.74
168535.48,286.71,15157.48,347.46
169430.64,286.60,15157.48,347.46
169430.64,286.60,15157.48,347.46
169610.11,286.58,15222.29,347.33
169610.11,286.58,15125.11,347.52
168714.23,286.69,15125.11,347.52
168714.23,286.69,15254.71,347.26
168893.14,286.67,14898.99,347.98
169072.16,286.64,14963.50,347.85
168535.48,286.71,15189.87,347.39
169251.36,286.62,15028.09,347.72
169072.16,286.64,15092.75,347.59
168000.00,286.78,14995.79,347.78
169610.11,286.58,14995.79,347.78
168714.23,286.69,15125.11,347.52
169430.64,286.60,15028.09,347.72
169969.41,286.53,15222.29,347.33
170149.25,286.51,14834.55,348.12
169430.64,286.60,14866.76,348.05
169430.64,286.60,14866.76,348.05
170509.39,286.47,14802.36,348.18
168535.48,286.71,14834.55,348.12
169969.41,286.53,14834.55,348.12
168714.23,286.69,14834.55,348.12
169251.36,286.62,14834.55,348.12
170689.67,286.45,14866.76,348.05
168000.00,286.78,14802.36,348.18
171050.63,286.40,14931.24,347.92
168535.48,286.71,14834.55,348.12
170689.67,286.45,14898.99,347.98
170149.25,286.51,14898.99,347.98
169789.67,286.56,14834.55,348.12
167643.70,286.82,14834.55,348.12
169430.64,286.60,14898.99,347.98
168893.14,286.67,14802.36,348.18
169430.64,286.60,14802.36,348.18
167465.77,286.84,14802.36,348.18
168178.38,286.75,14898.99,347.98
167821.80,286.80,14834.55,348.12
168356.84,286.73,14802.36,348.18
169430.64,286.60,14834.55,348.12
168893.14,286.67,14802.36,348.18
171050.63,286.40,14866.76,348.05
168714.23,286.69,14866.76,348.05
168893.14,286.67,14866.76,348.05
169251.36,286.62,14898.99,347.98
168535.48,286.71,14834.55,348.12
168356.84,286.73,14866.76,348.05
168535.48,286.71,14898.99,347.98
168714.23,286.69,14802.36,348.18
169610.11,286.58,14898.99,347.98
168178.38,286.75,14898.99,347.98
168893.14,286.67,14963.50,347.85
170870.06,286.42,14866.76,348.05
168893.14,286.67,14931.24,347.92
168893.14,286.67,14995.79,347.78
170149.25,286.51,14898.99,347.98
169430.64,286.60,14802.36,348.18
170149.25,286.51,15028.09,347.72
168535.48,286.71,14931.24,347.92
171231.30,286.38,15092.75,347.59
168356.84,286.73,14898.99,347.98
168714.23,286.69,15125.11,347.52
168893.14,286.67,14995.79,347.78
168714.23,286.69,15125.11,347.52
168178.38,286.75,15125.11,347.52
169610.11,286.58,15189.87,347.39
168535.48,286.71,15287.16,347.20
167110.28,286.89,15417.14,346.94
170149.25,286.51,15157.48,347.46
168714.23,286.69,15092.75,347.59
168714.23,286.69,14995.79,347.78
168893.14,286.67,14995.79,347.78
169610.11,286.58,15092.75,347.59
169251.36,286.62,15125.11,347.52
170149.25,286.51,15125.11,347.52
169251.36,286.62,14995.79,347.78
168535.48,286.71,15028.09,347.72
168535.48,286.71,15222.29,347.33
168178.38,286.75,15028.09,347.72
170689.67,286.45,15222.29,347.33
169072.16,286.64,15092.75,347.59
168535.48,286.71,15028.09,347.72
168893.14,286.67,15157.48,347.46
169251.36,286.62,15157.48,347.46
169610.11,286.58,15028.09,347.72
168356.84,286.73,15060.41,347.65
168000.00,286.78,14963.50,347.85
168356.84,286.73,15028.09,347.72
170689.67,286.45,15189.87,347.39
169251.36,286.62,15092.75,347.59
168178.38,286.75,14995.79,347.78
170149.25,286.51,14995.79,347.78
167287.95,286.86,14802.36,348.18
168356.84,286.73,15189.87,347.39
171231.30,286.38,15189.87,347.39
168535.48,286.71,15092.75,347.59
169430.64,286.60,15028.09,347.72
170509.39,286.47,15222.29,347.33
171231.30,286.38,15028.09,347.72
168178.38,286.75,15254.71,347.26
168535.48,286.71,15157.48,347.46
168714.23,286.69,15028.09,347.72
168714.23,286.69,15060.41,347.65
169610.11,286.58,15157.48,347.46
168893.14,286.67,15254.71,347.26
168893.14,286.67,15125.11,347.52
170149.25,286.51,15189.87,347.39
169251.36,286.62,15157.48,347.46
168893.14,286.67,15125.11,347.52
170689.67,286.45,15157.48,347.46
169072.16,286.64,15189.87,347.39
168356.84,286.73,15125.11,347.52
168356.84,286.73,14995.79,347.78
169251.36,286.62,15028.09,347.72
169072.16,286.64,15222.29,347.33
168714.23,286.69,15125.11,347.52
169430.64,286.60,15028.09,347.72
168714.23,286.69,15157.48,347.46
171231.30,286.38,15254.71,347.26
169610.11,286.58,15319.63,347.13
168893.14,286.67,15319.63,347.13
168535.48,286.71,15287.16,347.20
168535.48,286.71,15352.11,347.07
169969.41,286.53,15222.29,347.33
168535.48,286.71,15319.63,347.13
169251.36,286.62,15287.16,347.20
168356.84,286.73,15287.16,347.20
170689.67,286.45,15287.16,347.20
168356.84,286.73,15157.48,347.46
169251.36,286.62,15222.29,347.33
170149.25,286.51,15254.71,347.26
169430.64,286.60,15125.11,347.52
170149.25,286.51,15125.11,347.52
167287.95,286.86,15222.29,347.33
167465.77,286.84,15222.29,347.33
169610.11,286.58,15222.29,347.33
169969.41,286.53,15254.71,347.26
170870.06,286.42,15189.87,347.39
170870.06,286.42,15319.63,347.13
168893.14,286.67,15157.48,347.46
168535.48,286.71,15092.75,347.59
170870.06,286.42,15287.16,347.20
168356.84,286.73,15189.87,347.39
168714.23,286.69,15222.29,347.33
168893.14,286.67,15384.62,347.00
168535.48,286.71,15189.87,347.39
169610.11,286.58,15352.11,347.07
169251.36,286.62,15384.62,347.00
168893.14,286.67,15384.62,347.00
168893.14,286.67,15189.87,347.39
170149.25,286.51,15287.16,347.20
170689.67,286.45,15287.16,347.20
169251.36,286.62,15222.29,347.33
168893.14,286.67,15125.11,347.52
169610.11,286.58,15254.71,347.26
170329.27,286.49,15254.71,347.26
169251.36,286.62,15222.29,347.33
169251.36,286.62,15254.71,347.26
170870.06,286.42,15254.71,347.26
168714.23,286.69,15222.29,347.33
170149.25,286.51,15482.23,346.81
169430.64,286.60,15189.87,347.39
171593.08,286.34,15254.71,347.26
168714.23,286.69,15157.48,347.46
170149.25,286.51,15125.11,347.52
168356.84,286.73,14963.50,347.85
168893.14,286.67,15028.09,347.72
170689.67,286.45,15028.09,347.72
166755.34,286.93,15157.48,347.46
171050.63,286.40,15157.48,347.46
169610.11,286.58,15092.75,347.59
169610.11,286.58,15157.48,347.46
167465.77,286.84,15028.09,347.72
166223.91,287.00,15287.16,347.20
168356.84,286.73,15254.71,347.26
169610.11,286.58,15189.87,347.39
168356.84,286.73,15157.48,347.46
169251.36,286.62,15028.09,347.72
171231.30,286.38,15125.11,347.52
168714.23,286.69,15028.09,347.72
169610.11,286.58,15125.11,347.52
168535.48,286.71,14963.50,347.85
170329.27,286.49,15222.29,347.33
169610.11,286.58,15125.11,347.52
170149.25,286.51,15125.11,347.52
170149.25,286.51,15125.11,347.52
168893.14,286.67,15092.75,347.59
168535.48,286.71,14995.79,347.78
169072.16,286.64,15125.11,347.52
169251.36,286.62,14898.99,347.98
169430.64,286.60,15157.48,347.46
169430.64,286.60,15028.09,347.72
171231.30,286.38,15157.48,347.46
168714.23,286.69,15125.11,347.52
169610.11,286.58,15125.11,347.52
170329.27,286.49,15254.71,347.26
169251.36,286.62,15222.29,347.33
170329.27,286.49,15254.71,347.26
168356.84,286.73,15092.75,347.59
168535.48,286.71,15125.11,347.52
167821.80,286.80,14995.79,347.78
170870.06,286.42,14834.55,348.12
168714.23,286.69,15125.11,347.52
170689.67,286.45,14963.50,347.85
170870.06,286.42,15157.48,347.46
169072.16,286.64,15157.48,347.46
171231.30,286.38,14866.76,348.05
168356.84,286.73,15157.48,347.46
169430.64,286.60,15222.29,347.33
170689.67,286.45,15125.11,347.52
169072.16,286.64,15287.16,347.20
169430.64,286.60,15222.29,347.33
171050.63,286.40,15287.16,347.20
169430.64,286.60,15287.16,347.20
170149.25,286.51,15319.63,347.13
169789.67,286.56,15384.62,347.00
168356.84,286.73,15514.81,346.74
168356.84,286.73,14963.50,347.85
168000.00,286.78,15254.71,347.26
170329.27,286.49,15384.62,347.00
168356.84,286.73,15254.71,347.26
168714.23,286.69,15287.16,347.20
169610.11,286.58,15352.11,347.07
167287.95,286.86,15287.16,347.20
169610.11,286.58,15352.11,347.07
169251.36,286.62,15157.48,347.46
169251.36,286.62,15189.87,347.39
171231.30,286.38,15222.29,347.33
168178.38,286.75,15417.14,346.94
169251.36,286.62,15319.63,347.13
169969.41,286.53,15254.71,347.26
169251.36,286.62,15157.48,347.46
171050.63,286.40,15060.41,347.65
168000.00,286.78,15092.75,347.59
168356.84,286.73,15222.29,347.33
171050.63,286.40,15287.16,347.20
169610.11,286.58,15319.63,347.13
168893.14,286.67,15417.14,346.94
170329.27,286.49,15157.48,347.46
170689.67,286.45,15287.16,347.20
168356.84,286.73,15125.11,347.52
170149.25,286.51,15254.71,347.26
169430.64,286.60,15222.29,347.33
167110.28,286.89,15189.87,347.39
169610.11,286.58,15319.63,347.13
171050.63,286.40,15125.11,347.52
168893.14,286.67,15222.29,347.33
170149.25,286.51,16269.17,345.31
169430.64,286.60,15125.11,347.52
170149.25,286.51,15092.75,347.59
168356.84,286.73,15157.48,347.46
167821.80,286.80,15125.11,347.52
170329.27,286.49,15157.48,347.46
170329.27,286.49,15092.75,347.59
168000.00,286.78,14995.79,347.78
168000.00,286.78,14834.55,348.12
168893.14,286.67,15060.41,347.65
170689.67,286.45,15125.11,347.52
169072.16,286.64,15254.71,347.26
168893.14,286.67,15092.75,347.59
168356.84,286.73,15125.11,347.52
170509.39,286.47,15222.29,347.33
169430.64,286.60,15254.71,347.26
170149.25,286.51,15189.87,347.39
169610.11,286.58,14995.79,347.78
168714.23,286.69,15125.11,347.52
168178.38,286.75,14995.79,347.78
169072.16,286.64,15028.09,347.72
168893.14,286.67,15222.29,347.33
169430.64,286.60,15028.09,347.72
169251.36,286.62,15287.16,347.20
168714.23,286.69,15125.11,347.52
168893.14,286.67,14963.50,347.85
170689.67,286.45,15157.48,347.46
169072.16,286.64,14995.79,347.78
169969.41,286.53,15092.75,347.59
170870.06,286.42,15125.11,347.52
168714.23,286.69,15092.75,347.59
169251.36,286.62,15060.41,347.65
168893.14,286.67,15092.75,347.59
168000.00,286.78,15125.11,347.52
169430.64,286.60,15222.29,347.33
169969.41,286.53,15287.16,347.20
168535.48,286.71,15287.16,347.20
169251.36,286.62,15319.63,347.13
170149.25,286.51,15189.87,347.39
171231.30,286.38,15222.29,347.33
169969.41,286.53,15125.11,347.52
168893.14,286.67,15157.48,347.46
169251.36,286.62,15157.48,347.46
170149.25,286.51,15125.11,347.52
168893.14,286.67,15092.75,347.59
169251.36,286.62,15222.29,347.33
170689.67,286.45,15157.48,347.46
168000.00,286.78,15028.09,347.72
169610.11,286.58,15125.11,347.52
168893.14,286.67,15157.48,347.46
168535.48,286.71,15125.11,347.52
169969.41,286.53,15157.48,347.46
169251.36,286.62,15222.29,347.33
169251.36,286.62,15189.87,347.39
168535.48,286.71,14963.50,347.85
170149.25,286.51,15125.11,347.52
168178.38,286.75,14931.24,347.92
168356.84,286.73,15028.09,347.72
169251.36,286.62,15060.41,347.65
168356.84,286.73,15060.41,347.65
168356.84,286.73,14834.55,348.12
170329.27,286.49,15028.09,347.72
170329.27,286.49,14802.36,348.18
169430.64,286.60,14834.55,348.12
168714.23,286.69,14995.79,347.78
170509.39,286.47,14963.50,347.85
169251.36,286.62,14866.76,348.05
169251.36,286.62,14963.50,347.85
170509.39,286.47,14963.50,347.85
168893.14,286.67,14963.50,347.85
168893.14,286.67,14995.79,347.78
168356.84,286.73,14995.79,347.78
169430.64,286.60,14963.50,347.85
168356.84,286.73,14995.79,347.78
168356.84,286.73,15189.87,347.39
171231.30,286.38,14963.50,347.85
170870.06,286.42,15028.09,347.72
169430.64,286.60,15092.75,347.59
168714.23,286.69,15157.48,347.46
170870.06,286.42,15157.48,347.46
169072.16,286.64,15287.16,347.20
169610.11,286.58,15222.29,347.33
168714.23,286.69,15157.48,347.46
168535.48,286.71,15352.11,347.07
169430.64,286.60,15287.16,347.20
169072.16,286.64,14995.79,347.78
168893.14,286.67,15157.48,347.46
168535.48,286.71,15222.29,347.33
167821.80,286.80,15028.09,347.72
169251.36,286.62,15222.29,347.33
170149.25,286.51,14995.79,347.78
167821.80,286.80,15157.48,347.46
167821.80,286.80,14995.79,347.78
168535.48,286.71,15157.48,347.46
169251.36,286.62,15287.16,347.20
169610.11,286.58,15319.63,347.13
168178.38,286.75,15254.71,347.26
168000.00,286.78,15287.16,347.20
169610.11,286.58,15384.62,347.00
169969.41,286.53,15254.71,347.26
169430.64,286.60,15157.48,347.46
169430.64,286.60,15254.71,347.26
168893.14,286.67,15254.71,347.26
169430.64,286.60,15352.11,347.07
171231.30,286.38,15189.87,347.39
168714.23,286.69,15287.16,347.20
168535.48,286.71,15125.11,347.52
168714.23,286.69,15222.29,347.33
170149.25,286.51,15287.16,347.20
168356.84,286.73,15287.16,347.20
169072.16,286.64,15352.11,347.07
169610.11,286.58,15287.16,347.20
170689.67,286.45,15287.16,347.20
168714.23,286.69,15287.16,347.20
169610.11,286.58,15125.11,347.52
169072.16,286.64,15028.09,347.72
169969.41,286.53,15287.16,347.20
170329.27,286.49,15352.11,347.07
170149.25,286.51,15287.16,347.20
169969.41,286.53,15287.16,347.20
169430.64,286.60,15384.62,347.00
171231.30,286.38,15352.11,347.07
169969.41,286.53,15254.71,347.26
170329.27,286.49,15417.14,346.94
169969.41,286.53,15319.63,347.13
168356.84,286.73,15287.16,347.20
168714.23,286.69,15319.63,347.13
169430.64,286.60,15287.16,347.20
168714.23,286.69,15319.63,347.13
168356.84,286.73,15352.11,347.07
169610.11,286.58,15384.62,347.00
168535.48,286.71,15287.16,347.20
169430.64,286.60,15352.11,347.07
169969.41,286.53,15254.71,347.26
168714.23,286.69,15319.63,347.13
168535.48,286.71,15319.63,347.13
171231.30,286.38,15254.71,347.26
168356.84,286.73,15189.87,347.39
169969.41,286.53,15254.71,347.26
169789.67,286.56,15157.48,347.46
170509.39,286.47,15254.71,347.26
169430.64,286.60,15125.11,347.52
168000.00,286.78,15125.11,347.52
168714.23,286.69,15254.71,347.26
168356.84,286.73,15254.71,347.26
165693.72,287.06,15287.16,347.20
167643.70,286.82,15319.63,347.13
169610.11,286.58,15319.63,347.13
169251.36,286.62,15319.63,347.13
169430.64,286.60,15157.48,347.46
168000.00,286.78,15222.29,347.33
171050.63,286.40,15157.48,347.46
168356.84,286.73,15157.48,347.46
169430.64,286.60,15319.63,347.13
170689.67,286.45,15222.29,347.33
167287.95,286.86,15157.48,347.46
170149.25,286.51,15157.48,347.46
169969.41,286.53,15157.48,347.46
170689.67,286.45,15254.71,347.26
169969.41,286.53,15222.29,347.33
168714.23,286.69,15352.11,347.07
170329.27,286.49,15352.11,347.07
169969.41,286.53,15254.71,347.26
171231.30,286.38,15352.11,347.07
168893.14,286.67,15254.71,347.26
167465.77,286.84,15287.16,347.20
171231.30,286.38,15319.63,347.13
169430.64,286.60,15254.71,347.26
168356.84,286.73,15125.11,347.52
169251.36,286.62,15125.11,347.52
171231.30,286.38,15092.75,347.59
171231.30,286.38,15125.11,347.52
169610.11,286.58,15157.48,347.46
170870.06,286.42,15028.09,347.72
170870.06,286.42,15028.09,347.72
168178.38,286.75,15092.75,347.59
172136.83,286.27,14963.50,347.85
169430.64,286.60,15222.29,347.33
168535.48,286.71,14995.79,347.78
169430.64,286.60,15028.09,347.72
168714.23,286.69,15189.87,347.39
168893.14,286.67,15157.48,347.46
169251.36,286.62,15254.71,347.26
168178.38,286.75,15092.75,347.59
167287.95,286.86,15092.75,347.59
169969.41,286.53,15028.09,347.72
168893.14,286.67,15028.09,347.72
169251.36,286.62,15189.87,347.39
169430.64,286.60,15125.11,347.52
168535.48,286.71,15125.11,347.52
170149.25,286.51,15028.09,347.72
168893.14,286.67,14995.79,347.78
170149.25,286.51,14834.55,348.12
169430.64,286.60,15125.11,347.52
170149.25,286.51,15092.75,347.59
168535.48,286.71,14963.50,347.85
168178.38,286.75,14866.76,348.05
171231.30,286.38,15028.09,347.72
169251.36,286.62,15028.09,347.72
168178.38,286.75,14963.50,347.85
168893.14,286.67,14963.50,347.85
169610.11,286.58,14963.50,347.85
168356.84,286.73,14995.79,347.78
170329.27,286.49,15189.87,347.39
169610.11,286.58,15028.09,347.72
169251.36,286.62,14898.99,347.98
169610.11,286.58,15222.29,347.33
170689.67,286.45,15189.87,347.39
167821.80,286.80,14866.76,348.05
170149.25,286.51,15157.48,347.46
170329.27,286.49,15092.75,347.59
168178.38,286.75,14995.79,347.78
168535.48,286.71,15157.48,347.46
168356.84,286.73,15028.09,347.72
168535.48,286.71,15157.48,347.46
168535.48,286.71,15157.48,347.46
170870.06,286.42,15189.87,347.39
169072.16,286.64,15222.29,347.33
168356.84,286.73,15222.29,347.33
169610.11,286.58,14963.50,347.85
168535.48,286.71,14931.24,347.92
168893.14,286.67,14995.79,347.78
170149.25,286.51,14995.79,347.78
168893.14,286.67,15092.75,347.59
168356.84,286.73,14995.79,347.78
169072.16,286.64,14995.79,347.78
169610.11,286.58,14963.50,347.85
167821.80,286.80,14898.99,347.98
168714.23,286.69,14609.57,348.58
168000.00,286.78,15092.75,347.59
170689.67,286.45,15287.16,347.20
168178.38,286.75,15125.11,347.52
168535.48,286.71,15222.29,347.33
170689.67,286.45,15222.29,347.33
169610.11,286.58,15157.48,347.46
167465.77,286.84,15222.29,347.33
168893.14,286.67,15287.16,347.20
170329.27,286.49,15287.16,347.20
169430.64,286.60,15319.63,347.13
168000.00,286.78,15287.16,347.20
169610.11,286.58,15254.71,347.26
171050.63,286.40,15254.71,347.26
168893.14,286.67,15254.71,347.26
169072.16,286.64,15092.75,347.59
167465.77,286.84,15222.29,347.33
169251.36,286.62,15287.16,347.20
169610.11,286.58,15319.63,347.13
168714.23,286.69,15352.11,347.07
167110.28,286.89,15125.11,347.52
168535.48,286.71,15482.23,346.81
168893.14,286.67,15384.62,347.00
167465.77,286.84,15352.11,347.07
168714.23,286.69,15352.11,347.07
169430.64,286.60,15417.14,346.94
170509.39,286.47,15482.23,346.81
169251.36,286.62,15352.11,347.07
169610.11,286.58,15352.11,347.07
169430.64,286.60,15384.62,347.00
168356.84,286.73,15417.14,346.94
168000.00,286.78,15287.16,347.20
169072.16,286.64,15287.16,347.20
168893.14,286.67,15222.29,347.33
169430.64,286.60,15384.62,347.00
169430.64,286.60,15287.16,347.20
168178.38,286.75,15352.11,347.07
168535.48,286.71,15287.16,347.20
170149.25,286.51,15482.23,346.81
169072.16,286.64,15417.14,346.94
168535.48,286.71,15547.41,346.68
167821.80,286.80,15645.30,346.49
168535.48,286.71,15645.30,346.49
167110.28,286.89,15547.41,346.68
170329.27,286.49,15743.36,346.30
168356.84,286.73,15710.65,346.36
169251.36,286.62,15449.68,346.87
168178.38,286.75,15841.58,346.11
168356.84,286.73,15743.36,346.30
168356.84,286.73,15612.65,346.55
170329.27,286.49,15677.97,346.43
168535.48,286.71,15743.36,346.30
168178.38,286.75,15841.58,346.11
170329.27,286.49,15841.58,346.11
168535.48,286.71,15841.58,346.11
168178.38,286.75,15808.82,346.17
168535.48,286.71,15841.58,346.11
169430.64,286.60,15808.82,346.17
168356.84,286.73,15874.36,346.05
169610.11,286.58,15841.58,346.11
169251.36,286.62,15776.08,346.24
168178.38,286.75,15547.41,346.68
168178.38,286.75,15677.97,346.43
168000.00,286.78,15677.97,346.43
168714.23,286.69,15612.65,346.55
169072.16,286.64,15612.65,346.55
166578.05,286.95,15547.41,346.68
168714.23,286.69,15514.81,346.74
168535.48,286.71,15482.23,346.81
168893.14,286.67,15514.81,346.74
168714.23,286.69,15514.81,346.74
168535.48,286.71,14802.36,348.18
168000.00,286.78,15547.41,346.68
169969.41,286.53,15482.23,346.81
170689.67,286.45,15417.14,346.94
169072.16,286.64,15384.62,347.00
168893.14,286.67,15352.11,347.07
168893.14,286.67,15482.23,346.81
168356.84,286.73,15417.14,346.94
169072.16,286.64,15417.14,346.94
168714.23,286.69,15384.62,347.00
168714.23,286.69,15482.23,346.81
169072.16,286.64,15514.81,346.74
168535.48,286.71,15384.62,347.00
168535.48,286.71,15319.63,347.13
169430.64,286.60,15384.62,347.00
167821.80,286.80,15384.62,347.00
166755.34,286.93,15547.41,346.68
169072.16,286.64,15677.97,346.43
168893.14,286.67,15482.23,346.81
171231.30,286.38,15482.23,346.81
169430.64,286.60,15482.23,346.81
169610.11,286.58,15907.16,345.99
169072.16,286.64,15482.23,346.81
170689.67,286.45,15514.81,346.74
171231.30,286.38,15580.02,346.62
168000.00,286.78,15352.11,347.07
169251.36,286.62,15417.14,346.94
166047.06,287.02,15482.23,346.81
168178.38,286.75,15287.16,347.20
168000.00,286.78,15352.11,347.07
168356.84,286.73,15514.81,346.74
168535.48,286.71,15319.63,347.13
167821.80,286.80,15287.16,347.20
169610.11,286.58,15384.62,347.00
169969.41,286.53,15287.16,347.20
168356.84,286.73,15287.16,347.20
170509.39,286.47,15384.62,347.00
168356.84,286.73,15352.11,347.07
168356.84,286.73,15417.14,346.94
169251.36,286.62,15547.41,346.68
168356.84,286.73,15449.68,346.87
169430.64,286.60,15384.62,347.00
169072.16,286.64,15384.62,347.00
168178.38,286.75,15384.62,347.00
168893.14,286.67,15417.14,346.94
170329.27,286.49,15514.81,346.74
169610.11,286.58,15352.11,347.07
169251.36,286.62,15352.11,347.07
168714.23,286.69,15384.62,347.00
169969.41,286.53,15384.62,347.00
168178.38,286.75,15417.14,346.94
169610.11,286.58,15514.81,346.74
169430.64,286.60,15417.14,346.94
168178.38,286.75,15482.23,346.81
167821.80,286.80,15482.23,346.81
171231.30,286.38,15482.23,346.81
168893.14,286.67,15417.14,346.94
167465.77,286.84,15352.11,347.07
168178.38,286.75,15189.87,347.39
168356.84,286.73,15352.11,347.07
169969.41,286.53,15352.11,347.07
167465.77,286.84,15254.71,347.26
169969.41,286.53,15384.62,347.00
168000.00,286.78,15384.62,347.00
169251.36,286.62,15482.23,346.81
170329.27,286.49,15547.41,346.68
168356.84,286.73,15287.16,347.20
167465.77,286.84,15449.68,346.87
169430.64,286.60,15319.63,347.13
169789.67,286.56,15287.16,347.20
168178.38,286.75,15125.11,347.52
168893.14,286.67,15254.71,347.26
168714.23,286.69,15222.29,347.33
168356.84,286.73,15222.29,347.33
169610.11,286.58,15222.29,347.33
168356.84,286.73,15189.87,347.39
168893.14,286.67,15092.75,347.59
169969.41,286.53,15547.41,346.68
168893.14,286.67,15352.11,347.07
168714.23,286.69,15157.48,347.46
169610.11,286.58,15222.29,347.33
167465.77,286.84,15028.09,347.72
169251.36,286.62,15157.48,347.46
170329.27,286.49,15157.48,347.46
169251.36,286.62,15092.75,347.59
167287.95,286.86,15222.29,347.33
171231.30,286.38,15254.71,347.26
168893.14,286.67,15254.71,347.26
169610.11,286.58,14995.79,347.78
168714.23,286.69,15254.71,347.26
168535.48,286.71,15157.48,347.46
168356.84,286.73,15287.16,347.20
170689.67,286.45,15319.63,347.13
169251.36,286.62,15189.87,347.39
168178.38,286.75,15254.71,347.26
168356.84,286.73,15254.71,347.26
168893.14,286.67,15157.48,347.46
169251.36,286.62,15222.29,347.33
168714.23,286.69,15287.16,347.20
168714.23,286.69,15125.11,347.52
168714.23,286.69,15287.16,347.20
168893.14,286.67,15319.63,347.13
169430.64,286.60,15254.71,347.26
1