=~=~=~=~=~=~=~=~=~=~=~= PuTTY log 2021.12.10 09:41:14 =~=~=~=~=~=~=~=~=~=~=~=
491049.63,266.06,45729.54,316.69
491559.34,266.04,45833.34,316.64
490540.59,266.08,46302.25,316.38
492069.69,266.02,45729.54,316.69
491049.63,266.06,45625.89,316.75
492069.69,266.02,45781.42,316.67
492069.69,266.02,45367.41,316.90
487500.06,266.19,46250.00,316.41
491559.34,266.04,45937.28,316.58
496692.66,265.85,45781.42,316.67
493092.38,265.98,45989.31,316.55
492069.69,266.02,45885.29,316.61
493092.38,265.98,45781.42,316.67
492580.69,266.00,45781.42,316.67
493092.38,265.98,45833.34,316.64
492069.69,266.02,45937.28,316.58
491559.34,266.04,45729.54,316.69
492069.69,266.02,46041.37,316.52
492069.69,266.02,45781.42,316.67
492069.69,266.02,45677.70,316.72
492580.69,266.00,46041.37,316.52
492069.69,266.02,45729.54,316.69
491559.34,266.04,45781.42,316.67
492069.69,266.02,45522.39,316.81
492069.69,266.02,44955.75,317.13
491559.34,266.04,44648.54,317.30
487500.06,266.19,43684.21,317.86
489524.47,266.11,42981.85,318.28
491049.63,266.06,42335.77,318.66
487500.06,266.19,41891.89,318.94
488510.97,266.15,41450.78,319.21
487500.06,266.19,41450.78,319.21
488005.16,266.17,39475.48,320.47
489017.41,266.13,40673.31,319.70
486491.72,266.22,40383.96,319.88
487500.06,266.19,40095.79,320.07
486995.56,266.21,40095.79,320.07
489017.41,266.13,40143.74,320.04
489524.47,266.11,40143.74,320.04
489017.41,266.13,39904.34,320.19
487500.06,266.19,40095.79,320.07
486995.56,266.21,39904.34,320.19
489524.47,266.11,39856.56,320.22
490540.59,266.08,39618.14,320.38
490032.22,266.09,39143.73,320.69
490540.59,266.08,38860.63,320.88
491049.63,266.06,38813.56,320.91
489524.47,266.11,38907.74,320.85
489017.41,266.13,38813.56,320.91
489017.41,266.13,38860.63,320.88
490540.59,266.08,39191.03,320.66
490540.59,266.08,39333.11,320.57
489017.41,266.13,39618.14,320.38
490032.22,266.09,39808.81,320.25
489524.47,266.11,39665.76,320.35
491049.63,266.06,39904.34,320.19
492069.69,266.02,39427.99,320.50
489017.41,266.13,39523.00,320.44
491559.34,266.04,39427.99,320.50
489524.47,266.11,39285.72,320.60
490540.59,266.08,39285.72,320.60
491049.63,266.06,39143.73,320.69
488510.97,266.15,39143.73,320.69
489017.41,266.13,39143.73,320.69
490540.59,266.08,38954.87,320.82
489017.41,266.13,39618.14,320.38
486491.72,266.22,38578.68,321.07
489524.47,266.11,38484.96,321.13
489524.47,266.11,38391.35,321.20
488510.97,266.15,38157.90,321.36
486995.56,266.21,37832.38,321.58
490540.59,266.08,37925.23,321.52
486995.56,266.21,37925.23,321.52
486995.56,266.21,37832.38,321.58
486491.72,266.22,37832.38,321.58
487500.06,266.19,37878.79,321.55
488510.97,266.15,36636.64,322.42
487500.06,266.19,36500.00,322.52
487500.06,266.19,37647.06,321.71
489524.47,266.11,37554.59,321.77
485988.53,266.24,37508.39,321.81
487500.06,266.19,37323.95,321.94
486995.56,266.21,37416.11,321.87
489017.41,266.13,37185.93,322.03
486491.72,266.22,37185.93,322.03
489017.41,266.13,37370.01,321.90
487500.06,266.19,36910.73,322.23
487500.06,266.19,37002.34,322.16
486995.56,266.21,36956.53,322.20
480000.03,266.47,36819.25,322.29
487500.06,266.19,36864.97,322.26
490540.59,266.08,36773.55,322.33
487500.06,266.19,36727.88,322.36
489017.41,266.13,36545.52,322.49
487500.06,266.19,36182.25,322.75
486491.72,266.22,36227.55,322.72
487500.06,266.19,36272.88,322.69
485485.97,266.26,36318.25,322.65
489017.41,266.13,36182.25,322.75
486995.56,266.21,35416.67,323.32
490032.22,266.09,36318.25,322.65
489017.41,266.13,36500.00,322.52
489524.47,266.11,36318.25,322.65
485485.97,266.26,37925.23,321.52
487500.06,266.19,36363.64,322.62
489017.41,266.13,36227.55,322.72
487500.06,266.19,37048.20,322.13
489524.47,266.11,36363.64,322.62
490032.22,266.09,36682.25,322.39
489524.47,266.11,36182.25,322.75
487500.06,266.19,36409.06,322.59
486995.56,266.21,37002.34,322.16
490540.59,266.08,36636.64,322.42
489524.47,266.11,36910.73,322.23
486995.56,266.21,36318.25,322.65
489524.47,266.11,36591.06,322.46
487500.06,266.19,36227.55,322.72
489524.47,266.11,36591.06,322.46
489017.41,266.13,36591.06,322.46
487500.06,266.19,36363.64,322.62
489524.47,266.11,36636.64,322.42
487500.06,266.19,35956.18,322.92
492580.69,266.00,35059.37,323.59
489524.47,266.11,36454.52,322.56
489017.41,266.13,36545.52,322.49
484482.81,266.30,35237.78,323.45
484984.06,266.28,37094.08,322.10
490540.59,266.08,36182.25,322.75
489017.41,266.13,36182.25,322.75
491049.63,266.06,36682.25,322.39
490032.22,266.09,36636.64,322.42
490540.59,266.08,36910.73,322.23
491049.63,266.06,36773.55,322.33
489524.47,266.11,36864.97,322.26
486995.56,266.21,36773.55,322.33
492069.69,266.02,36864.97,322.26
490540.59,266.08,36819.25,322.29
491559.34,266.04,36773.55,322.33
492069.69,266.02,36910.73,322.23
490540.59,266.08,36910.73,322.23
491049.63,266.06,36910.73,322.23
491049.63,266.06,36910.73,322.23
492069.69,266.02,36910.73,322.23
491049.63,266.06,36910.73,322.23
488510.97,266.15,37600.81,321.74
491049.63,266.06,36864.97,322.26
489017.41,266.13,36819.25,322.29
490540.59,266.08,36773.55,322.33
491559.34,266.04,36910.73,322.23
490032.22,266.09,36910.73,322.23
490540.59,266.08,36910.73,322.23
486995.56,266.21,36910.73,322.23
489017.41,266.13,36910.73,322.23
487500.06,266.19,36910.73,322.23
489017.41,266.13,36910.73,322.23
487500.06,266.19,36819.25,322.29
490540.59,266.08,36910.73,322.23
489524.47,266.11,37002.34,322.16
488510.97,266.15,36956.53,322.20
490540.59,266.08,36910.73,322.23
488510.97,266.15,36910.73,322.23
489017.41,266.13,36910.73,322.23
489017.41,266.13,36956.53,322.20
488510.97,266.15,36910.73,322.23
486491.72,266.22,36956.53,322.20
486995.56,266.21,36910.73,322.23
489524.47,266.11,37002.34,322.16
490032.22,266.09,36819.25,322.29
491049.63,266.06,36864.97,322.26
489524.47,266.11,36773.55,322.33
486995.56,266.21,36682.25,322.39
489524.47,266.11,36910.73,322.23
487500.06,266.19,36773.55,322.33
488510.97,266.15,36773.55,322.33
491049.63,266.06,36819.25,322.29
487500.06,266.19,36864.97,322.26
489017.41,266.13,36773.55,322.33
491049.63,266.06,36910.73,322.23
481488.59,266.41,37647.06,321.71
491049.63,266.06,36773.55,322.33
489524.47,266.11,36864.97,322.26
489524.47,266.11,36864.97,322.26
489017.41,266.13,36819.25,322.29
489524.47,266.11,36864.97,322.26
489524.47,266.11,36773.55,322.33
489017.41,266.13,36819.25,322.29
486995.56,266.21,36682.25,322.39
489524.47,266.11,36910.73,322.23
492069.69,266.02,36910.73,322.23
490540.59,266.08,36956.53,322.20
491049.63,266.06,36910.73,322.23
489524.47,266.11,36956.53,322.20
489017.41,266.13,36910.73,322.23
490540.59,266.08,36910.73,322.23
490540.59,266.08,36819.25,322.29
489017.41,266.13,36910.73,322.23
487500.06,266.19,36910.73,322.23
489017.41,266.13,36910.73,322.23
489017.41,266.13,36910.73,322.23
489017.41,266.13,36956.53,322.20
489017.41,266.13,36136.97,322.79
489524.47,266.11,36956.53,322.20
490540.59,266.08,37048.20,322.13
489017.41,266.13,36910.73,322.23
489524.47,266.11,36910.73,322.23
489524.47,266.11,37048.20,322.13
489524.47,266.11,36910.73,322.23
489524.47,266.11,36910.73,322.23
489524.47,266.11,36910.73,322.23
490032.22,266.09,36910.73,322.23
490540.59,266.08,36864.97,322.26
490540.59,266.08,37048.20,322.13
489017.41,266.13,36910.73,322.23
488510.97,266.15,36910.73,322.23
488510.97,266.15,36910.73,322.23
489524.47,266.11,36956.53,322.20
490032.22,266.09,37048.20,322.13
488510.97,266.15,36910.73,322.23
483982.16,266.32,38954.87,320.82
492069.69,266.02,34748.27,323.82
486491.72,266.22,38251.18,321.29
486995.56,266.21,37185.93,322.03
492069.69,266.02,37554.59,321.77
489017.41,266.13,35820.90,323.02
489524.47,266.11,36773.55,322.33
489524.47,266.11,36910.73,322.23
489524.47,266.11,36819.25,322.29
489524.47,266.11,36001.33,322.89
492580.69,266.00,37739.66,321.65
491559.34,266.04,36910.73,322.23
490540.59,266.08,37185.93,322.03
489524.47,266.11,37139.99,322.07
489524.47,266.11,36956.53,322.20
489017.41,266.13,37139.99,322.07
490540.59,266.08,37002.34,322.16
490540.59,266.08,37002.34,322.16
489524.47,266.11,36910.73,322.23
490540.59,266.08,36910.73,322.23
489524.47,266.11,36910.73,322.23
489524.47,266.11,36910.73,322.23
490540.59,266.08,36956.53,322.20
490032.22,266.09,37002.34,322.16
491049.63,266.06,37323.95,321.94
490032.22,266.09,36910.73,322.23
491559.34,266.04,37139.99,322.07
491559.34,266.04,37231.91,322.00
491559.34,266.04,37185.93,322.03
491559.34,266.04,37185.93,322.03
491559.34,266.04,37185.93,322.03
491049.63,266.06,37139.99,322.07
491559.34,266.04,37094.08,322.10
490540.59,266.08,37048.20,322.13
490540.59,266.08,36910.73,322.23
491559.34,266.04,36956.53,322.20
490540.59,266.08,36956.53,322.20
491049.63,266.06,37139.99,322.07
489524.47,266.11,37048.20,322.13
489524.47,266.11,37139.99,322.07
490032.22,266.09,37094.08,322.10
491559.34,266.04,37185.93,322.03
490540.59,266.08,36910.73,322.23
491049.63,266.06,37048.20,322.13
491049.63,266.06,37323.95,321.94
491049.63,266.06,37462.24,321.84
491049.63,266.06,37323.95,321.94
492069.69,266.02,37416.11,321.87
491049.63,266.06,37370.01,321.90
491559.34,266.04,37462.24,321.84
489017.41,266.13,38297.87,321.26
490540.59,266.08,36956.53,322.20
489524.47,266.11,36910.73,322.23
488510.97,266.15,36910.73,322.23
489017.41,266.13,36773.55,322.33
490032.22,266.09,36819.25,322.29
491559.34,266.04,36910.73,322.23
491049.63,266.06,36910.73,322.23
492069.69,266.02,36910.73,322.23
489524.47,266.11,36773.55,322.33
490540.59,266.08,36682.25,322.39
490540.59,266.08,37508.39,321.81
492580.69,266.00,36910.73,322.23
490540.59,266.08,36819.25,322.29
488510.97,266.15,36591.06,322.46
490540.59,266.08,36864.97,322.26
491049.63,266.06,36864.97,322.26
489017.41,266.13,36819.25,322.29
491559.34,266.04,36910.73,322.23
490032.22,266.09,36864.97,322.26
491049.63,266.06,36819.25,322.29
489524.47,266.11,36773.55,322.33
489524.47,266.11,35237.78,323.45
490540.59,266.08,36454.52,322.56
491559.34,266.04,36910.73,322.23
491049.63,266.06,36773.55,322.33
489017.41,266.13,36727.88,322.36
491049.63,266.06,36910.73,322.23
491559.34,266.04,36773.55,322.33
491049.63,266.06,36773.55,322.33
491049.63,266.06,36636.64,322.42
491049.63,266.06,36910.73,322.23
491559.34,266.04,36910.73,322.23
491559.34,266.04,36773.55,322.33
489524.47,266.11,36819.25,322.29
491559.34,266.04,36956.53,322.20
492069.69,266.02,36910.73,322.23
492069.69,266.02,36910.73,322.23
489524.47,266.11,36864.97,322.26
489524.47,266.11,36910.73,322.23
490032.22,266.09,36682.25,322.39
489524.47,266.11,36819.25,322.29
491559.34,266.04,36819.25,322.29
491559.34,266.04,36910.73,322.23
490540.59,266.08,36864.97,322.26
489524.47,266.11,37693.34,321.68
491559.34,266.04,36910.73,322.23
491049.63,266.06,36910.73,322.23
489524.47,266.11,36910.73,322.23
489524.47,266.11,36682.25,322.39
490032.22,266.09,36819.25,322.29
487500.06,266.19,36819.25,322.29
491559.34,266.04,36910.73,322.23
491559.34,266.04,36910.73,322.23
491559.34,266.04,36910.73,322.23
490032.22,266.09,37094.08,322.10
488510.97,266.15,36910.73,322.23
492069.69,266.02,35956.18,322.92
489017.41,266.13,37002.34,322.16
490540.59,266.08,36910.73,322.23
490032.22,266.09,36910.73,322.23
489017.41,266.13,36910.73,322.23
489524.47,266.11,36682.25,322.39
490032.22,266.09,36864.97,322.26
490032.22,266.09,36910.73,322.23
492069.69,266.02,36910.73,322.23
489524.47,266.11,36864.97,322.26
490540.59,266.08,37323.95,321.94
487500.06,266.19,35956.18,322.92
490540.59,266.08,36910.73,322.23
490540.59,266.08,36910.73,322.23
489524.47,266.11,37094.08,322.10
490540.59,266.08,37002.34,322.16
491049.63,266.06,36910.73,322.23
491049.63,266.06,36956.53,322.20
489524.47,266.11,36910.73,322.23
489524.47,266.11,36910.73,322.23
489524.47,266.11,37094.08,322.10
491049.63,266.06,37416.11,321.87
491559.34,266.04,37002.34,322.16
490540.59,266.08,37185.93,322.03
490032.22,266.09,36956.53,322.20
490540.59,266.08,37048.20,322.13
489524.47,266.11,37094.08,322.10
491559.34,266.04,37185.93,322.03
492069.69,266.02,37139.99,322.07
490540.59,266.08,37002.34,322.16
491559.34,266.04,37048.20,322.13
491559.34,266.04,37002.34,322.16
491559.34,266.04,37048.20,322.13
491559.34,266.04,37600.81,321.74
492069.69,266.02,37048.20,322.13
490540.59,266.08,37094.08,322.10
492069.69,266.02,36956.53,322.20
491559.34,266.04,37094.08,322.10
491559.34,266.04,37002.34,322.16
491049.63,266.06,36910.73,322.23
491049.63,266.06,36910.73,322.23
490032.22,266.09,36956.53,322.20
491559.34,266.04,36956.53,322.20
490540.59,266.08,36956.53,322.20
492069.69,266.02,37370.01,321.90
489524.47,266.11,36910.73,322.23
490540.59,266.08,36910.73,322.23
490540.59,266.08,36864.97,322.26
492069.69,266.02,36864.97,322.26
489524.47,266.11,36910.73,322.23
493092.38,265.98,36910.73,322.23
492069.69,266.02,36910.73,322.23
490540.59,266.08,36773.55,322.33
492069.69,266.02,36864.97,322.26
490032.22,266.09,36682.25,322.39
489524.47,266.11,35327.17,323.39
491049.63,266.06,35461.46,323.29
491559.34,266.04,36682.25,322.39
489524.47,266.11,36409.06,322.59
490032.22,266.09,36409.06,322.59
490540.59,266.08,36363.64,322.62
490540.59,266.08,36454.52,322.56
491559.34,266.04,36545.52,322.49
492069.69,266.02,36363.64,322.62
491049.63,266.06,36636.64,322.42
489017.41,266.13,36363.64,322.62
491559.34,266.04,36500.00,322.52
491559.34,266.04,36500.00,322.52
491559.34,266.04,36591.06,322.46
491559.34,266.04,36591.06,322.46
490540.59,266.08,36409.06,322.59
492069.69,266.02,36227.55,322.72
489524.47,266.11,36454.52,322.56
487500.06,266.19,36318.25,322.65
489524.47,266.11,36409.06,322.59
490540.59,266.08,36500.00,322.52
489524.47,266.11,36454.52,322.56
492069.69,266.02,36591.06,322.46
492069.69,266.02,35506.29,323.25
490540.59,266.08,36318.25,322.65
491049.63,266.06,36318.25,322.65
489524.47,266.11,36318.25,322.65
489524.47,266.11,36272.88,322.69
490540.59,266.08,36500.00,322.52
490032.22,266.09,36454.52,322.56
489524.47,266.11,36363.64,322.62
490032.22,266.09,36136.97,322.79
490540.59,266.08,36318.25,322.65
490540.59,266.08,36318.25,322.65
489017.41,266.13,36227.55,322.72
491049.63,266.06,36272.88,322.69
491559.34,266.04,36227.55,322.72
489524.47,266.11,36454.52,322.56
491559.34,266.04,36500.00,322.52
492069.69,266.02,36454.52,322.56
491049.63,266.06,36227.55,322.72
489017.41,266.13,36272.88,322.69
489524.47,266.11,36182.25,322.75
487500.06,266.19,36182.25,322.75
489524.47,266.11,36227.55,322.72
491559.34,266.04,36182.25,322.75
489524.47,266.11,36272.88,322.69
489017.41,266.13,36046.52,322.85
491049.63,266.06,36227.55,322.72
489524.47,266.11,36182.25,322.75
490540.59,266.08,36227.55,322.72
491559.34,266.04,36182.25,322.75
491559.34,266.04,36182.25,322.75
491049.63,266.06,36182.25,322.75
490032.22,266.09,36182.25,322.75
489524.47,266.11,36182.25,322.75
491559.34,266.04,36182.25,322.75
490032.22,266.09,36182.25,322.75
491559.34,266.04,36182.25,322.75
489017.41,266.13,35911.05,322.95
489524.47,266.11,35911.05,322.95
491559.34,266.04,36182.25,322.75
490540.59,266.08,36091.73,322.82
492580.69,266.00,36046.52,322.85
491559.34,266.04,36001.33,322.89
490540.59,266.08,35911.05,322.95
490540.59,266.08,36182.25,322.75
491049.63,266.06,36001.33,322.89
490540.59,266.08,35956.18,322.92
491559.34,266.04,35730.86,323.09
491049.63,266.06,35730.86,323.09
486995.56,266.21,35820.90,323.02
489017.41,266.13,35685.89,323.12
489017.41,266.13,36182.25,322.75
490540.59,266.08,35685.89,323.12
491559.34,266.04,35730.86,323.09
490540.59,266.08,35775.86,323.05
489017.41,266.13,35596.03,323.19
491049.63,266.06,35775.86,323.05
489524.47,266.11,35911.05,322.95
492069.69,266.02,35730.86,323.09
490540.59,266.08,35911.05,322.95
491049.63,266.06,35730.86,323.09
490540.59,266.08,35775.86,323.05
489017.41,266.13,35506.29,323.25
489524.47,266.11,35685.89,323.12
490540.59,266.08,35911.05,322.95
487500.06,266.19,35775.86,323.05
489524.47,266.11,35865.96,322.99
489017.41,266.13,35865.96,322.99
490540.59,266.08,36046.52,322.85
489524.47,266.11,35956.18,322.92
491559.34,266.04,36001.33,322.89
490032.22,266.09,36091.73,322.82
489524.47,266.11,36001.33,322.89
491049.63,266.06,33823.53,324.54
489524.47,266.11,36046.52,322.85
490540.59,266.08,36091.73,322.82
491049.63,266.06,35956.18,322.92
490540.59,266.08,35956.18,322.92
491559.34,266.04,35956.18,322.92
491559.34,266.04,36046.52,322.85
489524.47,266.11,35820.90,323.02
487500.06,266.19,35775.86,323.05
486995.56,266.21,35685.89,323.12
485988.53,266.24,35640.95,323.15
490032.22,266.09,35956.18,322.92
491049.63,266.06,36046.52,322.85
487500.06,266.19,36182.25,322.75
491559.34,266.04,35956.18,322.92
490540.59,266.08,36001.33,322.89
491049.63,266.06,35911.05,322.95
491049.63,266.06,35820.90,323.02
489524.47,266.11,36046.52,322.85
490540.59,266.08,35956.18,322.92
487500.06,266.19,35730.86,323.09
490540.59,266.08,35956.18,322.92
490032.22,266.09,35865.96,322.99
489524.47,266.11,35461.46,323.29
489017.41,266.13,35775.86,323.05
491559.34,266.04,35911.05,322.95
491559.34,266.04,35956.18,322.92
489524.47,266.11,35911.05,322.95
489524.47,266.11,36182.25,322.75
491559.34,266.04,36182.25,322.75
491559.34,266.04,36136.97,322.79
491049.63,266.06,35911.05,322.95
490032.22,266.09,35911.05,322.95
492069.69,266.02,36001.33,322.89
491559.34,266.04,35506.29,323.25
490540.59,266.08,35685.89,323.12
490540.59,266.08,35775.86,323.05
489017.41,266.13,35775.86,323.05
490032.22,266.09,35775.86,323.05
490540.59,266.08,35865.96,322.99
491049.63,266.06,35775.86,323.05
490032.22,266.09,35865.96,322.99
487500.06,266.19,35775.86,323.05
491559.34,266.04,35640.95,323.15
489017.41,266.13,35865.96,322.99
490540.59,266.08,35461.46,323.29
487500.06,266.19,34748.27,323.82
491049.63,266.06,36046.52,322.85
491049.63,266.06,36046.52,322.85
491559.34,266.04,36091.73,322.82
489524.47,266.11,36046.52,322.85
490540.59,266.08,35911.05,322.95
490540.59,266.08,36182.25,322.75
491559.34,266.04,36182.25,322.75
491559.34,266.04,36318.25,322.65
491049.63,266.06,36182.25,322.75
491049.63,266.06,36272.88,322.69
491049.63,266.06,36182.25,322.75
492069.69,266.02,36182.25,322.75
491049.63,266.06,36182.25,322.75
489524.47,266.11,36182.25,322.75
491049.63,266.06,36091.73,322.82
491049.63,266.06,36182.25,322.75
491559.34,266.04,36272.88,322.69
492069.69,266.02,36182.25,322.75
492069.69,266.02,36182.25,322.75
490540.59,266.08,36182.25,322.75
491559.34,266.04,36046.52,322.85
492069.69,266.02,36956.53,322.20
491049.63,266.06,36091.73,322.82
491559.34,266.04,36046.52,322.85
491559.34,266.04,36227.55,322.72
491559.34,266.04,36227.55,322.72
491559.34,266.04,36182.25,322.75
491049.63,266.06,36001.33,322.89
490032.22,266.09,35956.18,322.92
490540.59,266.08,36182.25,322.75
492069.69,266.02,36182.25,322.75
492069.69,266.02,36182.25,322.75
489017.41,266.13,35237.78,323.45
489017.41,266.13,35956.18,322.92
490540.59,266.08,35956.18,322.92
492069.69,266.02,36182.25,322.75
491559.34,266.04,36182.25,322.75
492069.69,266.02,36182.25,322.75
491559.34,266.04,36182.25,322.75
490540.59,266.08,36046.52,322.85
491049.63,266.06,36227.55,322.72
491049.63,266.06,36182.25,322.75
491049.63,266.06,36182.25,322.75
492069.69,266.02,35461.46,323.29
492069.69,266.02,36409.06,322.59
492069.69,266.02,36318.25,322.65
490540.59,266.08,36182.25,322.75
489524.47,266.11,36136.97,322.79
489017.41,266.13,36046.52,322.85
489524.47,266.11,36046.52,322.85
491049.63,266.06,36182.25,322.75
491049.63,266.06,36001.33,322.89
490540.59,266.08,36182.25,322.75
491049.63,266.06,36001.33,322.89
489524.47,266.11,36091.73,322.82
489017.41,266.13,35956.18,322.92
489524.47,266.11,36091.73,322.82
490032.22,266.09,35956.18,322.92
491049.63,266.06,36136.97,322.79
490540.59,266.08,35956.18,322.92
490540.59,266.08,35956.18,322.92
491559.34,266.04,36182.25,322.75
492069.69,266.02,36136.97,322.79
492069.69,266.02,36182.25,322.75
489524.47,266.11,36046.52,322.85
491049.63,266.06,36001.33,322.89
484984.06,266.28,35956.18,322.92
491559.34,266.04,35956.18,322.92
489524.47,266.11,35820.90,323.02
490032.22,266.09,35911.05,322.95
491559.34,266.04,36091.73,322.82
492069.69,266.02,36046.52,322.85
492069.69,266.02,36091.73,322.82
492069.69,266.02,36091.73,322.82
491559.34,266.04,36001.33,322.89
490540.59,266.08,36001.33,322.89
491559.34,266.04,36091.73,322.82
492069.69,266.02,35911.05,322.95
489524.47,266.11,36001.33,322.89
490540.59,266.08,35956.18,322.92
487500.06,266.19,35865.96,322.99
489017.41,266.13,35911.05,322.95
491049.63,266.06,36001.33,322.89
489017.41,266.13,35911.05,322.95
491049.63,266.06,35956.18,322.92
490540.59,266.08,35775.86,323.05
489017.41,266.13,35775.86,323.05
488510.97,266.15,35685.89,323.12
489017.41,266.13,35730.86,323.09
492069.69,266.02,35865.96,322.99
491559.34,266.04,36001.33,322.89
489524.47,266.11,35911.05,322.95
489524.47,266.11,35775.86,323.05
490540.59,266.08,35730.86,323.09
489524.47,266.11,35685.89,323.12
490032.22,266.09,35730.86,323.09
490540.59,266.08,35865.96,322.99
490540.59,266.08,35730.86,323.09
491559.34,266.04,35775.86,323.05
491049.63,266.06,34970.34,323.65
490540.59,266.08,35956.18,322.92
491559.34,266.04,36001.33,322.89
489524.47,266.11,35640.95,323.15
490540.59,266.08,35685.89,323.12
489524.47,266.11,35596.03,323.19
490540.59,266.08,35551.14,323.22
489017.41,266.13,35596.03,323.19
490032.22,266.09,35685.89,323.12
491049.63,266.06,35730.86,323.09
489524.47,266.11,35865.96,322.99
490540.59,266.08,35911.05,322.95
490540.59,266.08,35685.89,323.12
490540.59,266.08,35911.05,322.95
490032.22,266.09,35730.86,323.09
491049.63,266.06,35956.18,322.92
492069.69,266.02,36046.52,322.85
491559.34,266.04,35596.03,323.19
491559.34,266.04,35956.18,322.92
490540.59,266.08,35911.05,322.95
489524.47,266.11,35865.96,322.99
491049.63,266.06,35911.05,322.95
489017.41,266.13,35685.89,323.12
481488.59,266.41,35730.86,323.09
485485.97,266.26,35730.86,323.09
487500.06,266.19,35596.03,323.19
489017.41,266.13,35775.86,323.05
488510.97,266.15,35775.86,323.05
489017.41,266.13,35911.05,322.95
489017.41,266.13,35685.89,323.12
487500.06,266.19,35685.89,323.12
489524.47,266.11,35865.96,322.99
488510.97,266.15,35775.86,323.05
490540.59,266.08,35775.86,323.05
490540.59,266.08,35775.86,323.05
489524.47,266.11,36046.52,322.85
487500.06,266.19,35685.89,323.12
488510.97,266.15,35596.03,323.19
490032.22,266.09,35775.86,323.05
490540.59,266.08,35865.96,322.99
489017.41,266.13,35730.86,323.09
489524.47,266.11,35640.95,323.15
487500.06,266.19,35775.86,323.05
487500.06,266.19,35640.95,323.15
489017.41,266.13,36001.33,322.89
489524.47,266.11,36182.25,322.75
488510.97,266.15,36046.52,322.85
491049.63,266.06,36227.55,322.72
490540.59,266.08,36091.73,322.82
489524.47,266.11,36091.73,322.82
491049.63,266.06,36182.25,322.75
489524.47,266.11,36091.73,322.82
490032.22,266.09,36091.73,322.82
489524.47,266.11,36046.52,322.85
490032.22,266.09,36001.33,322.89
489524.47,266.11,36001.33,322.89
490540.59,266.08,34042.55,324.37
491049.63,266.06,36182.25,322.75
491049.63,266.06,36182.25,322.75
491049.63,266.06,36182.25,322.75
490540.59,266.08,36182.25,322.75
490032.22,266.09,36182.25,322.75
491049.63,266.06,36182.25,322.75
490032.22,266.09,36046.52,322.85
485485.97,266.26,35775.86,323.05
485988.53,266.24,35820.90,323.02
489017.41,266.13,36046.52,322.85
488510.97,266.15,36182.25,322.75
482484.13,266.37,36591.06,322.46
486491.72,266.22,36227.55,322.72
490540.59,266.08,36227.55,322.72
488510.97,266.15,36091.73,322.82
489524.47,266.11,35911.05,322.95
490032.22,266.09,36046.52,322.85
489017.41,266.13,36001.33,322.89
490540.59,266.08,36182.25,322.75
489524.47,266.11,36136.97,322.79
489524.47,266.11,35865.96,322.99
489017.41,266.13,35956.18,322.92
490032.22,266.09,34703.95,323.86
489017.41,266.13,36182.25,322.75
489524.47,266.11,36001.33,322.89
489017.41,266.13,36046.52,322.85
489017.41,266.13,35911.05,322.95
487500.06,266.19,35956.18,322.92
486995.56,266.21,36046.52,322.85
489017.41,266.13,36091.73,322.82
489017.41,266.13,36182.25,322.75
489017.41,266.13,36046.52,322.85
487500.06,266.19,36091.73,322.82
489524.47,266.11,35640.95,323.15
489524.47,266.11,35956.18,322.92
486995.56,266.21,35956.18,322.92
487500.06,266.19,35956.18,322.92
487500.06,266.19,35956.18,322.92
487500.06,266.19,36182.25,322.75
488510.97,266.15,36046.52,322.85
490032.22,266.09,36182.25,322.75
489017.41,266.13,35911.05,322.95
486491.72,266.22,35820.90,323.02
487500.06,266.19,36046.52,322.85
486491.72,266.22,34703.95,323.86
487500.06,266.19,34703.95,323.86
487500.06,266.19,36046.52,322.85
489017.41,266.13,35911.05,322.95
487500.06,266.19,35911.05,322.95
486491.72,266.22,35956.18,322.92
489017.41,266.13,36091.73,322.82
491559.34,266.04,36182.25,322.75
487500.06,266.19,35911.05,322.95
488510.97,266.15,35865.96,322.99
486491.72,266.22,35956.18,322.92
486491.72,266.22,36001.33,322.89
486995.56,266.21,36136.97,322.79
486995.56,266.21,35956.18,322.92
488510.97,266.15,36046.52,322.85
488510.97,266.15,36001.33,322.89
487500.06,266.19,36046.52,322.85
487500.06,266.19,36136.97,322.79
487500.06,266.19,36046.52,322.85
487500.06,266.19,35956.18,322.92
486491.72,266.22,35730.86,323.09
486491.72,266.22,35911.05,322.95
486491.72,266.22,35911.05,322.95
483482.22,266.34,35416.67,323.32
487500.06,266.19,35956.18,322.92
486995.56,266.21,35685.89,323.12
486491.72,266.22,35685.89,323.12
486491.72,266.22,35775.86,323.05
487500.06,266.19,35865.96,322.99
488510.97,266.15,35911.05,322.95
487500.06,266.19,35956.18,322.92
485988.53,266.24,35865.96,322.99
486491.72,266.22,35911.05,322.95
486491.72,266.22,35820.90,323.02
485988.53,266.24,36046.52,322.85
486491.72,266.22,35685.89,323.12
486995.56,266.21,35775.86,323.05
485485.97,266.26,35685.89,323.12
486491.72,266.22,35730.86,323.09
486491.72,266.22,35775.86,323.05
486995.56,266.21,36046.52,322.85
486491.72,266.22,35865.96,322.99
486491.72,266.22,35730.86,323.09
488510.97,266.15,35865.96,322.99
485485.97,266.26,35865.96,322.99
488510.97,266.15,34748.27,323.82
487500.06,266.19,35775.86,323.05
487500.06,266.19,36046.52,322.85
487500.06,266.19,35911.05,322.95
486995.56,266.21,35730.86,323.09
487500.06,266.19,35775.86,323.05
486491.72,266.22,35911.05,322.95
486995.56,266.21,36001.33,322.89
486995.56,266.21,35911.05,322.95
485988.53,266.24,35865.96,322.99
486995.56,266.21,35911.05,322.95
487500.06,266.19,34526.94,323.99
486995.56,266.21,35730.86,323.09
484984.06,266.28,35775.86,323.05
486491.72,266.22,35911.05,322.95
485485.97,266.26,35775.86,323.05
485988.53,266.24,35865.96,322.99
488510.97,266.15,35911.05,322.95
486491.72,266.22,35865.96,322.99
487500.06,266.19,35911.05,322.95
487500.06,266.19,36046.52,322.85
485485.97,266.26,35911.05,322.95
488005.16,266.17,36001.33,322.89
486995.56,266.21,35775.86,323.05
486491.72,266.22,35911.05,322.95
486995.56,266.21,35865.96,322.99
488510.97,266.15,35956.18,322.92
489017.41,266.13,36091.73,322.82
488510.97,266.15,36091.73,322.82
487500.06,266.19,36091.73,322.82
487500.06,266.19,35956.18,322.92
485988.53,266.24,35956.18,322.92
487500.06,266.19,35956.18,322.92
488510.97,266.15,36091.73,322.82
487500.06,266.19,37370.01,321.90
489524.47,266.11,36182.25,322.75
489017.41,266.13,36091.73,322.82
489017.41,266.13,36182.25,322.75
488510.97,266.15,36182.25,322.75
489017.41,266.13,35865.96,322.99
486491.72,266.22,36001.33,322.89
486995.56,266.21,35956.18,322.92
486995.56,266.21,36091.73,322.82
489524.47,266.11,36182.25,322.75
486995.56,266.21,35956.18,322.92
488510.97,266.15,35956.18,322.92
486491.72,266.22,34703.95,323.86
490032.22,266.09,36046.52,322.85
489017.41,266.13,35911.05,322.95
489017.41,266.13,36001.33,322.89
486491.72,266.22,35865.96,322.99
485988.53,266.24,35865.96,322.99
485485.97,266.26,35865.96,322.99
487500.06,266.19,35956.18,322.92
489017.41,266.13,35956.18,322.92
486995.56,266.21,36001.33,322.89
487500.06,266.19,36591.06,322.46
485988.53,266.24,36910.73,322.23
489524.47,266.11,36046.52,322.85
487500.06,266.19,35911.05,322.95
486995.56,266.21,35685.89,323.12
486491.72,266.22,35911.05,322.95
489524.47,266.11,36046.52,322.85
486995.56,266.21,36001.33,322.89
489017.41,266.13,35956.18,322.92
487500.06,266.19,35865.96,322.99
486491.72,266.22,35911.05,322.95
486995.56,266.21,35956.18,322.92
489017.41,266.13,35865.96,322.99
486491.72,266.22,35775.86,323.05
490540.59,266.08,35956.18,322.92
489017.41,266.13,36046.52,322.85
489017.41,266.13,36136.97,322.79
484482.81,266.30,35775.86,323.05
487500.06,266.19,35865.96,322.99
486491.72,266.22,35865.96,322.99
485485.97,266.26,35820.90,323.02
486995.56,266.21,35911.05,322.95
489017.41,266.13,35911.05,322.95
487500.06,266.19,35911.05,322.95
486995.56,266.21,35956.18,322.92
486995.56,266.21,36001.33,322.89
487500.06,266.19,36046.52,322.85
487500.06,266.19,36046.52,322.85
487500.06,266.19,36046.52,322.85
485988.53,266.24,36046.52,322.85
486995.56,266.21,35911.05,322.95
488510.97,266.15,35911.05,322.95
485988.53,266.24,36046.52,322.85
487500.06,266.19,36046.52,322.85
489017.41,266.13,36091.73,322.82
489524.47,266.11,36136.97,322.79
487500.06,266.19,35911.05,322.95
487500.06,266.19,35956.18,322.92
490032.22,266.09,36046.52,322.85
486491.72,266.22,35911.05,322.95
484984.06,266.28,36091.73,322.82
489524.47,266.11,35956.18,322.92
488510.97,266.15,36046.52,322.85
489017.41,266.13,36136.97,322.79
486995.56,266.21,35956.18,322.92
487500.06,266.19,35911.05,322.95
486995.56,266.21,35956.18,322.92
486491.72,266.22,35956.18,322.92
486491.72,266.22,35775.86,323.05
485485.97,266.26,35865.96,322.99
486995.56,266.21,35865.96,322.99
486995.56,266.21,35730.86,323.09
486995.56,266.21,35775.86,323.05
486491.72,266.22,35730.86,323.09
486491.72,266.22,35775.86,323.05
484984.06,266.28,35640.95,323.15
489017.41,266.13,35730.86,323.09
489017.41,266.13,35730.86,323.09
489017.41,266.13,35775.86,323.05
486491.72,266.22,35820.90,323.02
487500.06,266.19,35865.96,322.99
485485.97,266.26,35956.18,322.92
489524.47,266.11,36182.25,322.75
481488.59,266.41,35911.05,322.95
485485.97,266.26,35865.96,322.99
484482.81,266.30,35685.89,323.12
487500.06,266.19,35685.89,323.12
485485.97,266.26,35685.89,323.12
486491.72,266.22,35865.96,322.99
486995.56,266.21,35911.05,322.95
487500.06,266.19,35865.96,322.99
488510.97,266.15,35911.05,322.95
485485.97,266.26,35911.05,322.95
487500.06,266.19,36182.25,322.75
486995.56,266.21,35911.05,322.95
487500.06,266.19,35956.18,322.92
486491.72,266.22,35775.86,323.05
486491.72,266.22,35730.86,323.09
486491.72,266.22,35820.90,323.02
484984.06,266.28,35685.89,323.12
487500.06,266.19,35730.86,323.09
488510.97,266.15,35956.18,322.92
486995.56,266.21,35685.89,323.12
487500.06,266.19,35956.18,322.92
487500.06,266.19,35640.95,323.15
486995.56,266.21,35730.86,323.09
487500.06,266.19,36182.25,322.75
486491.72,266.22,35775.86,323.05
484984.06,266.28,35730.86,323.09
486491.72,266.22,35956.18,322.92
486491.72,266.22,35865.96,322.99
485485.97,266.26,35956.18,322.92
484482.81,266.30,35911.05,322.95
485485.97,266.26,35911.05,322.95
486491.72,266.22,35775.86,323.05
485485.97,266.26,34703.95,323.86
490540.59,266.08,34571.15,323.96
486995.56,266.21,36046.52,322.85
486995.56,266.21,35911.05,322.95
489017.41,266.13,35911.05,322.95
487500.06,266.19,35956.18,322.92
489524.47,266.11,35956.18,322.92
486491.72,266.22,35956.18,322.92
487500.06,266.19,35685.89,323.12
486491.72,266.22,35911.05,322.95
486995.56,266.21,35911.05,322.95
485485.97,266.26,35775.86,323.05
485485.97,266.26,35730.86,323.09
482484.13,266.37,35596.03,323.19
485485.97,266.26,35685.89,323.12
484482.81,266.30,35685.89,323.12
486995.56,266.21,35775.86,323.05
485988.53,266.24,35730.86,323.09
486491.72,266.22,35820.90,323.02
485988.53,266.24,35865.96,322.99
486491.72,266.22,35730.86,323.09
485485.97,266.26,35775.86,323.05
485485.97,266.26,35730.86,323.09
485988.53,266.24,36500.00,322.52
486995.56,266.21,35865.96,322.99
486491.72,266.22,35730.86,323.09
485485.97,266.26,35820.90,323.02
487500.06,266.19,35820.90,323.02
486995.56,266.21,35775.86,323.05
487500.06,266.19,35730.86,323.09
485988.53,266.24,35685.89,323.12
486491.72,266.22,36182.25,322.75
486491.72,266.22,35820.90,323.02
487500.06,266.19,36046.52,322.85
489524.47,266.11,36046.52,322.85
486491.72,266.22,35956.18,322.92
487500.06,266.19,35956.18,322.92
484984.06,266.28,35911.05,322.95
486995.56,266.21,35865.96,322.99
486995.56,266.21,35730.86,323.09
486491.72,266.22,35775.86,323.05
485485.97,266.26,35730.86,323.09
486491.72,266.22,35911.05,322.95
486491.72,266.22,35730.86,323.09
486995.56,266.21,35730.86,323.09
486491.72,266.22,34703.95,323.86
484984.06,266.28,36591.06,322.46
486491.72,266.22,35775.86,323.05
485485.97,266.26,35775.86,323.05
484482.81,266.30,35865.96,322.99
483482.22,266.34,35685.89,323.12
484482.81,266.30,35775.86,323.05
483982.16,266.32,35820.90,323.02
485988.53,266.24,35730.86,323.09
485485.97,266.26,35730.86,323.09
485988.53,266.24,35775.86,323.05
486491.72,266.22,35730.86,323.09
486491.72,266.22,35730.86,323.09
485485.97,266.26,35775.86,323.05
486491.72,266.22,35640.95,323.15
484482.81,266.30,35551.14,323.22
484984.06,266.28,35506.29,323.25
486995.56,266.21,35775.86,323.05
486995.56,266.21,35775.86,323.05
486995.56,266.21,35865.96,322.99
486491.72,266.22,35820.90,323.02
486995.56,266.21,35911.05,322.95
486491.72,266.22,35911.05,322.95
479505.09,266.48,36910.73,322.23
486491.72,266.22,35775.86,323.05
486995.56,266.21,35640.95,323.15
486491.72,266.22,35685.89,323.12
485988.53,266.24,35371.90,323.35
485485.97,266.26,35685.89,323.12
485485.97,266.26,35685.89,323.12
487500.06,266.19,35685.89,323.12
484482.81,266.30,35685.89,323.12
484482.81,266.30,35461.46,323.29
485485.97,266.26,35685.89,323.12
485485.97,266.26,35730.86,323.09
486491.72,266.22,35685.89,323.12
488510.97,266.15,35685.89,323.12
485485.97,266.26,35596.03,323.19
486995.56,266.21,35685.89,323.12
485485.97,266.26,35596.03,323.19
486491.72,266.22,35730.86,323.09
487500.06,266.19,35730.86,323.09
486491.72,266.22,35730.86,323.09
487500.06,266.19,35865.96,322.99
486491.72,266.22,35865.96,322.99
485485.97,266.26,35820.90,323.02
484482.81,266.30,34262.30,324.20
484482.81,266.30,35596.03,323.19
485988.53,266.24,35506.29,323.25
486491.72,266.22,35596.03,323.19
485988.53,266.24,35685.89,323.12
487500.06,266.19,35685.89,323.12
489017.41,266.13,35730.86,323.09
487500.06,266.19,35775.86,323.05
486491.72,266.22,35551.14,323.22
483482.22,266.34,35551.14,323.22
486995.56,266.21,35685.89,323.12
485485.97,266.26,35551.14,323.22
487500.06,266.19,35730.86,323.09
485485.97,266.26,35596.03,323.19
484984.06,266.28,35685.89,323.12
484984.06,266.28,35551.14,323.22
486995.56,266.21,35685.89,323.12
489017.41,266.13,35775.86,323.05
488510.97,266.15,36046.52,322.85
486995.56,266.21,35956.18,322.92
489524.47,266.11,35685.89,323.12
486491.72,266.22,35685.89,323.12
485485.97,266.26,35956.18,322.92
492069.69,266.02,35775.86,323.05
486995.56,266.21,35685.89,323.12
486995.56,266.21,35775.86,323.05
484482.81,266.30,35730.86,323.09
483482.22,266.34,35640.95,323.15
484482.81,266.30,35640.95,323.15
483482.22,266.34,35461.46,323.29
484984.06,266.28,35596.03,323.19
486995.56,266.21,35506.29,323.25
485485.97,266.26,35596.03,323.19
486491.72,266.22,35461.46,323.29
486491.72,266.22,35685.89,323.12
485485.97,266.26,35461.46,323.29
484984.06,266.28,35506.29,323.25
485485.97,266.26,35551.14,323.22
486491.72,266.22,35596.03,323.19
485485.97,266.26,35551.14,323.22
486491.72,266.22,35551.14,323.22
486491.72,266.22,35506.29,323.25
485988.53,266.24,35640.95,323.15
489017.41,266.13,35820.90,323.02
485485.97,266.26,35820.90,323.02
489017.41,266.13,35775.86,323.05
487500.06,266.19,36001.33,322.89
485485.97,266.26,35685.89,323.12
487500.06,266.19,35775.86,323.05
485988.53,266.24,35685.89,323.12
486491.72,266.22,35730.86,323.09
485988.53,266.24,35730.86,323.09
486491.72,266.22,35730.86,323.09
488510.97,266.15,35730.86,323.09
488510.97,266.15,35911.05,322.95
486491.72,266.22,36046.52,322.85
485485.97,266.26,35730.86,323.09
484482.81,266.30,35596.03,323.19
484482.81,266.30,35551.14,323.22
484984.06,266.28,35596.03,323.19
486995.56,266.21,35596.03,323.19
487500.06,266.19,35820.90,323.02
486491.72,266.22,35685.89,323.12
485988.53,266.24,35640.95,323.15
486995.56,266.21,35596.03,323.19
485485.97,266.26,35685.89,323.12
484482.81,266.30,35596.03,323.19
486491.72,266.22,35685.89,323.12
486491.72,266.22,35685.89,323.12
484482.81,266.30,35551.14,323.22
485485.97,266.26,35551.14,323.22
485988.53,266.24,35596.03,323.19
486995.56,266.21,35685.89,323.12
488510.97,266.15,35865.96,322.99
488510.97,266.15,35911.05,322.95
487500.06,266.19,35730.86,323.09
485485.97,266.26,35775.86,323.05
487500.06,266.19,35865.96,322.99
488005.16,266.17,35237.78,323.45
486995.56,266.21,35865.96,322.99
486995.56,266.21,35865.96,322.99
485988.53,266.24,35956.18,322.92
486491.72,266.22,35911.05,322.95
485988.53,266.24,36046.52,322.85
485988.53,266.24,36136.97,322.79
486995.56,266.21,36182.25,322.75
487500.06,266.19,36182.25,322.75
486995.56,266.21,36182.25,322.75
485485.97,266.26,36182.25,322.75
487500.06,266.19,35461.46,323.29
486491.72,266.22,36318.25,322.65
488510.97,266.15,36227.55,322.72
486995.56,266.21,36318.25,322.65
487500.06,266.19,36227.55,322.72
486491.72,266.22,36318.25,322.65
486995.56,266.21,36500.00,322.52
486995.56,266.21,36454.52,322.56
485988.53,266.24,36591.06,322.46
486491.72,266.22,36636.64,322.42
486491.72,266.22,36864.97,322.26
485485.97,266.26,36182.25,322.75
483482.22,266.34,37323.95,321.94
488510.97,266.15,37370.01,321.90
487500.06,266.19,37416.11,321.87
485988.53,266.24,37647.06,321.71
487500.06,266.19,37600.81,321.74
486995.56,266.21,37739.66,321.65
487500.06,266.19,37739.66,321.65
486995.56,266.21,37647.06,321.71
487500.06,266.19,37600.81,321.74
485988.53,266.24,37554.59,321.77
485485.97,266.26,37600.81,321.74
489017.41,266.13,37693.34,321.68
487500.06,266.19,37647.06,321.71
490540.59,266.08,37739.66,321.65
487500.06,266.19,37786.00,321.61
487500.06,266.19,37739.66,321.65
487500.06,266.19,37739.66,321.65
484984.06,266.28,37647.06,321.71
486491.72,266.22,37554.59,321.77
485485.97,266.26,36272.88,322.69
487500.06,266.19,37693.34,321.68
485988.53,266.24,37554.59,321.77
493604.69,265.96,37185.93,322.03
488005.16,266.17,37647.06,321.71
489017.41,266.13,37693.34,321.68
487500.06,266.19,37647.06,321.71
489524.47,266.11,37693.34,321.68
487500.06,266.19,37647.06,321.71
487500.06,266.19,37554.59,321.77
485485.97,266.26,37508.39,321.81
489017.41,266.13,37554.59,321.77
485485.97,266.26,37462.24,321.84
486491.72,266.22,37554.59,321.77
487500.06,266.19,36727.88,322.36
484984.06,266.28,37416.11,321.87
486491.72,266.22,37462.24,321.84
484482.81,266.30,37370.01,321.90
485485.97,266.26,37416.11,321.87
484482.81,266.30,37277.91,321.97
484984.06,266.28,37416.11,321.87
486995.56,266.21,37370.01,321.90
486995.56,266.21,37554.59,321.77
485485.97,266.26,37370.01,321.90
485988.53,266.24,37370.01,321.90
485485.97,266.26,37370.01,321.90
484482.81,266.30,37416.11,321.87
486995.56,266.21,37416.11,321.87
487500.06,266.19,37508.39,321.81
489524.47,266.11,37508.39,321.81
487500.06,266.19,37786.00,321.61
486995.56,266.21,37416.11,321.87
486995.56,266.21,37462.24,321.84
486995.56,266.21,37323.95,321.94
485988.53,266.24,37231.91,322.00
486995.56,266.21,37185.93,322.03
485485.97,266.26,37323.95,321.94
488510.97,266.15,37231.91,322.00
489017.41,266.13,37323.95,321.94
488510.97,266.15,37370.01,321.90
485485.97,266.26,37323.95,321.94
486995.56,266.21,37185.93,322.03
486491.72,266.22,37139.99,322.07
485485.97,266.26,37002.34,322.16
485485.97,266.26,36956.53,322.20
488005.16,266.17,36956.53,322.20
487500.06,266.19,36910.73,322.23
485485.97,266.26,36864.97,322.26
486995.56,266.21,36182.25,322.75
481488.59,266.41,36682.25,322.39
486995.56,266.21,36773.55,322.33
487500.06,266.19,36636.64,322.42
485485.97,266.26,36500.00,322.52
487500.06,266.19,36454.52,322.56
488510.97,266.15,36363.64,322.62
488510.97,266.15,36409.06,322.59
485485.97,266.26,36318.25,322.65
485988.53,266.24,36182.25,322.75
486491.72,266.22,36272.88,322.69
486995.56,266.21,36182.25,322.75
485485.97,266.26,36091.73,322.82
486995.56,266.21,36001.33,322.89
485485.97,266.26,35956.18,322.92
484984.06,266.28,35911.05,322.95
486995.56,266.21,36001.33,322.89
485485.97,266.26,35911.05,322.95
486491.72,266.22,36001.33,322.89
487500.06,266.19,36046.52,322.85
486995.56,266.21,35911.05,322.95
486491.72,266.22,35956.18,322.92
486995.56,266.21,35956.18,322.92
485485.97,266.26,34615.39,323.93
489017.41,266.13,36091.73,322.82
486491.72,266.22,36046.52,322.85
487500.06,266.19,35956.18,322.92
486491.72,266.22,36046.52,322.85
489017.41,266.13,36182.25,322.75
489017.41,266.13,36182.25,322.75
486995.56,266.21,36001.33,322.89
487500.06,266.19,36091.73,322.82
488510.97,266.15,36182.25,322.75
488510.97,266.15,35059.37,323.59
489524.47,266.11,36318.25,322.65
488510.97,266.15,36046.52,322.85
486491.72,266.22,36182.25,322.75
487500.06,266.19,36182.25,322.75
489017.41,266.13,36091.73,322.82
488510.97,266.15,36046.52,322.85
486995.56,266.21,36046.52,322.85
488510.97,266.15,35865.96,322.99
486995.56,266.21,36001.33,322.89
486995.56,266.21,35820.90,323.02
486491.72,266.22,35775.86,323.05
485988.53,266.24,35865.96,322.99
484984.06,266.28,35775.86,323.05
487500.06,266.19,35685.89,323.12
489017.41,266.13,35956.18,322.92
487500.06,266.19,36001.33,322.89
486995.56,266.21,36136.97,322.79
489017.41,266.13,36046.52,322.85
486995.56,266.21,36046.52,322.85
486995.56,266.21,36046.52,322.85
486995.56,266.21,35775.86,323.05
486995.56,266.21,35911.05,322.95
485485.97,266.26,36046.52,322.85
487500.06,266.19,36001.33,322.89
487500.06,266.19,36001.33,322.89
489524.47,266.11,36091.73,322.82
487500.06,266.19,36091.73,322.82
486995.56,266.21,35865.96,322.99
486491.72,266.22,35865.96,322.99
485485.97,266.26,35685.89,323.12
486491.72,266.22,35730.86,323.09
486491.72,266.22,35775.86,323.05
487500.06,266.19,36001.33,322.89
486995.56,266.21,36091.73,322.82
487500.06,266.19,36046.52,322.85
486995.56,266.21,36046.52,322.85
486995.56,266.21,35865.96,322.99
487500.06,266.19,35956.18,322.92
486491.72,266.22,36091.73,322.82
487500.06,266.19,35865.96,322.99
484482.81,266.30,35775.86,323.05
487500.06,266.19,36091.73,322.82
485988.53,266.24,36046.52,322.85
485988.53,266.24,35956.18,322.92
486995.56,266.21,36182.25,322.75
486491.72,266.22,36182.25,322.75
486995.56,266.21,35865.96,322.99
487500.06,266.19,36001.33,322.89
489017.41,266.13,36091.73,322.82
486995.56,266.21,36046.52,322.85
486995.56,266.21,36046.52,322.85
486995.56,266.21,35956.18,322.92
486995.56,266.21,35911.05,322.95
484984.06,266.28,35911.05,322.95
487500.06,266.19,36046.52,322.85
487500.06,266.19,36046.52,322.85
489017.41,266.13,36091.73,322.82
489524.47,266.11,36182.25,322.75
486491.72,266.22,35911.05,322.95
485485.97,266.26,35911.05,322.95
487500.06,266.19,35865.96,322.99
489524.47,266.11,35685.89,323.12
487500.06,266.19,35911.05,322.95
488510.97,266.15,36046.52,322.85
487500.06,266.19,36046.52,322.85
487500.06,266.19,36046.52,322.85
486995.56,266.21,35956.18,322.92
485485.97,266.26,35775.86,323.05
484984.06,266.28,35775.86,323.05
485485.97,266.26,35775.86,323.05
486995.56,266.21,35865.96,322.99
485485.97,266.26,35775.86,323.05
485485.97,266.26,35730.86,323.09
486491.72,266.22,35911.05,322.95
486491.72,266.22,36001.33,322.89
487500.06,266.19,36001.33,322.89
487500.06,266.19,36136.97,322.79
487500.06,266.19,36091.73,322.82
487500.06,266.19,36091.73,322.82
486995.56,266.21,36091.73,322.82
486491.72,266.22,35911.05,322.95
486995.56,266.21,36001.33,322.89
486995.56,266.21,35956.18,322.92
486995.56,266.21,35911.05,322.95
484984.06,266.28,35865.96,322.99
486491.72,266.22,35865.96,322.99
489017.41,266.13,35956.18,322.92
490032.22,266.09,36046.52,322.85
489524.47,266.11,35956.18,322.92
489524.47,266.11,36046.52,322.85
489524.47,266.11,35956.18,322.92
489017.41,266.13,36001.33,322.89
489017.41,266.13,35775.86,323.05
487500.06,266.19,35865.96,322.99
489017.41,266.13,35956.18,322.92
484984.06,266.28,36001.33,322.89
490032.22,266.09,36182.25,322.75
490032.22,266.09,36046.52,322.85
489524.47,266.11,36091.73,322.82
489524.47,266.11,36182.25,322.75
489524.47,266.11,36001.33,322.89
490032.22,266.09,36182.25,322.75
488510.97,266.15,36046.52,322.85
489017.41,266.13,36182.25,322.75
489524.47,266.11,36182.25,322.75
490540.59,266.08,36182.25,322.75
487500.06,266.19,36091.73,322.82
484984.06,266.28,35956.18,322.92
489524.47,266.11,36091.73,322.82
489017.41,266.13,36091.73,322.82
489524.47,266.11,36091.73,322.82
487500.06,266.19,36046.52,322.85
486995.56,266.21,35956.18,322.92
486995.56,266.21,35956.18,322.92
488510.97,266.15,35865.96,322.99
488005.16,266.17,35911.05,322.95
487500.06,266.19,36001.33,322.89
486491.72,266.22,36182.25,322.75
487500.06,266.19,35865.96,322.99
486491.72,266.22,35730.86,323.09
486491.72,266.22,35956.18,322.92
486995.56,266.21,35685.89,323.12
485485.97,266.26,35596.03,323.19
487500.06,266.19,35865.96,322.99
487500.06,266.19,35956.18,322.92
486491.72,266.22,35775.86,323.05
488510.97,266.15,35956.18,322.92
488510.97,266.15,35775.86,323.05
485485.97,266.26,35865.96,322.99
487500.06,266.19,35956.18,322.92
490032.22,266.09,36182.25,322.75
486995.56,266.21,36046.52,322.85
489017.41,266.13,36046.52,322.85
489524.47,266.11,36046.52,322.85
486995.56,266.21,36182.25,322.75
488510.97,266.15,36046.52,322.85
487500.06,266.19,36046.52,322.85
489017.41,266.13,36001.33,322.89
488510.97,266.15,36001.33,322.89
489017.41,266.13,36182.25,322.75
488510.97,266.15,36182.25,322.75
487500.06,266.19,36182.25,322.75
486995.56,266.21,35956.18,322.92
489017.41,266.13,35865.96,322.99
487500.06,266.19,35956.18,322.92
489017.41,266.13,35956.18,322.92
489017.41,266.13,35911.05,322.95
488005.16,266.17,35865.96,322.99
489524.47,266.11,35956.18,322.92
486491.72,266.22,35865.96,322.99
486491.72,266.22,35911.05,322.95
485988.53,266.24,35911.05,322.95
490032.22,266.09,35775.86,323.05
485485.97,266.26,35911.05,322.95
487500.06,266.19,35820.90,323.02
486995.56,266.21,36001.33,322.89
488510.97,266.15,36091.73,322.82
487500.06,266.19,36046.52,322.85
488510.97,266.15,36091.73,322.82
489017.41,266.13,35865.96,322.99
486491.72,266.22,35775.86,323.05
487500.06,266.19,35775.86,323.05
487500.06,266.19,35416.67,323.32
485485.97,266.26,35911.05,322.95
487500.06,266.19,35956.18,322.92
486995.56,266.21,35911.05,322.95
487500.06,266.19,35911.05,322.95
489017.41,266.13,36046.52,322.85
487500.06,266.19,35956.18,322.92
489017.41,266.13,35911.05,322.95
486995.56,266.21,36001.33,322.89
489017.41,266.13,36091.73,322.82
489524.47,266.11,36091.73,322.82
489017.41,266.13,35956.18,322.92
487500.06,266.19,35865.96,322.99
486995.56,266.21,35911.05,322.95
489017.41,266.13,35956.18,322.92
489524.47,266.11,35956.18,322.92
489017.41,266.13,36046.52,322.85
489017.41,266.13,36001.33,322.89
489524.47,266.11,36182.25,322.75
487500.06,266.19,36001.33,322.89
488510.97,266.15,35956.18,322.92
486995.56,266.21,35730.86,323.09
486491.72,266.22,35956.18,322.92
487500.06,266.19,35685.89,323.12
489524.47,266.11,35956.18,322.92
487500.06,266.19,35911.05,322.95
488510.97,266.15,35956.18,322.92
487500.06,266.19,36001.33,322.89
486995.56,266.21,35911.05,322.95
487500.06,266.19,35911.05,322.95
486995.56,266.21,35820.90,323.02
486491.72,266.22,35775.86,323.05
490032.22,266.09,35956.18,322.92
489017.41,266.13,36001.33,322.89
491559.34,266.04,36046.52,322.85
487500.06,266.19,36046.52,322.85
489524.47,266.11,35956.18,322.92
489524.47,266.11,35911.05,322.95
490540.59,266.08,36091.73,322.82
487500.06,266.19,35911.05,322.95
490032.22,266.09,36001.33,322.89
487500.06,266.19,35865.96,322.99
489017.41,266.13,35775.86,323.05
487500.06,266.19,35775.86,323.05
486491.72,266.22,35911.05,322.95
486995.56,266.21,35416.67,323.32
486491.72,266.22,35640.95,323.15
487500.06,266.19,35865.96,322.99
487500.06,266.19,35956.18,322.92
487500.06,266.19,35956.18,322.92
488510.97,266.15,35820.90,323.02
486491.72,266.22,35775.86,323.05
485485.97,266.26,35775.86,323.05
486995.56,266.21,35956.18,322.92
487500.06,266.19,35775.86,323.05
488005.16,266.17,35911.05,322.95
486491.72,266.22,35865.96,322.99
487500.06,266.19,35865.96,322.99
487500.06,266.19,35775.86,323.05
486491.72,266.22,35730.86,323.09
486995.56,266.21,35685.89,323.12
487500.06,266.19,35685.89,323.12
487500.06,266.19,35911.05,322.95
489017.41,266.13,35865.96,322.99
487500.06,266.19,35865.96,322.99
488510.97,266.15,35956.18,322.92
487500.06,266.19,35865.96,322.99
486995.56,266.21,35911.05,322.95
484984.06,266.28,34659.65,323.89
486995.56,266.21,35956.18,322.92
487500.06,266.19,35596.03,323.19
489524.47,266.11,35911.05,322.95
489017.41,266.13,35865.96,322.99
489524.47,266.11,36182.25,322.75
489524.47,266.11,35775.86,323.05
489017.41,266.13,36046.52,322.85
489524.47,266.11,35775.86,323.05
486995.56,266.21,35775.86,323.05
489017.41,266.13,35865.96,322.99
489017.41,266.13,35730.86,323.09
489524.47,266.11,35911.05,322.95
491049.63,266.06,35911.05,322.95
490540.59,266.08,35911.05,322.95
487500.06,266.19,35956.18,322.92
491049.63,266.06,36091.73,322.82
489524.47,266.11,36091.73,322.82
489524.47,266.11,35911.05,322.95
489524.47,266.11,35911.05,322.95
489524.47,266.11,35956.18,322.92
489017.41,266.13,36046.52,322.85
490540.59,266.08,36091.73,322.82
489524.47,266.11,36001.33,322.89
490540.59,266.08,36001.33,322.89
490540.59,266.08,36091.73,322.82
489017.41,266.13,35911.05,322.95
487500.06,266.19,35865.96,322.99
489017.41,266.13,35730.86,323.09
488510.97,266.15,35911.05,322.95
488510.97,266.15,35820.90,323.02
490540.59,266.08,36046.52,322.85
489524.47,266.11,36046.52,322.85
490032.22,266.09,36864.97,322.26
489017.41,266.13,35730.86,323.09
489524.47,266.11,35865.96,322.99
487500.06,266.19,35640.95,323.15
490540.59,266.08,36046.52,322.85
491559.34,266.04,35865.96,322.99
491559.34,266.04,35775.86,323.05
489524.47,266.11,35775.86,323.05
490540.59,266.08,35775.86,323.05
491559.34,266.04,36001.33,322.89
489524.47,266.11,36001.33,322.89
489524.47,266.11,35911.05,322.95
491559.34,266.04,35640.95,323.15
489524.47,266.11,35911.05,322.95
486995.56,266.21,35596.03,323.19
489524.47,266.11,35730.86,323.09
490540.59,266.08,35865.96,322.99
488510.97,266.15,35640.95,323.15
488510.97,266.15,35685.89,323.12
489524.47,266.11,35596.03,323.19
489017.41,266.13,35640.95,323.15
488510.97,266.15,35865.96,322.99
491049.63,266.06,35775.86,323.05
489017.41,266.13,35865.96,322.99
490032.22,266.09,35730.86,323.09
487500.06,266.19,35685.89,323.12
490540.59,266.08,35865.96,322.99
489017.41,266.13,35911.05,322.95
489017.41,266.13,35820.90,323.02
489524.47,266.11,35730.86,323.09
487500.06,266.19,35775.86,323.05
490540.59,266.08,35775.86,323.05
489017.41,266.13,35775.86,323.05
489017.41,266.13,35865.96,322.99
487500.06,266.19,35775.86,323.05
486995.56,266.21,35596.03,323.19
489017.41,266.13,35730.86,323.09
489524.47,266.11,35730.86,323.09
491049.63,266.06,35911.05,322.95
487500.06,266.19,35596.03,323.19
489017.41,266.13,35685.89,323.12
489524.47,266.11,35596.03,323.19
489524.47,266.11,35730.86,323.09
488510.97,266.15,35911.05,322.95
488510.97,266.15,35956.18,322.92
483482.22,266.34,35327.17,323.39
483482.22,266.34,37878.79,321.55
487500.06,266.19,35865.96,322.99
486995.56,266.21,35596.03,323.19
490032.22,266.09,34086.45,324.34
486491.72,266.22,35865.96,322.99
486491.72,266.22,35820.90,323.02
487500.06,266.19,35775.86,323.05
487500.06,266.19,35685.89,323.12
487500.06,266.19,35640.95,323.15
483482.22,266.34,37739.66,321.65
484984.06,266.28,36773.55,322.33
489524.47,266.11,36318.25,322.65
485485.97,266.26,36001.33,322.89
485485.97,266.26,36182.25,322.75
487500.06,266.19,35685.89,323.12
486995.56,266.21,35640.95,323.15
488510.97,266.15,35461.46,323.29
488510.97,266.15,35461.46,323.29
489017.41,266.13,35730.86,323.09
492069.69,266.02,36500.00,322.52
492069.69,266.02,36091.73,322.82
484482.81,266.30,35911.05,322.95
489524.47,266.11,35327.17,323.39
489017.41,266.13,36091.73,322.82
487500.06,266.19,35506.29,323.25
487500.06,266.19,35461.46,323.29
489017.41,266.13,35730.86,323.09
489017.41,266.13,35640.95,323.15
489017.41,266.13,35685.89,323.12
487500.06,266.19,36409.06,322.59
489524.47,266.11,35775.86,323.05
486995.56,266.21,35461.46,323.29
492580.69,266.00,35551.14,323.22
491049.63,266.06,36272.88,322.69
490540.59,266.08,36363.64,322.62
488510.97,266.15,35956.18,322.92
4