=~=~=~=~=~=~=~=~=~=~=~= PuTTY log 2021.12.10 09:35:48 =~=~=~=~=~=~=~=~=~=~=~=
392112.72,270.15,36773.55,322.33
392112.72,270.15,36773.55,322.33
393284.47,270.10,36318.25,322.65
392112.72,270.15,36773.55,322.33
392112.72,270.15,36727.88,322.36
392893.44,270.11,36636.64,322.42
392112.72,270.15,36773.55,322.33
392112.72,270.15,36773.55,322.33
392502.88,270.13,36727.88,322.36
392112.72,270.15,36727.88,322.36
392502.88,270.13,36773.55,322.33
386312.91,270.43,36182.25,322.75
392112.72,270.15,36636.64,322.42
392502.88,270.13,36910.73,322.23
394853.00,270.02,36773.55,322.33
392893.44,270.11,36682.25,322.39
392893.44,270.11,36773.55,322.33
392502.88,270.13,36636.64,322.42
393284.47,270.10,36682.25,322.39
392893.44,270.11,36682.25,322.39
392112.72,270.15,36910.73,322.23
392502.88,270.13,36682.25,322.39
392893.44,270.11,37048.20,322.13
392112.72,270.15,36727.88,322.36
392112.72,270.15,36819.25,322.29
393284.47,270.10,36819.25,322.29
392502.88,270.13,36727.88,322.36
392112.72,270.15,36409.06,322.59
393284.47,270.10,36773.55,322.33
393284.47,270.10,36682.25,322.39
392893.44,270.11,36636.64,322.42
392502.88,270.13,36636.64,322.42
392502.88,270.13,36727.88,322.36
392502.88,270.13,36773.55,322.33
393284.47,270.10,36682.25,322.39
394460.19,270.04,36636.64,322.42
392112.72,270.15,36545.52,322.49
392502.88,270.13,36727.88,322.36
393675.94,270.08,36636.64,322.42
394067.81,270.06,36773.55,322.33
393284.47,270.10,36682.25,322.39
392112.72,270.15,36773.55,322.33
393284.47,270.10,36910.73,322.23
394067.81,270.06,37139.99,322.07
394067.81,270.06,37416.11,321.87
390944.91,270.21,37693.34,321.68
390168.59,270.24,37878.79,321.55
394067.81,270.06,38251.18,321.29
394853.00,270.02,38391.35,321.20
395246.22,270.00,38813.56,320.91
394067.81,270.06,39143.73,320.69
394460.19,270.04,39761.09,320.29
394853.00,270.02,39952.16,320.16
394853.00,270.02,40528.49,319.79
394067.81,270.06,40963.86,319.51
393675.94,270.08,41450.78,319.21
395639.91,269.99,41597.52,319.12
396034.06,269.97,41597.52,319.12
395639.91,269.99,41695.50,319.06
393675.94,270.08,41450.78,319.21
393675.94,270.08,41109.58,319.42
394853.00,270.02,40770.02,319.64
394067.81,270.06,40383.96,319.88
393284.47,270.10,40143.74,320.04
392893.44,270.11,39952.16,320.16
396428.59,269.95,39904.34,320.19
394067.81,270.06,39808.81,320.25
394067.81,270.06,40000.00,320.13
393284.47,270.10,39904.34,320.19
394853.00,270.02,40335.85,319.91
393284.47,270.10,40095.79,320.07
394460.19,270.04,40047.88,320.10
395639.91,269.99,40239.73,319.97
396034.06,269.97,40480.28,319.82
396034.06,269.97,40191.72,320.01
394853.00,270.02,40143.74,320.04
394853.00,270.02,40047.88,320.10
396034.06,269.97,39904.34,320.19
394853.00,270.02,39904.34,320.19
394067.81,270.06,39713.41,320.32
394067.81,270.06,39285.72,320.60
396034.06,269.97,39002.04,320.79
394460.19,270.04,38672.54,321.01
393284.47,270.10,38531.80,321.10
394067.81,270.06,38625.60,321.04
395639.91,269.99,38954.87,320.82
396034.06,269.97,39002.04,320.79
396034.06,269.97,39380.53,320.54
394067.81,270.06,39618.14,320.38
392893.44,270.11,39904.34,320.19
395639.91,269.99,39952.16,320.16
396428.59,269.95,41012.40,319.48
396034.06,269.97,41304.35,319.30
395639.91,269.99,41401.94,319.24
394460.19,270.04,41060.97,319.45
394460.19,270.04,40335.85,319.91
394853.00,270.02,39523.00,320.44
395639.91,269.99,38625.60,321.04
394067.81,270.06,37370.01,321.90
392112.72,270.15,36636.64,322.42
392502.88,270.13,36001.33,322.89
392112.72,270.15,34881.43,323.72
394460.19,270.04,34615.39,323.93
392112.72,270.15,34086.45,324.34
392893.44,270.11,33779.81,324.58
394460.19,270.04,33040.93,325.17
392112.72,270.15,32653.06,325.48
392112.72,270.15,32524.27,325.59
390944.91,270.21,31969.06,326.05
391333.75,270.19,31418.49,326.52
391723.03,270.17,30830.67,327.03
392893.44,270.11,30165.29,327.62
391723.03,270.17,29506.64,328.22
392502.88,270.13,29017.01,328.68
392112.72,270.15,28692.64,328.99
392502.88,270.13,28369.91,329.30
390944.91,270.21,28008.75,329.65
390168.59,270.24,27490.66,330.17
389781.06,270.26,27134.43,330.53
391333.75,270.19,26701.73,330.97
391723.03,270.17,26349.89,331.34
390944.91,270.21,26155.27,331.55
391333.75,270.19,26155.27,331.55
391333.75,270.19,26116.41,331.59
392112.72,270.15,26155.27,331.55
392112.72,270.15,25690.61,332.04
392112.72,270.15,25536.48,332.21
391723.03,270.17,25459.56,332.30
390168.59,270.24,25306.00,332.47
391723.03,270.17,25152.81,332.64
392112.72,270.15,25076.36,332.72
392112.72,270.15,24961.86,332.85
391723.03,270.17,24885.64,332.94
390944.91,270.21,24885.64,332.94
391723.03,270.17,24923.73,332.89
391723.03,270.17,25229.36,332.55
397615.03,269.89,25076.36,332.72
391723.03,270.17,25498.01,332.25
391333.75,270.19,25498.01,332.25
391723.03,270.17,25729.20,332.00
390944.91,270.21,26038.78,331.67
392112.72,270.15,26271.97,331.42
392893.44,270.11,26740.95,330.93
391723.03,270.17,26898.05,330.77
391723.03,270.17,27371.70,330.28
391723.03,270.17,28008.75,329.65
392112.72,270.15,28773.58,328.91
394853.00,270.02,28209.14,329.45
392112.72,270.15,29958.74,327.81
392112.72,270.15,30622.01,327.21
392893.44,270.11,30830.67,327.03
392112.72,270.15,30914.32,326.96
392112.72,270.15,30747.13,327.10
392502.88,270.13,30830.67,327.03
392112.72,270.15,30705.39,327.14
393284.47,270.10,30497.13,327.33
392112.72,270.15,30497.13,327.33
392112.72,270.15,30622.01,327.21
397219.13,269.91,30331.00,327.47
390168.59,270.24,30622.01,327.21
393675.94,270.08,30747.13,327.10
392502.88,270.13,30872.48,326.99
392893.44,270.11,30663.69,327.18
392112.72,270.15,31123.92,326.77
392112.72,270.15,31292.08,326.63
393284.47,270.10,31460.68,326.48
393284.47,270.10,31884.06,326.12
394067.81,270.06,32224.73,325.84
394067.81,270.06,32653.06,325.48
392502.88,270.13,33736.12,324.61
392502.88,270.13,33779.81,324.58
394067.81,270.06,34262.30,324.20
394853.00,270.02,34881.43,323.72
394853.00,270.02,35416.67,323.32
394460.19,270.04,35730.86,323.09
394853.00,270.02,36182.25,322.75
394853.00,270.02,36500.00,322.52
395639.91,269.99,36591.06,322.46
396034.06,269.97,36773.55,322.33
396428.59,269.95,36454.52,322.56
394853.00,270.02,37139.99,322.07
394067.81,270.06,36591.06,322.46
394460.19,270.04,36864.97,322.26
396428.59,269.95,36956.53,322.20
396428.59,269.95,37139.99,322.07
396034.06,269.97,37600.81,321.74
394853.00,270.02,37323.95,321.94
395246.22,270.00,37094.08,322.10
394853.00,270.02,36773.55,322.33
393284.47,270.10,36227.55,322.72
394067.81,270.06,36227.55,322.72
395639.91,269.99,36272.88,322.69
396428.59,269.95,35865.96,322.99
393284.47,270.10,35371.90,323.35
392893.44,270.11,34571.15,323.96
393284.47,270.10,34086.45,324.34
393284.47,270.10,33823.53,324.54
394067.81,270.06,33300.78,324.96
394067.81,270.06,32782.10,325.38
394460.19,270.04,31969.06,326.05
392893.44,270.11,31081.95,326.81
392112.72,270.15,30622.01,327.21
392112.72,270.15,30000.00,327.77
392112.72,270.15,30206.68,327.59
392893.44,270.11,30372.49,327.44
393284.47,270.10,30497.13,327.33
392502.88,270.13,30123.93,327.66
392502.88,270.13,30000.00,327.77
392502.88,270.13,29917.51,327.85
393675.94,270.08,29958.74,327.81
392893.44,270.11,30041.28,327.73
393675.94,270.08,30289.53,327.51
392893.44,270.11,30372.49,327.44
392112.72,270.15,30248.09,327.55
392893.44,270.11,30000.00,327.77
392112.72,270.15,29547.61,328.19
392112.72,270.15,29220.58,328.49
392112.72,270.15,29547.61,328.19
392893.44,270.11,29752.85,328.00
392112.72,270.15,29876.31,327.88
392112.72,270.15,29876.31,327.88
392502.88,270.13,29958.74,327.81
392112.72,270.15,30165.29,327.62
392502.88,270.13,30248.09,327.55
393284.47,270.10,30414.01,327.40
394067.81,270.06,30663.69,327.18
394067.81,270.06,30788.88,327.07
393284.47,270.10,30830.67,327.03
392112.72,270.15,30538.73,327.29
392112.72,270.15,30248.09,327.55
393284.47,270.10,30248.09,327.55
394067.81,270.06,30165.29,327.62
392502.88,270.13,30082.59,327.70
392112.72,270.15,30165.29,327.62
393284.47,270.10,30206.68,327.59
392893.44,270.11,30497.13,327.33
393284.47,270.10,30622.01,327.21
392502.88,270.13,30041.28,327.73
391723.03,270.17,30622.01,327.21
392112.72,270.15,30622.01,327.21
392502.88,270.13,30914.32,326.96
392502.88,270.13,30998.08,326.88
392112.72,270.15,30998.08,326.88
392112.72,270.15,30998.08,326.88
394067.81,270.06,30998.08,326.88
392893.44,270.11,30705.39,327.14
392112.72,270.15,30622.01,327.21
392112.72,270.15,30248.09,327.55
392502.88,270.13,30414.01,327.40
392893.44,270.11,29958.74,327.81
392112.72,270.15,29547.61,328.19
392502.88,270.13,29179.81,328.53
392112.72,270.15,28935.77,328.76
392502.88,270.13,28652.22,329.03
391333.75,270.19,28531.07,329.14
392502.88,270.13,28209.14,329.45
392112.72,270.15,27848.89,329.81
392112.72,270.15,27649.63,330.01
392112.72,270.15,27570.09,330.09
392112.72,270.15,27371.70,330.28
391723.03,270.17,27173.91,330.49
392502.88,270.13,27252.95,330.40
392112.72,270.15,27134.43,330.53
392112.72,270.15,26819.45,330.85
391723.03,270.17,26662.54,331.01
392112.72,270.15,26545.12,331.13
392112.72,270.15,26388.89,331.30
392112.72,270.15,26466.96,331.22
392112.72,270.15,26116.41,331.59
392502.88,270.13,26116.41,331.59
392112.72,270.15,26233.04,331.46
392112.72,270.15,26077.59,331.63
392112.72,270.15,25845.12,331.88
392112.72,270.15,25845.12,331.88
392112.72,270.15,25767.81,331.96
392893.44,270.11,25767.81,331.96
390168.59,270.24,25729.20,332.00
392893.44,270.11,25767.81,331.96
394460.19,270.04,25498.01,332.25
392502.88,270.13,25536.48,332.21
392112.72,270.15,25498.01,332.25
392112.72,270.15,25498.01,332.25
392502.88,270.13,25498.01,332.25
393284.47,270.10,25498.01,332.25
392112.72,270.15,25229.36,332.55
392112.72,270.15,25344.35,332.42
392112.72,270.15,25344.35,332.42
393284.47,270.10,25306.00,332.47
392112.72,270.15,25267.67,332.51
392112.72,270.15,25152.81,332.64
393675.94,270.08,25421.13,332.34
392112.72,270.15,25306.00,332.47
392112.72,270.15,25267.67,332.51
392112.72,270.15,25114.57,332.68
393284.47,270.10,25229.36,332.55
392112.72,270.15,24923.73,332.89
392112.72,270.15,25382.73,332.38
392893.44,270.11,25229.36,332.55
392112.72,270.15,24885.64,332.94
390944.91,270.21,24354.69,333.54
391333.75,270.19,25114.57,332.68
392502.88,270.13,25038.17,332.76
392112.72,270.15,25191.07,332.59
392112.72,270.15,25152.81,332.64
392112.72,270.15,25306.00,332.47
392112.72,270.15,25152.81,332.64
392112.72,270.15,25152.81,332.64
392112.72,270.15,25152.81,332.64
391333.75,270.19,25152.81,332.64
391723.03,270.17,25498.01,332.25
392112.72,270.15,25382.73,332.38
392502.88,270.13,25344.35,332.42
392112.72,270.15,25114.57,332.68
392112.72,270.15,25114.57,332.68
392112.72,270.15,25114.57,332.68
392112.72,270.15,25152.81,332.64
392112.72,270.15,24923.73,332.89
393675.94,270.08,25229.36,332.55
393284.47,270.10,25152.81,332.64
392112.72,270.15,25038.17,332.76
392112.72,270.15,25000.00,332.81
392112.72,270.15,25000.00,332.81
391723.03,270.17,24923.73,332.89
392502.88,270.13,25000.00,332.81
392112.72,270.15,25000.00,332.81
392112.72,270.15,24923.73,332.89
392112.72,270.15,25038.17,332.76
392112.72,270.15,24885.64,332.94
392112.72,270.15,24885.64,332.94
392502.88,270.13,25000.00,332.81
391333.75,270.19,24961.86,332.85
391723.03,270.17,24885.64,332.94
391333.75,270.19,24885.64,332.94
394460.19,270.04,24885.64,332.94
392112.72,270.15,24885.64,332.94
392112.72,270.15,24885.64,332.94
392502.88,270.13,24885.64,332.94
392502.88,270.13,24961.86,332.85
392112.72,270.15,24809.51,333.02
392112.72,270.15,24885.64,332.94
392112.72,270.15,24885.64,332.94
392112.72,270.15,24885.64,332.94
392502.88,270.13,24885.64,332.94
392112.72,270.15,25000.00,332.81
395639.91,269.99,24923.73,332.89
392112.72,270.15,24885.64,332.94
392893.44,270.11,24885.64,332.94
392112.72,270.15,24809.51,333.02
392502.88,270.13,24885.64,332.94
392893.44,270.11,24885.64,332.94
392112.72,270.15,24771.48,333.06
390944.91,270.21,24771.48,333.06
392112.72,270.15,24847.56,332.98
392502.88,270.13,24885.64,332.94
392112.72,270.15,24847.56,332.98
389394.00,270.28,24847.56,332.98
390556.56,270.23,24771.48,333.06
392893.44,270.11,24733.48,333.11
391723.03,270.17,24695.49,333.15
392893.44,270.11,24771.48,333.06
394067.81,270.06,24771.48,333.06
392893.44,270.11,24695.49,333.15
392502.88,270.13,24619.60,333.24
392502.88,270.13,24543.79,333.32
392893.44,270.11,24468.09,333.41
392112.72,270.15,24505.93,333.37
392112.72,270.15,24771.48,333.06
392112.72,270.15,24392.46,333.50
392112.72,270.15,24316.94,333.59
392502.88,270.13,24279.21,333.63
392112.72,270.15,24279.21,333.63
392893.44,270.11,24279.21,333.63
392502.88,270.13,24241.51,333.67
392112.72,270.15,24279.21,333.63
392112.72,270.15,24241.51,333.67
393284.47,270.10,24241.51,333.67
392893.44,270.11,24203.82,333.72
391723.03,270.17,24543.79,333.32
396034.06,269.97,24015.75,333.94
392502.88,270.13,24090.91,333.85
392502.88,270.13,24203.82,333.72
392893.44,270.11,24090.91,333.85
392893.44,270.11,24015.75,333.94
392112.72,270.15,23940.68,334.03
391723.03,270.17,24316.94,333.59
392112.72,270.15,24090.91,333.85
392893.44,270.11,24166.16,333.76
392502.88,270.13,24128.53,333.80
392112.72,270.15,24090.91,333.85
391723.03,270.17,24128.53,333.80
392112.72,270.15,24166.16,333.76
392112.72,270.15,24090.91,333.85
392893.44,270.11,24090.91,333.85
392893.44,270.11,24053.32,333.89
392112.72,270.15,23940.68,334.03
392112.72,270.15,23978.20,333.98
392112.72,270.15,24090.91,333.85
392502.88,270.13,23903.18,334.07
392112.72,270.15,24015.75,333.94
391723.03,270.17,24053.32,333.89
393284.47,270.10,24166.16,333.76
392502.88,270.13,24090.91,333.85
392112.72,270.15,24015.75,333.94
392112.72,270.15,23940.68,334.03
392112.72,270.15,24015.75,333.94
392502.88,270.13,23903.18,334.07
392112.72,270.15,23940.68,334.03
392112.72,270.15,23865.70,334.11
392112.72,270.15,23865.70,334.11
392502.88,270.13,24053.32,333.89
392502.88,270.13,24053.32,333.89
392112.72,270.15,23940.68,334.03
392502.88,270.13,23978.20,333.98
392502.88,270.13,24090.91,333.85
392112.72,270.15,24015.75,333.94
392112.72,270.15,23865.70,334.11
392112.72,270.15,23903.18,334.07
393284.47,270.10,23940.68,334.03
392502.88,270.13,24015.75,333.94
392893.44,270.11,24053.32,333.89
392112.72,270.15,23940.68,334.03
392112.72,270.15,23903.18,334.07
392112.72,270.15,23978.20,333.98
391723.03,270.17,23046.88,335.10
392112.72,270.15,23865.70,334.11
392112.72,270.15,23903.18,334.07
392112.72,270.15,23828.24,334.16
392112.72,270.15,23940.68,334.03
393284.47,270.10,24090.91,333.85
392893.44,270.11,23940.68,334.03
392112.72,270.15,23865.70,334.11
394067.81,270.06,23940.68,334.03
393284.47,270.10,23978.20,333.98
392502.88,270.13,24015.75,333.94
392112.72,270.15,23790.81,334.20
390168.59,270.24,24015.75,333.94
392893.44,270.11,23865.70,334.11
392893.44,270.11,24015.75,333.94
392112.72,270.15,23865.70,334.11
394067.81,270.06,23903.18,334.07
393284.47,270.10,23865.70,334.11
392893.44,270.11,23940.68,334.03
392112.72,270.15,23940.68,334.03
392112.72,270.15,23940.68,334.03
392112.72,270.15,23940.68,334.03
392502.88,270.13,23903.18,334.07
392112.72,270.15,23940.68,334.03
392893.44,270.11,23903.18,334.07
392502.88,270.13,23978.20,333.98
392502.88,270.13,23978.20,333.98
392112.72,270.15,23940.68,334.03
392112.72,270.15,23865.70,334.11
392502.88,270.13,24090.91,333.85
392112.72,270.15,23978.20,333.98
393284.47,270.10,24015.75,333.94
392502.88,270.13,23903.18,334.07
392112.72,270.15,23678.65,334.34
392112.72,270.15,23828.24,334.16
393675.94,270.08,24015.75,333.94
393284.47,270.10,24015.75,333.94
392112.72,270.15,23865.70,334.11
392112.72,270.15,23903.18,334.07
389394.00,270.28,23603.98,334.43
392112.72,270.15,24015.75,333.94
394853.00,270.02,24015.75,333.94
394460.19,270.04,24241.51,333.67
392112.72,270.15,24053.32,333.89
392112.72,270.15,24128.53,333.80
398011.41,269.88,23306.23,334.79
392112.72,270.15,24166.16,333.76
392893.44,270.11,24090.91,333.85
392502.88,270.13,23940.68,334.03
392112.72,270.15,23940.68,334.03
397219.13,269.91,24279.21,333.63
394853.00,270.02,23978.20,333.98
392112.72,270.15,23828.24,334.16
392112.72,270.15,23940.68,334.03
390168.59,270.24,23678.65,334.34
392112.72,270.15,24015.75,333.94
392112.72,270.15,24090.91,333.85
390944.91,270.21,23903.18,334.07
394067.81,270.06,23940.68,334.03
397219.13,269.91,22751.80,335.47
388621.09,270.32,23903.18,334.07
392112.72,270.15,23865.70,334.11
393284.47,270.10,24053.32,333.89
392112.72,270.15,23678.65,334.34
392502.88,270.13,24015.75,333.94
393284.47,270.10,23903.18,334.07
391723.03,270.17,23678.65,334.34
394460.19,270.04,24015.75,333.94
392502.88,270.13,23865.70,334.11
393284.47,270.10,23940.68,334.03
393284.47,270.10,23865.70,334.11
393675.94,270.08,23978.20,333.98
394460.19,270.04,23940.68,334.03
393284.47,270.10,24015.75,333.94
393284.47,270.10,23828.24,334.16
394460.19,270.04,23865.70,334.11
394460.19,270.04,23940.68,334.03
392893.44,270.11,24015.75,333.94
392893.44,270.11,23157.90,334.97
392893.44,270.11,23120.87,335.01
394853.00,270.02,23865.70,334.11
392893.44,270.11,23903.18,334.07
393284.47,270.10,23865.70,334.11
394067.81,270.06,23903.18,334.07
393284.47,270.10,23940.68,334.03
394067.81,270.06,24015.75,333.94
394853.00,270.02,23978.20,333.98
393675.94,270.08,24203.82,333.72
393284.47,270.10,23790.81,334.20
392893.44,270.11,24053.32,333.89
392502.88,270.13,23903.18,334.07
392112.72,270.15,23716.01,334.29
394067.81,270.06,23940.68,334.03
393284.47,270.10,23865.70,334.11
393284.47,270.10,24015.75,333.94
392893.44,270.11,23865.70,334.11
393284.47,270.10,23865.70,334.11
394067.81,270.06,23940.68,334.03
392502.88,270.13,23790.81,334.20
392502.88,270.13,23940.68,334.03
392893.44,270.11,23903.18,334.07
390944.91,270.21,24279.21,333.63
392502.88,270.13,23903.18,334.07
394853.00,270.02,23940.68,334.03
392893.44,270.11,23903.18,334.07
392502.88,270.13,23903.18,334.07
393284.47,270.10,23940.68,334.03
393675.94,270.08,23940.68,334.03
394460.19,270.04,24015.75,333.94
393284.47,270.10,23940.68,334.03
392502.88,270.13,23940.68,334.03
393675.94,270.08,23903.18,334.07
394853.00,270.02,24430.26,333.45
394067.81,270.06,24053.32,333.89
393284.47,270.10,23865.70,334.11
392112.72,270.15,23865.70,334.11
394067.81,270.06,23940.68,334.03
394460.19,270.04,23940.68,334.03
393284.47,270.10,23828.24,334.16
394853.00,270.02,23978.20,333.98
392112.72,270.15,23865.70,334.11
392112.72,270.15,23903.18,334.07
395639.91,269.99,24053.32,333.89
394460.19,270.04,23492.16,334.56
393284.47,270.10,23940.68,334.03
393284.47,270.10,23903.18,334.07
394460.19,270.04,23978.20,333.98
394460.19,270.04,24090.91,333.85
393284.47,270.10,23940.68,334.03
393284.47,270.10,23903.18,334.07
392502.88,270.13,23865.70,334.11
392112.72,270.15,23865.70,334.11
394853.00,270.02,23978.20,333.98
394067.81,270.06,23865.70,334.11
392502.88,270.13,24015.75,333.94
394853.00,270.02,24053.32,333.89
394067.81,270.06,24166.16,333.76
393675.94,270.08,23865.70,334.11
392502.88,270.13,23903.18,334.07
393284.47,270.10,23940.68,334.03
394853.00,270.02,23940.68,334.03
392893.44,270.11,23903.18,334.07
394853.00,270.02,23903.18,334.07
394067.81,270.06,23865.70,334.11
392502.88,270.13,23865.70,334.11
394853.00,270.02,24015.75,333.94
394460.19,270.04,24090.91,333.85
393284.47,270.10,23978.20,333.98
393284.47,270.10,23753.40,334.25
394067.81,270.06,23940.68,334.03
394067.81,270.06,23940.68,334.03
393284.47,270.10,23940.68,334.03
393284.47,270.10,23903.18,334.07
394067.81,270.06,23903.18,334.07
394460.19,270.04,23903.18,334.07
394067.81,270.06,24053.32,333.89
393284.47,270.10,23940.68,334.03
393675.94,270.08,23865.70,334.11
394460.19,270.04,24279.21,333.63
394460.19,270.04,23865.70,334.11
394460.19,270.04,23865.70,334.11
394460.19,270.04,23940.68,334.03
394067.81,270.06,23940.68,334.03
392502.88,270.13,23903.18,334.07
394853.00,270.02,24015.75,333.94
393284.47,270.10,24053.32,333.89
394853.00,270.02,23940.68,334.03
393675.94,270.08,23940.68,334.03
392502.88,270.13,23865.70,334.11
398011.41,269.88,24053.32,333.89
393284.47,270.10,23865.70,334.11
393675.94,270.08,23865.70,334.11
393675.94,270.08,23753.40,334.25
393284.47,270.10,23903.18,334.07
394853.00,270.02,23865.70,334.11
392893.44,270.11,23753.40,334.25
394067.81,270.06,23940.68,334.03
393675.94,270.08,23865.70,334.11
392112.72,270.15,23903.18,334.07
394853.00,270.02,24090.91,333.85
395639.91,269.99,23865.70,334.11
393675.94,270.08,23716.01,334.29
394067.81,270.06,23978.20,333.98
394067.81,270.06,23978.20,333.98
394460.19,270.04,23903.18,334.07
392112.72,270.15,23865.70,334.11
393284.47,270.10,23865.70,334.11
393284.47,270.10,23978.20,333.98
392893.44,270.11,24015.75,333.94
394460.19,270.04,24015.75,333.94
394460.19,270.04,24316.94,333.59
393675.94,270.08,24015.75,333.94
392502.88,270.13,23865.70,334.11
394853.00,270.02,23865.70,334.11
393284.47,270.10,23978.20,333.98
394853.00,270.02,24015.75,333.94
393284.47,270.10,24053.32,333.89
396034.06,269.97,23865.70,334.11
393284.47,270.10,23828.24,334.16
392893.44,270.11,23940.68,334.03
396034.06,269.97,23940.68,334.03
396034.06,269.97,24015.75,333.94
396034.06,269.97,23678.65,334.34
392893.44,270.11,22936.05,335.24
394460.19,270.04,23903.18,334.07
397219.13,269.91,24015.75,333.94
394853.00,270.02,23903.18,334.07
394460.19,270.04,23940.68,334.03
395639.91,269.99,23940.68,334.03
395639.91,269.99,23940.68,334.03
394853.00,270.02,23903.18,334.07
394067.81,270.06,23790.81,334.20
394853.00,270.02,24015.75,333.94
395639.91,269.99,23828.24,334.16
393675.94,270.08,23828.24,334.16
393675.94,270.08,23978.20,333.98
393284.47,270.10,23940.68,334.03
392893.44,270.11,23865.70,334.11
394067.81,270.06,23978.20,333.98
392893.44,270.11,23903.18,334.07
394460.19,270.04,23865.70,334.11
394853.00,270.02,23940.68,334.03
395246.22,270.00,23903.18,334.07
394460.19,270.04,23903.18,334.07
394460.19,270.04,24015.75,333.94
395246.22,270.00,24203.82,333.72
394853.00,270.02,23865.70,334.11
394460.19,270.04,23865.70,334.11
394460.19,270.04,23753.40,334.25
393284.47,270.10,23903.18,334.07
394067.81,270.06,23753.40,334.25
394067.81,270.06,23865.70,334.11
393284.47,270.10,24015.75,333.94
392893.44,270.11,23903.18,334.07
394460.19,270.04,24053.32,333.89
393284.47,270.10,24090.91,333.85
392893.44,270.11,23716.01,334.29
394460.19,270.04,24090.91,333.85
394853.00,270.02,23940.68,334.03
394067.81,270.06,23828.24,334.16
393284.47,270.10,24015.75,333.94
394853.00,270.02,24015.75,333.94
394067.81,270.06,23790.81,334.20
393284.47,270.10,23790.81,334.20
394067.81,270.06,23865.70,334.11
394853.00,270.02,23865.70,334.11
394067.81,270.06,23903.18,334.07
394853.00,270.02,23903.18,334.07
394067.81,270.06,23978.20,333.98
394460.19,270.04,23903.18,334.07
393284.47,270.10,23865.70,334.11
393284.47,270.10,23903.18,334.07
395246.22,270.00,24015.75,333.94
392112.72,270.15,23865.70,334.11
396428.59,269.95,24015.75,333.94
394460.19,270.04,24015.75,333.94
393284.47,270.10,23865.70,334.11
394067.81,270.06,23978.20,333.98
394853.00,270.02,24090.91,333.85
396034.06,269.97,24543.79,333.32
393675.94,270.08,23903.18,334.07
392502.88,270.13,23865.70,334.11
396428.59,269.95,24015.75,333.94
393284.47,270.10,23903.18,334.07
394853.00,270.02,23903.18,334.07
392502.88,270.13,23865.70,334.11
393675.94,270.08,23790.81,334.20
394067.81,270.06,24053.32,333.89
394067.81,270.06,24015.75,333.94
394460.19,270.04,23194.95,334.92
394067.81,270.06,23790.81,334.20
394853.00,270.02,24090.91,333.85
393675.94,270.08,23940.68,334.03
394460.19,270.04,23940.68,334.03
394853.00,270.02,23903.18,334.07
390944.91,270.21,23903.18,334.07
396428.59,269.95,23903.18,334.07
394460.19,270.04,23790.81,334.20
393284.47,270.10,23865.70,334.11
394460.19,270.04,23903.18,334.07
393284.47,270.10,23828.24,334.16
394853.00,270.02,23903.18,334.07
395639.91,269.99,23903.18,334.07
394853.00,270.02,23865.70,334.11
392893.44,270.11,23790.81,334.20
394853.00,270.02,23940.68,334.03
396034.06,269.97,24015.75,333.94
394460.19,270.04,23903.18,334.07
394853.00,270.02,23865.70,334.11
395639.91,269.99,23903.18,334.07
394067.81,270.06,24053.32,333.89
394460.19,270.04,23865.70,334.11
395639.91,269.99,23903.18,334.07
396034.06,269.97,23903.18,334.07
394067.81,270.06,23828.24,334.16
394853.00,270.02,23903.18,334.07
395639.91,269.99,23940.68,334.03
393675.94,270.08,23828.24,334.16
396034.06,269.97,23903.18,334.07
396428.59,269.95,23790.81,334.20
394853.00,270.02,23678.65,334.34
394067.81,270.06,23903.18,334.07
394853.00,270.02,23790.81,334.20
393284.47,270.10,23790.81,334.20
395639.91,269.99,23940.68,334.03
393284.47,270.10,23828.24,334.16
394067.81,270.06,23940.68,334.03
394853.00,270.02,23828.24,334.16
394067.81,270.06,23046.88,335.10
394067.81,270.06,23940.68,334.03
397219.13,269.91,23865.70,334.11
396034.06,269.97,23903.18,334.07
394460.19,270.04,23790.81,334.20
394067.81,270.06,23865.70,334.11
394853.00,270.02,23790.81,334.20
393675.94,270.08,23753.40,334.25
395639.91,269.99,23903.18,334.07
396034.06,269.97,23828.24,334.16
395639.91,269.99,23790.81,334.20
395639.91,269.99,23865.70,334.11
397219.13,269.91,23641.30,334.38
396034.06,269.97,23978.20,333.98
394853.00,270.02,23716.01,334.29
394067.81,270.06,23678.65,334.34
394067.81,270.06,23790.81,334.20
396034.06,269.97,23865.70,334.11
394853.00,270.02,23753.40,334.25
396428.59,269.95,23790.81,334.20
394460.19,270.04,23753.40,334.25
394067.81,270.06,23940.68,334.03
394460.19,270.04,23903.18,334.07
396034.06,269.97,24053.32,333.89
393284.47,270.10,23716.01,334.29
395639.91,269.99,23790.81,334.20
394853.00,270.02,23865.70,334.11
394067.81,270.06,23790.81,334.20
394460.19,270.04,23940.68,334.03
394067.81,270.06,24015.75,333.94
393675.94,270.08,23903.18,334.07
394853.00,270.02,24053.32,333.89
395639.91,269.99,24053.32,333.89
394067.81,270.06,24166.16,333.76
394460.19,270.04,23492.16,334.56
394460.19,270.04,24885.64,332.94
394067.81,270.06,24771.48,333.06
396034.06,269.97,24885.64,332.94
396428.59,269.95,25114.57,332.68
395246.22,270.00,24923.73,332.89
394853.00,270.02,24885.64,332.94
396428.59,269.95,24733.48,333.11
397219.13,269.91,24695.49,333.15
396034.06,269.97,24505.93,333.37
397219.13,269.91,24279.21,333.63
395246.22,270.00,23492.16,334.56
393284.47,270.10,23157.90,334.97
394853.00,270.02,23940.68,334.03
395639.91,269.99,23790.81,334.20
393675.94,270.08,23678.65,334.34
396034.06,269.97,23678.65,334.34
395246.22,270.00,23678.65,334.34
394853.00,270.02,23603.98,334.43
394853.00,270.02,23529.41,334.52
396034.06,269.97,23380.54,334.70
392502.88,270.13,23269.12,334.83
393675.94,270.08,23306.23,334.79
396034.06,269.97,23157.90,334.97
394853.00,270.02,23083.86,335.06
394460.19,270.04,23194.95,334.92
394460.19,270.04,23083.86,335.06
394067.81,270.06,22972.97,335.20
395639.91,269.99,23083.86,335.06
394067.81,270.06,23083.86,335.06
394853.00,270.02,23046.88,335.10
396034.06,269.97,23009.91,335.15
394067.81,270.06,22899.16,335.29
396034.06,269.97,23046.88,335.10
394460.19,270.04,22862.29,335.33
393675.94,270.08,22936.05,335.24
394460.19,270.04,22825.44,335.38
397219.13,269.91,22972.97,335.20
394067.81,270.06,22751.80,335.47
396034.06,269.97,22788.61,335.42
397219.13,269.91,22751.80,335.47
396034.06,269.97,22678.25,335.56
396428.59,269.95,22751.80,335.47
396034.06,269.97,22678.25,335.56
393284.47,270.10,22715.01,335.52
394460.19,270.04,23046.88,335.10
396034.06,269.97,22568.09,335.70
396034.06,269.97,22751.80,335.47
394853.00,270.02,22604.79,335.66
394853.00,270.02,22641.51,335.61
396034.06,269.97,22604.79,335.66
394067.81,270.06,22678.25,335.56
394460.19,270.04,22604.79,335.66
394853.00,270.02,22604.79,335.66
395639.91,269.99,22678.25,335.56
396428.59,269.95,22604.79,335.66
396034.06,269.97,22641.51,335.61
396428.59,269.95,22678.25,335.56
395639.91,269.99,22531.42,335.75
396428.59,269.95,22568.09,335.70
396428.59,269.95,22678.25,335.56
396034.06,269.97,22604.79,335.66
394067.81,270.06,22531.42,335.75
394853.00,270.02,22604.79,335.66
396428.59,269.95,22604.79,335.66
395639.91,269.99,22641.51,335.61
395639.91,269.99,22568.09,335.70
396428.59,269.95,22751.80,335.47
397219.13,269.91,22494.77,335.79
396034.06,269.97,22678.25,335.56
394853.00,270.02,22715.01,335.52
396428.59,269.95,22604.79,335.66
394853.00,270.02,22641.51,335.61
396034.06,269.97,22751.80,335.47
394853.00,270.02,22715.01,335.52
396428.59,269.95,22825.44,335.38
394853.00,270.02,22825.44,335.38
395246.22,270.00,22751.80,335.47
394460.19,270.04,22936.05,335.24
396034.06,269.97,22936.05,335.24
395639.91,269.99,23046.88,335.10
396428.59,269.95,23083.86,335.06
396428.59,269.95,22972.97,335.20
395639.91,269.99,23009.91,335.15
395639.91,269.99,22936.05,335.24
396428.59,269.95,23009.91,335.15
395639.91,269.99,23009.91,335.15
396428.59,269.95,23046.88,335.10
396034.06,269.97,23083.86,335.06
395639.91,269.99,23083.86,335.06
395639.91,269.99,22825.44,335.38
394853.00,270.02,23009.91,335.15
397219.13,269.91,23083.86,335.06
395246.22,270.00,23120.87,335.01
394853.00,270.02,23083.86,335.06
396428.59,269.95,23083.86,335.06
395246.22,270.00,23157.90,334.97
397615.03,269.89,23157.90,334.97
397219.13,269.91,23157.90,334.97
395639.91,269.99,23083.86,335.06
394460.19,270.04,23083.86,335.06
396823.66,269.93,23454.93,334.61
398011.41,269.88,23343.38,334.74
396034.06,269.97,23194.95,334.92
394067.81,270.06,23083.86,335.06
395639.91,269.99,23083.86,335.06
396034.06,269.97,23120.87,335.01
396428.59,269.95,23157.90,334.97
396428.59,269.95,23120.87,335.01
395639.91,269.99,23120.87,335.01
396034.06,269.97,23120.87,335.01
395639.91,269.99,23120.87,335.01
394460.19,270.04,22568.09,335.70
392502.88,270.13,23009.91,335.15
392502.88,270.13,23306.23,334.79
396034.06,269.97,23194.95,334.92
395639.91,269.99,23120.87,335.01
396823.66,269.93,23157.90,334.97
395639.91,269.99,23232.02,334.88
394853.00,270.02,23194.95,334.92
394853.00,270.02,23120.87,335.01
394067.81,270.06,23269.12,334.83
394853.00,270.02,23269.12,334.83
396428.59,269.95,23343.38,334.74
394853.00,270.02,22862.29,335.33
396034.06,269.97,23529.41,334.52
395639.91,269.99,23343.38,334.74
394853.00,270.02,23232.02,334.88
393675.94,270.08,23269.12,334.83
395639.91,269.99,23269.12,334.83
395639.91,269.99,23343.38,334.74
394853.00,270.02,23306.23,334.79
397219.13,269.91,23454.93,334.61
396034.06,269.97,23306.23,334.79
395639.91,269.99,23269.12,334.83
387080.59,270.39,23306.23,334.79
394460.19,270.04,22421.53,335.89
396034.06,269.97,23417.72,334.65
394460.19,270.04,23232.02,334.88
394853.00,270.02,23306.23,334.79
394853.00,270.02,23232.02,334.88
396034.06,269.97,23232.02,334.88
395639.91,269.99,23232.02,334.88
396428.59,269.95,23269.12,334.83
396034.06,269.97,23306.23,334.79
396428.59,269.95,23157.90,334.97
396034.06,269.97,23343.38,334.74
394460.19,270.04,23343.38,334.74
394853.00,270.02,23269.12,334.83
396823.66,269.93,23194.95,334.92
394853.00,270.02,23194.95,334.92
396428.59,269.95,23232.02,334.88
396823.66,269.93,23306.23,334.79
396428.59,269.95,23194.95,334.92
396428.59,269.95,23157.90,334.97
396823.66,269.93,23194.95,334.92
396428.59,269.95,23194.95,334.92
397219.13,269.91,23194.95,334.92
395639.91,269.99,23232.02,334.88
401599.16,269.71,23083.86,335.06
394853.00,270.02,23083.86,335.06
394460.19,270.04,23120.87,335.01
398011.41,269.88,23194.95,334.92
398408.22,269.86,23269.12,334.83
397219.13,269.91,23194.95,334.92
395639.91,269.99,23120.87,335.01
394853.00,270.02,23157.90,334.97
397219.13,269.91,23120.87,335.01
396034.06,269.97,23343.38,334.74
396428.59,269.95,23083.86,335.06
396034.06,269.97,23083.86,335.06
396428.59,269.95,23194.95,334.92
395639.91,269.99,23083.86,335.06
396034.06,269.97,23194.95,334.92
394853.00,270.02,23157.90,334.97
394853.00,270.02,23232.02,334.88
397615.03,269.89,23194.95,334.92
396428.59,269.95,23157.90,334.97
397615.03,269.89,23232.02,334.88
396428.59,269.95,23194.95,334.92
396428.59,269.95,22093.02,336.31
397219.13,269.91,23269.12,334.83
396428.59,269.95,23269.12,334.83
396034.06,269.97,23120.87,335.01
396428.59,269.95,23120.87,335.01
397219.13,269.91,23157.90,334.97
396034.06,269.97,23157.90,334.97
397219.13,269.91,23232.02,334.88
397219.13,269.91,23120.87,335.01
397615.03,269.89,23157.90,334.97
395639.91,269.99,23194.95,334.92
398011.41,269.88,23417.72,334.65
398011.41,269.88,23194.95,334.92
395639.91,269.99,23083.86,335.06
394460.19,270.04,23157.90,334.97
395246.22,270.00,23306.23,334.79
397219.13,269.91,23269.12,334.83
396823.66,269.93,23269.12,334.83
398408.22,269.86,23269.12,334.83
398011.41,269.88,23194.95,334.92
396428.59,269.95,23157.90,334.97
394853.00,270.02,23194.95,334.92
397219.13,269.91,23194.95,334.92
396034.06,269.97,23269.12,334.83
394067.81,270.06,23380.54,334.70
397219.13,269.91,23194.95,334.92
396823.66,269.93,23083.86,335.06
394853.00,270.02,23120.87,335.01
396034.06,269.97,23269.12,334.83
396428.59,269.95,23269.12,334.83
398011.41,269.88,23232.02,334.88
398408.22,269.86,23269.12,334.83
394853.00,270.02,23194.95,334.92
397219.13,269.91,23157.90,334.97
396428.59,269.95,23529.41,334.52
397219.13,269.91,23232.02,334.88
396034.06,269.97,23194.95,334.92
395639.91,269.99,23083.86,335.06
398011.41,269.88,23232.02,334.88
397615.03,269.89,23194.95,334.92
397615.03,269.89,23157.90,334.97
397219.13,269.91,23194.95,334.92
397219.13,269.91,23269.12,334.83
398011.41,269.88,23269.12,334.83
396823.66,269.93,23157.90,334.97
397615.03,269.89,22715.01,335.52
395639.91,269.99,23157.90,334.97
398011.41,269.88,23306.23,334.79
397615.03,269.89,23157.90,334.97
396034.06,269.97,23120.87,335.01
397615.03,269.89,23157.90,334.97
397615.03,269.89,23194.95,334.92
398011.41,269.88,23194.95,334.92
398011.41,269.88,23157.90,334.97
397219.13,269.91,23194.95,334.92
396034.06,269.97,23157.90,334.97
397219.13,269.91,23306.23,334.79
398011.41,269.88,23417.72,334.65
398805.50,269.84,23306.23,334.79
397615.03,269.89,23194.95,334.92
397219.13,269.91,23269.12,334.83
396428.59,269.95,23120.87,335.01
396034.06,269.97,23120.87,335.01
397219.13,269.91,23194.95,334.92
394460.19,270.04,23120.87,335.01
394853.00,270.02,23083.86,335.06
396034.06,269.97,23120.87,335.01
397219.13,269.91,23269.12,334.83
398408.22,269.86,23269.12,334.83
398011.41,269.88,23157.90,334.97
396823.66,269.93,23194.95,334.92
394853.00,270.02,23157.90,334.97
396823.66,269.93,23194.95,334.92
397615.03,269.89,23232.02,334.88
397615.03,269.89,23232.02,334.88
398805.50,269.84,23269.12,334.83
398805.50,269.84,23194.95,334.92
399203.25,269.82,23269.12,334.83
397615.03,269.89,23269.12,334.83
392893.44,270.11,23083.86,335.06
398805.50,269.84,23120.87,335.01
398408.22,269.86,23232.02,334.88
398805.50,269.84,23194.95,334.92
398805.50,269.84,23232.02,334.88
398408.22,269.86,23194.95,334.92
399203.25,269.82,23194.95,334.92
399601.41,269.80,23194.95,334.92
399203.25,269.82,23194.95,334.92
400000.03,269.78,23083.86,335.06
399601.41,269.80,23269.12,334.83
398011.41,269.88,23417.72,334.65
398011.41,269.88,23083.86,335.06
398408.22,269.86,23232.02,334.88
397615.03,269.89,23269.12,334.83
397615.03,269.89,23194.95,334.92
404011.53,269.60,23083.86,335.06
398408.22,269.86,23269.12,334.83
393284.47,270.10,22899.16,335.29
398011.41,269.88,23120.87,335.01
398011.41,269.88,23306.23,334.79
398408.22,269.86,24128.53,333.80
404415.19,269.58,20370.37,338.65
396823.66,269.93,23678.65,334.34
400000.03,269.78,23046.88,335.10
398011.41,269.88,23232.02,334.88
397615.03,269.89,23157.90,334.97
393284.47,270.10,22458.13,335.84
397615.03,269.89,23232.02,334.88
398805.50,269.84,23343.38,334.74
392112.72,270.15,22825.44,335.38
392112.72,270.15,25076.36,332.72
397219.13,269.91,23120.87,335.01
399601.41,269.80,23492.16,334.56
398011.41,269.88,23120.87,335.01
398408.22,269.86,23157.90,334.97
396823.66,269.93,23194.95,334.92
402803.25,269.66,22275.31,336.07
398805.50,269.84,23120.87,335.01
398408.22,269.86,23157.90,334.97
404819.31,269.56,24090.91,333.85
404819.31,269.56,20867.77,337.95
397219.13,269.91,23083.86,335.06
397219.13,269.91,23083.86,335.06
398011.41,269.88,23454.93,334.61
397219.13,269.91,23343.38,334.74
397219.13,269.91,23194.95,334.92
392112.72,270.15,24166.16,333.76
396428.59,269.95,23120.87,335.01
396823.66,269.93,23157.90,334.97
401198.69,269.73,22348.37,335.98
392502.88,270.13,24468.09,333.41
398805.50,269.84,23865.70,334.11
398805.50,269.84,23157.90,334.97
397615.03,269.89,23157.90,334.97
396428.59,269.95,23120.87,335.01
398805.50,269.84,23454.93,334.61
398805.50,269.84,23157.90,334.97
396428.59,269.95,23083.86,335.06
397615.03,269.89,23194.95,334.92
398011.41,269.88,23157.90,334.97
398805.50,269.84,23232.02,334.88
398011.41,269.88,23194.95,334.92
396428.59,269.95,23120.87,335.01
398011.41,269.88,23083.86,335.06
398408.22,269.86,23269.12,334.83
398805.50,269.84,23269.12,334.83
397615.03,269.89,22311.83,336.03
398011.41,269.88,22384.94,335.93
398408.22,269.86,23083.86,335.06
397615.03,269.89,23232.02,334.88
398408.22,269.86,23232.02,334.88
398011.41,269.88,23157.90,334.97
400399.13,269.77,23120.87,335.01
398408.22,269.86,23157.90,334.97
398011.41,269.88,23194.95,334.92
398011.41,269.88,23120.87,335.01
398805.50,269.84,23194.95,334.92
398805.50,269.84,22020.26,336.40
398805.50,269.84,23306.23,334.79
399203.25,269.82,23306.23,334.79
399203.25,269.82,23120.87,335.01
398408.22,269.86,23194.95,334.92
397615.03,269.89,23157.90,334.97
398011.41,269.88,23083.86,335.06
398011.41,269.88,23157.90,334.97
399601.41,269.80,23269.12,334.83
398408.22,269.86,23083.86,335.06
398408.22,269.86,23194.95,334.92
398805.50,269.84,23269.12,334.83
398805.50,269.84,23194.95,334.92
398805.50,269.84,23269.12,334.83
399203.25,269.82,23306.23,334.79
398805.50,269.84,23157.90,334.97
398011.41,269.88,23157.90,334.97
394460.19,270.04,23083.86,335.06
398408.22,269.86,23306.23,334.79
397615.03,269.89,23157.90,334.97
397219.13,269.91,23232.02,334.88
398011.41,269.88,23194.95,334.92
397615.03,269.89,23120.87,335.01
397615.03,269.89,23269.12,334.83
398011.41,269.88,23157.90,334.97
398805.50,269.84,23343.38,334.74
399203.25,269.82,23194.95,334.92
396823.66,269.93,23083.86,335.06
396428.59,269.95,23083.86,335.06
398408.22,269.86,23157.90,334.97
397615.03,269.89,23083.86,335.06
398011.41,269.88,23120.87,335.01
398408.22,269.86,23269.12,334.83
399203.25,269.82,23194.95,334.92
397615.03,269.89,23083.86,335.06
398011.41,269.88,23083.86,335.06
398408.22,269.86,23157.90,334.97
398408.22,269.86,23083.86,335.06
398011.41,269.88,23046.88,335.10
398011.41,269.88,23194.95,334.92
397219.13,269.91,23269.12,334.83
398011.41,269.88,23157.90,334.97
398805.50,269.84,23157.90,334.97
398805.50,269.84,23306.23,334.79
397615.03,269.89,23120.87,335.01
396034.06,269.97,23157.90,334.97
398408.22,269.86,23194.95,334.92
398011.41,269.88,23120.87,335.01
398011.41,269.88,23269.12,334.83
397219.13,269.91,23120.87,335.01
398408.22,269.86,23194.95,334.92
398805.50,269.84,23269.12,334.83
399203.25,269.82,23194.95,334.92
396428.59,269.95,23157.90,334.97
398408.22,269.86,23120.87,335.01
398408.22,269.86,23120.87,335.01
398805.50,269.84,23157.90,334.97
399203.25,269.82,23232.02,334.88
398805.50,269.84,23083.86,335.06
397615.03,269.89,23083.86,335.06
397219.13,269.91,23083.86,335.06
397219.13,269.91,23232.02,334.88
398011.41,269.88,23194.95,334.92
399203.25,269.82,23009.91,335.15
396428.59,269.95,23306.23,334.79
398805.50,269.84,23157.90,334.97
397615.03,269.89,23194.95,334.92
398011.41,269.88,23157.90,334.97
398011.41,269.88,23120.87,335.01
398011.41,269.88,23083.86,335.06
399203.25,269.82,23194.95,334.92
398805.50,269.84,23046.88,335.10
398408.22,269.86,23083.86,335.06
398408.22,269.86,23120.87,335.01
398011.41,269.88,23083.86,335.06
398011.41,269.88,23157.90,334.97
399601.41,269.80,23269.12,334.83
399601.41,269.80,23194.95,334.92
398408.22,269.86,23194.95,334.92
398805.50,269.84,23120.87,335.01
398408.22,269.86,23157.90,334.97
398805.50,269.84,23157.90,334.97
398805.50,269.84,23194.95,334.92
398805.50,269.84,23157.90,334.97
397615.03,269.89,23083.86,335.06
398011.41,269.88,23083.86,335.06
399203.25,269.82,23157.90,334.97
398011.41,269.88,23083.86,335.06
399203.25,269.82,23083.86,335.06
397615.03,269.89,23120.87,335.01
398805.50,269.84,23120.87,335.01
398011.41,269.88,23083.86,335.06
397219.13,269.91,23083.86,335.06
398408.22,269.86,23232.02,334.88
399203.25,269.82,23417.72,334.65
399601.41,269.80,23529.41,334.52
399203.25,269.82,23269.12,334.83
399203.25,269.82,23269.12,334.83
399203.25,269.82,23157.90,334.97
397615.03,269.89,23083.86,335.06
397615.03,269.89,23194.95,334.92
399203.25,269.82,23157.90,334.97
400798.66,269.75,23306.23,334.79
399601.41,269.80,23194.95,334.92
396034.06,269.97,23083.86,335.06
398011.41,269.88,23083.86,335.06
398408.22,269.86,23269.12,334.83
398408.22,269.86,23454.93,334.61
399601.41,269.80,23306.23,334.79
398408.22,269.86,23343.38,334.74
398408.22,269.86,23083.86,335.06
398408.22,269.86,23194.95,334.92
399601.41,269.80,23046.88,335.10
398805.50,269.84,23157.90,334.97
397615.03,269.89,23083.86,335.06
399601.41,269.80,23194.95,334.92
398805.50,269.84,23194.95,334.92
397615.03,269.89,23492.16,334.56
396428.59,269.95,23454.93,334.61
398805.50,269.84,23269.12,334.83
398805.50,269.84,23157.90,334.97
398408.22,269.86,23120.87,335.01
397219.13,269.91,23083.86,335.06
397615.03,269.89,23083.86,335.06
399601.41,269.80,23120.87,335.01
398408.22,269.86,23083.86,335.06
396034.06,269.97,23083.86,335.06
398408.22,269.86,23194.95,334.92
399601.41,269.80,23232.02,334.88
399203.25,269.82,22899.16,335.29
399601.41,269.80,23232.02,334.88
398408.22,269.86,23083.86,335.06
399203.25,269.82,23120.87,335.01
398408.22,269.86,23157.90,334.97
398408.22,269.86,23157.90,334.97
398408.22,269.86,23083.86,335.06
398805.50,269.84,23083.86,335.06
399601.41,269.80,23269.12,334.83
399203.25,269.82,23232.02,334.88
398805.50,269.84,23194.95,334.92
397219.13,269.91,22093.02,336.31
400399.13,269.77,22972.97,335.20
399203.25,269.82,23194.95,334.92
398011.41,269.88,23120.87,335.01
398011.41,269.88,23083.86,335.06
400399.13,269.77,23269.12,334.83
398011.41,269.88,23157.90,334.97
398408.22,269.86,23120.87,335.01
398805.50,269.84,23194.95,334.92
399601.41,269.80,23194.95,334.92
399203.25,269.82,23157.90,334.97
398805.50,269.84,22825.44,335.38
398805.50,269.84,23492.16,334.56
398805.50,269.84,23269.12,334.83
398011.41,269.88,23083.86,335.06
398805.50,269.84,23083.86,335.06
398408.22,269.86,23083.86,335.06
398011.41,269.88,23083.86,335.06
398805.50,269.84,23157.90,334.97
399601.41,269.80,23046.88,335.10
399601.41,269.80,23157.90,334.97
400000.03,269.78,23083.86,335.06
399601.41,269.80,23232.02,334.88
399601.41,269.80,23194.95,334.92
399203.25,269.82,23157.90,334.97
399203.25,269.82,23120.87,335.01
398805.50,269.84,23306.23,334.79
399203.25,269.82,23083.86,335.06
398408.22,269.86,23120.87,335.01
398011.41,269.88,23120.87,335.01
397615.03,269.89,23083.86,335.06
398805.50,269.84,23232.02,334.88
398011.41,269.88,23083.86,335.06
398011.41,269.88,23306.23,334.79
398805.50,269.84,23157.90,334.97
398011.41,269.88,23083.86,335.06
398805.50,269.84,23417.72,334.65
398805.50,269.84,23306.23,334.79
400000.03,269.78,23194.95,334.92
398805.50,269.84,23157.90,334.97
400000.03,269.78,23157.90,334.97
400399.13,269.77,23120.87,335.01
398408.22,269.86,23194.95,334.92
399601.41,269.80,23120.87,335.01
399203.25,269.82,23194.95,334.92
399601.41,269.80,23009.91,335.15
399203.25,269.82,22421.53,335.89
400399.13,269.77,23194.95,334.92
400399.13,269.77,23157.90,334.97
398408.22,269.86,23083.86,335.06
398805.50,269.84,23157.90,334.97
399203.25,269.82,23120.87,335.01
398805.50,269.84,23046.88,335.10
399203.25,269.82,23083.86,335.06
398805.50,269.84,23120.87,335.01
399601.41,269.80,23120.87,335.01
399601.41,269.80,23157.90,334.97
400000.03,269.78,23157.90,334.97
400399.13,269.77,23120.87,335.01
400399.13,269.77,23157.90,334.97
400000.03,269.78,23120.87,335.01
399203.25,269.82,23083.86,335.06
398805.50,269.84,23083.86,335.06
398805.50,269.84,23083.86,335.06
398805.50,269.84,23157.90,334.97
400399.13,269.77,23232.02,334.88
398408.22,269.86,23343.38,334.74
400000.03,269.78,23120.87,335.01
398011.41,269.88,23083.86,335.06
399203.25,269.82,22972.97,335.20
400000.03,269.78,23194.95,334.92
398011.41,269.88,23083.86,335.06
398408.22,269.86,23120.87,335.01
399203.25,269.82,23194.95,334.92
400000.03,269.78,23120.87,335.01
400399.13,269.77,23306.23,334.79
399203.25,269.82,23157.90,334.97
399203.25,269.82,23157.90,334.97
398805.50,269.84,23120.87,335.01
396034.06,269.97,23157.90,334.97
398805.50,269.84,23157.90,334.97
398011.41,269.88,23120.87,335.01
397219.13,269.91,23120.87,335.01
397615.03,269.89,23083.86,335.06
398805.50,269.84,23120.87,335.01
398011.41,269.88,23194.95,334.92
399203.25,269.82,23194.95,334.92
399203.25,269.82,23194.95,334.92
399203.25,269.82,23120.87,335.01
398011.41,269.88,23269.12,334.83
398408.22,269.86,22899.16,335.29
398011.41,269.88,23232.02,334.88
398805.50,269.84,23194.95,334.92
399203.25,269.82,23157.90,334.97
398408.22,269.86,23269.12,334.83
399601.41,269.80,23194.95,334.92
398408.22,269.86,23417.72,334.65
398805.50,269.84,23194.95,334.92
398011.41,269.88,23157.90,334.97
399203.25,269.82,23083.86,335.06
399203.25,269.82,23157.90,334.97
397615.03,269.89,23120.87,335.01
399203.25,269.82,22056.63,336.36
398408.22,269.86,23306.23,334.79
399601.41,269.80,23083.86,335.06
399601.41,269.80,23306.23,334.79
400399.13,269.77,23083.86,335.06
398408.22,269.86,23157.90,334.97
398011.41,269.88,23083.86,335.06
397615.03,269.89,23120.87,335.01
398408.22,269.86,23083.86,335.06
398805.50,269.84,23269.12,334.83
399601.41,269.80,23529.41,334.52
403608.28,269.62,23232.02,334.88
400000.03,269.78,23194.95,334.92
398805.50,269.84,23120.87,335.01
398011.41,269.88,23083.86,335.06
398805.50,269.84,23083.86,335.06
398408.22,269.86,23157.90,334.97
399601.41,269.80,23194.95,334.92
399203.25,269.82,23120.87,335.01
397219.13,269.91,23120.87,335.01
398805.50,269.84,23083.86,335.06
398408.22,269.86,23083.86,335.06
399203.25,269.82,23566.69,334.47
398408.22,269.86,23232.02,334.88
399601.41,269.80,23157.90,334.97
398805.50,269.84,23343.38,334.74
398011.41,269.88,23120.87,335.01
398805.50,269.84,23083.86,335.06
398011.41,269.88,23083.86,335.06
399601.41,269.80,23194.95,334.92
399203.25,269.82,23194.95,334.92
399601.41,269.80,23194.95,334.92
399601.41,269.80,23269.12,334.83
399601.41,269.80,23194.95,334.92
398805.50,269.84,23120.87,335.01
398805.50,269.84,23194.95,334.92
399203.25,269.82,23157.90,334.97
397615.03,269.89,23083.86,335.06
398408.22,269.86,23120.87,335.01
399203.25,269.82,23120.87,335.01
398011.41,269.88,23194.95,334.92
398011.41,269.88,23120.87,335.01
397615.03,269.89,23157.90,334.97
399601.41,269.80,23194.95,334.92
399601.41,269.80,23343.38,334.74
402000.03,269.69,23454.93,334.61
398805.50,269.84,23083.86,335.06
399203.25,269.82,23566.69,334.47
398011.41,269.88,22899.16,335.29
400399.13,269.77,23046.88,335.10
400798.66,269.75,23046.88,335.10
398011.41,269.88,23157.90,334.97
398805.50,269.84,23269.12,334.83
398408.22,269.86,23194.95,334.92
398805.50,269.84,23120.87,335.01
394853.00,270.02,22715.01,335.52
400000.03,269.78,22899.16,335.29
404415.19,269.58,23306.23,334.79
397219.13,269.91,23194.95,334.92
400000.03,269.78,23083.86,335.06
400798.66,269.75,23157.90,334.97
398805.50,269.84,23157.90,334.97
400000.03,269.78,23009.91,335.15
398805.50,269.84,23120.87,335.01
398408.22,269.86,23120.87,335.01
400798.66,269.75,22494.77,335.79
401198.69,269.73,22899.16,335.29
394460.19,270.04,22899.16,335.29
400399.13,269.77,23046.88,335.10
399203.25,269.82,23157.90,334.97
398805.50,269.84,23083.86,335.06
399203.25,269.82,23120.87,335.01
400399.13,269.77,23194.95,334.92
400798.66,269.75,23083.86,335.06
400798.66,269.75,23120.87,335.01
395639.91,269.99,22899.16,335.29
399203.25,269.82,22751.80,335.47
399203.25,269.82,22899.16,335.29
400399.13,269.77,23269.12,334.83
401198.69,269.73,22936.05,335.24
397219.13,269.91,23083.86,335.06
400798.66,269.75,23083.86,335.06
398805.50,269.84,23083.86,335.06
399203.25,269.82,23083.86,335.06
400399.13,269.77,23194.95,334.92
399601.41,269.80,23232.02,334.88
401198.69,269.73,23194.95,334.92
399601.41,269.80,23083.86,335.06
399601.41,269.80,23083.86,335.06
396428.59,269.95,22972.97,335.20
396034.06,269.97,23046.88,335.10
399601.41,269.80,23120.87,335.01
400798.66,269.75,23120.87,335.01
399601.41,269.80,22899.16,335.29
398408.22,269.86,23157.90,334.97
399203.25,269.82,23157.90,334.97
400399.13,269.77,23157.90,334.97
398805.50,269.84,23083.86,335.06
398805.50,269.84,23120.87,335.01
399601.41,269.80,23083.86,335.06
399203.25,269.82,23232.02,334.88
400000.03,269.78,22899.16,335.29
398805.50,269.84,23046.88,335.10
398805.50,269.84,23083.86,335.06
400399.13,269.77,23157.90,334.97
400798.66,269.75,23120.87,335.01
399601.41,269.80,23120.87,335.01
398011.41,269.88,23083.86,335.06
401198.69,269.73,23194.95,334.92
398408.22,269.86,23269.12,334.83
394460.19,270.04,22862.29,335.33
402401.41,269.67,21730.08,336.78
397219.13,269.91,23083.86,335.06
399203.25,269.82,23120.87,335.01
399203.25,269.82,23120.87,335.01
398408.22,269.86,23157.90,334.97
398408.22,269.86,23120.87,335.01
401198.69,269.73,22093.02,336.31
404011.53,269.60,23716.01,334.29
399601.41,269.80,23232.02,334.88
399601.41,269.80,23232.02,334.88
402401.41,269.67,23678.65,334.34
404011.53,269.60,21802.50,336.69
400399.13,269.77,23641.30,334.38
398408.22,269.86,23120.87,335.01
399203.25,269.82,23194.95,334.92
398408.22,269.86,23120.87,335.01
399203.25,269.82,22093.02,336.31
394067.81,270.06,22384.94,335.93
398408.22,269.86,23083.86,335.06
397219.13,269.91,23417.72,334.65
398408.22,269.86,23083.86,335.06
398408.22,269.86,23120.87,335.01
398011.41,269.88,23269.12,334.83
400399.13,269.77,23120.87,335.01
400798.66,269.75,23269.12,334.83
400798.66,269.75,23269.12,334.83
400798.66,269.75,23157.90,334.97
400399.13,269.77,23194.95,334.92
399601.41,269.80,23120.87,335.01
400399.13,269.77,23083.86,335.06
399203.25,269.82,23194.95,334.92
398805.50,269.84,23120.87,335.01
398408.22,269.86,23120.87,335.01
399203.25,269.82,23269.12,334.83
398805.50,269.84,23566.69,334.47
400798.66,269.75,23232.02,334.88
398805.50,269.84,23120.87,335.01
399203.25,269.82,23157.90,334.97
399203.25,269.82,23120.87,335.01
399601.41,269.80,23120.87,335.01
400000.03,269.78,23083.86,335.06
399601.41,269.80,23157.90,334.97
400399.13,269.77,23120.87,335.01
400399.13,269.77,23194.95,334.92
398805.50,269.84,23194.95,334.92
400000.03,269.78,23120.87,335.01
400798.66,269.75,23083.86,335.06
400798.66,269.75,23157.90,334.97
402401.41,269.67,23157.90,334.97
401198.69,269.73,23046.88,335.10
400399.13,269.77,23120.87,335.01
400798.66,269.75,23194.95,334.92
399601.41,269.80,23120.87,335.01
399601.41,269.80,23157.90,334.97
400000.03,269.78,23046.88,335.10
400798.66,269.75,23120.87,335.01
402000.03,269.69,23083.86,335.06
400798.66,269.75,22238.81,336.12
400399.13,269.77,23380.54,334.70
400399.13,269.77,23120.87,335.01
400798.66,269.75,23194.95,334.92
400000.03,269.78,23232.02,334.88
400399.13,269.77,23269.12,334.83
401198.69,269.73,23194.95,334.92
400798.66,269.75,23269.12,334.83
399601.41,269.80,23343.38,334.74
399601.41,269.80,23120.87,335.01
399601.41,269.80,22494.77,335.79
400399.13,269.77,23306.23,334.79
400798.66,269.75,23194.95,334.92
400798.66,269.75,23306.23,334.79
399601.41,269.80,23306.23,334.79
399601.41,269.80,23417.72,334.65
403608.28,269.62,23417.72,334.65
401599.16,269.71,23306.23,334.79
400798.66,269.75,23269.12,334.83
400399.13,269.77,23306.23,334.79
399601.41,269.80,23380.54,334.70
398408.22,269.86,23306.23,334.79
398011.41,269.88,23306.23,334.79
397219.13,269.91,23083.86,335.06
398408.22,269.86,23343.38,334.74
399203.25,269.82,23194.95,334.92
399601.41,269.80,23157.90,334.97
400798.66,269.75,23157.90,334.97
398011.41,269.88,23232.02,334.88
398011.41,269.88,23269.12,334.83
401198.69,269.73,23269.12,334.83
399601.41,269.80,23157.90,334.97
400399.13,269.77,23232.02,334.88
399203.25,269.82,22531.42,335.75
400000.03,269.78,23343.38,334.74
398011.41,269.88,23232.02,334.88
400399.13,269.77,23232.02,334.88
400399.13,269.77,23306.23,334.79
400399.13,269.77,23232.02,334.88
402803.25,269.66,23232.02,334.88
400399.13,269.77,23343.38,334.74
399601.41,269.80,23194.95,334.92
398805.50,269.84,23269.12,334.83
400000.03,269.78,23306.23,334.79
397615.03,269.89,23269.12,334.83
399601.41,269.80,23380.54,334.70
400000.03,269.78,23157.90,334.97
400798.66,269.75,23566.69,334.47
401198.69,269.73,23343.38,334.74
400000.03,269.78,23306.23,334.79
399601.41,269.80,23343.38,334.74
400399.13,269.77,23306.23,334.79
398805.50,269.84,23306.23,334.79
400399.13,269.77,23269.12,334.83
400399.13,269.77,23417.72,334.65
400399.13,269.77,23269.12,334.83
399203.25,269.82,23269.12,334.83
399203.25,269.82,23269.12,334.83
398408.22,269.86,23194.95,334.92
399601.41,269.80,23306.23,334.79
397615.03,269.89,23306.23,334.79
400798.66,269.75,23306.23,334.79
401198.69,269.73,23046.88,335.10
399203.25,269.82,23269.12,334.83
398805.50,269.84,23306.23,334.79
399203.25,269.82,23269.12,334.83
399203.25,269.82,23306.23,334.79
400000.03,269.78,23232.02,334.88
400399.13,269.77,23306.23,334.79
400798.66,269.75,23194.95,334.92
400399.13,269.77,23454.93,334.61
400798.66,269.75,23306.23,334.79
400798.66,269.75,23306.23,334.79
398805.50,269.84,23306.23,334.79
400798.66,269.75,23343.38,334.74
401198.69,269.73,23343.38,334.74
400000.03,269.78,23343.38,334.74
399601.41,269.80,23083.86,335.06
398408.22,269.86,23269.12,334.83
398805.50,269.84,23454.93,334.61
399203.25,269.82,23417.72,334.65
400399.13,269.77,23343.38,334.74
400399.13,269.77,23454.93,334.61
398805.50,269.84,22494.77,335.79
399203.25,269.82,23417.72,334.65
399601.41,269.80,23529.41,334.52
399203.25,269.82,23306.23,334.79
400798.66,269.75,23417.72,334.65
400399.13,269.77,23492.16,334.56
400399.13,269.77,23306.23,334.79
399203.25,269.82,23492.16,334.56
400399.13,269.77,23454.93,334.61
400798.66,269.75,23492.16,334.56
401198.69,269.73,23566.69,334.47
398805.50,269.84,23678.65,334.34
400798.66,269.75,23417.72,334.65
400399.13,269.77,23492.16,334.56
400000.03,269.78,23566.69,334.47
399601.41,269.80,23492.16,334.56
399203.25,269.82,23454.93,334.61
400399.13,269.77,23194.95,334.92
399203.25,269.82,23454.93,334.61
399203.25,269.82,23529.41,334.52
400399.13,269.77,23492.16,334.56
399203.25,269.82,23454.93,334.61
400798.66,269.75,23306.23,334.79
398805.50,269.84,23641.30,334.38
398408.22,269.86,23566.69,334.47
399203.25,269.82,23454.93,334.61
398408.22,269.86,23417.72,334.65
399203.25,269.82,23529.41,334.52
399203.25,269.82,23454.93,334.61
397615.03,269.89,23380.54,334.70
399601.41,269.80,23492.16,334.56
398011.41,269.88,23454.93,334.61
398805.50,269.84,23492.16,334.56
399203.25,269.82,23678.65,334.34
397219.13,269.91,23678.65,334.34
399601.41,269.80,23603.98,334.43
400000.03,269.78,23603.98,334.43
399203.25,269.82,23417.72,334.65
399601.41,269.80,23454.93,334.61
399601.41,269.80,23492.16,334.56
398805.50,269.84,23492.16,334.56
400399.13,269.77,23417.72,334.65
400399.13,269.77,23492.16,334.56
400000.03,269.78,23343.38,334.74
398805.50,269.84,22568.09,335.70
398805.50,269.84,23566.69,334.47
399203.25,269.82,23566.69,334.47
402803.25,269.66,23454.93,334.61
400000.03,269.78,23454.93,334.61
399601.41,269.80,23417.72,334.65
400000.03,269.78,23492.16,334.56
399203.25,269.82,23343.38,334.74
398805.50,269.84,23828.24,334.16
404415.19,269.58,22936.05,335.24
404415.19,269.58,23046.88,335.10
403608.28,269.62,23120.87,335.01
399601.41,269.80,23417.72,334.65
400000.03,269.78,23269.12,334.83
399601.41,269.80,23454.93,334.61
399601.41,269.80,23454.93,334.61
398805.50,269.84,23343.38,334.74
399601.41,269.80,23269.12,334.83
399601.41,269.80,23417.72,334.65
395639.91,269.99,24316.94,333.59
396428.59,269.95,23343.38,334.74
404819.31,269.56,23641.30,334.38
398805.50,269.84,23529.41,334.52
399601.41,269.80,23678.65,334.34
399601.41,269.80,23417.72,334.65
400000.03,269.78,23380.54,334.70
400000.03,269.78,23454.93,334.61
400399.13,269.77,23566.69,334.47
398805.50,269.84,23492.16,334.56
396428.59,269.95,23678.65,334.34
400399.13,269.77,23641.30,334.38
399601.41,269.80,23529.41,334.52
400000.03,269.78,23566.69,334.47
400399.13,269.77,23492.16,334.56
401198.69,269.73,23194.95,334.92
402401.41,269.67,23492.16,334.56
398805.50,269.84,23529.41,334.52
401198.69,269.73,23454.93,334.61
398805.50,269.84,23454.93,334.61
397219.13,269.91,23269.12,334.83
400798.66,269.75,23454.93,334.61
400399.13,269.77,23492.16,334.56
402401.41,269.67,22936.05,335.24
402803.25,269.66,22862.29,335.33
3