=~=~=~=~=~=~=~=~=~=~=~= PuTTY log 2021.12.10 09:26:28 =~=~=~=~=~=~=~=~=~=~=~=
233898.31,280.05,15907.16,345.99
233203.16,280.11,15972.81,345.86
233434.63,280.09,15972.81,345.86
233434.63,280.09,16005.67,345.80
233203.16,280.11,16005.67,345.80
232740.69,280.15,16005.67,345.80
233898.31,280.05,15939.98,345.92
233666.39,280.07,16005.67,345.80
235761.02,279.89,16005.67,345.80
232509.75,280.17,16071.43,345.68
233434.63,280.09,15907.16,345.99
233898.31,280.05,15874.36,346.05
233666.39,280.07,16005.67,345.80
233898.31,280.05,16038.54,345.74
234130.44,280.03,16071.43,345.68
234362.77,280.01,16071.43,345.68
234130.44,280.03,16038.54,345.74
232740.69,280.15,16335.23,345.18
234595.33,279.99,16005.67,345.80
234130.44,280.03,16236.16,345.37
233434.63,280.09,16335.23,345.18
233434.63,280.09,16236.16,345.37
233434.63,280.09,16170.21,345.49
234130.44,280.03,16203.18,345.43
233434.63,280.09,16203.18,345.43
233898.31,280.05,16170.21,345.49
233434.63,280.09,16071.43,345.68
234595.33,279.99,16137.27,345.55
234362.77,280.01,16071.43,345.68
233898.31,280.05,15939.98,345.92
234130.44,280.03,15907.16,345.99
235061.00,279.95,16005.67,345.80
234130.44,280.03,16368.29,345.12
235061.00,279.95,15939.98,345.92
234828.02,279.97,16071.43,345.68
234595.33,279.99,16038.54,345.74
233898.31,280.05,16005.67,345.80
234130.44,280.03,16071.43,345.68
234130.44,280.03,16071.43,345.68
234362.77,280.01,16071.43,345.68
233898.31,280.05,16071.43,345.68
234828.02,279.97,16005.67,345.80
233666.39,280.07,16236.16,345.37
234828.02,279.97,16071.43,345.68
233203.16,280.11,16071.43,345.68
234828.02,279.97,16170.21,345.49
234595.33,279.99,16203.18,345.43
234828.02,279.97,16236.16,345.37
233898.31,280.05,16302.19,345.24
234828.02,279.97,16269.17,345.31
234362.77,280.01,16269.17,345.31
234595.33,279.99,16269.17,345.31
234130.44,280.03,16269.17,345.31
234130.44,280.03,16302.19,345.24
234130.44,280.03,16269.17,345.31
234595.33,279.99,16203.18,345.43
234362.77,280.01,16368.29,345.12
234828.02,279.97,16368.29,345.12
234828.02,279.97,16335.23,345.18
234828.02,279.97,16335.23,345.18
235294.13,279.93,16368.29,345.12
235527.47,279.91,16368.29,345.12
234595.33,279.99,16368.29,345.12
234362.77,280.01,16368.29,345.12
234130.44,280.03,16368.29,345.12
234130.44,280.03,16236.16,345.37
233666.39,280.07,16467.58,344.94
234828.02,279.97,16368.29,345.12
235527.47,279.91,16302.19,345.24
235994.77,279.87,16335.23,345.18
237166.59,279.77,16368.29,345.12
237401.58,279.75,16368.29,345.12
239525.67,279.58,16335.23,345.18
240237.48,279.52,16335.23,345.18
240713.03,279.48,16335.23,345.18
240713.03,279.48,16269.17,345.31
241905.61,279.38,16269.17,345.31
242144.77,279.36,16137.27,345.55
243103.47,279.28,16137.27,345.55
243584.08,279.24,16038.54,345.74
243103.47,279.28,16170.21,345.49
243343.63,279.26,16038.54,345.74
243584.08,279.24,16005.67,345.80
243584.08,279.24,16038.54,345.74
244547.91,279.17,16038.54,345.74
244789.34,279.15,16038.54,345.74
244547.91,279.17,15907.16,345.99
244789.34,279.15,15972.81,345.86
245031.08,279.13,15874.36,346.05
245031.08,279.13,16203.18,345.43
246242.77,279.03,16170.21,345.49
244789.34,279.15,16170.21,345.49
248192.75,278.87,16005.67,345.80
245031.08,279.13,16038.54,345.74
244789.34,279.15,16005.67,345.80
244789.34,279.15,16005.67,345.80
243824.70,279.22,16005.67,345.80
243584.08,279.24,15939.98,345.92
242863.44,279.30,15939.98,345.92
241905.61,279.38,15939.98,345.92
240713.03,279.48,15939.98,345.92
240713.03,279.48,16302.19,345.24
239762.77,279.56,16071.43,345.68
239762.77,279.56,16071.43,345.68
239288.86,279.60,16104.34,345.61
239525.67,279.58,16071.43,345.68
237636.75,279.73,16170.21,345.49
238343.58,279.67,16170.21,345.49
237872.19,279.71,16269.17,345.31
237166.59,279.77,16269.17,345.31
237636.75,279.73,16269.17,345.31
237872.19,279.71,16302.19,345.24
237872.19,279.71,15808.82,346.17
238579.58,279.65,16467.58,344.94
239288.86,279.60,16401.37,345.06
239525.67,279.58,16368.29,345.12
241189.45,279.44,16401.37,345.06
242144.77,279.36,16335.23,345.18
243343.63,279.26,16302.19,345.24
240713.03,279.48,16533.87,344.82
243103.47,279.28,16368.29,345.12
242144.77,279.36,16500.71,344.88
241427.92,279.42,16368.29,345.12
245272.97,279.11,16401.37,345.06
244306.59,279.19,16170.21,345.49
244547.91,279.17,16533.87,344.82
244789.34,279.15,16401.37,345.06
244789.34,279.15,16467.58,344.94
244065.55,279.21,16401.37,345.06
246972.41,278.97,16533.87,344.82
245515.11,279.09,16467.58,344.94
245515.11,279.09,16434.46,345.00
245757.44,279.07,16567.04,344.76
244547.91,279.17,16434.46,345.00
244789.34,279.15,16533.87,344.82
244789.34,279.15,16567.04,344.76
244789.34,279.15,16600.23,344.70
244789.34,279.15,16434.46,345.00
244789.34,279.15,16533.87,344.82
245272.97,279.11,16368.29,345.12
243343.63,279.26,16567.04,344.76
243584.08,279.24,16833.10,344.28
243103.47,279.28,16434.46,345.00
242623.67,279.32,16467.58,344.94
242384.09,279.34,16434.46,345.00
241189.45,279.44,16434.46,345.00
240951.11,279.46,16401.37,345.06
240951.11,279.46,16467.58,344.94
239762.77,279.56,16368.29,345.12
240951.11,279.46,16368.29,345.12
238815.80,279.64,16269.17,345.31
237401.58,279.75,16368.29,345.12
238343.58,279.67,16368.29,345.12
237636.75,279.73,16368.29,345.12
237872.19,279.71,16335.23,345.18
237872.19,279.71,16269.17,345.31
237166.59,279.77,16203.18,345.43
237166.59,279.77,16236.16,345.37
237166.59,279.77,16038.54,345.74
237166.59,279.77,15972.81,345.86
237166.59,279.77,16269.17,345.31
237166.59,279.77,16368.29,345.12
237166.59,279.77,16203.18,345.43
237166.59,279.77,16203.18,345.43
237166.59,279.77,16203.18,345.43
237166.59,279.77,16302.19,345.24
237166.59,279.77,16302.19,345.24
236931.83,279.79,16335.23,345.18
236697.23,279.81,16302.19,345.24
236931.83,279.79,16269.17,345.31
236697.23,279.81,16236.16,345.37
237166.59,279.77,16236.16,345.37
236931.83,279.79,16236.16,345.37
236697.23,279.81,16170.21,345.49
236697.23,279.81,16170.21,345.49
237166.59,279.77,16203.18,345.43
236931.83,279.79,16203.18,345.43
237166.59,279.77,16104.34,345.61
236697.23,279.81,16071.43,345.68
236931.83,279.79,16137.27,345.55
236931.83,279.79,16203.18,345.43
236931.83,279.79,16203.18,345.43
237872.19,279.71,16269.17,345.31
238107.73,279.69,16203.18,345.43
239525.67,279.58,16203.18,345.43
240237.48,279.52,16137.27,345.55
240951.11,279.46,16203.18,345.43
240237.48,279.52,16170.21,345.49
242623.67,279.32,16038.54,345.74
242623.67,279.32,16137.27,345.55
243343.63,279.26,16104.34,345.61
243343.63,279.26,16170.21,345.49
243824.70,279.22,16170.21,345.49
244306.59,279.19,16236.16,345.37
244789.34,279.15,16302.19,345.24
244789.34,279.15,16302.19,345.24
244789.34,279.15,16302.19,345.24
244789.34,279.15,16335.23,345.18
243103.47,279.28,15972.81,345.86
245031.08,279.13,16401.37,345.06
245272.97,279.11,16434.46,345.00
245515.11,279.09,16368.29,345.12
245757.44,279.07,16434.46,345.00
245272.97,279.11,16434.46,345.00
244789.34,279.15,16467.58,344.94
244547.91,279.17,16467.58,344.94
244065.55,279.21,16401.37,345.06
243584.08,279.24,16401.37,345.06
242623.67,279.32,16401.37,345.06
241666.69,279.40,16170.21,345.49
240951.11,279.46,16600.23,344.70
241189.45,279.44,16269.17,345.31
240713.03,279.48,16368.29,345.12
240237.48,279.52,16368.29,345.12
239288.86,279.60,16335.23,345.18
239288.86,279.60,16170.21,345.49
239999.98,279.54,16368.29,345.12
238579.58,279.65,16335.23,345.18
238343.58,279.67,16368.29,345.12
238579.58,279.65,16368.29,345.12
237872.19,279.71,16401.37,345.06
236931.83,279.79,16368.29,345.12
237636.75,279.73,16401.37,345.06
237401.58,279.75,16368.29,345.12
237401.58,279.75,16368.29,345.12
237401.58,279.75,16368.29,345.12
237401.58,279.75,16368.29,345.12
237401.58,279.75,16335.23,345.18
237872.19,279.71,16368.29,345.12
237401.58,279.75,16368.29,345.12
237401.58,279.75,16302.19,345.24
237401.58,279.75,16368.29,345.12
237166.59,279.77,16368.29,345.12
237401.58,279.75,16401.37,345.06
237166.59,279.77,16368.29,345.12
237166.59,279.77,16302.19,345.24
237166.59,279.77,16335.23,345.18
237166.59,279.77,16269.17,345.31
237166.59,279.77,16269.17,345.31
237166.59,279.77,16269.17,345.31
237166.59,279.77,16269.17,345.31
237166.59,279.77,16302.19,345.24
237166.59,279.77,16269.17,345.31
237166.59,279.77,15776.08,346.24
235527.47,279.91,16368.29,345.12
237401.58,279.75,16071.43,345.68
238579.58,279.65,16236.16,345.37
239288.86,279.60,16236.16,345.37
240475.14,279.50,16203.18,345.43
239999.98,279.54,16335.23,345.18
241189.45,279.44,16302.19,345.24
242144.77,279.36,16335.23,345.18
242384.09,279.34,16368.29,345.12
243103.47,279.28,16368.29,345.12
242623.67,279.32,16368.29,345.12
244789.34,279.15,15743.36,346.30
242144.77,279.36,16335.23,345.18
241427.92,279.42,16368.29,345.12
241427.92,279.42,16368.29,345.12
240237.48,279.52,16368.29,345.12
241666.69,279.40,16368.29,345.12
240713.03,279.48,16401.37,345.06
239999.98,279.54,16401.37,345.06
239525.67,279.58,16368.29,345.12
238579.58,279.65,16467.58,344.94
238579.58,279.65,16467.58,344.94
239525.67,279.58,16600.23,344.70
236697.23,279.81,16633.44,344.64
238343.58,279.67,16368.29,345.12
238107.73,279.69,16368.29,345.12
237636.75,279.73,16368.29,345.12
238579.58,279.65,16401.37,345.06
238343.58,279.67,16467.58,344.94
238815.80,279.64,16500.71,344.88
238107.73,279.69,16467.58,344.94
238107.73,279.69,16368.29,345.12
238343.58,279.67,16500.71,344.88
237401.58,279.75,16567.04,344.76
237636.75,279.73,16567.04,344.76
238579.58,279.65,16666.67,344.58
239288.86,279.60,16500.71,344.88
239762.77,279.56,16567.04,344.76
239762.77,279.56,16401.37,345.06
240951.11,279.46,16500.71,344.88
241189.45,279.44,16666.67,344.58
241666.69,279.40,16533.87,344.82
243103.47,279.28,16500.71,344.88
242384.09,279.34,16467.58,344.94
243584.08,279.24,16434.46,345.00
244547.91,279.17,16203.18,345.43
244789.34,279.15,15874.36,346.05
244789.34,279.15,16401.37,345.06
245031.08,279.13,16467.58,344.94
245031.08,279.13,16434.46,345.00
245031.08,279.13,16500.71,344.88
245515.11,279.09,16533.87,344.82
246485.78,279.01,16533.87,344.82
245515.11,279.09,16533.87,344.82
246242.77,279.03,16567.04,344.76
245757.44,279.07,16533.87,344.82
246000.03,279.05,15874.36,346.05
244547.91,279.17,16733.18,344.46
247948.28,278.89,16533.87,344.82
247459.91,278.93,16567.04,344.76
247459.91,278.93,16567.04,344.76
247216.03,278.95,16533.87,344.82
246728.95,278.99,16567.04,344.76
247703.95,278.91,16600.23,344.70
248192.75,278.87,16600.23,344.70
247216.03,278.95,16467.58,344.94
247948.28,278.89,16533.87,344.82
246972.41,278.97,16666.67,344.58
244789.34,279.15,16368.29,345.12
248437.52,278.86,16401.37,345.06
247948.28,278.89,16567.04,344.76
248192.75,278.87,16533.87,344.82
247216.03,278.95,16467.58,344.94
247948.28,278.89,16567.04,344.76
248682.45,278.84,16567.04,344.76
248192.75,278.87,16533.87,344.82
248437.52,278.86,16467.58,344.94
247948.28,278.89,16401.37,345.06
248437.52,278.86,16368.29,345.12
248682.45,278.84,16600.23,344.70
250896.86,278.66,16600.23,344.70
248682.45,278.84,16368.29,345.12
247948.28,278.89,16401.37,345.06
248437.52,278.86,16434.46,345.00
248437.52,278.86,16401.37,345.06
247459.91,278.93,16500.71,344.88
246485.78,279.01,16467.58,344.94
245515.11,279.09,16434.46,345.00
244306.59,279.19,16500.71,344.88
244789.34,279.15,16500.71,344.88
244547.91,279.17,16666.67,344.58
244065.55,279.21,16533.87,344.82
243824.70,279.22,16434.46,345.00
243103.47,279.28,16467.58,344.94
241666.69,279.40,16401.37,345.06
241427.92,279.42,16434.46,345.00
241427.92,279.42,16401.37,345.06
240713.03,279.48,16434.46,345.00
240951.11,279.46,16368.29,345.12
241189.45,279.44,16368.29,345.12
240713.03,279.48,16368.29,345.12
239525.67,279.58,16368.29,345.12
239999.98,279.54,16500.71,344.88
239525.67,279.58,16401.37,345.06
239288.86,279.60,16401.37,345.06
238343.58,279.67,16368.29,345.12
239762.77,279.56,16368.29,345.12
239525.67,279.58,16434.46,345.00
238579.58,279.65,16368.29,345.12
239288.86,279.60,16335.23,345.18
238107.73,279.69,16335.23,345.18
237401.58,279.75,16401.37,345.06
238579.58,279.65,16401.37,345.06
237872.19,279.71,15841.58,346.11
238815.80,279.64,15841.58,346.11
239288.86,279.60,16401.37,345.06
238815.80,279.64,16368.29,345.12
238343.58,279.67,16401.37,345.06
237872.19,279.71,16434.46,345.00
238579.58,279.65,16434.46,345.00
238815.80,279.64,16434.46,345.00
239525.67,279.58,16500.71,344.88
238579.58,279.65,16467.58,344.94
237872.19,279.71,16500.71,344.88
238343.58,279.67,16567.04,344.76
237166.59,279.77,16799.77,344.34
238815.80,279.64,16401.37,345.06
238107.73,279.69,16467.58,344.94
238579.58,279.65,16500.71,344.88
237636.75,279.73,16533.87,344.82
239288.86,279.60,16567.04,344.76
238815.80,279.64,16567.04,344.76
238579.58,279.65,16567.04,344.76
238579.58,279.65,16567.04,344.76
237872.19,279.71,16567.04,344.76
238579.58,279.65,16500.71,344.88
238815.80,279.64,16699.92,344.52
238343.58,279.67,16434.46,345.00
238107.73,279.69,16467.58,344.94
238579.58,279.65,16434.46,345.00
238343.58,279.67,16434.46,345.00
238343.58,279.67,16368.29,345.12
238579.58,279.65,16401.37,345.06
238343.58,279.67,16368.29,345.12
237872.19,279.71,16434.46,345.00
237636.75,279.73,16368.29,345.12
237872.19,279.71,16368.29,345.12
238343.58,279.67,16467.58,344.94
238343.58,279.67,16467.58,344.94
237636.75,279.73,16401.37,345.06
238815.80,279.64,16401.37,345.06
238579.58,279.65,16368.29,345.12
238579.58,279.65,16401.37,345.06
238579.58,279.65,16467.58,344.94
237872.19,279.71,16467.58,344.94
237401.58,279.75,16467.58,344.94
237401.58,279.75,16401.37,345.06
237166.59,279.77,16434.46,345.00
237636.75,279.73,16401.37,345.06
240475.14,279.50,16899.80,344.16
237166.59,279.77,16467.58,344.94
237872.19,279.71,16434.46,345.00
238815.80,279.64,16434.46,345.00
238343.58,279.67,16368.29,345.12
237166.59,279.77,16368.29,345.12
237401.58,279.75,16302.19,345.24
237401.58,279.75,16335.23,345.18
238815.80,279.64,16467.58,344.94
238815.80,279.64,16368.29,345.12
238343.58,279.67,16368.29,345.12
237872.19,279.71,16401.37,345.06
238815.80,279.64,16335.23,345.18
238815.80,279.64,16533.87,344.82
239288.86,279.60,16368.29,345.12
239762.77,279.56,16368.29,345.12
240713.03,279.48,16368.29,345.12
242384.09,279.34,16368.29,345.12
242623.67,279.32,16368.29,345.12
243584.08,279.24,16368.29,345.12
244547.91,279.17,16401.37,345.06
244789.34,279.15,16401.37,345.06
245031.08,279.13,16533.87,344.82
246000.03,279.05,16467.58,344.94
244306.59,279.19,16335.23,345.18
246972.41,278.97,16401.37,345.06
247703.95,278.91,16368.29,345.12
247459.91,278.93,16368.29,345.12
247216.03,278.95,16368.29,345.12
248437.52,278.86,16368.29,345.12
248437.52,278.86,16467.58,344.94
248192.75,278.87,16500.71,344.88
247216.03,278.95,16533.87,344.82
247703.95,278.91,16434.46,345.00
246972.41,278.97,16699.92,344.52
245757.44,279.07,16500.71,344.88
245031.08,279.13,16533.87,344.82
244789.34,279.15,16533.87,344.82
244789.34,279.15,16699.92,344.52
243343.63,279.26,16567.04,344.76
243824.70,279.22,16567.04,344.76
243343.63,279.26,16533.87,344.82
243103.47,279.28,16500.71,344.88
243103.47,279.28,16533.87,344.82
242623.67,279.32,16567.04,344.76
242144.77,279.36,16600.23,344.70
242144.77,279.36,16600.23,344.70
242623.67,279.32,16699.92,344.52
241666.69,279.40,16567.04,344.76
241905.61,279.38,16500.71,344.88
242144.77,279.36,16434.46,345.00
240951.11,279.46,16467.58,344.94
241427.92,279.42,16500.71,344.88
241427.92,279.42,16533.87,344.82
239762.77,279.56,16533.87,344.82
241189.45,279.44,16567.04,344.76
240951.11,279.46,16533.87,344.82
244065.55,279.21,16699.92,344.52
240475.14,279.50,16467.58,344.94
241189.45,279.44,16567.04,344.76
240475.14,279.50,16567.04,344.76
240475.14,279.50,16600.23,344.70
239525.67,279.58,16434.46,345.00
239762.77,279.56,16567.04,344.76
240237.48,279.52,16567.04,344.76
239288.86,279.60,16567.04,344.76
240237.48,279.52,16666.67,344.58
240237.48,279.52,16567.04,344.76
241189.45,279.44,16104.34,345.61
241189.45,279.44,16699.92,344.52
242623.67,279.32,16401.37,345.06
244065.55,279.21,16467.58,344.94
244547.91,279.17,16401.37,345.06
244789.34,279.15,16401.37,345.06
244789.34,279.15,16368.29,345.12
245031.08,279.13,16335.23,345.18
245515.11,279.09,16302.19,345.24
244789.34,279.15,16269.17,345.31
244789.34,279.15,16203.18,345.43
244789.34,279.15,16269.17,345.31
246242.77,279.03,16269.17,345.31
244065.55,279.21,16302.19,345.24
242144.77,279.36,16335.23,345.18
242144.77,279.36,16269.17,345.31
242144.77,279.36,16203.18,345.43
242144.77,279.36,16335.23,345.18
242144.77,279.36,16302.19,345.24
241666.69,279.40,16335.23,345.18
240951.11,279.46,16335.23,345.18
242623.67,279.32,16368.29,345.12
243103.47,279.28,16368.29,345.12
244065.55,279.21,16335.23,345.18
244065.55,279.21,16302.19,345.24
245031.08,279.13,16368.29,345.12
244789.34,279.15,16368.29,345.12
244789.34,279.15,16368.29,345.12
244547.91,279.17,16368.29,345.12
244789.34,279.15,16434.46,345.00
243584.08,279.24,16401.37,345.06
243584.08,279.24,16401.37,345.06
243343.63,279.26,16434.46,345.00
242384.09,279.34,16368.29,345.12
242144.77,279.36,16567.04,344.76
244789.34,279.15,16368.29,345.12
242623.67,279.32,16302.19,345.24
241666.69,279.40,16368.29,345.12
240713.03,279.48,16368.29,345.12
241666.69,279.40,16368.29,345.12
241666.69,279.40,16467.58,344.94
240475.14,279.50,16401.37,345.06
240713.03,279.48,16434.46,345.00
240713.03,279.48,16434.46,345.00
240951.11,279.46,16434.46,345.00
240951.11,279.46,16533.87,344.82
240713.03,279.48,16203.18,345.43
240951.11,279.46,16533.87,344.82
241189.45,279.44,16434.46,345.00
240475.14,279.50,16500.71,344.88
239999.98,279.54,16500.71,344.88
240475.14,279.50,16467.58,344.94
240713.03,279.48,16434.46,345.00
240475.14,279.50,16401.37,345.06
239762.77,279.56,16500.71,344.88
240713.03,279.48,16401.37,345.06
240951.11,279.46,16434.46,345.00
239999.98,279.54,16434.46,345.00
240713.03,279.48,16434.46,345.00
240713.03,279.48,16567.04,344.76
240237.48,279.52,16467.58,344.94
240237.48,279.52,16401.37,345.06
240713.03,279.48,16434.46,345.00
240237.48,279.52,16467.58,344.94
240713.03,279.48,16500.71,344.88
239762.77,279.56,16500.71,344.88
240713.03,279.48,16567.04,344.76
240475.14,279.50,16467.58,344.94
240713.03,279.48,16600.23,344.70
241189.45,279.44,16600.23,344.70
241427.92,279.42,16600.23,344.70
241427.92,279.42,16567.04,344.76
242623.67,279.32,16533.87,344.82
243343.63,279.26,16567.04,344.76
244547.91,279.17,16533.87,344.82
244789.34,279.15,16600.23,344.70
244547.91,279.17,16567.04,344.76
244065.55,279.21,16567.04,344.76
243343.63,279.26,16533.87,344.82
243103.47,279.28,16567.04,344.76
243103.47,279.28,16600.23,344.70
242144.77,279.36,16567.04,344.76
242623.67,279.32,16401.37,345.06
242623.67,279.32,16467.58,344.94
240951.11,279.46,16434.46,345.00
242623.67,279.32,16434.46,345.00
241666.69,279.40,16467.58,344.94
240475.14,279.50,16434.46,345.00
241189.45,279.44,16600.23,344.70
241189.45,279.44,16500.71,344.88
241427.92,279.42,16533.87,344.82
241189.45,279.44,16666.67,344.58
240951.11,279.46,16666.67,344.58
240713.03,279.48,16533.87,344.82
241189.45,279.44,16401.37,345.06
241189.45,279.44,16467.58,344.94
241189.45,279.44,16467.58,344.94
243824.70,279.22,16567.04,344.76
240951.11,279.46,16467.58,344.94
240951.11,279.46,16467.58,344.94
241189.45,279.44,16533.87,344.82
240713.03,279.48,16500.71,344.88
241189.45,279.44,16600.23,344.70
241189.45,279.44,16335.23,345.18
241189.45,279.44,16633.44,344.64
239999.98,279.54,16600.23,344.70
240951.11,279.46,16600.23,344.70
240951.11,279.46,16699.92,344.52
240713.03,279.48,16699.92,344.52
241427.92,279.42,16699.92,344.52
240951.11,279.46,16766.47,344.40
240237.48,279.52,16666.67,344.58
240713.03,279.48,16666.67,344.58
241189.45,279.44,16600.23,344.70
240951.11,279.46,16699.92,344.52
241427.92,279.42,16567.04,344.76
241189.45,279.44,16699.92,344.52
240713.03,279.48,16699.92,344.52
240237.48,279.52,16699.92,344.52
241189.45,279.44,16733.18,344.46
240237.48,279.52,16733.18,344.46
240713.03,279.48,16733.18,344.46
240951.11,279.46,16600.23,344.70
241666.69,279.40,16699.92,344.52
240713.03,279.48,16666.67,344.58
240475.14,279.50,16799.77,344.34
241666.69,279.40,16633.44,344.64
241427.92,279.42,16567.04,344.76
240713.03,279.48,16533.87,344.82
241427.92,279.42,16633.44,344.64
240713.03,279.48,16666.67,344.58
244789.34,279.15,16633.44,344.64
240951.11,279.46,16567.04,344.76
240713.03,279.48,16567.04,344.76
241189.45,279.44,16666.67,344.58
240713.03,279.48,16600.23,344.70
240475.14,279.50,16666.67,344.58
240475.14,279.50,16567.04,344.76
240475.14,279.50,16467.58,344.94
239999.98,279.54,16434.46,345.00
241189.45,279.44,16401.37,345.06
241427.92,279.42,16401.37,345.06
241189.45,279.44,16368.29,345.12
241905.61,279.38,16434.46,345.00
241189.45,279.44,16500.71,344.88
240475.14,279.50,16467.58,344.94
241189.45,279.44,16401.37,345.06
241189.45,279.44,16467.58,344.94
240713.03,279.48,16533.87,344.82
240713.03,279.48,16467.58,344.94
240713.03,279.48,16533.87,344.82
241189.45,279.44,16533.87,344.82
240951.11,279.46,16533.87,344.82
240475.14,279.50,16567.04,344.76
240475.14,279.50,16567.04,344.76
241427.92,279.42,16600.23,344.70
240951.11,279.46,16500.71,344.88
240951.11,279.46,16533.87,344.82
241427.92,279.42,16666.67,344.58
240951.11,279.46,16567.04,344.76
241189.45,279.44,16600.23,344.70
241189.45,279.44,16600.23,344.70
240951.11,279.46,16600.23,344.70
241666.69,279.40,16600.23,344.70
241666.69,279.40,16567.04,344.76
241427.92,279.42,16833.10,344.28
240951.11,279.46,16434.46,345.00
241427.92,279.42,16467.58,344.94
240713.03,279.48,16401.37,345.06
240475.14,279.50,16500.71,344.88
241427.92,279.42,16434.46,345.00
240475.14,279.50,16500.71,344.88
241189.45,279.44,16500.71,344.88
240713.03,279.48,16434.46,345.00
241427.92,279.42,16500.71,344.88
240713.03,279.48,16467.58,344.94
240951.11,279.46,16600.23,344.70
238579.58,279.65,16467.58,344.94
240951.11,279.46,16666.67,344.58
240951.11,279.46,16533.87,344.82
240951.11,279.46,16500.71,344.88
241666.69,279.40,16434.46,345.00
240713.03,279.48,16434.46,345.00
240713.03,279.48,16434.46,345.00
241905.61,279.38,16401.37,345.06
243343.63,279.26,16368.29,345.12
242623.67,279.32,16401.37,345.06
243103.47,279.28,16467.58,344.94
242623.67,279.32,16467.58,344.94
241427.92,279.42,16368.29,345.12
243103.47,279.28,16368.29,345.12
242144.77,279.36,16368.29,345.12
242144.77,279.36,16335.23,345.18
242144.77,279.36,16368.29,345.12
242384.09,279.34,16335.23,345.18
242384.09,279.34,16302.19,345.24
241666.69,279.40,16302.19,345.24
241666.69,279.40,16269.17,345.31
241189.45,279.44,16302.19,345.24
241666.69,279.40,16567.04,344.76
240713.03,279.48,16269.17,345.31
241427.92,279.42,16401.37,345.06
241427.92,279.42,16401.37,345.06
241666.69,279.40,16401.37,345.06
241427.92,279.42,16401.37,345.06
241427.92,279.42,16368.29,345.12
241666.69,279.40,16368.29,345.12
241427.92,279.42,16368.29,345.12
241189.45,279.44,16368.29,345.12
241905.61,279.38,16335.23,345.18
241666.69,279.40,15645.30,346.49
241666.69,279.40,16533.87,344.82
241427.92,279.42,16335.23,345.18
241427.92,279.42,16269.17,345.31
241189.45,279.44,16302.19,345.24
241189.45,279.44,16236.16,345.37
241666.69,279.40,16269.17,345.31
241189.45,279.44,16269.17,345.31
241666.69,279.40,16104.34,345.61
241189.45,279.44,16137.27,345.55
240951.11,279.46,16203.18,345.43
241427.92,279.42,16269.17,345.31
237166.59,279.77,16533.87,344.82
242144.77,279.36,16269.17,345.31
241427.92,279.42,16269.17,345.31
241666.69,279.40,16335.23,345.18
241427.92,279.42,16302.19,345.24
241189.45,279.44,16302.19,345.24
241189.45,279.44,16335.23,345.18
241666.69,279.40,16368.29,345.12
241666.69,279.40,16368.29,345.12
241427.92,279.42,16368.29,345.12
240951.11,279.46,16368.29,345.12
241427.92,279.42,16533.87,344.82
239999.98,279.54,15841.58,346.11
241189.45,279.44,16368.29,345.12
241189.45,279.44,16434.46,345.00
241905.61,279.38,16467.58,344.94
241189.45,279.44,16434.46,345.00
240951.11,279.46,16533.87,344.82
241189.45,279.44,16467.58,344.94
241427.92,279.42,16467.58,344.94
240951.11,279.46,16567.04,344.76
241666.69,279.40,16533.87,344.82
241427.92,279.42,16633.44,344.64
240713.03,279.48,16600.23,344.70
241189.45,279.44,16500.71,344.88
241666.69,279.40,16567.04,344.76
241666.69,279.40,16567.04,344.76
241189.45,279.44,16467.58,344.94
240951.11,279.46,16567.04,344.76
241189.45,279.44,16533.87,344.82
241427.92,279.42,16500.71,344.88
241427.92,279.42,16533.87,344.82
240951.11,279.46,16533.87,344.82
241189.45,279.44,16467.58,344.94
241666.69,279.40,16567.04,344.76
241666.69,279.40,16666.67,344.58
241666.69,279.40,16533.87,344.82
241189.45,279.44,16533.87,344.82
241427.92,279.42,16467.58,344.94
241666.69,279.40,16368.29,345.12
242623.67,279.32,16401.37,345.06
241189.45,279.44,16368.29,345.12
241666.69,279.40,16368.29,345.12
242384.09,279.34,16368.29,345.12
241427.92,279.42,16269.17,345.31
241427.92,279.42,16335.23,345.18
238815.80,279.64,16434.46,345.00
241905.61,279.38,16203.18,345.43
242144.77,279.36,16368.29,345.12
242623.67,279.32,16368.29,345.12
241427.92,279.42,16335.23,345.18
241666.69,279.40,16368.29,345.12
241427.92,279.42,16434.46,345.00
241427.92,279.42,16434.46,345.00
241666.69,279.40,16434.46,345.00
241666.69,279.40,16434.46,345.00
241666.69,279.40,16533.87,344.82
244547.91,279.17,16833.10,344.28
240237.48,279.52,16467.58,344.94
240951.11,279.46,16335.23,345.18
241905.61,279.38,16368.29,345.12
241666.69,279.40,16368.29,345.12
241666.69,279.40,16335.23,345.18
241427.92,279.42,16335.23,345.18
241189.45,279.44,16368.29,345.12
242144.77,279.36,16368.29,345.12
241666.69,279.40,16401.37,345.06
241666.69,279.40,16368.29,345.12
241905.61,279.38,16335.23,345.18
241905.61,279.38,16302.19,345.24
241427.92,279.42,16368.29,345.12
241427.92,279.42,16401.37,345.06
241189.45,279.44,16335.23,345.18
242144.77,279.36,16401.37,345.06
241666.69,279.40,16467.58,344.94
242144.77,279.36,16434.46,345.00
242384.09,279.34,16467.58,344.94
242384.09,279.34,16467.58,344.94
242144.77,279.36,16467.58,344.94
241905.61,279.38,16600.23,344.70
240237.48,279.52,16567.04,344.76
242144.77,279.36,16567.04,344.76
242863.44,279.30,16533.87,344.82
242623.67,279.32,16533.87,344.82
242384.09,279.34,16467.58,344.94
244789.34,279.15,16368.29,345.12
242144.77,279.36,16401.37,345.06
242384.09,279.34,16401.37,345.06
242144.77,279.36,16467.58,344.94
241666.69,279.40,16533.87,344.82
242144.77,279.36,16467.58,344.94
242623.67,279.32,16699.92,344.52
242144.77,279.36,16733.18,344.46
242623.67,279.32,16567.04,344.76
241666.69,279.40,16633.44,344.64
241905.61,279.38,16567.04,344.76
242144.77,279.36,16567.04,344.76
242144.77,279.36,16600.23,344.70
241905.61,279.38,16567.04,344.76
241666.69,279.40,16600.23,344.70
241666.69,279.40,16600.23,344.70
242144.77,279.36,16600.23,344.70
241666.69,279.40,16500.71,344.88
243584.08,279.24,16833.10,344.28
242623.67,279.32,16533.87,344.82
241666.69,279.40,16567.04,344.76
242384.09,279.34,16500.71,344.88
241427.92,279.42,16533.87,344.82
242144.77,279.36,16567.04,344.76
242144.77,279.36,16533.87,344.82
242623.67,279.32,16533.87,344.82
242144.77,279.36,16533.87,344.82
243584.08,279.24,16567.04,344.76
242144.77,279.36,16567.04,344.76
243343.63,279.26,16866.44,344.22
241189.45,279.44,16733.18,344.46
242384.09,279.34,16533.87,344.82
242623.67,279.32,16600.23,344.70
242384.09,279.34,16567.04,344.76
243103.47,279.28,16567.04,344.76
242384.09,279.34,16567.04,344.76
242384.09,279.34,16533.87,344.82
242623.67,279.32,16533.87,344.82
242144.77,279.36,16533.87,344.82
242144.77,279.36,16600.23,344.70
242623.67,279.32,17000.00,343.98
242144.77,279.36,16434.46,345.00
243343.63,279.26,16467.58,344.94
242623.67,279.32,16533.87,344.82
243343.63,279.26,16567.04,344.76
242623.67,279.32,16500.71,344.88
243103.47,279.28,16600.23,344.70
243584.08,279.24,16567.04,344.76
242144.77,279.36,16600.23,344.70
242384.09,279.34,16567.04,344.76
242623.67,279.32,16533.87,344.82
243103.47,279.28,16733.18,344.46
241666.69,279.40,16899.80,344.16
242144.77,279.36,16699.92,344.52
241427.92,279.42,16500.71,344.88
242623.67,279.32,16600.23,344.70
241189.45,279.44,16567.04,344.76
242384.09,279.34,16600.23,344.70
243343.63,279.26,16567.04,344.76
243343.63,279.26,16567.04,344.76
244306.59,279.19,16666.67,344.58
244789.34,279.15,16533.87,344.82
246000.03,279.05,16699.92,344.52
249172.98,278.80,16236.16,345.37
246485.78,279.01,16600.23,344.70
248192.75,278.87,16699.92,344.52
247459.91,278.93,16567.04,344.76
248192.75,278.87,16533.87,344.82
248437.52,278.86,16434.46,345.00
248682.45,278.84,16467.58,344.94
248682.45,278.84,16401.37,345.06
249664.41,278.76,16467.58,344.94
249910.50,278.74,16467.58,344.94
248682.45,278.84,16434.46,345.00
248927.63,278.82,15841.58,346.11
246000.03,279.05,16302.19,345.24
249418.64,278.78,16335.23,345.18
250403.23,278.70,16302.19,345.24
250403.23,278.70,16401.37,345.06
249418.64,278.78,16335.23,345.18
250156.72,278.72,16368.29,345.12
249910.50,278.74,16368.29,345.12
251886.81,278.58,16401.37,345.06
250896.86,278.66,16368.29,345.12
251144.00,278.64,16368.29,345.12
250896.86,278.66,16434.46,345.00
251391.41,278.62,16467.58,344.94
248682.45,278.84,16500.71,344.88
250403.23,278.70,16500.71,344.88
249172.98,278.80,16434.46,345.00
249172.98,278.80,16434.46,345.00
248192.75,278.87,16467.58,344.94
247459.91,278.93,16467.58,344.94
247459.91,278.93,16533.87,344.82
247948.28,278.89,16533.87,344.82
245757.44,279.07,16533.87,344.82
246000.03,279.05,16533.87,344.82
245757.44,279.07,16335.23,345.18
245272.97,279.11,16368.29,345.12
245272.97,279.11,16533.87,344.82
244789.34,279.15,16500.71,344.88
244789.34,279.15,16401.37,345.06
244065.55,279.21,16401.37,345.06
244547.91,279.17,16467.58,344.94
244789.34,279.15,16533.87,344.82
244306.59,279.19,16467.58,344.94
244065.55,279.21,16500.71,344.88
243584.08,279.24,16434.46,345.00
243824.70,279.22,16766.47,344.40
246000.03,279.05,16733.18,344.46
243343.63,279.26,16368.29,345.12
242144.77,279.36,16368.29,345.12
243584.08,279.24,16368.29,345.12
242384.09,279.34,16335.23,345.18
242623.67,279.32,16302.19,345.24
243103.47,279.28,16335.23,345.18
242623.67,279.32,16302.19,345.24
243103.47,279.28,16335.23,345.18
241666.69,279.40,16368.29,345.12
241905.61,279.38,16401.37,345.06
241189.45,279.44,16038.54,345.74
241666.69,279.40,16368.29,345.12
242144.77,279.36,16401.37,345.06
243103.47,279.28,16434.46,345.00
243103.47,279.28,16467.58,344.94
242144.77,279.36,16434.46,345.00
242623.67,279.32,16533.87,344.82
242863.44,279.30,16467.58,344.94
241427.92,279.42,16533.87,344.82
242144.77,279.36,16567.04,344.76
242623.67,279.32,16567.04,344.76
241427.92,279.42,16699.92,344.52
243343.63,279.26,16467.58,344.94
243584.08,279.24,16600.23,344.70
242623.67,279.32,16567.04,344.76
242623.67,279.32,16567.04,344.76
243343.63,279.26,16600.23,344.70
242144.77,279.36,16533.87,344.82
242623.67,279.32,16467.58,344.94
242144.77,279.36,16467.58,344.94
243343.63,279.26,16567.04,344.76
243103.47,279.28,16600.23,344.70
244065.55,279.21,16699.92,344.52
245031.08,279.13,16733.18,344.46
244789.34,279.15,16766.47,344.40
245515.11,279.09,16666.67,344.58
245515.11,279.09,16600.23,344.70
247459.91,278.93,16600.23,344.70
247459.91,278.93,16600.23,344.70
248682.45,278.84,16600.23,344.70
248682.45,278.84,16600.23,344.70
248682.45,278.84,16567.04,344.76
248682.45,278.84,16500.71,344.88
249418.64,278.78,16666.67,344.58
249664.41,278.76,16699.92,344.52
249172.98,278.80,16467.58,344.94
249172.98,278.80,16500.71,344.88
249172.98,278.80,16533.87,344.82
249664.41,278.76,16533.87,344.82
249418.64,278.78,16533.87,344.82
249664.41,278.76,16467.58,344.94
249910.50,278.74,16533.87,344.82
249910.50,278.74,16434.46,345.00
250156.72,278.72,16467.58,344.94
250896.86,278.66,16467.58,344.94
249910.50,278.74,16533.87,344.82
255128.77,278.33,16733.18,344.46
250156.72,278.72,16600.23,344.70
251391.41,278.62,16533.87,344.82
251391.41,278.62,16567.04,344.76
250896.86,278.66,16533.87,344.82
250156.72,278.72,16533.87,344.82
251144.00,278.64,16467.58,344.94
250156.72,278.72,16567.04,344.76
250156.72,278.72,16533.87,344.82
248682.45,278.84,16500.71,344.88
248927.63,278.82,16666.67,344.58
249418.64,278.78,16302.19,345.24
248682.45,278.84,16567.04,344.76
247459.91,278.93,16666.67,344.58
247216.03,278.95,16600.23,344.70
245515.11,279.09,16600.23,344.70
245272.97,279.11,16699.92,344.52
245515.11,279.09,16733.18,344.46
245031.08,279.13,16733.18,344.46
244789.34,279.15,16699.92,344.52
245031.08,279.13,16799.77,344.34
244789.34,279.15,16833.10,344.28
242623.67,279.32,16733.18,344.46
244547.91,279.17,16833.10,344.28
244547.91,279.17,16866.44,344.22
244547.91,279.17,16766.47,344.40
244065.55,279.21,16799.77,344.34
244547.91,279.17,16799.77,344.34
243584.08,279.24,16799.77,344.34
243103.47,279.28,16799.77,344.34
244065.55,279.21,16833.10,344.28
243584.08,279.24,16833.10,344.28
243584.08,279.24,16833.10,344.28
243824.70,279.22,16269.17,345.31
243343.63,279.26,16899.80,344.16
243103.47,279.28,16899.80,344.16
242863.44,279.30,16799.77,344.34
244065.55,279.21,16699.92,344.52
243343.63,279.26,16600.23,344.70
242623.67,279.32,16567.04,344.76
243584.08,279.24,16600.23,344.70
243584.08,279.24,16666.67,344.58
241905.61,279.38,16666.67,344.58
242623.67,279.32,16666.67,344.58
242623.67,279.32,16733.18,344.46
244065.55,279.21,16899.80,344.16
242623.67,279.32,16733.18,344.46
243103.47,279.28,16766.47,344.40
244065.55,279.21,16766.47,344.40
244065.55,279.21,16766.47,344.40
243343.63,279.26,16833.10,344.28
242623.67,279.32,16799.77,344.34
243584.08,279.24,16799.77,344.34
243343.63,279.26,16833.10,344.28
242623.67,279.32,16799.77,344.34
243103.47,279.28,16799.77,344.34
243103.47,279.28,16833.10,344.28
242384.09,279.34,16899.80,344.16
242623.67,279.32,16833.10,344.28
242623.67,279.32,16866.44,344.22
243103.47,279.28,16866.44,344.22
242384.09,279.34,16899.80,344.16
244547.91,279.17,16799.77,344.34
242384.09,279.34,16799.77,344.34
243103.47,279.28,16866.44,344.22
244065.55,279.21,16833.10,344.28
242384.09,279.34,16799.77,344.34
242623.67,279.32,16866.44,344.22
242623.67,279.32,16799.77,344.34
242623.67,279.32,16799.77,344.34
242623.67,279.32,16666.67,344.58
242623.67,279.32,16600.23,344.70
242144.77,279.36,16600.23,344.70
241905.61,279.38,16567.04,344.76
242384.09,279.34,16666.67,344.58
243584.08,279.24,16699.92,344.52
241666.69,279.40,16733.18,344.46
242144.77,279.36,16799.77,344.34
244065.55,279.21,16799.77,344.34
243584.08,279.24,16699.92,344.52
243584.08,279.24,16733.18,344.46
243343.63,279.26,16833.10,344.28
243584.08,279.24,16733.18,344.46
243343.63,279.26,16833.10,344.28
244065.55,279.21,16899.80,344.16
239525.67,279.58,16866.44,344.22
244065.55,279.21,16833.10,344.28
243824.70,279.22,16833.10,344.28
242623.67,279.32,16866.44,344.22
243584.08,279.24,16833.10,344.28
244065.55,279.21,16899.80,344.16
243343.63,279.26,16866.44,344.22
243343.63,279.26,16899.80,344.16
244789.34,279.15,16899.80,344.16
244789.34,279.15,16899.80,344.16
245515.11,279.09,16866.44,344.22
246485.78,279.01,16899.80,344.16
247948.28,278.89,16899.80,344.16
248192.75,278.87,16899.80,344.16
248192.75,278.87,16899.80,344.16
248927.63,278.82,16899.80,344.16
248927.63,278.82,16866.44,344.22
249418.64,278.78,16899.80,344.16
249418.64,278.78,16899.80,344.16
250403.23,278.70,16866.44,344.22
251144.00,278.64,16799.77,344.34
251144.00,278.64,16766.47,344.40
250896.86,278.66,16766.47,344.40
250156.72,278.72,16799.77,344.34
251638.95,278.60,16733.18,344.46
251886.81,278.58,16833.10,344.28
251391.41,278.62,16833.10,344.28
252134.83,278.56,16799.77,344.34
251391.41,278.62,16799.77,344.34
252134.83,278.56,16866.44,344.22
252134.83,278.56,16866.44,344.22
251391.41,278.62,16799.77,344.34
252631.58,278.53,16833.10,344.28
251886.81,278.58,16833.10,344.28
252631.58,278.53,16799.77,344.34
249910.50,278.74,16799.77,344.34
248682.45,278.84,16799.77,344.34
248927.63,278.82,16833.10,344.28
247948.28,278.89,16833.10,344.28
248437.52,278.86,16833.10,344.28
247459.91,278.93,16866.44,344.22
247216.03,278.95,16866.44,344.22
246000.03,279.05,16799.77,344.34
246000.03,279.05,16833.10,344.28
244789.34,279.15,16799.77,344.34
245031.08,279.13,16799.77,344.34
246000.03,279.05,16699.92,344.52
245031.08,279.13,16799.77,344.34
245272.97,279.11,16799.77,344.34
244789.34,279.15,16899.80,344.16
244789.34,279.15,16833.10,344.28
244789.34,279.15,16833.10,344.28
244065.55,279.21,16899.80,344.16
244547.91,279.17,16899.80,344.16
243584.08,279.24,16899.80,344.16
244547.91,279.17,16899.80,344.16
244065.55,279.21,16766.47,344.40
244789.34,279.15,16269.17,345.31
243584.08,279.24,16899.80,344.16
244065.55,279.21,16833.10,344.28
243584.08,279.24,16833.10,344.28
244306.59,279.19,16833.10,344.28
244789.34,279.15,16866.44,344.22
244065.55,279.21,16833.10,344.28
244306.59,279.19,16866.44,344.22
243824.70,279.22,16733.18,344.46
243824.70,279.22,16799.77,344.34
244306.59,279.19,16269.17,345.31
245515.11,279.09,16203.18,345.43
244547.91,279.17,16600.23,344.70
244306.59,279.19,16600.23,344.70
245031.08,279.13,16666.67,344.58
246000.03,279.05,16699.92,344.52
247216.03,278.95,16699.92,344.52
248192.75,278.87,16699.92,344.52
247459.91,278.93,16699.92,344.52
247459.91,278.93,16733.18,344.46
248192.75,278.87,16699.92,344.52
248682.45,278.84,16567.04,344.76
250403.23,278.70,16269.17,345.31
248927.63,278.82,16600.23,344.70
249910.50,278.74,16467.58,344.94
249910.50,278.74,16567.04,344.76
249910.50,278.74,16567.04,344.76
251391.41,278.62,16533.87,344.82
251886.81,278.58,16600.23,344.70
250403.23,278.70,16633.44,344.64
250403.23,278.70,16600.23,344.70
252134.83,278.56,16600.23,344.70
251391.41,278.62,16733.18,344.46
252631.58,278.53,16600.23,344.70
247459.91,278.93,16071.43,345.68
250649.92,278.68,16699.92,344.52
249418.64,278.78,16699.92,344.52
248682.45,278.84,16666.67,344.58
247948.28,278.89,16733.18,344.46
247948.28,278.89,16733.18,344.46
246972.41,278.97,16799.77,344.34
246485.78,279.01,16799.77,344.34
246242.77,279.03,16833.10,344.28
245757.44,279.07,16799.77,344.34
245515.11,279.09,16203.18,345.43
246000.03,279.05,16899.80,344.16
245031.08,279.13,16899.80,344.16
245031.08,279.13,16866.44,344.22
244789.34,279.15,16799.77,344.34
245515.11,279.09,16866.44,344.22
245031.08,279.13,16833.10,344.28
244789.34,279.15,16866.44,344.22
244789.34,279.15,16866.44,344.22
244547.91,279.17,16866.44,344.22
244789.34,279.15,16899.80,344.16
244547.91,279.17,16899.80,344.16
243584.08,279.24,16600.23,344.70
244547.91,279.17,16966.58,344.04
244306.59,279.19,16899.80,344.16
244789.34,279.15,16899.80,344.16
243343.63,279.26,16899.80,344.16
243824.70,279.22,16899.80,344.16
244065.55,279.21,16899.80,344.16
244547.91,279.17,16899.80,344.16
244306.59,279.19,16899.80,344.16
244065.55,279.21,16899.80,344.16
243343.63,279.26,16899.80,344.16
243343.63,279.26,17402.52,343.28
242144.77,279.36,17133.87,343.75
244065.55,279.21,16966.58,344.04
244065.55,279.21,16933.18,344.10
244065.55,279.21,16933.18,344.10
243343.63,279.26,16899.80,344.16
242623.67,279.32,16899.80,344.16
244547.91,279.17,16866.44,344.22
244306.59,279.19,16866.44,344.22
243343.63,279.26,16766.47,344.40
243343.63,279.26,16733.18,344.46
244306.59,279.19,16733.18,344.46
243584.08,279.24,17133.87,343.75
241427.92,279.42,16666.67,344.58
244306.59,279.19,16600.23,344.70
244065.55,279.21,16533.87,344.82
244065.55,279.21,16467.58,344.94
244065.55,279.21,16434.46,345.00
243824.70,279.22,16467.58,344.94
243824.70,279.22,16467.58,344.94
243584.08,279.24,16600.23,344.70
244065.55,279.21,16567.04,344.76
243584.08,279.24,16600.23,344.70
244065.55,279.21,16666.67,344.58
243824.70,279.22,16467.58,344.94
243343.63,279.26,16733.18,344.46
243343.63,279.26,16567.04,344.76
242623.67,279.32,16500.71,344.88
244065.55,279.21,16533.87,344.82
243343.63,279.26,16533.87,344.82
244065.55,279.21,16567.04,344.76
243103.47,279.28,16600.23,344.70
244065.55,279.21,16699.92,344.52
243584.08,279.24,16666.67,344.58
244065.55,279.21,16799.77,344.34
246242.77,279.03,16899.80,344.16
244789.34,279.15,16833.10,344.28
245515.11,279.09,16733.18,344.46
246000.03,279.05,16733.18,344.46
246972.41,278.97,16699.92,344.52
246242.77,279.03,16733.18,344.46
248682.45,278.84,16799.77,344.34
248682.45,278.84,16833.10,344.28
248437.52,278.86,16866.44,344.22
249172.98,278.80,16833.10,344.28
249664.41,278.76,16899.80,344.16
250156.72,278.72,16666.67,344.58
250156.72,278.72,16899.80,344.16
250403.23,278.70,16899.80,344.16
249172.98,278.80,16899.80,344.16
251391.41,278.62,16899.80,344.16
251144.00,278.64,16899.80,344.16
251638.95,278.60,16899.80,344.16
250403.23,278.70,16899.80,344.16
252134.83,278.56,16899.80,344.16
251391.41,278.62,16899.80,344.16
251391.41,278.62,16899.80,344.16
249910.50,278.74,16733.18,344.46
252631.58,278.53,16170.21,345.49
249910.50,278.74,16899.80,344.16
249664.41,278.76,16899.80,344.16
248927.63,278.82,16933.18,344.10
248927.63,278.82,16899.80,344.16
248682.45,278.84,16899.80,344.16
248927.63,278.82,16899.80,344.16
247459.91,278.93,16933.18,344.10
247459.91,278.93,16933.18,344.10
246000.03,279.05,16899.80,344.16
246972.41,278.97,16899.80,344.16
245515.11,279.09,16899.80,344.16
245031.08,279.13,16933.18,344.10
244789.34,279.15,16899.80,344.16
245031.08,279.13,16899.80,344.16
245272.97,279.11,16899.80,344.16
245031.08,279.13,16899.80,344.16
245031.08,279.13,16899.80,344.16
244789.34,279.15,16899.80,344.16
244789.34,279.15,16899.80,344.16
245031.08,279.13,16899.80,344.16
246000.03,279.05,16866.44,344.22
245031.08,279.13,16600.23,344.70
245031.08,279.13,16933.18,344.10
244789.34,279.15,16866.44,344.22
244789.34,279.15,16899.80,344.16
245031.08,279.13,16866.44,344.22
244789.34,279.15,16899.80,344.16
244065.55,279.21,16866.44,344.22
243343.63,279.26,16866.44,344.22
243584.08,279.24,16899.80,344.16
244789.34,279.15,16899.80,344.16
244306.59,279.19,16899.80,344.16
243584.08,279.24,16966.58,344.04
244065.55,279.21,16966.58,344.04
244547.91,279.17,16899.80,344.16
244065.55,279.21,16899.80,344.16
244065.55,279.21,16899.80,344.16
243584.08,279.24,16899.80,344.16
243824.70,279.22,16899.80,344.16
243824.70,279.22,16899.80,344.16
244065.55,279.21,16899.80,344.16
244306.59,279.19,16933.18,344.10
244306.59,279.19,16866.44,344.22
243343.63,279.26,16866.44,344.22
241905.61,279.38,16866.44,344.22
240713.03,279.48,16766.47,344.40
244789.34,279.15,16633.44,344.64
243103.47,279.28,16666.67,344.58
243343.63,279.26,16666.67,344.58
244065.55,279.21,16699.92,344.52
244065.55,279.21,16533.87,344.82
244547.91,279.17,16600.23,344.70
243343.63,279.26,16600.23,344.70
243103.47,279.28,16533.87,344.82
242623.67,279.32,16600.23,344.70
242623.67,279.32,16966.58,344.04
242623.67,279.32,16533.87,344.82
243343.63,279.26,16666.67,344.58
243343.63,279.26,16699.92,344.52
243584.08,279.24,16699.92,344.52
243343.63,279.26,16666.67,344.58
244547.91,279.17,16600.23,344.70
243103.47,279.28,16600.23,344.70
243584.08,279.24,16533.87,344.82
244065.55,279.21,16600.23,344.70
243343.63,279.26,16733.18,344.46
242623.67,279.32,16899.80,344.16
244789.34,279.15,16766.47,344.40
243343.63,279.26,16799.77,344.34
243343.63,279.26,16733.18,344.46
243103.47,279.28,16733.18,344.46
243584.08,279.24,16733.18,344.46
244789.34,279.15,16766.47,344.40
244789.34,279.15,16733.18,344.46
245272.97,279.11,16799.77,344.34
246000.03,279.05,16799.77,344.34
247459.91,278.93,16733.18,344.46
247459.91,278.93,16699.92,344.52
248437.52,278.86,16833.10,344.28
247948.28,278.89,16600.23,344.70
248927.63,278.82,16733.18,344.46
249910.50,278.74,16866.44,344.22
249910.50,278.74,16799.77,344.34
250156.72,278.72,16833.10,344.28
249418.64,278.78,16799.77,344.34
250896.86,278.66,16866.44,344.22
251144.00,278.64,16866.44,344.22
251886.81,278.58,16866.44,344.22
251886.81,278.58,16899.80,344.16
250896.86,278.66,16038.54,345.74
255630.94,278.29,16699.92,344.52
252134.83,278.56,16899.80,344.16
250896.86,278.66,16666.67,344.58
251886.81,278.58,16733.18,344.46
252383.11,278.55,16567.04,344.76
252134.83,278.56,16733.18,344.46
252383.11,278.55,16600.23,344.70
252383.11,278.55,16600.23,344.70
250896.86,278.66,16666.67,344.58
251638.95,278.60,16600.23,344.70
251144.00,278.64,16567.04,344.76
248437.52,278.86,16467.58,344.94
248927.63,278.82,16368.29,345.12
248682.45,278.84,16401.37,345.06
248437.52,278.86,16434.46,345.00
247459.91,278.93,16467.58,344.94
246485.78,279.01,16434.46,345.00
246242.77,279.03,16401.37,345.06
246485.78,279.01,16401.37,345.06
245515.11,279.09,16368.29,345.12
245515.11,279.09,16401.37,345.06
245272.97,279.11,16533.87,344.82
245272.97,279.11,16600.23,344.70
244789.34,279.15,16368.29,345.12
244789.34,279.15,16467.58,344.94
244547.91,279.17,16467.58,344.94
244789.34,279.15,16467.58,344.94
244789.34,279.15,16434.46,345.00
244789.34,279.15,16434.46,345.00
244306.59,279.19,16434.46,345.00
244065.55,279.21,16368.29,345.12
244547.91,279.17,16434.46,345.00
244547.91,279.17,16500.71,344.88
244547.91,279.17,16302.19,345.24
238815.80,279.64,15972.81,345.86
243824.70,279.22,16401.37,345.06
244065.55,279.21,16533.87,344.82
244547.91,279.17,16633.44,344.64
244789.34,279.15,16666.67,344.58
244065.55,279.21,16600.23,344.70
244065.55,279.21,16666.67,344.58
243824.70,279.22,16699.92,344.52
244306.59,279.19,16733.18,344.46
244547.91,279.17,16666.67,344.58
243343.63,279.26,16799.77,344.34
243343.63,279.26,16799.77,344.34
245515.11,279.09,16899.80,344.16
244065.55,279.21,16733.18,344.46
243824.70,279.22,16833.10,344.28
243343.63,279.26,16766.47,344.40
244547.91,279.17,16766.47,344.40
243343.63,279.26,16699.92,344.52
244065.55,279.21,16699.92,344.52
243103.47,279.28,16666.67,344.58
244306.59,279.19,16733.18,344.46
243103.47,279.28,16699.92,344.52
243343.63,279.26,16766.47,344.40
243584.08,279.24,16600.23,344.70
243584.08,279.24,16799.77,344.34
244065.55,279.21,16666.67,344.58
243584.08,279.24,16733.18,344.46
244065.55,279.21,16799.77,344.34
244065.55,279.21,16799.77,344.34
244547.91,279.17,16799.77,344.34
244065.55,279.21,16666.67,344.58
243584.08,279.24,16666.67,344.58
244306.59,279.19,16600.23,344.70
244547.91,279.17,16269.17,345.31
242144.77,279.36,16733.18,344.46
244065.55,279.21,16533.87,344.82
243584.08,279.24,16600.23,344.70
244065.55,279.21,16600.23,344.70
243584.08,279.24,16500.71,344.88
243584.08,279.24,16434.46,345.00
244065.55,279.21,16467.58,344.94
244065.55,279.21,16434.46,345.00
244065.55,279.21,16533.87,344.82
244065.55,279.21,16467.58,344.94
244065.55,279.21,16600.23,344.70
242144.77,279.36,17234.47,343.57
243584.08,279.24,16467.58,344.94
244547.91,279.17,16567.04,344.76
243824.70,279.22,16567.04,344.76
244306.59,279.19,16600.23,344.70
243584.08,279.24,16567.04,344.76
244306.59,279.19,16533.87,344.82
244065.55,279.21,16567.04,344.76
244306.59,279.19,16467.58,344.94
244065.55,279.21,16533.87,344.82
244547.91,279.17,16401.37,345.06
244547.91,279.17,16733.18,344.46
244306.59,279.19,16533.87,344.82
244789.34,279.15,16467.58,344.94
244789.34,279.15,16401.37,345.06
245031.08,279.13,16467.58,344.94
246242.77,279.03,16434.46,345.00
246242.77,279.03,16467.58,344.94
247459.91,278.93,16567.04,344.76
247948.28,278.89,16533.87,344.82
248682.45,278.84,16600.23,344.70
246485.78,279.01,16899.80,344.16
249418.64,278.78,16699.92,344.52
253378.41,278.47,16699.92,344.52
251391.41,278.62,16600.23,344.70
247459.91,278.93,16699.92,344.52
251391.41,278.62,16666.67,344.58
250403.23,278.70,16799.77,344.34
251886.81,278.58,16799.77,344.34
252383.11,278.55,16866.44,344.22
250896.86,278.66,16899.80,344.16
251391.41,278.62,16899.80,344.16
251144.00,278.64,16866.44,344.22
251391.41,278.62,16799.77,344.34
252631.58,278.53,16368.29,345.12
251391.41,278.62,16666.67,344.58
252383.11,278.55,16733.18,344.46
252383.11,278.55,16866.44,344.22
252134.83,278.56,16833.10,344.28
252134.83,278.56,16866.44,344.22
252880.31,278.51,16467.58,344.94
252383.11,278.55,16899.80,344.16
252383.11,278.55,16899.80,344.16
252880.31,278.51,16866.44,344.22
253378.41,278.47,16699.92,344.52
251638.95,278.60,16038.54,345.74
251638.95,278.60,16799.77,344.34
252134.83,278.56,16799.77,344.34
252631.58,278.53,16833.10,344.28
252631.58,278.53,16833.10,344.28
251886.81,278.58,16866.44,344.22
252383.11,278.55,16899.80,344.16
252134.83,278.56,16899.80,344.16
252383.11,278.55,16899.80,344.16
252631.58,278.53,16899.80,344.16
252631.58,278.53,16866.44,344.22
251886.81,278.58,16899.80,344.16
252134.83,278.56,16899.80,344.16
252631.58,278.53,16899.80,344.16
252631.58,278.53,16899.80,344.16
252383.11,278.55,16866.44,344.22
252383.11,278.55,16899.80,344.16
250156.72,278.72,16899.80,344.16
251638.95,278.60,16899.80,344.16
252383.11,278.55,16933.18,344.10
252134.83,278.56,16899.80,344.16
251391.41,278.62,16899.80,344.16
252383.11,278.55,16899.80,344.16
252631.58,278.53,16899.80,344.16
252134.83,278.56,16866.44,344.22
252383.11,278.55,16899.80,344.16
252631.58,278.53,16833.10,344.28
252631.58,278.53,16733.18,344.46
252134.83,278.56,16600.23,344.70
254377.27,278.39,16600.23,344.70
252631.58,278.53,16567.04,344.76
252383.11,278.55,16600.23,344.70
252631.58,278.53,16600.23,344.70
252631.58,278.53,16666.67,344.58
252631.58,278.53,16766.47,344.40
252631.58,278.53,16899.80,344.16
252134.83,278.56,16766.47,344.40
252631.58,278.53,16666.67,344.58
252631.58,278.53,16733.18,344.46
252631.58,278.53,16766.47,344.40
252631.58,278.53,16699.92,344.52
252631.58,278.53,16733.18,344.46
252383.11,278.55,16666.67,344.58
252134.83,278.56,16600.23,344.70
252383.11,278.55,16567.04,344.76
251391.41,278.62,16833.10,344.28
252631.58,278.53,16766.47,344.40
252134.83,278.56,16600.23,344.70
252383.11,278.55,16733.18,344.46
252631.58,278.53,16600.23,344.70
251886.81,278.58,16467.58,344.94
252383.11,278.55,16434.46,345.00
251391.41,278.62,16401.37,345.06
252631.58,278.53,16401.37,345.06
248927.63,278.82,16467.58,344.94
250403.23,278.70,16500.71,344.88
251886.81,278.58,16467.58,344.94
250896.86,278.66,16600.23,344.70
251144.00,278.64,16533.87,344.82
251144.00,278.64,16567.04,344.76
247948.28,278.89,16799.77,344.34
249172.98,278.80,16733.18,344.46
248437.52,278.86,16699.92,344.52
247459.91,278.93,16799.77,344.34
249172.98,278.80,16766.47,344.40
246972.41,278.97,16766.47,344.40
246242.77,279.03,16733.18,344.46
246485.78,279.01,16699.92,344.52
245515.11,279.09,16733.18,344.46
244789.34,279.15,16766.47,344.40
244065.55,279.21,16833.10,344.28
245031.08,279.13,16733.18,344.46
245031.08,279.13,16833.10,344.28
246000.03,279.05,16866.44,344.22
245272.97,279.11,16866.44,344.22
244789.34,279.15,16833.10,344.28
244789.34,279.15,16866.44,344.22
244547.91,279.17,16866.44,344.22
244547.91,279.17,16833.10,344.28
244789.34,279.15,16866.44,344.22
245272.97,279.11,16933.18,344.10
244065.55,279.21,16899.80,344.16
244306.59,279.19,16899.80,344.16
243584.08,279.24,16899.80,344.16
244789.34,279.15,16833.10,344.28
243584.08,279.24,16799.77,344.34
243824.70,279.22,16600.23,344.70
244065.55,279.21,16699.92,344.52
243343.63,279.26,16766.47,344.40
243584.08,279.24,16799.77,344.34
240951.11,279.46,16899.80,344.16
243343.63,279.26,16799.77,344.34
243584.08,279.24,16866.44,344.22
240475.14,279.50,17000.00,343.98
245515.11,279.09,16866.44,344.22
243584.08,279.24,16866.44,344.22
243584.08,279.24,16038.54,345.74
243824.70,279.22,17200.92,343.63
243343.63,279.26,16899.80,344.16
243584.08,279.24,16899.80,344.16
245272.97,279.11,16666.67,344.58
244065.55,279.21,16799.77,344.34
242623.67,279.32,16899.80,344.16
242144.77,279.36,16866.44,344.22
244065.55,279.21,16899.80,344.16
243824.70,279.22,16866.44,344.22
244306.59,279.19,16899.80,344.16
243103.47,279.28,16899.80,344.16
243103.47,279.28,16933.18,344.10
241666.69,279.40,16799.77,344.34
244065.55,279.21,16799.77,344.34
242623.67,279.32,16899.80,344.16
242384.09,279.34,16866.44,344.22
244547.91,279.17,16699.92,344.52
244789.34,279.15,16567.04,344.76
245515.11,279.09,16766.47,344.40
246242.77,279.03,16799.77,344.34
247459.91,278.93,16799.77,344.34
247216.03,278.95,16567.04,344.76
247459.91,278.93,16533.87,344.82
250156.72,278.72,16866.44,344.22
248192.75,278.87,16699.92,344.52
249172.98,278.80,16666.67,344.58
248437.52,278.86,16899.80,344.16
248682.45,278.84,16899.80,344.16
249418.64,278.78,16666.67,344.58
250403.23,278.70,16666.67,344.58
250156.72,278.72,16733.18,344.46
250649.92,278.68,16799.77,344.34
251144.00,278.64,16733.18,344.46
252880.31,278.51,16434.46,345.00
252383.11,278.55,16866.44,344.22
249664.41,278.76,16733.18,344.46
249172.98,278.80,16567.04,344.76
248682.45,278.84,17133.87,343.75
248437.52,278.86,16733.18,344.46
248192.75,278.87,16699.92,344.52
247459.91,278.93,16533.87,344.82
247459.91,278.93,16533.87,344.82
246242.77,279.03,16467.58,344.94
244547.91,279.17,16467.58,344.94
245272.97,279.11,16567.04,344.76
243824.70,279.22,16533.87,344.82
244789.34,279.15,17066.90,343.87
245757.44,279.07,16666.67,344.58
244789.34,279.15,16600.23,344.70
244789.34,279.15,16666.67,344.58
244789.34,279.15,16666.67,344.58
244547.91,279.17,16600.23,344.70
244547.91,279.17,16567.04,344.76
241666.69,279.40,16533.87,344.82
243584.08,279.24,16699.92,344.52
243584.08,279.24,16699.92,344.52
244789.34,279.15,16567.04,344.76
243343.63,279.26,16203.18,345.43
244547.91,279.17,16666.67,344.58
244065.55,279.21,16600.23,344.70
243343.63,279.26,16600.23,344.70
244065.55,279.21,16600.23,344.70
244547.91,279.17,16567.04,344.76
248192.75,278.87,16368.29,345.12
245031.08,279.13,16600.23,344.70
248192.75,278.87,16633.44,344.64
247948.28,278.89,16799.77,344.34
248192.75,278.87,16866.44,344.22
248927.63,278.82,16699.92,344.52
248437.52,278.86,16699.92,344.52
249172.98,278.80,16699.92,344.52
249172.98,278.80,16733.18,344.46
250156.72,278.72,16699.92,344.52
252631.58,278.53,16170.21,345.49
249910.50,278.74,16533.87,344.82
251391.41,278.62,16600.23,344.70
249910.50,278.74,16467.58,344.94
251391.41,278.62,16567.04,344.76
251391.41,278.62,16699.92,344.52
252880.31,278.51,16401.37,345.06
251886.81,278.58,16600.23,344.70
252134.83,278.56,16600.23,344.70
251144.00,278.64,16600.23,344.70
253627.73,278.45,16302.19,345.24
251391.41,278.62,16699.92,344.52
251391.41,278.62,16699.92,344.52
252383.11,278.55,16833.10,344.28
251391.41,278.62,16567.04,344.76
251638.95,278.60,16699.92,344.52
252383.11,278.55,16600.23,344.70
252134.83,278.56,16733.18,344.46
254377.27,278.39,16533.87,344.82
251638.95,278.60,16699.92,344.52
249910.50,278.74,16401.37,345.06
252631.58,278.53,16368.29,345.12
250896.86,278.66,16533.87,344.82
250896.86,278.66,16368.29,345.12
252383.11,278.55,16401.37,345.06
252383.11,278.55,16467.58,344.94
250896.86,278.66,16434.46,345.00
251886.81,278.58,16467.58,344.94
252383.11,278.55,16567.04,344.76
252880.31,278.51,16533.87,344.82
252880.31,278.51,16368.29,345.12
251144.00,278.64,16368.29,345.12
252631.58,278.53,16368.29,345.12
250156.72,278.72,16500.71,344.88
251886.81,278.58,16500.71,344.88
251391.41,278.62,16567.04,344.76
251886.81,278.58,16600.23,344.70
251391.41,278.62,16600.23,344.70
252383.11,278.55,16699.92,344.52
252383.11,278.55,16733.18,344.46
256385.91,278.24,16203.18,345.43
251886.81,278.58,16533.87,344.82
252383.11,278.55,16733.18,344.46
251391.41,278.62,16600.23,344.70
247948.28,278.89,16766.47,344.40
254127.19,278.41,16699.92,344.52
252134.83,278.56,16600.23,344.70
251886.81,278.58,16567.04,344.76
252134.83,278.56,16533.87,344.82
252631.58,278.53,16567.04,344.76
248682.45,278.84,16899.80,344.16
251144.00,278.64,16600.23,344.70
252383.11,278.55,16203.18,345.43
252631.58,278.53,16699.92,344.52
255128.77,278.33,16467.58,344.94
255379.77,278.31,16500.71,344.88
252134.83,278.56,16434.46,345.00
252134.83,278.56,16533.87,344.82
252134.83,278.56,16434.46,345.00
252134.83,278.56,16467.58,344.94
253877.38,278.43,16236.16,345.37
254377.27,278.39,16467.58,344.94
251638.95,278.60,16434.46,345.00
252383.11,278.55,16533.87,344.82
255379.77,278.31,16071.43,345.68
255379.77,278.31,15939.98,345.92
252134.83,278.56,16467.58,344.94
252134.83,278.56,16533.87,344.82
251886.81,278.58,16567.04,344.76
251886.81,278.58,16533.87,344.82
249172.98,278.80,16600.23,344.70
254377.27,278.39,16368.29,345.12
252631.58,278.53,16401.37,345.06
250896.86,278.66,16467.58,344.94
248927.63,278.82,16899.80,344.16
255128.77,278.33,16368.29,345.12
252631.58,278.53,16434.46,345.00
252631.58,278.53,16434.46,345.00
252383.11,278.55,16500.71,344.88
252631.58,278.53,16567.04,344.76
252631.58,278.53,16500.71,344.88
249418.64,278.78,16699.92,344.52
250403.23,278.70,16500.71,344.88
252880.31,278.51,16467.58,344.94
251886.81,278.58,16733.18,344.46
252631.58,278.53,16666.67,344.58
252631.58,278.53,17000.00,343.98
251391.41,278.62,16866.44,344.22
252383.11,278.55,16733.18,344.46
252631.58,278.53,16766.47,344.40
251886.81,278.58,16799.77,344.34
254377.27,278.39,16766.47,344.40
251886.81,278.58,16799.77,344.34
251144.00,278.64,16933.18,344.10
252383.11,278.55,16899.80,344.16
252134.83,278.56,16866.44,344.22
252134.83,278.56,16899.80,344.16
251886.81,278.58,16368.29,345.12
249418.64,278.78,16866.44,344.22
251886.81,278.58,16799.77,344.34
249910.50,278.74,16733.18,344.46
247216.03,278.95,16933.18,344.10
251886.81,278.58,16733.18,344.46
247703.95,278.91,16833.10,344.28
248192.75,278.87,16699.92,344.52
249664.41,278.76,16733.18,344.46
244789.34,279.15,16899.80,344.16
246242.77,279.03,16533.87,344.82
245757.44,279.07,16899.80,344.16
245757.44,279.07,16467.58,344.94
245515.11,279.09,16600.23,344.70
248682.45,278.84,16533.87,344.82
248682.45,278.84,16766.47,344.40
247459.91,278.93,16699.92,344.52
247948.28,278.89,16833.10,344.28
250156.72,278.72,16833.10,344.28
250896.86,278.66,16733.18,344.46
248682.45,278.84,16699.92,344.52
248682.45,278.84,16500.71,344.88
249172.98,278.80,16335.23,345.18
248682.45,278.84,16666.67,344.58
251886.81,278.58,16335.23,345.18
248927.63,278.82,16567.04,344.76
249664.41,278.76,16600.23,344.70
250156.72,278.72,16401.37,345.06
250896.86,278.66,16467.58,344.94
250403.23,278.70,16500.71,344.88
252880.31,278.51,16699.92,344.52
248682.45,278.84,17268.04,343.52
251144.00,278.64,16567.04,344.76
250403.23,278.70,16733.18,344.46
251144.00,278.64,16666.67,344.58
252631.58,278.53,16600.23,344.70
250896.86,278.66,16699.92,344.52
251391.41,278.62,16600.23,344.70
250403.23,278.70,16666.67,344.58
252134.83,278.56,16699.92,344.52
251391.41,278.62,167